[0.026s] Invoking command in '/home/abdelrhaman/microros_ws/build/statistics_msgs': AMENT_PREFIX_PATH=/home/abdelrhaman/microros_ws/install/builtin_interfaces:${AMENT_PREFIX_PATH} CMAKE_PREFIX_PATH=/home/abdelrhaman/microros_ws/install/builtin_interfaces:/home/abdelrhaman/ros/install/my_robot_controller:/opt/ros/humble LD_LIBRARY_PATH=/home/abdelrhaman/microros_ws/install/builtin_interfaces/lib:${LD_LIBRARY_PATH} PYTHONPATH=/home/abdelrhaman/microros_ws/install/builtin_interfaces/local/lib/python3.10/dist-packages:${PYTHONPATH} /usr/bin/cmake /home/abdelrhaman/microros_ws/src/ros2/rcl_interfaces/statistics_msgs -DCMAKE_INSTALL_PREFIX=/home/abdelrhaman/microros_ws/install/statistics_msgs
[0.040s] -- Found ament_cmake: 1.3.10 (/opt/ros/humble/share/ament_cmake/cmake)
[0.162s] -- Found builtin_interfaces: 1.2.1 (/home/abdelrhaman/microros_ws/install/builtin_interfaces/share/builtin_interfaces/cmake)
[0.176s] -- Found rosidl_generator_c: 3.1.5 (/opt/ros/humble/share/rosidl_generator_c/cmake)
[0.178s] -- Found rosidl_adapter: 3.1.5 (/opt/ros/humble/share/rosidl_adapter/cmake)
[0.182s] -- Found rosidl_generator_cpp: 3.1.5 (/opt/ros/humble/share/rosidl_generator_cpp/cmake)
[0.188s] -- Using all available rosidl_typesupport_c: rosidl_typesupport_fastrtps_c;rosidl_typesupport_introspection_c
[0.201s] -- Using all available rosidl_typesupport_cpp: rosidl_typesupport_fastrtps_cpp;rosidl_typesupport_introspection_cpp
[0.214s] -- Found rosidl_default_generators: 1.2.0 (/opt/ros/humble/share/rosidl_default_generators/cmake)
[0.415s] -- Found ament_cmake_ros: 0.10.0 (/opt/ros/humble/share/ament_cmake_ros/cmake)
[0.672s] -- Using all available rosidl_typesupport_c: rosidl_typesupport_fastrtps_c;rosidl_typesupport_introspection_c
[0.772s] -- Using all available rosidl_typesupport_cpp: rosidl_typesupport_fastrtps_cpp;rosidl_typesupport_introspection_cpp
[0.791s] -- Found python_cmake_module: 0.10.0 (/opt/ros/humble/share/python_cmake_module/cmake)
[0.810s] -- Using PYTHON_EXECUTABLE: /usr/bin/python3
[0.810s] -- Using PYTHON_INCLUDE_DIRS: /usr/include/python3.10
[0.810s] -- Using PYTHON_LIBRARIES: /usr/lib/x86_64-linux-gnu/libpython3.10.so
[0.826s] -- Configuring done
[0.875s] -- Generating done
[0.877s] -- Build files have been written to: /home/abdelrhaman/microros_ws/build/statistics_msgs
[0.881s] Invoked command in '/home/abdelrhaman/microros_ws/build/statistics_msgs' returned '0': AMENT_PREFIX_PATH=/home/abdelrhaman/microros_ws/install/builtin_interfaces:${AMENT_PREFIX_PATH} CMAKE_PREFIX_PATH=/home/abdelrhaman/microros_ws/install/builtin_interfaces:/home/abdelrhaman/ros/install/my_robot_controller:/opt/ros/humble LD_LIBRARY_PATH=/home/abdelrhaman/microros_ws/install/builtin_interfaces/lib:${LD_LIBRARY_PATH} PYTHONPATH=/home/abdelrhaman/microros_ws/install/builtin_interfaces/local/lib/python3.10/dist-packages:${PYTHONPATH} /usr/bin/cmake /home/abdelrhaman/microros_ws/src/ros2/rcl_interfaces/statistics_msgs -DCMAKE_INSTALL_PREFIX=/home/abdelrhaman/microros_ws/install/statistics_msgs
[0.882s] Invoking command in '/home/abdelrhaman/microros_ws/build/statistics_msgs': AMENT_PREFIX_PATH=/home/abdelrhaman/microros_ws/install/builtin_interfaces:${AMENT_PREFIX_PATH} CMAKE_PREFIX_PATH=/home/abdelrhaman/microros_ws/install/builtin_interfaces:/home/abdelrhaman/ros/install/my_robot_controller:/opt/ros/humble LD_LIBRARY_PATH=/home/abdelrhaman/microros_ws/install/builtin_interfaces/lib:${LD_LIBRARY_PATH} PYTHONPATH=/home/abdelrhaman/microros_ws/install/builtin_interfaces/local/lib/python3.10/dist-packages:${PYTHONPATH} /usr/bin/cmake --build /home/abdelrhaman/microros_ws/build/statistics_msgs -- -j20 -l20
[0.919s] [35m[1mConsolidate compiler generated dependencies of target statistics_msgs__rosidl_generator_c[0m
[0.929s] [  2%] Built target statistics_msgs__cpp
[0.931s] [ 12%] Built target statistics_msgs__rosidl_generator_c
[0.938s] [35m[1mConsolidate compiler generated dependencies of target statistics_msgs__rosidl_typesupport_fastrtps_cpp[0m
[0.938s] [35m[1mConsolidate compiler generated dependencies of target statistics_msgs__rosidl_typesupport_fastrtps_c[0m
[0.938s] [ 14%] [34m[1mGenerating C++ type support dispatch for ROS interfaces[0m
[0.939s] [35m[1mConsolidate compiler generated dependencies of target statistics_msgs__rosidl_typesupport_introspection_c[0m
[0.940s] [ 17%] [34m[1mGenerating C type support dispatch for ROS interfaces[0m
[0.941s] [35m[1mConsolidate compiler generated dependencies of target statistics_msgs__rosidl_typesupport_introspection_cpp[0m
[0.942s] [ 17%] Built target ament_cmake_python_copy_statistics_msgs
[0.947s] [ 27%] Built target statistics_msgs__rosidl_typesupport_fastrtps_c
[0.950s] [ 38%] Built target statistics_msgs__rosidl_typesupport_introspection_c
[0.950s] [ 48%] Built target statistics_msgs__rosidl_typesupport_fastrtps_cpp
[0.955s] [ 59%] Built target statistics_msgs__rosidl_typesupport_introspection_cpp
[1.322s] [35m[1mConsolidate compiler generated dependencies of target statistics_msgs__rosidl_typesupport_c[0m
[1.330s] [ 61%] [32mBuilding CXX object CMakeFiles/statistics_msgs__rosidl_typesupport_c.dir/rosidl_typesupport_c/statistics_msgs/msg/statistic_data_point__type_support.cpp.o[0m
[1.330s] [ 63%] [32mBuilding CXX object CMakeFiles/statistics_msgs__rosidl_typesupport_c.dir/rosidl_typesupport_c/statistics_msgs/msg/statistic_data_type__type_support.cpp.o[0m
[1.330s] [ 65%] [32mBuilding CXX object CMakeFiles/statistics_msgs__rosidl_typesupport_c.dir/rosidl_typesupport_c/statistics_msgs/msg/metrics_message__type_support.cpp.o[0m
[1.374s] [ 68%] [32m[1mLinking CXX shared library libstatistics_msgs__rosidl_typesupport_c.so[0m
[1.416s] [35m[1mConsolidate compiler generated dependencies of target statistics_msgs__rosidl_typesupport_cpp[0m
[1.423s] [ 68%] Built target statistics_msgs__rosidl_typesupport_c
[1.426s] [ 70%] [32mBuilding CXX object CMakeFiles/statistics_msgs__rosidl_typesupport_cpp.dir/rosidl_typesupport_cpp/statistics_msgs/msg/metrics_message__type_support.cpp.o[0m
[1.428s] [ 72%] [32mBuilding CXX object CMakeFiles/statistics_msgs__rosidl_typesupport_cpp.dir/rosidl_typesupport_cpp/statistics_msgs/msg/statistic_data_point__type_support.cpp.o[0m
[1.429s] [ 74%] [32mBuilding CXX object CMakeFiles/statistics_msgs__rosidl_typesupport_cpp.dir/rosidl_typesupport_cpp/statistics_msgs/msg/statistic_data_type__type_support.cpp.o[0m
[1.528s] running egg_info
[1.599s] writing statistics_msgs.egg-info/PKG-INFO
[1.657s] writing dependency_links to statistics_msgs.egg-info/dependency_links.txt
[1.769s] [ 76%] [32m[1mLinking CXX shared library libstatistics_msgs__rosidl_typesupport_cpp.so[0m
[1.805s] [ 76%] Built target statistics_msgs__rosidl_typesupport_cpp
[1.828s] [ 76%] Built target statistics_msgs
[1.847s] [ 78%] Built target statistics_msgs__py
[1.857s] [35m[1mConsolidate compiler generated dependencies of target statistics_msgs__rosidl_generator_py[0m
[1.867s] [ 80%] [32m[1mLinking C shared library rosidl_generator_py/statistics_msgs/libstatistics_msgs__rosidl_generator_py.so[0m
[1.895s] [ 87%] Built target statistics_msgs__rosidl_generator_py
[1.904s] [35m[1mConsolidate compiler generated dependencies of target statistics_msgs__rosidl_typesupport_fastrtps_c__pyext[0m
[1.904s] [35m[1mConsolidate compiler generated dependencies of target statistics_msgs__rosidl_typesupport_introspection_c__pyext[0m
[1.904s] [35m[1mConsolidate compiler generated dependencies of target statistics_msgs__rosidl_typesupport_c__pyext[0m
[1.914s] [ 89%] [32m[1mLinking C shared library rosidl_generator_py/statistics_msgs/statistics_msgs_s__rosidl_typesupport_fastrtps_c.cpython-310-x86_64-linux-gnu.so[0m
[1.915s] [ 91%] [32m[1mLinking C shared library rosidl_generator_py/statistics_msgs/statistics_msgs_s__rosidl_typesupport_introspection_c.cpython-310-x86_64-linux-gnu.so[0m
[1.915s] [ 93%] [32m[1mLinking C shared library rosidl_generator_py/statistics_msgs/statistics_msgs_s__rosidl_typesupport_c.cpython-310-x86_64-linux-gnu.so[0m
[1.943s] writing top-level names to statistics_msgs.egg-info/top_level.txt
[1.946s] [ 97%] Built target statistics_msgs__rosidl_typesupport_introspection_c__pyext
[1.946s] [ 97%] Built target statistics_msgs__rosidl_typesupport_c__pyext
[1.953s] [100%] Built target statistics_msgs__rosidl_typesupport_fastrtps_c__pyext
[2.001s] reading manifest file 'statistics_msgs.egg-info/SOURCES.txt'
[2.001s] writing manifest file 'statistics_msgs.egg-info/SOURCES.txt'
[2.030s] [100%] Built target ament_cmake_python_build_statistics_msgs_egg
[2.042s] Invoked command in '/home/abdelrhaman/microros_ws/build/statistics_msgs' returned '0': AMENT_PREFIX_PATH=/home/abdelrhaman/microros_ws/install/builtin_interfaces:${AMENT_PREFIX_PATH} CMAKE_PREFIX_PATH=/home/abdelrhaman/microros_ws/install/builtin_interfaces:/home/abdelrhaman/ros/install/my_robot_controller:/opt/ros/humble LD_LIBRARY_PATH=/home/abdelrhaman/microros_ws/install/builtin_interfaces/lib:${LD_LIBRARY_PATH} PYTHONPATH=/home/abdelrhaman/microros_ws/install/builtin_interfaces/local/lib/python3.10/dist-packages:${PYTHONPATH} /usr/bin/cmake --build /home/abdelrhaman/microros_ws/build/statistics_msgs -- -j20 -l20
[2.101s] Invoking command in '/home/abdelrhaman/microros_ws/build/statistics_msgs': AMENT_PREFIX_PATH=/home/abdelrhaman/microros_ws/install/builtin_interfaces:${AMENT_PREFIX_PATH} CMAKE_PREFIX_PATH=/home/abdelrhaman/microros_ws/install/builtin_interfaces:/home/abdelrhaman/ros/install/my_robot_controller:/opt/ros/humble LD_LIBRARY_PATH=/home/abdelrhaman/microros_ws/install/builtin_interfaces/lib:${LD_LIBRARY_PATH} PYTHONPATH=/home/abdelrhaman/microros_ws/install/builtin_interfaces/local/lib/python3.10/dist-packages:${PYTHONPATH} /usr/bin/cmake --install /home/abdelrhaman/microros_ws/build/statistics_msgs
[2.107s] -- Install configuration: ""
[2.107s] -- Up-to-date: /home/abdelrhaman/microros_ws/install/statistics_msgs/share/ament_index/resource_index/rosidl_interfaces/statistics_msgs
[2.107s] -- Up-to-date: /home/abdelrhaman/microros_ws/install/statistics_msgs/include/statistics_msgs/statistics_msgs
[2.107s] -- Up-to-date: /home/abdelrhaman/microros_ws/install/statistics_msgs/include/statistics_msgs/statistics_msgs/msg
[2.107s] -- Up-to-date: /home/abdelrhaman/microros_ws/install/statistics_msgs/include/statistics_msgs/statistics_msgs/msg/rosidl_generator_c__visibility_control.h
[2.107s] -- Up-to-date: /home/abdelrhaman/microros_ws/install/statistics_msgs/include/statistics_msgs/statistics_msgs/msg/metrics_message.h
[2.107s] -- Up-to-date: /home/abdelrhaman/microros_ws/install/statistics_msgs/include/statistics_msgs/statistics_msgs/msg/statistic_data_point.h
[2.107s] -- Up-to-date: /home/abdelrhaman/microros_ws/install/statistics_msgs/include/statistics_msgs/statistics_msgs/msg/detail
[2.108s] -- Up-to-date: /home/abdelrhaman/microros_ws/install/statistics_msgs/include/statistics_msgs/statistics_msgs/msg/detail/statistic_data_point__struct.h
[2.108s] -- Up-to-date: /home/abdelrhaman/microros_ws/install/statistics_msgs/include/statistics_msgs/statistics_msgs/msg/detail/statistic_data_type__type_support.h
[2.108s] -- Up-to-date: /home/abdelrhaman/microros_ws/install/statistics_msgs/include/statistics_msgs/statistics_msgs/msg/detail/metrics_message__functions.h
[2.108s] -- Up-to-date: /home/abdelrhaman/microros_ws/install/statistics_msgs/include/statistics_msgs/statistics_msgs/msg/detail/metrics_message__functions.c
[2.108s] -- Up-to-date: /home/abdelrhaman/microros_ws/install/statistics_msgs/include/statistics_msgs/statistics_msgs/msg/detail/metrics_message__type_support.h
[2.108s] -- Up-to-date: /home/abdelrhaman/microros_ws/install/statistics_msgs/include/statistics_msgs/statistics_msgs/msg/detail/metrics_message__struct.h
[2.108s] -- Up-to-date: /home/abdelrhaman/microros_ws/install/statistics_msgs/include/statistics_msgs/statistics_msgs/msg/detail/statistic_data_type__functions.c
[2.108s] -- Up-to-date: /home/abdelrhaman/microros_ws/install/statistics_msgs/include/statistics_msgs/statistics_msgs/msg/detail/statistic_data_point__functions.h
[2.108s] -- Up-to-date: /home/abdelrhaman/microros_ws/install/statistics_msgs/include/statistics_msgs/statistics_msgs/msg/detail/statistic_data_point__functions.c
[2.109s] -- Up-to-date: /home/abdelrhaman/microros_ws/install/statistics_msgs/include/statistics_msgs/statistics_msgs/msg/detail/statistic_data_point__type_support.h
[2.109s] -- Up-to-date: /home/abdelrhaman/microros_ws/install/statistics_msgs/include/statistics_msgs/statistics_msgs/msg/detail/statistic_data_type__struct.h
[2.109s] -- Up-to-date: /home/abdelrhaman/microros_ws/install/statistics_msgs/include/statistics_msgs/statistics_msgs/msg/detail/statistic_data_type__functions.h
[2.109s] -- Up-to-date: /home/abdelrhaman/microros_ws/install/statistics_msgs/include/statistics_msgs/statistics_msgs/msg/statistic_data_type.h
[2.109s] -- Up-to-date: /home/abdelrhaman/microros_ws/install/statistics_msgs/share/statistics_msgs/environment/library_path.sh
[2.109s] -- Installing: /home/abdelrhaman/microros_ws/install/statistics_msgs/share/statistics_msgs/environment/library_path.dsv
[2.109s] -- Up-to-date: /home/abdelrhaman/microros_ws/install/statistics_msgs/lib/libstatistics_msgs__rosidl_generator_c.so
[2.109s] -- Up-to-date: /home/abdelrhaman/microros_ws/install/statistics_msgs/include/statistics_msgs/statistics_msgs
[2.109s] -- Up-to-date: /home/abdelrhaman/microros_ws/install/statistics_msgs/include/statistics_msgs/statistics_msgs/msg
[2.109s] -- Up-to-date: /home/abdelrhaman/microros_ws/install/statistics_msgs/include/statistics_msgs/statistics_msgs/msg/detail
[2.109s] -- Up-to-date: /home/abdelrhaman/microros_ws/install/statistics_msgs/include/statistics_msgs/statistics_msgs/msg/detail/statistic_data_point__rosidl_typesupport_fastrtps_c.h
[2.109s] -- Up-to-date: /home/abdelrhaman/microros_ws/install/statistics_msgs/include/statistics_msgs/statistics_msgs/msg/detail/statistic_data_type__rosidl_typesupport_fastrtps_c.h
[2.109s] -- Up-to-date: /home/abdelrhaman/microros_ws/install/statistics_msgs/include/statistics_msgs/statistics_msgs/msg/detail/metrics_message__rosidl_typesupport_fastrtps_c.h
[2.109s] -- Up-to-date: /home/abdelrhaman/microros_ws/install/statistics_msgs/include/statistics_msgs/statistics_msgs/msg/rosidl_typesupport_fastrtps_c__visibility_control.h
[2.110s] -- Up-to-date: /home/abdelrhaman/microros_ws/install/statistics_msgs/lib/libstatistics_msgs__rosidl_typesupport_fastrtps_c.so
[2.110s] -- Up-to-date: /home/abdelrhaman/microros_ws/install/statistics_msgs/include/statistics_msgs/statistics_msgs
[2.110s] -- Up-to-date: /home/abdelrhaman/microros_ws/install/statistics_msgs/include/statistics_msgs/statistics_msgs/msg
[2.110s] -- Up-to-date: /home/abdelrhaman/microros_ws/install/statistics_msgs/include/statistics_msgs/statistics_msgs/msg/statistic_data_point.hpp
[2.110s] -- Up-to-date: /home/abdelrhaman/microros_ws/install/statistics_msgs/include/statistics_msgs/statistics_msgs/msg/metrics_message.hpp
[2.110s] -- Up-to-date: /home/abdelrhaman/microros_ws/install/statistics_msgs/include/statistics_msgs/statistics_msgs/msg/detail
[2.110s] -- Up-to-date: /home/abdelrhaman/microros_ws/install/statistics_msgs/include/statistics_msgs/statistics_msgs/msg/detail/statistic_data_point__struct.hpp
[2.110s] -- Up-to-date: /home/abdelrhaman/microros_ws/install/statistics_msgs/include/statistics_msgs/statistics_msgs/msg/detail/metrics_message__builder.hpp
[2.110s] -- Up-to-date: /home/abdelrhaman/microros_ws/install/statistics_msgs/include/statistics_msgs/statistics_msgs/msg/detail/statistic_data_type__struct.hpp
[2.110s] -- Up-to-date: /home/abdelrhaman/microros_ws/install/statistics_msgs/include/statistics_msgs/statistics_msgs/msg/detail/statistic_data_point__builder.hpp
[2.110s] -- Up-to-date: /home/abdelrhaman/microros_ws/install/statistics_msgs/include/statistics_msgs/statistics_msgs/msg/detail/statistic_data_type__traits.hpp
[2.110s] -- Up-to-date: /home/abdelrhaman/microros_ws/install/statistics_msgs/include/statistics_msgs/statistics_msgs/msg/detail/metrics_message__traits.hpp
[2.111s] -- Up-to-date: /home/abdelrhaman/microros_ws/install/statistics_msgs/include/statistics_msgs/statistics_msgs/msg/detail/metrics_message__struct.hpp
[2.111s] -- Up-to-date: /home/abdelrhaman/microros_ws/install/statistics_msgs/include/statistics_msgs/statistics_msgs/msg/detail/statistic_data_type__builder.hpp
[2.111s] -- Up-to-date: /home/abdelrhaman/microros_ws/install/statistics_msgs/include/statistics_msgs/statistics_msgs/msg/detail/statistic_data_point__traits.hpp
[2.111s] -- Up-to-date: /home/abdelrhaman/microros_ws/install/statistics_msgs/include/statistics_msgs/statistics_msgs/msg/statistic_data_type.hpp
[2.111s] -- Up-to-date: /home/abdelrhaman/microros_ws/install/statistics_msgs/include/statistics_msgs/statistics_msgs
[2.111s] -- Up-to-date: /home/abdelrhaman/microros_ws/install/statistics_msgs/include/statistics_msgs/statistics_msgs/msg
[2.111s] -- Up-to-date: /home/abdelrhaman/microros_ws/install/statistics_msgs/include/statistics_msgs/statistics_msgs/msg/detail
[2.111s] -- Up-to-date: /home/abdelrhaman/microros_ws/install/statistics_msgs/include/statistics_msgs/statistics_msgs/msg/detail/metrics_message__rosidl_typesupport_fastrtps_cpp.hpp
[2.111s] -- Up-to-date: /home/abdelrhaman/microros_ws/install/statistics_msgs/include/statistics_msgs/statistics_msgs/msg/detail/statistic_data_point__rosidl_typesupport_fastrtps_cpp.hpp
[2.111s] -- Up-to-date: /home/abdelrhaman/microros_ws/install/statistics_msgs/include/statistics_msgs/statistics_msgs/msg/detail/statistic_data_type__rosidl_typesupport_fastrtps_cpp.hpp
[2.112s] -- Up-to-date: /home/abdelrhaman/microros_ws/install/statistics_msgs/include/statistics_msgs/statistics_msgs/msg/detail/dds_fastrtps
[2.112s] -- Up-to-date: /home/abdelrhaman/microros_ws/install/statistics_msgs/include/statistics_msgs/statistics_msgs/msg/rosidl_typesupport_fastrtps_cpp__visibility_control.h
[2.112s] -- Up-to-date: /home/abdelrhaman/microros_ws/install/statistics_msgs/lib/libstatistics_msgs__rosidl_typesupport_fastrtps_cpp.so
[2.112s] -- Up-to-date: /home/abdelrhaman/microros_ws/install/statistics_msgs/include/statistics_msgs/statistics_msgs
[2.113s] -- Up-to-date: /home/abdelrhaman/microros_ws/install/statistics_msgs/include/statistics_msgs/statistics_msgs/msg
[2.113s] -- Up-to-date: /home/abdelrhaman/microros_ws/install/statistics_msgs/include/statistics_msgs/statistics_msgs/msg/rosidl_typesupport_introspection_c__visibility_control.h
[2.113s] -- Up-to-date: /home/abdelrhaman/microros_ws/install/statistics_msgs/include/statistics_msgs/statistics_msgs/msg/detail
[2.113s] -- Up-to-date: /home/abdelrhaman/microros_ws/install/statistics_msgs/include/statistics_msgs/statistics_msgs/msg/detail/statistic_data_type__type_support.c
[2.113s] -- Up-to-date: /home/abdelrhaman/microros_ws/install/statistics_msgs/include/statistics_msgs/statistics_msgs/msg/detail/statistic_data_point__type_support.c
[2.113s] -- Up-to-date: /home/abdelrhaman/microros_ws/install/statistics_msgs/include/statistics_msgs/statistics_msgs/msg/detail/metrics_message__type_support.c
[2.113s] -- Up-to-date: /home/abdelrhaman/microros_ws/install/statistics_msgs/include/statistics_msgs/statistics_msgs/msg/detail/statistic_data_point__rosidl_typesupport_introspection_c.h
[2.113s] -- Up-to-date: /home/abdelrhaman/microros_ws/install/statistics_msgs/include/statistics_msgs/statistics_msgs/msg/detail/metrics_message__rosidl_typesupport_introspection_c.h
[2.114s] -- Up-to-date: /home/abdelrhaman/microros_ws/install/statistics_msgs/include/statistics_msgs/statistics_msgs/msg/detail/statistic_data_type__rosidl_typesupport_introspection_c.h
[2.114s] -- Up-to-date: /home/abdelrhaman/microros_ws/install/statistics_msgs/lib/libstatistics_msgs__rosidl_typesupport_introspection_c.so
[2.114s] -- Installing: /home/abdelrhaman/microros_ws/install/statistics_msgs/lib/libstatistics_msgs__rosidl_typesupport_c.so
[2.114s] -- Set runtime path of "/home/abdelrhaman/microros_ws/install/statistics_msgs/lib/libstatistics_msgs__rosidl_typesupport_c.so" to ""
[2.115s] -- Up-to-date: /home/abdelrhaman/microros_ws/install/statistics_msgs/include/statistics_msgs/statistics_msgs
[2.115s] -- Up-to-date: /home/abdelrhaman/microros_ws/install/statistics_msgs/include/statistics_msgs/statistics_msgs/msg
[2.115s] -- Up-to-date: /home/abdelrhaman/microros_ws/install/statistics_msgs/include/statistics_msgs/statistics_msgs/msg/detail
[2.115s] -- Up-to-date: /home/abdelrhaman/microros_ws/install/statistics_msgs/include/statistics_msgs/statistics_msgs/msg/detail/statistic_data_type__type_support.cpp
[2.115s] -- Up-to-date: /home/abdelrhaman/microros_ws/install/statistics_msgs/include/statistics_msgs/statistics_msgs/msg/detail/statistic_data_point__rosidl_typesupport_introspection_cpp.hpp
[2.115s] -- Up-to-date: /home/abdelrhaman/microros_ws/install/statistics_msgs/include/statistics_msgs/statistics_msgs/msg/detail/statistic_data_type__rosidl_typesupport_introspection_cpp.hpp
[2.115s] -- Up-to-date: /home/abdelrhaman/microros_ws/install/statistics_msgs/include/statistics_msgs/statistics_msgs/msg/detail/statistic_data_point__type_support.cpp
[2.115s] -- Up-to-date: /home/abdelrhaman/microros_ws/install/statistics_msgs/include/statistics_msgs/statistics_msgs/msg/detail/metrics_message__type_support.cpp
[2.115s] -- Up-to-date: /home/abdelrhaman/microros_ws/install/statistics_msgs/include/statistics_msgs/statistics_msgs/msg/detail/metrics_message__rosidl_typesupport_introspection_cpp.hpp
[2.115s] -- Up-to-date: /home/abdelrhaman/microros_ws/install/statistics_msgs/lib/libstatistics_msgs__rosidl_typesupport_introspection_cpp.so
[2.115s] -- Installing: /home/abdelrhaman/microros_ws/install/statistics_msgs/lib/libstatistics_msgs__rosidl_typesupport_cpp.so
[2.116s] -- Set runtime path of "/home/abdelrhaman/microros_ws/install/statistics_msgs/lib/libstatistics_msgs__rosidl_typesupport_cpp.so" to ""
[2.116s] -- Up-to-date: /home/abdelrhaman/microros_ws/install/statistics_msgs/share/statistics_msgs/environment/pythonpath.sh
[2.116s] -- Installing: /home/abdelrhaman/microros_ws/install/statistics_msgs/share/statistics_msgs/environment/pythonpath.dsv
[2.116s] -- Up-to-date: /home/abdelrhaman/microros_ws/install/statistics_msgs/local/lib/python3.10/dist-packages/statistics_msgs-1.2.1-py3.10.egg-info
[2.116s] -- Installing: /home/abdelrhaman/microros_ws/install/statistics_msgs/local/lib/python3.10/dist-packages/statistics_msgs-1.2.1-py3.10.egg-info/PKG-INFO
[2.116s] -- Installing: /home/abdelrhaman/microros_ws/install/statistics_msgs/local/lib/python3.10/dist-packages/statistics_msgs-1.2.1-py3.10.egg-info/SOURCES.txt
[2.116s] -- Installing: /home/abdelrhaman/microros_ws/install/statistics_msgs/local/lib/python3.10/dist-packages/statistics_msgs-1.2.1-py3.10.egg-info/top_level.txt
[2.116s] -- Installing: /home/abdelrhaman/microros_ws/install/statistics_msgs/local/lib/python3.10/dist-packages/statistics_msgs-1.2.1-py3.10.egg-info/dependency_links.txt
[2.116s] -- Up-to-date: /home/abdelrhaman/microros_ws/install/statistics_msgs/local/lib/python3.10/dist-packages/statistics_msgs
[2.116s] -- Up-to-date: /home/abdelrhaman/microros_ws/install/statistics_msgs/local/lib/python3.10/dist-packages/statistics_msgs/_statistics_msgs_s.ep.rosidl_typesupport_c.c
[2.116s] -- Up-to-date: /home/abdelrhaman/microros_ws/install/statistics_msgs/local/lib/python3.10/dist-packages/statistics_msgs/_statistics_msgs_s.ep.rosidl_typesupport_fastrtps_c.c
[2.116s] -- Up-to-date: /home/abdelrhaman/microros_ws/install/statistics_msgs/local/lib/python3.10/dist-packages/statistics_msgs/statistics_msgs_s__rosidl_typesupport_microxrcedds_c.cpython-310-x86_64-linux-gnu.so
[2.116s] -- Installing: /home/abdelrhaman/microros_ws/install/statistics_msgs/local/lib/python3.10/dist-packages/statistics_msgs/__init__.py
[2.116s] -- Installing: /home/abdelrhaman/microros_ws/install/statistics_msgs/local/lib/python3.10/dist-packages/statistics_msgs/statistics_msgs_s__rosidl_typesupport_introspection_c.cpython-310-x86_64-linux-gnu.so
[2.116s] -- Up-to-date: /home/abdelrhaman/microros_ws/install/statistics_msgs/local/lib/python3.10/dist-packages/statistics_msgs/_statistics_msgs_s.ep.rosidl_typesupport_microxrcedds_c.c
[2.116s] -- Up-to-date: /home/abdelrhaman/microros_ws/install/statistics_msgs/local/lib/python3.10/dist-packages/statistics_msgs/msg
[2.116s] -- Up-to-date: /home/abdelrhaman/microros_ws/install/statistics_msgs/local/lib/python3.10/dist-packages/statistics_msgs/msg/_metrics_message_s.c
[2.116s] -- Up-to-date: /home/abdelrhaman/microros_ws/install/statistics_msgs/local/lib/python3.10/dist-packages/statistics_msgs/msg/_statistic_data_type_s.c
[2.117s] -- Up-to-date: /home/abdelrhaman/microros_ws/install/statistics_msgs/local/lib/python3.10/dist-packages/statistics_msgs/msg/_metrics_message.py
[2.117s] -- Up-to-date: /home/abdelrhaman/microros_ws/install/statistics_msgs/local/lib/python3.10/dist-packages/statistics_msgs/msg/_statistic_data_type.py
[2.117s] -- Up-to-date: /home/abdelrhaman/microros_ws/install/statistics_msgs/local/lib/python3.10/dist-packages/statistics_msgs/msg/__init__.py
[2.117s] -- Up-to-date: /home/abdelrhaman/microros_ws/install/statistics_msgs/local/lib/python3.10/dist-packages/statistics_msgs/msg/_statistic_data_point_s.c
[2.117s] -- Up-to-date: /home/abdelrhaman/microros_ws/install/statistics_msgs/local/lib/python3.10/dist-packages/statistics_msgs/msg/_statistic_data_point.py
[2.117s] -- Installing: /home/abdelrhaman/microros_ws/install/statistics_msgs/local/lib/python3.10/dist-packages/statistics_msgs/statistics_msgs_s__rosidl_typesupport_fastrtps_c.cpython-310-x86_64-linux-gnu.so
[2.117s] -- Installing: /home/abdelrhaman/microros_ws/install/statistics_msgs/local/lib/python3.10/dist-packages/statistics_msgs/statistics_msgs_s__rosidl_typesupport_c.cpython-310-x86_64-linux-gnu.so
[2.117s] -- Up-to-date: /home/abdelrhaman/microros_ws/install/statistics_msgs/local/lib/python3.10/dist-packages/statistics_msgs/_statistics_msgs_s.ep.rosidl_typesupport_introspection_c.c
[2.117s] -- Installing: /home/abdelrhaman/microros_ws/install/statistics_msgs/local/lib/python3.10/dist-packages/statistics_msgs/libstatistics_msgs__rosidl_generator_py.so
[2.141s] Listing '/home/abdelrhaman/microros_ws/install/statistics_msgs/local/lib/python3.10/dist-packages/statistics_msgs'...
[2.141s] Compiling '/home/abdelrhaman/microros_ws/install/statistics_msgs/local/lib/python3.10/dist-packages/statistics_msgs/__init__.py'...
[2.141s] Listing '/home/abdelrhaman/microros_ws/install/statistics_msgs/local/lib/python3.10/dist-packages/statistics_msgs/msg'...
[2.144s] -- Installing: /home/abdelrhaman/microros_ws/install/statistics_msgs/local/lib/python3.10/dist-packages/statistics_msgs/statistics_msgs_s__rosidl_typesupport_fastrtps_c.cpython-310-x86_64-linux-gnu.so
[2.144s] -- Set runtime path of "/home/abdelrhaman/microros_ws/install/statistics_msgs/local/lib/python3.10/dist-packages/statistics_msgs/statistics_msgs_s__rosidl_typesupport_fastrtps_c.cpython-310-x86_64-linux-gnu.so" to ""
[2.144s] -- Installing: /home/abdelrhaman/microros_ws/install/statistics_msgs/local/lib/python3.10/dist-packages/statistics_msgs/statistics_msgs_s__rosidl_typesupport_introspection_c.cpython-310-x86_64-linux-gnu.so
[2.144s] -- Set runtime path of "/home/abdelrhaman/microros_ws/install/statistics_msgs/local/lib/python3.10/dist-packages/statistics_msgs/statistics_msgs_s__rosidl_typesupport_introspection_c.cpython-310-x86_64-linux-gnu.so" to ""
[2.145s] -- Installing: /home/abdelrhaman/microros_ws/install/statistics_msgs/local/lib/python3.10/dist-packages/statistics_msgs/statistics_msgs_s__rosidl_typesupport_c.cpython-310-x86_64-linux-gnu.so
[2.145s] -- Set runtime path of "/home/abdelrhaman/microros_ws/install/statistics_msgs/local/lib/python3.10/dist-packages/statistics_msgs/statistics_msgs_s__rosidl_typesupport_c.cpython-310-x86_64-linux-gnu.so" to ""
[2.145s] -- Installing: /home/abdelrhaman/microros_ws/install/statistics_msgs/lib/libstatistics_msgs__rosidl_generator_py.so
[2.145s] -- Set runtime path of "/home/abdelrhaman/microros_ws/install/statistics_msgs/lib/libstatistics_msgs__rosidl_generator_py.so" to ""
[2.145s] -- Up-to-date: /home/abdelrhaman/microros_ws/install/statistics_msgs/share/statistics_msgs/msg/MetricsMessage.idl
[2.145s] -- Up-to-date: /home/abdelrhaman/microros_ws/install/statistics_msgs/share/statistics_msgs/msg/StatisticDataPoint.idl
[2.146s] -- Up-to-date: /home/abdelrhaman/microros_ws/install/statistics_msgs/share/statistics_msgs/msg/StatisticDataType.idl
[2.146s] -- Up-to-date: /home/abdelrhaman/microros_ws/install/statistics_msgs/share/statistics_msgs/msg/MetricsMessage.msg
[2.146s] -- Up-to-date: /home/abdelrhaman/microros_ws/install/statistics_msgs/share/statistics_msgs/msg/StatisticDataPoint.msg
[2.146s] -- Up-to-date: /home/abdelrhaman/microros_ws/install/statistics_msgs/share/statistics_msgs/msg/StatisticDataType.msg
[2.146s] -- Up-to-date: /home/abdelrhaman/microros_ws/install/statistics_msgs/share/ament_index/resource_index/package_run_dependencies/statistics_msgs
[2.146s] -- Installing: /home/abdelrhaman/microros_ws/install/statistics_msgs/share/ament_index/resource_index/parent_prefix_path/statistics_msgs
[2.146s] -- Up-to-date: /home/abdelrhaman/microros_ws/install/statistics_msgs/share/statistics_msgs/environment/ament_prefix_path.sh
[2.146s] -- Installing: /home/abdelrhaman/microros_ws/install/statistics_msgs/share/statistics_msgs/environment/ament_prefix_path.dsv
[2.146s] -- Up-to-date: /home/abdelrhaman/microros_ws/install/statistics_msgs/share/statistics_msgs/environment/path.sh
[2.146s] -- Installing: /home/abdelrhaman/microros_ws/install/statistics_msgs/share/statistics_msgs/environment/path.dsv
[2.146s] -- Up-to-date: /home/abdelrhaman/microros_ws/install/statistics_msgs/share/statistics_msgs/local_setup.bash
[2.146s] -- Up-to-date: /home/abdelrhaman/microros_ws/install/statistics_msgs/share/statistics_msgs/local_setup.sh
[2.147s] -- Up-to-date: /home/abdelrhaman/microros_ws/install/statistics_msgs/share/statistics_msgs/local_setup.zsh
[2.147s] -- Installing: /home/abdelrhaman/microros_ws/install/statistics_msgs/share/statistics_msgs/local_setup.dsv
[2.147s] -- Installing: /home/abdelrhaman/microros_ws/install/statistics_msgs/share/statistics_msgs/package.dsv
[2.147s] -- Up-to-date: /home/abdelrhaman/microros_ws/install/statistics_msgs/share/ament_index/resource_index/packages/statistics_msgs
[2.147s] -- Up-to-date: /home/abdelrhaman/microros_ws/install/statistics_msgs/share/statistics_msgs/cmake/export_statistics_msgs__rosidl_generator_cExport.cmake
[2.147s] -- Up-to-date: /home/abdelrhaman/microros_ws/install/statistics_msgs/share/statistics_msgs/cmake/export_statistics_msgs__rosidl_generator_cExport-noconfig.cmake
[2.147s] -- Up-to-date: /home/abdelrhaman/microros_ws/install/statistics_msgs/share/statistics_msgs/cmake/export_statistics_msgs__rosidl_typesupport_fastrtps_cExport.cmake
[2.147s] -- Up-to-date: /home/abdelrhaman/microros_ws/install/statistics_msgs/share/statistics_msgs/cmake/export_statistics_msgs__rosidl_typesupport_fastrtps_cExport-noconfig.cmake
[2.147s] -- Up-to-date: /home/abdelrhaman/microros_ws/install/statistics_msgs/share/statistics_msgs/cmake/export_statistics_msgs__rosidl_generator_cppExport.cmake
[2.147s] -- Up-to-date: /home/abdelrhaman/microros_ws/install/statistics_msgs/share/statistics_msgs/cmake/export_statistics_msgs__rosidl_typesupport_fastrtps_cppExport.cmake
[2.147s] -- Up-to-date: /home/abdelrhaman/microros_ws/install/statistics_msgs/share/statistics_msgs/cmake/export_statistics_msgs__rosidl_typesupport_fastrtps_cppExport-noconfig.cmake
[2.147s] -- Up-to-date: /home/abdelrhaman/microros_ws/install/statistics_msgs/share/statistics_msgs/cmake/statistics_msgs__rosidl_typesupport_introspection_cExport.cmake
[2.147s] -- Up-to-date: /home/abdelrhaman/microros_ws/install/statistics_msgs/share/statistics_msgs/cmake/statistics_msgs__rosidl_typesupport_introspection_cExport-noconfig.cmake
[2.147s] -- Up-to-date: /home/abdelrhaman/microros_ws/install/statistics_msgs/share/statistics_msgs/cmake/statistics_msgs__rosidl_typesupport_cExport.cmake
[2.147s] -- Up-to-date: /home/abdelrhaman/microros_ws/install/statistics_msgs/share/statistics_msgs/cmake/statistics_msgs__rosidl_typesupport_cExport-noconfig.cmake
[2.147s] -- Up-to-date: /home/abdelrhaman/microros_ws/install/statistics_msgs/share/statistics_msgs/cmake/statistics_msgs__rosidl_typesupport_introspection_cppExport.cmake
[2.147s] -- Up-to-date: /home/abdelrhaman/microros_ws/install/statistics_msgs/share/statistics_msgs/cmake/statistics_msgs__rosidl_typesupport_introspection_cppExport-noconfig.cmake
[2.148s] -- Up-to-date: /home/abdelrhaman/microros_ws/install/statistics_msgs/share/statistics_msgs/cmake/statistics_msgs__rosidl_typesupport_cppExport.cmake
[2.148s] -- Up-to-date: /home/abdelrhaman/microros_ws/install/statistics_msgs/share/statistics_msgs/cmake/statistics_msgs__rosidl_typesupport_cppExport-noconfig.cmake
[2.148s] -- Up-to-date: /home/abdelrhaman/microros_ws/install/statistics_msgs/share/statistics_msgs/cmake/export_statistics_msgs__rosidl_generator_pyExport.cmake
[2.148s] -- Up-to-date: /home/abdelrhaman/microros_ws/install/statistics_msgs/share/statistics_msgs/cmake/export_statistics_msgs__rosidl_generator_pyExport-noconfig.cmake
[2.148s] -- Up-to-date: /home/abdelrhaman/microros_ws/install/statistics_msgs/share/statistics_msgs/cmake/rosidl_cmake-extras.cmake
[2.148s] -- Up-to-date: /home/abdelrhaman/microros_ws/install/statistics_msgs/share/statistics_msgs/cmake/ament_cmake_export_dependencies-extras.cmake
[2.148s] -- Installing: /home/abdelrhaman/microros_ws/install/statistics_msgs/share/statistics_msgs/cmake/ament_cmake_export_include_directories-extras.cmake
[2.148s] -- Up-to-date: /home/abdelrhaman/microros_ws/install/statistics_msgs/share/statistics_msgs/cmake/ament_cmake_export_libraries-extras.cmake
[2.148s] -- Up-to-date: /home/abdelrhaman/microros_ws/install/statistics_msgs/share/statistics_msgs/cmake/ament_cmake_export_targets-extras.cmake
[2.148s] -- Up-to-date: /home/abdelrhaman/microros_ws/install/statistics_msgs/share/statistics_msgs/cmake/rosidl_cmake_export_typesupport_targets-extras.cmake
[2.148s] -- Installing: /home/abdelrhaman/microros_ws/install/statistics_msgs/share/statistics_msgs/cmake/rosidl_cmake_export_typesupport_libraries-extras.cmake
[2.149s] -- Up-to-date: /home/abdelrhaman/microros_ws/install/statistics_msgs/share/statistics_msgs/cmake/statistics_msgsConfig.cmake
[2.149s] -- Up-to-date: /home/abdelrhaman/microros_ws/install/statistics_msgs/share/statistics_msgs/cmake/statistics_msgsConfig-version.cmake
[2.149s] -- Up-to-date: /home/abdelrhaman/microros_ws/install/statistics_msgs/share/statistics_msgs/package.xml
[2.151s] Invoked command in '/home/abdelrhaman/microros_ws/build/statistics_msgs' returned '0': AMENT_PREFIX_PATH=/home/abdelrhaman/microros_ws/install/builtin_interfaces:${AMENT_PREFIX_PATH} CMAKE_PREFIX_PATH=/home/abdelrhaman/microros_ws/install/builtin_interfaces:/home/abdelrhaman/ros/install/my_robot_controller:/opt/ros/humble LD_LIBRARY_PATH=/home/abdelrhaman/microros_ws/install/builtin_interfaces/lib:${LD_LIBRARY_PATH} PYTHONPATH=/home/abdelrhaman/microros_ws/install/builtin_interfaces/local/lib/python3.10/dist-packages:${PYTHONPATH} /usr/bin/cmake --install /home/abdelrhaman/microros_ws/build/statistics_msgs
