[0.023s] Invoking command in '/home/abdelrhaman/microros_ws/build/unique_identifier_msgs': CMAKE_PREFIX_PATH=${CMAKE_PREFIX_PATH}:/home/abdelrhaman/ros/install/my_robot_controller:/opt/ros/humble /usr/bin/cmake /home/abdelrhaman/microros_ws/src/ros2/unique_identifier_msgs -DBUILD_TESTING=OFF -DBUILD_SHARED_LIBS=ON -DCMAKE_INSTALL_PREFIX=/home/abdelrhaman/microros_ws/install/unique_identifier_msgs
[0.069s] -- The C compiler identification is GNU 11.4.0
[0.140s] -- The CXX compiler identification is GNU 11.4.0
[0.149s] -- Detecting C compiler ABI info
[0.207s] -- Detecting C compiler ABI info - done
[0.216s] -- Check for working C compiler: /usr/bin/cc - skipped
[0.216s] -- Detecting C compile features
[0.216s] -- Detecting C compile features - done
[0.220s] -- Detecting CXX compiler ABI info
[0.308s] -- Detecting CXX compiler ABI info - done
[0.310s] -- Check for working CXX compiler: /usr/bin/c++ - skipped
[0.310s] -- Detecting CXX compile features
[0.310s] -- Detecting CXX compile features - done
[0.312s] -- Found ament_cmake: 1.3.10 (/opt/ros/humble/share/ament_cmake/cmake)
[0.938s] -- Found Python3: /usr/bin/python3 (found version "3.10.12") found components: Interpreter 
[1.002s] -- Found rosidl_default_generators: 1.2.0 (/opt/ros/humble/share/rosidl_default_generators/cmake)
[1.004s] -- Using all available rosidl_typesupport_c: rosidl_typesupport_microxrcedds_c;rosidl_typesupport_fastrtps_c;rosidl_typesupport_introspection_c
[1.008s] -- Found rosidl_adapter: 3.1.5 (/opt/ros/humble/share/rosidl_adapter/cmake)
[1.040s] -- Using all available rosidl_typesupport_cpp: rosidl_typesupport_microxrcedds_cpp;rosidl_typesupport_fastrtps_cpp;rosidl_typesupport_introspection_cpp
[1.283s] -- Found ament_cmake_ros: 0.10.0 (/opt/ros/humble/share/ament_cmake_ros/cmake)
[1.517s] -- Using all available rosidl_typesupport_c: rosidl_typesupport_microxrcedds_c;rosidl_typesupport_fastrtps_c;rosidl_typesupport_introspection_c
[1.754s] -- Using all available rosidl_typesupport_cpp: rosidl_typesupport_microxrcedds_cpp;rosidl_typesupport_fastrtps_cpp;rosidl_typesupport_introspection_cpp
[1.773s] -- Found PythonInterp: /usr/bin/python3 (found suitable version "3.10.12", minimum required is "3.6") 
[1.774s] -- Found python_cmake_module: 0.10.0 (/opt/ros/humble/share/python_cmake_module/cmake)
[1.806s] -- Found PythonLibs: /usr/lib/x86_64-linux-gnu/libpython3.10.so (found suitable version "3.10.12", minimum required is "3.5") 
[1.806s] -- Using PYTHON_EXECUTABLE: /usr/bin/python3
[1.806s] -- Using PYTHON_INCLUDE_DIRS: /usr/include/python3.10
[1.806s] -- Using PYTHON_LIBRARIES: /usr/lib/x86_64-linux-gnu/libpython3.10.so
[1.824s] -- Found PythonExtra: .so  
[1.860s] -- Configuring done
[1.895s] -- Generating done
[1.899s] -- Build files have been written to: /home/abdelrhaman/microros_ws/build/unique_identifier_msgs
[1.906s] Invoked command in '/home/abdelrhaman/microros_ws/build/unique_identifier_msgs' returned '0': CMAKE_PREFIX_PATH=${CMAKE_PREFIX_PATH}:/home/abdelrhaman/ros/install/my_robot_controller:/opt/ros/humble /usr/bin/cmake /home/abdelrhaman/microros_ws/src/ros2/unique_identifier_msgs -DBUILD_TESTING=OFF -DBUILD_SHARED_LIBS=ON -DCMAKE_INSTALL_PREFIX=/home/abdelrhaman/microros_ws/install/unique_identifier_msgs
[1.907s] Invoking command in '/home/abdelrhaman/microros_ws/build/unique_identifier_msgs': CMAKE_PREFIX_PATH=${CMAKE_PREFIX_PATH}:/home/abdelrhaman/ros/install/my_robot_controller:/opt/ros/humble /usr/bin/cmake --build /home/abdelrhaman/microros_ws/build/unique_identifier_msgs -- -j20 -l20
[1.944s] [  2%] [34m[1mGenerating C code for ROS interfaces[0m
[1.957s] [  5%] [34m[1mGenerating C++ code for ROS interfaces[0m
[1.963s] [  5%] Built target ament_cmake_python_copy_unique_identifier_msgs
[2.159s] [  7%] [32mBuilding C object CMakeFiles/unique_identifier_msgs__rosidl_generator_c.dir/rosidl_generator_c/unique_identifier_msgs/msg/detail/uuid__functions.c.o[0m
[2.182s] [  7%] Built target unique_identifier_msgs__cpp
[2.194s] [ 12%] [34m[1mGenerating C++ type support for eProsima Fast-RTPS[0m
[2.194s] [ 12%] [34m[1mGenerating C++ type support dispatch for ROS interfaces[0m
[2.194s] [ 15%] [34m[1mGenerating C++ type support for eProsima Micro XRCE-DDS[0m
[2.194s] [ 17%] [34m[1mGenerating C++ introspection for ROS interfaces[0m
[2.212s] [ 20%] [32m[1mLinking C shared library libunique_identifier_msgs__rosidl_generator_c.so[0m
[2.249s] [ 20%] Built target unique_identifier_msgs__rosidl_generator_c
[2.264s] [ 23%] [34m[1mGenerating C introspection for ROS interfaces[0m
[2.267s] [ 25%] [34m[1mGenerating C type support for eProsima Fast-RTPS[0m
[2.270s] [ 28%] [34m[1mGenerating C type support for eProsima Micro XRCE-DDS[0m
[2.275s] [ 30%] [34m[1mGenerating C type support dispatch for ROS interfaces[0m
[2.551s] [ 33%] [32mBuilding CXX object CMakeFiles/unique_identifier_msgs__rosidl_typesupport_cpp.dir/rosidl_typesupport_cpp/unique_identifier_msgs/msg/uuid__type_support.cpp.o[0m
[2.606s] [ 35%] [32mBuilding CXX object CMakeFiles/unique_identifier_msgs__rosidl_typesupport_introspection_cpp.dir/rosidl_typesupport_introspection_cpp/unique_identifier_msgs/msg/detail/uuid__type_support.cpp.o[0m
[2.635s] [ 38%] [32mBuilding CXX object CMakeFiles/unique_identifier_msgs__rosidl_typesupport_microxrcedds_cpp.dir/rosidl_typesupport_microxrcedds_cpp/unique_identifier_msgs/msg/detail/microxrcedds/uuid__type_support_cpp.cpp.o[0m
[2.750s] running egg_info
[2.751s] creating unique_identifier_msgs.egg-info
[2.783s] [ 41%] [32mBuilding CXX object CMakeFiles/unique_identifier_msgs__rosidl_typesupport_fastrtps_c.dir/rosidl_typesupport_fastrtps_c/unique_identifier_msgs/msg/detail/uuid__type_support_c.cpp.o[0m
[2.825s] [ 43%] [32mBuilding C object CMakeFiles/unique_identifier_msgs__rosidl_typesupport_introspection_c.dir/rosidl_typesupport_introspection_c/unique_identifier_msgs/msg/detail/uuid__type_support.c.o[0m
[2.835s] [ 46%] [32mBuilding CXX object CMakeFiles/unique_identifier_msgs__rosidl_typesupport_fastrtps_cpp.dir/rosidl_typesupport_fastrtps_cpp/unique_identifier_msgs/msg/detail/dds_fastrtps/uuid__type_support.cpp.o[0m
[2.851s] writing unique_identifier_msgs.egg-info/PKG-INFO
[2.911s] [ 48%] [32mBuilding C object CMakeFiles/unique_identifier_msgs__rosidl_typesupport_microxrcedds_c.dir/rosidl_typesupport_microxrcedds_c/unique_identifier_msgs/msg/detail/microxrcedds/uuid__type_support_c.c.o[0m
[2.917s] [ 51%] [32m[1mLinking C shared library libunique_identifier_msgs__rosidl_typesupport_introspection_c.so[0m
[2.929s] writing dependency_links to unique_identifier_msgs.egg-info/dependency_links.txt
[2.958s] [ 53%] [32mBuilding CXX object CMakeFiles/unique_identifier_msgs__rosidl_typesupport_c.dir/rosidl_typesupport_c/unique_identifier_msgs/msg/uuid__type_support.cpp.o[0m
[3.046s] [ 56%] [32m[1mLinking CXX shared library libunique_identifier_msgs__rosidl_typesupport_c.so[0m
[3.074s] [ 56%] Built target unique_identifier_msgs__rosidl_typesupport_introspection_c
[3.074s] [ 58%] [32m[1mLinking C shared library libunique_identifier_msgs__rosidl_typesupport_microxrcedds_c.so[0m
[3.075s] [ 61%] [32m[1mLinking CXX shared library libunique_identifier_msgs__rosidl_typesupport_cpp.so[0m
[3.190s] [ 61%] Built target unique_identifier_msgs__rosidl_typesupport_cpp
[3.190s] [ 61%] Built target unique_identifier_msgs__rosidl_typesupport_microxrcedds_c
[3.210s] [ 61%] Built target unique_identifier_msgs__rosidl_typesupport_c
[3.228s] [ 64%] [32m[1mLinking CXX shared library libunique_identifier_msgs__rosidl_typesupport_microxrcedds_cpp.so[0m
[3.299s] [ 66%] [32m[1mLinking CXX shared library libunique_identifier_msgs__rosidl_typesupport_introspection_cpp.so[0m
[3.344s] [ 66%] Built target unique_identifier_msgs__rosidl_typesupport_microxrcedds_cpp
[3.560s] [ 66%] Built target unique_identifier_msgs__rosidl_typesupport_introspection_cpp
[3.976s] [ 69%] [32m[1mLinking CXX shared library libunique_identifier_msgs__rosidl_typesupport_fastrtps_cpp.so[0m
[4.260s] writing top-level names to unique_identifier_msgs.egg-info/top_level.txt
[4.260s] writing manifest file 'unique_identifier_msgs.egg-info/SOURCES.txt'
[4.500s] [ 71%] [32m[1mLinking CXX shared library libunique_identifier_msgs__rosidl_typesupport_fastrtps_c.so[0m
[4.690s] [ 71%] Built target unique_identifier_msgs__rosidl_typesupport_fastrtps_cpp
[4.837s] reading manifest file 'unique_identifier_msgs.egg-info/SOURCES.txt'
[4.837s] writing manifest file 'unique_identifier_msgs.egg-info/SOURCES.txt'
[4.933s] [ 71%] Built target unique_identifier_msgs__rosidl_typesupport_fastrtps_c
[4.996s] [ 71%] Built target unique_identifier_msgs
[5.060s] [ 71%] Built target ament_cmake_python_build_unique_identifier_msgs_egg
[5.065s] [ 74%] [34m[1mGenerating Python code for ROS interfaces[0m
[5.534s] [ 74%] Built target unique_identifier_msgs__py
[5.548s] [ 76%] [32mBuilding C object CMakeFiles/unique_identifier_msgs__rosidl_generator_py.dir/rosidl_generator_py/unique_identifier_msgs/msg/_uuid_s.c.o[0m
[5.644s] [ 79%] [32m[1mLinking C shared library rosidl_generator_py/unique_identifier_msgs/libunique_identifier_msgs__rosidl_generator_py.so[0m
[5.690s] [ 79%] Built target unique_identifier_msgs__rosidl_generator_py
[5.726s] [ 82%] [32mBuilding C object CMakeFiles/unique_identifier_msgs__rosidl_typesupport_fastrtps_c__pyext.dir/rosidl_generator_py/unique_identifier_msgs/_unique_identifier_msgs_s.ep.rosidl_typesupport_fastrtps_c.c.o[0m
[5.733s] [ 84%] [32mBuilding C object CMakeFiles/unique_identifier_msgs__rosidl_typesupport_microxrcedds_c__pyext.dir/rosidl_generator_py/unique_identifier_msgs/_unique_identifier_msgs_s.ep.rosidl_typesupport_microxrcedds_c.c.o[0m
[5.736s] [ 87%] [32mBuilding C object CMakeFiles/unique_identifier_msgs__rosidl_typesupport_c__pyext.dir/rosidl_generator_py/unique_identifier_msgs/_unique_identifier_msgs_s.ep.rosidl_typesupport_c.c.o[0m
[5.765s] [ 89%] [32mBuilding C object CMakeFiles/unique_identifier_msgs__rosidl_typesupport_introspection_c__pyext.dir/rosidl_generator_py/unique_identifier_msgs/_unique_identifier_msgs_s.ep.rosidl_typesupport_introspection_c.c.o[0m
[5.853s] [ 92%] [32m[1mLinking C shared library rosidl_generator_py/unique_identifier_msgs/unique_identifier_msgs_s__rosidl_typesupport_fastrtps_c.cpython-310-x86_64-linux-gnu.so[0m
[5.905s] [ 94%] [32m[1mLinking C shared library rosidl_generator_py/unique_identifier_msgs/unique_identifier_msgs_s__rosidl_typesupport_microxrcedds_c.cpython-310-x86_64-linux-gnu.so[0m
[5.913s] [ 94%] Built target unique_identifier_msgs__rosidl_typesupport_fastrtps_c__pyext
[5.929s] [ 97%] [32m[1mLinking C shared library rosidl_generator_py/unique_identifier_msgs/unique_identifier_msgs_s__rosidl_typesupport_c.cpython-310-x86_64-linux-gnu.so[0m
[5.946s] [100%] [32m[1mLinking C shared library rosidl_generator_py/unique_identifier_msgs/unique_identifier_msgs_s__rosidl_typesupport_introspection_c.cpython-310-x86_64-linux-gnu.so[0m
[5.965s] [100%] Built target unique_identifier_msgs__rosidl_typesupport_microxrcedds_c__pyext
[5.968s] [100%] Built target unique_identifier_msgs__rosidl_typesupport_c__pyext
[5.990s] [100%] Built target unique_identifier_msgs__rosidl_typesupport_introspection_c__pyext
[6.017s] Invoked command in '/home/abdelrhaman/microros_ws/build/unique_identifier_msgs' returned '0': CMAKE_PREFIX_PATH=${CMAKE_PREFIX_PATH}:/home/abdelrhaman/ros/install/my_robot_controller:/opt/ros/humble /usr/bin/cmake --build /home/abdelrhaman/microros_ws/build/unique_identifier_msgs -- -j20 -l20
[6.194s] Invoking command in '/home/abdelrhaman/microros_ws/build/unique_identifier_msgs': CMAKE_PREFIX_PATH=${CMAKE_PREFIX_PATH}:/home/abdelrhaman/ros/install/my_robot_controller:/opt/ros/humble /usr/bin/cmake --install /home/abdelrhaman/microros_ws/build/unique_identifier_msgs
[6.208s] -- Install configuration: ""
[6.209s] -- Installing: /home/abdelrhaman/microros_ws/install/unique_identifier_msgs/share/ament_index/resource_index/rosidl_interfaces/unique_identifier_msgs
[6.210s] -- Installing: /home/abdelrhaman/microros_ws/install/unique_identifier_msgs/include/unique_identifier_msgs/unique_identifier_msgs
[6.210s] -- Installing: /home/abdelrhaman/microros_ws/install/unique_identifier_msgs/include/unique_identifier_msgs/unique_identifier_msgs/msg
[6.210s] -- Installing: /home/abdelrhaman/microros_ws/install/unique_identifier_msgs/include/unique_identifier_msgs/unique_identifier_msgs/msg/rosidl_generator_c__visibility_control.h
[6.211s] -- Installing: /home/abdelrhaman/microros_ws/install/unique_identifier_msgs/include/unique_identifier_msgs/unique_identifier_msgs/msg/detail
[6.211s] -- Installing: /home/abdelrhaman/microros_ws/install/unique_identifier_msgs/include/unique_identifier_msgs/unique_identifier_msgs/msg/detail/uuid__functions.c
[6.212s] -- Installing: /home/abdelrhaman/microros_ws/install/unique_identifier_msgs/include/unique_identifier_msgs/unique_identifier_msgs/msg/detail/uuid__functions.h
[6.212s] -- Installing: /home/abdelrhaman/microros_ws/install/unique_identifier_msgs/include/unique_identifier_msgs/unique_identifier_msgs/msg/detail/uuid__type_support.h
[6.212s] -- Installing: /home/abdelrhaman/microros_ws/install/unique_identifier_msgs/include/unique_identifier_msgs/unique_identifier_msgs/msg/detail/uuid__struct.h
[6.213s] -- Installing: /home/abdelrhaman/microros_ws/install/unique_identifier_msgs/include/unique_identifier_msgs/unique_identifier_msgs/msg/uuid.h
[6.213s] -- Installing: /home/abdelrhaman/microros_ws/install/unique_identifier_msgs/share/unique_identifier_msgs/environment/library_path.sh
[6.213s] -- Installing: /home/abdelrhaman/microros_ws/install/unique_identifier_msgs/share/unique_identifier_msgs/environment/library_path.dsv
[6.214s] -- Installing: /home/abdelrhaman/microros_ws/install/unique_identifier_msgs/lib/libunique_identifier_msgs__rosidl_generator_c.so
[6.214s] -- Set runtime path of "/home/abdelrhaman/microros_ws/install/unique_identifier_msgs/lib/libunique_identifier_msgs__rosidl_generator_c.so" to ""
[6.215s] -- Up-to-date: /home/abdelrhaman/microros_ws/install/unique_identifier_msgs/include/unique_identifier_msgs
[6.215s] -- Installing: /home/abdelrhaman/microros_ws/install/unique_identifier_msgs/include/unique_identifier_msgs/msg
[6.215s] -- Installing: /home/abdelrhaman/microros_ws/install/unique_identifier_msgs/include/unique_identifier_msgs/msg/detail
[6.215s] -- Installing: /home/abdelrhaman/microros_ws/install/unique_identifier_msgs/include/unique_identifier_msgs/msg/detail/uuid__rosidl_typesupport_microxrcedds_c.h
[6.216s] -- Installing: /home/abdelrhaman/microros_ws/install/unique_identifier_msgs/include/unique_identifier_msgs/msg/detail/microxrcedds
[6.216s] -- Installing: /home/abdelrhaman/microros_ws/install/unique_identifier_msgs/include/unique_identifier_msgs/msg/rosidl_typesupport_microxrcedds_c__visibility_control.h
[6.217s] -- Installing: /home/abdelrhaman/microros_ws/install/unique_identifier_msgs/lib/libunique_identifier_msgs__rosidl_typesupport_microxrcedds_c.so
[6.217s] -- Set runtime path of "/home/abdelrhaman/microros_ws/install/unique_identifier_msgs/lib/libunique_identifier_msgs__rosidl_typesupport_microxrcedds_c.so" to ""
[6.218s] -- Up-to-date: /home/abdelrhaman/microros_ws/install/unique_identifier_msgs/include/unique_identifier_msgs/unique_identifier_msgs
[6.218s] -- Up-to-date: /home/abdelrhaman/microros_ws/install/unique_identifier_msgs/include/unique_identifier_msgs/unique_identifier_msgs/msg
[6.218s] -- Up-to-date: /home/abdelrhaman/microros_ws/install/unique_identifier_msgs/include/unique_identifier_msgs/unique_identifier_msgs/msg/detail
[6.219s] -- Installing: /home/abdelrhaman/microros_ws/install/unique_identifier_msgs/include/unique_identifier_msgs/unique_identifier_msgs/msg/detail/uuid__rosidl_typesupport_fastrtps_c.h
[6.219s] -- Installing: /home/abdelrhaman/microros_ws/install/unique_identifier_msgs/include/unique_identifier_msgs/unique_identifier_msgs/msg/rosidl_typesupport_fastrtps_c__visibility_control.h
[6.220s] -- Installing: /home/abdelrhaman/microros_ws/install/unique_identifier_msgs/lib/libunique_identifier_msgs__rosidl_typesupport_fastrtps_c.so
[6.220s] -- Set runtime path of "/home/abdelrhaman/microros_ws/install/unique_identifier_msgs/lib/libunique_identifier_msgs__rosidl_typesupport_fastrtps_c.so" to ""
[6.220s] -- Up-to-date: /home/abdelrhaman/microros_ws/install/unique_identifier_msgs/include/unique_identifier_msgs/unique_identifier_msgs
[6.220s] -- Up-to-date: /home/abdelrhaman/microros_ws/install/unique_identifier_msgs/include/unique_identifier_msgs/unique_identifier_msgs/msg
[6.221s] -- Installing: /home/abdelrhaman/microros_ws/install/unique_identifier_msgs/include/unique_identifier_msgs/unique_identifier_msgs/msg/rosidl_typesupport_introspection_c__visibility_control.h
[6.221s] -- Up-to-date: /home/abdelrhaman/microros_ws/install/unique_identifier_msgs/include/unique_identifier_msgs/unique_identifier_msgs/msg/detail
[6.221s] -- Installing: /home/abdelrhaman/microros_ws/install/unique_identifier_msgs/include/unique_identifier_msgs/unique_identifier_msgs/msg/detail/uuid__type_support.c
[6.222s] -- Installing: /home/abdelrhaman/microros_ws/install/unique_identifier_msgs/include/unique_identifier_msgs/unique_identifier_msgs/msg/detail/uuid__rosidl_typesupport_introspection_c.h
[6.222s] -- Installing: /home/abdelrhaman/microros_ws/install/unique_identifier_msgs/lib/libunique_identifier_msgs__rosidl_typesupport_introspection_c.so
[6.222s] -- Set runtime path of "/home/abdelrhaman/microros_ws/install/unique_identifier_msgs/lib/libunique_identifier_msgs__rosidl_typesupport_introspection_c.so" to ""
[6.223s] -- Installing: /home/abdelrhaman/microros_ws/install/unique_identifier_msgs/lib/libunique_identifier_msgs__rosidl_typesupport_c.so
[6.224s] -- Set runtime path of "/home/abdelrhaman/microros_ws/install/unique_identifier_msgs/lib/libunique_identifier_msgs__rosidl_typesupport_c.so" to ""
[6.224s] -- Up-to-date: /home/abdelrhaman/microros_ws/install/unique_identifier_msgs/include/unique_identifier_msgs/unique_identifier_msgs
[6.224s] -- Up-to-date: /home/abdelrhaman/microros_ws/install/unique_identifier_msgs/include/unique_identifier_msgs/unique_identifier_msgs/msg
[6.224s] -- Up-to-date: /home/abdelrhaman/microros_ws/install/unique_identifier_msgs/include/unique_identifier_msgs/unique_identifier_msgs/msg/detail
[6.224s] -- Installing: /home/abdelrhaman/microros_ws/install/unique_identifier_msgs/include/unique_identifier_msgs/unique_identifier_msgs/msg/detail/uuid__struct.hpp
[6.225s] -- Installing: /home/abdelrhaman/microros_ws/install/unique_identifier_msgs/include/unique_identifier_msgs/unique_identifier_msgs/msg/detail/uuid__traits.hpp
[6.225s] -- Installing: /home/abdelrhaman/microros_ws/install/unique_identifier_msgs/include/unique_identifier_msgs/unique_identifier_msgs/msg/detail/uuid__builder.hpp
[6.225s] -- Installing: /home/abdelrhaman/microros_ws/install/unique_identifier_msgs/include/unique_identifier_msgs/unique_identifier_msgs/msg/uuid.hpp
[6.226s] -- Up-to-date: /home/abdelrhaman/microros_ws/install/unique_identifier_msgs/include/unique_identifier_msgs
[6.226s] -- Up-to-date: /home/abdelrhaman/microros_ws/install/unique_identifier_msgs/include/unique_identifier_msgs/msg
[6.226s] -- Up-to-date: /home/abdelrhaman/microros_ws/install/unique_identifier_msgs/include/unique_identifier_msgs/msg/detail
[6.226s] -- Installing: /home/abdelrhaman/microros_ws/install/unique_identifier_msgs/include/unique_identifier_msgs/msg/detail/uuid__rosidl_typesupport_microxrcedds_cpp.hpp
[6.227s] -- Up-to-date: /home/abdelrhaman/microros_ws/install/unique_identifier_msgs/include/unique_identifier_msgs/msg/detail/microxrcedds
[6.227s] -- Installing: /home/abdelrhaman/microros_ws/install/unique_identifier_msgs/include/unique_identifier_msgs/msg/detail/microxrcedds/uuid__type_support_cpp.cpp
[6.227s] -- Installing: /home/abdelrhaman/microros_ws/install/unique_identifier_msgs/include/unique_identifier_msgs/msg/rosidl_typesupport_microxrcedds_cpp__visibility_control.h
[6.228s] -- Installing: /home/abdelrhaman/microros_ws/install/unique_identifier_msgs/lib/libunique_identifier_msgs__rosidl_typesupport_microxrcedds_cpp.so
[6.228s] -- Set runtime path of "/home/abdelrhaman/microros_ws/install/unique_identifier_msgs/lib/libunique_identifier_msgs__rosidl_typesupport_microxrcedds_cpp.so" to ""
[6.228s] -- Up-to-date: /home/abdelrhaman/microros_ws/install/unique_identifier_msgs/include/unique_identifier_msgs/unique_identifier_msgs
[6.229s] -- Up-to-date: /home/abdelrhaman/microros_ws/install/unique_identifier_msgs/include/unique_identifier_msgs/unique_identifier_msgs/msg
[6.229s] -- Up-to-date: /home/abdelrhaman/microros_ws/install/unique_identifier_msgs/include/unique_identifier_msgs/unique_identifier_msgs/msg/detail
[6.229s] -- Installing: /home/abdelrhaman/microros_ws/install/unique_identifier_msgs/include/unique_identifier_msgs/unique_identifier_msgs/msg/detail/dds_fastrtps
[6.229s] -- Installing: /home/abdelrhaman/microros_ws/install/unique_identifier_msgs/include/unique_identifier_msgs/unique_identifier_msgs/msg/detail/uuid__rosidl_typesupport_fastrtps_cpp.hpp
[6.230s] -- Installing: /home/abdelrhaman/microros_ws/install/unique_identifier_msgs/include/unique_identifier_msgs/unique_identifier_msgs/msg/rosidl_typesupport_fastrtps_cpp__visibility_control.h
[6.230s] -- Installing: /home/abdelrhaman/microros_ws/install/unique_identifier_msgs/lib/libunique_identifier_msgs__rosidl_typesupport_fastrtps_cpp.so
[6.231s] -- Set runtime path of "/home/abdelrhaman/microros_ws/install/unique_identifier_msgs/lib/libunique_identifier_msgs__rosidl_typesupport_fastrtps_cpp.so" to ""
[6.231s] -- Up-to-date: /home/abdelrhaman/microros_ws/install/unique_identifier_msgs/include/unique_identifier_msgs/unique_identifier_msgs
[6.231s] -- Up-to-date: /home/abdelrhaman/microros_ws/install/unique_identifier_msgs/include/unique_identifier_msgs/unique_identifier_msgs/msg
[6.231s] -- Up-to-date: /home/abdelrhaman/microros_ws/install/unique_identifier_msgs/include/unique_identifier_msgs/unique_identifier_msgs/msg/detail
[6.231s] -- Installing: /home/abdelrhaman/microros_ws/install/unique_identifier_msgs/include/unique_identifier_msgs/unique_identifier_msgs/msg/detail/uuid__rosidl_typesupport_introspection_cpp.hpp
[6.232s] -- Installing: /home/abdelrhaman/microros_ws/install/unique_identifier_msgs/include/unique_identifier_msgs/unique_identifier_msgs/msg/detail/uuid__type_support.cpp
[6.232s] -- Installing: /home/abdelrhaman/microros_ws/install/unique_identifier_msgs/lib/libunique_identifier_msgs__rosidl_typesupport_introspection_cpp.so
[6.233s] -- Set runtime path of "/home/abdelrhaman/microros_ws/install/unique_identifier_msgs/lib/libunique_identifier_msgs__rosidl_typesupport_introspection_cpp.so" to ""
[6.233s] -- Installing: /home/abdelrhaman/microros_ws/install/unique_identifier_msgs/lib/libunique_identifier_msgs__rosidl_typesupport_cpp.so
[6.233s] -- Set runtime path of "/home/abdelrhaman/microros_ws/install/unique_identifier_msgs/lib/libunique_identifier_msgs__rosidl_typesupport_cpp.so" to ""
[6.234s] -- Installing: /home/abdelrhaman/microros_ws/install/unique_identifier_msgs/share/unique_identifier_msgs/environment/pythonpath.sh
[6.234s] -- Installing: /home/abdelrhaman/microros_ws/install/unique_identifier_msgs/share/unique_identifier_msgs/environment/pythonpath.dsv
[6.235s] -- Installing: /home/abdelrhaman/microros_ws/install/unique_identifier_msgs/local/lib/python3.10/dist-packages/unique_identifier_msgs-2.2.1-py3.10.egg-info
[6.235s] -- Installing: /home/abdelrhaman/microros_ws/install/unique_identifier_msgs/local/lib/python3.10/dist-packages/unique_identifier_msgs-2.2.1-py3.10.egg-info/PKG-INFO
[6.235s] -- Installing: /home/abdelrhaman/microros_ws/install/unique_identifier_msgs/local/lib/python3.10/dist-packages/unique_identifier_msgs-2.2.1-py3.10.egg-info/SOURCES.txt
[6.236s] -- Installing: /home/abdelrhaman/microros_ws/install/unique_identifier_msgs/local/lib/python3.10/dist-packages/unique_identifier_msgs-2.2.1-py3.10.egg-info/top_level.txt
[6.236s] -- Installing: /home/abdelrhaman/microros_ws/install/unique_identifier_msgs/local/lib/python3.10/dist-packages/unique_identifier_msgs-2.2.1-py3.10.egg-info/dependency_links.txt
[6.236s] -- Installing: /home/abdelrhaman/microros_ws/install/unique_identifier_msgs/local/lib/python3.10/dist-packages/unique_identifier_msgs
[6.237s] -- Installing: /home/abdelrhaman/microros_ws/install/unique_identifier_msgs/local/lib/python3.10/dist-packages/unique_identifier_msgs/_unique_identifier_msgs_s.ep.rosidl_typesupport_fastrtps_c.c
[6.237s] -- Installing: /home/abdelrhaman/microros_ws/install/unique_identifier_msgs/local/lib/python3.10/dist-packages/unique_identifier_msgs/_unique_identifier_msgs_s.ep.rosidl_typesupport_microxrcedds_c.c
[6.237s] -- Installing: /home/abdelrhaman/microros_ws/install/unique_identifier_msgs/local/lib/python3.10/dist-packages/unique_identifier_msgs/unique_identifier_msgs_s__rosidl_typesupport_introspection_c.cpython-310-x86_64-linux-gnu.so
[6.238s] -- Installing: /home/abdelrhaman/microros_ws/install/unique_identifier_msgs/local/lib/python3.10/dist-packages/unique_identifier_msgs/libunique_identifier_msgs__rosidl_generator_py.so
[6.238s] -- Installing: /home/abdelrhaman/microros_ws/install/unique_identifier_msgs/local/lib/python3.10/dist-packages/unique_identifier_msgs/unique_identifier_msgs_s__rosidl_typesupport_microxrcedds_c.cpython-310-x86_64-linux-gnu.so
[6.239s] -- Installing: /home/abdelrhaman/microros_ws/install/unique_identifier_msgs/local/lib/python3.10/dist-packages/unique_identifier_msgs/__init__.py
[6.239s] -- Installing: /home/abdelrhaman/microros_ws/install/unique_identifier_msgs/local/lib/python3.10/dist-packages/unique_identifier_msgs/unique_identifier_msgs_s__rosidl_typesupport_fastrtps_c.cpython-310-x86_64-linux-gnu.so
[6.239s] -- Installing: /home/abdelrhaman/microros_ws/install/unique_identifier_msgs/local/lib/python3.10/dist-packages/unique_identifier_msgs/msg
[6.239s] -- Installing: /home/abdelrhaman/microros_ws/install/unique_identifier_msgs/local/lib/python3.10/dist-packages/unique_identifier_msgs/msg/_uuid.py
[6.240s] -- Installing: /home/abdelrhaman/microros_ws/install/unique_identifier_msgs/local/lib/python3.10/dist-packages/unique_identifier_msgs/msg/_uuid_s.c
[6.240s] -- Installing: /home/abdelrhaman/microros_ws/install/unique_identifier_msgs/local/lib/python3.10/dist-packages/unique_identifier_msgs/msg/__init__.py
[6.240s] -- Installing: /home/abdelrhaman/microros_ws/install/unique_identifier_msgs/local/lib/python3.10/dist-packages/unique_identifier_msgs/_unique_identifier_msgs_s.ep.rosidl_typesupport_c.c
[6.241s] -- Installing: /home/abdelrhaman/microros_ws/install/unique_identifier_msgs/local/lib/python3.10/dist-packages/unique_identifier_msgs/_unique_identifier_msgs_s.ep.rosidl_typesupport_introspection_c.c
[6.241s] -- Installing: /home/abdelrhaman/microros_ws/install/unique_identifier_msgs/local/lib/python3.10/dist-packages/unique_identifier_msgs/unique_identifier_msgs_s__rosidl_typesupport_c.cpython-310-x86_64-linux-gnu.so
[6.366s] Listing '/home/abdelrhaman/microros_ws/install/unique_identifier_msgs/local/lib/python3.10/dist-packages/unique_identifier_msgs'...
[6.366s] Compiling '/home/abdelrhaman/microros_ws/install/unique_identifier_msgs/local/lib/python3.10/dist-packages/unique_identifier_msgs/__init__.py'...
[6.366s] Listing '/home/abdelrhaman/microros_ws/install/unique_identifier_msgs/local/lib/python3.10/dist-packages/unique_identifier_msgs/msg'...
[6.366s] Compiling '/home/abdelrhaman/microros_ws/install/unique_identifier_msgs/local/lib/python3.10/dist-packages/unique_identifier_msgs/msg/__init__.py'...
[6.366s] Compiling '/home/abdelrhaman/microros_ws/install/unique_identifier_msgs/local/lib/python3.10/dist-packages/unique_identifier_msgs/msg/_uuid.py'...
[6.384s] -- Installing: /home/abdelrhaman/microros_ws/install/unique_identifier_msgs/local/lib/python3.10/dist-packages/unique_identifier_msgs/unique_identifier_msgs_s__rosidl_typesupport_microxrcedds_c.cpython-310-x86_64-linux-gnu.so
[6.385s] -- Set runtime path of "/home/abdelrhaman/microros_ws/install/unique_identifier_msgs/local/lib/python3.10/dist-packages/unique_identifier_msgs/unique_identifier_msgs_s__rosidl_typesupport_microxrcedds_c.cpython-310-x86_64-linux-gnu.so" to ""
[6.385s] -- Installing: /home/abdelrhaman/microros_ws/install/unique_identifier_msgs/local/lib/python3.10/dist-packages/unique_identifier_msgs/unique_identifier_msgs_s__rosidl_typesupport_fastrtps_c.cpython-310-x86_64-linux-gnu.so
[6.386s] -- Set runtime path of "/home/abdelrhaman/microros_ws/install/unique_identifier_msgs/local/lib/python3.10/dist-packages/unique_identifier_msgs/unique_identifier_msgs_s__rosidl_typesupport_fastrtps_c.cpython-310-x86_64-linux-gnu.so" to ""
[6.386s] -- Installing: /home/abdelrhaman/microros_ws/install/unique_identifier_msgs/local/lib/python3.10/dist-packages/unique_identifier_msgs/unique_identifier_msgs_s__rosidl_typesupport_introspection_c.cpython-310-x86_64-linux-gnu.so
[6.387s] -- Set runtime path of "/home/abdelrhaman/microros_ws/install/unique_identifier_msgs/local/lib/python3.10/dist-packages/unique_identifier_msgs/unique_identifier_msgs_s__rosidl_typesupport_introspection_c.cpython-310-x86_64-linux-gnu.so" to ""
[6.387s] -- Installing: /home/abdelrhaman/microros_ws/install/unique_identifier_msgs/local/lib/python3.10/dist-packages/unique_identifier_msgs/unique_identifier_msgs_s__rosidl_typesupport_c.cpython-310-x86_64-linux-gnu.so
[6.388s] -- Set runtime path of "/home/abdelrhaman/microros_ws/install/unique_identifier_msgs/local/lib/python3.10/dist-packages/unique_identifier_msgs/unique_identifier_msgs_s__rosidl_typesupport_c.cpython-310-x86_64-linux-gnu.so" to ""
[6.388s] -- Installing: /home/abdelrhaman/microros_ws/install/unique_identifier_msgs/lib/libunique_identifier_msgs__rosidl_generator_py.so
[6.389s] -- Set runtime path of "/home/abdelrhaman/microros_ws/install/unique_identifier_msgs/lib/libunique_identifier_msgs__rosidl_generator_py.so" to ""
[6.389s] -- Installing: /home/abdelrhaman/microros_ws/install/unique_identifier_msgs/share/unique_identifier_msgs/msg/UUID.idl
[6.389s] -- Installing: /home/abdelrhaman/microros_ws/install/unique_identifier_msgs/share/unique_identifier_msgs/msg/UUID.msg
[6.390s] -- Installing: /home/abdelrhaman/microros_ws/install/unique_identifier_msgs/share/ament_index/resource_index/package_run_dependencies/unique_identifier_msgs
[6.390s] -- Installing: /home/abdelrhaman/microros_ws/install/unique_identifier_msgs/share/ament_index/resource_index/parent_prefix_path/unique_identifier_msgs
[6.390s] -- Installing: /home/abdelrhaman/microros_ws/install/unique_identifier_msgs/share/unique_identifier_msgs/environment/ament_prefix_path.sh
[6.392s] -- Installing: /home/abdelrhaman/microros_ws/install/unique_identifier_msgs/share/unique_identifier_msgs/environment/ament_prefix_path.dsv
[6.392s] -- Installing: /home/abdelrhaman/microros_ws/install/unique_identifier_msgs/share/unique_identifier_msgs/environment/path.sh
[6.394s] -- Installing: /home/abdelrhaman/microros_ws/install/unique_identifier_msgs/share/unique_identifier_msgs/environment/path.dsv
[6.397s] -- Installing: /home/abdelrhaman/microros_ws/install/unique_identifier_msgs/share/unique_identifier_msgs/local_setup.bash
[6.397s] -- Installing: /home/abdelrhaman/microros_ws/install/unique_identifier_msgs/share/unique_identifier_msgs/local_setup.sh
[6.397s] -- Installing: /home/abdelrhaman/microros_ws/install/unique_identifier_msgs/share/unique_identifier_msgs/local_setup.zsh
[6.398s] -- Installing: /home/abdelrhaman/microros_ws/install/unique_identifier_msgs/share/unique_identifier_msgs/local_setup.dsv
[6.398s] -- Installing: /home/abdelrhaman/microros_ws/install/unique_identifier_msgs/share/unique_identifier_msgs/package.dsv
[6.398s] -- Installing: /home/abdelrhaman/microros_ws/install/unique_identifier_msgs/share/ament_index/resource_index/packages/unique_identifier_msgs
[6.398s] -- Installing: /home/abdelrhaman/microros_ws/install/unique_identifier_msgs/share/unique_identifier_msgs/cmake/export_unique_identifier_msgs__rosidl_generator_cExport.cmake
[6.398s] -- Installing: /home/abdelrhaman/microros_ws/install/unique_identifier_msgs/share/unique_identifier_msgs/cmake/export_unique_identifier_msgs__rosidl_generator_cExport-noconfig.cmake
[6.398s] -- Installing: /home/abdelrhaman/microros_ws/install/unique_identifier_msgs/share/unique_identifier_msgs/cmake/export_unique_identifier_msgs__rosidl_typesupport_fastrtps_cExport.cmake
[6.398s] -- Installing: /home/abdelrhaman/microros_ws/install/unique_identifier_msgs/share/unique_identifier_msgs/cmake/export_unique_identifier_msgs__rosidl_typesupport_fastrtps_cExport-noconfig.cmake
[6.398s] -- Installing: /home/abdelrhaman/microros_ws/install/unique_identifier_msgs/share/unique_identifier_msgs/cmake/unique_identifier_msgs__rosidl_typesupport_introspection_cExport.cmake
[6.398s] -- Installing: /home/abdelrhaman/microros_ws/install/unique_identifier_msgs/share/unique_identifier_msgs/cmake/unique_identifier_msgs__rosidl_typesupport_introspection_cExport-noconfig.cmake
[6.398s] -- Installing: /home/abdelrhaman/microros_ws/install/unique_identifier_msgs/share/unique_identifier_msgs/cmake/unique_identifier_msgs__rosidl_typesupport_cExport.cmake
[6.398s] -- Installing: /home/abdelrhaman/microros_ws/install/unique_identifier_msgs/share/unique_identifier_msgs/cmake/unique_identifier_msgs__rosidl_typesupport_cExport-noconfig.cmake
[6.398s] -- Installing: /home/abdelrhaman/microros_ws/install/unique_identifier_msgs/share/unique_identifier_msgs/cmake/export_unique_identifier_msgs__rosidl_generator_cppExport.cmake
[6.398s] -- Installing: /home/abdelrhaman/microros_ws/install/unique_identifier_msgs/share/unique_identifier_msgs/cmake/export_unique_identifier_msgs__rosidl_typesupport_fastrtps_cppExport.cmake
[6.398s] -- Installing: /home/abdelrhaman/microros_ws/install/unique_identifier_msgs/share/unique_identifier_msgs/cmake/export_unique_identifier_msgs__rosidl_typesupport_fastrtps_cppExport-noconfig.cmake
[6.399s] -- Installing: /home/abdelrhaman/microros_ws/install/unique_identifier_msgs/share/unique_identifier_msgs/cmake/unique_identifier_msgs__rosidl_typesupport_introspection_cppExport.cmake
[6.399s] -- Installing: /home/abdelrhaman/microros_ws/install/unique_identifier_msgs/share/unique_identifier_msgs/cmake/unique_identifier_msgs__rosidl_typesupport_introspection_cppExport-noconfig.cmake
[6.400s] -- Installing: /home/abdelrhaman/microros_ws/install/unique_identifier_msgs/share/unique_identifier_msgs/cmake/unique_identifier_msgs__rosidl_typesupport_cppExport.cmake
[6.400s] -- Installing: /home/abdelrhaman/microros_ws/install/unique_identifier_msgs/share/unique_identifier_msgs/cmake/unique_identifier_msgs__rosidl_typesupport_cppExport-noconfig.cmake
[6.400s] -- Installing: /home/abdelrhaman/microros_ws/install/unique_identifier_msgs/share/unique_identifier_msgs/cmake/export_unique_identifier_msgs__rosidl_generator_pyExport.cmake
[6.400s] -- Installing: /home/abdelrhaman/microros_ws/install/unique_identifier_msgs/share/unique_identifier_msgs/cmake/export_unique_identifier_msgs__rosidl_generator_pyExport-noconfig.cmake
[6.400s] -- Installing: /home/abdelrhaman/microros_ws/install/unique_identifier_msgs/share/unique_identifier_msgs/cmake/rosidl_cmake-extras.cmake
[6.400s] -- Installing: /home/abdelrhaman/microros_ws/install/unique_identifier_msgs/share/unique_identifier_msgs/cmake/ament_cmake_export_include_directories-extras.cmake
[6.401s] -- Installing: /home/abdelrhaman/microros_ws/install/unique_identifier_msgs/share/unique_identifier_msgs/cmake/ament_cmake_export_libraries-extras.cmake
[6.401s] -- Installing: /home/abdelrhaman/microros_ws/install/unique_identifier_msgs/share/unique_identifier_msgs/cmake/ament_cmake_export_targets-extras.cmake
[6.401s] -- Installing: /home/abdelrhaman/microros_ws/install/unique_identifier_msgs/share/unique_identifier_msgs/cmake/rosidl_cmake_export_typesupport_targets-extras.cmake
[6.401s] -- Installing: /home/abdelrhaman/microros_ws/install/unique_identifier_msgs/share/unique_identifier_msgs/cmake/ament_cmake_export_dependencies-extras.cmake
[6.402s] -- Installing: /home/abdelrhaman/microros_ws/install/unique_identifier_msgs/share/unique_identifier_msgs/cmake/rosidl_cmake_export_typesupport_libraries-extras.cmake
[6.402s] -- Installing: /home/abdelrhaman/microros_ws/install/unique_identifier_msgs/share/unique_identifier_msgs/cmake/unique_identifier_msgsConfig.cmake
[6.402s] -- Installing: /home/abdelrhaman/microros_ws/install/unique_identifier_msgs/share/unique_identifier_msgs/cmake/unique_identifier_msgsConfig-version.cmake
[6.402s] -- Installing: /home/abdelrhaman/microros_ws/install/unique_identifier_msgs/share/unique_identifier_msgs/package.xml
[6.403s] -- Installing: /home/abdelrhaman/microros_ws/install/unique_identifier_msgs/share/unique_identifier_msgs/mapping_rules.yaml
[6.418s] Invoked command in '/home/abdelrhaman/microros_ws/build/unique_identifier_msgs' returned '0': CMAKE_PREFIX_PATH=${CMAKE_PREFIX_PATH}:/home/abdelrhaman/ros/install/my_robot_controller:/opt/ros/humble /usr/bin/cmake --install /home/abdelrhaman/microros_ws/build/unique_identifier_msgs
