[0.020s] Invoking command in '/home/abdelrhaman/microros_ws/build/builtin_interfaces': CMAKE_PREFIX_PATH=/home/abdelrhaman/ros/install/my_robot_controller:/opt/ros/humble /usr/bin/cmake /home/abdelrhaman/microros_ws/src/ros2/rcl_interfaces/builtin_interfaces -DCMAKE_INSTALL_PREFIX=/home/abdelrhaman/microros_ws/install/builtin_interfaces
[0.036s] -- Found ament_cmake: 1.3.10 (/opt/ros/humble/share/ament_cmake/cmake)
[0.144s] -- Found rosidl_default_generators: 1.2.0 (/opt/ros/humble/share/rosidl_default_generators/cmake)
[0.146s] -- Using all available rosidl_typesupport_c: rosidl_typesupport_fastrtps_c;rosidl_typesupport_introspection_c
[0.148s] -- Found rosidl_adapter: 3.1.5 (/opt/ros/humble/share/rosidl_adapter/cmake)
[0.173s] -- Using all available rosidl_typesupport_cpp: rosidl_typesupport_fastrtps_cpp;rosidl_typesupport_introspection_cpp
[0.409s] -- Found ament_cmake_ros: 0.10.0 (/opt/ros/humble/share/ament_cmake_ros/cmake)
[0.569s] -- Using all available rosidl_typesupport_c: rosidl_typesupport_fastrtps_c;rosidl_typesupport_introspection_c
[0.745s] -- Using all available rosidl_typesupport_cpp: rosidl_typesupport_fastrtps_cpp;rosidl_typesupport_introspection_cpp
[0.761s] -- Found python_cmake_module: 0.10.0 (/opt/ros/humble/share/python_cmake_module/cmake)
[0.779s] -- Using PYTHON_EXECUTABLE: /usr/bin/python3
[0.779s] -- Using PYTHON_INCLUDE_DIRS: /usr/include/python3.10
[0.779s] -- Using PYTHON_LIBRARIES: /usr/lib/x86_64-linux-gnu/libpython3.10.so
[0.791s] -- Configuring done
[0.832s] -- Generating done
[0.833s] -- Build files have been written to: /home/abdelrhaman/microros_ws/build/builtin_interfaces
[0.838s] Invoked command in '/home/abdelrhaman/microros_ws/build/builtin_interfaces' returned '0': CMAKE_PREFIX_PATH=/home/abdelrhaman/ros/install/my_robot_controller:/opt/ros/humble /usr/bin/cmake /home/abdelrhaman/microros_ws/src/ros2/rcl_interfaces/builtin_interfaces -DCMAKE_INSTALL_PREFIX=/home/abdelrhaman/microros_ws/install/builtin_interfaces
[0.840s] Invoking command in '/home/abdelrhaman/microros_ws/build/builtin_interfaces': CMAKE_PREFIX_PATH=/home/abdelrhaman/ros/install/my_robot_controller:/opt/ros/humble /usr/bin/cmake --build /home/abdelrhaman/microros_ws/build/builtin_interfaces -- -j20 -l20
[0.870s] [35m[1mConsolidate compiler generated dependencies of target builtin_interfaces__rosidl_generator_c[0m
[0.880s] [ 10%] Built target builtin_interfaces__rosidl_generator_c
[0.884s] [ 12%] Built target builtin_interfaces__cpp
[0.891s] [ 15%] [34m[1mGenerating C type support dispatch for ROS interfaces[0m
[0.891s] [35m[1mConsolidate compiler generated dependencies of target builtin_interfaces__rosidl_typesupport_introspection_c[0m
[0.892s] [ 17%] [34m[1mGenerating C++ type support dispatch for ROS interfaces[0m
[0.892s] [35m[1mConsolidate compiler generated dependencies of target builtin_interfaces__rosidl_typesupport_fastrtps_c[0m
[0.896s] [35m[1mConsolidate compiler generated dependencies of target builtin_interfaces__rosidl_typesupport_introspection_cpp[0m
[0.896s] [35m[1mConsolidate compiler generated dependencies of target builtin_interfaces__rosidl_typesupport_fastrtps_cpp[0m
[0.898s] [ 17%] Built target ament_cmake_python_copy_builtin_interfaces
[0.904s] [ 28%] Built target builtin_interfaces__rosidl_typesupport_introspection_c
[0.905s] [ 38%] Built target builtin_interfaces__rosidl_typesupport_fastrtps_c
[0.909s] [ 48%] Built target builtin_interfaces__rosidl_typesupport_fastrtps_cpp
[0.911s] [ 58%] Built target builtin_interfaces__rosidl_typesupport_introspection_cpp
[1.103s] [35m[1mConsolidate compiler generated dependencies of target builtin_interfaces__rosidl_typesupport_cpp[0m
[1.113s] [ 64%] [32mBuilding CXX object CMakeFiles/builtin_interfaces__rosidl_typesupport_cpp.dir/rosidl_typesupport_cpp/builtin_interfaces/msg/duration__type_support.cpp.o[0m
[1.113s] [ 64%] [32mBuilding CXX object CMakeFiles/builtin_interfaces__rosidl_typesupport_cpp.dir/rosidl_typesupport_cpp/builtin_interfaces/msg/time__type_support.cpp.o[0m
[1.224s] [35m[1mConsolidate compiler generated dependencies of target builtin_interfaces__rosidl_typesupport_c[0m
[1.240s] [ 69%] [32mBuilding CXX object CMakeFiles/builtin_interfaces__rosidl_typesupport_c.dir/rosidl_typesupport_c/builtin_interfaces/msg/time__type_support.cpp.o[0m
[1.240s] [ 69%] [32mBuilding CXX object CMakeFiles/builtin_interfaces__rosidl_typesupport_c.dir/rosidl_typesupport_c/builtin_interfaces/msg/duration__type_support.cpp.o[0m
[1.277s] [ 71%] [32m[1mLinking CXX shared library libbuiltin_interfaces__rosidl_typesupport_c.so[0m
[1.328s] [ 71%] Built target builtin_interfaces__rosidl_typesupport_c
[1.427s] [ 74%] [32m[1mLinking CXX shared library libbuiltin_interfaces__rosidl_typesupport_cpp.so[0m
[1.470s] [ 74%] Built target builtin_interfaces__rosidl_typesupport_cpp
[1.487s] [ 74%] Built target builtin_interfaces
[1.506s] [ 76%] Built target builtin_interfaces__py
[1.514s] [35m[1mConsolidate compiler generated dependencies of target builtin_interfaces__rosidl_generator_py[0m
[1.523s] [ 79%] [32m[1mLinking C shared library rosidl_generator_py/builtin_interfaces/libbuiltin_interfaces__rosidl_generator_py.so[0m
[1.533s] running egg_info
[1.557s] [ 84%] Built target builtin_interfaces__rosidl_generator_py
[1.565s] [35m[1mConsolidate compiler generated dependencies of target builtin_interfaces__rosidl_typesupport_c__pyext[0m
[1.565s] [35m[1mConsolidate compiler generated dependencies of target builtin_interfaces__rosidl_typesupport_fastrtps_c__pyext[0m
[1.566s] [35m[1mConsolidate compiler generated dependencies of target builtin_interfaces__rosidl_typesupport_introspection_c__pyext[0m
[1.574s] [ 87%] [32m[1mLinking C shared library rosidl_generator_py/builtin_interfaces/builtin_interfaces_s__rosidl_typesupport_c.cpython-310-x86_64-linux-gnu.so[0m
[1.576s] [ 89%] [32m[1mLinking C shared library rosidl_generator_py/builtin_interfaces/builtin_interfaces_s__rosidl_typesupport_fastrtps_c.cpython-310-x86_64-linux-gnu.so[0m
[1.578s] [ 92%] [32m[1mLinking C shared library rosidl_generator_py/builtin_interfaces/builtin_interfaces_s__rosidl_typesupport_introspection_c.cpython-310-x86_64-linux-gnu.so[0m
[1.606s] [ 94%] Built target builtin_interfaces__rosidl_typesupport_c__pyext
[1.609s] [ 97%] Built target builtin_interfaces__rosidl_typesupport_fastrtps_c__pyext
[1.612s] [100%] Built target builtin_interfaces__rosidl_typesupport_introspection_c__pyext
[1.617s] writing builtin_interfaces.egg-info/PKG-INFO
[1.679s] writing dependency_links to builtin_interfaces.egg-info/dependency_links.txt
[2.062s] writing top-level names to builtin_interfaces.egg-info/top_level.txt
[2.116s] reading manifest file 'builtin_interfaces.egg-info/SOURCES.txt'
[2.117s] writing manifest file 'builtin_interfaces.egg-info/SOURCES.txt'
[2.143s] [100%] Built target ament_cmake_python_build_builtin_interfaces_egg
[2.154s] Invoked command in '/home/abdelrhaman/microros_ws/build/builtin_interfaces' returned '0': CMAKE_PREFIX_PATH=/home/abdelrhaman/ros/install/my_robot_controller:/opt/ros/humble /usr/bin/cmake --build /home/abdelrhaman/microros_ws/build/builtin_interfaces -- -j20 -l20
[2.220s] Invoking command in '/home/abdelrhaman/microros_ws/build/builtin_interfaces': CMAKE_PREFIX_PATH=/home/abdelrhaman/ros/install/my_robot_controller:/opt/ros/humble /usr/bin/cmake --install /home/abdelrhaman/microros_ws/build/builtin_interfaces
[2.227s] -- Install configuration: ""
[2.227s] -- Up-to-date: /home/abdelrhaman/microros_ws/install/builtin_interfaces/share/ament_index/resource_index/rosidl_interfaces/builtin_interfaces
[2.227s] -- Up-to-date: /home/abdelrhaman/microros_ws/install/builtin_interfaces/include/builtin_interfaces/builtin_interfaces
[2.227s] -- Up-to-date: /home/abdelrhaman/microros_ws/install/builtin_interfaces/include/builtin_interfaces/builtin_interfaces/msg
[2.227s] -- Up-to-date: /home/abdelrhaman/microros_ws/install/builtin_interfaces/include/builtin_interfaces/builtin_interfaces/msg/rosidl_generator_c__visibility_control.h
[2.227s] -- Up-to-date: /home/abdelrhaman/microros_ws/install/builtin_interfaces/include/builtin_interfaces/builtin_interfaces/msg/detail
[2.227s] -- Up-to-date: /home/abdelrhaman/microros_ws/install/builtin_interfaces/include/builtin_interfaces/builtin_interfaces/msg/detail/duration__functions.h
[2.228s] -- Up-to-date: /home/abdelrhaman/microros_ws/install/builtin_interfaces/include/builtin_interfaces/builtin_interfaces/msg/detail/time__type_support.h
[2.228s] -- Up-to-date: /home/abdelrhaman/microros_ws/install/builtin_interfaces/include/builtin_interfaces/builtin_interfaces/msg/detail/duration__type_support.h
[2.228s] -- Up-to-date: /home/abdelrhaman/microros_ws/install/builtin_interfaces/include/builtin_interfaces/builtin_interfaces/msg/detail/time__struct.h
[2.228s] -- Up-to-date: /home/abdelrhaman/microros_ws/install/builtin_interfaces/include/builtin_interfaces/builtin_interfaces/msg/detail/duration__struct.h
[2.228s] -- Up-to-date: /home/abdelrhaman/microros_ws/install/builtin_interfaces/include/builtin_interfaces/builtin_interfaces/msg/detail/duration__functions.c
[2.228s] -- Up-to-date: /home/abdelrhaman/microros_ws/install/builtin_interfaces/include/builtin_interfaces/builtin_interfaces/msg/detail/time__functions.h
[2.228s] -- Up-to-date: /home/abdelrhaman/microros_ws/install/builtin_interfaces/include/builtin_interfaces/builtin_interfaces/msg/detail/time__functions.c
[2.228s] -- Up-to-date: /home/abdelrhaman/microros_ws/install/builtin_interfaces/include/builtin_interfaces/builtin_interfaces/msg/duration.h
[2.228s] -- Up-to-date: /home/abdelrhaman/microros_ws/install/builtin_interfaces/include/builtin_interfaces/builtin_interfaces/msg/time.h
[2.228s] -- Up-to-date: /home/abdelrhaman/microros_ws/install/builtin_interfaces/share/builtin_interfaces/environment/library_path.sh
[2.228s] -- Installing: /home/abdelrhaman/microros_ws/install/builtin_interfaces/share/builtin_interfaces/environment/library_path.dsv
[2.228s] -- Up-to-date: /home/abdelrhaman/microros_ws/install/builtin_interfaces/lib/libbuiltin_interfaces__rosidl_generator_c.so
[2.228s] -- Up-to-date: /home/abdelrhaman/microros_ws/install/builtin_interfaces/include/builtin_interfaces/builtin_interfaces
[2.229s] -- Up-to-date: /home/abdelrhaman/microros_ws/install/builtin_interfaces/include/builtin_interfaces/builtin_interfaces/msg
[2.229s] -- Up-to-date: /home/abdelrhaman/microros_ws/install/builtin_interfaces/include/builtin_interfaces/builtin_interfaces/msg/detail
[2.229s] -- Up-to-date: /home/abdelrhaman/microros_ws/install/builtin_interfaces/include/builtin_interfaces/builtin_interfaces/msg/detail/time__rosidl_typesupport_fastrtps_c.h
[2.229s] -- Up-to-date: /home/abdelrhaman/microros_ws/install/builtin_interfaces/include/builtin_interfaces/builtin_interfaces/msg/detail/duration__rosidl_typesupport_fastrtps_c.h
[2.229s] -- Up-to-date: /home/abdelrhaman/microros_ws/install/builtin_interfaces/include/builtin_interfaces/builtin_interfaces/msg/rosidl_typesupport_fastrtps_c__visibility_control.h
[2.229s] -- Up-to-date: /home/abdelrhaman/microros_ws/install/builtin_interfaces/lib/libbuiltin_interfaces__rosidl_typesupport_fastrtps_c.so
[2.229s] -- Up-to-date: /home/abdelrhaman/microros_ws/install/builtin_interfaces/include/builtin_interfaces/builtin_interfaces
[2.229s] -- Up-to-date: /home/abdelrhaman/microros_ws/install/builtin_interfaces/include/builtin_interfaces/builtin_interfaces/msg
[2.229s] -- Up-to-date: /home/abdelrhaman/microros_ws/install/builtin_interfaces/include/builtin_interfaces/builtin_interfaces/msg/rosidl_typesupport_introspection_c__visibility_control.h
[2.229s] -- Up-to-date: /home/abdelrhaman/microros_ws/install/builtin_interfaces/include/builtin_interfaces/builtin_interfaces/msg/detail
[2.229s] -- Up-to-date: /home/abdelrhaman/microros_ws/install/builtin_interfaces/include/builtin_interfaces/builtin_interfaces/msg/detail/time__type_support.c
[2.230s] -- Up-to-date: /home/abdelrhaman/microros_ws/install/builtin_interfaces/include/builtin_interfaces/builtin_interfaces/msg/detail/time__rosidl_typesupport_introspection_c.h
[2.230s] -- Up-to-date: /home/abdelrhaman/microros_ws/install/builtin_interfaces/include/builtin_interfaces/builtin_interfaces/msg/detail/duration__type_support.c
[2.230s] -- Up-to-date: /home/abdelrhaman/microros_ws/install/builtin_interfaces/include/builtin_interfaces/builtin_interfaces/msg/detail/duration__rosidl_typesupport_introspection_c.h
[2.230s] -- Up-to-date: /home/abdelrhaman/microros_ws/install/builtin_interfaces/lib/libbuiltin_interfaces__rosidl_typesupport_introspection_c.so
[2.230s] -- Installing: /home/abdelrhaman/microros_ws/install/builtin_interfaces/lib/libbuiltin_interfaces__rosidl_typesupport_c.so
[2.230s] -- Set runtime path of "/home/abdelrhaman/microros_ws/install/builtin_interfaces/lib/libbuiltin_interfaces__rosidl_typesupport_c.so" to ""
[2.230s] -- Up-to-date: /home/abdelrhaman/microros_ws/install/builtin_interfaces/include/builtin_interfaces/builtin_interfaces
[2.230s] -- Up-to-date: /home/abdelrhaman/microros_ws/install/builtin_interfaces/include/builtin_interfaces/builtin_interfaces/msg
[2.230s] -- Up-to-date: /home/abdelrhaman/microros_ws/install/builtin_interfaces/include/builtin_interfaces/builtin_interfaces/msg/detail
[2.230s] -- Up-to-date: /home/abdelrhaman/microros_ws/install/builtin_interfaces/include/builtin_interfaces/builtin_interfaces/msg/detail/duration__traits.hpp
[2.230s] -- Up-to-date: /home/abdelrhaman/microros_ws/install/builtin_interfaces/include/builtin_interfaces/builtin_interfaces/msg/detail/time__builder.hpp
[2.230s] -- Up-to-date: /home/abdelrhaman/microros_ws/install/builtin_interfaces/include/builtin_interfaces/builtin_interfaces/msg/detail/duration__builder.hpp
[2.231s] -- Up-to-date: /home/abdelrhaman/microros_ws/install/builtin_interfaces/include/builtin_interfaces/builtin_interfaces/msg/detail/duration__struct.hpp
[2.231s] -- Up-to-date: /home/abdelrhaman/microros_ws/install/builtin_interfaces/include/builtin_interfaces/builtin_interfaces/msg/detail/time__traits.hpp
[2.231s] -- Up-to-date: /home/abdelrhaman/microros_ws/install/builtin_interfaces/include/builtin_interfaces/builtin_interfaces/msg/detail/time__struct.hpp
[2.231s] -- Up-to-date: /home/abdelrhaman/microros_ws/install/builtin_interfaces/include/builtin_interfaces/builtin_interfaces/msg/time.hpp
[2.231s] -- Up-to-date: /home/abdelrhaman/microros_ws/install/builtin_interfaces/include/builtin_interfaces/builtin_interfaces/msg/duration.hpp
[2.231s] -- Up-to-date: /home/abdelrhaman/microros_ws/install/builtin_interfaces/include/builtin_interfaces/builtin_interfaces
[2.231s] -- Up-to-date: /home/abdelrhaman/microros_ws/install/builtin_interfaces/include/builtin_interfaces/builtin_interfaces/msg
[2.231s] -- Up-to-date: /home/abdelrhaman/microros_ws/install/builtin_interfaces/include/builtin_interfaces/builtin_interfaces/msg/detail
[2.231s] -- Up-to-date: /home/abdelrhaman/microros_ws/install/builtin_interfaces/include/builtin_interfaces/builtin_interfaces/msg/detail/duration__rosidl_typesupport_fastrtps_cpp.hpp
[2.231s] -- Up-to-date: /home/abdelrhaman/microros_ws/install/builtin_interfaces/include/builtin_interfaces/builtin_interfaces/msg/detail/dds_fastrtps
[2.231s] -- Up-to-date: /home/abdelrhaman/microros_ws/install/builtin_interfaces/include/builtin_interfaces/builtin_interfaces/msg/detail/time__rosidl_typesupport_fastrtps_cpp.hpp
[2.232s] -- Up-to-date: /home/abdelrhaman/microros_ws/install/builtin_interfaces/include/builtin_interfaces/builtin_interfaces/msg/rosidl_typesupport_fastrtps_cpp__visibility_control.h
[2.232s] -- Up-to-date: /home/abdelrhaman/microros_ws/install/builtin_interfaces/lib/libbuiltin_interfaces__rosidl_typesupport_fastrtps_cpp.so
[2.232s] -- Up-to-date: /home/abdelrhaman/microros_ws/install/builtin_interfaces/include/builtin_interfaces/builtin_interfaces
[2.232s] -- Up-to-date: /home/abdelrhaman/microros_ws/install/builtin_interfaces/include/builtin_interfaces/builtin_interfaces/msg
[2.232s] -- Up-to-date: /home/abdelrhaman/microros_ws/install/builtin_interfaces/include/builtin_interfaces/builtin_interfaces/msg/detail
[2.232s] -- Up-to-date: /home/abdelrhaman/microros_ws/install/builtin_interfaces/include/builtin_interfaces/builtin_interfaces/msg/detail/duration__type_support.cpp
[2.232s] -- Up-to-date: /home/abdelrhaman/microros_ws/install/builtin_interfaces/include/builtin_interfaces/builtin_interfaces/msg/detail/duration__rosidl_typesupport_introspection_cpp.hpp
[2.232s] -- Up-to-date: /home/abdelrhaman/microros_ws/install/builtin_interfaces/include/builtin_interfaces/builtin_interfaces/msg/detail/time__rosidl_typesupport_introspection_cpp.hpp
[2.232s] -- Up-to-date: /home/abdelrhaman/microros_ws/install/builtin_interfaces/include/builtin_interfaces/builtin_interfaces/msg/detail/time__type_support.cpp
[2.232s] -- Up-to-date: /home/abdelrhaman/microros_ws/install/builtin_interfaces/lib/libbuiltin_interfaces__rosidl_typesupport_introspection_cpp.so
[2.232s] -- Installing: /home/abdelrhaman/microros_ws/install/builtin_interfaces/lib/libbuiltin_interfaces__rosidl_typesupport_cpp.so
[2.232s] -- Set runtime path of "/home/abdelrhaman/microros_ws/install/builtin_interfaces/lib/libbuiltin_interfaces__rosidl_typesupport_cpp.so" to ""
[2.232s] -- Up-to-date: /home/abdelrhaman/microros_ws/install/builtin_interfaces/share/builtin_interfaces/environment/pythonpath.sh
[2.232s] -- Installing: /home/abdelrhaman/microros_ws/install/builtin_interfaces/share/builtin_interfaces/environment/pythonpath.dsv
[2.232s] -- Up-to-date: /home/abdelrhaman/microros_ws/install/builtin_interfaces/local/lib/python3.10/dist-packages/builtin_interfaces-1.2.1-py3.10.egg-info
[2.232s] -- Installing: /home/abdelrhaman/microros_ws/install/builtin_interfaces/local/lib/python3.10/dist-packages/builtin_interfaces-1.2.1-py3.10.egg-info/PKG-INFO
[2.232s] -- Installing: /home/abdelrhaman/microros_ws/install/builtin_interfaces/local/lib/python3.10/dist-packages/builtin_interfaces-1.2.1-py3.10.egg-info/SOURCES.txt
[2.232s] -- Installing: /home/abdelrhaman/microros_ws/install/builtin_interfaces/local/lib/python3.10/dist-packages/builtin_interfaces-1.2.1-py3.10.egg-info/top_level.txt
[2.233s] -- Installing: /home/abdelrhaman/microros_ws/install/builtin_interfaces/local/lib/python3.10/dist-packages/builtin_interfaces-1.2.1-py3.10.egg-info/dependency_links.txt
[2.233s] -- Up-to-date: /home/abdelrhaman/microros_ws/install/builtin_interfaces/local/lib/python3.10/dist-packages/builtin_interfaces
[2.233s] -- Installing: /home/abdelrhaman/microros_ws/install/builtin_interfaces/local/lib/python3.10/dist-packages/builtin_interfaces/builtin_interfaces_s__rosidl_typesupport_fastrtps_c.cpython-310-x86_64-linux-gnu.so
[2.233s] -- Up-to-date: /home/abdelrhaman/microros_ws/install/builtin_interfaces/local/lib/python3.10/dist-packages/builtin_interfaces/builtin_interfaces_s__rosidl_typesupport_microxrcedds_c.cpython-310-x86_64-linux-gnu.so
[2.233s] -- Up-to-date: /home/abdelrhaman/microros_ws/install/builtin_interfaces/local/lib/python3.10/dist-packages/builtin_interfaces/_builtin_interfaces_s.ep.rosidl_typesupport_introspection_c.c
[2.233s] -- Installing: /home/abdelrhaman/microros_ws/install/builtin_interfaces/local/lib/python3.10/dist-packages/builtin_interfaces/libbuiltin_interfaces__rosidl_generator_py.so
[2.233s] -- Up-to-date: /home/abdelrhaman/microros_ws/install/builtin_interfaces/local/lib/python3.10/dist-packages/builtin_interfaces/_builtin_interfaces_s.ep.rosidl_typesupport_c.c
[2.233s] -- Installing: /home/abdelrhaman/microros_ws/install/builtin_interfaces/local/lib/python3.10/dist-packages/builtin_interfaces/__init__.py
[2.233s] -- Installing: /home/abdelrhaman/microros_ws/install/builtin_interfaces/local/lib/python3.10/dist-packages/builtin_interfaces/builtin_interfaces_s__rosidl_typesupport_c.cpython-310-x86_64-linux-gnu.so
[2.233s] -- Installing: /home/abdelrhaman/microros_ws/install/builtin_interfaces/local/lib/python3.10/dist-packages/builtin_interfaces/builtin_interfaces_s__rosidl_typesupport_introspection_c.cpython-310-x86_64-linux-gnu.so
[2.233s] -- Up-to-date: /home/abdelrhaman/microros_ws/install/builtin_interfaces/local/lib/python3.10/dist-packages/builtin_interfaces/msg
[2.233s] -- Up-to-date: /home/abdelrhaman/microros_ws/install/builtin_interfaces/local/lib/python3.10/dist-packages/builtin_interfaces/msg/_time_s.c
[2.233s] -- Up-to-date: /home/abdelrhaman/microros_ws/install/builtin_interfaces/local/lib/python3.10/dist-packages/builtin_interfaces/msg/_time.py
[2.233s] -- Up-to-date: /home/abdelrhaman/microros_ws/install/builtin_interfaces/local/lib/python3.10/dist-packages/builtin_interfaces/msg/_duration.py
[2.233s] -- Up-to-date: /home/abdelrhaman/microros_ws/install/builtin_interfaces/local/lib/python3.10/dist-packages/builtin_interfaces/msg/_duration_s.c
[2.233s] -- Up-to-date: /home/abdelrhaman/microros_ws/install/builtin_interfaces/local/lib/python3.10/dist-packages/builtin_interfaces/msg/__init__.py
[2.233s] -- Up-to-date: /home/abdelrhaman/microros_ws/install/builtin_interfaces/local/lib/python3.10/dist-packages/builtin_interfaces/_builtin_interfaces_s.ep.rosidl_typesupport_microxrcedds_c.c
[2.233s] -- Up-to-date: /home/abdelrhaman/microros_ws/install/builtin_interfaces/local/lib/python3.10/dist-packages/builtin_interfaces/_builtin_interfaces_s.ep.rosidl_typesupport_fastrtps_c.c
[2.255s] Listing '/home/abdelrhaman/microros_ws/install/builtin_interfaces/local/lib/python3.10/dist-packages/builtin_interfaces'...
[2.255s] Compiling '/home/abdelrhaman/microros_ws/install/builtin_interfaces/local/lib/python3.10/dist-packages/builtin_interfaces/__init__.py'...
[2.255s] Listing '/home/abdelrhaman/microros_ws/install/builtin_interfaces/local/lib/python3.10/dist-packages/builtin_interfaces/msg'...
[2.258s] -- Installing: /home/abdelrhaman/microros_ws/install/builtin_interfaces/local/lib/python3.10/dist-packages/builtin_interfaces/builtin_interfaces_s__rosidl_typesupport_fastrtps_c.cpython-310-x86_64-linux-gnu.so
[2.258s] -- Set runtime path of "/home/abdelrhaman/microros_ws/install/builtin_interfaces/local/lib/python3.10/dist-packages/builtin_interfaces/builtin_interfaces_s__rosidl_typesupport_fastrtps_c.cpython-310-x86_64-linux-gnu.so" to ""
[2.258s] -- Installing: /home/abdelrhaman/microros_ws/install/builtin_interfaces/local/lib/python3.10/dist-packages/builtin_interfaces/builtin_interfaces_s__rosidl_typesupport_introspection_c.cpython-310-x86_64-linux-gnu.so
[2.258s] -- Set runtime path of "/home/abdelrhaman/microros_ws/install/builtin_interfaces/local/lib/python3.10/dist-packages/builtin_interfaces/builtin_interfaces_s__rosidl_typesupport_introspection_c.cpython-310-x86_64-linux-gnu.so" to ""
[2.258s] -- Installing: /home/abdelrhaman/microros_ws/install/builtin_interfaces/local/lib/python3.10/dist-packages/builtin_interfaces/builtin_interfaces_s__rosidl_typesupport_c.cpython-310-x86_64-linux-gnu.so
[2.260s] -- Set runtime path of "/home/abdelrhaman/microros_ws/install/builtin_interfaces/local/lib/python3.10/dist-packages/builtin_interfaces/builtin_interfaces_s__rosidl_typesupport_c.cpython-310-x86_64-linux-gnu.so" to ""
[2.260s] -- Installing: /home/abdelrhaman/microros_ws/install/builtin_interfaces/lib/libbuiltin_interfaces__rosidl_generator_py.so
[2.260s] -- Set runtime path of "/home/abdelrhaman/microros_ws/install/builtin_interfaces/lib/libbuiltin_interfaces__rosidl_generator_py.so" to ""
[2.260s] -- Up-to-date: /home/abdelrhaman/microros_ws/install/builtin_interfaces/share/builtin_interfaces/msg/Duration.idl
[2.260s] -- Up-to-date: /home/abdelrhaman/microros_ws/install/builtin_interfaces/share/builtin_interfaces/msg/Time.idl
[2.260s] -- Up-to-date: /home/abdelrhaman/microros_ws/install/builtin_interfaces/share/builtin_interfaces/msg/Duration.msg
[2.260s] -- Up-to-date: /home/abdelrhaman/microros_ws/install/builtin_interfaces/share/builtin_interfaces/msg/Time.msg
[2.260s] -- Up-to-date: /home/abdelrhaman/microros_ws/install/builtin_interfaces/share/ament_index/resource_index/package_run_dependencies/builtin_interfaces
[2.260s] -- Installing: /home/abdelrhaman/microros_ws/install/builtin_interfaces/share/ament_index/resource_index/parent_prefix_path/builtin_interfaces
[2.260s] -- Up-to-date: /home/abdelrhaman/microros_ws/install/builtin_interfaces/share/builtin_interfaces/environment/ament_prefix_path.sh
[2.260s] -- Installing: /home/abdelrhaman/microros_ws/install/builtin_interfaces/share/builtin_interfaces/environment/ament_prefix_path.dsv
[2.260s] -- Up-to-date: /home/abdelrhaman/microros_ws/install/builtin_interfaces/share/builtin_interfaces/environment/path.sh
[2.260s] -- Installing: /home/abdelrhaman/microros_ws/install/builtin_interfaces/share/builtin_interfaces/environment/path.dsv
[2.260s] -- Up-to-date: /home/abdelrhaman/microros_ws/install/builtin_interfaces/share/builtin_interfaces/local_setup.bash
[2.261s] -- Up-to-date: /home/abdelrhaman/microros_ws/install/builtin_interfaces/share/builtin_interfaces/local_setup.sh
[2.261s] -- Up-to-date: /home/abdelrhaman/microros_ws/install/builtin_interfaces/share/builtin_interfaces/local_setup.zsh
[2.261s] -- Installing: /home/abdelrhaman/microros_ws/install/builtin_interfaces/share/builtin_interfaces/local_setup.dsv
[2.261s] -- Installing: /home/abdelrhaman/microros_ws/install/builtin_interfaces/share/builtin_interfaces/package.dsv
[2.261s] -- Up-to-date: /home/abdelrhaman/microros_ws/install/builtin_interfaces/share/ament_index/resource_index/packages/builtin_interfaces
[2.261s] -- Up-to-date: /home/abdelrhaman/microros_ws/install/builtin_interfaces/share/builtin_interfaces/cmake/export_builtin_interfaces__rosidl_generator_cExport.cmake
[2.261s] -- Up-to-date: /home/abdelrhaman/microros_ws/install/builtin_interfaces/share/builtin_interfaces/cmake/export_builtin_interfaces__rosidl_generator_cExport-noconfig.cmake
[2.261s] -- Up-to-date: /home/abdelrhaman/microros_ws/install/builtin_interfaces/share/builtin_interfaces/cmake/export_builtin_interfaces__rosidl_typesupport_fastrtps_cExport.cmake
[2.261s] -- Up-to-date: /home/abdelrhaman/microros_ws/install/builtin_interfaces/share/builtin_interfaces/cmake/export_builtin_interfaces__rosidl_typesupport_fastrtps_cExport-noconfig.cmake
[2.262s] -- Up-to-date: /home/abdelrhaman/microros_ws/install/builtin_interfaces/share/builtin_interfaces/cmake/builtin_interfaces__rosidl_typesupport_introspection_cExport.cmake
[2.262s] -- Up-to-date: /home/abdelrhaman/microros_ws/install/builtin_interfaces/share/builtin_interfaces/cmake/builtin_interfaces__rosidl_typesupport_introspection_cExport-noconfig.cmake
[2.262s] -- Up-to-date: /home/abdelrhaman/microros_ws/install/builtin_interfaces/share/builtin_interfaces/cmake/builtin_interfaces__rosidl_typesupport_cExport.cmake
[2.262s] -- Up-to-date: /home/abdelrhaman/microros_ws/install/builtin_interfaces/share/builtin_interfaces/cmake/builtin_interfaces__rosidl_typesupport_cExport-noconfig.cmake
[2.262s] -- Up-to-date: /home/abdelrhaman/microros_ws/install/builtin_interfaces/share/builtin_interfaces/cmake/export_builtin_interfaces__rosidl_generator_cppExport.cmake
[2.262s] -- Up-to-date: /home/abdelrhaman/microros_ws/install/builtin_interfaces/share/builtin_interfaces/cmake/export_builtin_interfaces__rosidl_typesupport_fastrtps_cppExport.cmake
[2.262s] -- Up-to-date: /home/abdelrhaman/microros_ws/install/builtin_interfaces/share/builtin_interfaces/cmake/export_builtin_interfaces__rosidl_typesupport_fastrtps_cppExport-noconfig.cmake
[2.262s] -- Up-to-date: /home/abdelrhaman/microros_ws/install/builtin_interfaces/share/builtin_interfaces/cmake/builtin_interfaces__rosidl_typesupport_introspection_cppExport.cmake
[2.262s] -- Up-to-date: /home/abdelrhaman/microros_ws/install/builtin_interfaces/share/builtin_interfaces/cmake/builtin_interfaces__rosidl_typesupport_introspection_cppExport-noconfig.cmake
[2.263s] -- Up-to-date: /home/abdelrhaman/microros_ws/install/builtin_interfaces/share/builtin_interfaces/cmake/builtin_interfaces__rosidl_typesupport_cppExport.cmake
[2.263s] -- Up-to-date: /home/abdelrhaman/microros_ws/install/builtin_interfaces/share/builtin_interfaces/cmake/builtin_interfaces__rosidl_typesupport_cppExport-noconfig.cmake
[2.263s] -- Up-to-date: /home/abdelrhaman/microros_ws/install/builtin_interfaces/share/builtin_interfaces/cmake/export_builtin_interfaces__rosidl_generator_pyExport.cmake
[2.263s] -- Up-to-date: /home/abdelrhaman/microros_ws/install/builtin_interfaces/share/builtin_interfaces/cmake/export_builtin_interfaces__rosidl_generator_pyExport-noconfig.cmake
[2.263s] -- Up-to-date: /home/abdelrhaman/microros_ws/install/builtin_interfaces/share/builtin_interfaces/cmake/rosidl_cmake-extras.cmake
[2.263s] -- Installing: /home/abdelrhaman/microros_ws/install/builtin_interfaces/share/builtin_interfaces/cmake/ament_cmake_export_include_directories-extras.cmake
[2.263s] -- Up-to-date: /home/abdelrhaman/microros_ws/install/builtin_interfaces/share/builtin_interfaces/cmake/ament_cmake_export_libraries-extras.cmake
[2.263s] -- Up-to-date: /home/abdelrhaman/microros_ws/install/builtin_interfaces/share/builtin_interfaces/cmake/ament_cmake_export_targets-extras.cmake
[2.263s] -- Up-to-date: /home/abdelrhaman/microros_ws/install/builtin_interfaces/share/builtin_interfaces/cmake/rosidl_cmake_export_typesupport_targets-extras.cmake
[2.263s] -- Up-to-date: /home/abdelrhaman/microros_ws/install/builtin_interfaces/share/builtin_interfaces/cmake/ament_cmake_export_dependencies-extras.cmake
[2.263s] -- Installing: /home/abdelrhaman/microros_ws/install/builtin_interfaces/share/builtin_interfaces/cmake/rosidl_cmake_export_typesupport_libraries-extras.cmake
[2.263s] -- Up-to-date: /home/abdelrhaman/microros_ws/install/builtin_interfaces/share/builtin_interfaces/cmake/builtin_interfacesConfig.cmake
[2.264s] -- Up-to-date: /home/abdelrhaman/microros_ws/install/builtin_interfaces/share/builtin_interfaces/cmake/builtin_interfacesConfig-version.cmake
[2.264s] -- Up-to-date: /home/abdelrhaman/microros_ws/install/builtin_interfaces/share/builtin_interfaces/package.xml
[2.265s] Invoked command in '/home/abdelrhaman/microros_ws/build/builtin_interfaces' returned '0': CMAKE_PREFIX_PATH=/home/abdelrhaman/ros/install/my_robot_controller:/opt/ros/humble /usr/bin/cmake --install /home/abdelrhaman/microros_ws/build/builtin_interfaces
