[0.023s] Invoking command in '/home/abdelrhaman/microros_ws/build/lifecycle_msgs': CMAKE_PREFIX_PATH=${CMAKE_PREFIX_PATH}:/home/abdelrhaman/ros/install/my_robot_controller:/opt/ros/humble /usr/bin/cmake /home/abdelrhaman/microros_ws/src/ros2/rcl_interfaces/lifecycle_msgs -DBUILD_TESTING=OFF -DBUILD_SHARED_LIBS=ON -DCMAKE_INSTALL_PREFIX=/home/abdelrhaman/microros_ws/install/lifecycle_msgs
[0.063s] -- The C compiler identification is GNU 11.4.0
[0.118s] -- The CXX compiler identification is GNU 11.4.0
[0.126s] -- Detecting C compiler ABI info
[0.184s] -- Detecting C compiler ABI info - done
[0.189s] -- Check for working C compiler: /usr/bin/cc - skipped
[0.189s] -- Detecting C compile features
[0.190s] -- Detecting C compile features - done
[0.192s] -- Detecting CXX compiler ABI info
[0.263s] -- Detecting CXX compiler ABI info - done
[0.273s] -- Check for working CXX compiler: /usr/bin/c++ - skipped
[0.273s] -- Detecting CXX compile features
[0.274s] -- Detecting CXX compile features - done
[0.277s] -- Found ament_cmake: 1.3.10 (/opt/ros/humble/share/ament_cmake/cmake)
[0.875s] -- Found Python3: /usr/bin/python3 (found version "3.10.12") found components: Interpreter 
[0.948s] -- Found rosidl_default_generators: 1.2.0 (/opt/ros/humble/share/rosidl_default_generators/cmake)
[0.952s] -- Using all available rosidl_typesupport_c: rosidl_typesupport_microxrcedds_c;rosidl_typesupport_fastrtps_c;rosidl_typesupport_introspection_c
[0.961s] -- Found rosidl_adapter: 3.1.5 (/opt/ros/humble/share/rosidl_adapter/cmake)
[1.028s] -- Using all available rosidl_typesupport_cpp: rosidl_typesupport_microxrcedds_cpp;rosidl_typesupport_fastrtps_cpp;rosidl_typesupport_introspection_cpp
[1.335s] -- Found ament_cmake_ros: 0.10.0 (/opt/ros/humble/share/ament_cmake_ros/cmake)
[1.566s] -- Using all available rosidl_typesupport_c: rosidl_typesupport_microxrcedds_c;rosidl_typesupport_fastrtps_c;rosidl_typesupport_introspection_c
[1.845s] -- Using all available rosidl_typesupport_cpp: rosidl_typesupport_microxrcedds_cpp;rosidl_typesupport_fastrtps_cpp;rosidl_typesupport_introspection_cpp
[1.863s] -- Found PythonInterp: /usr/bin/python3 (found suitable version "3.10.12", minimum required is "3.6") 
[1.864s] -- Found python_cmake_module: 0.10.0 (/opt/ros/humble/share/python_cmake_module/cmake)
[1.895s] -- Found PythonLibs: /usr/lib/x86_64-linux-gnu/libpython3.10.so (found suitable version "3.10.12", minimum required is "3.5") 
[1.895s] -- Using PYTHON_EXECUTABLE: /usr/bin/python3
[1.895s] -- Using PYTHON_INCLUDE_DIRS: /usr/include/python3.10
[1.895s] -- Using PYTHON_LIBRARIES: /usr/lib/x86_64-linux-gnu/libpython3.10.so
[1.923s] -- Found PythonExtra: .so  
[1.969s] -- Configuring done
[1.998s] -- Generating done
[2.000s] -- Build files have been written to: /home/abdelrhaman/microros_ws/build/lifecycle_msgs
[2.005s] Invoked command in '/home/abdelrhaman/microros_ws/build/lifecycle_msgs' returned '0': CMAKE_PREFIX_PATH=${CMAKE_PREFIX_PATH}:/home/abdelrhaman/ros/install/my_robot_controller:/opt/ros/humble /usr/bin/cmake /home/abdelrhaman/microros_ws/src/ros2/rcl_interfaces/lifecycle_msgs -DBUILD_TESTING=OFF -DBUILD_SHARED_LIBS=ON -DCMAKE_INSTALL_PREFIX=/home/abdelrhaman/microros_ws/install/lifecycle_msgs
[2.006s] Invoking command in '/home/abdelrhaman/microros_ws/build/lifecycle_msgs': CMAKE_PREFIX_PATH=${CMAKE_PREFIX_PATH}:/home/abdelrhaman/ros/install/my_robot_controller:/opt/ros/humble /usr/bin/cmake --build /home/abdelrhaman/microros_ws/build/lifecycle_msgs -- -j20 -l20
[2.039s] [  1%] [34m[1mGenerating C code for ROS interfaces[0m
[2.046s] [  1%] [34m[1mGenerating C++ code for ROS interfaces[0m
[2.058s] [  1%] Built target ament_cmake_python_copy_lifecycle_msgs
[2.744s] running egg_info
[2.744s] creating lifecycle_msgs.egg-info
[2.814s] writing lifecycle_msgs.egg-info/PKG-INFO
[2.875s] writing dependency_links to lifecycle_msgs.egg-info/dependency_links.txt
[3.257s] writing top-level names to lifecycle_msgs.egg-info/top_level.txt
[3.257s] writing manifest file 'lifecycle_msgs.egg-info/SOURCES.txt'
[3.455s] reading manifest file 'lifecycle_msgs.egg-info/SOURCES.txt'
[3.460s] writing manifest file 'lifecycle_msgs.egg-info/SOURCES.txt'
[3.597s] [  1%] Built target ament_cmake_python_build_lifecycle_msgs_egg
[3.883s] [  1%] Built target lifecycle_msgs__cpp
[3.940s] [  2%] [34m[1mGenerating C++ type support for eProsima Micro XRCE-DDS[0m
[3.953s] [  3%] [34m[1mGenerating C++ introspection for ROS interfaces[0m
[3.964s] [  4%] [34m[1mGenerating C++ type support dispatch for ROS interfaces[0m
[3.979s] [  5%] [34m[1mGenerating C++ type support for eProsima Fast-RTPS[0m
[4.551s] [  6%] [32mBuilding C object CMakeFiles/lifecycle_msgs__rosidl_generator_c.dir/rosidl_generator_c/lifecycle_msgs/msg/detail/state__functions.c.o[0m
[4.565s] [  7%] [32mBuilding C object CMakeFiles/lifecycle_msgs__rosidl_generator_c.dir/rosidl_generator_c/lifecycle_msgs/msg/detail/transition_event__functions.c.o[0m
[4.572s] [  8%] [32mBuilding C object CMakeFiles/lifecycle_msgs__rosidl_generator_c.dir/rosidl_generator_c/lifecycle_msgs/msg/detail/transition__functions.c.o[0m
[4.579s] [  9%] [32mBuilding C object CMakeFiles/lifecycle_msgs__rosidl_generator_c.dir/rosidl_generator_c/lifecycle_msgs/msg/detail/transition_description__functions.c.o[0m
[4.589s] [ 10%] [32mBuilding C object CMakeFiles/lifecycle_msgs__rosidl_generator_c.dir/rosidl_generator_c/lifecycle_msgs/srv/detail/get_available_transitions__functions.c.o[0m
[4.589s] [ 11%] [32mBuilding C object CMakeFiles/lifecycle_msgs__rosidl_generator_c.dir/rosidl_generator_c/lifecycle_msgs/srv/detail/change_state__functions.c.o[0m
[4.602s] [ 12%] [32mBuilding C object CMakeFiles/lifecycle_msgs__rosidl_generator_c.dir/rosidl_generator_c/lifecycle_msgs/srv/detail/get_available_states__functions.c.o[0m
[4.612s] [ 13%] [32mBuilding C object CMakeFiles/lifecycle_msgs__rosidl_generator_c.dir/rosidl_generator_c/lifecycle_msgs/srv/detail/get_state__functions.c.o[0m
[4.861s] [ 14%] [32m[1mLinking C shared library liblifecycle_msgs__rosidl_generator_c.so[0m
[4.956s] [ 14%] Built target lifecycle_msgs__rosidl_generator_c
[4.983s] [ 15%] [34m[1mGenerating C type support for eProsima Micro XRCE-DDS[0m
[4.997s] [ 16%] [34m[1mGenerating C type support dispatch for ROS interfaces[0m
[5.001s] [ 17%] [34m[1mGenerating C introspection for ROS interfaces[0m
[5.009s] [ 18%] [34m[1mGenerating C type support for eProsima Fast-RTPS[0m
[5.581s] [ 23%] [32mBuilding CXX object CMakeFiles/lifecycle_msgs__rosidl_typesupport_cpp.dir/rosidl_typesupport_cpp/lifecycle_msgs/srv/get_available_transitions__type_support.cpp.o[0m
[5.581s] [ 23%] [32mBuilding CXX object CMakeFiles/lifecycle_msgs__rosidl_typesupport_cpp.dir/rosidl_typesupport_cpp/lifecycle_msgs/srv/get_state__type_support.cpp.o[0m
[5.581s] [ 23%] [32mBuilding CXX object CMakeFiles/lifecycle_msgs__rosidl_typesupport_cpp.dir/rosidl_typesupport_cpp/lifecycle_msgs/msg/transition_description__type_support.cpp.o[0m
[5.581s] [ 23%] [32mBuilding CXX object CMakeFiles/lifecycle_msgs__rosidl_typesupport_cpp.dir/rosidl_typesupport_cpp/lifecycle_msgs/srv/get_available_states__type_support.cpp.o[0m
[5.581s] [ 25%] [32mBuilding CXX object CMakeFiles/lifecycle_msgs__rosidl_typesupport_cpp.dir/rosidl_typesupport_cpp/lifecycle_msgs/srv/change_state__type_support.cpp.o[0m
[5.581s] [ 25%] [32mBuilding CXX object CMakeFiles/lifecycle_msgs__rosidl_typesupport_cpp.dir/rosidl_typesupport_cpp/lifecycle_msgs/msg/transition_event__type_support.cpp.o[0m
[5.581s] [ 23%] [32mBuilding CXX object CMakeFiles/lifecycle_msgs__rosidl_typesupport_cpp.dir/rosidl_typesupport_cpp/lifecycle_msgs/msg/transition__type_support.cpp.o[0m
[5.581s] [ 23%] [32mBuilding CXX object CMakeFiles/lifecycle_msgs__rosidl_typesupport_cpp.dir/rosidl_typesupport_cpp/lifecycle_msgs/msg/state__type_support.cpp.o[0m
[5.873s] [ 26%] [32mBuilding CXX object CMakeFiles/lifecycle_msgs__rosidl_typesupport_introspection_cpp.dir/rosidl_typesupport_introspection_cpp/lifecycle_msgs/msg/detail/transition__type_support.cpp.o[0m
[5.874s] [ 27%] [32mBuilding CXX object CMakeFiles/lifecycle_msgs__rosidl_typesupport_introspection_cpp.dir/rosidl_typesupport_introspection_cpp/lifecycle_msgs/msg/detail/transition_event__type_support.cpp.o[0m
[5.878s] [ 28%] [32mBuilding CXX object CMakeFiles/lifecycle_msgs__rosidl_typesupport_introspection_cpp.dir/rosidl_typesupport_introspection_cpp/lifecycle_msgs/msg/detail/state__type_support.cpp.o[0m
[5.885s] [ 29%] [32mBuilding CXX object CMakeFiles/lifecycle_msgs__rosidl_typesupport_introspection_cpp.dir/rosidl_typesupport_introspection_cpp/lifecycle_msgs/srv/detail/get_available_transitions__type_support.cpp.o[0m
[5.885s] [ 29%] [32mBuilding CXX object CMakeFiles/lifecycle_msgs__rosidl_typesupport_introspection_cpp.dir/rosidl_typesupport_introspection_cpp/lifecycle_msgs/srv/detail/change_state__type_support.cpp.o[0m
[5.886s] [ 30%] [32mBuilding CXX object CMakeFiles/lifecycle_msgs__rosidl_typesupport_introspection_cpp.dir/rosidl_typesupport_introspection_cpp/lifecycle_msgs/msg/detail/transition_description__type_support.cpp.o[0m
[5.888s] [ 31%] [32mBuilding CXX object CMakeFiles/lifecycle_msgs__rosidl_typesupport_introspection_cpp.dir/rosidl_typesupport_introspection_cpp/lifecycle_msgs/srv/detail/get_available_states__type_support.cpp.o[0m
[5.914s] [ 32%] [32mBuilding CXX object CMakeFiles/lifecycle_msgs__rosidl_typesupport_introspection_cpp.dir/rosidl_typesupport_introspection_cpp/lifecycle_msgs/srv/detail/get_state__type_support.cpp.o[0m
[5.995s] [ 33%] [32mBuilding CXX object CMakeFiles/lifecycle_msgs__rosidl_typesupport_c.dir/rosidl_typesupport_c/lifecycle_msgs/msg/state__type_support.cpp.o[0m
[6.012s] [ 34%] [32mBuilding CXX object CMakeFiles/lifecycle_msgs__rosidl_typesupport_c.dir/rosidl_typesupport_c/lifecycle_msgs/msg/transition__type_support.cpp.o[0m
[6.012s] [ 34%] [32mBuilding CXX object CMakeFiles/lifecycle_msgs__rosidl_typesupport_c.dir/rosidl_typesupport_c/lifecycle_msgs/msg/transition_description__type_support.cpp.o[0m
[6.047s] [ 35%] [32mBuilding CXX object CMakeFiles/lifecycle_msgs__rosidl_typesupport_c.dir/rosidl_typesupport_c/lifecycle_msgs/msg/transition_event__type_support.cpp.o[0m
[6.061s] [ 36%] [32m[1mLinking CXX shared library liblifecycle_msgs__rosidl_typesupport_cpp.so[0m
[6.069s] [ 37%] [32mBuilding CXX object CMakeFiles/lifecycle_msgs__rosidl_typesupport_c.dir/rosidl_typesupport_c/lifecycle_msgs/srv/change_state__type_support.cpp.o[0m
[6.070s] [ 38%] [32mBuilding CXX object CMakeFiles/lifecycle_msgs__rosidl_typesupport_c.dir/rosidl_typesupport_c/lifecycle_msgs/srv/get_available_states__type_support.cpp.o[0m
[6.081s] [ 39%] [32mBuilding CXX object CMakeFiles/lifecycle_msgs__rosidl_typesupport_c.dir/rosidl_typesupport_c/lifecycle_msgs/srv/get_available_transitions__type_support.cpp.o[0m
[6.103s] [ 40%] [32mBuilding CXX object CMakeFiles/lifecycle_msgs__rosidl_typesupport_c.dir/rosidl_typesupport_c/lifecycle_msgs/srv/get_state__type_support.cpp.o[0m
[6.154s] [ 41%] [32m[1mLinking CXX shared library liblifecycle_msgs__rosidl_typesupport_c.so[0m
[6.156s] [ 42%] [32mBuilding CXX object CMakeFiles/lifecycle_msgs__rosidl_typesupport_microxrcedds_cpp.dir/rosidl_typesupport_microxrcedds_cpp/lifecycle_msgs/msg/detail/microxrcedds/state__type_support_cpp.cpp.o[0m
[6.157s] [ 43%] [32mBuilding CXX object CMakeFiles/lifecycle_msgs__rosidl_typesupport_microxrcedds_cpp.dir/rosidl_typesupport_microxrcedds_cpp/lifecycle_msgs/msg/detail/microxrcedds/transition__type_support_cpp.cpp.o[0m
[6.157s] [ 44%] [32mBuilding CXX object CMakeFiles/lifecycle_msgs__rosidl_typesupport_microxrcedds_cpp.dir/rosidl_typesupport_microxrcedds_cpp/lifecycle_msgs/msg/detail/microxrcedds/transition_description__type_support_cpp.cpp.o[0m
[6.160s] [ 45%] [32mBuilding CXX object CMakeFiles/lifecycle_msgs__rosidl_typesupport_microxrcedds_cpp.dir/rosidl_typesupport_microxrcedds_cpp/lifecycle_msgs/msg/detail/microxrcedds/transition_event__type_support_cpp.cpp.o[0m
[6.162s] [ 46%] [32mBuilding CXX object CMakeFiles/lifecycle_msgs__rosidl_typesupport_microxrcedds_cpp.dir/rosidl_typesupport_microxrcedds_cpp/lifecycle_msgs/srv/detail/microxrcedds/change_state__type_support_cpp.cpp.o[0m
[6.174s] [ 46%] Built target lifecycle_msgs__rosidl_typesupport_cpp
[6.182s] [ 47%] [32mBuilding CXX object CMakeFiles/lifecycle_msgs__rosidl_typesupport_microxrcedds_cpp.dir/rosidl_typesupport_microxrcedds_cpp/lifecycle_msgs/srv/detail/microxrcedds/get_available_states__type_support_cpp.cpp.o[0m
[6.187s] [ 48%] [32mBuilding CXX object CMakeFiles/lifecycle_msgs__rosidl_typesupport_microxrcedds_cpp.dir/rosidl_typesupport_microxrcedds_cpp/lifecycle_msgs/srv/detail/microxrcedds/get_available_transitions__type_support_cpp.cpp.o[0m
[6.194s] [ 49%] [32mBuilding CXX object CMakeFiles/lifecycle_msgs__rosidl_typesupport_fastrtps_cpp.dir/rosidl_typesupport_fastrtps_cpp/lifecycle_msgs/msg/detail/dds_fastrtps/state__type_support.cpp.o[0m
[6.240s] [ 49%] Built target lifecycle_msgs__rosidl_typesupport_c
[6.293s] [ 50%] [32mBuilding CXX object CMakeFiles/lifecycle_msgs__rosidl_typesupport_microxrcedds_cpp.dir/rosidl_typesupport_microxrcedds_cpp/lifecycle_msgs/srv/detail/microxrcedds/get_state__type_support_cpp.cpp.o[0m
[6.432s] [ 51%] [32mBuilding CXX object CMakeFiles/lifecycle_msgs__rosidl_typesupport_fastrtps_cpp.dir/rosidl_typesupport_fastrtps_cpp/lifecycle_msgs/msg/detail/dds_fastrtps/transition__type_support.cpp.o[0m
[6.456s] [ 52%] [32mBuilding CXX object CMakeFiles/lifecycle_msgs__rosidl_typesupport_fastrtps_cpp.dir/rosidl_typesupport_fastrtps_cpp/lifecycle_msgs/msg/detail/dds_fastrtps/transition_description__type_support.cpp.o[0m
[6.462s] [ 53%] [32mBuilding C object CMakeFiles/lifecycle_msgs__rosidl_typesupport_introspection_c.dir/rosidl_typesupport_introspection_c/lifecycle_msgs/msg/detail/state__type_support.c.o[0m
[6.480s] [ 54%] [32mBuilding C object CMakeFiles/lifecycle_msgs__rosidl_typesupport_introspection_c.dir/rosidl_typesupport_introspection_c/lifecycle_msgs/msg/detail/transition__type_support.c.o[0m
[6.487s] [ 55%] [32mBuilding CXX object CMakeFiles/lifecycle_msgs__rosidl_typesupport_fastrtps_cpp.dir/rosidl_typesupport_fastrtps_cpp/lifecycle_msgs/msg/detail/dds_fastrtps/transition_event__type_support.cpp.o[0m
[6.538s] [ 56%] [32mBuilding C object CMakeFiles/lifecycle_msgs__rosidl_typesupport_introspection_c.dir/rosidl_typesupport_introspection_c/lifecycle_msgs/msg/detail/transition_description__type_support.c.o[0m
[6.540s] [ 56%] [32mBuilding CXX object CMakeFiles/lifecycle_msgs__rosidl_typesupport_fastrtps_cpp.dir/rosidl_typesupport_fastrtps_cpp/lifecycle_msgs/srv/detail/dds_fastrtps/change_state__type_support.cpp.o[0m
[6.548s] [ 57%] [32mBuilding C object CMakeFiles/lifecycle_msgs__rosidl_typesupport_introspection_c.dir/rosidl_typesupport_introspection_c/lifecycle_msgs/msg/detail/transition_event__type_support.c.o[0m
[6.554s] [ 58%] [32mBuilding C object CMakeFiles/lifecycle_msgs__rosidl_typesupport_introspection_c.dir/rosidl_typesupport_introspection_c/lifecycle_msgs/srv/detail/get_available_states__type_support.c.o[0m
[6.554s] [ 59%] [32mBuilding C object CMakeFiles/lifecycle_msgs__rosidl_typesupport_microxrcedds_c.dir/rosidl_typesupport_microxrcedds_c/lifecycle_msgs/msg/detail/microxrcedds/state__type_support_c.c.o[0m
[6.565s] [ 60%] [32mBuilding C object CMakeFiles/lifecycle_msgs__rosidl_typesupport_introspection_c.dir/rosidl_typesupport_introspection_c/lifecycle_msgs/srv/detail/change_state__type_support.c.o[0m
[6.565s] [ 61%] [32mBuilding CXX object CMakeFiles/lifecycle_msgs__rosidl_typesupport_fastrtps_cpp.dir/rosidl_typesupport_fastrtps_cpp/lifecycle_msgs/srv/detail/dds_fastrtps/get_available_states__type_support.cpp.o[0m
[6.591s] [ 61%] [32mBuilding C object CMakeFiles/lifecycle_msgs__rosidl_typesupport_introspection_c.dir/rosidl_typesupport_introspection_c/lifecycle_msgs/srv/detail/get_available_transitions__type_support.c.o[0m
[6.620s] [ 62%] [32mBuilding C object CMakeFiles/lifecycle_msgs__rosidl_typesupport_introspection_c.dir/rosidl_typesupport_introspection_c/lifecycle_msgs/srv/detail/get_state__type_support.c.o[0m
[6.633s] [ 63%] [32mBuilding C object CMakeFiles/lifecycle_msgs__rosidl_typesupport_microxrcedds_c.dir/rosidl_typesupport_microxrcedds_c/lifecycle_msgs/msg/detail/microxrcedds/transition__type_support_c.c.o[0m
[6.633s] [ 64%] [32mBuilding C object CMakeFiles/lifecycle_msgs__rosidl_typesupport_microxrcedds_c.dir/rosidl_typesupport_microxrcedds_c/lifecycle_msgs/msg/detail/microxrcedds/transition_description__type_support_c.c.o[0m
[6.640s] [ 65%] [32mBuilding CXX object CMakeFiles/lifecycle_msgs__rosidl_typesupport_fastrtps_cpp.dir/rosidl_typesupport_fastrtps_cpp/lifecycle_msgs/srv/detail/dds_fastrtps/get_available_transitions__type_support.cpp.o[0m
[6.657s] [ 66%] [32m[1mLinking CXX shared library liblifecycle_msgs__rosidl_typesupport_introspection_cpp.so[0m
[6.657s] [ 67%] [32mBuilding CXX object CMakeFiles/lifecycle_msgs__rosidl_typesupport_fastrtps_cpp.dir/rosidl_typesupport_fastrtps_cpp/lifecycle_msgs/srv/detail/dds_fastrtps/get_state__type_support.cpp.o[0m
[6.659s] [ 68%] [32mBuilding C object CMakeFiles/lifecycle_msgs__rosidl_typesupport_microxrcedds_c.dir/rosidl_typesupport_microxrcedds_c/lifecycle_msgs/msg/detail/microxrcedds/transition_event__type_support_c.c.o[0m
[6.671s] [ 69%] [32mBuilding C object CMakeFiles/lifecycle_msgs__rosidl_typesupport_microxrcedds_c.dir/rosidl_typesupport_microxrcedds_c/lifecycle_msgs/srv/detail/microxrcedds/change_state__type_support_c.c.o[0m
[6.673s] [ 70%] [32mBuilding C object CMakeFiles/lifecycle_msgs__rosidl_typesupport_microxrcedds_c.dir/rosidl_typesupport_microxrcedds_c/lifecycle_msgs/srv/detail/microxrcedds/get_available_states__type_support_c.c.o[0m
[6.714s] [ 71%] [32mBuilding C object CMakeFiles/lifecycle_msgs__rosidl_typesupport_microxrcedds_c.dir/rosidl_typesupport_microxrcedds_c/lifecycle_msgs/srv/detail/microxrcedds/get_available_transitions__type_support_c.c.o[0m
[6.714s] [ 72%] [32m[1mLinking C shared library liblifecycle_msgs__rosidl_typesupport_introspection_c.so[0m
[6.740s] [ 73%] [32mBuilding C object CMakeFiles/lifecycle_msgs__rosidl_typesupport_microxrcedds_c.dir/rosidl_typesupport_microxrcedds_c/lifecycle_msgs/srv/detail/microxrcedds/get_state__type_support_c.c.o[0m
[6.790s] [ 73%] Built target lifecycle_msgs__rosidl_typesupport_introspection_c
[6.797s] [ 73%] [32mBuilding CXX object CMakeFiles/lifecycle_msgs__rosidl_typesupport_fastrtps_c.dir/rosidl_typesupport_fastrtps_c/lifecycle_msgs/srv/detail/change_state__type_support_c.cpp.o[0m
[6.800s] [ 74%] [32mBuilding CXX object CMakeFiles/lifecycle_msgs__rosidl_typesupport_fastrtps_c.dir/rosidl_typesupport_fastrtps_c/lifecycle_msgs/msg/detail/transition_event__type_support_c.cpp.o[0m
[6.801s] [ 75%] [32mBuilding CXX object CMakeFiles/lifecycle_msgs__rosidl_typesupport_fastrtps_c.dir/rosidl_typesupport_fastrtps_c/lifecycle_msgs/srv/detail/get_state__type_support_c.cpp.o[0m
[6.801s] [ 76%] [32mBuilding CXX object CMakeFiles/lifecycle_msgs__rosidl_typesupport_fastrtps_c.dir/rosidl_typesupport_fastrtps_c/lifecycle_msgs/srv/detail/get_available_states__type_support_c.cpp.o[0m
[6.801s] [ 77%] [32mBuilding CXX object CMakeFiles/lifecycle_msgs__rosidl_typesupport_fastrtps_c.dir/rosidl_typesupport_fastrtps_c/lifecycle_msgs/msg/detail/transition_description__type_support_c.cpp.o[0m
[6.802s] [ 78%] [32mBuilding CXX object CMakeFiles/lifecycle_msgs__rosidl_typesupport_fastrtps_c.dir/rosidl_typesupport_fastrtps_c/lifecycle_msgs/msg/detail/state__type_support_c.cpp.o[0m
[6.807s] [ 79%] [32mBuilding CXX object CMakeFiles/lifecycle_msgs__rosidl_typesupport_fastrtps_c.dir/rosidl_typesupport_fastrtps_c/lifecycle_msgs/srv/detail/get_available_transitions__type_support_c.cpp.o[0m
[6.807s] [ 80%] [32mBuilding CXX object CMakeFiles/lifecycle_msgs__rosidl_typesupport_fastrtps_c.dir/rosidl_typesupport_fastrtps_c/lifecycle_msgs/msg/detail/transition__type_support_c.cpp.o[0m
[6.818s] [ 80%] [32m[1mLinking C shared library liblifecycle_msgs__rosidl_typesupport_microxrcedds_c.so[0m
[6.823s] [ 81%] [32m[1mLinking CXX shared library liblifecycle_msgs__rosidl_typesupport_microxrcedds_cpp.so[0m
[6.836s] [ 81%] Built target lifecycle_msgs__rosidl_typesupport_introspection_cpp
[6.877s] [ 81%] Built target lifecycle_msgs__rosidl_typesupport_microxrcedds_c
[6.963s] [ 81%] Built target lifecycle_msgs__rosidl_typesupport_microxrcedds_cpp
[7.272s] [ 82%] [32m[1mLinking CXX shared library liblifecycle_msgs__rosidl_typesupport_fastrtps_cpp.so[0m
[7.302s] [ 83%] [32m[1mLinking CXX shared library liblifecycle_msgs__rosidl_typesupport_fastrtps_c.so[0m
[7.343s] [ 83%] Built target lifecycle_msgs__rosidl_typesupport_fastrtps_cpp
[7.380s] [ 83%] Built target lifecycle_msgs__rosidl_typesupport_fastrtps_c
[7.395s] [ 83%] Built target lifecycle_msgs
[7.410s] [ 84%] [34m[1mGenerating Python code for ROS interfaces[0m
[8.959s] [ 84%] Built target lifecycle_msgs__py
[8.976s] [ 85%] [32mBuilding C object CMakeFiles/lifecycle_msgs__rosidl_generator_py.dir/rosidl_generator_py/lifecycle_msgs/msg/_transition_s.c.o[0m
[8.977s] [ 85%] [32mBuilding C object CMakeFiles/lifecycle_msgs__rosidl_generator_py.dir/rosidl_generator_py/lifecycle_msgs/msg/_state_s.c.o[0m
[8.977s] [ 86%] [32mBuilding C object CMakeFiles/lifecycle_msgs__rosidl_generator_py.dir/rosidl_generator_py/lifecycle_msgs/srv/_get_available_transitions_s.c.o[0m
[8.977s] [ 87%] [32mBuilding C object CMakeFiles/lifecycle_msgs__rosidl_generator_py.dir/rosidl_generator_py/lifecycle_msgs/srv/_get_state_s.c.o[0m
[8.978s] [ 89%] [32mBuilding C object CMakeFiles/lifecycle_msgs__rosidl_generator_py.dir/rosidl_generator_py/lifecycle_msgs/srv/_change_state_s.c.o[0m
[8.978s] [ 89%] [32mBuilding C object CMakeFiles/lifecycle_msgs__rosidl_generator_py.dir/rosidl_generator_py/lifecycle_msgs/srv/_get_available_states_s.c.o[0m
[8.979s] [ 90%] [32mBuilding C object CMakeFiles/lifecycle_msgs__rosidl_generator_py.dir/rosidl_generator_py/lifecycle_msgs/msg/_transition_description_s.c.o[0m
[8.979s] [ 91%] [32mBuilding C object CMakeFiles/lifecycle_msgs__rosidl_generator_py.dir/rosidl_generator_py/lifecycle_msgs/msg/_transition_event_s.c.o[0m
[9.106s] [ 92%] [32m[1mLinking C shared library rosidl_generator_py/lifecycle_msgs/liblifecycle_msgs__rosidl_generator_py.so[0m
[9.138s] [ 92%] Built target lifecycle_msgs__rosidl_generator_py
[9.155s] [ 94%] [32mBuilding C object CMakeFiles/lifecycle_msgs__rosidl_typesupport_c__pyext.dir/rosidl_generator_py/lifecycle_msgs/_lifecycle_msgs_s.ep.rosidl_typesupport_c.c.o[0m
[9.155s] [ 94%] [32mBuilding C object CMakeFiles/lifecycle_msgs__rosidl_typesupport_fastrtps_c__pyext.dir/rosidl_generator_py/lifecycle_msgs/_lifecycle_msgs_s.ep.rosidl_typesupport_fastrtps_c.c.o[0m
[9.156s] [ 95%] [32mBuilding C object CMakeFiles/lifecycle_msgs__rosidl_typesupport_microxrcedds_c__pyext.dir/rosidl_generator_py/lifecycle_msgs/_lifecycle_msgs_s.ep.rosidl_typesupport_microxrcedds_c.c.o[0m
[9.160s] [ 96%] [32mBuilding C object CMakeFiles/lifecycle_msgs__rosidl_typesupport_introspection_c__pyext.dir/rosidl_generator_py/lifecycle_msgs/_lifecycle_msgs_s.ep.rosidl_typesupport_introspection_c.c.o[0m
[9.298s] [ 97%] [32m[1mLinking C shared library rosidl_generator_py/lifecycle_msgs/lifecycle_msgs_s__rosidl_typesupport_fastrtps_c.cpython-310-x86_64-linux-gnu.so[0m
[9.303s] [ 98%] [32m[1mLinking C shared library rosidl_generator_py/lifecycle_msgs/lifecycle_msgs_s__rosidl_typesupport_introspection_c.cpython-310-x86_64-linux-gnu.so[0m
[9.304s] [ 99%] [32m[1mLinking C shared library rosidl_generator_py/lifecycle_msgs/lifecycle_msgs_s__rosidl_typesupport_microxrcedds_c.cpython-310-x86_64-linux-gnu.so[0m
[9.318s] [100%] [32m[1mLinking C shared library rosidl_generator_py/lifecycle_msgs/lifecycle_msgs_s__rosidl_typesupport_c.cpython-310-x86_64-linux-gnu.so[0m
[9.339s] [100%] Built target lifecycle_msgs__rosidl_typesupport_fastrtps_c__pyext
[9.352s] [100%] Built target lifecycle_msgs__rosidl_typesupport_introspection_c__pyext
[9.353s] [100%] Built target lifecycle_msgs__rosidl_typesupport_microxrcedds_c__pyext
[9.374s] [100%] Built target lifecycle_msgs__rosidl_typesupport_c__pyext
[9.395s] Invoked command in '/home/abdelrhaman/microros_ws/build/lifecycle_msgs' returned '0': CMAKE_PREFIX_PATH=${CMAKE_PREFIX_PATH}:/home/abdelrhaman/ros/install/my_robot_controller:/opt/ros/humble /usr/bin/cmake --build /home/abdelrhaman/microros_ws/build/lifecycle_msgs -- -j20 -l20
[10.234s] Invoking command in '/home/abdelrhaman/microros_ws/build/lifecycle_msgs': CMAKE_PREFIX_PATH=${CMAKE_PREFIX_PATH}:/home/abdelrhaman/ros/install/my_robot_controller:/opt/ros/humble /usr/bin/cmake --install /home/abdelrhaman/microros_ws/build/lifecycle_msgs
[10.256s] -- Install configuration: ""
[10.258s] -- Installing: /home/abdelrhaman/microros_ws/install/lifecycle_msgs/share/ament_index/resource_index/rosidl_interfaces/lifecycle_msgs
[10.259s] -- Installing: /home/abdelrhaman/microros_ws/install/lifecycle_msgs/include/lifecycle_msgs/lifecycle_msgs
[10.266s] -- Installing: /home/abdelrhaman/microros_ws/install/lifecycle_msgs/include/lifecycle_msgs/lifecycle_msgs/srv
[10.266s] -- Installing: /home/abdelrhaman/microros_ws/install/lifecycle_msgs/include/lifecycle_msgs/lifecycle_msgs/srv/detail
[10.266s] -- Installing: /home/abdelrhaman/microros_ws/install/lifecycle_msgs/include/lifecycle_msgs/lifecycle_msgs/srv/detail/get_available_transitions__functions.h
[10.266s] -- Installing: /home/abdelrhaman/microros_ws/install/lifecycle_msgs/include/lifecycle_msgs/lifecycle_msgs/srv/detail/get_state__type_support.h
[10.266s] -- Installing: /home/abdelrhaman/microros_ws/install/lifecycle_msgs/include/lifecycle_msgs/lifecycle_msgs/srv/detail/get_available_transitions__struct.h
[10.266s] -- Installing: /home/abdelrhaman/microros_ws/install/lifecycle_msgs/include/lifecycle_msgs/lifecycle_msgs/srv/detail/get_available_states__struct.h
[10.266s] -- Installing: /home/abdelrhaman/microros_ws/install/lifecycle_msgs/include/lifecycle_msgs/lifecycle_msgs/srv/detail/get_state__functions.h
[10.266s] -- Installing: /home/abdelrhaman/microros_ws/install/lifecycle_msgs/include/lifecycle_msgs/lifecycle_msgs/srv/detail/get_available_transitions__type_support.h
[10.266s] -- Installing: /home/abdelrhaman/microros_ws/install/lifecycle_msgs/include/lifecycle_msgs/lifecycle_msgs/srv/detail/change_state__functions.c
[10.266s] -- Installing: /home/abdelrhaman/microros_ws/install/lifecycle_msgs/include/lifecycle_msgs/lifecycle_msgs/srv/detail/change_state__type_support.h
[10.266s] -- Installing: /home/abdelrhaman/microros_ws/install/lifecycle_msgs/include/lifecycle_msgs/lifecycle_msgs/srv/detail/get_state__struct.h
[10.267s] -- Installing: /home/abdelrhaman/microros_ws/install/lifecycle_msgs/include/lifecycle_msgs/lifecycle_msgs/srv/detail/get_available_states__type_support.h
[10.267s] -- Installing: /home/abdelrhaman/microros_ws/install/lifecycle_msgs/include/lifecycle_msgs/lifecycle_msgs/srv/detail/get_available_states__functions.c
[10.267s] -- Installing: /home/abdelrhaman/microros_ws/install/lifecycle_msgs/include/lifecycle_msgs/lifecycle_msgs/srv/detail/change_state__struct.h
[10.267s] -- Installing: /home/abdelrhaman/microros_ws/install/lifecycle_msgs/include/lifecycle_msgs/lifecycle_msgs/srv/detail/get_available_transitions__functions.c
[10.267s] -- Installing: /home/abdelrhaman/microros_ws/install/lifecycle_msgs/include/lifecycle_msgs/lifecycle_msgs/srv/detail/get_state__functions.c
[10.267s] -- Installing: /home/abdelrhaman/microros_ws/install/lifecycle_msgs/include/lifecycle_msgs/lifecycle_msgs/srv/detail/get_available_states__functions.h
[10.267s] -- Installing: /home/abdelrhaman/microros_ws/install/lifecycle_msgs/include/lifecycle_msgs/lifecycle_msgs/srv/detail/change_state__functions.h
[10.267s] -- Installing: /home/abdelrhaman/microros_ws/install/lifecycle_msgs/include/lifecycle_msgs/lifecycle_msgs/srv/get_available_transitions.h
[10.267s] -- Installing: /home/abdelrhaman/microros_ws/install/lifecycle_msgs/include/lifecycle_msgs/lifecycle_msgs/srv/get_available_states.h
[10.267s] -- Installing: /home/abdelrhaman/microros_ws/install/lifecycle_msgs/include/lifecycle_msgs/lifecycle_msgs/srv/get_state.h
[10.267s] -- Installing: /home/abdelrhaman/microros_ws/install/lifecycle_msgs/include/lifecycle_msgs/lifecycle_msgs/srv/change_state.h
[10.267s] -- Installing: /home/abdelrhaman/microros_ws/install/lifecycle_msgs/include/lifecycle_msgs/lifecycle_msgs/msg
[10.267s] -- Installing: /home/abdelrhaman/microros_ws/install/lifecycle_msgs/include/lifecycle_msgs/lifecycle_msgs/msg/transition_description.h
[10.267s] -- Installing: /home/abdelrhaman/microros_ws/install/lifecycle_msgs/include/lifecycle_msgs/lifecycle_msgs/msg/rosidl_generator_c__visibility_control.h
[10.267s] -- Installing: /home/abdelrhaman/microros_ws/install/lifecycle_msgs/include/lifecycle_msgs/lifecycle_msgs/msg/transition.h
[10.267s] -- Installing: /home/abdelrhaman/microros_ws/install/lifecycle_msgs/include/lifecycle_msgs/lifecycle_msgs/msg/detail
[10.267s] -- Installing: /home/abdelrhaman/microros_ws/install/lifecycle_msgs/include/lifecycle_msgs/lifecycle_msgs/msg/detail/state__struct.h
[10.267s] -- Installing: /home/abdelrhaman/microros_ws/install/lifecycle_msgs/include/lifecycle_msgs/lifecycle_msgs/msg/detail/transition__functions.c
[10.267s] -- Installing: /home/abdelrhaman/microros_ws/install/lifecycle_msgs/include/lifecycle_msgs/lifecycle_msgs/msg/detail/transition_event__functions.c
[10.268s] -- Installing: /home/abdelrhaman/microros_ws/install/lifecycle_msgs/include/lifecycle_msgs/lifecycle_msgs/msg/detail/transition_event__type_support.h
[10.270s] -- Installing: /home/abdelrhaman/microros_ws/install/lifecycle_msgs/include/lifecycle_msgs/lifecycle_msgs/msg/detail/transition_description__functions.h
[10.270s] -- Installing: /home/abdelrhaman/microros_ws/install/lifecycle_msgs/include/lifecycle_msgs/lifecycle_msgs/msg/detail/transition_description__struct.h
[10.270s] -- Installing: /home/abdelrhaman/microros_ws/install/lifecycle_msgs/include/lifecycle_msgs/lifecycle_msgs/msg/detail/transition__struct.h
[10.271s] -- Installing: /home/abdelrhaman/microros_ws/install/lifecycle_msgs/include/lifecycle_msgs/lifecycle_msgs/msg/detail/state__functions.c
[10.271s] -- Installing: /home/abdelrhaman/microros_ws/install/lifecycle_msgs/include/lifecycle_msgs/lifecycle_msgs/msg/detail/transition_description__functions.c
[10.271s] -- Installing: /home/abdelrhaman/microros_ws/install/lifecycle_msgs/include/lifecycle_msgs/lifecycle_msgs/msg/detail/state__functions.h
[10.271s] -- Installing: /home/abdelrhaman/microros_ws/install/lifecycle_msgs/include/lifecycle_msgs/lifecycle_msgs/msg/detail/transition__functions.h
[10.271s] -- Installing: /home/abdelrhaman/microros_ws/install/lifecycle_msgs/include/lifecycle_msgs/lifecycle_msgs/msg/detail/transition_event__functions.h
[10.271s] -- Installing: /home/abdelrhaman/microros_ws/install/lifecycle_msgs/include/lifecycle_msgs/lifecycle_msgs/msg/detail/transition__type_support.h
[10.271s] -- Installing: /home/abdelrhaman/microros_ws/install/lifecycle_msgs/include/lifecycle_msgs/lifecycle_msgs/msg/detail/state__type_support.h
[10.271s] -- Installing: /home/abdelrhaman/microros_ws/install/lifecycle_msgs/include/lifecycle_msgs/lifecycle_msgs/msg/detail/transition_event__struct.h
[10.271s] -- Installing: /home/abdelrhaman/microros_ws/install/lifecycle_msgs/include/lifecycle_msgs/lifecycle_msgs/msg/detail/transition_description__type_support.h
[10.271s] -- Installing: /home/abdelrhaman/microros_ws/install/lifecycle_msgs/include/lifecycle_msgs/lifecycle_msgs/msg/transition_event.h
[10.271s] -- Installing: /home/abdelrhaman/microros_ws/install/lifecycle_msgs/include/lifecycle_msgs/lifecycle_msgs/msg/state.h
[10.271s] -- Installing: /home/abdelrhaman/microros_ws/install/lifecycle_msgs/share/lifecycle_msgs/environment/library_path.sh
[10.272s] -- Installing: /home/abdelrhaman/microros_ws/install/lifecycle_msgs/share/lifecycle_msgs/environment/library_path.dsv
[10.272s] -- Installing: /home/abdelrhaman/microros_ws/install/lifecycle_msgs/lib/liblifecycle_msgs__rosidl_generator_c.so
[10.272s] -- Set runtime path of "/home/abdelrhaman/microros_ws/install/lifecycle_msgs/lib/liblifecycle_msgs__rosidl_generator_c.so" to ""
[10.272s] -- Up-to-date: /home/abdelrhaman/microros_ws/install/lifecycle_msgs/include/lifecycle_msgs
[10.272s] -- Installing: /home/abdelrhaman/microros_ws/install/lifecycle_msgs/include/lifecycle_msgs/srv
[10.272s] -- Installing: /home/abdelrhaman/microros_ws/install/lifecycle_msgs/include/lifecycle_msgs/srv/detail
[10.272s] -- Installing: /home/abdelrhaman/microros_ws/install/lifecycle_msgs/include/lifecycle_msgs/srv/detail/get_state__rosidl_typesupport_microxrcedds_c.h
[10.272s] -- Installing: /home/abdelrhaman/microros_ws/install/lifecycle_msgs/include/lifecycle_msgs/srv/detail/microxrcedds
[10.273s] -- Installing: /home/abdelrhaman/microros_ws/install/lifecycle_msgs/include/lifecycle_msgs/srv/detail/get_available_transitions__rosidl_typesupport_microxrcedds_c.h
[10.273s] -- Installing: /home/abdelrhaman/microros_ws/install/lifecycle_msgs/include/lifecycle_msgs/srv/detail/change_state__rosidl_typesupport_microxrcedds_c.h
[10.273s] -- Installing: /home/abdelrhaman/microros_ws/install/lifecycle_msgs/include/lifecycle_msgs/srv/detail/get_available_states__rosidl_typesupport_microxrcedds_c.h
[10.273s] -- Installing: /home/abdelrhaman/microros_ws/install/lifecycle_msgs/include/lifecycle_msgs/msg
[10.273s] -- Installing: /home/abdelrhaman/microros_ws/install/lifecycle_msgs/include/lifecycle_msgs/msg/detail
[10.273s] -- Installing: /home/abdelrhaman/microros_ws/install/lifecycle_msgs/include/lifecycle_msgs/msg/detail/transition__rosidl_typesupport_microxrcedds_c.h
[10.273s] -- Installing: /home/abdelrhaman/microros_ws/install/lifecycle_msgs/include/lifecycle_msgs/msg/detail/transition_event__rosidl_typesupport_microxrcedds_c.h
[10.273s] -- Installing: /home/abdelrhaman/microros_ws/install/lifecycle_msgs/include/lifecycle_msgs/msg/detail/state__rosidl_typesupport_microxrcedds_c.h
[10.273s] -- Installing: /home/abdelrhaman/microros_ws/install/lifecycle_msgs/include/lifecycle_msgs/msg/detail/transition_description__rosidl_typesupport_microxrcedds_c.h
[10.273s] -- Installing: /home/abdelrhaman/microros_ws/install/lifecycle_msgs/include/lifecycle_msgs/msg/detail/microxrcedds
[10.273s] -- Installing: /home/abdelrhaman/microros_ws/install/lifecycle_msgs/include/lifecycle_msgs/msg/rosidl_typesupport_microxrcedds_c__visibility_control.h
[10.273s] -- Installing: /home/abdelrhaman/microros_ws/install/lifecycle_msgs/lib/liblifecycle_msgs__rosidl_typesupport_microxrcedds_c.so
[10.284s] -- Set runtime path of "/home/abdelrhaman/microros_ws/install/lifecycle_msgs/lib/liblifecycle_msgs__rosidl_typesupport_microxrcedds_c.so" to ""
[10.284s] -- Up-to-date: /home/abdelrhaman/microros_ws/install/lifecycle_msgs/include/lifecycle_msgs/lifecycle_msgs
[10.284s] -- Up-to-date: /home/abdelrhaman/microros_ws/install/lifecycle_msgs/include/lifecycle_msgs/lifecycle_msgs/srv
[10.285s] -- Up-to-date: /home/abdelrhaman/microros_ws/install/lifecycle_msgs/include/lifecycle_msgs/lifecycle_msgs/srv/detail
[10.285s] -- Installing: /home/abdelrhaman/microros_ws/install/lifecycle_msgs/include/lifecycle_msgs/lifecycle_msgs/srv/detail/change_state__rosidl_typesupport_fastrtps_c.h
[10.285s] -- Installing: /home/abdelrhaman/microros_ws/install/lifecycle_msgs/include/lifecycle_msgs/lifecycle_msgs/srv/detail/get_state__rosidl_typesupport_fastrtps_c.h
[10.286s] -- Installing: /home/abdelrhaman/microros_ws/install/lifecycle_msgs/include/lifecycle_msgs/lifecycle_msgs/srv/detail/get_available_states__rosidl_typesupport_fastrtps_c.h
[10.286s] -- Installing: /home/abdelrhaman/microros_ws/install/lifecycle_msgs/include/lifecycle_msgs/lifecycle_msgs/srv/detail/get_available_transitions__rosidl_typesupport_fastrtps_c.h
[10.286s] -- Up-to-date: /home/abdelrhaman/microros_ws/install/lifecycle_msgs/include/lifecycle_msgs/lifecycle_msgs/msg
[10.286s] -- Up-to-date: /home/abdelrhaman/microros_ws/install/lifecycle_msgs/include/lifecycle_msgs/lifecycle_msgs/msg/detail
[10.286s] -- Installing: /home/abdelrhaman/microros_ws/install/lifecycle_msgs/include/lifecycle_msgs/lifecycle_msgs/msg/detail/transition_description__rosidl_typesupport_fastrtps_c.h
[10.286s] -- Installing: /home/abdelrhaman/microros_ws/install/lifecycle_msgs/include/lifecycle_msgs/lifecycle_msgs/msg/detail/transition__rosidl_typesupport_fastrtps_c.h
[10.286s] -- Installing: /home/abdelrhaman/microros_ws/install/lifecycle_msgs/include/lifecycle_msgs/lifecycle_msgs/msg/detail/transition_event__rosidl_typesupport_fastrtps_c.h
[10.286s] -- Installing: /home/abdelrhaman/microros_ws/install/lifecycle_msgs/include/lifecycle_msgs/lifecycle_msgs/msg/detail/state__rosidl_typesupport_fastrtps_c.h
[10.286s] -- Installing: /home/abdelrhaman/microros_ws/install/lifecycle_msgs/include/lifecycle_msgs/lifecycle_msgs/msg/rosidl_typesupport_fastrtps_c__visibility_control.h
[10.286s] -- Installing: /home/abdelrhaman/microros_ws/install/lifecycle_msgs/lib/liblifecycle_msgs__rosidl_typesupport_fastrtps_c.so
[10.286s] -- Set runtime path of "/home/abdelrhaman/microros_ws/install/lifecycle_msgs/lib/liblifecycle_msgs__rosidl_typesupport_fastrtps_c.so" to ""
[10.286s] -- Up-to-date: /home/abdelrhaman/microros_ws/install/lifecycle_msgs/include/lifecycle_msgs/lifecycle_msgs
[10.286s] -- Up-to-date: /home/abdelrhaman/microros_ws/install/lifecycle_msgs/include/lifecycle_msgs/lifecycle_msgs/srv
[10.286s] -- Up-to-date: /home/abdelrhaman/microros_ws/install/lifecycle_msgs/include/lifecycle_msgs/lifecycle_msgs/srv/detail
[10.287s] -- Installing: /home/abdelrhaman/microros_ws/install/lifecycle_msgs/include/lifecycle_msgs/lifecycle_msgs/srv/detail/get_available_transitions__rosidl_typesupport_introspection_c.h
[10.287s] -- Installing: /home/abdelrhaman/microros_ws/install/lifecycle_msgs/include/lifecycle_msgs/lifecycle_msgs/srv/detail/change_state__type_support.c
[10.294s] -- Installing: /home/abdelrhaman/microros_ws/install/lifecycle_msgs/include/lifecycle_msgs/lifecycle_msgs/srv/detail/get_state__rosidl_typesupport_introspection_c.h
[10.294s] -- Installing: /home/abdelrhaman/microros_ws/install/lifecycle_msgs/include/lifecycle_msgs/lifecycle_msgs/srv/detail/change_state__rosidl_typesupport_introspection_c.h
[10.294s] -- Installing: /home/abdelrhaman/microros_ws/install/lifecycle_msgs/include/lifecycle_msgs/lifecycle_msgs/srv/detail/get_available_transitions__type_support.c
[10.294s] -- Installing: /home/abdelrhaman/microros_ws/install/lifecycle_msgs/include/lifecycle_msgs/lifecycle_msgs/srv/detail/get_available_states__rosidl_typesupport_introspection_c.h
[10.294s] -- Installing: /home/abdelrhaman/microros_ws/install/lifecycle_msgs/include/lifecycle_msgs/lifecycle_msgs/srv/detail/get_available_states__type_support.c
[10.294s] -- Installing: /home/abdelrhaman/microros_ws/install/lifecycle_msgs/include/lifecycle_msgs/lifecycle_msgs/srv/detail/get_state__type_support.c
[10.294s] -- Up-to-date: /home/abdelrhaman/microros_ws/install/lifecycle_msgs/include/lifecycle_msgs/lifecycle_msgs/msg
[10.295s] -- Installing: /home/abdelrhaman/microros_ws/install/lifecycle_msgs/include/lifecycle_msgs/lifecycle_msgs/msg/rosidl_typesupport_introspection_c__visibility_control.h
[10.295s] -- Up-to-date: /home/abdelrhaman/microros_ws/install/lifecycle_msgs/include/lifecycle_msgs/lifecycle_msgs/msg/detail
[10.295s] -- Installing: /home/abdelrhaman/microros_ws/install/lifecycle_msgs/include/lifecycle_msgs/lifecycle_msgs/msg/detail/state__rosidl_typesupport_introspection_c.h
[10.295s] -- Installing: /home/abdelrhaman/microros_ws/install/lifecycle_msgs/include/lifecycle_msgs/lifecycle_msgs/msg/detail/state__type_support.c
[10.295s] -- Installing: /home/abdelrhaman/microros_ws/install/lifecycle_msgs/include/lifecycle_msgs/lifecycle_msgs/msg/detail/transition_event__type_support.c
[10.295s] -- Installing: /home/abdelrhaman/microros_ws/install/lifecycle_msgs/include/lifecycle_msgs/lifecycle_msgs/msg/detail/transition_description__rosidl_typesupport_introspection_c.h
[10.295s] -- Installing: /home/abdelrhaman/microros_ws/install/lifecycle_msgs/include/lifecycle_msgs/lifecycle_msgs/msg/detail/transition__type_support.c
[10.295s] -- Installing: /home/abdelrhaman/microros_ws/install/lifecycle_msgs/include/lifecycle_msgs/lifecycle_msgs/msg/detail/transition_description__type_support.c
[10.295s] -- Installing: /home/abdelrhaman/microros_ws/install/lifecycle_msgs/include/lifecycle_msgs/lifecycle_msgs/msg/detail/transition_event__rosidl_typesupport_introspection_c.h
[10.295s] -- Installing: /home/abdelrhaman/microros_ws/install/lifecycle_msgs/include/lifecycle_msgs/lifecycle_msgs/msg/detail/transition__rosidl_typesupport_introspection_c.h
[10.295s] -- Installing: /home/abdelrhaman/microros_ws/install/lifecycle_msgs/lib/liblifecycle_msgs__rosidl_typesupport_introspection_c.so
[10.295s] -- Set runtime path of "/home/abdelrhaman/microros_ws/install/lifecycle_msgs/lib/liblifecycle_msgs__rosidl_typesupport_introspection_c.so" to ""
[10.295s] -- Installing: /home/abdelrhaman/microros_ws/install/lifecycle_msgs/lib/liblifecycle_msgs__rosidl_typesupport_c.so
[10.298s] -- Set runtime path of "/home/abdelrhaman/microros_ws/install/lifecycle_msgs/lib/liblifecycle_msgs__rosidl_typesupport_c.so" to ""
[10.298s] -- Up-to-date: /home/abdelrhaman/microros_ws/install/lifecycle_msgs/include/lifecycle_msgs/lifecycle_msgs
[10.298s] -- Up-to-date: /home/abdelrhaman/microros_ws/install/lifecycle_msgs/include/lifecycle_msgs/lifecycle_msgs/srv
[10.298s] -- Installing: /home/abdelrhaman/microros_ws/install/lifecycle_msgs/include/lifecycle_msgs/lifecycle_msgs/srv/get_available_transitions.hpp
[10.299s] -- Up-to-date: /home/abdelrhaman/microros_ws/install/lifecycle_msgs/include/lifecycle_msgs/lifecycle_msgs/srv/detail
[10.299s] -- Installing: /home/abdelrhaman/microros_ws/install/lifecycle_msgs/include/lifecycle_msgs/lifecycle_msgs/srv/detail/change_state__traits.hpp
[10.299s] -- Installing: /home/abdelrhaman/microros_ws/install/lifecycle_msgs/include/lifecycle_msgs/lifecycle_msgs/srv/detail/get_state__struct.hpp
[10.299s] -- Installing: /home/abdelrhaman/microros_ws/install/lifecycle_msgs/include/lifecycle_msgs/lifecycle_msgs/srv/detail/get_available_transitions__struct.hpp
[10.299s] -- Installing: /home/abdelrhaman/microros_ws/install/lifecycle_msgs/include/lifecycle_msgs/lifecycle_msgs/srv/detail/get_available_states__traits.hpp
[10.301s] -- Installing: /home/abdelrhaman/microros_ws/install/lifecycle_msgs/include/lifecycle_msgs/lifecycle_msgs/srv/detail/get_state__traits.hpp
[10.301s] -- Installing: /home/abdelrhaman/microros_ws/install/lifecycle_msgs/include/lifecycle_msgs/lifecycle_msgs/srv/detail/get_available_transitions__traits.hpp
[10.301s] -- Installing: /home/abdelrhaman/microros_ws/install/lifecycle_msgs/include/lifecycle_msgs/lifecycle_msgs/srv/detail/get_state__builder.hpp
[10.301s] -- Installing: /home/abdelrhaman/microros_ws/install/lifecycle_msgs/include/lifecycle_msgs/lifecycle_msgs/srv/detail/change_state__struct.hpp
[10.301s] -- Installing: /home/abdelrhaman/microros_ws/install/lifecycle_msgs/include/lifecycle_msgs/lifecycle_msgs/srv/detail/get_available_states__builder.hpp
[10.301s] -- Installing: /home/abdelrhaman/microros_ws/install/lifecycle_msgs/include/lifecycle_msgs/lifecycle_msgs/srv/detail/change_state__builder.hpp
[10.301s] -- Installing: /home/abdelrhaman/microros_ws/install/lifecycle_msgs/include/lifecycle_msgs/lifecycle_msgs/srv/detail/get_available_transitions__builder.hpp
[10.301s] -- Installing: /home/abdelrhaman/microros_ws/install/lifecycle_msgs/include/lifecycle_msgs/lifecycle_msgs/srv/detail/get_available_states__struct.hpp
[10.301s] -- Installing: /home/abdelrhaman/microros_ws/install/lifecycle_msgs/include/lifecycle_msgs/lifecycle_msgs/srv/change_state.hpp
[10.301s] -- Installing: /home/abdelrhaman/microros_ws/install/lifecycle_msgs/include/lifecycle_msgs/lifecycle_msgs/srv/get_available_states.hpp
[10.301s] -- Installing: /home/abdelrhaman/microros_ws/install/lifecycle_msgs/include/lifecycle_msgs/lifecycle_msgs/srv/get_state.hpp
[10.301s] -- Up-to-date: /home/abdelrhaman/microros_ws/install/lifecycle_msgs/include/lifecycle_msgs/lifecycle_msgs/msg
[10.301s] -- Up-to-date: /home/abdelrhaman/microros_ws/install/lifecycle_msgs/include/lifecycle_msgs/lifecycle_msgs/msg/detail
[10.301s] -- Installing: /home/abdelrhaman/microros_ws/install/lifecycle_msgs/include/lifecycle_msgs/lifecycle_msgs/msg/detail/transition_description__struct.hpp
[10.302s] -- Installing: /home/abdelrhaman/microros_ws/install/lifecycle_msgs/include/lifecycle_msgs/lifecycle_msgs/msg/detail/transition_event__builder.hpp
[10.302s] -- Installing: /home/abdelrhaman/microros_ws/install/lifecycle_msgs/include/lifecycle_msgs/lifecycle_msgs/msg/detail/transition__builder.hpp
[10.302s] -- Installing: /home/abdelrhaman/microros_ws/install/lifecycle_msgs/include/lifecycle_msgs/lifecycle_msgs/msg/detail/transition_description__traits.hpp
[10.302s] -- Installing: /home/abdelrhaman/microros_ws/install/lifecycle_msgs/include/lifecycle_msgs/lifecycle_msgs/msg/detail/transition__struct.hpp
[10.302s] -- Installing: /home/abdelrhaman/microros_ws/install/lifecycle_msgs/include/lifecycle_msgs/lifecycle_msgs/msg/detail/transition__traits.hpp
[10.302s] -- Installing: /home/abdelrhaman/microros_ws/install/lifecycle_msgs/include/lifecycle_msgs/lifecycle_msgs/msg/detail/transition_description__builder.hpp
[10.302s] -- Installing: /home/abdelrhaman/microros_ws/install/lifecycle_msgs/include/lifecycle_msgs/lifecycle_msgs/msg/detail/transition_event__traits.hpp
[10.302s] -- Installing: /home/abdelrhaman/microros_ws/install/lifecycle_msgs/include/lifecycle_msgs/lifecycle_msgs/msg/detail/state__traits.hpp
[10.302s] -- Installing: /home/abdelrhaman/microros_ws/install/lifecycle_msgs/include/lifecycle_msgs/lifecycle_msgs/msg/detail/transition_event__struct.hpp
[10.302s] -- Installing: /home/abdelrhaman/microros_ws/install/lifecycle_msgs/include/lifecycle_msgs/lifecycle_msgs/msg/detail/state__struct.hpp
[10.309s] -- Installing: /home/abdelrhaman/microros_ws/install/lifecycle_msgs/include/lifecycle_msgs/lifecycle_msgs/msg/detail/state__builder.hpp
[10.310s] -- Installing: /home/abdelrhaman/microros_ws/install/lifecycle_msgs/include/lifecycle_msgs/lifecycle_msgs/msg/state.hpp
[10.312s] -- Installing: /home/abdelrhaman/microros_ws/install/lifecycle_msgs/include/lifecycle_msgs/lifecycle_msgs/msg/transition_description.hpp
[10.312s] -- Installing: /home/abdelrhaman/microros_ws/install/lifecycle_msgs/include/lifecycle_msgs/lifecycle_msgs/msg/transition_event.hpp
[10.312s] -- Installing: /home/abdelrhaman/microros_ws/install/lifecycle_msgs/include/lifecycle_msgs/lifecycle_msgs/msg/transition.hpp
[10.312s] -- Up-to-date: /home/abdelrhaman/microros_ws/install/lifecycle_msgs/include/lifecycle_msgs
[10.312s] -- Up-to-date: /home/abdelrhaman/microros_ws/install/lifecycle_msgs/include/lifecycle_msgs/srv
[10.312s] -- Up-to-date: /home/abdelrhaman/microros_ws/install/lifecycle_msgs/include/lifecycle_msgs/srv/detail
[10.312s] -- Installing: /home/abdelrhaman/microros_ws/install/lifecycle_msgs/include/lifecycle_msgs/srv/detail/get_available_transitions__rosidl_typesupport_microxrcedds_cpp.hpp
[10.312s] -- Installing: /home/abdelrhaman/microros_ws/install/lifecycle_msgs/include/lifecycle_msgs/srv/detail/get_available_states__rosidl_typesupport_microxrcedds_cpp.hpp
[10.313s] -- Installing: /home/abdelrhaman/microros_ws/install/lifecycle_msgs/include/lifecycle_msgs/srv/detail/change_state__rosidl_typesupport_microxrcedds_cpp.hpp
[10.313s] -- Installing: /home/abdelrhaman/microros_ws/install/lifecycle_msgs/include/lifecycle_msgs/srv/detail/get_state__rosidl_typesupport_microxrcedds_cpp.hpp
[10.313s] -- Up-to-date: /home/abdelrhaman/microros_ws/install/lifecycle_msgs/include/lifecycle_msgs/srv/detail/microxrcedds
[10.313s] -- Installing: /home/abdelrhaman/microros_ws/install/lifecycle_msgs/include/lifecycle_msgs/srv/detail/microxrcedds/change_state__type_support_cpp.cpp
[10.313s] -- Installing: /home/abdelrhaman/microros_ws/install/lifecycle_msgs/include/lifecycle_msgs/srv/detail/microxrcedds/get_available_states__type_support_cpp.cpp
[10.313s] -- Installing: /home/abdelrhaman/microros_ws/install/lifecycle_msgs/include/lifecycle_msgs/srv/detail/microxrcedds/get_available_transitions__type_support_cpp.cpp
[10.313s] -- Installing: /home/abdelrhaman/microros_ws/install/lifecycle_msgs/include/lifecycle_msgs/srv/detail/microxrcedds/get_state__type_support_cpp.cpp
[10.313s] -- Up-to-date: /home/abdelrhaman/microros_ws/install/lifecycle_msgs/include/lifecycle_msgs/msg
[10.313s] -- Up-to-date: /home/abdelrhaman/microros_ws/install/lifecycle_msgs/include/lifecycle_msgs/msg/detail
[10.313s] -- Installing: /home/abdelrhaman/microros_ws/install/lifecycle_msgs/include/lifecycle_msgs/msg/detail/transition_event__rosidl_typesupport_microxrcedds_cpp.hpp
[10.313s] -- Installing: /home/abdelrhaman/microros_ws/install/lifecycle_msgs/include/lifecycle_msgs/msg/detail/transition__rosidl_typesupport_microxrcedds_cpp.hpp
[10.313s] -- Up-to-date: /home/abdelrhaman/microros_ws/install/lifecycle_msgs/include/lifecycle_msgs/msg/detail/microxrcedds
[10.313s] -- Installing: /home/abdelrhaman/microros_ws/install/lifecycle_msgs/include/lifecycle_msgs/msg/detail/microxrcedds/transition_event__type_support_cpp.cpp
[10.313s] -- Installing: /home/abdelrhaman/microros_ws/install/lifecycle_msgs/include/lifecycle_msgs/msg/detail/microxrcedds/state__type_support_cpp.cpp
[10.313s] -- Installing: /home/abdelrhaman/microros_ws/install/lifecycle_msgs/include/lifecycle_msgs/msg/detail/microxrcedds/transition__type_support_cpp.cpp
[10.313s] -- Installing: /home/abdelrhaman/microros_ws/install/lifecycle_msgs/include/lifecycle_msgs/msg/detail/microxrcedds/transition_description__type_support_cpp.cpp
[10.313s] -- Installing: /home/abdelrhaman/microros_ws/install/lifecycle_msgs/include/lifecycle_msgs/msg/detail/state__rosidl_typesupport_microxrcedds_cpp.hpp
[10.313s] -- Installing: /home/abdelrhaman/microros_ws/install/lifecycle_msgs/include/lifecycle_msgs/msg/detail/transition_description__rosidl_typesupport_microxrcedds_cpp.hpp
[10.313s] -- Installing: /home/abdelrhaman/microros_ws/install/lifecycle_msgs/include/lifecycle_msgs/msg/rosidl_typesupport_microxrcedds_cpp__visibility_control.h
[10.313s] -- Installing: /home/abdelrhaman/microros_ws/install/lifecycle_msgs/lib/liblifecycle_msgs__rosidl_typesupport_microxrcedds_cpp.so
[10.314s] -- Set runtime path of "/home/abdelrhaman/microros_ws/install/lifecycle_msgs/lib/liblifecycle_msgs__rosidl_typesupport_microxrcedds_cpp.so" to ""
[10.314s] -- Up-to-date: /home/abdelrhaman/microros_ws/install/lifecycle_msgs/include/lifecycle_msgs/lifecycle_msgs
[10.314s] -- Up-to-date: /home/abdelrhaman/microros_ws/install/lifecycle_msgs/include/lifecycle_msgs/lifecycle_msgs/srv
[10.314s] -- Up-to-date: /home/abdelrhaman/microros_ws/install/lifecycle_msgs/include/lifecycle_msgs/lifecycle_msgs/srv/detail
[10.314s] -- Installing: /home/abdelrhaman/microros_ws/install/lifecycle_msgs/include/lifecycle_msgs/lifecycle_msgs/srv/detail/get_state__rosidl_typesupport_fastrtps_cpp.hpp
[10.314s] -- Installing: /home/abdelrhaman/microros_ws/install/lifecycle_msgs/include/lifecycle_msgs/lifecycle_msgs/srv/detail/change_state__rosidl_typesupport_fastrtps_cpp.hpp
[10.314s] -- Installing: /home/abdelrhaman/microros_ws/install/lifecycle_msgs/include/lifecycle_msgs/lifecycle_msgs/srv/detail/get_available_states__rosidl_typesupport_fastrtps_cpp.hpp
[10.314s] -- Installing: /home/abdelrhaman/microros_ws/install/lifecycle_msgs/include/lifecycle_msgs/lifecycle_msgs/srv/detail/dds_fastrtps
[10.314s] -- Installing: /home/abdelrhaman/microros_ws/install/lifecycle_msgs/include/lifecycle_msgs/lifecycle_msgs/srv/detail/get_available_transitions__rosidl_typesupport_fastrtps_cpp.hpp
[10.314s] -- Up-to-date: /home/abdelrhaman/microros_ws/install/lifecycle_msgs/include/lifecycle_msgs/lifecycle_msgs/msg
[10.314s] -- Up-to-date: /home/abdelrhaman/microros_ws/install/lifecycle_msgs/include/lifecycle_msgs/lifecycle_msgs/msg/detail
[10.314s] -- Installing: /home/abdelrhaman/microros_ws/install/lifecycle_msgs/include/lifecycle_msgs/lifecycle_msgs/msg/detail/transition_description__rosidl_typesupport_fastrtps_cpp.hpp
[10.314s] -- Installing: /home/abdelrhaman/microros_ws/install/lifecycle_msgs/include/lifecycle_msgs/lifecycle_msgs/msg/detail/transition_event__rosidl_typesupport_fastrtps_cpp.hpp
[10.314s] -- Installing: /home/abdelrhaman/microros_ws/install/lifecycle_msgs/include/lifecycle_msgs/lifecycle_msgs/msg/detail/transition__rosidl_typesupport_fastrtps_cpp.hpp
[10.314s] -- Installing: /home/abdelrhaman/microros_ws/install/lifecycle_msgs/include/lifecycle_msgs/lifecycle_msgs/msg/detail/state__rosidl_typesupport_fastrtps_cpp.hpp
[10.314s] -- Installing: /home/abdelrhaman/microros_ws/install/lifecycle_msgs/include/lifecycle_msgs/lifecycle_msgs/msg/detail/dds_fastrtps
[10.314s] -- Installing: /home/abdelrhaman/microros_ws/install/lifecycle_msgs/include/lifecycle_msgs/lifecycle_msgs/msg/rosidl_typesupport_fastrtps_cpp__visibility_control.h
[10.315s] -- Installing: /home/abdelrhaman/microros_ws/install/lifecycle_msgs/lib/liblifecycle_msgs__rosidl_typesupport_fastrtps_cpp.so
[10.315s] -- Set runtime path of "/home/abdelrhaman/microros_ws/install/lifecycle_msgs/lib/liblifecycle_msgs__rosidl_typesupport_fastrtps_cpp.so" to ""
[10.316s] -- Up-to-date: /home/abdelrhaman/microros_ws/install/lifecycle_msgs/include/lifecycle_msgs/lifecycle_msgs
[10.316s] -- Up-to-date: /home/abdelrhaman/microros_ws/install/lifecycle_msgs/include/lifecycle_msgs/lifecycle_msgs/srv
[10.316s] -- Up-to-date: /home/abdelrhaman/microros_ws/install/lifecycle_msgs/include/lifecycle_msgs/lifecycle_msgs/srv/detail
[10.319s] -- Installing: /home/abdelrhaman/microros_ws/install/lifecycle_msgs/include/lifecycle_msgs/lifecycle_msgs/srv/detail/change_state__rosidl_typesupport_introspection_cpp.hpp
[10.319s] -- Installing: /home/abdelrhaman/microros_ws/install/lifecycle_msgs/include/lifecycle_msgs/lifecycle_msgs/srv/detail/get_state__type_support.cpp
[10.319s] -- Installing: /home/abdelrhaman/microros_ws/install/lifecycle_msgs/include/lifecycle_msgs/lifecycle_msgs/srv/detail/get_state__rosidl_typesupport_introspection_cpp.hpp
[10.319s] -- Installing: /home/abdelrhaman/microros_ws/install/lifecycle_msgs/include/lifecycle_msgs/lifecycle_msgs/srv/detail/get_available_transitions__type_support.cpp
[10.319s] -- Installing: /home/abdelrhaman/microros_ws/install/lifecycle_msgs/include/lifecycle_msgs/lifecycle_msgs/srv/detail/get_available_states__type_support.cpp
[10.319s] -- Installing: /home/abdelrhaman/microros_ws/install/lifecycle_msgs/include/lifecycle_msgs/lifecycle_msgs/srv/detail/change_state__type_support.cpp
[10.319s] -- Installing: /home/abdelrhaman/microros_ws/install/lifecycle_msgs/include/lifecycle_msgs/lifecycle_msgs/srv/detail/get_available_transitions__rosidl_typesupport_introspection_cpp.hpp
[10.319s] -- Installing: /home/abdelrhaman/microros_ws/install/lifecycle_msgs/include/lifecycle_msgs/lifecycle_msgs/srv/detail/get_available_states__rosidl_typesupport_introspection_cpp.hpp
[10.320s] -- Up-to-date: /home/abdelrhaman/microros_ws/install/lifecycle_msgs/include/lifecycle_msgs/lifecycle_msgs/msg
[10.320s] -- Up-to-date: /home/abdelrhaman/microros_ws/install/lifecycle_msgs/include/lifecycle_msgs/lifecycle_msgs/msg/detail
[10.320s] -- Installing: /home/abdelrhaman/microros_ws/install/lifecycle_msgs/include/lifecycle_msgs/lifecycle_msgs/msg/detail/state__type_support.cpp
[10.320s] -- Installing: /home/abdelrhaman/microros_ws/install/lifecycle_msgs/include/lifecycle_msgs/lifecycle_msgs/msg/detail/transition_event__type_support.cpp
[10.320s] -- Installing: /home/abdelrhaman/microros_ws/install/lifecycle_msgs/include/lifecycle_msgs/lifecycle_msgs/msg/detail/transition__type_support.cpp
[10.320s] -- Installing: /home/abdelrhaman/microros_ws/install/lifecycle_msgs/include/lifecycle_msgs/lifecycle_msgs/msg/detail/state__rosidl_typesupport_introspection_cpp.hpp
[10.320s] -- Installing: /home/abdelrhaman/microros_ws/install/lifecycle_msgs/include/lifecycle_msgs/lifecycle_msgs/msg/detail/transition__rosidl_typesupport_introspection_cpp.hpp
[10.320s] -- Installing: /home/abdelrhaman/microros_ws/install/lifecycle_msgs/include/lifecycle_msgs/lifecycle_msgs/msg/detail/transition_description__rosidl_typesupport_introspection_cpp.hpp
[10.320s] -- Installing: /home/abdelrhaman/microros_ws/install/lifecycle_msgs/include/lifecycle_msgs/lifecycle_msgs/msg/detail/transition_event__rosidl_typesupport_introspection_cpp.hpp
[10.320s] -- Installing: /home/abdelrhaman/microros_ws/install/lifecycle_msgs/include/lifecycle_msgs/lifecycle_msgs/msg/detail/transition_description__type_support.cpp
[10.320s] -- Installing: /home/abdelrhaman/microros_ws/install/lifecycle_msgs/lib/liblifecycle_msgs__rosidl_typesupport_introspection_cpp.so
[10.320s] -- Set runtime path of "/home/abdelrhaman/microros_ws/install/lifecycle_msgs/lib/liblifecycle_msgs__rosidl_typesupport_introspection_cpp.so" to ""
[10.320s] -- Installing: /home/abdelrhaman/microros_ws/install/lifecycle_msgs/lib/liblifecycle_msgs__rosidl_typesupport_cpp.so
[10.321s] -- Set runtime path of "/home/abdelrhaman/microros_ws/install/lifecycle_msgs/lib/liblifecycle_msgs__rosidl_typesupport_cpp.so" to ""
[10.321s] -- Installing: /home/abdelrhaman/microros_ws/install/lifecycle_msgs/share/lifecycle_msgs/environment/pythonpath.sh
[10.321s] -- Installing: /home/abdelrhaman/microros_ws/install/lifecycle_msgs/share/lifecycle_msgs/environment/pythonpath.dsv
[10.324s] -- Installing: /home/abdelrhaman/microros_ws/install/lifecycle_msgs/local/lib/python3.10/dist-packages/lifecycle_msgs-1.2.1-py3.10.egg-info
[10.324s] -- Installing: /home/abdelrhaman/microros_ws/install/lifecycle_msgs/local/lib/python3.10/dist-packages/lifecycle_msgs-1.2.1-py3.10.egg-info/PKG-INFO
[10.324s] -- Installing: /home/abdelrhaman/microros_ws/install/lifecycle_msgs/local/lib/python3.10/dist-packages/lifecycle_msgs-1.2.1-py3.10.egg-info/SOURCES.txt
[10.324s] -- Installing: /home/abdelrhaman/microros_ws/install/lifecycle_msgs/local/lib/python3.10/dist-packages/lifecycle_msgs-1.2.1-py3.10.egg-info/top_level.txt
[10.324s] -- Installing: /home/abdelrhaman/microros_ws/install/lifecycle_msgs/local/lib/python3.10/dist-packages/lifecycle_msgs-1.2.1-py3.10.egg-info/dependency_links.txt
[10.324s] -- Installing: /home/abdelrhaman/microros_ws/install/lifecycle_msgs/local/lib/python3.10/dist-packages/lifecycle_msgs
[10.324s] -- Installing: /home/abdelrhaman/microros_ws/install/lifecycle_msgs/local/lib/python3.10/dist-packages/lifecycle_msgs/_lifecycle_msgs_s.ep.rosidl_typesupport_microxrcedds_c.c
[10.324s] -- Installing: /home/abdelrhaman/microros_ws/install/lifecycle_msgs/local/lib/python3.10/dist-packages/lifecycle_msgs/_lifecycle_msgs_s.ep.rosidl_typesupport_introspection_c.c
[10.325s] -- Installing: /home/abdelrhaman/microros_ws/install/lifecycle_msgs/local/lib/python3.10/dist-packages/lifecycle_msgs/srv
[10.325s] -- Installing: /home/abdelrhaman/microros_ws/install/lifecycle_msgs/local/lib/python3.10/dist-packages/lifecycle_msgs/srv/_change_state_s.c
[10.325s] -- Installing: /home/abdelrhaman/microros_ws/install/lifecycle_msgs/local/lib/python3.10/dist-packages/lifecycle_msgs/srv/_get_available_states.py
[10.325s] -- Installing: /home/abdelrhaman/microros_ws/install/lifecycle_msgs/local/lib/python3.10/dist-packages/lifecycle_msgs/srv/__init__.py
[10.325s] -- Installing: /home/abdelrhaman/microros_ws/install/lifecycle_msgs/local/lib/python3.10/dist-packages/lifecycle_msgs/srv/_change_state.py
[10.325s] -- Installing: /home/abdelrhaman/microros_ws/install/lifecycle_msgs/local/lib/python3.10/dist-packages/lifecycle_msgs/srv/_get_state.py
[10.325s] -- Installing: /home/abdelrhaman/microros_ws/install/lifecycle_msgs/local/lib/python3.10/dist-packages/lifecycle_msgs/srv/_get_available_transitions.py
[10.325s] -- Installing: /home/abdelrhaman/microros_ws/install/lifecycle_msgs/local/lib/python3.10/dist-packages/lifecycle_msgs/srv/_get_available_transitions_s.c
[10.325s] -- Installing: /home/abdelrhaman/microros_ws/install/lifecycle_msgs/local/lib/python3.10/dist-packages/lifecycle_msgs/srv/_get_available_states_s.c
[10.325s] -- Installing: /home/abdelrhaman/microros_ws/install/lifecycle_msgs/local/lib/python3.10/dist-packages/lifecycle_msgs/srv/_get_state_s.c
[10.326s] -- Installing: /home/abdelrhaman/microros_ws/install/lifecycle_msgs/local/lib/python3.10/dist-packages/lifecycle_msgs/lifecycle_msgs_s__rosidl_typesupport_microxrcedds_c.cpython-310-x86_64-linux-gnu.so
[10.327s] -- Installing: /home/abdelrhaman/microros_ws/install/lifecycle_msgs/local/lib/python3.10/dist-packages/lifecycle_msgs/liblifecycle_msgs__rosidl_generator_py.so
[10.327s] -- Installing: /home/abdelrhaman/microros_ws/install/lifecycle_msgs/local/lib/python3.10/dist-packages/lifecycle_msgs/_lifecycle_msgs_s.ep.rosidl_typesupport_c.c
[10.327s] -- Installing: /home/abdelrhaman/microros_ws/install/lifecycle_msgs/local/lib/python3.10/dist-packages/lifecycle_msgs/__init__.py
[10.328s] -- Installing: /home/abdelrhaman/microros_ws/install/lifecycle_msgs/local/lib/python3.10/dist-packages/lifecycle_msgs/msg
[10.328s] -- Installing: /home/abdelrhaman/microros_ws/install/lifecycle_msgs/local/lib/python3.10/dist-packages/lifecycle_msgs/msg/_transition.py
[10.328s] -- Installing: /home/abdelrhaman/microros_ws/install/lifecycle_msgs/local/lib/python3.10/dist-packages/lifecycle_msgs/msg/_transition_event_s.c
[10.328s] -- Installing: /home/abdelrhaman/microros_ws/install/lifecycle_msgs/local/lib/python3.10/dist-packages/lifecycle_msgs/msg/_transition_description_s.c
[10.328s] -- Installing: /home/abdelrhaman/microros_ws/install/lifecycle_msgs/local/lib/python3.10/dist-packages/lifecycle_msgs/msg/_state_s.c
[10.329s] -- Installing: /home/abdelrhaman/microros_ws/install/lifecycle_msgs/local/lib/python3.10/dist-packages/lifecycle_msgs/msg/_state.py
[10.329s] -- Installing: /home/abdelrhaman/microros_ws/install/lifecycle_msgs/local/lib/python3.10/dist-packages/lifecycle_msgs/msg/_transition_event.py
[10.329s] -- Installing: /home/abdelrhaman/microros_ws/install/lifecycle_msgs/local/lib/python3.10/dist-packages/lifecycle_msgs/msg/__init__.py
[10.329s] -- Installing: /home/abdelrhaman/microros_ws/install/lifecycle_msgs/local/lib/python3.10/dist-packages/lifecycle_msgs/msg/_transition_description.py
[10.329s] -- Installing: /home/abdelrhaman/microros_ws/install/lifecycle_msgs/local/lib/python3.10/dist-packages/lifecycle_msgs/msg/_transition_s.c
[10.330s] -- Installing: /home/abdelrhaman/microros_ws/install/lifecycle_msgs/local/lib/python3.10/dist-packages/lifecycle_msgs/lifecycle_msgs_s__rosidl_typesupport_c.cpython-310-x86_64-linux-gnu.so
[10.330s] -- Installing: /home/abdelrhaman/microros_ws/install/lifecycle_msgs/local/lib/python3.10/dist-packages/lifecycle_msgs/lifecycle_msgs_s__rosidl_typesupport_introspection_c.cpython-310-x86_64-linux-gnu.so
[10.330s] -- Installing: /home/abdelrhaman/microros_ws/install/lifecycle_msgs/local/lib/python3.10/dist-packages/lifecycle_msgs/_lifecycle_msgs_s.ep.rosidl_typesupport_fastrtps_c.c
[10.331s] -- Installing: /home/abdelrhaman/microros_ws/install/lifecycle_msgs/local/lib/python3.10/dist-packages/lifecycle_msgs/lifecycle_msgs_s__rosidl_typesupport_fastrtps_c.cpython-310-x86_64-linux-gnu.so
[10.521s] Listing '/home/abdelrhaman/microros_ws/install/lifecycle_msgs/local/lib/python3.10/dist-packages/lifecycle_msgs'...
[10.521s] Compiling '/home/abdelrhaman/microros_ws/install/lifecycle_msgs/local/lib/python3.10/dist-packages/lifecycle_msgs/__init__.py'...
[10.521s] Listing '/home/abdelrhaman/microros_ws/install/lifecycle_msgs/local/lib/python3.10/dist-packages/lifecycle_msgs/msg'...
[10.521s] Compiling '/home/abdelrhaman/microros_ws/install/lifecycle_msgs/local/lib/python3.10/dist-packages/lifecycle_msgs/msg/__init__.py'...
[10.521s] Compiling '/home/abdelrhaman/microros_ws/install/lifecycle_msgs/local/lib/python3.10/dist-packages/lifecycle_msgs/msg/_state.py'...
[10.521s] Compiling '/home/abdelrhaman/microros_ws/install/lifecycle_msgs/local/lib/python3.10/dist-packages/lifecycle_msgs/msg/_transition.py'...
[10.521s] Compiling '/home/abdelrhaman/microros_ws/install/lifecycle_msgs/local/lib/python3.10/dist-packages/lifecycle_msgs/msg/_transition_description.py'...
[10.521s] Compiling '/home/abdelrhaman/microros_ws/install/lifecycle_msgs/local/lib/python3.10/dist-packages/lifecycle_msgs/msg/_transition_event.py'...
[10.521s] Listing '/home/abdelrhaman/microros_ws/install/lifecycle_msgs/local/lib/python3.10/dist-packages/lifecycle_msgs/srv'...
[10.521s] Compiling '/home/abdelrhaman/microros_ws/install/lifecycle_msgs/local/lib/python3.10/dist-packages/lifecycle_msgs/srv/__init__.py'...
[10.521s] Compiling '/home/abdelrhaman/microros_ws/install/lifecycle_msgs/local/lib/python3.10/dist-packages/lifecycle_msgs/srv/_change_state.py'...
[10.522s] Compiling '/home/abdelrhaman/microros_ws/install/lifecycle_msgs/local/lib/python3.10/dist-packages/lifecycle_msgs/srv/_get_available_states.py'...
[10.522s] Compiling '/home/abdelrhaman/microros_ws/install/lifecycle_msgs/local/lib/python3.10/dist-packages/lifecycle_msgs/srv/_get_available_transitions.py'...
[10.522s] Compiling '/home/abdelrhaman/microros_ws/install/lifecycle_msgs/local/lib/python3.10/dist-packages/lifecycle_msgs/srv/_get_state.py'...
[10.541s] -- Installing: /home/abdelrhaman/microros_ws/install/lifecycle_msgs/local/lib/python3.10/dist-packages/lifecycle_msgs/lifecycle_msgs_s__rosidl_typesupport_microxrcedds_c.cpython-310-x86_64-linux-gnu.so
[10.541s] -- Set runtime path of "/home/abdelrhaman/microros_ws/install/lifecycle_msgs/local/lib/python3.10/dist-packages/lifecycle_msgs/lifecycle_msgs_s__rosidl_typesupport_microxrcedds_c.cpython-310-x86_64-linux-gnu.so" to ""
[10.541s] -- Installing: /home/abdelrhaman/microros_ws/install/lifecycle_msgs/local/lib/python3.10/dist-packages/lifecycle_msgs/lifecycle_msgs_s__rosidl_typesupport_fastrtps_c.cpython-310-x86_64-linux-gnu.so
[10.541s] -- Set runtime path of "/home/abdelrhaman/microros_ws/install/lifecycle_msgs/local/lib/python3.10/dist-packages/lifecycle_msgs/lifecycle_msgs_s__rosidl_typesupport_fastrtps_c.cpython-310-x86_64-linux-gnu.so" to ""
[10.541s] -- Installing: /home/abdelrhaman/microros_ws/install/lifecycle_msgs/local/lib/python3.10/dist-packages/lifecycle_msgs/lifecycle_msgs_s__rosidl_typesupport_introspection_c.cpython-310-x86_64-linux-gnu.so
[10.541s] -- Set runtime path of "/home/abdelrhaman/microros_ws/install/lifecycle_msgs/local/lib/python3.10/dist-packages/lifecycle_msgs/lifecycle_msgs_s__rosidl_typesupport_introspection_c.cpython-310-x86_64-linux-gnu.so" to ""
[10.541s] -- Installing: /home/abdelrhaman/microros_ws/install/lifecycle_msgs/local/lib/python3.10/dist-packages/lifecycle_msgs/lifecycle_msgs_s__rosidl_typesupport_c.cpython-310-x86_64-linux-gnu.so
[10.545s] -- Set runtime path of "/home/abdelrhaman/microros_ws/install/lifecycle_msgs/local/lib/python3.10/dist-packages/lifecycle_msgs/lifecycle_msgs_s__rosidl_typesupport_c.cpython-310-x86_64-linux-gnu.so" to ""
[10.545s] -- Installing: /home/abdelrhaman/microros_ws/install/lifecycle_msgs/lib/liblifecycle_msgs__rosidl_generator_py.so
[10.545s] -- Set runtime path of "/home/abdelrhaman/microros_ws/install/lifecycle_msgs/lib/liblifecycle_msgs__rosidl_generator_py.so" to ""
[10.545s] -- Installing: /home/abdelrhaman/microros_ws/install/lifecycle_msgs/share/lifecycle_msgs/msg/State.idl
[10.545s] -- Installing: /home/abdelrhaman/microros_ws/install/lifecycle_msgs/share/lifecycle_msgs/msg/Transition.idl
[10.546s] -- Installing: /home/abdelrhaman/microros_ws/install/lifecycle_msgs/share/lifecycle_msgs/msg/TransitionDescription.idl
[10.546s] -- Installing: /home/abdelrhaman/microros_ws/install/lifecycle_msgs/share/lifecycle_msgs/msg/TransitionEvent.idl
[10.546s] -- Installing: /home/abdelrhaman/microros_ws/install/lifecycle_msgs/share/lifecycle_msgs/srv/ChangeState.idl
[10.547s] -- Installing: /home/abdelrhaman/microros_ws/install/lifecycle_msgs/share/lifecycle_msgs/srv/GetAvailableStates.idl
[10.547s] -- Installing: /home/abdelrhaman/microros_ws/install/lifecycle_msgs/share/lifecycle_msgs/srv/GetAvailableTransitions.idl
[10.547s] -- Installing: /home/abdelrhaman/microros_ws/install/lifecycle_msgs/share/lifecycle_msgs/srv/GetState.idl
[10.547s] -- Installing: /home/abdelrhaman/microros_ws/install/lifecycle_msgs/share/lifecycle_msgs/msg/State.msg
[10.547s] -- Installing: /home/abdelrhaman/microros_ws/install/lifecycle_msgs/share/lifecycle_msgs/msg/Transition.msg
[10.547s] -- Installing: /home/abdelrhaman/microros_ws/install/lifecycle_msgs/share/lifecycle_msgs/msg/TransitionDescription.msg
[10.547s] -- Installing: /home/abdelrhaman/microros_ws/install/lifecycle_msgs/share/lifecycle_msgs/msg/TransitionEvent.msg
[10.547s] -- Installing: /home/abdelrhaman/microros_ws/install/lifecycle_msgs/share/lifecycle_msgs/srv/ChangeState.srv
[10.547s] -- Installing: /home/abdelrhaman/microros_ws/install/lifecycle_msgs/share/lifecycle_msgs/srv/ChangeState_Request.msg
[10.550s] -- Installing: /home/abdelrhaman/microros_ws/install/lifecycle_msgs/share/lifecycle_msgs/srv/ChangeState_Response.msg
[10.550s] -- Installing: /home/abdelrhaman/microros_ws/install/lifecycle_msgs/share/lifecycle_msgs/srv/GetAvailableStates.srv
[10.550s] -- Installing: /home/abdelrhaman/microros_ws/install/lifecycle_msgs/share/lifecycle_msgs/srv/GetAvailableStates_Request.msg
[10.550s] -- Installing: /home/abdelrhaman/microros_ws/install/lifecycle_msgs/share/lifecycle_msgs/srv/GetAvailableStates_Response.msg
[10.550s] -- Installing: /home/abdelrhaman/microros_ws/install/lifecycle_msgs/share/lifecycle_msgs/srv/GetAvailableTransitions.srv
[10.550s] -- Installing: /home/abdelrhaman/microros_ws/install/lifecycle_msgs/share/lifecycle_msgs/srv/GetAvailableTransitions_Request.msg
[10.550s] -- Installing: /home/abdelrhaman/microros_ws/install/lifecycle_msgs/share/lifecycle_msgs/srv/GetAvailableTransitions_Response.msg
[10.550s] -- Installing: /home/abdelrhaman/microros_ws/install/lifecycle_msgs/share/lifecycle_msgs/srv/GetState.srv
[10.550s] -- Installing: /home/abdelrhaman/microros_ws/install/lifecycle_msgs/share/lifecycle_msgs/srv/GetState_Request.msg
[10.550s] -- Installing: /home/abdelrhaman/microros_ws/install/lifecycle_msgs/share/lifecycle_msgs/srv/GetState_Response.msg
[10.550s] -- Installing: /home/abdelrhaman/microros_ws/install/lifecycle_msgs/share/ament_index/resource_index/package_run_dependencies/lifecycle_msgs
[10.550s] -- Installing: /home/abdelrhaman/microros_ws/install/lifecycle_msgs/share/ament_index/resource_index/parent_prefix_path/lifecycle_msgs
[10.550s] -- Installing: /home/abdelrhaman/microros_ws/install/lifecycle_msgs/share/lifecycle_msgs/environment/ament_prefix_path.sh
[10.550s] -- Installing: /home/abdelrhaman/microros_ws/install/lifecycle_msgs/share/lifecycle_msgs/environment/ament_prefix_path.dsv
[10.551s] -- Installing: /home/abdelrhaman/microros_ws/install/lifecycle_msgs/share/lifecycle_msgs/environment/path.sh
[10.551s] -- Installing: /home/abdelrhaman/microros_ws/install/lifecycle_msgs/share/lifecycle_msgs/environment/path.dsv
[10.551s] -- Installing: /home/abdelrhaman/microros_ws/install/lifecycle_msgs/share/lifecycle_msgs/local_setup.bash
[10.554s] -- Installing: /home/abdelrhaman/microros_ws/install/lifecycle_msgs/share/lifecycle_msgs/local_setup.sh
[10.554s] -- Installing: /home/abdelrhaman/microros_ws/install/lifecycle_msgs/share/lifecycle_msgs/local_setup.zsh
[10.554s] -- Installing: /home/abdelrhaman/microros_ws/install/lifecycle_msgs/share/lifecycle_msgs/local_setup.dsv
[10.555s] -- Installing: /home/abdelrhaman/microros_ws/install/lifecycle_msgs/share/lifecycle_msgs/package.dsv
[10.555s] -- Installing: /home/abdelrhaman/microros_ws/install/lifecycle_msgs/share/ament_index/resource_index/packages/lifecycle_msgs
[10.555s] -- Installing: /home/abdelrhaman/microros_ws/install/lifecycle_msgs/share/lifecycle_msgs/cmake/export_lifecycle_msgs__rosidl_generator_cExport.cmake
[10.555s] -- Installing: /home/abdelrhaman/microros_ws/install/lifecycle_msgs/share/lifecycle_msgs/cmake/export_lifecycle_msgs__rosidl_generator_cExport-noconfig.cmake
[10.555s] -- Installing: /home/abdelrhaman/microros_ws/install/lifecycle_msgs/share/lifecycle_msgs/cmake/export_lifecycle_msgs__rosidl_typesupport_fastrtps_cExport.cmake
[10.555s] -- Installing: /home/abdelrhaman/microros_ws/install/lifecycle_msgs/share/lifecycle_msgs/cmake/export_lifecycle_msgs__rosidl_typesupport_fastrtps_cExport-noconfig.cmake
[10.555s] -- Installing: /home/abdelrhaman/microros_ws/install/lifecycle_msgs/share/lifecycle_msgs/cmake/lifecycle_msgs__rosidl_typesupport_introspection_cExport.cmake
[10.555s] -- Installing: /home/abdelrhaman/microros_ws/install/lifecycle_msgs/share/lifecycle_msgs/cmake/lifecycle_msgs__rosidl_typesupport_introspection_cExport-noconfig.cmake
[10.555s] -- Installing: /home/abdelrhaman/microros_ws/install/lifecycle_msgs/share/lifecycle_msgs/cmake/lifecycle_msgs__rosidl_typesupport_cExport.cmake
[10.555s] -- Installing: /home/abdelrhaman/microros_ws/install/lifecycle_msgs/share/lifecycle_msgs/cmake/lifecycle_msgs__rosidl_typesupport_cExport-noconfig.cmake
[10.555s] -- Installing: /home/abdelrhaman/microros_ws/install/lifecycle_msgs/share/lifecycle_msgs/cmake/export_lifecycle_msgs__rosidl_generator_cppExport.cmake
[10.555s] -- Installing: /home/abdelrhaman/microros_ws/install/lifecycle_msgs/share/lifecycle_msgs/cmake/export_lifecycle_msgs__rosidl_typesupport_fastrtps_cppExport.cmake
[10.555s] -- Installing: /home/abdelrhaman/microros_ws/install/lifecycle_msgs/share/lifecycle_msgs/cmake/export_lifecycle_msgs__rosidl_typesupport_fastrtps_cppExport-noconfig.cmake
[10.555s] -- Installing: /home/abdelrhaman/microros_ws/install/lifecycle_msgs/share/lifecycle_msgs/cmake/lifecycle_msgs__rosidl_typesupport_introspection_cppExport.cmake
[10.555s] -- Installing: /home/abdelrhaman/microros_ws/install/lifecycle_msgs/share/lifecycle_msgs/cmake/lifecycle_msgs__rosidl_typesupport_introspection_cppExport-noconfig.cmake
[10.555s] -- Installing: /home/abdelrhaman/microros_ws/install/lifecycle_msgs/share/lifecycle_msgs/cmake/lifecycle_msgs__rosidl_typesupport_cppExport.cmake
[10.555s] -- Installing: /home/abdelrhaman/microros_ws/install/lifecycle_msgs/share/lifecycle_msgs/cmake/lifecycle_msgs__rosidl_typesupport_cppExport-noconfig.cmake
[10.556s] -- Installing: /home/abdelrhaman/microros_ws/install/lifecycle_msgs/share/lifecycle_msgs/cmake/export_lifecycle_msgs__rosidl_generator_pyExport.cmake
[10.556s] -- Installing: /home/abdelrhaman/microros_ws/install/lifecycle_msgs/share/lifecycle_msgs/cmake/export_lifecycle_msgs__rosidl_generator_pyExport-noconfig.cmake
[10.556s] -- Installing: /home/abdelrhaman/microros_ws/install/lifecycle_msgs/share/lifecycle_msgs/cmake/rosidl_cmake-extras.cmake
[10.556s] -- Installing: /home/abdelrhaman/microros_ws/install/lifecycle_msgs/share/lifecycle_msgs/cmake/ament_cmake_export_include_directories-extras.cmake
[10.556s] -- Installing: /home/abdelrhaman/microros_ws/install/lifecycle_msgs/share/lifecycle_msgs/cmake/ament_cmake_export_libraries-extras.cmake
[10.556s] -- Installing: /home/abdelrhaman/microros_ws/install/lifecycle_msgs/share/lifecycle_msgs/cmake/ament_cmake_export_targets-extras.cmake
[10.556s] -- Installing: /home/abdelrhaman/microros_ws/install/lifecycle_msgs/share/lifecycle_msgs/cmake/rosidl_cmake_export_typesupport_targets-extras.cmake
[10.557s] -- Installing: /home/abdelrhaman/microros_ws/install/lifecycle_msgs/share/lifecycle_msgs/cmake/ament_cmake_export_dependencies-extras.cmake
[10.560s] -- Installing: /home/abdelrhaman/microros_ws/install/lifecycle_msgs/share/lifecycle_msgs/cmake/rosidl_cmake_export_typesupport_libraries-extras.cmake
[10.560s] -- Installing: /home/abdelrhaman/microros_ws/install/lifecycle_msgs/share/lifecycle_msgs/cmake/lifecycle_msgsConfig.cmake
[10.560s] -- Installing: /home/abdelrhaman/microros_ws/install/lifecycle_msgs/share/lifecycle_msgs/cmake/lifecycle_msgsConfig-version.cmake
[10.560s] -- Installing: /home/abdelrhaman/microros_ws/install/lifecycle_msgs/share/lifecycle_msgs/package.xml
[10.592s] Invoked command in '/home/abdelrhaman/microros_ws/build/lifecycle_msgs' returned '0': CMAKE_PREFIX_PATH=${CMAKE_PREFIX_PATH}:/home/abdelrhaman/ros/install/my_robot_controller:/opt/ros/humble /usr/bin/cmake --install /home/abdelrhaman/microros_ws/build/lifecycle_msgs
