[0.018s] Invoking command in '/home/abdelrhaman/microros_ws/build/micro_ros_utilities': CMAKE_PREFIX_PATH=/home/abdelrhaman/ros/install/my_robot_controller:/opt/ros/humble /usr/bin/cmake /home/abdelrhaman/microros_ws/src/uros/micro_ros_utilities -DCMAKE_INSTALL_PREFIX=/home/abdelrhaman/microros_ws/install/micro_ros_utilities
[0.026s] -- Found ament_cmake: 1.3.10 (/opt/ros/humble/share/ament_cmake/cmake)
[0.133s] -- Found rosidl_typesupport_introspection_c: 3.1.5 (/opt/ros/humble/share/rosidl_typesupport_introspection_c/cmake)
[0.136s] -- Found rosidl_adapter: 3.1.5 (/opt/ros/humble/share/rosidl_adapter/cmake)
[0.209s] -- Configuring done
[0.215s] -- Generating done
[0.217s] -- Build files have been written to: /home/abdelrhaman/microros_ws/build/micro_ros_utilities
[0.222s] Invoked command in '/home/abdelrhaman/microros_ws/build/micro_ros_utilities' returned '0': CMAKE_PREFIX_PATH=/home/abdelrhaman/ros/install/my_robot_controller:/opt/ros/humble /usr/bin/cmake /home/abdelrhaman/microros_ws/src/uros/micro_ros_utilities -DCMAKE_INSTALL_PREFIX=/home/abdelrhaman/microros_ws/install/micro_ros_utilities
[0.223s] Invoking command in '/home/abdelrhaman/microros_ws/build/micro_ros_utilities': CMAKE_PREFIX_PATH=/home/abdelrhaman/ros/install/my_robot_controller:/opt/ros/humble /usr/bin/cmake --build /home/abdelrhaman/microros_ws/build/micro_ros_utilities -- -j20 -l20
[0.254s] [35m[1mConsolidate compiler generated dependencies of target micro_ros_utilities[0m
[0.266s] [100%] Built target micro_ros_utilities
[0.275s] Invoked command in '/home/abdelrhaman/microros_ws/build/micro_ros_utilities' returned '0': CMAKE_PREFIX_PATH=/home/abdelrhaman/ros/install/my_robot_controller:/opt/ros/humble /usr/bin/cmake --build /home/abdelrhaman/microros_ws/build/micro_ros_utilities -- -j20 -l20
[0.301s] Invoking command in '/home/abdelrhaman/microros_ws/build/micro_ros_utilities': CMAKE_PREFIX_PATH=/home/abdelrhaman/ros/install/my_robot_controller:/opt/ros/humble /usr/bin/cmake --install /home/abdelrhaman/microros_ws/build/micro_ros_utilities
[0.308s] -- Install configuration: ""
[0.308s] -- Up-to-date: /home/abdelrhaman/microros_ws/install/micro_ros_utilities/include
[0.309s] -- Up-to-date: /home/abdelrhaman/microros_ws/install/micro_ros_utilities/include/micro_ros_utilities
[0.309s] -- Up-to-date: /home/abdelrhaman/microros_ws/install/micro_ros_utilities/include/micro_ros_utilities/string_utilities.h
[0.309s] -- Up-to-date: /home/abdelrhaman/microros_ws/install/micro_ros_utilities/include/micro_ros_utilities/visibility_control.h
[0.309s] -- Up-to-date: /home/abdelrhaman/microros_ws/install/micro_ros_utilities/include/micro_ros_utilities/type_utilities.h
[0.309s] -- Up-to-date: /home/abdelrhaman/microros_ws/install/micro_ros_utilities/lib/libmicro_ros_utilities.so
[0.309s] -- Up-to-date: /home/abdelrhaman/microros_ws/install/micro_ros_utilities/share/micro_ros_utilities/environment/library_path.sh
[0.309s] -- Installing: /home/abdelrhaman/microros_ws/install/micro_ros_utilities/share/micro_ros_utilities/environment/library_path.dsv
[0.310s] -- Up-to-date: /home/abdelrhaman/microros_ws/install/micro_ros_utilities/share/ament_index/resource_index/package_run_dependencies/micro_ros_utilities
[0.310s] -- Installing: /home/abdelrhaman/microros_ws/install/micro_ros_utilities/share/ament_index/resource_index/parent_prefix_path/micro_ros_utilities
[0.310s] -- Up-to-date: /home/abdelrhaman/microros_ws/install/micro_ros_utilities/share/micro_ros_utilities/environment/ament_prefix_path.sh
[0.310s] -- Installing: /home/abdelrhaman/microros_ws/install/micro_ros_utilities/share/micro_ros_utilities/environment/ament_prefix_path.dsv
[0.311s] -- Up-to-date: /home/abdelrhaman/microros_ws/install/micro_ros_utilities/share/micro_ros_utilities/environment/path.sh
[0.311s] -- Installing: /home/abdelrhaman/microros_ws/install/micro_ros_utilities/share/micro_ros_utilities/environment/path.dsv
[0.311s] -- Up-to-date: /home/abdelrhaman/microros_ws/install/micro_ros_utilities/share/micro_ros_utilities/local_setup.bash
[0.311s] -- Up-to-date: /home/abdelrhaman/microros_ws/install/micro_ros_utilities/share/micro_ros_utilities/local_setup.sh
[0.311s] -- Up-to-date: /home/abdelrhaman/microros_ws/install/micro_ros_utilities/share/micro_ros_utilities/local_setup.zsh
[0.311s] -- Installing: /home/abdelrhaman/microros_ws/install/micro_ros_utilities/share/micro_ros_utilities/local_setup.dsv
[0.311s] -- Installing: /home/abdelrhaman/microros_ws/install/micro_ros_utilities/share/micro_ros_utilities/package.dsv
[0.311s] -- Up-to-date: /home/abdelrhaman/microros_ws/install/micro_ros_utilities/share/ament_index/resource_index/packages/micro_ros_utilities
[0.312s] -- Up-to-date: /home/abdelrhaman/microros_ws/install/micro_ros_utilities/share/micro_ros_utilities/cmake/ament_cmake_export_include_directories-extras.cmake
[0.312s] -- Up-to-date: /home/abdelrhaman/microros_ws/install/micro_ros_utilities/share/micro_ros_utilities/cmake/ament_cmake_export_libraries-extras.cmake
[0.312s] -- Up-to-date: /home/abdelrhaman/microros_ws/install/micro_ros_utilities/share/micro_ros_utilities/cmake/ament_cmake_export_dependencies-extras.cmake
[0.312s] -- Up-to-date: /home/abdelrhaman/microros_ws/install/micro_ros_utilities/share/micro_ros_utilities/cmake/micro_ros_utilitiesConfig.cmake
[0.312s] -- Up-to-date: /home/abdelrhaman/microros_ws/install/micro_ros_utilities/share/micro_ros_utilities/cmake/micro_ros_utilitiesConfig-version.cmake
[0.312s] -- Up-to-date: /home/abdelrhaman/microros_ws/install/micro_ros_utilities/share/micro_ros_utilities/package.xml
[0.314s] Invoked command in '/home/abdelrhaman/microros_ws/build/micro_ros_utilities' returned '0': CMAKE_PREFIX_PATH=/home/abdelrhaman/ros/install/my_robot_controller:/opt/ros/humble /usr/bin/cmake --install /home/abdelrhaman/microros_ws/build/micro_ros_utilities
