[0.010s] Invoking command in '/home/abdelrhaman/microros_ws/build/builtin_interfaces': CMAKE_PREFIX_PATH=${CMAKE_PREFIX_PATH}:/home/abdelrhaman/microros_ws/install/sensor_msgs_py:/home/abdelrhaman/ros/install/my_robot_controller:/opt/ros/humble /usr/bin/cmake /home/abdelrhaman/microros_ws/src/ros2/rcl_interfaces/builtin_interfaces -DUAGENT_BUILD_EXECUTABLE=OFF -DUAGENT_P2P_PROFILE=OFF --no-warn-unused-cli -DCMAKE_INSTALL_PREFIX=/home/abdelrhaman/microros_ws/install/builtin_interfaces
[0.022s] Not searching for unused variables given on the command line.
[0.028s] -- Found ament_cmake: 1.3.10 (/opt/ros/humble/share/ament_cmake/cmake)
[0.144s] -- Found rosidl_default_generators: 1.2.0 (/opt/ros/humble/share/rosidl_default_generators/cmake)
[0.148s] -- Using all available rosidl_typesupport_c: rosidl_typesupport_microxrcedds_c;rosidl_typesupport_fastrtps_c;rosidl_typesupport_introspection_c
[0.149s] -- Found rosidl_adapter: 3.1.5 (/opt/ros/humble/share/rosidl_adapter/cmake)
[0.174s] -- Using all available rosidl_typesupport_cpp: rosidl_typesupport_microxrcedds_cpp;rosidl_typesupport_fastrtps_cpp;rosidl_typesupport_introspection_cpp
[0.401s] -- Found ament_cmake_ros: 0.10.0 (/opt/ros/humble/share/ament_cmake_ros/cmake)
[0.616s] -- Using all available rosidl_typesupport_c: rosidl_typesupport_microxrcedds_c;rosidl_typesupport_fastrtps_c;rosidl_typesupport_introspection_c
[0.892s] -- Using all available rosidl_typesupport_cpp: rosidl_typesupport_microxrcedds_cpp;rosidl_typesupport_fastrtps_cpp;rosidl_typesupport_introspection_cpp
[0.915s] -- Found python_cmake_module: 0.10.0 (/opt/ros/humble/share/python_cmake_module/cmake)
[0.940s] -- Using PYTHON_EXECUTABLE: /usr/bin/python3
[0.940s] -- Using PYTHON_INCLUDE_DIRS: /usr/include/python3.10
[0.941s] -- Using PYTHON_LIBRARIES: /usr/lib/x86_64-linux-gnu/libpython3.10.so
[0.963s] -- Configuring done
[0.982s] -- Generating done
[0.983s] -- Build files have been written to: /home/abdelrhaman/microros_ws/build/builtin_interfaces
[0.988s] Invoked command in '/home/abdelrhaman/microros_ws/build/builtin_interfaces' returned '0': CMAKE_PREFIX_PATH=${CMAKE_PREFIX_PATH}:/home/abdelrhaman/microros_ws/install/sensor_msgs_py:/home/abdelrhaman/ros/install/my_robot_controller:/opt/ros/humble /usr/bin/cmake /home/abdelrhaman/microros_ws/src/ros2/rcl_interfaces/builtin_interfaces -DUAGENT_BUILD_EXECUTABLE=OFF -DUAGENT_P2P_PROFILE=OFF --no-warn-unused-cli -DCMAKE_INSTALL_PREFIX=/home/abdelrhaman/microros_ws/install/builtin_interfaces
[0.989s] Invoking command in '/home/abdelrhaman/microros_ws/build/builtin_interfaces': CMAKE_PREFIX_PATH=${CMAKE_PREFIX_PATH}:/home/abdelrhaman/microros_ws/install/sensor_msgs_py:/home/abdelrhaman/ros/install/my_robot_controller:/opt/ros/humble /usr/bin/cmake --build /home/abdelrhaman/microros_ws/build/builtin_interfaces -- -j20 -l20
[1.051s] [35m[1mConsolidate compiler generated dependencies of target builtin_interfaces__rosidl_generator_c[0m
[1.078s] [  8%] Built target builtin_interfaces__rosidl_generator_c
[1.093s] [ 10%] Built target builtin_interfaces__cpp
[1.098s] [35m[1mConsolidate compiler generated dependencies of target builtin_interfaces__rosidl_typesupport_c[0m
[1.101s] [35m[1mConsolidate compiler generated dependencies of target builtin_interfaces__rosidl_typesupport_introspection_c[0m
[1.101s] [35m[1mConsolidate compiler generated dependencies of target builtin_interfaces__rosidl_typesupport_microxrcedds_c[0m
[1.102s] [ 10%] Built target ament_cmake_python_copy_builtin_interfaces
[1.102s] [35m[1mConsolidate compiler generated dependencies of target builtin_interfaces__rosidl_typesupport_fastrtps_c[0m
[1.106s] [35m[1mConsolidate compiler generated dependencies of target builtin_interfaces__rosidl_typesupport_microxrcedds_cpp[0m
[1.106s] [35m[1mConsolidate compiler generated dependencies of target builtin_interfaces__rosidl_typesupport_fastrtps_cpp[0m
[1.106s] [35m[1mConsolidate compiler generated dependencies of target builtin_interfaces__rosidl_typesupport_cpp[0m
[1.109s] [ 18%] Built target builtin_interfaces__rosidl_typesupport_c
[1.110s] [35m[1mConsolidate compiler generated dependencies of target builtin_interfaces__rosidl_typesupport_introspection_cpp[0m
[1.114s] [ 26%] Built target builtin_interfaces__rosidl_typesupport_introspection_c
[1.115s] [ 34%] Built target builtin_interfaces__rosidl_typesupport_fastrtps_c
[1.115s] [ 42%] Built target builtin_interfaces__rosidl_typesupport_microxrcedds_c
[1.116s] [ 51%] Built target builtin_interfaces__rosidl_typesupport_cpp
[1.117s] [ 59%] Built target builtin_interfaces__rosidl_typesupport_microxrcedds_cpp
[1.120s] [ 67%] Built target builtin_interfaces__rosidl_typesupport_fastrtps_cpp
[1.122s] [ 75%] Built target builtin_interfaces__rosidl_typesupport_introspection_cpp
[1.142s] [ 75%] Built target builtin_interfaces
[1.162s] [ 77%] Built target builtin_interfaces__py
[1.174s] [35m[1mConsolidate compiler generated dependencies of target builtin_interfaces__rosidl_generator_py[0m
[1.191s] [ 83%] Built target builtin_interfaces__rosidl_generator_py
[1.200s] [35m[1mConsolidate compiler generated dependencies of target builtin_interfaces__rosidl_typesupport_c__pyext[0m
[1.200s] [35m[1mConsolidate compiler generated dependencies of target builtin_interfaces__rosidl_typesupport_microxrcedds_c__pyext[0m
[1.201s] [35m[1mConsolidate compiler generated dependencies of target builtin_interfaces__rosidl_typesupport_fastrtps_c__pyext[0m
[1.201s] [35m[1mConsolidate compiler generated dependencies of target builtin_interfaces__rosidl_typesupport_introspection_c__pyext[0m
[1.214s] [ 87%] Built target builtin_interfaces__rosidl_typesupport_introspection_c__pyext
[1.214s] [ 91%] Built target builtin_interfaces__rosidl_typesupport_microxrcedds_c__pyext
[1.215s] [ 95%] Built target builtin_interfaces__rosidl_typesupport_c__pyext
[1.215s] [100%] Built target builtin_interfaces__rosidl_typesupport_fastrtps_c__pyext
[1.483s] running egg_info
[1.521s] writing builtin_interfaces.egg-info/PKG-INFO
[1.553s] writing dependency_links to builtin_interfaces.egg-info/dependency_links.txt
[1.739s] writing top-level names to builtin_interfaces.egg-info/top_level.txt
[1.793s] reading manifest file 'builtin_interfaces.egg-info/SOURCES.txt'
[1.794s] writing manifest file 'builtin_interfaces.egg-info/SOURCES.txt'
[1.825s] [100%] Built target ament_cmake_python_build_builtin_interfaces_egg
[1.838s] Invoked command in '/home/abdelrhaman/microros_ws/build/builtin_interfaces' returned '0': CMAKE_PREFIX_PATH=${CMAKE_PREFIX_PATH}:/home/abdelrhaman/microros_ws/install/sensor_msgs_py:/home/abdelrhaman/ros/install/my_robot_controller:/opt/ros/humble /usr/bin/cmake --build /home/abdelrhaman/microros_ws/build/builtin_interfaces -- -j20 -l20
[2.001s] Invoking command in '/home/abdelrhaman/microros_ws/build/builtin_interfaces': CMAKE_PREFIX_PATH=${CMAKE_PREFIX_PATH}:/home/abdelrhaman/microros_ws/install/sensor_msgs_py:/home/abdelrhaman/ros/install/my_robot_controller:/opt/ros/humble /usr/bin/cmake --install /home/abdelrhaman/microros_ws/build/builtin_interfaces
[2.012s] -- Install configuration: ""
[2.012s] -- Up-to-date: /home/abdelrhaman/microros_ws/install/builtin_interfaces/share/ament_index/resource_index/rosidl_interfaces/builtin_interfaces
[2.012s] -- Up-to-date: /home/abdelrhaman/microros_ws/install/builtin_interfaces/include/builtin_interfaces/builtin_interfaces
[2.012s] -- Up-to-date: /home/abdelrhaman/microros_ws/install/builtin_interfaces/include/builtin_interfaces/builtin_interfaces/msg
[2.012s] -- Up-to-date: /home/abdelrhaman/microros_ws/install/builtin_interfaces/include/builtin_interfaces/builtin_interfaces/msg/rosidl_generator_c__visibility_control.h
[2.012s] -- Up-to-date: /home/abdelrhaman/microros_ws/install/builtin_interfaces/include/builtin_interfaces/builtin_interfaces/msg/detail
[2.012s] -- Up-to-date: /home/abdelrhaman/microros_ws/install/builtin_interfaces/include/builtin_interfaces/builtin_interfaces/msg/detail/duration__functions.h
[2.012s] -- Up-to-date: /home/abdelrhaman/microros_ws/install/builtin_interfaces/include/builtin_interfaces/builtin_interfaces/msg/detail/time__type_support.h
[2.012s] -- Up-to-date: /home/abdelrhaman/microros_ws/install/builtin_interfaces/include/builtin_interfaces/builtin_interfaces/msg/detail/duration__type_support.h
[2.013s] -- Up-to-date: /home/abdelrhaman/microros_ws/install/builtin_interfaces/include/builtin_interfaces/builtin_interfaces/msg/detail/time__struct.h
[2.013s] -- Up-to-date: /home/abdelrhaman/microros_ws/install/builtin_interfaces/include/builtin_interfaces/builtin_interfaces/msg/detail/duration__struct.h
[2.013s] -- Up-to-date: /home/abdelrhaman/microros_ws/install/builtin_interfaces/include/builtin_interfaces/builtin_interfaces/msg/detail/duration__functions.c
[2.013s] -- Up-to-date: /home/abdelrhaman/microros_ws/install/builtin_interfaces/include/builtin_interfaces/builtin_interfaces/msg/detail/time__functions.h
[2.013s] -- Up-to-date: /home/abdelrhaman/microros_ws/install/builtin_interfaces/include/builtin_interfaces/builtin_interfaces/msg/detail/time__functions.c
[2.013s] -- Up-to-date: /home/abdelrhaman/microros_ws/install/builtin_interfaces/include/builtin_interfaces/builtin_interfaces/msg/duration.h
[2.013s] -- Up-to-date: /home/abdelrhaman/microros_ws/install/builtin_interfaces/include/builtin_interfaces/builtin_interfaces/msg/time.h
[2.013s] -- Up-to-date: /home/abdelrhaman/microros_ws/install/builtin_interfaces/share/builtin_interfaces/environment/library_path.sh
[2.013s] -- Installing: /home/abdelrhaman/microros_ws/install/builtin_interfaces/share/builtin_interfaces/environment/library_path.dsv
[2.013s] -- Up-to-date: /home/abdelrhaman/microros_ws/install/builtin_interfaces/lib/libbuiltin_interfaces__rosidl_generator_c.so
[2.013s] -- Up-to-date: /home/abdelrhaman/microros_ws/install/builtin_interfaces/include/builtin_interfaces
[2.013s] -- Up-to-date: /home/abdelrhaman/microros_ws/install/builtin_interfaces/include/builtin_interfaces/msg
[2.013s] -- Up-to-date: /home/abdelrhaman/microros_ws/install/builtin_interfaces/include/builtin_interfaces/msg/detail
[2.013s] -- Up-to-date: /home/abdelrhaman/microros_ws/install/builtin_interfaces/include/builtin_interfaces/msg/detail/duration__rosidl_typesupport_microxrcedds_c.h
[2.013s] -- Up-to-date: /home/abdelrhaman/microros_ws/install/builtin_interfaces/include/builtin_interfaces/msg/detail/time__rosidl_typesupport_microxrcedds_c.h
[2.013s] -- Up-to-date: /home/abdelrhaman/microros_ws/install/builtin_interfaces/include/builtin_interfaces/msg/detail/microxrcedds
[2.013s] -- Up-to-date: /home/abdelrhaman/microros_ws/install/builtin_interfaces/include/builtin_interfaces/msg/rosidl_typesupport_microxrcedds_c__visibility_control.h
[2.013s] -- Up-to-date: /home/abdelrhaman/microros_ws/install/builtin_interfaces/lib/libbuiltin_interfaces__rosidl_typesupport_microxrcedds_c.so
[2.014s] -- Up-to-date: /home/abdelrhaman/microros_ws/install/builtin_interfaces/include/builtin_interfaces/builtin_interfaces
[2.014s] -- Up-to-date: /home/abdelrhaman/microros_ws/install/builtin_interfaces/include/builtin_interfaces/builtin_interfaces/msg
[2.014s] -- Up-to-date: /home/abdelrhaman/microros_ws/install/builtin_interfaces/include/builtin_interfaces/builtin_interfaces/msg/detail
[2.014s] -- Up-to-date: /home/abdelrhaman/microros_ws/install/builtin_interfaces/include/builtin_interfaces/builtin_interfaces/msg/detail/time__rosidl_typesupport_fastrtps_c.h
[2.014s] -- Up-to-date: /home/abdelrhaman/microros_ws/install/builtin_interfaces/include/builtin_interfaces/builtin_interfaces/msg/detail/duration__rosidl_typesupport_fastrtps_c.h
[2.014s] -- Up-to-date: /home/abdelrhaman/microros_ws/install/builtin_interfaces/include/builtin_interfaces/builtin_interfaces/msg/rosidl_typesupport_fastrtps_c__visibility_control.h
[2.014s] -- Up-to-date: /home/abdelrhaman/microros_ws/install/builtin_interfaces/lib/libbuiltin_interfaces__rosidl_typesupport_fastrtps_c.so
[2.014s] -- Up-to-date: /home/abdelrhaman/microros_ws/install/builtin_interfaces/include/builtin_interfaces/builtin_interfaces
[2.014s] -- Up-to-date: /home/abdelrhaman/microros_ws/install/builtin_interfaces/include/builtin_interfaces/builtin_interfaces/msg
[2.014s] -- Up-to-date: /home/abdelrhaman/microros_ws/install/builtin_interfaces/include/builtin_interfaces/builtin_interfaces/msg/rosidl_typesupport_introspection_c__visibility_control.h
[2.014s] -- Up-to-date: /home/abdelrhaman/microros_ws/install/builtin_interfaces/include/builtin_interfaces/builtin_interfaces/msg/detail
[2.014s] -- Up-to-date: /home/abdelrhaman/microros_ws/install/builtin_interfaces/include/builtin_interfaces/builtin_interfaces/msg/detail/time__type_support.c
[2.014s] -- Up-to-date: /home/abdelrhaman/microros_ws/install/builtin_interfaces/include/builtin_interfaces/builtin_interfaces/msg/detail/time__rosidl_typesupport_introspection_c.h
[2.014s] -- Up-to-date: /home/abdelrhaman/microros_ws/install/builtin_interfaces/include/builtin_interfaces/builtin_interfaces/msg/detail/duration__type_support.c
[2.014s] -- Up-to-date: /home/abdelrhaman/microros_ws/install/builtin_interfaces/include/builtin_interfaces/builtin_interfaces/msg/detail/duration__rosidl_typesupport_introspection_c.h
[2.014s] -- Up-to-date: /home/abdelrhaman/microros_ws/install/builtin_interfaces/lib/libbuiltin_interfaces__rosidl_typesupport_introspection_c.so
[2.015s] -- Up-to-date: /home/abdelrhaman/microros_ws/install/builtin_interfaces/lib/libbuiltin_interfaces__rosidl_typesupport_c.so
[2.015s] -- Up-to-date: /home/abdelrhaman/microros_ws/install/builtin_interfaces/include/builtin_interfaces/builtin_interfaces
[2.015s] -- Up-to-date: /home/abdelrhaman/microros_ws/install/builtin_interfaces/include/builtin_interfaces/builtin_interfaces/msg
[2.015s] -- Up-to-date: /home/abdelrhaman/microros_ws/install/builtin_interfaces/include/builtin_interfaces/builtin_interfaces/msg/detail
[2.015s] -- Up-to-date: /home/abdelrhaman/microros_ws/install/builtin_interfaces/include/builtin_interfaces/builtin_interfaces/msg/detail/duration__traits.hpp
[2.015s] -- Up-to-date: /home/abdelrhaman/microros_ws/install/builtin_interfaces/include/builtin_interfaces/builtin_interfaces/msg/detail/time__builder.hpp
[2.015s] -- Up-to-date: /home/abdelrhaman/microros_ws/install/builtin_interfaces/include/builtin_interfaces/builtin_interfaces/msg/detail/duration__builder.hpp
[2.015s] -- Up-to-date: /home/abdelrhaman/microros_ws/install/builtin_interfaces/include/builtin_interfaces/builtin_interfaces/msg/detail/duration__struct.hpp
[2.015s] -- Up-to-date: /home/abdelrhaman/microros_ws/install/builtin_interfaces/include/builtin_interfaces/builtin_interfaces/msg/detail/time__traits.hpp
[2.015s] -- Up-to-date: /home/abdelrhaman/microros_ws/install/builtin_interfaces/include/builtin_interfaces/builtin_interfaces/msg/detail/time__struct.hpp
[2.015s] -- Up-to-date: /home/abdelrhaman/microros_ws/install/builtin_interfaces/include/builtin_interfaces/builtin_interfaces/msg/time.hpp
[2.015s] -- Up-to-date: /home/abdelrhaman/microros_ws/install/builtin_interfaces/include/builtin_interfaces/builtin_interfaces/msg/duration.hpp
[2.015s] -- Up-to-date: /home/abdelrhaman/microros_ws/install/builtin_interfaces/include/builtin_interfaces
[2.015s] -- Up-to-date: /home/abdelrhaman/microros_ws/install/builtin_interfaces/include/builtin_interfaces/msg
[2.015s] -- Up-to-date: /home/abdelrhaman/microros_ws/install/builtin_interfaces/include/builtin_interfaces/msg/detail
[2.015s] -- Up-to-date: /home/abdelrhaman/microros_ws/install/builtin_interfaces/include/builtin_interfaces/msg/detail/time__rosidl_typesupport_microxrcedds_cpp.hpp
[2.015s] -- Up-to-date: /home/abdelrhaman/microros_ws/install/builtin_interfaces/include/builtin_interfaces/msg/detail/microxrcedds
[2.015s] -- Up-to-date: /home/abdelrhaman/microros_ws/install/builtin_interfaces/include/builtin_interfaces/msg/detail/microxrcedds/time__type_support_cpp.cpp
[2.015s] -- Up-to-date: /home/abdelrhaman/microros_ws/install/builtin_interfaces/include/builtin_interfaces/msg/detail/microxrcedds/duration__type_support_cpp.cpp
[2.015s] -- Up-to-date: /home/abdelrhaman/microros_ws/install/builtin_interfaces/include/builtin_interfaces/msg/detail/duration__rosidl_typesupport_microxrcedds_cpp.hpp
[2.015s] -- Up-to-date: /home/abdelrhaman/microros_ws/install/builtin_interfaces/include/builtin_interfaces/msg/rosidl_typesupport_microxrcedds_cpp__visibility_control.h
[2.015s] -- Up-to-date: /home/abdelrhaman/microros_ws/install/builtin_interfaces/lib/libbuiltin_interfaces__rosidl_typesupport_microxrcedds_cpp.so
[2.015s] -- Up-to-date: /home/abdelrhaman/microros_ws/install/builtin_interfaces/include/builtin_interfaces/builtin_interfaces
[2.015s] -- Up-to-date: /home/abdelrhaman/microros_ws/install/builtin_interfaces/include/builtin_interfaces/builtin_interfaces/msg
[2.015s] -- Up-to-date: /home/abdelrhaman/microros_ws/install/builtin_interfaces/include/builtin_interfaces/builtin_interfaces/msg/detail
[2.016s] -- Up-to-date: /home/abdelrhaman/microros_ws/install/builtin_interfaces/include/builtin_interfaces/builtin_interfaces/msg/detail/duration__rosidl_typesupport_fastrtps_cpp.hpp
[2.016s] -- Up-to-date: /home/abdelrhaman/microros_ws/install/builtin_interfaces/include/builtin_interfaces/builtin_interfaces/msg/detail/dds_fastrtps
[2.016s] -- Up-to-date: /home/abdelrhaman/microros_ws/install/builtin_interfaces/include/builtin_interfaces/builtin_interfaces/msg/detail/time__rosidl_typesupport_fastrtps_cpp.hpp
[2.016s] -- Up-to-date: /home/abdelrhaman/microros_ws/install/builtin_interfaces/include/builtin_interfaces/builtin_interfaces/msg/rosidl_typesupport_fastrtps_cpp__visibility_control.h
[2.016s] -- Up-to-date: /home/abdelrhaman/microros_ws/install/builtin_interfaces/lib/libbuiltin_interfaces__rosidl_typesupport_fastrtps_cpp.so
[2.016s] -- Up-to-date: /home/abdelrhaman/microros_ws/install/builtin_interfaces/include/builtin_interfaces/builtin_interfaces
[2.016s] -- Up-to-date: /home/abdelrhaman/microros_ws/install/builtin_interfaces/include/builtin_interfaces/builtin_interfaces/msg
[2.016s] -- Up-to-date: /home/abdelrhaman/microros_ws/install/builtin_interfaces/include/builtin_interfaces/builtin_interfaces/msg/detail
[2.016s] -- Up-to-date: /home/abdelrhaman/microros_ws/install/builtin_interfaces/include/builtin_interfaces/builtin_interfaces/msg/detail/duration__type_support.cpp
[2.016s] -- Up-to-date: /home/abdelrhaman/microros_ws/install/builtin_interfaces/include/builtin_interfaces/builtin_interfaces/msg/detail/duration__rosidl_typesupport_introspection_cpp.hpp
[2.016s] -- Up-to-date: /home/abdelrhaman/microros_ws/install/builtin_interfaces/include/builtin_interfaces/builtin_interfaces/msg/detail/time__rosidl_typesupport_introspection_cpp.hpp
[2.016s] -- Up-to-date: /home/abdelrhaman/microros_ws/install/builtin_interfaces/include/builtin_interfaces/builtin_interfaces/msg/detail/time__type_support.cpp
[2.016s] -- Up-to-date: /home/abdelrhaman/microros_ws/install/builtin_interfaces/lib/libbuiltin_interfaces__rosidl_typesupport_introspection_cpp.so
[2.016s] -- Up-to-date: /home/abdelrhaman/microros_ws/install/builtin_interfaces/lib/libbuiltin_interfaces__rosidl_typesupport_cpp.so
[2.017s] -- Up-to-date: /home/abdelrhaman/microros_ws/install/builtin_interfaces/share/builtin_interfaces/environment/pythonpath.sh
[2.017s] -- Installing: /home/abdelrhaman/microros_ws/install/builtin_interfaces/share/builtin_interfaces/environment/pythonpath.dsv
[2.017s] -- Up-to-date: /home/abdelrhaman/microros_ws/install/builtin_interfaces/local/lib/python3.10/dist-packages/builtin_interfaces-1.2.1-py3.10.egg-info
[2.017s] -- Installing: /home/abdelrhaman/microros_ws/install/builtin_interfaces/local/lib/python3.10/dist-packages/builtin_interfaces-1.2.1-py3.10.egg-info/PKG-INFO
[2.017s] -- Installing: /home/abdelrhaman/microros_ws/install/builtin_interfaces/local/lib/python3.10/dist-packages/builtin_interfaces-1.2.1-py3.10.egg-info/SOURCES.txt
[2.017s] -- Installing: /home/abdelrhaman/microros_ws/install/builtin_interfaces/local/lib/python3.10/dist-packages/builtin_interfaces-1.2.1-py3.10.egg-info/top_level.txt
[2.017s] -- Installing: /home/abdelrhaman/microros_ws/install/builtin_interfaces/local/lib/python3.10/dist-packages/builtin_interfaces-1.2.1-py3.10.egg-info/dependency_links.txt
[2.017s] -- Up-to-date: /home/abdelrhaman/microros_ws/install/builtin_interfaces/local/lib/python3.10/dist-packages/builtin_interfaces
[2.017s] -- Up-to-date: /home/abdelrhaman/microros_ws/install/builtin_interfaces/local/lib/python3.10/dist-packages/builtin_interfaces/builtin_interfaces_s__rosidl_typesupport_fastrtps_c.cpython-310-x86_64-linux-gnu.so
[2.017s] -- Up-to-date: /home/abdelrhaman/microros_ws/install/builtin_interfaces/local/lib/python3.10/dist-packages/builtin_interfaces/builtin_interfaces_s__rosidl_typesupport_microxrcedds_c.cpython-310-x86_64-linux-gnu.so
[2.017s] -- Up-to-date: /home/abdelrhaman/microros_ws/install/builtin_interfaces/local/lib/python3.10/dist-packages/builtin_interfaces/_builtin_interfaces_s.ep.rosidl_typesupport_introspection_c.c
[2.017s] -- Up-to-date: /home/abdelrhaman/microros_ws/install/builtin_interfaces/local/lib/python3.10/dist-packages/builtin_interfaces/libbuiltin_interfaces__rosidl_generator_py.so
[2.017s] -- Up-to-date: /home/abdelrhaman/microros_ws/install/builtin_interfaces/local/lib/python3.10/dist-packages/builtin_interfaces/_builtin_interfaces_s.ep.rosidl_typesupport_c.c
[2.017s] -- Installing: /home/abdelrhaman/microros_ws/install/builtin_interfaces/local/lib/python3.10/dist-packages/builtin_interfaces/__init__.py
[2.017s] -- Up-to-date: /home/abdelrhaman/microros_ws/install/builtin_interfaces/local/lib/python3.10/dist-packages/builtin_interfaces/builtin_interfaces_s__rosidl_typesupport_c.cpython-310-x86_64-linux-gnu.so
[2.017s] -- Up-to-date: /home/abdelrhaman/microros_ws/install/builtin_interfaces/local/lib/python3.10/dist-packages/builtin_interfaces/builtin_interfaces_s__rosidl_typesupport_introspection_c.cpython-310-x86_64-linux-gnu.so
[2.017s] -- Up-to-date: /home/abdelrhaman/microros_ws/install/builtin_interfaces/local/lib/python3.10/dist-packages/builtin_interfaces/msg
[2.017s] -- Up-to-date: /home/abdelrhaman/microros_ws/install/builtin_interfaces/local/lib/python3.10/dist-packages/builtin_interfaces/msg/_time_s.c
[2.017s] -- Up-to-date: /home/abdelrhaman/microros_ws/install/builtin_interfaces/local/lib/python3.10/dist-packages/builtin_interfaces/msg/_time.py
[2.017s] -- Up-to-date: /home/abdelrhaman/microros_ws/install/builtin_interfaces/local/lib/python3.10/dist-packages/builtin_interfaces/msg/_duration.py
[2.017s] -- Up-to-date: /home/abdelrhaman/microros_ws/install/builtin_interfaces/local/lib/python3.10/dist-packages/builtin_interfaces/msg/_duration_s.c
[2.017s] -- Up-to-date: /home/abdelrhaman/microros_ws/install/builtin_interfaces/local/lib/python3.10/dist-packages/builtin_interfaces/msg/__init__.py
[2.017s] -- Up-to-date: /home/abdelrhaman/microros_ws/install/builtin_interfaces/local/lib/python3.10/dist-packages/builtin_interfaces/_builtin_interfaces_s.ep.rosidl_typesupport_microxrcedds_c.c
[2.017s] -- Up-to-date: /home/abdelrhaman/microros_ws/install/builtin_interfaces/local/lib/python3.10/dist-packages/builtin_interfaces/_builtin_interfaces_s.ep.rosidl_typesupport_fastrtps_c.c
[2.049s] Listing '/home/abdelrhaman/microros_ws/install/builtin_interfaces/local/lib/python3.10/dist-packages/builtin_interfaces'...
[2.049s] Compiling '/home/abdelrhaman/microros_ws/install/builtin_interfaces/local/lib/python3.10/dist-packages/builtin_interfaces/__init__.py'...
[2.049s] Listing '/home/abdelrhaman/microros_ws/install/builtin_interfaces/local/lib/python3.10/dist-packages/builtin_interfaces/msg'...
[2.052s] -- Up-to-date: /home/abdelrhaman/microros_ws/install/builtin_interfaces/local/lib/python3.10/dist-packages/builtin_interfaces/builtin_interfaces_s__rosidl_typesupport_microxrcedds_c.cpython-310-x86_64-linux-gnu.so
[2.052s] -- Up-to-date: /home/abdelrhaman/microros_ws/install/builtin_interfaces/local/lib/python3.10/dist-packages/builtin_interfaces/builtin_interfaces_s__rosidl_typesupport_fastrtps_c.cpython-310-x86_64-linux-gnu.so
[2.052s] -- Up-to-date: /home/abdelrhaman/microros_ws/install/builtin_interfaces/local/lib/python3.10/dist-packages/builtin_interfaces/builtin_interfaces_s__rosidl_typesupport_introspection_c.cpython-310-x86_64-linux-gnu.so
[2.053s] -- Up-to-date: /home/abdelrhaman/microros_ws/install/builtin_interfaces/local/lib/python3.10/dist-packages/builtin_interfaces/builtin_interfaces_s__rosidl_typesupport_c.cpython-310-x86_64-linux-gnu.so
[2.053s] -- Up-to-date: /home/abdelrhaman/microros_ws/install/builtin_interfaces/lib/libbuiltin_interfaces__rosidl_generator_py.so
[2.053s] -- Up-to-date: /home/abdelrhaman/microros_ws/install/builtin_interfaces/share/builtin_interfaces/msg/Duration.idl
[2.053s] -- Up-to-date: /home/abdelrhaman/microros_ws/install/builtin_interfaces/share/builtin_interfaces/msg/Time.idl
[2.053s] -- Up-to-date: /home/abdelrhaman/microros_ws/install/builtin_interfaces/share/builtin_interfaces/msg/Duration.msg
[2.053s] -- Up-to-date: /home/abdelrhaman/microros_ws/install/builtin_interfaces/share/builtin_interfaces/msg/Time.msg
[2.053s] -- Up-to-date: /home/abdelrhaman/microros_ws/install/builtin_interfaces/share/ament_index/resource_index/package_run_dependencies/builtin_interfaces
[2.053s] -- Up-to-date: /home/abdelrhaman/microros_ws/install/builtin_interfaces/share/ament_index/resource_index/parent_prefix_path/builtin_interfaces
[2.053s] -- Up-to-date: /home/abdelrhaman/microros_ws/install/builtin_interfaces/share/builtin_interfaces/environment/ament_prefix_path.sh
[2.053s] -- Installing: /home/abdelrhaman/microros_ws/install/builtin_interfaces/share/builtin_interfaces/environment/ament_prefix_path.dsv
[2.053s] -- Up-to-date: /home/abdelrhaman/microros_ws/install/builtin_interfaces/share/builtin_interfaces/environment/path.sh
[2.053s] -- Installing: /home/abdelrhaman/microros_ws/install/builtin_interfaces/share/builtin_interfaces/environment/path.dsv
[2.053s] -- Up-to-date: /home/abdelrhaman/microros_ws/install/builtin_interfaces/share/builtin_interfaces/local_setup.bash
[2.053s] -- Up-to-date: /home/abdelrhaman/microros_ws/install/builtin_interfaces/share/builtin_interfaces/local_setup.sh
[2.054s] -- Up-to-date: /home/abdelrhaman/microros_ws/install/builtin_interfaces/share/builtin_interfaces/local_setup.zsh
[2.054s] -- Installing: /home/abdelrhaman/microros_ws/install/builtin_interfaces/share/builtin_interfaces/local_setup.dsv
[2.054s] -- Installing: /home/abdelrhaman/microros_ws/install/builtin_interfaces/share/builtin_interfaces/package.dsv
[2.054s] -- Up-to-date: /home/abdelrhaman/microros_ws/install/builtin_interfaces/share/ament_index/resource_index/packages/builtin_interfaces
[2.054s] -- Up-to-date: /home/abdelrhaman/microros_ws/install/builtin_interfaces/share/builtin_interfaces/cmake/export_builtin_interfaces__rosidl_generator_cExport.cmake
[2.054s] -- Up-to-date: /home/abdelrhaman/microros_ws/install/builtin_interfaces/share/builtin_interfaces/cmake/export_builtin_interfaces__rosidl_generator_cExport-noconfig.cmake
[2.054s] -- Up-to-date: /home/abdelrhaman/microros_ws/install/builtin_interfaces/share/builtin_interfaces/cmake/export_builtin_interfaces__rosidl_typesupport_fastrtps_cExport.cmake
[2.054s] -- Up-to-date: /home/abdelrhaman/microros_ws/install/builtin_interfaces/share/builtin_interfaces/cmake/export_builtin_interfaces__rosidl_typesupport_fastrtps_cExport-noconfig.cmake
[2.054s] -- Up-to-date: /home/abdelrhaman/microros_ws/install/builtin_interfaces/share/builtin_interfaces/cmake/builtin_interfaces__rosidl_typesupport_introspection_cExport.cmake
[2.054s] -- Up-to-date: /home/abdelrhaman/microros_ws/install/builtin_interfaces/share/builtin_interfaces/cmake/builtin_interfaces__rosidl_typesupport_introspection_cExport-noconfig.cmake
[2.054s] -- Up-to-date: /home/abdelrhaman/microros_ws/install/builtin_interfaces/share/builtin_interfaces/cmake/builtin_interfaces__rosidl_typesupport_cExport.cmake
[2.054s] -- Up-to-date: /home/abdelrhaman/microros_ws/install/builtin_interfaces/share/builtin_interfaces/cmake/builtin_interfaces__rosidl_typesupport_cExport-noconfig.cmake
[2.054s] -- Up-to-date: /home/abdelrhaman/microros_ws/install/builtin_interfaces/share/builtin_interfaces/cmake/export_builtin_interfaces__rosidl_generator_cppExport.cmake
[2.054s] -- Up-to-date: /home/abdelrhaman/microros_ws/install/builtin_interfaces/share/builtin_interfaces/cmake/export_builtin_interfaces__rosidl_typesupport_fastrtps_cppExport.cmake
[2.054s] -- Up-to-date: /home/abdelrhaman/microros_ws/install/builtin_interfaces/share/builtin_interfaces/cmake/export_builtin_interfaces__rosidl_typesupport_fastrtps_cppExport-noconfig.cmake
[2.054s] -- Up-to-date: /home/abdelrhaman/microros_ws/install/builtin_interfaces/share/builtin_interfaces/cmake/builtin_interfaces__rosidl_typesupport_introspection_cppExport.cmake
[2.054s] -- Up-to-date: /home/abdelrhaman/microros_ws/install/builtin_interfaces/share/builtin_interfaces/cmake/builtin_interfaces__rosidl_typesupport_introspection_cppExport-noconfig.cmake
[2.054s] -- Up-to-date: /home/abdelrhaman/microros_ws/install/builtin_interfaces/share/builtin_interfaces/cmake/builtin_interfaces__rosidl_typesupport_cppExport.cmake
[2.054s] -- Up-to-date: /home/abdelrhaman/microros_ws/install/builtin_interfaces/share/builtin_interfaces/cmake/builtin_interfaces__rosidl_typesupport_cppExport-noconfig.cmake
[2.054s] -- Up-to-date: /home/abdelrhaman/microros_ws/install/builtin_interfaces/share/builtin_interfaces/cmake/export_builtin_interfaces__rosidl_generator_pyExport.cmake
[2.054s] -- Up-to-date: /home/abdelrhaman/microros_ws/install/builtin_interfaces/share/builtin_interfaces/cmake/export_builtin_interfaces__rosidl_generator_pyExport-noconfig.cmake
[2.054s] -- Up-to-date: /home/abdelrhaman/microros_ws/install/builtin_interfaces/share/builtin_interfaces/cmake/rosidl_cmake-extras.cmake
[2.054s] -- Up-to-date: /home/abdelrhaman/microros_ws/install/builtin_interfaces/share/builtin_interfaces/cmake/ament_cmake_export_include_directories-extras.cmake
[2.054s] -- Up-to-date: /home/abdelrhaman/microros_ws/install/builtin_interfaces/share/builtin_interfaces/cmake/ament_cmake_export_libraries-extras.cmake
[2.054s] -- Up-to-date: /home/abdelrhaman/microros_ws/install/builtin_interfaces/share/builtin_interfaces/cmake/ament_cmake_export_targets-extras.cmake
[2.054s] -- Up-to-date: /home/abdelrhaman/microros_ws/install/builtin_interfaces/share/builtin_interfaces/cmake/rosidl_cmake_export_typesupport_targets-extras.cmake
[2.054s] -- Up-to-date: /home/abdelrhaman/microros_ws/install/builtin_interfaces/share/builtin_interfaces/cmake/ament_cmake_export_dependencies-extras.cmake
[2.055s] -- Up-to-date: /home/abdelrhaman/microros_ws/install/builtin_interfaces/share/builtin_interfaces/cmake/rosidl_cmake_export_typesupport_libraries-extras.cmake
[2.055s] -- Up-to-date: /home/abdelrhaman/microros_ws/install/builtin_interfaces/share/builtin_interfaces/cmake/builtin_interfacesConfig.cmake
[2.055s] -- Up-to-date: /home/abdelrhaman/microros_ws/install/builtin_interfaces/share/builtin_interfaces/cmake/builtin_interfacesConfig-version.cmake
[2.055s] -- Up-to-date: /home/abdelrhaman/microros_ws/install/builtin_interfaces/share/builtin_interfaces/package.xml
[2.056s] Invoked command in '/home/abdelrhaman/microros_ws/build/builtin_interfaces' returned '0': CMAKE_PREFIX_PATH=${CMAKE_PREFIX_PATH}:/home/abdelrhaman/microros_ws/install/sensor_msgs_py:/home/abdelrhaman/ros/install/my_robot_controller:/opt/ros/humble /usr/bin/cmake --install /home/abdelrhaman/microros_ws/build/builtin_interfaces
