[0.011s] Invoking command in '/home/abdelrhaman/microros_ws/build/microxrcedds_client': CMAKE_PREFIX_PATH=/home/abdelrhaman/microros_ws/install/microcdr LD_LIBRARY_PATH=/home/abdelrhaman/microros_ws/install/microcdr/lib:${LD_LIBRARY_PATH} /usr/bin/cmake /home/abdelrhaman/microros_ws/src/eProsima/Micro-XRCE-DDS-Client -DUCLIENT_ISOLATED_INSTALL=OFF -DUCLIENT_SUPERBUILD=OFF -DCMAKE_INSTALL_PREFIX=/home/abdelrhaman/microros_ws/install/microxrcedds_client
[0.026s] -- Configuring done
[0.033s] -- Generating done
[0.033s] -- Build files have been written to: /home/abdelrhaman/microros_ws/build/microxrcedds_client
[0.035s] Invoked command in '/home/abdelrhaman/microros_ws/build/microxrcedds_client' returned '0': CMAKE_PREFIX_PATH=/home/abdelrhaman/microros_ws/install/microcdr LD_LIBRARY_PATH=/home/abdelrhaman/microros_ws/install/microcdr/lib:${LD_LIBRARY_PATH} /usr/bin/cmake /home/abdelrhaman/microros_ws/src/eProsima/Micro-XRCE-DDS-Client -DUCLIENT_ISOLATED_INSTALL=OFF -DUCLIENT_SUPERBUILD=OFF -DCMAKE_INSTALL_PREFIX=/home/abdelrhaman/microros_ws/install/microxrcedds_client
[0.036s] Invoking command in '/home/abdelrhaman/microros_ws/build/microxrcedds_client': CMAKE_PREFIX_PATH=/home/abdelrhaman/microros_ws/install/microcdr LD_LIBRARY_PATH=/home/abdelrhaman/microros_ws/install/microcdr/lib:${LD_LIBRARY_PATH} /usr/bin/cmake --build /home/abdelrhaman/microros_ws/build/microxrcedds_client -- -j20 -l20
[0.077s] [35m[1mConsolidate compiler generated dependencies of target microxrcedds_client[0m
[0.096s] [100%] Built target microxrcedds_client
[0.108s] Invoked command in '/home/abdelrhaman/microros_ws/build/microxrcedds_client' returned '0': CMAKE_PREFIX_PATH=/home/abdelrhaman/microros_ws/install/microcdr LD_LIBRARY_PATH=/home/abdelrhaman/microros_ws/install/microcdr/lib:${LD_LIBRARY_PATH} /usr/bin/cmake --build /home/abdelrhaman/microros_ws/build/microxrcedds_client -- -j20 -l20
[0.187s] Invoking command in '/home/abdelrhaman/microros_ws/build/microxrcedds_client': CMAKE_PREFIX_PATH=/home/abdelrhaman/microros_ws/install/microcdr LD_LIBRARY_PATH=/home/abdelrhaman/microros_ws/install/microcdr/lib:${LD_LIBRARY_PATH} /usr/bin/cmake --install /home/abdelrhaman/microros_ws/build/microxrcedds_client
[0.192s] -- Install configuration: "Release"
[0.192s] -- Up-to-date: /home/abdelrhaman/microros_ws/install/microxrcedds_client/lib/libmicroxrcedds_client.so.2.4.2
[0.192s] -- Up-to-date: /home/abdelrhaman/microros_ws/install/microxrcedds_client/lib/libmicroxrcedds_client.so.2.4
[0.193s] -- Up-to-date: /home/abdelrhaman/microros_ws/install/microxrcedds_client/lib/libmicroxrcedds_client.so
[0.193s] -- Up-to-date: /home/abdelrhaman/microros_ws/install/microxrcedds_client/include/uxr/client
[0.193s] -- Up-to-date: /home/abdelrhaman/microros_ws/install/microxrcedds_client/include/uxr/client/transport.h
[0.193s] -- Up-to-date: /home/abdelrhaman/microros_ws/install/microxrcedds_client/include/uxr/client/util
[0.193s] -- Up-to-date: /home/abdelrhaman/microros_ws/install/microxrcedds_client/include/uxr/client/util/ping.h
[0.193s] -- Up-to-date: /home/abdelrhaman/microros_ws/install/microxrcedds_client/include/uxr/client/util/time.h
[0.193s] -- Up-to-date: /home/abdelrhaman/microros_ws/install/microxrcedds_client/include/uxr/client/core
[0.193s] -- Up-to-date: /home/abdelrhaman/microros_ws/install/microxrcedds_client/include/uxr/client/core/communication
[0.193s] -- Up-to-date: /home/abdelrhaman/microros_ws/install/microxrcedds_client/include/uxr/client/core/communication/communication.h
[0.193s] -- Up-to-date: /home/abdelrhaman/microros_ws/install/microxrcedds_client/include/uxr/client/core/session
[0.193s] -- Up-to-date: /home/abdelrhaman/microros_ws/install/microxrcedds_client/include/uxr/client/core/session/session.h
[0.193s] -- Up-to-date: /home/abdelrhaman/microros_ws/install/microxrcedds_client/include/uxr/client/core/session/session_info.h
[0.193s] -- Up-to-date: /home/abdelrhaman/microros_ws/install/microxrcedds_client/include/uxr/client/core/session/time_sync.h
[0.193s] -- Up-to-date: /home/abdelrhaman/microros_ws/install/microxrcedds_client/include/uxr/client/core/session/write_access.h
[0.194s] -- Up-to-date: /home/abdelrhaman/microros_ws/install/microxrcedds_client/include/uxr/client/core/session/create_entities_xml.h
[0.194s] -- Up-to-date: /home/abdelrhaman/microros_ws/install/microxrcedds_client/include/uxr/client/core/session/read_access.h
[0.194s] -- Up-to-date: /home/abdelrhaman/microros_ws/install/microxrcedds_client/include/uxr/client/core/session/create_entities_ref.h
[0.194s] -- Up-to-date: /home/abdelrhaman/microros_ws/install/microxrcedds_client/include/uxr/client/core/session/common_create_entities.h
[0.194s] -- Up-to-date: /home/abdelrhaman/microros_ws/install/microxrcedds_client/include/uxr/client/core/session/create_entities_bin.h
[0.194s] -- Up-to-date: /home/abdelrhaman/microros_ws/install/microxrcedds_client/include/uxr/client/core/session/stream
[0.194s] -- Up-to-date: /home/abdelrhaman/microros_ws/install/microxrcedds_client/include/uxr/client/core/session/stream/reliable_stream.h
[0.194s] -- Up-to-date: /home/abdelrhaman/microros_ws/install/microxrcedds_client/include/uxr/client/core/session/stream/stream_storage.h
[0.194s] -- Up-to-date: /home/abdelrhaman/microros_ws/install/microxrcedds_client/include/uxr/client/core/session/stream/stream_id.h
[0.194s] -- Up-to-date: /home/abdelrhaman/microros_ws/install/microxrcedds_client/include/uxr/client/core/session/stream/output_best_effort_stream.h
[0.194s] -- Up-to-date: /home/abdelrhaman/microros_ws/install/microxrcedds_client/include/uxr/client/core/session/stream/input_reliable_stream.h
[0.194s] -- Up-to-date: /home/abdelrhaman/microros_ws/install/microxrcedds_client/include/uxr/client/core/session/stream/output_reliable_stream.h
[0.194s] -- Up-to-date: /home/abdelrhaman/microros_ws/install/microxrcedds_client/include/uxr/client/core/session/stream/input_best_effort_stream.h
[0.194s] -- Up-to-date: /home/abdelrhaman/microros_ws/install/microxrcedds_client/include/uxr/client/core/session/stream/seq_num.h
[0.194s] -- Up-to-date: /home/abdelrhaman/microros_ws/install/microxrcedds_client/include/uxr/client/core/session/object_id.h
[0.194s] -- Up-to-date: /home/abdelrhaman/microros_ws/install/microxrcedds_client/include/uxr/client/core/type
[0.194s] -- Up-to-date: /home/abdelrhaman/microros_ws/install/microxrcedds_client/include/uxr/client/core/type/xrce_types.h
[0.194s] -- Up-to-date: /home/abdelrhaman/microros_ws/install/microxrcedds_client/include/uxr/client/profile
[0.194s] -- Up-to-date: /home/abdelrhaman/microros_ws/install/microxrcedds_client/include/uxr/client/profile/multithread
[0.195s] -- Up-to-date: /home/abdelrhaman/microros_ws/install/microxrcedds_client/include/uxr/client/profile/multithread/multithread.h
[0.196s] -- Up-to-date: /home/abdelrhaman/microros_ws/install/microxrcedds_client/include/uxr/client/profile/transport
[0.196s] -- Up-to-date: /home/abdelrhaman/microros_ws/install/microxrcedds_client/include/uxr/client/profile/transport/can
[0.196s] -- Up-to-date: /home/abdelrhaman/microros_ws/install/microxrcedds_client/include/uxr/client/profile/transport/can/can_transport_posix.h
[0.196s] -- Up-to-date: /home/abdelrhaman/microros_ws/install/microxrcedds_client/include/uxr/client/profile/transport/can/can_transport.h
[0.196s] -- Up-to-date: /home/abdelrhaman/microros_ws/install/microxrcedds_client/include/uxr/client/profile/transport/custom
[0.196s] -- Up-to-date: /home/abdelrhaman/microros_ws/install/microxrcedds_client/include/uxr/client/profile/transport/custom/custom_transport.h
[0.196s] -- Up-to-date: /home/abdelrhaman/microros_ws/install/microxrcedds_client/include/uxr/client/profile/transport/serial
[0.196s] -- Up-to-date: /home/abdelrhaman/microros_ws/install/microxrcedds_client/include/uxr/client/profile/transport/serial/serial_transport.h
[0.196s] -- Up-to-date: /home/abdelrhaman/microros_ws/install/microxrcedds_client/include/uxr/client/profile/transport/serial/serial_transport_platform.h
[0.196s] -- Up-to-date: /home/abdelrhaman/microros_ws/install/microxrcedds_client/include/uxr/client/profile/transport/serial/serial_transport_rtems_bsd_net.h
[0.197s] -- Up-to-date: /home/abdelrhaman/microros_ws/install/microxrcedds_client/include/uxr/client/profile/transport/serial/serial_transport_posix.h
[0.197s] -- Up-to-date: /home/abdelrhaman/microros_ws/install/microxrcedds_client/include/uxr/client/profile/transport/stream_framing
[0.197s] -- Up-to-date: /home/abdelrhaman/microros_ws/install/microxrcedds_client/include/uxr/client/profile/transport/stream_framing/stream_framing_protocol.h
[0.197s] -- Up-to-date: /home/abdelrhaman/microros_ws/install/microxrcedds_client/include/uxr/client/profile/transport/ip
[0.197s] -- Up-to-date: /home/abdelrhaman/microros_ws/install/microxrcedds_client/include/uxr/client/profile/transport/ip/tcp
[0.197s] -- Up-to-date: /home/abdelrhaman/microros_ws/install/microxrcedds_client/include/uxr/client/profile/transport/ip/tcp/tcp_transport_rtems_bsd_net.h
[0.197s] -- Up-to-date: /home/abdelrhaman/microros_ws/install/microxrcedds_client/include/uxr/client/profile/transport/ip/tcp/tcp_transport_windows.h
[0.197s] -- Up-to-date: /home/abdelrhaman/microros_ws/install/microxrcedds_client/include/uxr/client/profile/transport/ip/tcp/tcp_transport_posix.h
[0.197s] -- Up-to-date: /home/abdelrhaman/microros_ws/install/microxrcedds_client/include/uxr/client/profile/transport/ip/tcp/tcp_transport.h
[0.197s] -- Up-to-date: /home/abdelrhaman/microros_ws/install/microxrcedds_client/include/uxr/client/profile/transport/ip/tcp/tcp_transport_posix_nopoll.h
[0.197s] -- Up-to-date: /home/abdelrhaman/microros_ws/install/microxrcedds_client/include/uxr/client/profile/transport/ip/tcp/tcp_transport_freertos_plus_tcp.h
[0.197s] -- Up-to-date: /home/abdelrhaman/microros_ws/install/microxrcedds_client/include/uxr/client/profile/transport/ip/ip.h
[0.198s] -- Up-to-date: /home/abdelrhaman/microros_ws/install/microxrcedds_client/include/uxr/client/profile/transport/ip/udp
[0.198s] -- Up-to-date: /home/abdelrhaman/microros_ws/install/microxrcedds_client/include/uxr/client/profile/transport/ip/udp/udp_transport_freertos_plus_tcp.h
[0.198s] -- Up-to-date: /home/abdelrhaman/microros_ws/install/microxrcedds_client/include/uxr/client/profile/transport/ip/udp/udp_transport.h
[0.198s] -- Up-to-date: /home/abdelrhaman/microros_ws/install/microxrcedds_client/include/uxr/client/profile/transport/ip/udp/udp_transport_posix_nopoll.h
[0.198s] -- Up-to-date: /home/abdelrhaman/microros_ws/install/microxrcedds_client/include/uxr/client/profile/transport/ip/udp/udp_transport_posix.h
[0.198s] -- Up-to-date: /home/abdelrhaman/microros_ws/install/microxrcedds_client/include/uxr/client/profile/transport/ip/udp/udp_transport_rtems_bsd_net.h
[0.198s] -- Up-to-date: /home/abdelrhaman/microros_ws/install/microxrcedds_client/include/uxr/client/profile/transport/ip/udp/udp_transport_windows.h
[0.198s] -- Up-to-date: /home/abdelrhaman/microros_ws/install/microxrcedds_client/include/uxr/client/profile/discovery
[0.198s] -- Up-to-date: /home/abdelrhaman/microros_ws/install/microxrcedds_client/include/uxr/client/profile/discovery/discovery.h
[0.198s] -- Up-to-date: /home/abdelrhaman/microros_ws/install/microxrcedds_client/include/uxr/client/visibility.h
[0.199s] -- Up-to-date: /home/abdelrhaman/microros_ws/install/microxrcedds_client/include/uxr/client/defines.h
[0.199s] -- Up-to-date: /home/abdelrhaman/microros_ws/install/microxrcedds_client/include/uxr/client/client.h
[0.199s] -- Up-to-date: /home/abdelrhaman/microros_ws/install/microxrcedds_client/include/uxr/client/config.h
[0.199s] -- Up-to-date: /home/abdelrhaman/microros_ws/install/microxrcedds_client/share/microxrcedds_client/cmake/microxrcedds_clientTargets.cmake
[0.199s] -- Up-to-date: /home/abdelrhaman/microros_ws/install/microxrcedds_client/share/microxrcedds_client/cmake/microxrcedds_clientTargets-release.cmake
[0.199s] -- Up-to-date: /home/abdelrhaman/microros_ws/install/microxrcedds_client/share/microxrcedds_client/cmake/microxrcedds_clientConfig.cmake
[0.199s] -- Up-to-date: /home/abdelrhaman/microros_ws/install/microxrcedds_client/share/microxrcedds_client/cmake/microxrcedds_clientConfigVersion.cmake
[0.205s] Invoked command in '/home/abdelrhaman/microros_ws/build/microxrcedds_client' returned '0': CMAKE_PREFIX_PATH=/home/abdelrhaman/microros_ws/install/microcdr LD_LIBRARY_PATH=/home/abdelrhaman/microros_ws/install/microcdr/lib:${LD_LIBRARY_PATH} /usr/bin/cmake --install /home/abdelrhaman/microros_ws/build/microxrcedds_client
