-- The C compiler identification is GNU 11.4.0
-- The CXX compiler identification is GNU 11.4.0
-- Detecting C compiler ABI info
-- Detecting C compiler ABI info - done
-- Check for working C compiler: /usr/bin/cc - skipped
-- Detecting C compile features
-- Detecting C compile features - done
-- Detecting CXX compiler ABI info
-- Detecting CXX compiler ABI info - done
-- Check for working CXX compiler: /usr/bin/c++ - skipped
-- Detecting CXX compile features
-- Detecting CXX compile features - done
-- Found ament_cmake: 1.3.10 (/opt/ros/humble/share/ament_cmake/cmake)
-- Found Python3: /usr/bin/python3 (found version "3.10.12") found components: Interpreter 
-- Found rosidl_default_generators: 1.2.0 (/opt/ros/humble/share/rosidl_default_generators/cmake)
-- Using all available rosidl_typesupport_c: rosidl_typesupport_microxrcedds_c;rosidl_typesupport_fastrtps_c;rosidl_typesupport_introspection_c
-- Found rosidl_adapter: 3.1.5 (/opt/ros/humble/share/rosidl_adapter/cmake)
-- Using all available rosidl_typesupport_cpp: rosidl_typesupport_microxrcedds_cpp;rosidl_typesupport_fastrtps_cpp;rosidl_typesupport_introspection_cpp
-- Found rcl_interfaces: 1.2.1 (/home/abdelrhaman/microros_ws/install/rcl_interfaces/share/rcl_interfaces/cmake)
-- Found ament_cmake_ros: 0.10.0 (/opt/ros/humble/share/ament_cmake_ros/cmake)
-- Using all available rosidl_typesupport_c: rosidl_typesupport_microxrcedds_c;rosidl_typesupport_fastrtps_c;rosidl_typesupport_introspection_c
-- Using all available rosidl_typesupport_cpp: rosidl_typesupport_microxrcedds_cpp;rosidl_typesupport_fastrtps_cpp;rosidl_typesupport_introspection_cpp
-- Found PythonInterp: /usr/bin/python3 (found suitable version "3.10.12", minimum required is "3.6") 
-- Found python_cmake_module: 0.10.0 (/opt/ros/humble/share/python_cmake_module/cmake)
-- Found PythonLibs: /usr/lib/x86_64-linux-gnu/libpython3.10.so (found suitable version "3.10.12", minimum required is "3.5") 
-- Using PYTHON_EXECUTABLE: /usr/bin/python3
-- Using PYTHON_INCLUDE_DIRS: /usr/include/python3.10
-- Using PYTHON_LIBRARIES: /usr/lib/x86_64-linux-gnu/libpython3.10.so
-- Found PythonExtra: .so  
-- Configuring done
-- Generating done
-- Build files have been written to: /home/abdelrhaman/microros_ws/build/composition_interfaces
[  1%] [34m[1mGenerating C code for ROS interfaces[0m
[  3%] [34m[1mGenerating C++ code for ROS interfaces[0m
[  3%] Built target ament_cmake_python_copy_composition_interfaces
running egg_info
creating composition_interfaces.egg-info
writing composition_interfaces.egg-info/PKG-INFO
writing dependency_links to composition_interfaces.egg-info/dependency_links.txt
writing top-level names to composition_interfaces.egg-info/top_level.txt
writing manifest file 'composition_interfaces.egg-info/SOURCES.txt'
[  5%] [32mBuilding C object CMakeFiles/composition_interfaces__rosidl_generator_c.dir/rosidl_generator_c/composition_interfaces/srv/detail/load_node__functions.c.o[0m
[  8%] [32mBuilding C object CMakeFiles/composition_interfaces__rosidl_generator_c.dir/rosidl_generator_c/composition_interfaces/srv/detail/list_nodes__functions.c.o[0m
[  8%] [32mBuilding C object CMakeFiles/composition_interfaces__rosidl_generator_c.dir/rosidl_generator_c/composition_interfaces/srv/detail/unload_node__functions.c.o[0m
reading manifest file 'composition_interfaces.egg-info/SOURCES.txt'
writing manifest file 'composition_interfaces.egg-info/SOURCES.txt'
[  8%] Built target ament_cmake_python_build_composition_interfaces_egg
[ 10%] [32m[1mLinking C shared library libcomposition_interfaces__rosidl_generator_c.so[0m
[ 10%] Built target composition_interfaces__cpp
[ 11%] [34m[1mGenerating C++ type support dispatch for ROS interfaces[0m
[ 13%] [34m[1mGenerating C++ type support for eProsima Micro XRCE-DDS[0m
[ 15%] [34m[1mGenerating C++ introspection for ROS interfaces[0m
[ 16%] [34m[1mGenerating C++ type support for eProsima Fast-RTPS[0m
[ 16%] Built target composition_interfaces__rosidl_generator_c
[ 18%] [34m[1mGenerating C type support for eProsima Micro XRCE-DDS[0m
[ 20%] [34m[1mGenerating C type support for eProsima Fast-RTPS[0m
[ 22%] [34m[1mGenerating C type support dispatch for ROS interfaces[0m
[ 23%] [34m[1mGenerating C introspection for ROS interfaces[0m
[ 25%] [32mBuilding CXX object CMakeFiles/composition_interfaces__rosidl_typesupport_cpp.dir/rosidl_typesupport_cpp/composition_interfaces/srv/load_node__type_support.cpp.o[0m
[ 27%] [32mBuilding CXX object CMakeFiles/composition_interfaces__rosidl_typesupport_introspection_cpp.dir/rosidl_typesupport_introspection_cpp/composition_interfaces/srv/detail/load_node__type_support.cpp.o[0m
[ 28%] [32mBuilding CXX object CMakeFiles/composition_interfaces__rosidl_typesupport_microxrcedds_cpp.dir/rosidl_typesupport_microxrcedds_cpp/composition_interfaces/srv/detail/microxrcedds/load_node__type_support_cpp.cpp.o[0m
[ 30%] [32mBuilding C object CMakeFiles/composition_interfaces__rosidl_typesupport_microxrcedds_c.dir/rosidl_typesupport_microxrcedds_c/composition_interfaces/srv/detail/microxrcedds/load_node__type_support_c.c.o[0m
[ 32%] [32mBuilding CXX object CMakeFiles/composition_interfaces__rosidl_typesupport_c.dir/rosidl_typesupport_c/composition_interfaces/srv/load_node__type_support.cpp.o[0m
[ 33%] [32mBuilding CXX object CMakeFiles/composition_interfaces__rosidl_typesupport_c.dir/rosidl_typesupport_c/composition_interfaces/srv/unload_node__type_support.cpp.o[0m
[ 35%] [32mBuilding CXX object CMakeFiles/composition_interfaces__rosidl_typesupport_fastrtps_cpp.dir/rosidl_typesupport_fastrtps_cpp/composition_interfaces/srv/detail/dds_fastrtps/load_node__type_support.cpp.o[0m
[ 37%] [32mBuilding C object CMakeFiles/composition_interfaces__rosidl_typesupport_microxrcedds_c.dir/rosidl_typesupport_microxrcedds_c/composition_interfaces/srv/detail/microxrcedds/unload_node__type_support_c.c.o[0m
[ 38%] [32mBuilding CXX object CMakeFiles/composition_interfaces__rosidl_typesupport_c.dir/rosidl_typesupport_c/composition_interfaces/srv/list_nodes__type_support.cpp.o[0m
[ 40%] [32mBuilding CXX object CMakeFiles/composition_interfaces__rosidl_typesupport_cpp.dir/rosidl_typesupport_cpp/composition_interfaces/srv/unload_node__type_support.cpp.o[0m
[ 42%] [32mBuilding C object CMakeFiles/composition_interfaces__rosidl_typesupport_microxrcedds_c.dir/rosidl_typesupport_microxrcedds_c/composition_interfaces/srv/detail/microxrcedds/list_nodes__type_support_c.c.o[0m
[ 44%] [32m[1mLinking CXX shared library libcomposition_interfaces__rosidl_typesupport_c.so[0m
[ 45%] [32m[1mLinking C shared library libcomposition_interfaces__rosidl_typesupport_microxrcedds_c.so[0m
[ 47%] [32mBuilding C object CMakeFiles/composition_interfaces__rosidl_typesupport_introspection_c.dir/rosidl_typesupport_introspection_c/composition_interfaces/srv/detail/load_node__type_support.c.o[0m
[ 47%] Built target composition_interfaces__rosidl_typesupport_c
[ 49%] [32mBuilding C object CMakeFiles/composition_interfaces__rosidl_typesupport_introspection_c.dir/rosidl_typesupport_introspection_c/composition_interfaces/srv/detail/unload_node__type_support.c.o[0m
[ 49%] Built target composition_interfaces__rosidl_typesupport_microxrcedds_c
[ 50%] [32mBuilding C object CMakeFiles/composition_interfaces__rosidl_typesupport_introspection_c.dir/rosidl_typesupport_introspection_c/composition_interfaces/srv/detail/list_nodes__type_support.c.o[0m
[ 52%] [32m[1mLinking C shared library libcomposition_interfaces__rosidl_typesupport_introspection_c.so[0m
[ 54%] [32mBuilding CXX object CMakeFiles/composition_interfaces__rosidl_typesupport_fastrtps_c.dir/rosidl_typesupport_fastrtps_c/composition_interfaces/srv/detail/load_node__type_support_c.cpp.o[0m
[ 54%] Built target composition_interfaces__rosidl_typesupport_introspection_c
[ 55%] [32mBuilding CXX object CMakeFiles/composition_interfaces__rosidl_typesupport_cpp.dir/rosidl_typesupport_cpp/composition_interfaces/srv/list_nodes__type_support.cpp.o[0m
[ 57%] [32mBuilding CXX object CMakeFiles/composition_interfaces__rosidl_typesupport_microxrcedds_cpp.dir/rosidl_typesupport_microxrcedds_cpp/composition_interfaces/srv/detail/microxrcedds/unload_node__type_support_cpp.cpp.o[0m
[ 59%] [32mBuilding CXX object CMakeFiles/composition_interfaces__rosidl_typesupport_introspection_cpp.dir/rosidl_typesupport_introspection_cpp/composition_interfaces/srv/detail/unload_node__type_support.cpp.o[0m
[ 61%] [32mBuilding CXX object CMakeFiles/composition_interfaces__rosidl_typesupport_fastrtps_cpp.dir/rosidl_typesupport_fastrtps_cpp/composition_interfaces/srv/detail/dds_fastrtps/unload_node__type_support.cpp.o[0m
[ 62%] [32m[1mLinking CXX shared library libcomposition_interfaces__rosidl_typesupport_cpp.so[0m
[ 64%] [32mBuilding CXX object CMakeFiles/composition_interfaces__rosidl_typesupport_fastrtps_c.dir/rosidl_typesupport_fastrtps_c/composition_interfaces/srv/detail/unload_node__type_support_c.cpp.o[0m
[ 64%] Built target composition_interfaces__rosidl_typesupport_cpp
[ 66%] [32mBuilding CXX object CMakeFiles/composition_interfaces__rosidl_typesupport_microxrcedds_cpp.dir/rosidl_typesupport_microxrcedds_cpp/composition_interfaces/srv/detail/microxrcedds/list_nodes__type_support_cpp.cpp.o[0m
[ 67%] [32mBuilding CXX object CMakeFiles/composition_interfaces__rosidl_typesupport_introspection_cpp.dir/rosidl_typesupport_introspection_cpp/composition_interfaces/srv/detail/list_nodes__type_support.cpp.o[0m
[ 69%] [32mBuilding CXX object CMakeFiles/composition_interfaces__rosidl_typesupport_fastrtps_cpp.dir/rosidl_typesupport_fastrtps_cpp/composition_interfaces/srv/detail/dds_fastrtps/list_nodes__type_support.cpp.o[0m
[ 71%] [32mBuilding CXX object CMakeFiles/composition_interfaces__rosidl_typesupport_fastrtps_c.dir/rosidl_typesupport_fastrtps_c/composition_interfaces/srv/detail/list_nodes__type_support_c.cpp.o[0m
[ 72%] [32m[1mLinking CXX shared library libcomposition_interfaces__rosidl_typesupport_microxrcedds_cpp.so[0m
[ 72%] Built target composition_interfaces__rosidl_typesupport_microxrcedds_cpp
[ 74%] [32m[1mLinking CXX shared library libcomposition_interfaces__rosidl_typesupport_fastrtps_c.so[0m
[ 74%] Built target composition_interfaces__rosidl_typesupport_fastrtps_c
[ 76%] [32m[1mLinking CXX shared library libcomposition_interfaces__rosidl_typesupport_introspection_cpp.so[0m
[ 76%] Built target composition_interfaces__rosidl_typesupport_introspection_cpp
[ 77%] [32m[1mLinking CXX shared library libcomposition_interfaces__rosidl_typesupport_fastrtps_cpp.so[0m
[ 77%] Built target composition_interfaces__rosidl_typesupport_fastrtps_cpp
[ 77%] Built target composition_interfaces
[ 79%] [34m[1mGenerating Python code for ROS interfaces[0m
[ 79%] Built target composition_interfaces__py
[ 81%] [32mBuilding C object CMakeFiles/composition_interfaces__rosidl_generator_py.dir/rosidl_generator_py/composition_interfaces/srv/_load_node_s.c.o[0m
[ 83%] [32mBuilding C object CMakeFiles/composition_interfaces__rosidl_generator_py.dir/rosidl_generator_py/composition_interfaces/srv/_unload_node_s.c.o[0m
[ 84%] [32mBuilding C object CMakeFiles/composition_interfaces__rosidl_generator_py.dir/rosidl_generator_py/composition_interfaces/srv/_list_nodes_s.c.o[0m
[ 86%] [32m[1mLinking C shared library rosidl_generator_py/composition_interfaces/libcomposition_interfaces__rosidl_generator_py.so[0m
[ 86%] Built target composition_interfaces__rosidl_generator_py
[ 88%] [32mBuilding C object CMakeFiles/composition_interfaces__rosidl_typesupport_microxrcedds_c__pyext.dir/rosidl_generator_py/composition_interfaces/_composition_interfaces_s.ep.rosidl_typesupport_microxrcedds_c.c.o[0m
[ 89%] [32m[1mLinking C shared library rosidl_generator_py/composition_interfaces/composition_interfaces_s__rosidl_typesupport_microxrcedds_c.cpython-310-x86_64-linux-gnu.so[0m
[ 89%] Built target composition_interfaces__rosidl_typesupport_microxrcedds_c__pyext
[ 91%] [32mBuilding C object CMakeFiles/composition_interfaces__rosidl_typesupport_c__pyext.dir/rosidl_generator_py/composition_interfaces/_composition_interfaces_s.ep.rosidl_typesupport_c.c.o[0m
[ 93%] [32m[1mLinking C shared library rosidl_generator_py/composition_interfaces/composition_interfaces_s__rosidl_typesupport_c.cpython-310-x86_64-linux-gnu.so[0m
[ 93%] Built target composition_interfaces__rosidl_typesupport_c__pyext
[ 94%] [32mBuilding C object CMakeFiles/composition_interfaces__rosidl_typesupport_introspection_c__pyext.dir/rosidl_generator_py/composition_interfaces/_composition_interfaces_s.ep.rosidl_typesupport_introspection_c.c.o[0m
[ 96%] [32m[1mLinking C shared library rosidl_generator_py/composition_interfaces/composition_interfaces_s__rosidl_typesupport_introspection_c.cpython-310-x86_64-linux-gnu.so[0m
[ 96%] Built target composition_interfaces__rosidl_typesupport_introspection_c__pyext
[ 98%] [32mBuilding C object CMakeFiles/composition_interfaces__rosidl_typesupport_fastrtps_c__pyext.dir/rosidl_generator_py/composition_interfaces/_composition_interfaces_s.ep.rosidl_typesupport_fastrtps_c.c.o[0m
[100%] [32m[1mLinking C shared library rosidl_generator_py/composition_interfaces/composition_interfaces_s__rosidl_typesupport_fastrtps_c.cpython-310-x86_64-linux-gnu.so[0m
[100%] Built target composition_interfaces__rosidl_typesupport_fastrtps_c__pyext
-- Install configuration: ""
-- Installing: /home/abdelrhaman/microros_ws/install/composition_interfaces/share/ament_index/resource_index/rosidl_interfaces/composition_interfaces
-- Installing: /home/abdelrhaman/microros_ws/install/composition_interfaces/include/composition_interfaces/composition_interfaces
-- Installing: /home/abdelrhaman/microros_ws/install/composition_interfaces/include/composition_interfaces/composition_interfaces/srv
-- Installing: /home/abdelrhaman/microros_ws/install/composition_interfaces/include/composition_interfaces/composition_interfaces/srv/detail
-- Installing: /home/abdelrhaman/microros_ws/install/composition_interfaces/include/composition_interfaces/composition_interfaces/srv/detail/load_node__functions.h
-- Installing: /home/abdelrhaman/microros_ws/install/composition_interfaces/include/composition_interfaces/composition_interfaces/srv/detail/list_nodes__struct.h
-- Installing: /home/abdelrhaman/microros_ws/install/composition_interfaces/include/composition_interfaces/composition_interfaces/srv/detail/list_nodes__functions.h
-- Installing: /home/abdelrhaman/microros_ws/install/composition_interfaces/include/composition_interfaces/composition_interfaces/srv/detail/unload_node__functions.h
-- Installing: /home/abdelrhaman/microros_ws/install/composition_interfaces/include/composition_interfaces/composition_interfaces/srv/detail/list_nodes__type_support.h
-- Installing: /home/abdelrhaman/microros_ws/install/composition_interfaces/include/composition_interfaces/composition_interfaces/srv/detail/load_node__functions.c
-- Installing: /home/abdelrhaman/microros_ws/install/composition_interfaces/include/composition_interfaces/composition_interfaces/srv/detail/unload_node__type_support.h
-- Installing: /home/abdelrhaman/microros_ws/install/composition_interfaces/include/composition_interfaces/composition_interfaces/srv/detail/load_node__struct.h
-- Installing: /home/abdelrhaman/microros_ws/install/composition_interfaces/include/composition_interfaces/composition_interfaces/srv/detail/list_nodes__functions.c
-- Installing: /home/abdelrhaman/microros_ws/install/composition_interfaces/include/composition_interfaces/composition_interfaces/srv/detail/unload_node__functions.c
-- Installing: /home/abdelrhaman/microros_ws/install/composition_interfaces/include/composition_interfaces/composition_interfaces/srv/detail/unload_node__struct.h
-- Installing: /home/abdelrhaman/microros_ws/install/composition_interfaces/include/composition_interfaces/composition_interfaces/srv/detail/load_node__type_support.h
-- Installing: /home/abdelrhaman/microros_ws/install/composition_interfaces/include/composition_interfaces/composition_interfaces/srv/unload_node.h
-- Installing: /home/abdelrhaman/microros_ws/install/composition_interfaces/include/composition_interfaces/composition_interfaces/srv/list_nodes.h
-- Installing: /home/abdelrhaman/microros_ws/install/composition_interfaces/include/composition_interfaces/composition_interfaces/srv/load_node.h
-- Installing: /home/abdelrhaman/microros_ws/install/composition_interfaces/include/composition_interfaces/composition_interfaces/msg
-- Installing: /home/abdelrhaman/microros_ws/install/composition_interfaces/include/composition_interfaces/composition_interfaces/msg/rosidl_generator_c__visibility_control.h
-- Installing: /home/abdelrhaman/microros_ws/install/composition_interfaces/share/composition_interfaces/environment/library_path.sh
-- Installing: /home/abdelrhaman/microros_ws/install/composition_interfaces/share/composition_interfaces/environment/library_path.dsv
-- Installing: /home/abdelrhaman/microros_ws/install/composition_interfaces/lib/libcomposition_interfaces__rosidl_generator_c.so
-- Set runtime path of "/home/abdelrhaman/microros_ws/install/composition_interfaces/lib/libcomposition_interfaces__rosidl_generator_c.so" to ""
-- Up-to-date: /home/abdelrhaman/microros_ws/install/composition_interfaces/include/composition_interfaces
-- Installing: /home/abdelrhaman/microros_ws/install/composition_interfaces/include/composition_interfaces/srv
-- Installing: /home/abdelrhaman/microros_ws/install/composition_interfaces/include/composition_interfaces/srv/detail
-- Installing: /home/abdelrhaman/microros_ws/install/composition_interfaces/include/composition_interfaces/srv/detail/list_nodes__rosidl_typesupport_microxrcedds_c.h
-- Installing: /home/abdelrhaman/microros_ws/install/composition_interfaces/include/composition_interfaces/srv/detail/load_node__rosidl_typesupport_microxrcedds_c.h
-- Installing: /home/abdelrhaman/microros_ws/install/composition_interfaces/include/composition_interfaces/srv/detail/unload_node__rosidl_typesupport_microxrcedds_c.h
-- Installing: /home/abdelrhaman/microros_ws/install/composition_interfaces/include/composition_interfaces/srv/detail/microxrcedds
-- Installing: /home/abdelrhaman/microros_ws/install/composition_interfaces/include/composition_interfaces/msg
-- Installing: /home/abdelrhaman/microros_ws/install/composition_interfaces/include/composition_interfaces/msg/rosidl_typesupport_microxrcedds_c__visibility_control.h
-- Installing: /home/abdelrhaman/microros_ws/install/composition_interfaces/lib/libcomposition_interfaces__rosidl_typesupport_microxrcedds_c.so
-- Set runtime path of "/home/abdelrhaman/microros_ws/install/composition_interfaces/lib/libcomposition_interfaces__rosidl_typesupport_microxrcedds_c.so" to ""
-- Up-to-date: /home/abdelrhaman/microros_ws/install/composition_interfaces/include/composition_interfaces/composition_interfaces
-- Up-to-date: /home/abdelrhaman/microros_ws/install/composition_interfaces/include/composition_interfaces/composition_interfaces/srv
-- Up-to-date: /home/abdelrhaman/microros_ws/install/composition_interfaces/include/composition_interfaces/composition_interfaces/srv/detail
-- Installing: /home/abdelrhaman/microros_ws/install/composition_interfaces/include/composition_interfaces/composition_interfaces/srv/detail/list_nodes__rosidl_typesupport_fastrtps_c.h
-- Installing: /home/abdelrhaman/microros_ws/install/composition_interfaces/include/composition_interfaces/composition_interfaces/srv/detail/unload_node__rosidl_typesupport_fastrtps_c.h
-- Installing: /home/abdelrhaman/microros_ws/install/composition_interfaces/include/composition_interfaces/composition_interfaces/srv/detail/load_node__rosidl_typesupport_fastrtps_c.h
-- Up-to-date: /home/abdelrhaman/microros_ws/install/composition_interfaces/include/composition_interfaces/composition_interfaces/msg
-- Installing: /home/abdelrhaman/microros_ws/install/composition_interfaces/include/composition_interfaces/composition_interfaces/msg/rosidl_typesupport_fastrtps_c__visibility_control.h
-- Installing: /home/abdelrhaman/microros_ws/install/composition_interfaces/lib/libcomposition_interfaces__rosidl_typesupport_fastrtps_c.so
-- Set runtime path of "/home/abdelrhaman/microros_ws/install/composition_interfaces/lib/libcomposition_interfaces__rosidl_typesupport_fastrtps_c.so" to ""
-- Up-to-date: /home/abdelrhaman/microros_ws/install/composition_interfaces/include/composition_interfaces/composition_interfaces
-- Up-to-date: /home/abdelrhaman/microros_ws/install/composition_interfaces/include/composition_interfaces/composition_interfaces/srv
-- Up-to-date: /home/abdelrhaman/microros_ws/install/composition_interfaces/include/composition_interfaces/composition_interfaces/srv/detail
-- Installing: /home/abdelrhaman/microros_ws/install/composition_interfaces/include/composition_interfaces/composition_interfaces/srv/detail/list_nodes__type_support.c
-- Installing: /home/abdelrhaman/microros_ws/install/composition_interfaces/include/composition_interfaces/composition_interfaces/srv/detail/load_node__type_support.c
-- Installing: /home/abdelrhaman/microros_ws/install/composition_interfaces/include/composition_interfaces/composition_interfaces/srv/detail/unload_node__rosidl_typesupport_introspection_c.h
-- Installing: /home/abdelrhaman/microros_ws/install/composition_interfaces/include/composition_interfaces/composition_interfaces/srv/detail/load_node__rosidl_typesupport_introspection_c.h
-- Installing: /home/abdelrhaman/microros_ws/install/composition_interfaces/include/composition_interfaces/composition_interfaces/srv/detail/list_nodes__rosidl_typesupport_introspection_c.h
-- Installing: /home/abdelrhaman/microros_ws/install/composition_interfaces/include/composition_interfaces/composition_interfaces/srv/detail/unload_node__type_support.c
-- Up-to-date: /home/abdelrhaman/microros_ws/install/composition_interfaces/include/composition_interfaces/composition_interfaces/msg
-- Installing: /home/abdelrhaman/microros_ws/install/composition_interfaces/include/composition_interfaces/composition_interfaces/msg/rosidl_typesupport_introspection_c__visibility_control.h
-- Installing: /home/abdelrhaman/microros_ws/install/composition_interfaces/lib/libcomposition_interfaces__rosidl_typesupport_introspection_c.so
-- Set runtime path of "/home/abdelrhaman/microros_ws/install/composition_interfaces/lib/libcomposition_interfaces__rosidl_typesupport_introspection_c.so" to ""
-- Installing: /home/abdelrhaman/microros_ws/install/composition_interfaces/lib/libcomposition_interfaces__rosidl_typesupport_c.so
-- Set runtime path of "/home/abdelrhaman/microros_ws/install/composition_interfaces/lib/libcomposition_interfaces__rosidl_typesupport_c.so" to ""
-- Up-to-date: /home/abdelrhaman/microros_ws/install/composition_interfaces/include/composition_interfaces/composition_interfaces
-- Up-to-date: /home/abdelrhaman/microros_ws/install/composition_interfaces/include/composition_interfaces/composition_interfaces/srv
-- Up-to-date: /home/abdelrhaman/microros_ws/install/composition_interfaces/include/composition_interfaces/composition_interfaces/srv/detail
-- Installing: /home/abdelrhaman/microros_ws/install/composition_interfaces/include/composition_interfaces/composition_interfaces/srv/detail/list_nodes__struct.hpp
-- Installing: /home/abdelrhaman/microros_ws/install/composition_interfaces/include/composition_interfaces/composition_interfaces/srv/detail/load_node__builder.hpp
-- Installing: /home/abdelrhaman/microros_ws/install/composition_interfaces/include/composition_interfaces/composition_interfaces/srv/detail/load_node__struct.hpp
-- Installing: /home/abdelrhaman/microros_ws/install/composition_interfaces/include/composition_interfaces/composition_interfaces/srv/detail/list_nodes__traits.hpp
-- Installing: /home/abdelrhaman/microros_ws/install/composition_interfaces/include/composition_interfaces/composition_interfaces/srv/detail/load_node__traits.hpp
-- Installing: /home/abdelrhaman/microros_ws/install/composition_interfaces/include/composition_interfaces/composition_interfaces/srv/detail/unload_node__traits.hpp
-- Installing: /home/abdelrhaman/microros_ws/install/composition_interfaces/include/composition_interfaces/composition_interfaces/srv/detail/unload_node__struct.hpp
-- Installing: /home/abdelrhaman/microros_ws/install/composition_interfaces/include/composition_interfaces/composition_interfaces/srv/detail/list_nodes__builder.hpp
-- Installing: /home/abdelrhaman/microros_ws/install/composition_interfaces/include/composition_interfaces/composition_interfaces/srv/detail/unload_node__builder.hpp
-- Installing: /home/abdelrhaman/microros_ws/install/composition_interfaces/include/composition_interfaces/composition_interfaces/srv/load_node.hpp
-- Installing: /home/abdelrhaman/microros_ws/install/composition_interfaces/include/composition_interfaces/composition_interfaces/srv/unload_node.hpp
-- Installing: /home/abdelrhaman/microros_ws/install/composition_interfaces/include/composition_interfaces/composition_interfaces/srv/list_nodes.hpp
-- Up-to-date: /home/abdelrhaman/microros_ws/install/composition_interfaces/include/composition_interfaces
-- Up-to-date: /home/abdelrhaman/microros_ws/install/composition_interfaces/include/composition_interfaces/srv
-- Up-to-date: /home/abdelrhaman/microros_ws/install/composition_interfaces/include/composition_interfaces/srv/detail
-- Installing: /home/abdelrhaman/microros_ws/install/composition_interfaces/include/composition_interfaces/srv/detail/unload_node__rosidl_typesupport_microxrcedds_cpp.hpp
-- Up-to-date: /home/abdelrhaman/microros_ws/install/composition_interfaces/include/composition_interfaces/srv/detail/microxrcedds
-- Installing: /home/abdelrhaman/microros_ws/install/composition_interfaces/include/composition_interfaces/srv/detail/microxrcedds/load_node__type_support_cpp.cpp
-- Installing: /home/abdelrhaman/microros_ws/install/composition_interfaces/include/composition_interfaces/srv/detail/microxrcedds/unload_node__type_support_cpp.cpp
-- Installing: /home/abdelrhaman/microros_ws/install/composition_interfaces/include/composition_interfaces/srv/detail/microxrcedds/list_nodes__type_support_cpp.cpp
-- Installing: /home/abdelrhaman/microros_ws/install/composition_interfaces/include/composition_interfaces/srv/detail/list_nodes__rosidl_typesupport_microxrcedds_cpp.hpp
-- Installing: /home/abdelrhaman/microros_ws/install/composition_interfaces/include/composition_interfaces/srv/detail/load_node__rosidl_typesupport_microxrcedds_cpp.hpp
-- Up-to-date: /home/abdelrhaman/microros_ws/install/composition_interfaces/include/composition_interfaces/msg
-- Installing: /home/abdelrhaman/microros_ws/install/composition_interfaces/include/composition_interfaces/msg/rosidl_typesupport_microxrcedds_cpp__visibility_control.h
-- Installing: /home/abdelrhaman/microros_ws/install/composition_interfaces/lib/libcomposition_interfaces__rosidl_typesupport_microxrcedds_cpp.so
-- Set runtime path of "/home/abdelrhaman/microros_ws/install/composition_interfaces/lib/libcomposition_interfaces__rosidl_typesupport_microxrcedds_cpp.so" to ""
-- Up-to-date: /home/abdelrhaman/microros_ws/install/composition_interfaces/include/composition_interfaces/composition_interfaces
-- Up-to-date: /home/abdelrhaman/microros_ws/install/composition_interfaces/include/composition_interfaces/composition_interfaces/srv
-- Up-to-date: /home/abdelrhaman/microros_ws/install/composition_interfaces/include/composition_interfaces/composition_interfaces/srv/detail
-- Installing: /home/abdelrhaman/microros_ws/install/composition_interfaces/include/composition_interfaces/composition_interfaces/srv/detail/load_node__rosidl_typesupport_fastrtps_cpp.hpp
-- Installing: /home/abdelrhaman/microros_ws/install/composition_interfaces/include/composition_interfaces/composition_interfaces/srv/detail/list_nodes__rosidl_typesupport_fastrtps_cpp.hpp
-- Installing: /home/abdelrhaman/microros_ws/install/composition_interfaces/include/composition_interfaces/composition_interfaces/srv/detail/unload_node__rosidl_typesupport_fastrtps_cpp.hpp
-- Installing: /home/abdelrhaman/microros_ws/install/composition_interfaces/include/composition_interfaces/composition_interfaces/srv/detail/dds_fastrtps
-- Up-to-date: /home/abdelrhaman/microros_ws/install/composition_interfaces/include/composition_interfaces/composition_interfaces/msg
-- Installing: /home/abdelrhaman/microros_ws/install/composition_interfaces/include/composition_interfaces/composition_interfaces/msg/rosidl_typesupport_fastrtps_cpp__visibility_control.h
-- Installing: /home/abdelrhaman/microros_ws/install/composition_interfaces/lib/libcomposition_interfaces__rosidl_typesupport_fastrtps_cpp.so
-- Set runtime path of "/home/abdelrhaman/microros_ws/install/composition_interfaces/lib/libcomposition_interfaces__rosidl_typesupport_fastrtps_cpp.so" to ""
-- Up-to-date: /home/abdelrhaman/microros_ws/install/composition_interfaces/include/composition_interfaces/composition_interfaces
-- Up-to-date: /home/abdelrhaman/microros_ws/install/composition_interfaces/include/composition_interfaces/composition_interfaces/srv
-- Up-to-date: /home/abdelrhaman/microros_ws/install/composition_interfaces/include/composition_interfaces/composition_interfaces/srv/detail
-- Installing: /home/abdelrhaman/microros_ws/install/composition_interfaces/include/composition_interfaces/composition_interfaces/srv/detail/unload_node__rosidl_typesupport_introspection_cpp.hpp
-- Installing: /home/abdelrhaman/microros_ws/install/composition_interfaces/include/composition_interfaces/composition_interfaces/srv/detail/unload_node__type_support.cpp
-- Installing: /home/abdelrhaman/microros_ws/install/composition_interfaces/include/composition_interfaces/composition_interfaces/srv/detail/load_node__rosidl_typesupport_introspection_cpp.hpp
-- Installing: /home/abdelrhaman/microros_ws/install/composition_interfaces/include/composition_interfaces/composition_interfaces/srv/detail/load_node__type_support.cpp
-- Installing: /home/abdelrhaman/microros_ws/install/composition_interfaces/include/composition_interfaces/composition_interfaces/srv/detail/list_nodes__type_support.cpp
-- Installing: /home/abdelrhaman/microros_ws/install/composition_interfaces/include/composition_interfaces/composition_interfaces/srv/detail/list_nodes__rosidl_typesupport_introspection_cpp.hpp
-- Installing: /home/abdelrhaman/microros_ws/install/composition_interfaces/lib/libcomposition_interfaces__rosidl_typesupport_introspection_cpp.so
-- Set runtime path of "/home/abdelrhaman/microros_ws/install/composition_interfaces/lib/libcomposition_interfaces__rosidl_typesupport_introspection_cpp.so" to ""
-- Installing: /home/abdelrhaman/microros_ws/install/composition_interfaces/lib/libcomposition_interfaces__rosidl_typesupport_cpp.so
-- Set runtime path of "/home/abdelrhaman/microros_ws/install/composition_interfaces/lib/libcomposition_interfaces__rosidl_typesupport_cpp.so" to ""
-- Installing: /home/abdelrhaman/microros_ws/install/composition_interfaces/share/composition_interfaces/environment/pythonpath.sh
-- Installing: /home/abdelrhaman/microros_ws/install/composition_interfaces/share/composition_interfaces/environment/pythonpath.dsv
-- Installing: /home/abdelrhaman/microros_ws/install/composition_interfaces/local/lib/python3.10/dist-packages/composition_interfaces-1.2.1-py3.10.egg-info
-- Installing: /home/abdelrhaman/microros_ws/install/composition_interfaces/local/lib/python3.10/dist-packages/composition_interfaces-1.2.1-py3.10.egg-info/PKG-INFO
-- Installing: /home/abdelrhaman/microros_ws/install/composition_interfaces/local/lib/python3.10/dist-packages/composition_interfaces-1.2.1-py3.10.egg-info/SOURCES.txt
-- Installing: /home/abdelrhaman/microros_ws/install/composition_interfaces/local/lib/python3.10/dist-packages/composition_interfaces-1.2.1-py3.10.egg-info/top_level.txt
-- Installing: /home/abdelrhaman/microros_ws/install/composition_interfaces/local/lib/python3.10/dist-packages/composition_interfaces-1.2.1-py3.10.egg-info/dependency_links.txt
-- Installing: /home/abdelrhaman/microros_ws/install/composition_interfaces/local/lib/python3.10/dist-packages/composition_interfaces
-- Installing: /home/abdelrhaman/microros_ws/install/composition_interfaces/local/lib/python3.10/dist-packages/composition_interfaces/_composition_interfaces_s.ep.rosidl_typesupport_c.c
-- Installing: /home/abdelrhaman/microros_ws/install/composition_interfaces/local/lib/python3.10/dist-packages/composition_interfaces/composition_interfaces_s__rosidl_typesupport_c.cpython-310-x86_64-linux-gnu.so
-- Installing: /home/abdelrhaman/microros_ws/install/composition_interfaces/local/lib/python3.10/dist-packages/composition_interfaces/composition_interfaces_s__rosidl_typesupport_introspection_c.cpython-310-x86_64-linux-gnu.so
-- Installing: /home/abdelrhaman/microros_ws/install/composition_interfaces/local/lib/python3.10/dist-packages/composition_interfaces/srv
-- Installing: /home/abdelrhaman/microros_ws/install/composition_interfaces/local/lib/python3.10/dist-packages/composition_interfaces/srv/_load_node.py
-- Installing: /home/abdelrhaman/microros_ws/install/composition_interfaces/local/lib/python3.10/dist-packages/composition_interfaces/srv/_unload_node.py
-- Installing: /home/abdelrhaman/microros_ws/install/composition_interfaces/local/lib/python3.10/dist-packages/composition_interfaces/srv/_load_node_s.c
-- Installing: /home/abdelrhaman/microros_ws/install/composition_interfaces/local/lib/python3.10/dist-packages/composition_interfaces/srv/__init__.py
-- Installing: /home/abdelrhaman/microros_ws/install/composition_interfaces/local/lib/python3.10/dist-packages/composition_interfaces/srv/_list_nodes_s.c
-- Installing: /home/abdelrhaman/microros_ws/install/composition_interfaces/local/lib/python3.10/dist-packages/composition_interfaces/srv/_list_nodes.py
-- Installing: /home/abdelrhaman/microros_ws/install/composition_interfaces/local/lib/python3.10/dist-packages/composition_interfaces/srv/_unload_node_s.c
-- Installing: /home/abdelrhaman/microros_ws/install/composition_interfaces/local/lib/python3.10/dist-packages/composition_interfaces/composition_interfaces_s__rosidl_typesupport_fastrtps_c.cpython-310-x86_64-linux-gnu.so
-- Installing: /home/abdelrhaman/microros_ws/install/composition_interfaces/local/lib/python3.10/dist-packages/composition_interfaces/_composition_interfaces_s.ep.rosidl_typesupport_microxrcedds_c.c
-- Installing: /home/abdelrhaman/microros_ws/install/composition_interfaces/local/lib/python3.10/dist-packages/composition_interfaces/_composition_interfaces_s.ep.rosidl_typesupport_introspection_c.c
-- Installing: /home/abdelrhaman/microros_ws/install/composition_interfaces/local/lib/python3.10/dist-packages/composition_interfaces/libcomposition_interfaces__rosidl_generator_py.so
-- Installing: /home/abdelrhaman/microros_ws/install/composition_interfaces/local/lib/python3.10/dist-packages/composition_interfaces/_composition_interfaces_s.ep.rosidl_typesupport_fastrtps_c.c
-- Installing: /home/abdelrhaman/microros_ws/install/composition_interfaces/local/lib/python3.10/dist-packages/composition_interfaces/composition_interfaces_s__rosidl_typesupport_microxrcedds_c.cpython-310-x86_64-linux-gnu.so
-- Installing: /home/abdelrhaman/microros_ws/install/composition_interfaces/local/lib/python3.10/dist-packages/composition_interfaces/__init__.py
Listing '/home/abdelrhaman/microros_ws/install/composition_interfaces/local/lib/python3.10/dist-packages/composition_interfaces'...
Compiling '/home/abdelrhaman/microros_ws/install/composition_interfaces/local/lib/python3.10/dist-packages/composition_interfaces/__init__.py'...
Listing '/home/abdelrhaman/microros_ws/install/composition_interfaces/local/lib/python3.10/dist-packages/composition_interfaces/srv'...
Compiling '/home/abdelrhaman/microros_ws/install/composition_interfaces/local/lib/python3.10/dist-packages/composition_interfaces/srv/__init__.py'...
Compiling '/home/abdelrhaman/microros_ws/install/composition_interfaces/local/lib/python3.10/dist-packages/composition_interfaces/srv/_list_nodes.py'...
Compiling '/home/abdelrhaman/microros_ws/install/composition_interfaces/local/lib/python3.10/dist-packages/composition_interfaces/srv/_load_node.py'...
Compiling '/home/abdelrhaman/microros_ws/install/composition_interfaces/local/lib/python3.10/dist-packages/composition_interfaces/srv/_unload_node.py'...
-- Installing: /home/abdelrhaman/microros_ws/install/composition_interfaces/local/lib/python3.10/dist-packages/composition_interfaces/composition_interfaces_s__rosidl_typesupport_microxrcedds_c.cpython-310-x86_64-linux-gnu.so
-- Set runtime path of "/home/abdelrhaman/microros_ws/install/composition_interfaces/local/lib/python3.10/dist-packages/composition_interfaces/composition_interfaces_s__rosidl_typesupport_microxrcedds_c.cpython-310-x86_64-linux-gnu.so" to ""
-- Installing: /home/abdelrhaman/microros_ws/install/composition_interfaces/local/lib/python3.10/dist-packages/composition_interfaces/composition_interfaces_s__rosidl_typesupport_fastrtps_c.cpython-310-x86_64-linux-gnu.so
-- Set runtime path of "/home/abdelrhaman/microros_ws/install/composition_interfaces/local/lib/python3.10/dist-packages/composition_interfaces/composition_interfaces_s__rosidl_typesupport_fastrtps_c.cpython-310-x86_64-linux-gnu.so" to ""
-- Installing: /home/abdelrhaman/microros_ws/install/composition_interfaces/local/lib/python3.10/dist-packages/composition_interfaces/composition_interfaces_s__rosidl_typesupport_introspection_c.cpython-310-x86_64-linux-gnu.so
-- Set runtime path of "/home/abdelrhaman/microros_ws/install/composition_interfaces/local/lib/python3.10/dist-packages/composition_interfaces/composition_interfaces_s__rosidl_typesupport_introspection_c.cpython-310-x86_64-linux-gnu.so" to ""
-- Installing: /home/abdelrhaman/microros_ws/install/composition_interfaces/local/lib/python3.10/dist-packages/composition_interfaces/composition_interfaces_s__rosidl_typesupport_c.cpython-310-x86_64-linux-gnu.so
-- Set runtime path of "/home/abdelrhaman/microros_ws/install/composition_interfaces/local/lib/python3.10/dist-packages/composition_interfaces/composition_interfaces_s__rosidl_typesupport_c.cpython-310-x86_64-linux-gnu.so" to ""
-- Installing: /home/abdelrhaman/microros_ws/install/composition_interfaces/lib/libcomposition_interfaces__rosidl_generator_py.so
-- Set runtime path of "/home/abdelrhaman/microros_ws/install/composition_interfaces/lib/libcomposition_interfaces__rosidl_generator_py.so" to ""
-- Installing: /home/abdelrhaman/microros_ws/install/composition_interfaces/share/composition_interfaces/srv/LoadNode.idl
-- Installing: /home/abdelrhaman/microros_ws/install/composition_interfaces/share/composition_interfaces/srv/ListNodes.idl
-- Installing: /home/abdelrhaman/microros_ws/install/composition_interfaces/share/composition_interfaces/srv/UnloadNode.idl
-- Installing: /home/abdelrhaman/microros_ws/install/composition_interfaces/share/composition_interfaces/srv/LoadNode.srv
-- Installing: /home/abdelrhaman/microros_ws/install/composition_interfaces/share/composition_interfaces/srv/LoadNode_Request.msg
-- Installing: /home/abdelrhaman/microros_ws/install/composition_interfaces/share/composition_interfaces/srv/LoadNode_Response.msg
-- Installing: /home/abdelrhaman/microros_ws/install/composition_interfaces/share/composition_interfaces/srv/ListNodes.srv
-- Installing: /home/abdelrhaman/microros_ws/install/composition_interfaces/share/composition_interfaces/srv/ListNodes_Request.msg
-- Installing: /home/abdelrhaman/microros_ws/install/composition_interfaces/share/composition_interfaces/srv/ListNodes_Response.msg
-- Installing: /home/abdelrhaman/microros_ws/install/composition_interfaces/share/composition_interfaces/srv/UnloadNode.srv
-- Installing: /home/abdelrhaman/microros_ws/install/composition_interfaces/share/composition_interfaces/srv/UnloadNode_Request.msg
-- Installing: /home/abdelrhaman/microros_ws/install/composition_interfaces/share/composition_interfaces/srv/UnloadNode_Response.msg
-- Installing: /home/abdelrhaman/microros_ws/install/composition_interfaces/share/ament_index/resource_index/package_run_dependencies/composition_interfaces
-- Installing: /home/abdelrhaman/microros_ws/install/composition_interfaces/share/ament_index/resource_index/parent_prefix_path/composition_interfaces
-- Installing: /home/abdelrhaman/microros_ws/install/composition_interfaces/share/composition_interfaces/environment/ament_prefix_path.sh
-- Installing: /home/abdelrhaman/microros_ws/install/composition_interfaces/share/composition_interfaces/environment/ament_prefix_path.dsv
-- Installing: /home/abdelrhaman/microros_ws/install/composition_interfaces/share/composition_interfaces/environment/path.sh
-- Installing: /home/abdelrhaman/microros_ws/install/composition_interfaces/share/composition_interfaces/environment/path.dsv
-- Installing: /home/abdelrhaman/microros_ws/install/composition_interfaces/share/composition_interfaces/local_setup.bash
-- Installing: /home/abdelrhaman/microros_ws/install/composition_interfaces/share/composition_interfaces/local_setup.sh
-- Installing: /home/abdelrhaman/microros_ws/install/composition_interfaces/share/composition_interfaces/local_setup.zsh
-- Installing: /home/abdelrhaman/microros_ws/install/composition_interfaces/share/composition_interfaces/local_setup.dsv
-- Installing: /home/abdelrhaman/microros_ws/install/composition_interfaces/share/composition_interfaces/package.dsv
-- Installing: /home/abdelrhaman/microros_ws/install/composition_interfaces/share/ament_index/resource_index/packages/composition_interfaces
-- Installing: /home/abdelrhaman/microros_ws/install/composition_interfaces/share/composition_interfaces/cmake/export_composition_interfaces__rosidl_generator_cExport.cmake
-- Installing: /home/abdelrhaman/microros_ws/install/composition_interfaces/share/composition_interfaces/cmake/export_composition_interfaces__rosidl_generator_cExport-noconfig.cmake
-- Installing: /home/abdelrhaman/microros_ws/install/composition_interfaces/share/composition_interfaces/cmake/export_composition_interfaces__rosidl_typesupport_fastrtps_cExport.cmake
-- Installing: /home/abdelrhaman/microros_ws/install/composition_interfaces/share/composition_interfaces/cmake/export_composition_interfaces__rosidl_typesupport_fastrtps_cExport-noconfig.cmake
-- Installing: /home/abdelrhaman/microros_ws/install/composition_interfaces/share/composition_interfaces/cmake/composition_interfaces__rosidl_typesupport_introspection_cExport.cmake
-- Installing: /home/abdelrhaman/microros_ws/install/composition_interfaces/share/composition_interfaces/cmake/composition_interfaces__rosidl_typesupport_introspection_cExport-noconfig.cmake
-- Installing: /home/abdelrhaman/microros_ws/install/composition_interfaces/share/composition_interfaces/cmake/composition_interfaces__rosidl_typesupport_cExport.cmake
-- Installing: /home/abdelrhaman/microros_ws/install/composition_interfaces/share/composition_interfaces/cmake/composition_interfaces__rosidl_typesupport_cExport-noconfig.cmake
-- Installing: /home/abdelrhaman/microros_ws/install/composition_interfaces/share/composition_interfaces/cmake/export_composition_interfaces__rosidl_generator_cppExport.cmake
-- Installing: /home/abdelrhaman/microros_ws/install/composition_interfaces/share/composition_interfaces/cmake/export_composition_interfaces__rosidl_typesupport_fastrtps_cppExport.cmake
-- Installing: /home/abdelrhaman/microros_ws/install/composition_interfaces/share/composition_interfaces/cmake/export_composition_interfaces__rosidl_typesupport_fastrtps_cppExport-noconfig.cmake
-- Installing: /home/abdelrhaman/microros_ws/install/composition_interfaces/share/composition_interfaces/cmake/composition_interfaces__rosidl_typesupport_introspection_cppExport.cmake
-- Installing: /home/abdelrhaman/microros_ws/install/composition_interfaces/share/composition_interfaces/cmake/composition_interfaces__rosidl_typesupport_introspection_cppExport-noconfig.cmake
-- Installing: /home/abdelrhaman/microros_ws/install/composition_interfaces/share/composition_interfaces/cmake/composition_interfaces__rosidl_typesupport_cppExport.cmake
-- Installing: /home/abdelrhaman/microros_ws/install/composition_interfaces/share/composition_interfaces/cmake/composition_interfaces__rosidl_typesupport_cppExport-noconfig.cmake
-- Installing: /home/abdelrhaman/microros_ws/install/composition_interfaces/share/composition_interfaces/cmake/export_composition_interfaces__rosidl_generator_pyExport.cmake
-- Installing: /home/abdelrhaman/microros_ws/install/composition_interfaces/share/composition_interfaces/cmake/export_composition_interfaces__rosidl_generator_pyExport-noconfig.cmake
-- Installing: /home/abdelrhaman/microros_ws/install/composition_interfaces/share/composition_interfaces/cmake/rosidl_cmake-extras.cmake
-- Installing: /home/abdelrhaman/microros_ws/install/composition_interfaces/share/composition_interfaces/cmake/ament_cmake_export_dependencies-extras.cmake
-- Installing: /home/abdelrhaman/microros_ws/install/composition_interfaces/share/composition_interfaces/cmake/ament_cmake_export_include_directories-extras.cmake
-- Installing: /home/abdelrhaman/microros_ws/install/composition_interfaces/share/composition_interfaces/cmake/ament_cmake_export_libraries-extras.cmake
-- Installing: /home/abdelrhaman/microros_ws/install/composition_interfaces/share/composition_interfaces/cmake/ament_cmake_export_targets-extras.cmake
-- Installing: /home/abdelrhaman/microros_ws/install/composition_interfaces/share/composition_interfaces/cmake/rosidl_cmake_export_typesupport_targets-extras.cmake
-- Installing: /home/abdelrhaman/microros_ws/install/composition_interfaces/share/composition_interfaces/cmake/rosidl_cmake_export_typesupport_libraries-extras.cmake
-- Installing: /home/abdelrhaman/microros_ws/install/composition_interfaces/share/composition_interfaces/cmake/composition_interfacesConfig.cmake
-- Installing: /home/abdelrhaman/microros_ws/install/composition_interfaces/share/composition_interfaces/cmake/composition_interfacesConfig-version.cmake
-- Installing: /home/abdelrhaman/microros_ws/install/composition_interfaces/share/composition_interfaces/package.xml
