[0.021s] Invoking command in '/home/abdelrhaman/microros_ws/build/stereo_msgs': AMENT_PREFIX_PATH=/home/abdelrhaman/microros_ws/install/sensor_msgs:/home/abdelrhaman/microros_ws/install/geometry_msgs:/home/abdelrhaman/microros_ws/install/std_msgs:/home/abdelrhaman/microros_ws/install/builtin_interfaces:${AMENT_PREFIX_PATH} CMAKE_PREFIX_PATH=/home/abdelrhaman/microros_ws/install/sensor_msgs:/home/abdelrhaman/microros_ws/install/geometry_msgs:/home/abdelrhaman/microros_ws/install/std_msgs:/home/abdelrhaman/microros_ws/install/builtin_interfaces:/home/abdelrhaman/microros_ws/install/rosidl_typesupport_microxrcedds_cpp:/home/abdelrhaman/microros_ws/install/rosidl_typesupport_microxrcedds_c:/home/abdelrhaman/microros_ws/install/microcdr:/home/abdelrhaman/microros_ws/install/micro_ros_setup:/home/abdelrhaman/ros/install/my_robot_controller:/opt/ros/humble LD_LIBRARY_PATH=/home/abdelrhaman/microros_ws/install/sensor_msgs/lib:/home/abdelrhaman/microros_ws/install/geometry_msgs/lib:/home/abdelrhaman/microros_ws/install/std_msgs/lib:/home/abdelrhaman/microros_ws/install/builtin_interfaces/lib:${LD_LIBRARY_PATH} PYTHONPATH=/home/abdelrhaman/microros_ws/install/sensor_msgs/local/lib/python3.10/dist-packages:/home/abdelrhaman/microros_ws/install/geometry_msgs/local/lib/python3.10/dist-packages:/home/abdelrhaman/microros_ws/install/std_msgs/local/lib/python3.10/dist-packages:/home/abdelrhaman/microros_ws/install/builtin_interfaces/local/lib/python3.10/dist-packages:${PYTHONPATH} /usr/bin/cmake /home/abdelrhaman/microros_ws/src/ros2/common_interfaces/stereo_msgs -DBUILD_TESTING=OFF -DBUILD_SHARED_LIBS=ON -DCMAKE_INSTALL_PREFIX=/home/abdelrhaman/microros_ws/install/stereo_msgs
[0.076s] -- The C compiler identification is GNU 11.4.0
[0.118s] -- The CXX compiler identification is GNU 11.4.0
[0.124s] -- Detecting C compiler ABI info
[0.182s] -- Detecting C compiler ABI info - done
[0.190s] -- Check for working C compiler: /usr/bin/cc - skipped
[0.190s] -- Detecting C compile features
[0.191s] -- Detecting C compile features - done
[0.193s] -- Detecting CXX compiler ABI info
[0.261s] -- Detecting CXX compiler ABI info - done
[0.270s] -- Check for working CXX compiler: /usr/bin/c++ - skipped
[0.270s] -- Detecting CXX compile features
[0.270s] -- Detecting CXX compile features - done
[0.272s] -- Found ament_cmake: 1.3.10 (/opt/ros/humble/share/ament_cmake/cmake)
[0.675s] -- Found Python3: /usr/bin/python3 (found version "3.10.12") found components: Interpreter 
[0.739s] -- Found rosidl_default_generators: 1.2.0 (/opt/ros/humble/share/rosidl_default_generators/cmake)
[0.741s] -- Using all available rosidl_typesupport_c: rosidl_typesupport_microxrcedds_c;rosidl_typesupport_fastrtps_c;rosidl_typesupport_introspection_c
[0.746s] -- Found rosidl_adapter: 3.1.5 (/opt/ros/humble/share/rosidl_adapter/cmake)
[0.778s] -- Using all available rosidl_typesupport_cpp: rosidl_typesupport_microxrcedds_cpp;rosidl_typesupport_fastrtps_cpp;rosidl_typesupport_introspection_cpp
[0.800s] -- Found sensor_msgs: 4.2.4 (/home/abdelrhaman/microros_ws/install/sensor_msgs/share/sensor_msgs/cmake)
[1.067s] -- Found ament_cmake_ros: 0.10.0 (/opt/ros/humble/share/ament_cmake_ros/cmake)
[1.342s] -- Using all available rosidl_typesupport_c: rosidl_typesupport_microxrcedds_c;rosidl_typesupport_fastrtps_c;rosidl_typesupport_introspection_c
[1.670s] -- Using all available rosidl_typesupport_cpp: rosidl_typesupport_microxrcedds_cpp;rosidl_typesupport_fastrtps_cpp;rosidl_typesupport_introspection_cpp
[1.693s] -- Found PythonInterp: /usr/bin/python3 (found suitable version "3.10.12", minimum required is "3.6") 
[1.695s] -- Found python_cmake_module: 0.10.0 (/opt/ros/humble/share/python_cmake_module/cmake)
[1.714s] -- Found PythonLibs: /usr/lib/x86_64-linux-gnu/libpython3.10.so (found suitable version "3.10.12", minimum required is "3.5") 
[1.714s] -- Using PYTHON_EXECUTABLE: /usr/bin/python3
[1.714s] -- Using PYTHON_INCLUDE_DIRS: /usr/include/python3.10
[1.714s] -- Using PYTHON_LIBRARIES: /usr/lib/x86_64-linux-gnu/libpython3.10.so
[1.731s] -- Found PythonExtra: .so  
[1.789s] -- Configuring done
[1.818s] -- Generating done
[1.819s] -- Build files have been written to: /home/abdelrhaman/microros_ws/build/stereo_msgs
[1.827s] Invoked command in '/home/abdelrhaman/microros_ws/build/stereo_msgs' returned '0': AMENT_PREFIX_PATH=/home/abdelrhaman/microros_ws/install/sensor_msgs:/home/abdelrhaman/microros_ws/install/geometry_msgs:/home/abdelrhaman/microros_ws/install/std_msgs:/home/abdelrhaman/microros_ws/install/builtin_interfaces:${AMENT_PREFIX_PATH} CMAKE_PREFIX_PATH=/home/abdelrhaman/microros_ws/install/sensor_msgs:/home/abdelrhaman/microros_ws/install/geometry_msgs:/home/abdelrhaman/microros_ws/install/std_msgs:/home/abdelrhaman/microros_ws/install/builtin_interfaces:/home/abdelrhaman/microros_ws/install/rosidl_typesupport_microxrcedds_cpp:/home/abdelrhaman/microros_ws/install/rosidl_typesupport_microxrcedds_c:/home/abdelrhaman/microros_ws/install/microcdr:/home/abdelrhaman/microros_ws/install/micro_ros_setup:/home/abdelrhaman/ros/install/my_robot_controller:/opt/ros/humble LD_LIBRARY_PATH=/home/abdelrhaman/microros_ws/install/sensor_msgs/lib:/home/abdelrhaman/microros_ws/install/geometry_msgs/lib:/home/abdelrhaman/microros_ws/install/std_msgs/lib:/home/abdelrhaman/microros_ws/install/builtin_interfaces/lib:${LD_LIBRARY_PATH} PYTHONPATH=/home/abdelrhaman/microros_ws/install/sensor_msgs/local/lib/python3.10/dist-packages:/home/abdelrhaman/microros_ws/install/geometry_msgs/local/lib/python3.10/dist-packages:/home/abdelrhaman/microros_ws/install/std_msgs/local/lib/python3.10/dist-packages:/home/abdelrhaman/microros_ws/install/builtin_interfaces/local/lib/python3.10/dist-packages:${PYTHONPATH} /usr/bin/cmake /home/abdelrhaman/microros_ws/src/ros2/common_interfaces/stereo_msgs -DBUILD_TESTING=OFF -DBUILD_SHARED_LIBS=ON -DCMAKE_INSTALL_PREFIX=/home/abdelrhaman/microros_ws/install/stereo_msgs
[1.828s] Invoking command in '/home/abdelrhaman/microros_ws/build/stereo_msgs': AMENT_PREFIX_PATH=/home/abdelrhaman/microros_ws/install/sensor_msgs:/home/abdelrhaman/microros_ws/install/geometry_msgs:/home/abdelrhaman/microros_ws/install/std_msgs:/home/abdelrhaman/microros_ws/install/builtin_interfaces:${AMENT_PREFIX_PATH} CMAKE_PREFIX_PATH=/home/abdelrhaman/microros_ws/install/sensor_msgs:/home/abdelrhaman/microros_ws/install/geometry_msgs:/home/abdelrhaman/microros_ws/install/std_msgs:/home/abdelrhaman/microros_ws/install/builtin_interfaces:/home/abdelrhaman/microros_ws/install/rosidl_typesupport_microxrcedds_cpp:/home/abdelrhaman/microros_ws/install/rosidl_typesupport_microxrcedds_c:/home/abdelrhaman/microros_ws/install/microcdr:/home/abdelrhaman/microros_ws/install/micro_ros_setup:/home/abdelrhaman/ros/install/my_robot_controller:/opt/ros/humble LD_LIBRARY_PATH=/home/abdelrhaman/microros_ws/install/sensor_msgs/lib:/home/abdelrhaman/microros_ws/install/geometry_msgs/lib:/home/abdelrhaman/microros_ws/install/std_msgs/lib:/home/abdelrhaman/microros_ws/install/builtin_interfaces/lib:${LD_LIBRARY_PATH} PYTHONPATH=/home/abdelrhaman/microros_ws/install/sensor_msgs/local/lib/python3.10/dist-packages:/home/abdelrhaman/microros_ws/install/geometry_msgs/local/lib/python3.10/dist-packages:/home/abdelrhaman/microros_ws/install/std_msgs/local/lib/python3.10/dist-packages:/home/abdelrhaman/microros_ws/install/builtin_interfaces/local/lib/python3.10/dist-packages:${PYTHONPATH} /usr/bin/cmake --build /home/abdelrhaman/microros_ws/build/stereo_msgs -- -j20 -l20
[1.864s] [  2%] [34m[1mGenerating C code for ROS interfaces[0m
[1.873s] [  5%] [34m[1mGenerating C++ code for ROS interfaces[0m
[1.880s] [  5%] Built target ament_cmake_python_copy_stereo_msgs
[2.084s] [  5%] Built target stereo_msgs__cpp
[2.093s] [  7%] [34m[1mGenerating C++ type support for eProsima Micro XRCE-DDS[0m
[2.094s] [ 10%] [34m[1mGenerating C++ type support for eProsima Fast-RTPS[0m
[2.095s] [ 12%] [34m[1mGenerating C++ type support dispatch for ROS interfaces[0m
[2.096s] [ 15%] [34m[1mGenerating C++ introspection for ROS interfaces[0m
[2.097s] [ 17%] [32mBuilding C object CMakeFiles/stereo_msgs__rosidl_generator_c.dir/rosidl_generator_c/stereo_msgs/msg/detail/disparity_image__functions.c.o[0m
[2.154s] [ 20%] [32m[1mLinking C shared library libstereo_msgs__rosidl_generator_c.so[0m
[2.195s] [ 20%] Built target stereo_msgs__rosidl_generator_c
[2.207s] [ 30%] [34m[1mGenerating C introspection for ROS interfaces[0m
[2.207s] [ 30%] [34m[1mGenerating C type support for eProsima Fast-RTPS[0m
[2.207s] [ 30%] [34m[1mGenerating C type support dispatch for ROS interfaces[0m
[2.207s] [ 30%] [34m[1mGenerating C type support for eProsima Micro XRCE-DDS[0m
[2.291s] [ 33%] [32mBuilding CXX object CMakeFiles/stereo_msgs__rosidl_typesupport_cpp.dir/rosidl_typesupport_cpp/stereo_msgs/msg/disparity_image__type_support.cpp.o[0m
[2.301s] [ 35%] [32mBuilding CXX object CMakeFiles/stereo_msgs__rosidl_typesupport_introspection_cpp.dir/rosidl_typesupport_introspection_cpp/stereo_msgs/msg/detail/disparity_image__type_support.cpp.o[0m
[2.343s] [ 38%] [32mBuilding CXX object CMakeFiles/stereo_msgs__rosidl_typesupport_microxrcedds_cpp.dir/rosidl_typesupport_microxrcedds_cpp/stereo_msgs/msg/detail/microxrcedds/disparity_image__type_support_cpp.cpp.o[0m
[2.383s] running egg_info
[2.384s] creating stereo_msgs.egg-info
[2.407s] [ 41%] [32mBuilding CXX object CMakeFiles/stereo_msgs__rosidl_typesupport_fastrtps_cpp.dir/rosidl_typesupport_fastrtps_cpp/stereo_msgs/msg/detail/dds_fastrtps/disparity_image__type_support.cpp.o[0m
[2.458s] [ 43%] [32m[1mLinking CXX shared library libstereo_msgs__rosidl_typesupport_cpp.so[0m
[2.460s] writing stereo_msgs.egg-info/PKG-INFO
[2.503s] [ 43%] Built target stereo_msgs__rosidl_typesupport_cpp
[2.519s] writing dependency_links to stereo_msgs.egg-info/dependency_links.txt
[2.543s] [ 46%] [32m[1mLinking CXX shared library libstereo_msgs__rosidl_typesupport_introspection_cpp.so[0m
[2.552s] [ 48%] [32mBuilding C object CMakeFiles/stereo_msgs__rosidl_typesupport_introspection_c.dir/rosidl_typesupport_introspection_c/stereo_msgs/msg/detail/disparity_image__type_support.c.o[0m
[2.576s] [ 53%] [32m[1mLinking CXX shared library libstereo_msgs__rosidl_typesupport_microxrcedds_cpp.so[0m
[2.577s] [ 53%] [32mBuilding CXX object CMakeFiles/stereo_msgs__rosidl_typesupport_c.dir/rosidl_typesupport_c/stereo_msgs/msg/disparity_image__type_support.cpp.o[0m
[2.581s] [ 56%] [32m[1mLinking C shared library libstereo_msgs__rosidl_typesupport_introspection_c.so[0m
[2.599s] [ 58%] [32mBuilding C object CMakeFiles/stereo_msgs__rosidl_typesupport_microxrcedds_c.dir/rosidl_typesupport_microxrcedds_c/stereo_msgs/msg/detail/microxrcedds/disparity_image__type_support_c.c.o[0m
[2.603s] [ 61%] [32m[1mLinking CXX shared library libstereo_msgs__rosidl_typesupport_c.so[0m
[2.603s] [ 61%] Built target stereo_msgs__rosidl_typesupport_introspection_cpp
[2.609s] [ 64%] [32mBuilding CXX object CMakeFiles/stereo_msgs__rosidl_typesupport_fastrtps_c.dir/rosidl_typesupport_fastrtps_c/stereo_msgs/msg/detail/disparity_image__type_support_c.cpp.o[0m
[2.615s] [ 64%] Built target stereo_msgs__rosidl_typesupport_introspection_c
[2.644s] [ 66%] [32m[1mLinking C shared library libstereo_msgs__rosidl_typesupport_microxrcedds_c.so[0m
[2.645s] [ 66%] Built target stereo_msgs__rosidl_typesupport_c
[2.649s] [ 66%] Built target stereo_msgs__rosidl_typesupport_microxrcedds_cpp
[2.659s] [ 69%] [32m[1mLinking CXX shared library libstereo_msgs__rosidl_typesupport_fastrtps_cpp.so[0m
[2.692s] [ 69%] Built target stereo_msgs__rosidl_typesupport_microxrcedds_c
[2.724s] [ 69%] Built target stereo_msgs__rosidl_typesupport_fastrtps_cpp
[2.799s] writing top-level names to stereo_msgs.egg-info/top_level.txt
[2.799s] writing manifest file 'stereo_msgs.egg-info/SOURCES.txt'
[2.813s] [ 71%] [32m[1mLinking CXX shared library libstereo_msgs__rosidl_typesupport_fastrtps_c.so[0m
[2.851s] reading manifest file 'stereo_msgs.egg-info/SOURCES.txt'
[2.851s] writing manifest file 'stereo_msgs.egg-info/SOURCES.txt'
[2.875s] [ 71%] Built target stereo_msgs__rosidl_typesupport_fastrtps_c
[2.879s] [ 71%] Built target ament_cmake_python_build_stereo_msgs_egg
[2.893s] [ 71%] Built target stereo_msgs
[2.911s] [ 74%] [34m[1mGenerating Python code for ROS interfaces[0m
[3.252s] [ 74%] Built target stereo_msgs__py
[3.272s] [ 76%] [32mBuilding C object CMakeFiles/stereo_msgs__rosidl_generator_py.dir/rosidl_generator_py/stereo_msgs/msg/_disparity_image_s.c.o[0m
[3.344s] [ 79%] [32m[1mLinking C shared library rosidl_generator_py/stereo_msgs/libstereo_msgs__rosidl_generator_py.so[0m
[3.391s] [ 79%] Built target stereo_msgs__rosidl_generator_py
[3.413s] [ 82%] [32mBuilding C object CMakeFiles/stereo_msgs__rosidl_typesupport_fastrtps_c__pyext.dir/rosidl_generator_py/stereo_msgs/_stereo_msgs_s.ep.rosidl_typesupport_fastrtps_c.c.o[0m
[3.413s] [ 84%] [32mBuilding C object CMakeFiles/stereo_msgs__rosidl_typesupport_microxrcedds_c__pyext.dir/rosidl_generator_py/stereo_msgs/_stereo_msgs_s.ep.rosidl_typesupport_microxrcedds_c.c.o[0m
[3.414s] [ 89%] [32mBuilding C object CMakeFiles/stereo_msgs__rosidl_typesupport_introspection_c__pyext.dir/rosidl_generator_py/stereo_msgs/_stereo_msgs_s.ep.rosidl_typesupport_introspection_c.c.o[0m
[3.414s] [ 89%] [32mBuilding C object CMakeFiles/stereo_msgs__rosidl_typesupport_c__pyext.dir/rosidl_generator_py/stereo_msgs/_stereo_msgs_s.ep.rosidl_typesupport_c.c.o[0m
[3.476s] [ 92%] [32m[1mLinking C shared library rosidl_generator_py/stereo_msgs/stereo_msgs_s__rosidl_typesupport_c.cpython-310-x86_64-linux-gnu.so[0m
[3.477s] [ 94%] [32m[1mLinking C shared library rosidl_generator_py/stereo_msgs/stereo_msgs_s__rosidl_typesupport_fastrtps_c.cpython-310-x86_64-linux-gnu.so[0m
[3.506s] [ 94%] Built target stereo_msgs__rosidl_typesupport_c__pyext
[3.507s] [ 94%] Built target stereo_msgs__rosidl_typesupport_fastrtps_c__pyext
[3.524s] [ 97%] [32m[1mLinking C shared library rosidl_generator_py/stereo_msgs/stereo_msgs_s__rosidl_typesupport_microxrcedds_c.cpython-310-x86_64-linux-gnu.so[0m
[3.524s] [100%] [32m[1mLinking C shared library rosidl_generator_py/stereo_msgs/stereo_msgs_s__rosidl_typesupport_introspection_c.cpython-310-x86_64-linux-gnu.so[0m
[3.566s] [100%] Built target stereo_msgs__rosidl_typesupport_microxrcedds_c__pyext
[3.567s] [100%] Built target stereo_msgs__rosidl_typesupport_introspection_c__pyext
[3.578s] Invoked command in '/home/abdelrhaman/microros_ws/build/stereo_msgs' returned '0': AMENT_PREFIX_PATH=/home/abdelrhaman/microros_ws/install/sensor_msgs:/home/abdelrhaman/microros_ws/install/geometry_msgs:/home/abdelrhaman/microros_ws/install/std_msgs:/home/abdelrhaman/microros_ws/install/builtin_interfaces:${AMENT_PREFIX_PATH} CMAKE_PREFIX_PATH=/home/abdelrhaman/microros_ws/install/sensor_msgs:/home/abdelrhaman/microros_ws/install/geometry_msgs:/home/abdelrhaman/microros_ws/install/std_msgs:/home/abdelrhaman/microros_ws/install/builtin_interfaces:/home/abdelrhaman/microros_ws/install/rosidl_typesupport_microxrcedds_cpp:/home/abdelrhaman/microros_ws/install/rosidl_typesupport_microxrcedds_c:/home/abdelrhaman/microros_ws/install/microcdr:/home/abdelrhaman/microros_ws/install/micro_ros_setup:/home/abdelrhaman/ros/install/my_robot_controller:/opt/ros/humble LD_LIBRARY_PATH=/home/abdelrhaman/microros_ws/install/sensor_msgs/lib:/home/abdelrhaman/microros_ws/install/geometry_msgs/lib:/home/abdelrhaman/microros_ws/install/std_msgs/lib:/home/abdelrhaman/microros_ws/install/builtin_interfaces/lib:${LD_LIBRARY_PATH} PYTHONPATH=/home/abdelrhaman/microros_ws/install/sensor_msgs/local/lib/python3.10/dist-packages:/home/abdelrhaman/microros_ws/install/geometry_msgs/local/lib/python3.10/dist-packages:/home/abdelrhaman/microros_ws/install/std_msgs/local/lib/python3.10/dist-packages:/home/abdelrhaman/microros_ws/install/builtin_interfaces/local/lib/python3.10/dist-packages:${PYTHONPATH} /usr/bin/cmake --build /home/abdelrhaman/microros_ws/build/stereo_msgs -- -j20 -l20
[3.644s] Invoking command in '/home/abdelrhaman/microros_ws/build/stereo_msgs': AMENT_PREFIX_PATH=/home/abdelrhaman/microros_ws/install/sensor_msgs:/home/abdelrhaman/microros_ws/install/geometry_msgs:/home/abdelrhaman/microros_ws/install/std_msgs:/home/abdelrhaman/microros_ws/install/builtin_interfaces:${AMENT_PREFIX_PATH} CMAKE_PREFIX_PATH=/home/abdelrhaman/microros_ws/install/sensor_msgs:/home/abdelrhaman/microros_ws/install/geometry_msgs:/home/abdelrhaman/microros_ws/install/std_msgs:/home/abdelrhaman/microros_ws/install/builtin_interfaces:/home/abdelrhaman/microros_ws/install/rosidl_typesupport_microxrcedds_cpp:/home/abdelrhaman/microros_ws/install/rosidl_typesupport_microxrcedds_c:/home/abdelrhaman/microros_ws/install/microcdr:/home/abdelrhaman/microros_ws/install/micro_ros_setup:/home/abdelrhaman/ros/install/my_robot_controller:/opt/ros/humble LD_LIBRARY_PATH=/home/abdelrhaman/microros_ws/install/sensor_msgs/lib:/home/abdelrhaman/microros_ws/install/geometry_msgs/lib:/home/abdelrhaman/microros_ws/install/std_msgs/lib:/home/abdelrhaman/microros_ws/install/builtin_interfaces/lib:${LD_LIBRARY_PATH} PYTHONPATH=/home/abdelrhaman/microros_ws/install/sensor_msgs/local/lib/python3.10/dist-packages:/home/abdelrhaman/microros_ws/install/geometry_msgs/local/lib/python3.10/dist-packages:/home/abdelrhaman/microros_ws/install/std_msgs/local/lib/python3.10/dist-packages:/home/abdelrhaman/microros_ws/install/builtin_interfaces/local/lib/python3.10/dist-packages:${PYTHONPATH} /usr/bin/cmake --install /home/abdelrhaman/microros_ws/build/stereo_msgs
[3.653s] -- Install configuration: ""
[3.653s] -- Installing: /home/abdelrhaman/microros_ws/install/stereo_msgs/share/ament_index/resource_index/rosidl_interfaces/stereo_msgs
[3.653s] -- Installing: /home/abdelrhaman/microros_ws/install/stereo_msgs/include/stereo_msgs/stereo_msgs
[3.654s] -- Installing: /home/abdelrhaman/microros_ws/install/stereo_msgs/include/stereo_msgs/stereo_msgs/msg
[3.654s] -- Installing: /home/abdelrhaman/microros_ws/install/stereo_msgs/include/stereo_msgs/stereo_msgs/msg/rosidl_generator_c__visibility_control.h
[3.654s] -- Installing: /home/abdelrhaman/microros_ws/install/stereo_msgs/include/stereo_msgs/stereo_msgs/msg/detail
[3.654s] -- Installing: /home/abdelrhaman/microros_ws/install/stereo_msgs/include/stereo_msgs/stereo_msgs/msg/detail/disparity_image__functions.c
[3.654s] -- Installing: /home/abdelrhaman/microros_ws/install/stereo_msgs/include/stereo_msgs/stereo_msgs/msg/detail/disparity_image__functions.h
[3.654s] -- Installing: /home/abdelrhaman/microros_ws/install/stereo_msgs/include/stereo_msgs/stereo_msgs/msg/detail/disparity_image__type_support.h
[3.654s] -- Installing: /home/abdelrhaman/microros_ws/install/stereo_msgs/include/stereo_msgs/stereo_msgs/msg/detail/disparity_image__struct.h
[3.654s] -- Installing: /home/abdelrhaman/microros_ws/install/stereo_msgs/include/stereo_msgs/stereo_msgs/msg/disparity_image.h
[3.654s] -- Installing: /home/abdelrhaman/microros_ws/install/stereo_msgs/share/stereo_msgs/environment/library_path.sh
[3.654s] -- Installing: /home/abdelrhaman/microros_ws/install/stereo_msgs/share/stereo_msgs/environment/library_path.dsv
[3.654s] -- Installing: /home/abdelrhaman/microros_ws/install/stereo_msgs/lib/libstereo_msgs__rosidl_generator_c.so
[3.654s] -- Set runtime path of "/home/abdelrhaman/microros_ws/install/stereo_msgs/lib/libstereo_msgs__rosidl_generator_c.so" to ""
[3.655s] -- Up-to-date: /home/abdelrhaman/microros_ws/install/stereo_msgs/include/stereo_msgs
[3.655s] -- Installing: /home/abdelrhaman/microros_ws/install/stereo_msgs/include/stereo_msgs/msg
[3.655s] -- Installing: /home/abdelrhaman/microros_ws/install/stereo_msgs/include/stereo_msgs/msg/detail
[3.655s] -- Installing: /home/abdelrhaman/microros_ws/install/stereo_msgs/include/stereo_msgs/msg/detail/microxrcedds
[3.655s] -- Installing: /home/abdelrhaman/microros_ws/install/stereo_msgs/include/stereo_msgs/msg/detail/disparity_image__rosidl_typesupport_microxrcedds_c.h
[3.655s] -- Installing: /home/abdelrhaman/microros_ws/install/stereo_msgs/include/stereo_msgs/msg/rosidl_typesupport_microxrcedds_c__visibility_control.h
[3.655s] -- Installing: /home/abdelrhaman/microros_ws/install/stereo_msgs/lib/libstereo_msgs__rosidl_typesupport_microxrcedds_c.so
[3.655s] -- Set runtime path of "/home/abdelrhaman/microros_ws/install/stereo_msgs/lib/libstereo_msgs__rosidl_typesupport_microxrcedds_c.so" to ""
[3.655s] -- Up-to-date: /home/abdelrhaman/microros_ws/install/stereo_msgs/include/stereo_msgs/stereo_msgs
[3.655s] -- Up-to-date: /home/abdelrhaman/microros_ws/install/stereo_msgs/include/stereo_msgs/stereo_msgs/msg
[3.655s] -- Up-to-date: /home/abdelrhaman/microros_ws/install/stereo_msgs/include/stereo_msgs/stereo_msgs/msg/detail
[3.655s] -- Installing: /home/abdelrhaman/microros_ws/install/stereo_msgs/include/stereo_msgs/stereo_msgs/msg/detail/disparity_image__rosidl_typesupport_fastrtps_c.h
[3.656s] -- Installing: /home/abdelrhaman/microros_ws/install/stereo_msgs/include/stereo_msgs/stereo_msgs/msg/rosidl_typesupport_fastrtps_c__visibility_control.h
[3.656s] -- Installing: /home/abdelrhaman/microros_ws/install/stereo_msgs/lib/libstereo_msgs__rosidl_typesupport_fastrtps_c.so
[3.656s] -- Set runtime path of "/home/abdelrhaman/microros_ws/install/stereo_msgs/lib/libstereo_msgs__rosidl_typesupport_fastrtps_c.so" to ""
[3.656s] -- Up-to-date: /home/abdelrhaman/microros_ws/install/stereo_msgs/include/stereo_msgs/stereo_msgs
[3.656s] -- Up-to-date: /home/abdelrhaman/microros_ws/install/stereo_msgs/include/stereo_msgs/stereo_msgs/msg
[3.656s] -- Installing: /home/abdelrhaman/microros_ws/install/stereo_msgs/include/stereo_msgs/stereo_msgs/msg/rosidl_typesupport_introspection_c__visibility_control.h
[3.656s] -- Up-to-date: /home/abdelrhaman/microros_ws/install/stereo_msgs/include/stereo_msgs/stereo_msgs/msg/detail
[3.656s] -- Installing: /home/abdelrhaman/microros_ws/install/stereo_msgs/include/stereo_msgs/stereo_msgs/msg/detail/disparity_image__type_support.c
[3.656s] -- Installing: /home/abdelrhaman/microros_ws/install/stereo_msgs/include/stereo_msgs/stereo_msgs/msg/detail/disparity_image__rosidl_typesupport_introspection_c.h
[3.656s] -- Installing: /home/abdelrhaman/microros_ws/install/stereo_msgs/lib/libstereo_msgs__rosidl_typesupport_introspection_c.so
[3.656s] -- Set runtime path of "/home/abdelrhaman/microros_ws/install/stereo_msgs/lib/libstereo_msgs__rosidl_typesupport_introspection_c.so" to ""
[3.656s] -- Installing: /home/abdelrhaman/microros_ws/install/stereo_msgs/lib/libstereo_msgs__rosidl_typesupport_c.so
[3.656s] -- Set runtime path of "/home/abdelrhaman/microros_ws/install/stereo_msgs/lib/libstereo_msgs__rosidl_typesupport_c.so" to ""
[3.657s] -- Up-to-date: /home/abdelrhaman/microros_ws/install/stereo_msgs/include/stereo_msgs/stereo_msgs
[3.657s] -- Up-to-date: /home/abdelrhaman/microros_ws/install/stereo_msgs/include/stereo_msgs/stereo_msgs/msg
[3.657s] -- Up-to-date: /home/abdelrhaman/microros_ws/install/stereo_msgs/include/stereo_msgs/stereo_msgs/msg/detail
[3.657s] -- Installing: /home/abdelrhaman/microros_ws/install/stereo_msgs/include/stereo_msgs/stereo_msgs/msg/detail/disparity_image__struct.hpp
[3.657s] -- Installing: /home/abdelrhaman/microros_ws/install/stereo_msgs/include/stereo_msgs/stereo_msgs/msg/detail/disparity_image__traits.hpp
[3.657s] -- Installing: /home/abdelrhaman/microros_ws/install/stereo_msgs/include/stereo_msgs/stereo_msgs/msg/detail/disparity_image__builder.hpp
[3.657s] -- Installing: /home/abdelrhaman/microros_ws/install/stereo_msgs/include/stereo_msgs/stereo_msgs/msg/disparity_image.hpp
[3.657s] -- Up-to-date: /home/abdelrhaman/microros_ws/install/stereo_msgs/include/stereo_msgs
[3.657s] -- Up-to-date: /home/abdelrhaman/microros_ws/install/stereo_msgs/include/stereo_msgs/msg
[3.657s] -- Up-to-date: /home/abdelrhaman/microros_ws/install/stereo_msgs/include/stereo_msgs/msg/detail
[3.657s] -- Installing: /home/abdelrhaman/microros_ws/install/stereo_msgs/include/stereo_msgs/msg/detail/disparity_image__rosidl_typesupport_microxrcedds_cpp.hpp
[3.657s] -- Up-to-date: /home/abdelrhaman/microros_ws/install/stereo_msgs/include/stereo_msgs/msg/detail/microxrcedds
[3.657s] -- Installing: /home/abdelrhaman/microros_ws/install/stereo_msgs/include/stereo_msgs/msg/detail/microxrcedds/disparity_image__type_support_cpp.cpp
[3.658s] -- Installing: /home/abdelrhaman/microros_ws/install/stereo_msgs/include/stereo_msgs/msg/rosidl_typesupport_microxrcedds_cpp__visibility_control.h
[3.658s] -- Installing: /home/abdelrhaman/microros_ws/install/stereo_msgs/lib/libstereo_msgs__rosidl_typesupport_microxrcedds_cpp.so
[3.658s] -- Set runtime path of "/home/abdelrhaman/microros_ws/install/stereo_msgs/lib/libstereo_msgs__rosidl_typesupport_microxrcedds_cpp.so" to ""
[3.658s] -- Up-to-date: /home/abdelrhaman/microros_ws/install/stereo_msgs/include/stereo_msgs/stereo_msgs
[3.658s] -- Up-to-date: /home/abdelrhaman/microros_ws/install/stereo_msgs/include/stereo_msgs/stereo_msgs/msg
[3.658s] -- Up-to-date: /home/abdelrhaman/microros_ws/install/stereo_msgs/include/stereo_msgs/stereo_msgs/msg/detail
[3.658s] -- Installing: /home/abdelrhaman/microros_ws/install/stereo_msgs/include/stereo_msgs/stereo_msgs/msg/detail/disparity_image__rosidl_typesupport_fastrtps_cpp.hpp
[3.658s] -- Installing: /home/abdelrhaman/microros_ws/install/stereo_msgs/include/stereo_msgs/stereo_msgs/msg/detail/dds_fastrtps
[3.658s] -- Installing: /home/abdelrhaman/microros_ws/install/stereo_msgs/include/stereo_msgs/stereo_msgs/msg/rosidl_typesupport_fastrtps_cpp__visibility_control.h
[3.658s] -- Installing: /home/abdelrhaman/microros_ws/install/stereo_msgs/lib/libstereo_msgs__rosidl_typesupport_fastrtps_cpp.so
[3.658s] -- Set runtime path of "/home/abdelrhaman/microros_ws/install/stereo_msgs/lib/libstereo_msgs__rosidl_typesupport_fastrtps_cpp.so" to ""
[3.658s] -- Up-to-date: /home/abdelrhaman/microros_ws/install/stereo_msgs/include/stereo_msgs/stereo_msgs
[3.658s] -- Up-to-date: /home/abdelrhaman/microros_ws/install/stereo_msgs/include/stereo_msgs/stereo_msgs/msg
[3.659s] -- Up-to-date: /home/abdelrhaman/microros_ws/install/stereo_msgs/include/stereo_msgs/stereo_msgs/msg/detail
[3.659s] -- Installing: /home/abdelrhaman/microros_ws/install/stereo_msgs/include/stereo_msgs/stereo_msgs/msg/detail/disparity_image__type_support.cpp
[3.659s] -- Installing: /home/abdelrhaman/microros_ws/install/stereo_msgs/include/stereo_msgs/stereo_msgs/msg/detail/disparity_image__rosidl_typesupport_introspection_cpp.hpp
[3.659s] -- Installing: /home/abdelrhaman/microros_ws/install/stereo_msgs/lib/libstereo_msgs__rosidl_typesupport_introspection_cpp.so
[3.659s] -- Set runtime path of "/home/abdelrhaman/microros_ws/install/stereo_msgs/lib/libstereo_msgs__rosidl_typesupport_introspection_cpp.so" to ""
[3.659s] -- Installing: /home/abdelrhaman/microros_ws/install/stereo_msgs/lib/libstereo_msgs__rosidl_typesupport_cpp.so
[3.659s] -- Set runtime path of "/home/abdelrhaman/microros_ws/install/stereo_msgs/lib/libstereo_msgs__rosidl_typesupport_cpp.so" to ""
[3.659s] -- Installing: /home/abdelrhaman/microros_ws/install/stereo_msgs/share/stereo_msgs/environment/pythonpath.sh
[3.659s] -- Installing: /home/abdelrhaman/microros_ws/install/stereo_msgs/share/stereo_msgs/environment/pythonpath.dsv
[3.659s] -- Installing: /home/abdelrhaman/microros_ws/install/stereo_msgs/local/lib/python3.10/dist-packages/stereo_msgs-4.2.4-py3.10.egg-info
[3.659s] -- Installing: /home/abdelrhaman/microros_ws/install/stereo_msgs/local/lib/python3.10/dist-packages/stereo_msgs-4.2.4-py3.10.egg-info/PKG-INFO
[3.659s] -- Installing: /home/abdelrhaman/microros_ws/install/stereo_msgs/local/lib/python3.10/dist-packages/stereo_msgs-4.2.4-py3.10.egg-info/SOURCES.txt
[3.659s] -- Installing: /home/abdelrhaman/microros_ws/install/stereo_msgs/local/lib/python3.10/dist-packages/stereo_msgs-4.2.4-py3.10.egg-info/top_level.txt
[3.659s] -- Installing: /home/abdelrhaman/microros_ws/install/stereo_msgs/local/lib/python3.10/dist-packages/stereo_msgs-4.2.4-py3.10.egg-info/dependency_links.txt
[3.659s] -- Installing: /home/abdelrhaman/microros_ws/install/stereo_msgs/local/lib/python3.10/dist-packages/stereo_msgs
[3.659s] -- Installing: /home/abdelrhaman/microros_ws/install/stereo_msgs/local/lib/python3.10/dist-packages/stereo_msgs/stereo_msgs_s__rosidl_typesupport_introspection_c.cpython-310-x86_64-linux-gnu.so
[3.659s] -- Installing: /home/abdelrhaman/microros_ws/install/stereo_msgs/local/lib/python3.10/dist-packages/stereo_msgs/_stereo_msgs_s.ep.rosidl_typesupport_fastrtps_c.c
[3.659s] -- Installing: /home/abdelrhaman/microros_ws/install/stereo_msgs/local/lib/python3.10/dist-packages/stereo_msgs/stereo_msgs_s__rosidl_typesupport_fastrtps_c.cpython-310-x86_64-linux-gnu.so
[3.659s] -- Installing: /home/abdelrhaman/microros_ws/install/stereo_msgs/local/lib/python3.10/dist-packages/stereo_msgs/stereo_msgs_s__rosidl_typesupport_microxrcedds_c.cpython-310-x86_64-linux-gnu.so
[3.659s] -- Installing: /home/abdelrhaman/microros_ws/install/stereo_msgs/local/lib/python3.10/dist-packages/stereo_msgs/_stereo_msgs_s.ep.rosidl_typesupport_introspection_c.c
[3.659s] -- Installing: /home/abdelrhaman/microros_ws/install/stereo_msgs/local/lib/python3.10/dist-packages/stereo_msgs/_stereo_msgs_s.ep.rosidl_typesupport_microxrcedds_c.c
[3.660s] -- Installing: /home/abdelrhaman/microros_ws/install/stereo_msgs/local/lib/python3.10/dist-packages/stereo_msgs/__init__.py
[3.660s] -- Installing: /home/abdelrhaman/microros_ws/install/stereo_msgs/local/lib/python3.10/dist-packages/stereo_msgs/msg
[3.660s] -- Installing: /home/abdelrhaman/microros_ws/install/stereo_msgs/local/lib/python3.10/dist-packages/stereo_msgs/msg/_disparity_image.py
[3.660s] -- Installing: /home/abdelrhaman/microros_ws/install/stereo_msgs/local/lib/python3.10/dist-packages/stereo_msgs/msg/__init__.py
[3.660s] -- Installing: /home/abdelrhaman/microros_ws/install/stereo_msgs/local/lib/python3.10/dist-packages/stereo_msgs/msg/_disparity_image_s.c
[3.660s] -- Installing: /home/abdelrhaman/microros_ws/install/stereo_msgs/local/lib/python3.10/dist-packages/stereo_msgs/libstereo_msgs__rosidl_generator_py.so
[3.660s] -- Installing: /home/abdelrhaman/microros_ws/install/stereo_msgs/local/lib/python3.10/dist-packages/stereo_msgs/stereo_msgs_s__rosidl_typesupport_c.cpython-310-x86_64-linux-gnu.so
[3.660s] -- Installing: /home/abdelrhaman/microros_ws/install/stereo_msgs/local/lib/python3.10/dist-packages/stereo_msgs/_stereo_msgs_s.ep.rosidl_typesupport_c.c
[3.686s] Listing '/home/abdelrhaman/microros_ws/install/stereo_msgs/local/lib/python3.10/dist-packages/stereo_msgs'...
[3.686s] Compiling '/home/abdelrhaman/microros_ws/install/stereo_msgs/local/lib/python3.10/dist-packages/stereo_msgs/__init__.py'...
[3.686s] Listing '/home/abdelrhaman/microros_ws/install/stereo_msgs/local/lib/python3.10/dist-packages/stereo_msgs/msg'...
[3.686s] Compiling '/home/abdelrhaman/microros_ws/install/stereo_msgs/local/lib/python3.10/dist-packages/stereo_msgs/msg/__init__.py'...
[3.686s] Compiling '/home/abdelrhaman/microros_ws/install/stereo_msgs/local/lib/python3.10/dist-packages/stereo_msgs/msg/_disparity_image.py'...
[3.689s] -- Installing: /home/abdelrhaman/microros_ws/install/stereo_msgs/local/lib/python3.10/dist-packages/stereo_msgs/stereo_msgs_s__rosidl_typesupport_microxrcedds_c.cpython-310-x86_64-linux-gnu.so
[3.690s] -- Set runtime path of "/home/abdelrhaman/microros_ws/install/stereo_msgs/local/lib/python3.10/dist-packages/stereo_msgs/stereo_msgs_s__rosidl_typesupport_microxrcedds_c.cpython-310-x86_64-linux-gnu.so" to ""
[3.690s] -- Installing: /home/abdelrhaman/microros_ws/install/stereo_msgs/local/lib/python3.10/dist-packages/stereo_msgs/stereo_msgs_s__rosidl_typesupport_fastrtps_c.cpython-310-x86_64-linux-gnu.so
[3.690s] -- Set runtime path of "/home/abdelrhaman/microros_ws/install/stereo_msgs/local/lib/python3.10/dist-packages/stereo_msgs/stereo_msgs_s__rosidl_typesupport_fastrtps_c.cpython-310-x86_64-linux-gnu.so" to ""
[3.690s] -- Installing: /home/abdelrhaman/microros_ws/install/stereo_msgs/local/lib/python3.10/dist-packages/stereo_msgs/stereo_msgs_s__rosidl_typesupport_introspection_c.cpython-310-x86_64-linux-gnu.so
[3.690s] -- Set runtime path of "/home/abdelrhaman/microros_ws/install/stereo_msgs/local/lib/python3.10/dist-packages/stereo_msgs/stereo_msgs_s__rosidl_typesupport_introspection_c.cpython-310-x86_64-linux-gnu.so" to ""
[3.691s] -- Installing: /home/abdelrhaman/microros_ws/install/stereo_msgs/local/lib/python3.10/dist-packages/stereo_msgs/stereo_msgs_s__rosidl_typesupport_c.cpython-310-x86_64-linux-gnu.so
[3.691s] -- Set runtime path of "/home/abdelrhaman/microros_ws/install/stereo_msgs/local/lib/python3.10/dist-packages/stereo_msgs/stereo_msgs_s__rosidl_typesupport_c.cpython-310-x86_64-linux-gnu.so" to ""
[3.691s] -- Installing: /home/abdelrhaman/microros_ws/install/stereo_msgs/lib/libstereo_msgs__rosidl_generator_py.so
[3.691s] -- Set runtime path of "/home/abdelrhaman/microros_ws/install/stereo_msgs/lib/libstereo_msgs__rosidl_generator_py.so" to ""
[3.692s] -- Installing: /home/abdelrhaman/microros_ws/install/stereo_msgs/share/stereo_msgs/msg/DisparityImage.idl
[3.692s] -- Installing: /home/abdelrhaman/microros_ws/install/stereo_msgs/share/stereo_msgs/msg/DisparityImage.msg
[3.692s] -- Installing: /home/abdelrhaman/microros_ws/install/stereo_msgs/share/ament_index/resource_index/package_run_dependencies/stereo_msgs
[3.692s] -- Installing: /home/abdelrhaman/microros_ws/install/stereo_msgs/share/ament_index/resource_index/parent_prefix_path/stereo_msgs
[3.692s] -- Installing: /home/abdelrhaman/microros_ws/install/stereo_msgs/share/stereo_msgs/environment/ament_prefix_path.sh
[3.692s] -- Installing: /home/abdelrhaman/microros_ws/install/stereo_msgs/share/stereo_msgs/environment/ament_prefix_path.dsv
[3.692s] -- Installing: /home/abdelrhaman/microros_ws/install/stereo_msgs/share/stereo_msgs/environment/path.sh
[3.692s] -- Installing: /home/abdelrhaman/microros_ws/install/stereo_msgs/share/stereo_msgs/environment/path.dsv
[3.693s] -- Installing: /home/abdelrhaman/microros_ws/install/stereo_msgs/share/stereo_msgs/local_setup.bash
[3.693s] -- Installing: /home/abdelrhaman/microros_ws/install/stereo_msgs/share/stereo_msgs/local_setup.sh
[3.693s] -- Installing: /home/abdelrhaman/microros_ws/install/stereo_msgs/share/stereo_msgs/local_setup.zsh
[3.693s] -- Installing: /home/abdelrhaman/microros_ws/install/stereo_msgs/share/stereo_msgs/local_setup.dsv
[3.693s] -- Installing: /home/abdelrhaman/microros_ws/install/stereo_msgs/share/stereo_msgs/package.dsv
[3.693s] -- Installing: /home/abdelrhaman/microros_ws/install/stereo_msgs/share/ament_index/resource_index/packages/stereo_msgs
[3.693s] -- Installing: /home/abdelrhaman/microros_ws/install/stereo_msgs/share/stereo_msgs/cmake/export_stereo_msgs__rosidl_generator_cExport.cmake
[3.693s] -- Installing: /home/abdelrhaman/microros_ws/install/stereo_msgs/share/stereo_msgs/cmake/export_stereo_msgs__rosidl_generator_cExport-noconfig.cmake
[3.694s] -- Installing: /home/abdelrhaman/microros_ws/install/stereo_msgs/share/stereo_msgs/cmake/export_stereo_msgs__rosidl_typesupport_fastrtps_cExport.cmake
[3.694s] -- Installing: /home/abdelrhaman/microros_ws/install/stereo_msgs/share/stereo_msgs/cmake/export_stereo_msgs__rosidl_typesupport_fastrtps_cExport-noconfig.cmake
[3.694s] -- Installing: /home/abdelrhaman/microros_ws/install/stereo_msgs/share/stereo_msgs/cmake/stereo_msgs__rosidl_typesupport_introspection_cExport.cmake
[3.694s] -- Installing: /home/abdelrhaman/microros_ws/install/stereo_msgs/share/stereo_msgs/cmake/stereo_msgs__rosidl_typesupport_introspection_cExport-noconfig.cmake
[3.694s] -- Installing: /home/abdelrhaman/microros_ws/install/stereo_msgs/share/stereo_msgs/cmake/stereo_msgs__rosidl_typesupport_cExport.cmake
[3.694s] -- Installing: /home/abdelrhaman/microros_ws/install/stereo_msgs/share/stereo_msgs/cmake/stereo_msgs__rosidl_typesupport_cExport-noconfig.cmake
[3.694s] -- Installing: /home/abdelrhaman/microros_ws/install/stereo_msgs/share/stereo_msgs/cmake/export_stereo_msgs__rosidl_generator_cppExport.cmake
[3.695s] -- Installing: /home/abdelrhaman/microros_ws/install/stereo_msgs/share/stereo_msgs/cmake/export_stereo_msgs__rosidl_typesupport_fastrtps_cppExport.cmake
[3.695s] -- Installing: /home/abdelrhaman/microros_ws/install/stereo_msgs/share/stereo_msgs/cmake/export_stereo_msgs__rosidl_typesupport_fastrtps_cppExport-noconfig.cmake
[3.695s] -- Installing: /home/abdelrhaman/microros_ws/install/stereo_msgs/share/stereo_msgs/cmake/stereo_msgs__rosidl_typesupport_introspection_cppExport.cmake
[3.695s] -- Installing: /home/abdelrhaman/microros_ws/install/stereo_msgs/share/stereo_msgs/cmake/stereo_msgs__rosidl_typesupport_introspection_cppExport-noconfig.cmake
[3.695s] -- Installing: /home/abdelrhaman/microros_ws/install/stereo_msgs/share/stereo_msgs/cmake/stereo_msgs__rosidl_typesupport_cppExport.cmake
[3.695s] -- Installing: /home/abdelrhaman/microros_ws/install/stereo_msgs/share/stereo_msgs/cmake/stereo_msgs__rosidl_typesupport_cppExport-noconfig.cmake
[3.695s] -- Installing: /home/abdelrhaman/microros_ws/install/stereo_msgs/share/stereo_msgs/cmake/export_stereo_msgs__rosidl_generator_pyExport.cmake
[3.696s] -- Installing: /home/abdelrhaman/microros_ws/install/stereo_msgs/share/stereo_msgs/cmake/export_stereo_msgs__rosidl_generator_pyExport-noconfig.cmake
[3.696s] -- Installing: /home/abdelrhaman/microros_ws/install/stereo_msgs/share/stereo_msgs/cmake/rosidl_cmake-extras.cmake
[3.696s] -- Installing: /home/abdelrhaman/microros_ws/install/stereo_msgs/share/stereo_msgs/cmake/ament_cmake_export_dependencies-extras.cmake
[3.696s] -- Installing: /home/abdelrhaman/microros_ws/install/stereo_msgs/share/stereo_msgs/cmake/ament_cmake_export_include_directories-extras.cmake
[3.696s] -- Installing: /home/abdelrhaman/microros_ws/install/stereo_msgs/share/stereo_msgs/cmake/ament_cmake_export_libraries-extras.cmake
[3.696s] -- Installing: /home/abdelrhaman/microros_ws/install/stereo_msgs/share/stereo_msgs/cmake/ament_cmake_export_targets-extras.cmake
[3.696s] -- Installing: /home/abdelrhaman/microros_ws/install/stereo_msgs/share/stereo_msgs/cmake/rosidl_cmake_export_typesupport_targets-extras.cmake
[3.696s] -- Installing: /home/abdelrhaman/microros_ws/install/stereo_msgs/share/stereo_msgs/cmake/rosidl_cmake_export_typesupport_libraries-extras.cmake
[3.697s] -- Installing: /home/abdelrhaman/microros_ws/install/stereo_msgs/share/stereo_msgs/cmake/stereo_msgsConfig.cmake
[3.697s] -- Installing: /home/abdelrhaman/microros_ws/install/stereo_msgs/share/stereo_msgs/cmake/stereo_msgsConfig-version.cmake
[3.697s] -- Installing: /home/abdelrhaman/microros_ws/install/stereo_msgs/share/stereo_msgs/package.xml
[3.700s] Invoked command in '/home/abdelrhaman/microros_ws/build/stereo_msgs' returned '0': AMENT_PREFIX_PATH=/home/abdelrhaman/microros_ws/install/sensor_msgs:/home/abdelrhaman/microros_ws/install/geometry_msgs:/home/abdelrhaman/microros_ws/install/std_msgs:/home/abdelrhaman/microros_ws/install/builtin_interfaces:${AMENT_PREFIX_PATH} CMAKE_PREFIX_PATH=/home/abdelrhaman/microros_ws/install/sensor_msgs:/home/abdelrhaman/microros_ws/install/geometry_msgs:/home/abdelrhaman/microros_ws/install/std_msgs:/home/abdelrhaman/microros_ws/install/builtin_interfaces:/home/abdelrhaman/microros_ws/install/rosidl_typesupport_microxrcedds_cpp:/home/abdelrhaman/microros_ws/install/rosidl_typesupport_microxrcedds_c:/home/abdelrhaman/microros_ws/install/microcdr:/home/abdelrhaman/microros_ws/install/micro_ros_setup:/home/abdelrhaman/ros/install/my_robot_controller:/opt/ros/humble LD_LIBRARY_PATH=/home/abdelrhaman/microros_ws/install/sensor_msgs/lib:/home/abdelrhaman/microros_ws/install/geometry_msgs/lib:/home/abdelrhaman/microros_ws/install/std_msgs/lib:/home/abdelrhaman/microros_ws/install/builtin_interfaces/lib:${LD_LIBRARY_PATH} PYTHONPATH=/home/abdelrhaman/microros_ws/install/sensor_msgs/local/lib/python3.10/dist-packages:/home/abdelrhaman/microros_ws/install/geometry_msgs/local/lib/python3.10/dist-packages:/home/abdelrhaman/microros_ws/install/std_msgs/local/lib/python3.10/dist-packages:/home/abdelrhaman/microros_ws/install/builtin_interfaces/local/lib/python3.10/dist-packages:${PYTHONPATH} /usr/bin/cmake --install /home/abdelrhaman/microros_ws/build/stereo_msgs
