[0.024s] Invoking command in '/home/abdelrhaman/microros_ws/build/rosgraph_msgs': AMENT_PREFIX_PATH=/home/abdelrhaman/microros_ws/install/builtin_interfaces:${AMENT_PREFIX_PATH} CMAKE_PREFIX_PATH=/home/abdelrhaman/microros_ws/install/builtin_interfaces:/home/abdelrhaman/ros/install/my_robot_controller:/opt/ros/humble LD_LIBRARY_PATH=/home/abdelrhaman/microros_ws/install/builtin_interfaces/lib:${LD_LIBRARY_PATH} PYTHONPATH=/home/abdelrhaman/microros_ws/install/builtin_interfaces/local/lib/python3.10/dist-packages:${PYTHONPATH} /usr/bin/cmake /home/abdelrhaman/microros_ws/src/ros2/rcl_interfaces/rosgraph_msgs -DCMAKE_INSTALL_PREFIX=/home/abdelrhaman/microros_ws/install/rosgraph_msgs
[0.037s] -- Found ament_cmake: 1.3.10 (/opt/ros/humble/share/ament_cmake/cmake)
[0.127s] -- Found builtin_interfaces: 1.2.1 (/home/abdelrhaman/microros_ws/install/builtin_interfaces/share/builtin_interfaces/cmake)
[0.144s] -- Found rosidl_generator_c: 3.1.5 (/opt/ros/humble/share/rosidl_generator_c/cmake)
[0.145s] -- Found rosidl_adapter: 3.1.5 (/opt/ros/humble/share/rosidl_adapter/cmake)
[0.149s] -- Found rosidl_generator_cpp: 3.1.5 (/opt/ros/humble/share/rosidl_generator_cpp/cmake)
[0.156s] -- Using all available rosidl_typesupport_c: rosidl_typesupport_fastrtps_c;rosidl_typesupport_introspection_c
[0.164s] -- Using all available rosidl_typesupport_cpp: rosidl_typesupport_fastrtps_cpp;rosidl_typesupport_introspection_cpp
[0.171s] -- Found rosidl_default_generators: 1.2.0 (/opt/ros/humble/share/rosidl_default_generators/cmake)
[0.372s] -- Found ament_cmake_ros: 0.10.0 (/opt/ros/humble/share/ament_cmake_ros/cmake)
[0.642s] -- Using all available rosidl_typesupport_c: rosidl_typesupport_fastrtps_c;rosidl_typesupport_introspection_c
[0.759s] -- Using all available rosidl_typesupport_cpp: rosidl_typesupport_fastrtps_cpp;rosidl_typesupport_introspection_cpp
[0.776s] -- Found python_cmake_module: 0.10.0 (/opt/ros/humble/share/python_cmake_module/cmake)
[0.793s] -- Using PYTHON_EXECUTABLE: /usr/bin/python3
[0.793s] -- Using PYTHON_INCLUDE_DIRS: /usr/include/python3.10
[0.793s] -- Using PYTHON_LIBRARIES: /usr/lib/x86_64-linux-gnu/libpython3.10.so
[0.817s] -- Configuring done
[0.865s] -- Generating done
[0.869s] -- Build files have been written to: /home/abdelrhaman/microros_ws/build/rosgraph_msgs
[0.873s] Invoked command in '/home/abdelrhaman/microros_ws/build/rosgraph_msgs' returned '0': AMENT_PREFIX_PATH=/home/abdelrhaman/microros_ws/install/builtin_interfaces:${AMENT_PREFIX_PATH} CMAKE_PREFIX_PATH=/home/abdelrhaman/microros_ws/install/builtin_interfaces:/home/abdelrhaman/ros/install/my_robot_controller:/opt/ros/humble LD_LIBRARY_PATH=/home/abdelrhaman/microros_ws/install/builtin_interfaces/lib:${LD_LIBRARY_PATH} PYTHONPATH=/home/abdelrhaman/microros_ws/install/builtin_interfaces/local/lib/python3.10/dist-packages:${PYTHONPATH} /usr/bin/cmake /home/abdelrhaman/microros_ws/src/ros2/rcl_interfaces/rosgraph_msgs -DCMAKE_INSTALL_PREFIX=/home/abdelrhaman/microros_ws/install/rosgraph_msgs
[0.875s] Invoking command in '/home/abdelrhaman/microros_ws/build/rosgraph_msgs': AMENT_PREFIX_PATH=/home/abdelrhaman/microros_ws/install/builtin_interfaces:${AMENT_PREFIX_PATH} CMAKE_PREFIX_PATH=/home/abdelrhaman/microros_ws/install/builtin_interfaces:/home/abdelrhaman/ros/install/my_robot_controller:/opt/ros/humble LD_LIBRARY_PATH=/home/abdelrhaman/microros_ws/install/builtin_interfaces/lib:${LD_LIBRARY_PATH} PYTHONPATH=/home/abdelrhaman/microros_ws/install/builtin_interfaces/local/lib/python3.10/dist-packages:${PYTHONPATH} /usr/bin/cmake --build /home/abdelrhaman/microros_ws/build/rosgraph_msgs -- -j20 -l20
[0.903s] [35m[1mConsolidate compiler generated dependencies of target rosgraph_msgs__rosidl_generator_c[0m
[0.912s] [  9%] Built target rosgraph_msgs__rosidl_generator_c
[0.914s] [ 12%] Built target rosgraph_msgs__cpp
[0.921s] [ 16%] [34m[1mGenerating C type support dispatch for ROS interfaces[0m
[0.921s] [35m[1mConsolidate compiler generated dependencies of target rosgraph_msgs__rosidl_typesupport_fastrtps_c[0m
[0.921s] [35m[1mConsolidate compiler generated dependencies of target rosgraph_msgs__rosidl_typesupport_introspection_c[0m
[0.922s] [35m[1mConsolidate compiler generated dependencies of target rosgraph_msgs__rosidl_typesupport_introspection_cpp[0m
[0.923s] [35m[1mConsolidate compiler generated dependencies of target rosgraph_msgs__rosidl_typesupport_fastrtps_cpp[0m
[0.923s] [ 19%] [34m[1mGenerating C++ type support dispatch for ROS interfaces[0m
[0.930s] [ 29%] Built target ament_cmake_python_copy_rosgraph_msgs
[0.930s] [ 38%] Built target rosgraph_msgs__rosidl_typesupport_introspection_c
[0.930s] [ 38%] Built target rosgraph_msgs__rosidl_typesupport_introspection_cpp
[0.934s] [ 48%] Built target rosgraph_msgs__rosidl_typesupport_fastrtps_cpp
[0.934s] [ 58%] Built target rosgraph_msgs__rosidl_typesupport_fastrtps_c
[1.088s] [35m[1mConsolidate compiler generated dependencies of target rosgraph_msgs__rosidl_typesupport_c[0m
[1.096s] [ 61%] [32mBuilding CXX object CMakeFiles/rosgraph_msgs__rosidl_typesupport_c.dir/rosidl_typesupport_c/rosgraph_msgs/msg/clock__type_support.cpp.o[0m
[1.130s] [ 64%] [32m[1mLinking CXX shared library librosgraph_msgs__rosidl_typesupport_c.so[0m
[1.181s] [ 64%] Built target rosgraph_msgs__rosidl_typesupport_c
[1.185s] [35m[1mConsolidate compiler generated dependencies of target rosgraph_msgs__rosidl_typesupport_cpp[0m
[1.199s] [ 67%] [32mBuilding CXX object CMakeFiles/rosgraph_msgs__rosidl_typesupport_cpp.dir/rosidl_typesupport_cpp/rosgraph_msgs/msg/clock__type_support.cpp.o[0m
[1.463s] [ 70%] [32m[1mLinking CXX shared library librosgraph_msgs__rosidl_typesupport_cpp.so[0m
[1.500s] running egg_info
[1.504s] [ 70%] Built target rosgraph_msgs__rosidl_typesupport_cpp
[1.526s] [ 70%] Built target rosgraph_msgs
[1.551s] [ 74%] Built target rosgraph_msgs__py
[1.562s] [35m[1mConsolidate compiler generated dependencies of target rosgraph_msgs__rosidl_generator_py[0m
[1.569s] writing rosgraph_msgs.egg-info/PKG-INFO
[1.582s] [ 77%] [32m[1mLinking C shared library rosidl_generator_py/rosgraph_msgs/librosgraph_msgs__rosidl_generator_py.so[0m
[1.631s] writing dependency_links to rosgraph_msgs.egg-info/dependency_links.txt
[1.642s] [ 80%] Built target rosgraph_msgs__rosidl_generator_py
[1.668s] [35m[1mConsolidate compiler generated dependencies of target rosgraph_msgs__rosidl_typesupport_fastrtps_c__pyext[0m
[1.670s] [35m[1mConsolidate compiler generated dependencies of target rosgraph_msgs__rosidl_typesupport_introspection_c__pyext[0m
[1.689s] [35m[1mConsolidate compiler generated dependencies of target rosgraph_msgs__rosidl_typesupport_c__pyext[0m
[1.695s] [ 83%] [32m[1mLinking C shared library rosidl_generator_py/rosgraph_msgs/rosgraph_msgs_s__rosidl_typesupport_fastrtps_c.cpython-310-x86_64-linux-gnu.so[0m
[1.699s] [ 87%] [32m[1mLinking C shared library rosidl_generator_py/rosgraph_msgs/rosgraph_msgs_s__rosidl_typesupport_introspection_c.cpython-310-x86_64-linux-gnu.so[0m
[1.703s] [ 90%] [32m[1mLinking C shared library rosidl_generator_py/rosgraph_msgs/rosgraph_msgs_s__rosidl_typesupport_c.cpython-310-x86_64-linux-gnu.so[0m
[1.746s] [ 93%] Built target rosgraph_msgs__rosidl_typesupport_introspection_c__pyext
[1.750s] [ 96%] Built target rosgraph_msgs__rosidl_typesupport_fastrtps_c__pyext
[1.765s] [100%] Built target rosgraph_msgs__rosidl_typesupport_c__pyext
[1.976s] writing top-level names to rosgraph_msgs.egg-info/top_level.txt
[2.035s] reading manifest file 'rosgraph_msgs.egg-info/SOURCES.txt'
[2.035s] writing manifest file 'rosgraph_msgs.egg-info/SOURCES.txt'
[2.069s] [100%] Built target ament_cmake_python_build_rosgraph_msgs_egg
[2.076s] Invoked command in '/home/abdelrhaman/microros_ws/build/rosgraph_msgs' returned '0': AMENT_PREFIX_PATH=/home/abdelrhaman/microros_ws/install/builtin_interfaces:${AMENT_PREFIX_PATH} CMAKE_PREFIX_PATH=/home/abdelrhaman/microros_ws/install/builtin_interfaces:/home/abdelrhaman/ros/install/my_robot_controller:/opt/ros/humble LD_LIBRARY_PATH=/home/abdelrhaman/microros_ws/install/builtin_interfaces/lib:${LD_LIBRARY_PATH} PYTHONPATH=/home/abdelrhaman/microros_ws/install/builtin_interfaces/local/lib/python3.10/dist-packages:${PYTHONPATH} /usr/bin/cmake --build /home/abdelrhaman/microros_ws/build/rosgraph_msgs -- -j20 -l20
[2.119s] Invoking command in '/home/abdelrhaman/microros_ws/build/rosgraph_msgs': AMENT_PREFIX_PATH=/home/abdelrhaman/microros_ws/install/builtin_interfaces:${AMENT_PREFIX_PATH} CMAKE_PREFIX_PATH=/home/abdelrhaman/microros_ws/install/builtin_interfaces:/home/abdelrhaman/ros/install/my_robot_controller:/opt/ros/humble LD_LIBRARY_PATH=/home/abdelrhaman/microros_ws/install/builtin_interfaces/lib:${LD_LIBRARY_PATH} PYTHONPATH=/home/abdelrhaman/microros_ws/install/builtin_interfaces/local/lib/python3.10/dist-packages:${PYTHONPATH} /usr/bin/cmake --install /home/abdelrhaman/microros_ws/build/rosgraph_msgs
[2.125s] -- Install configuration: ""
[2.125s] -- Up-to-date: /home/abdelrhaman/microros_ws/install/rosgraph_msgs/share/ament_index/resource_index/rosidl_interfaces/rosgraph_msgs
[2.125s] -- Up-to-date: /home/abdelrhaman/microros_ws/install/rosgraph_msgs/include/rosgraph_msgs/rosgraph_msgs
[2.125s] -- Up-to-date: /home/abdelrhaman/microros_ws/install/rosgraph_msgs/include/rosgraph_msgs/rosgraph_msgs/msg
[2.126s] -- Up-to-date: /home/abdelrhaman/microros_ws/install/rosgraph_msgs/include/rosgraph_msgs/rosgraph_msgs/msg/rosidl_generator_c__visibility_control.h
[2.126s] -- Up-to-date: /home/abdelrhaman/microros_ws/install/rosgraph_msgs/include/rosgraph_msgs/rosgraph_msgs/msg/detail
[2.126s] -- Up-to-date: /home/abdelrhaman/microros_ws/install/rosgraph_msgs/include/rosgraph_msgs/rosgraph_msgs/msg/detail/clock__functions.c
[2.126s] -- Up-to-date: /home/abdelrhaman/microros_ws/install/rosgraph_msgs/include/rosgraph_msgs/rosgraph_msgs/msg/detail/clock__struct.h
[2.126s] -- Up-to-date: /home/abdelrhaman/microros_ws/install/rosgraph_msgs/include/rosgraph_msgs/rosgraph_msgs/msg/detail/clock__functions.h
[2.126s] -- Up-to-date: /home/abdelrhaman/microros_ws/install/rosgraph_msgs/include/rosgraph_msgs/rosgraph_msgs/msg/detail/clock__type_support.h
[2.126s] -- Up-to-date: /home/abdelrhaman/microros_ws/install/rosgraph_msgs/include/rosgraph_msgs/rosgraph_msgs/msg/clock.h
[2.126s] -- Up-to-date: /home/abdelrhaman/microros_ws/install/rosgraph_msgs/share/rosgraph_msgs/environment/library_path.sh
[2.126s] -- Installing: /home/abdelrhaman/microros_ws/install/rosgraph_msgs/share/rosgraph_msgs/environment/library_path.dsv
[2.127s] -- Up-to-date: /home/abdelrhaman/microros_ws/install/rosgraph_msgs/lib/librosgraph_msgs__rosidl_generator_c.so
[2.127s] -- Up-to-date: /home/abdelrhaman/microros_ws/install/rosgraph_msgs/include/rosgraph_msgs/rosgraph_msgs
[2.127s] -- Up-to-date: /home/abdelrhaman/microros_ws/install/rosgraph_msgs/include/rosgraph_msgs/rosgraph_msgs/msg
[2.127s] -- Up-to-date: /home/abdelrhaman/microros_ws/install/rosgraph_msgs/include/rosgraph_msgs/rosgraph_msgs/msg/detail
[2.127s] -- Up-to-date: /home/abdelrhaman/microros_ws/install/rosgraph_msgs/include/rosgraph_msgs/rosgraph_msgs/msg/detail/clock__rosidl_typesupport_fastrtps_c.h
[2.127s] -- Up-to-date: /home/abdelrhaman/microros_ws/install/rosgraph_msgs/include/rosgraph_msgs/rosgraph_msgs/msg/rosidl_typesupport_fastrtps_c__visibility_control.h
[2.128s] -- Up-to-date: /home/abdelrhaman/microros_ws/install/rosgraph_msgs/lib/librosgraph_msgs__rosidl_typesupport_fastrtps_c.so
[2.128s] -- Up-to-date: /home/abdelrhaman/microros_ws/install/rosgraph_msgs/include/rosgraph_msgs/rosgraph_msgs
[2.128s] -- Up-to-date: /home/abdelrhaman/microros_ws/install/rosgraph_msgs/include/rosgraph_msgs/rosgraph_msgs/msg
[2.128s] -- Up-to-date: /home/abdelrhaman/microros_ws/install/rosgraph_msgs/include/rosgraph_msgs/rosgraph_msgs/msg/detail
[2.128s] -- Up-to-date: /home/abdelrhaman/microros_ws/install/rosgraph_msgs/include/rosgraph_msgs/rosgraph_msgs/msg/detail/clock__traits.hpp
[2.128s] -- Up-to-date: /home/abdelrhaman/microros_ws/install/rosgraph_msgs/include/rosgraph_msgs/rosgraph_msgs/msg/detail/clock__builder.hpp
[2.128s] -- Up-to-date: /home/abdelrhaman/microros_ws/install/rosgraph_msgs/include/rosgraph_msgs/rosgraph_msgs/msg/detail/clock__struct.hpp
[2.128s] -- Up-to-date: /home/abdelrhaman/microros_ws/install/rosgraph_msgs/include/rosgraph_msgs/rosgraph_msgs/msg/clock.hpp
[2.128s] -- Up-to-date: /home/abdelrhaman/microros_ws/install/rosgraph_msgs/include/rosgraph_msgs/rosgraph_msgs
[2.128s] -- Up-to-date: /home/abdelrhaman/microros_ws/install/rosgraph_msgs/include/rosgraph_msgs/rosgraph_msgs/msg
[2.128s] -- Up-to-date: /home/abdelrhaman/microros_ws/install/rosgraph_msgs/include/rosgraph_msgs/rosgraph_msgs/msg/detail
[2.128s] -- Up-to-date: /home/abdelrhaman/microros_ws/install/rosgraph_msgs/include/rosgraph_msgs/rosgraph_msgs/msg/detail/clock__rosidl_typesupport_fastrtps_cpp.hpp
[2.128s] -- Up-to-date: /home/abdelrhaman/microros_ws/install/rosgraph_msgs/include/rosgraph_msgs/rosgraph_msgs/msg/detail/dds_fastrtps
[2.128s] -- Up-to-date: /home/abdelrhaman/microros_ws/install/rosgraph_msgs/include/rosgraph_msgs/rosgraph_msgs/msg/rosidl_typesupport_fastrtps_cpp__visibility_control.h
[2.129s] -- Up-to-date: /home/abdelrhaman/microros_ws/install/rosgraph_msgs/lib/librosgraph_msgs__rosidl_typesupport_fastrtps_cpp.so
[2.129s] -- Up-to-date: /home/abdelrhaman/microros_ws/install/rosgraph_msgs/include/rosgraph_msgs/rosgraph_msgs
[2.129s] -- Up-to-date: /home/abdelrhaman/microros_ws/install/rosgraph_msgs/include/rosgraph_msgs/rosgraph_msgs/msg
[2.129s] -- Up-to-date: /home/abdelrhaman/microros_ws/install/rosgraph_msgs/include/rosgraph_msgs/rosgraph_msgs/msg/rosidl_typesupport_introspection_c__visibility_control.h
[2.129s] -- Up-to-date: /home/abdelrhaman/microros_ws/install/rosgraph_msgs/include/rosgraph_msgs/rosgraph_msgs/msg/detail
[2.129s] -- Up-to-date: /home/abdelrhaman/microros_ws/install/rosgraph_msgs/include/rosgraph_msgs/rosgraph_msgs/msg/detail/clock__type_support.c
[2.129s] -- Up-to-date: /home/abdelrhaman/microros_ws/install/rosgraph_msgs/include/rosgraph_msgs/rosgraph_msgs/msg/detail/clock__rosidl_typesupport_introspection_c.h
[2.129s] -- Up-to-date: /home/abdelrhaman/microros_ws/install/rosgraph_msgs/lib/librosgraph_msgs__rosidl_typesupport_introspection_c.so
[2.130s] -- Installing: /home/abdelrhaman/microros_ws/install/rosgraph_msgs/lib/librosgraph_msgs__rosidl_typesupport_c.so
[2.130s] -- Set runtime path of "/home/abdelrhaman/microros_ws/install/rosgraph_msgs/lib/librosgraph_msgs__rosidl_typesupport_c.so" to ""
[2.130s] -- Up-to-date: /home/abdelrhaman/microros_ws/install/rosgraph_msgs/include/rosgraph_msgs/rosgraph_msgs
[2.130s] -- Up-to-date: /home/abdelrhaman/microros_ws/install/rosgraph_msgs/include/rosgraph_msgs/rosgraph_msgs/msg
[2.130s] -- Up-to-date: /home/abdelrhaman/microros_ws/install/rosgraph_msgs/include/rosgraph_msgs/rosgraph_msgs/msg/detail
[2.130s] -- Up-to-date: /home/abdelrhaman/microros_ws/install/rosgraph_msgs/include/rosgraph_msgs/rosgraph_msgs/msg/detail/clock__type_support.cpp
[2.130s] -- Up-to-date: /home/abdelrhaman/microros_ws/install/rosgraph_msgs/include/rosgraph_msgs/rosgraph_msgs/msg/detail/clock__rosidl_typesupport_introspection_cpp.hpp
[2.130s] -- Up-to-date: /home/abdelrhaman/microros_ws/install/rosgraph_msgs/lib/librosgraph_msgs__rosidl_typesupport_introspection_cpp.so
[2.131s] -- Installing: /home/abdelrhaman/microros_ws/install/rosgraph_msgs/lib/librosgraph_msgs__rosidl_typesupport_cpp.so
[2.131s] -- Set runtime path of "/home/abdelrhaman/microros_ws/install/rosgraph_msgs/lib/librosgraph_msgs__rosidl_typesupport_cpp.so" to ""
[2.131s] -- Up-to-date: /home/abdelrhaman/microros_ws/install/rosgraph_msgs/share/rosgraph_msgs/environment/pythonpath.sh
[2.131s] -- Installing: /home/abdelrhaman/microros_ws/install/rosgraph_msgs/share/rosgraph_msgs/environment/pythonpath.dsv
[2.131s] -- Up-to-date: /home/abdelrhaman/microros_ws/install/rosgraph_msgs/local/lib/python3.10/dist-packages/rosgraph_msgs-1.2.1-py3.10.egg-info
[2.131s] -- Installing: /home/abdelrhaman/microros_ws/install/rosgraph_msgs/local/lib/python3.10/dist-packages/rosgraph_msgs-1.2.1-py3.10.egg-info/PKG-INFO
[2.131s] -- Installing: /home/abdelrhaman/microros_ws/install/rosgraph_msgs/local/lib/python3.10/dist-packages/rosgraph_msgs-1.2.1-py3.10.egg-info/SOURCES.txt
[2.131s] -- Installing: /home/abdelrhaman/microros_ws/install/rosgraph_msgs/local/lib/python3.10/dist-packages/rosgraph_msgs-1.2.1-py3.10.egg-info/top_level.txt
[2.132s] -- Installing: /home/abdelrhaman/microros_ws/install/rosgraph_msgs/local/lib/python3.10/dist-packages/rosgraph_msgs-1.2.1-py3.10.egg-info/dependency_links.txt
[2.132s] -- Up-to-date: /home/abdelrhaman/microros_ws/install/rosgraph_msgs/local/lib/python3.10/dist-packages/rosgraph_msgs
[2.132s] -- Installing: /home/abdelrhaman/microros_ws/install/rosgraph_msgs/local/lib/python3.10/dist-packages/rosgraph_msgs/rosgraph_msgs_s__rosidl_typesupport_c.cpython-310-x86_64-linux-gnu.so
[2.132s] -- Installing: /home/abdelrhaman/microros_ws/install/rosgraph_msgs/local/lib/python3.10/dist-packages/rosgraph_msgs/rosgraph_msgs_s__rosidl_typesupport_introspection_c.cpython-310-x86_64-linux-gnu.so
[2.132s] -- Installing: /home/abdelrhaman/microros_ws/install/rosgraph_msgs/local/lib/python3.10/dist-packages/rosgraph_msgs/rosgraph_msgs_s__rosidl_typesupport_fastrtps_c.cpython-310-x86_64-linux-gnu.so
[2.132s] -- Up-to-date: /home/abdelrhaman/microros_ws/install/rosgraph_msgs/local/lib/python3.10/dist-packages/rosgraph_msgs/_rosgraph_msgs_s.ep.rosidl_typesupport_microxrcedds_c.c
[2.132s] -- Installing: /home/abdelrhaman/microros_ws/install/rosgraph_msgs/local/lib/python3.10/dist-packages/rosgraph_msgs/librosgraph_msgs__rosidl_generator_py.so
[2.132s] -- Up-to-date: /home/abdelrhaman/microros_ws/install/rosgraph_msgs/local/lib/python3.10/dist-packages/rosgraph_msgs/rosgraph_msgs_s__rosidl_typesupport_microxrcedds_c.cpython-310-x86_64-linux-gnu.so
[2.132s] -- Up-to-date: /home/abdelrhaman/microros_ws/install/rosgraph_msgs/local/lib/python3.10/dist-packages/rosgraph_msgs/_rosgraph_msgs_s.ep.rosidl_typesupport_introspection_c.c
[2.132s] -- Installing: /home/abdelrhaman/microros_ws/install/rosgraph_msgs/local/lib/python3.10/dist-packages/rosgraph_msgs/__init__.py
[2.132s] -- Up-to-date: /home/abdelrhaman/microros_ws/install/rosgraph_msgs/local/lib/python3.10/dist-packages/rosgraph_msgs/msg
[2.133s] -- Up-to-date: /home/abdelrhaman/microros_ws/install/rosgraph_msgs/local/lib/python3.10/dist-packages/rosgraph_msgs/msg/_clock.py
[2.133s] -- Up-to-date: /home/abdelrhaman/microros_ws/install/rosgraph_msgs/local/lib/python3.10/dist-packages/rosgraph_msgs/msg/_clock_s.c
[2.133s] -- Up-to-date: /home/abdelrhaman/microros_ws/install/rosgraph_msgs/local/lib/python3.10/dist-packages/rosgraph_msgs/msg/__init__.py
[2.133s] -- Up-to-date: /home/abdelrhaman/microros_ws/install/rosgraph_msgs/local/lib/python3.10/dist-packages/rosgraph_msgs/_rosgraph_msgs_s.ep.rosidl_typesupport_c.c
[2.133s] -- Up-to-date: /home/abdelrhaman/microros_ws/install/rosgraph_msgs/local/lib/python3.10/dist-packages/rosgraph_msgs/_rosgraph_msgs_s.ep.rosidl_typesupport_fastrtps_c.c
[2.155s] Listing '/home/abdelrhaman/microros_ws/install/rosgraph_msgs/local/lib/python3.10/dist-packages/rosgraph_msgs'...
[2.155s] Compiling '/home/abdelrhaman/microros_ws/install/rosgraph_msgs/local/lib/python3.10/dist-packages/rosgraph_msgs/__init__.py'...
[2.156s] Listing '/home/abdelrhaman/microros_ws/install/rosgraph_msgs/local/lib/python3.10/dist-packages/rosgraph_msgs/msg'...
[2.158s] -- Installing: /home/abdelrhaman/microros_ws/install/rosgraph_msgs/local/lib/python3.10/dist-packages/rosgraph_msgs/rosgraph_msgs_s__rosidl_typesupport_fastrtps_c.cpython-310-x86_64-linux-gnu.so
[2.158s] -- Set runtime path of "/home/abdelrhaman/microros_ws/install/rosgraph_msgs/local/lib/python3.10/dist-packages/rosgraph_msgs/rosgraph_msgs_s__rosidl_typesupport_fastrtps_c.cpython-310-x86_64-linux-gnu.so" to ""
[2.159s] -- Installing: /home/abdelrhaman/microros_ws/install/rosgraph_msgs/local/lib/python3.10/dist-packages/rosgraph_msgs/rosgraph_msgs_s__rosidl_typesupport_introspection_c.cpython-310-x86_64-linux-gnu.so
[2.159s] -- Set runtime path of "/home/abdelrhaman/microros_ws/install/rosgraph_msgs/local/lib/python3.10/dist-packages/rosgraph_msgs/rosgraph_msgs_s__rosidl_typesupport_introspection_c.cpython-310-x86_64-linux-gnu.so" to ""
[2.159s] -- Installing: /home/abdelrhaman/microros_ws/install/rosgraph_msgs/local/lib/python3.10/dist-packages/rosgraph_msgs/rosgraph_msgs_s__rosidl_typesupport_c.cpython-310-x86_64-linux-gnu.so
[2.159s] -- Set runtime path of "/home/abdelrhaman/microros_ws/install/rosgraph_msgs/local/lib/python3.10/dist-packages/rosgraph_msgs/rosgraph_msgs_s__rosidl_typesupport_c.cpython-310-x86_64-linux-gnu.so" to ""
[2.159s] -- Installing: /home/abdelrhaman/microros_ws/install/rosgraph_msgs/lib/librosgraph_msgs__rosidl_generator_py.so
[2.159s] -- Set runtime path of "/home/abdelrhaman/microros_ws/install/rosgraph_msgs/lib/librosgraph_msgs__rosidl_generator_py.so" to ""
[2.159s] -- Up-to-date: /home/abdelrhaman/microros_ws/install/rosgraph_msgs/share/rosgraph_msgs/msg/Clock.idl
[2.159s] -- Up-to-date: /home/abdelrhaman/microros_ws/install/rosgraph_msgs/share/rosgraph_msgs/msg/Clock.msg
[2.160s] -- Up-to-date: /home/abdelrhaman/microros_ws/install/rosgraph_msgs/share/ament_index/resource_index/package_run_dependencies/rosgraph_msgs
[2.160s] -- Installing: /home/abdelrhaman/microros_ws/install/rosgraph_msgs/share/ament_index/resource_index/parent_prefix_path/rosgraph_msgs
[2.160s] -- Up-to-date: /home/abdelrhaman/microros_ws/install/rosgraph_msgs/share/rosgraph_msgs/environment/ament_prefix_path.sh
[2.160s] -- Installing: /home/abdelrhaman/microros_ws/install/rosgraph_msgs/share/rosgraph_msgs/environment/ament_prefix_path.dsv
[2.160s] -- Up-to-date: /home/abdelrhaman/microros_ws/install/rosgraph_msgs/share/rosgraph_msgs/environment/path.sh
[2.160s] -- Installing: /home/abdelrhaman/microros_ws/install/rosgraph_msgs/share/rosgraph_msgs/environment/path.dsv
[2.160s] -- Up-to-date: /home/abdelrhaman/microros_ws/install/rosgraph_msgs/share/rosgraph_msgs/local_setup.bash
[2.160s] -- Up-to-date: /home/abdelrhaman/microros_ws/install/rosgraph_msgs/share/rosgraph_msgs/local_setup.sh
[2.160s] -- Up-to-date: /home/abdelrhaman/microros_ws/install/rosgraph_msgs/share/rosgraph_msgs/local_setup.zsh
[2.161s] -- Installing: /home/abdelrhaman/microros_ws/install/rosgraph_msgs/share/rosgraph_msgs/local_setup.dsv
[2.161s] -- Installing: /home/abdelrhaman/microros_ws/install/rosgraph_msgs/share/rosgraph_msgs/package.dsv
[2.161s] -- Up-to-date: /home/abdelrhaman/microros_ws/install/rosgraph_msgs/share/ament_index/resource_index/packages/rosgraph_msgs
[2.161s] -- Up-to-date: /home/abdelrhaman/microros_ws/install/rosgraph_msgs/share/rosgraph_msgs/cmake/export_rosgraph_msgs__rosidl_generator_cExport.cmake
[2.161s] -- Up-to-date: /home/abdelrhaman/microros_ws/install/rosgraph_msgs/share/rosgraph_msgs/cmake/export_rosgraph_msgs__rosidl_generator_cExport-noconfig.cmake
[2.161s] -- Up-to-date: /home/abdelrhaman/microros_ws/install/rosgraph_msgs/share/rosgraph_msgs/cmake/export_rosgraph_msgs__rosidl_typesupport_fastrtps_cExport.cmake
[2.161s] -- Up-to-date: /home/abdelrhaman/microros_ws/install/rosgraph_msgs/share/rosgraph_msgs/cmake/export_rosgraph_msgs__rosidl_typesupport_fastrtps_cExport-noconfig.cmake
[2.161s] -- Up-to-date: /home/abdelrhaman/microros_ws/install/rosgraph_msgs/share/rosgraph_msgs/cmake/export_rosgraph_msgs__rosidl_generator_cppExport.cmake
[2.162s] -- Up-to-date: /home/abdelrhaman/microros_ws/install/rosgraph_msgs/share/rosgraph_msgs/cmake/export_rosgraph_msgs__rosidl_typesupport_fastrtps_cppExport.cmake
[2.162s] -- Up-to-date: /home/abdelrhaman/microros_ws/install/rosgraph_msgs/share/rosgraph_msgs/cmake/export_rosgraph_msgs__rosidl_typesupport_fastrtps_cppExport-noconfig.cmake
[2.162s] -- Up-to-date: /home/abdelrhaman/microros_ws/install/rosgraph_msgs/share/rosgraph_msgs/cmake/rosgraph_msgs__rosidl_typesupport_introspection_cExport.cmake
[2.162s] -- Up-to-date: /home/abdelrhaman/microros_ws/install/rosgraph_msgs/share/rosgraph_msgs/cmake/rosgraph_msgs__rosidl_typesupport_introspection_cExport-noconfig.cmake
[2.162s] -- Up-to-date: /home/abdelrhaman/microros_ws/install/rosgraph_msgs/share/rosgraph_msgs/cmake/rosgraph_msgs__rosidl_typesupport_cExport.cmake
[2.162s] -- Up-to-date: /home/abdelrhaman/microros_ws/install/rosgraph_msgs/share/rosgraph_msgs/cmake/rosgraph_msgs__rosidl_typesupport_cExport-noconfig.cmake
[2.162s] -- Up-to-date: /home/abdelrhaman/microros_ws/install/rosgraph_msgs/share/rosgraph_msgs/cmake/rosgraph_msgs__rosidl_typesupport_introspection_cppExport.cmake
[2.162s] -- Up-to-date: /home/abdelrhaman/microros_ws/install/rosgraph_msgs/share/rosgraph_msgs/cmake/rosgraph_msgs__rosidl_typesupport_introspection_cppExport-noconfig.cmake
[2.162s] -- Up-to-date: /home/abdelrhaman/microros_ws/install/rosgraph_msgs/share/rosgraph_msgs/cmake/rosgraph_msgs__rosidl_typesupport_cppExport.cmake
[2.163s] -- Up-to-date: /home/abdelrhaman/microros_ws/install/rosgraph_msgs/share/rosgraph_msgs/cmake/rosgraph_msgs__rosidl_typesupport_cppExport-noconfig.cmake
[2.163s] -- Up-to-date: /home/abdelrhaman/microros_ws/install/rosgraph_msgs/share/rosgraph_msgs/cmake/export_rosgraph_msgs__rosidl_generator_pyExport.cmake
[2.163s] -- Up-to-date: /home/abdelrhaman/microros_ws/install/rosgraph_msgs/share/rosgraph_msgs/cmake/export_rosgraph_msgs__rosidl_generator_pyExport-noconfig.cmake
[2.163s] -- Up-to-date: /home/abdelrhaman/microros_ws/install/rosgraph_msgs/share/rosgraph_msgs/cmake/rosidl_cmake-extras.cmake
[2.163s] -- Up-to-date: /home/abdelrhaman/microros_ws/install/rosgraph_msgs/share/rosgraph_msgs/cmake/ament_cmake_export_dependencies-extras.cmake
[2.163s] -- Installing: /home/abdelrhaman/microros_ws/install/rosgraph_msgs/share/rosgraph_msgs/cmake/ament_cmake_export_include_directories-extras.cmake
[2.163s] -- Up-to-date: /home/abdelrhaman/microros_ws/install/rosgraph_msgs/share/rosgraph_msgs/cmake/ament_cmake_export_libraries-extras.cmake
[2.163s] -- Up-to-date: /home/abdelrhaman/microros_ws/install/rosgraph_msgs/share/rosgraph_msgs/cmake/ament_cmake_export_targets-extras.cmake
[2.163s] -- Up-to-date: /home/abdelrhaman/microros_ws/install/rosgraph_msgs/share/rosgraph_msgs/cmake/rosidl_cmake_export_typesupport_targets-extras.cmake
[2.163s] -- Installing: /home/abdelrhaman/microros_ws/install/rosgraph_msgs/share/rosgraph_msgs/cmake/rosidl_cmake_export_typesupport_libraries-extras.cmake
[2.163s] -- Up-to-date: /home/abdelrhaman/microros_ws/install/rosgraph_msgs/share/rosgraph_msgs/cmake/rosgraph_msgsConfig.cmake
[2.163s] -- Up-to-date: /home/abdelrhaman/microros_ws/install/rosgraph_msgs/share/rosgraph_msgs/cmake/rosgraph_msgsConfig-version.cmake
[2.163s] -- Up-to-date: /home/abdelrhaman/microros_ws/install/rosgraph_msgs/share/rosgraph_msgs/package.xml
[2.169s] Invoked command in '/home/abdelrhaman/microros_ws/build/rosgraph_msgs' returned '0': AMENT_PREFIX_PATH=/home/abdelrhaman/microros_ws/install/builtin_interfaces:${AMENT_PREFIX_PATH} CMAKE_PREFIX_PATH=/home/abdelrhaman/microros_ws/install/builtin_interfaces:/home/abdelrhaman/ros/install/my_robot_controller:/opt/ros/humble LD_LIBRARY_PATH=/home/abdelrhaman/microros_ws/install/builtin_interfaces/lib:${LD_LIBRARY_PATH} PYTHONPATH=/home/abdelrhaman/microros_ws/install/builtin_interfaces/local/lib/python3.10/dist-packages:${PYTHONPATH} /usr/bin/cmake --install /home/abdelrhaman/microros_ws/build/rosgraph_msgs
