[0.018s] Invoking command in '/home/abdelrhaman/microros_ws/build/std_srvs': CMAKE_PREFIX_PATH=/home/abdelrhaman/ros/install/my_robot_controller:/opt/ros/humble /usr/bin/cmake /home/abdelrhaman/microros_ws/src/ros2/common_interfaces/std_srvs -DCMAKE_INSTALL_PREFIX=/home/abdelrhaman/microros_ws/install/std_srvs
[0.027s] -- Found ament_cmake: 1.3.10 (/opt/ros/humble/share/ament_cmake/cmake)
[0.131s] -- Found rosidl_default_generators: 1.2.0 (/opt/ros/humble/share/rosidl_default_generators/cmake)
[0.133s] -- Using all available rosidl_typesupport_c: rosidl_typesupport_fastrtps_c;rosidl_typesupport_introspection_c
[0.135s] -- Found rosidl_adapter: 3.1.5 (/opt/ros/humble/share/rosidl_adapter/cmake)
[0.161s] -- Using all available rosidl_typesupport_cpp: rosidl_typesupport_fastrtps_cpp;rosidl_typesupport_introspection_cpp
[0.380s] -- Found ament_cmake_ros: 0.10.0 (/opt/ros/humble/share/ament_cmake_ros/cmake)
[0.538s] -- Using all available rosidl_typesupport_c: rosidl_typesupport_fastrtps_c;rosidl_typesupport_introspection_c
[0.734s] -- Using all available rosidl_typesupport_cpp: rosidl_typesupport_fastrtps_cpp;rosidl_typesupport_introspection_cpp
[0.751s] -- Found python_cmake_module: 0.10.0 (/opt/ros/humble/share/python_cmake_module/cmake)
[0.767s] -- Using PYTHON_EXECUTABLE: /usr/bin/python3
[0.768s] -- Using PYTHON_INCLUDE_DIRS: /usr/include/python3.10
[0.768s] -- Using PYTHON_LIBRARIES: /usr/lib/x86_64-linux-gnu/libpython3.10.so
[0.779s] -- Configuring done
[0.819s] -- Generating done
[0.820s] -- Build files have been written to: /home/abdelrhaman/microros_ws/build/std_srvs
[0.825s] Invoked command in '/home/abdelrhaman/microros_ws/build/std_srvs' returned '0': CMAKE_PREFIX_PATH=/home/abdelrhaman/ros/install/my_robot_controller:/opt/ros/humble /usr/bin/cmake /home/abdelrhaman/microros_ws/src/ros2/common_interfaces/std_srvs -DCMAKE_INSTALL_PREFIX=/home/abdelrhaman/microros_ws/install/std_srvs
[0.826s] Invoking command in '/home/abdelrhaman/microros_ws/build/std_srvs': CMAKE_PREFIX_PATH=/home/abdelrhaman/ros/install/my_robot_controller:/opt/ros/humble /usr/bin/cmake --build /home/abdelrhaman/microros_ws/build/std_srvs -- -j20 -l20
[0.855s] [35m[1mConsolidate compiler generated dependencies of target std_srvs__rosidl_generator_c[0m
[0.860s] [  2%] Built target std_srvs__cpp
[0.865s] [ 12%] Built target std_srvs__rosidl_generator_c
[0.868s] [ 14%] [34m[1mGenerating C++ type support dispatch for ROS interfaces[0m
[0.870s] [35m[1mConsolidate compiler generated dependencies of target std_srvs__rosidl_typesupport_introspection_cpp[0m
[0.872s] [ 14%] Built target ament_cmake_python_copy_std_srvs
[0.876s] [ 17%] [34m[1mGenerating C type support dispatch for ROS interfaces[0m
[0.877s] [35m[1mConsolidate compiler generated dependencies of target std_srvs__rosidl_typesupport_fastrtps_cpp[0m
[0.877s] [35m[1mConsolidate compiler generated dependencies of target std_srvs__rosidl_typesupport_fastrtps_c[0m
[0.881s] [35m[1mConsolidate compiler generated dependencies of target std_srvs__rosidl_typesupport_introspection_c[0m
[0.884s] [ 27%] Built target std_srvs__rosidl_typesupport_introspection_cpp
[0.894s] [ 48%] Built target std_srvs__rosidl_typesupport_fastrtps_cpp
[0.895s] [ 48%] Built target std_srvs__rosidl_typesupport_introspection_c
[0.897s] [ 59%] Built target std_srvs__rosidl_typesupport_fastrtps_c
[1.111s] [35m[1mConsolidate compiler generated dependencies of target std_srvs__rosidl_typesupport_cpp[0m
[1.123s] [ 61%] [32mBuilding CXX object CMakeFiles/std_srvs__rosidl_typesupport_cpp.dir/rosidl_typesupport_cpp/std_srvs/srv/set_bool__type_support.cpp.o[0m
[1.123s] [ 63%] [32mBuilding CXX object CMakeFiles/std_srvs__rosidl_typesupport_cpp.dir/rosidl_typesupport_cpp/std_srvs/srv/trigger__type_support.cpp.o[0m
[1.123s] [ 65%] [32mBuilding CXX object CMakeFiles/std_srvs__rosidl_typesupport_cpp.dir/rosidl_typesupport_cpp/std_srvs/srv/empty__type_support.cpp.o[0m
[1.140s] [35m[1mConsolidate compiler generated dependencies of target std_srvs__rosidl_typesupport_c[0m
[1.151s] [ 68%] [32mBuilding CXX object CMakeFiles/std_srvs__rosidl_typesupport_c.dir/rosidl_typesupport_c/std_srvs/srv/empty__type_support.cpp.o[0m
[1.152s] [ 70%] [32mBuilding CXX object CMakeFiles/std_srvs__rosidl_typesupport_c.dir/rosidl_typesupport_c/std_srvs/srv/set_bool__type_support.cpp.o[0m
[1.152s] [ 72%] [32mBuilding CXX object CMakeFiles/std_srvs__rosidl_typesupport_c.dir/rosidl_typesupport_c/std_srvs/srv/trigger__type_support.cpp.o[0m
[1.185s] [ 74%] [32m[1mLinking CXX shared library libstd_srvs__rosidl_typesupport_c.so[0m
[1.235s] [ 74%] Built target std_srvs__rosidl_typesupport_c
[1.444s] running egg_info
[1.475s] [ 76%] [32m[1mLinking CXX shared library libstd_srvs__rosidl_typesupport_cpp.so[0m
[1.494s] writing std_srvs.egg-info/PKG-INFO
[1.519s] [ 76%] Built target std_srvs__rosidl_typesupport_cpp
[1.530s] writing dependency_links to std_srvs.egg-info/dependency_links.txt
[1.532s] [ 76%] Built target std_srvs
[1.554s] [ 78%] Built target std_srvs__py
[1.564s] [35m[1mConsolidate compiler generated dependencies of target std_srvs__rosidl_generator_py[0m
[1.581s] [ 80%] [32m[1mLinking C shared library rosidl_generator_py/std_srvs/libstd_srvs__rosidl_generator_py.so[0m
[1.617s] [ 87%] Built target std_srvs__rosidl_generator_py
[1.624s] [35m[1mConsolidate compiler generated dependencies of target std_srvs__rosidl_typesupport_c__pyext[0m
[1.625s] [35m[1mConsolidate compiler generated dependencies of target std_srvs__rosidl_typesupport_introspection_c__pyext[0m
[1.627s] [35m[1mConsolidate compiler generated dependencies of target std_srvs__rosidl_typesupport_fastrtps_c__pyext[0m
[1.632s] [ 89%] [32m[1mLinking C shared library rosidl_generator_py/std_srvs/std_srvs_s__rosidl_typesupport_c.cpython-310-x86_64-linux-gnu.so[0m
[1.635s] [ 91%] [32mBuilding C object CMakeFiles/std_srvs__rosidl_typesupport_introspection_c__pyext.dir/rosidl_generator_py/std_srvs/_std_srvs_s.ep.rosidl_typesupport_introspection_c.c.o[0m
[1.637s] [ 93%] [32m[1mLinking C shared library rosidl_generator_py/std_srvs/std_srvs_s__rosidl_typesupport_fastrtps_c.cpython-310-x86_64-linux-gnu.so[0m
[1.658s] [ 95%] Built target std_srvs__rosidl_typesupport_fastrtps_c__pyext
[1.663s] [ 97%] Built target std_srvs__rosidl_typesupport_c__pyext
[1.738s] writing top-level names to std_srvs.egg-info/top_level.txt
[1.771s] [100%] [32m[1mLinking C shared library rosidl_generator_py/std_srvs/std_srvs_s__rosidl_typesupport_introspection_c.cpython-310-x86_64-linux-gnu.so[0m
[1.805s] [100%] Built target std_srvs__rosidl_typesupport_introspection_c__pyext
[1.819s] reading manifest file 'std_srvs.egg-info/SOURCES.txt'
[1.819s] writing manifest file 'std_srvs.egg-info/SOURCES.txt'
[1.878s] [100%] Built target ament_cmake_python_build_std_srvs_egg
[1.904s] Invoked command in '/home/abdelrhaman/microros_ws/build/std_srvs' returned '0': CMAKE_PREFIX_PATH=/home/abdelrhaman/ros/install/my_robot_controller:/opt/ros/humble /usr/bin/cmake --build /home/abdelrhaman/microros_ws/build/std_srvs -- -j20 -l20
[1.973s] Invoking command in '/home/abdelrhaman/microros_ws/build/std_srvs': CMAKE_PREFIX_PATH=/home/abdelrhaman/ros/install/my_robot_controller:/opt/ros/humble /usr/bin/cmake --install /home/abdelrhaman/microros_ws/build/std_srvs
[1.978s] -- Install configuration: ""
[1.978s] -- Up-to-date: /home/abdelrhaman/microros_ws/install/std_srvs/share/ament_index/resource_index/rosidl_interfaces/std_srvs
[1.978s] -- Up-to-date: /home/abdelrhaman/microros_ws/install/std_srvs/include/std_srvs/std_srvs
[1.978s] -- Up-to-date: /home/abdelrhaman/microros_ws/install/std_srvs/include/std_srvs/std_srvs/srv
[1.978s] -- Up-to-date: /home/abdelrhaman/microros_ws/install/std_srvs/include/std_srvs/std_srvs/srv/trigger.h
[1.978s] -- Up-to-date: /home/abdelrhaman/microros_ws/install/std_srvs/include/std_srvs/std_srvs/srv/detail
[1.978s] -- Up-to-date: /home/abdelrhaman/microros_ws/install/std_srvs/include/std_srvs/std_srvs/srv/detail/trigger__functions.c
[1.978s] -- Up-to-date: /home/abdelrhaman/microros_ws/install/std_srvs/include/std_srvs/std_srvs/srv/detail/set_bool__type_support.h
[1.979s] -- Up-to-date: /home/abdelrhaman/microros_ws/install/std_srvs/include/std_srvs/std_srvs/srv/detail/set_bool__functions.h
[1.979s] -- Up-to-date: /home/abdelrhaman/microros_ws/install/std_srvs/include/std_srvs/std_srvs/srv/detail/set_bool__functions.c
[1.979s] -- Up-to-date: /home/abdelrhaman/microros_ws/install/std_srvs/include/std_srvs/std_srvs/srv/detail/empty__functions.h
[1.979s] -- Up-to-date: /home/abdelrhaman/microros_ws/install/std_srvs/include/std_srvs/std_srvs/srv/detail/set_bool__struct.h
[1.979s] -- Up-to-date: /home/abdelrhaman/microros_ws/install/std_srvs/include/std_srvs/std_srvs/srv/detail/empty__struct.h
[1.979s] -- Up-to-date: /home/abdelrhaman/microros_ws/install/std_srvs/include/std_srvs/std_srvs/srv/detail/empty__functions.c
[1.979s] -- Up-to-date: /home/abdelrhaman/microros_ws/install/std_srvs/include/std_srvs/std_srvs/srv/detail/trigger__struct.h
[1.979s] -- Up-to-date: /home/abdelrhaman/microros_ws/install/std_srvs/include/std_srvs/std_srvs/srv/detail/empty__type_support.h
[1.979s] -- Up-to-date: /home/abdelrhaman/microros_ws/install/std_srvs/include/std_srvs/std_srvs/srv/detail/trigger__type_support.h
[1.979s] -- Up-to-date: /home/abdelrhaman/microros_ws/install/std_srvs/include/std_srvs/std_srvs/srv/detail/trigger__functions.h
[1.979s] -- Up-to-date: /home/abdelrhaman/microros_ws/install/std_srvs/include/std_srvs/std_srvs/srv/empty.h
[1.979s] -- Up-to-date: /home/abdelrhaman/microros_ws/install/std_srvs/include/std_srvs/std_srvs/srv/set_bool.h
[1.980s] -- Up-to-date: /home/abdelrhaman/microros_ws/install/std_srvs/include/std_srvs/std_srvs/msg
[1.980s] -- Up-to-date: /home/abdelrhaman/microros_ws/install/std_srvs/include/std_srvs/std_srvs/msg/rosidl_generator_c__visibility_control.h
[1.980s] -- Up-to-date: /home/abdelrhaman/microros_ws/install/std_srvs/share/std_srvs/environment/library_path.sh
[1.980s] -- Installing: /home/abdelrhaman/microros_ws/install/std_srvs/share/std_srvs/environment/library_path.dsv
[1.980s] -- Up-to-date: /home/abdelrhaman/microros_ws/install/std_srvs/lib/libstd_srvs__rosidl_generator_c.so
[1.980s] -- Up-to-date: /home/abdelrhaman/microros_ws/install/std_srvs/include/std_srvs/std_srvs
[1.980s] -- Up-to-date: /home/abdelrhaman/microros_ws/install/std_srvs/include/std_srvs/std_srvs/srv
[1.981s] -- Up-to-date: /home/abdelrhaman/microros_ws/install/std_srvs/include/std_srvs/std_srvs/srv/detail
[1.981s] -- Up-to-date: /home/abdelrhaman/microros_ws/install/std_srvs/include/std_srvs/std_srvs/srv/detail/set_bool__rosidl_typesupport_fastrtps_c.h
[1.981s] -- Up-to-date: /home/abdelrhaman/microros_ws/install/std_srvs/include/std_srvs/std_srvs/srv/detail/empty__rosidl_typesupport_fastrtps_c.h
[1.981s] -- Up-to-date: /home/abdelrhaman/microros_ws/install/std_srvs/include/std_srvs/std_srvs/srv/detail/trigger__rosidl_typesupport_fastrtps_c.h
[1.981s] -- Up-to-date: /home/abdelrhaman/microros_ws/install/std_srvs/include/std_srvs/std_srvs/msg
[1.981s] -- Up-to-date: /home/abdelrhaman/microros_ws/install/std_srvs/include/std_srvs/std_srvs/msg/rosidl_typesupport_fastrtps_c__visibility_control.h
[1.981s] -- Up-to-date: /home/abdelrhaman/microros_ws/install/std_srvs/lib/libstd_srvs__rosidl_typesupport_fastrtps_c.so
[1.981s] -- Up-to-date: /home/abdelrhaman/microros_ws/install/std_srvs/include/std_srvs/std_srvs
[1.981s] -- Up-to-date: /home/abdelrhaman/microros_ws/install/std_srvs/include/std_srvs/std_srvs/srv
[1.981s] -- Up-to-date: /home/abdelrhaman/microros_ws/install/std_srvs/include/std_srvs/std_srvs/srv/detail
[1.981s] -- Up-to-date: /home/abdelrhaman/microros_ws/install/std_srvs/include/std_srvs/std_srvs/srv/detail/set_bool__rosidl_typesupport_introspection_c.h
[1.981s] -- Up-to-date: /home/abdelrhaman/microros_ws/install/std_srvs/include/std_srvs/std_srvs/srv/detail/set_bool__type_support.c
[1.981s] -- Up-to-date: /home/abdelrhaman/microros_ws/install/std_srvs/include/std_srvs/std_srvs/srv/detail/empty__rosidl_typesupport_introspection_c.h
[1.981s] -- Up-to-date: /home/abdelrhaman/microros_ws/install/std_srvs/include/std_srvs/std_srvs/srv/detail/trigger__type_support.c
[1.981s] -- Up-to-date: /home/abdelrhaman/microros_ws/install/std_srvs/include/std_srvs/std_srvs/srv/detail/trigger__rosidl_typesupport_introspection_c.h
[1.981s] -- Up-to-date: /home/abdelrhaman/microros_ws/install/std_srvs/include/std_srvs/std_srvs/srv/detail/empty__type_support.c
[1.981s] -- Up-to-date: /home/abdelrhaman/microros_ws/install/std_srvs/include/std_srvs/std_srvs/msg
[1.981s] -- Up-to-date: /home/abdelrhaman/microros_ws/install/std_srvs/include/std_srvs/std_srvs/msg/rosidl_typesupport_introspection_c__visibility_control.h
[1.982s] -- Up-to-date: /home/abdelrhaman/microros_ws/install/std_srvs/lib/libstd_srvs__rosidl_typesupport_introspection_c.so
[1.982s] -- Installing: /home/abdelrhaman/microros_ws/install/std_srvs/lib/libstd_srvs__rosidl_typesupport_c.so
[1.982s] -- Set runtime path of "/home/abdelrhaman/microros_ws/install/std_srvs/lib/libstd_srvs__rosidl_typesupport_c.so" to ""
[1.982s] -- Up-to-date: /home/abdelrhaman/microros_ws/install/std_srvs/include/std_srvs/std_srvs
[1.982s] -- Up-to-date: /home/abdelrhaman/microros_ws/install/std_srvs/include/std_srvs/std_srvs/srv
[1.982s] -- Up-to-date: /home/abdelrhaman/microros_ws/install/std_srvs/include/std_srvs/std_srvs/srv/detail
[1.982s] -- Up-to-date: /home/abdelrhaman/microros_ws/install/std_srvs/include/std_srvs/std_srvs/srv/detail/set_bool__struct.hpp
[1.982s] -- Up-to-date: /home/abdelrhaman/microros_ws/install/std_srvs/include/std_srvs/std_srvs/srv/detail/empty__struct.hpp
[1.982s] -- Up-to-date: /home/abdelrhaman/microros_ws/install/std_srvs/include/std_srvs/std_srvs/srv/detail/set_bool__builder.hpp
[1.982s] -- Up-to-date: /home/abdelrhaman/microros_ws/install/std_srvs/include/std_srvs/std_srvs/srv/detail/empty__builder.hpp
[1.983s] -- Up-to-date: /home/abdelrhaman/microros_ws/install/std_srvs/include/std_srvs/std_srvs/srv/detail/empty__traits.hpp
[1.983s] -- Up-to-date: /home/abdelrhaman/microros_ws/install/std_srvs/include/std_srvs/std_srvs/srv/detail/trigger__struct.hpp
[1.983s] -- Up-to-date: /home/abdelrhaman/microros_ws/install/std_srvs/include/std_srvs/std_srvs/srv/detail/trigger__builder.hpp
[1.983s] -- Up-to-date: /home/abdelrhaman/microros_ws/install/std_srvs/include/std_srvs/std_srvs/srv/detail/set_bool__traits.hpp
[1.983s] -- Up-to-date: /home/abdelrhaman/microros_ws/install/std_srvs/include/std_srvs/std_srvs/srv/detail/trigger__traits.hpp
[1.983s] -- Up-to-date: /home/abdelrhaman/microros_ws/install/std_srvs/include/std_srvs/std_srvs/srv/trigger.hpp
[1.983s] -- Up-to-date: /home/abdelrhaman/microros_ws/install/std_srvs/include/std_srvs/std_srvs/srv/empty.hpp
[1.983s] -- Up-to-date: /home/abdelrhaman/microros_ws/install/std_srvs/include/std_srvs/std_srvs/srv/set_bool.hpp
[1.983s] -- Up-to-date: /home/abdelrhaman/microros_ws/install/std_srvs/include/std_srvs/std_srvs
[1.983s] -- Up-to-date: /home/abdelrhaman/microros_ws/install/std_srvs/include/std_srvs/std_srvs/srv
[1.985s] -- Up-to-date: /home/abdelrhaman/microros_ws/install/std_srvs/include/std_srvs/std_srvs/srv/detail
[1.985s] -- Up-to-date: /home/abdelrhaman/microros_ws/install/std_srvs/include/std_srvs/std_srvs/srv/detail/set_bool__rosidl_typesupport_fastrtps_cpp.hpp
[1.985s] -- Up-to-date: /home/abdelrhaman/microros_ws/install/std_srvs/include/std_srvs/std_srvs/srv/detail/empty__rosidl_typesupport_fastrtps_cpp.hpp
[1.985s] -- Up-to-date: /home/abdelrhaman/microros_ws/install/std_srvs/include/std_srvs/std_srvs/srv/detail/dds_fastrtps
[1.985s] -- Up-to-date: /home/abdelrhaman/microros_ws/install/std_srvs/include/std_srvs/std_srvs/srv/detail/trigger__rosidl_typesupport_fastrtps_cpp.hpp
[1.985s] -- Up-to-date: /home/abdelrhaman/microros_ws/install/std_srvs/include/std_srvs/std_srvs/msg
[1.985s] -- Up-to-date: /home/abdelrhaman/microros_ws/install/std_srvs/include/std_srvs/std_srvs/msg/rosidl_typesupport_fastrtps_cpp__visibility_control.h
[1.985s] -- Up-to-date: /home/abdelrhaman/microros_ws/install/std_srvs/lib/libstd_srvs__rosidl_typesupport_fastrtps_cpp.so
[1.985s] -- Up-to-date: /home/abdelrhaman/microros_ws/install/std_srvs/include/std_srvs/std_srvs
[1.986s] -- Up-to-date: /home/abdelrhaman/microros_ws/install/std_srvs/include/std_srvs/std_srvs/srv
[1.986s] -- Up-to-date: /home/abdelrhaman/microros_ws/install/std_srvs/include/std_srvs/std_srvs/srv/detail
[1.987s] -- Up-to-date: /home/abdelrhaman/microros_ws/install/std_srvs/include/std_srvs/std_srvs/srv/detail/trigger__rosidl_typesupport_introspection_cpp.hpp
[1.987s] -- Up-to-date: /home/abdelrhaman/microros_ws/install/std_srvs/include/std_srvs/std_srvs/srv/detail/set_bool__type_support.cpp
[1.987s] -- Up-to-date: /home/abdelrhaman/microros_ws/install/std_srvs/include/std_srvs/std_srvs/srv/detail/empty__rosidl_typesupport_introspection_cpp.hpp
[1.987s] -- Up-to-date: /home/abdelrhaman/microros_ws/install/std_srvs/include/std_srvs/std_srvs/srv/detail/trigger__type_support.cpp
[1.987s] -- Up-to-date: /home/abdelrhaman/microros_ws/install/std_srvs/include/std_srvs/std_srvs/srv/detail/empty__type_support.cpp
[1.987s] -- Up-to-date: /home/abdelrhaman/microros_ws/install/std_srvs/include/std_srvs/std_srvs/srv/detail/set_bool__rosidl_typesupport_introspection_cpp.hpp
[1.987s] -- Up-to-date: /home/abdelrhaman/microros_ws/install/std_srvs/lib/libstd_srvs__rosidl_typesupport_introspection_cpp.so
[1.987s] -- Installing: /home/abdelrhaman/microros_ws/install/std_srvs/lib/libstd_srvs__rosidl_typesupport_cpp.so
[1.987s] -- Set runtime path of "/home/abdelrhaman/microros_ws/install/std_srvs/lib/libstd_srvs__rosidl_typesupport_cpp.so" to ""
[1.988s] -- Up-to-date: /home/abdelrhaman/microros_ws/install/std_srvs/share/std_srvs/environment/pythonpath.sh
[1.988s] -- Installing: /home/abdelrhaman/microros_ws/install/std_srvs/share/std_srvs/environment/pythonpath.dsv
[1.988s] -- Up-to-date: /home/abdelrhaman/microros_ws/install/std_srvs/local/lib/python3.10/dist-packages/std_srvs-4.2.4-py3.10.egg-info
[1.988s] -- Installing: /home/abdelrhaman/microros_ws/install/std_srvs/local/lib/python3.10/dist-packages/std_srvs-4.2.4-py3.10.egg-info/PKG-INFO
[1.988s] -- Installing: /home/abdelrhaman/microros_ws/install/std_srvs/local/lib/python3.10/dist-packages/std_srvs-4.2.4-py3.10.egg-info/SOURCES.txt
[1.988s] -- Installing: /home/abdelrhaman/microros_ws/install/std_srvs/local/lib/python3.10/dist-packages/std_srvs-4.2.4-py3.10.egg-info/top_level.txt
[1.988s] -- Installing: /home/abdelrhaman/microros_ws/install/std_srvs/local/lib/python3.10/dist-packages/std_srvs-4.2.4-py3.10.egg-info/dependency_links.txt
[1.988s] -- Up-to-date: /home/abdelrhaman/microros_ws/install/std_srvs/local/lib/python3.10/dist-packages/std_srvs
[1.988s] -- Installing: /home/abdelrhaman/microros_ws/install/std_srvs/local/lib/python3.10/dist-packages/std_srvs/libstd_srvs__rosidl_generator_py.so
[1.988s] -- Up-to-date: /home/abdelrhaman/microros_ws/install/std_srvs/local/lib/python3.10/dist-packages/std_srvs/srv
[1.988s] -- Up-to-date: /home/abdelrhaman/microros_ws/install/std_srvs/local/lib/python3.10/dist-packages/std_srvs/srv/_set_bool_s.c
[1.988s] -- Up-to-date: /home/abdelrhaman/microros_ws/install/std_srvs/local/lib/python3.10/dist-packages/std_srvs/srv/_trigger.py
[1.988s] -- Up-to-date: /home/abdelrhaman/microros_ws/install/std_srvs/local/lib/python3.10/dist-packages/std_srvs/srv/_trigger_s.c
[1.989s] -- Up-to-date: /home/abdelrhaman/microros_ws/install/std_srvs/local/lib/python3.10/dist-packages/std_srvs/srv/_set_bool.py
[1.989s] -- Up-to-date: /home/abdelrhaman/microros_ws/install/std_srvs/local/lib/python3.10/dist-packages/std_srvs/srv/_empty_s.c
[1.989s] -- Up-to-date: /home/abdelrhaman/microros_ws/install/std_srvs/local/lib/python3.10/dist-packages/std_srvs/srv/_empty.py
[1.989s] -- Up-to-date: /home/abdelrhaman/microros_ws/install/std_srvs/local/lib/python3.10/dist-packages/std_srvs/srv/__init__.py
[1.989s] -- Installing: /home/abdelrhaman/microros_ws/install/std_srvs/local/lib/python3.10/dist-packages/std_srvs/std_srvs_s__rosidl_typesupport_fastrtps_c.cpython-310-x86_64-linux-gnu.so
[1.990s] -- Up-to-date: /home/abdelrhaman/microros_ws/install/std_srvs/local/lib/python3.10/dist-packages/std_srvs/_std_srvs_s.ep.rosidl_typesupport_c.c
[1.990s] -- Up-to-date: /home/abdelrhaman/microros_ws/install/std_srvs/local/lib/python3.10/dist-packages/std_srvs/std_srvs_s__rosidl_typesupport_microxrcedds_c.cpython-310-x86_64-linux-gnu.so
[1.990s] -- Installing: /home/abdelrhaman/microros_ws/install/std_srvs/local/lib/python3.10/dist-packages/std_srvs/_std_srvs_s.ep.rosidl_typesupport_introspection_c.c
[1.990s] -- Installing: /home/abdelrhaman/microros_ws/install/std_srvs/local/lib/python3.10/dist-packages/std_srvs/__init__.py
[1.990s] -- Up-to-date: /home/abdelrhaman/microros_ws/install/std_srvs/local/lib/python3.10/dist-packages/std_srvs/_std_srvs_s.ep.rosidl_typesupport_microxrcedds_c.c
[1.990s] -- Up-to-date: /home/abdelrhaman/microros_ws/install/std_srvs/local/lib/python3.10/dist-packages/std_srvs/_std_srvs_s.ep.rosidl_typesupport_fastrtps_c.c
[1.990s] -- Installing: /home/abdelrhaman/microros_ws/install/std_srvs/local/lib/python3.10/dist-packages/std_srvs/std_srvs_s__rosidl_typesupport_c.cpython-310-x86_64-linux-gnu.so
[1.990s] -- Installing: /home/abdelrhaman/microros_ws/install/std_srvs/local/lib/python3.10/dist-packages/std_srvs/std_srvs_s__rosidl_typesupport_introspection_c.cpython-310-x86_64-linux-gnu.so
[2.009s] Listing '/home/abdelrhaman/microros_ws/install/std_srvs/local/lib/python3.10/dist-packages/std_srvs'...
[2.009s] Compiling '/home/abdelrhaman/microros_ws/install/std_srvs/local/lib/python3.10/dist-packages/std_srvs/__init__.py'...
[2.009s] Listing '/home/abdelrhaman/microros_ws/install/std_srvs/local/lib/python3.10/dist-packages/std_srvs/srv'...
[2.012s] -- Installing: /home/abdelrhaman/microros_ws/install/std_srvs/local/lib/python3.10/dist-packages/std_srvs/std_srvs_s__rosidl_typesupport_fastrtps_c.cpython-310-x86_64-linux-gnu.so
[2.012s] -- Set runtime path of "/home/abdelrhaman/microros_ws/install/std_srvs/local/lib/python3.10/dist-packages/std_srvs/std_srvs_s__rosidl_typesupport_fastrtps_c.cpython-310-x86_64-linux-gnu.so" to ""
[2.012s] -- Installing: /home/abdelrhaman/microros_ws/install/std_srvs/local/lib/python3.10/dist-packages/std_srvs/std_srvs_s__rosidl_typesupport_introspection_c.cpython-310-x86_64-linux-gnu.so
[2.013s] -- Set runtime path of "/home/abdelrhaman/microros_ws/install/std_srvs/local/lib/python3.10/dist-packages/std_srvs/std_srvs_s__rosidl_typesupport_introspection_c.cpython-310-x86_64-linux-gnu.so" to ""
[2.013s] -- Installing: /home/abdelrhaman/microros_ws/install/std_srvs/local/lib/python3.10/dist-packages/std_srvs/std_srvs_s__rosidl_typesupport_c.cpython-310-x86_64-linux-gnu.so
[2.013s] -- Set runtime path of "/home/abdelrhaman/microros_ws/install/std_srvs/local/lib/python3.10/dist-packages/std_srvs/std_srvs_s__rosidl_typesupport_c.cpython-310-x86_64-linux-gnu.so" to ""
[2.014s] -- Installing: /home/abdelrhaman/microros_ws/install/std_srvs/lib/libstd_srvs__rosidl_generator_py.so
[2.014s] -- Set runtime path of "/home/abdelrhaman/microros_ws/install/std_srvs/lib/libstd_srvs__rosidl_generator_py.so" to ""
[2.014s] -- Up-to-date: /home/abdelrhaman/microros_ws/install/std_srvs/share/std_srvs/srv/Empty.idl
[2.014s] -- Up-to-date: /home/abdelrhaman/microros_ws/install/std_srvs/share/std_srvs/srv/SetBool.idl
[2.014s] -- Up-to-date: /home/abdelrhaman/microros_ws/install/std_srvs/share/std_srvs/srv/Trigger.idl
[2.015s] -- Up-to-date: /home/abdelrhaman/microros_ws/install/std_srvs/share/std_srvs/srv/Empty.srv
[2.015s] -- Up-to-date: /home/abdelrhaman/microros_ws/install/std_srvs/share/std_srvs/srv/Empty_Request.msg
[2.015s] -- Up-to-date: /home/abdelrhaman/microros_ws/install/std_srvs/share/std_srvs/srv/Empty_Response.msg
[2.015s] -- Up-to-date: /home/abdelrhaman/microros_ws/install/std_srvs/share/std_srvs/srv/SetBool.srv
[2.015s] -- Up-to-date: /home/abdelrhaman/microros_ws/install/std_srvs/share/std_srvs/srv/SetBool_Request.msg
[2.015s] -- Up-to-date: /home/abdelrhaman/microros_ws/install/std_srvs/share/std_srvs/srv/SetBool_Response.msg
[2.015s] -- Up-to-date: /home/abdelrhaman/microros_ws/install/std_srvs/share/std_srvs/srv/Trigger.srv
[2.015s] -- Up-to-date: /home/abdelrhaman/microros_ws/install/std_srvs/share/std_srvs/srv/Trigger_Request.msg
[2.015s] -- Up-to-date: /home/abdelrhaman/microros_ws/install/std_srvs/share/std_srvs/srv/Trigger_Response.msg
[2.015s] -- Up-to-date: /home/abdelrhaman/microros_ws/install/std_srvs/share/ament_index/resource_index/package_run_dependencies/std_srvs
[2.015s] -- Installing: /home/abdelrhaman/microros_ws/install/std_srvs/share/ament_index/resource_index/parent_prefix_path/std_srvs
[2.015s] -- Up-to-date: /home/abdelrhaman/microros_ws/install/std_srvs/share/std_srvs/environment/ament_prefix_path.sh
[2.015s] -- Installing: /home/abdelrhaman/microros_ws/install/std_srvs/share/std_srvs/environment/ament_prefix_path.dsv
[2.016s] -- Up-to-date: /home/abdelrhaman/microros_ws/install/std_srvs/share/std_srvs/environment/path.sh
[2.016s] -- Installing: /home/abdelrhaman/microros_ws/install/std_srvs/share/std_srvs/environment/path.dsv
[2.016s] -- Up-to-date: /home/abdelrhaman/microros_ws/install/std_srvs/share/std_srvs/local_setup.bash
[2.016s] -- Up-to-date: /home/abdelrhaman/microros_ws/install/std_srvs/share/std_srvs/local_setup.sh
[2.016s] -- Up-to-date: /home/abdelrhaman/microros_ws/install/std_srvs/share/std_srvs/local_setup.zsh
[2.016s] -- Installing: /home/abdelrhaman/microros_ws/install/std_srvs/share/std_srvs/local_setup.dsv
[2.016s] -- Installing: /home/abdelrhaman/microros_ws/install/std_srvs/share/std_srvs/package.dsv
[2.016s] -- Up-to-date: /home/abdelrhaman/microros_ws/install/std_srvs/share/ament_index/resource_index/packages/std_srvs
[2.017s] -- Up-to-date: /home/abdelrhaman/microros_ws/install/std_srvs/share/std_srvs/cmake/export_std_srvs__rosidl_generator_cExport.cmake
[2.017s] -- Up-to-date: /home/abdelrhaman/microros_ws/install/std_srvs/share/std_srvs/cmake/export_std_srvs__rosidl_generator_cExport-noconfig.cmake
[2.017s] -- Up-to-date: /home/abdelrhaman/microros_ws/install/std_srvs/share/std_srvs/cmake/export_std_srvs__rosidl_typesupport_fastrtps_cExport.cmake
[2.017s] -- Up-to-date: /home/abdelrhaman/microros_ws/install/std_srvs/share/std_srvs/cmake/export_std_srvs__rosidl_typesupport_fastrtps_cExport-noconfig.cmake
[2.017s] -- Up-to-date: /home/abdelrhaman/microros_ws/install/std_srvs/share/std_srvs/cmake/std_srvs__rosidl_typesupport_introspection_cExport.cmake
[2.017s] -- Up-to-date: /home/abdelrhaman/microros_ws/install/std_srvs/share/std_srvs/cmake/std_srvs__rosidl_typesupport_introspection_cExport-noconfig.cmake
[2.017s] -- Up-to-date: /home/abdelrhaman/microros_ws/install/std_srvs/share/std_srvs/cmake/std_srvs__rosidl_typesupport_cExport.cmake
[2.017s] -- Up-to-date: /home/abdelrhaman/microros_ws/install/std_srvs/share/std_srvs/cmake/std_srvs__rosidl_typesupport_cExport-noconfig.cmake
[2.018s] -- Up-to-date: /home/abdelrhaman/microros_ws/install/std_srvs/share/std_srvs/cmake/export_std_srvs__rosidl_generator_cppExport.cmake
[2.018s] -- Up-to-date: /home/abdelrhaman/microros_ws/install/std_srvs/share/std_srvs/cmake/export_std_srvs__rosidl_typesupport_fastrtps_cppExport.cmake
[2.018s] -- Up-to-date: /home/abdelrhaman/microros_ws/install/std_srvs/share/std_srvs/cmake/export_std_srvs__rosidl_typesupport_fastrtps_cppExport-noconfig.cmake
[2.018s] -- Up-to-date: /home/abdelrhaman/microros_ws/install/std_srvs/share/std_srvs/cmake/std_srvs__rosidl_typesupport_introspection_cppExport.cmake
[2.018s] -- Up-to-date: /home/abdelrhaman/microros_ws/install/std_srvs/share/std_srvs/cmake/std_srvs__rosidl_typesupport_introspection_cppExport-noconfig.cmake
[2.018s] -- Up-to-date: /home/abdelrhaman/microros_ws/install/std_srvs/share/std_srvs/cmake/std_srvs__rosidl_typesupport_cppExport.cmake
[2.018s] -- Up-to-date: /home/abdelrhaman/microros_ws/install/std_srvs/share/std_srvs/cmake/std_srvs__rosidl_typesupport_cppExport-noconfig.cmake
[2.018s] -- Up-to-date: /home/abdelrhaman/microros_ws/install/std_srvs/share/std_srvs/cmake/export_std_srvs__rosidl_generator_pyExport.cmake
[2.018s] -- Up-to-date: /home/abdelrhaman/microros_ws/install/std_srvs/share/std_srvs/cmake/export_std_srvs__rosidl_generator_pyExport-noconfig.cmake
[2.018s] -- Up-to-date: /home/abdelrhaman/microros_ws/install/std_srvs/share/std_srvs/cmake/rosidl_cmake-extras.cmake
[2.018s] -- Installing: /home/abdelrhaman/microros_ws/install/std_srvs/share/std_srvs/cmake/ament_cmake_export_include_directories-extras.cmake
[2.018s] -- Up-to-date: /home/abdelrhaman/microros_ws/install/std_srvs/share/std_srvs/cmake/ament_cmake_export_libraries-extras.cmake
[2.019s] -- Up-to-date: /home/abdelrhaman/microros_ws/install/std_srvs/share/std_srvs/cmake/ament_cmake_export_targets-extras.cmake
[2.019s] -- Up-to-date: /home/abdelrhaman/microros_ws/install/std_srvs/share/std_srvs/cmake/rosidl_cmake_export_typesupport_targets-extras.cmake
[2.019s] -- Up-to-date: /home/abdelrhaman/microros_ws/install/std_srvs/share/std_srvs/cmake/ament_cmake_export_dependencies-extras.cmake
[2.019s] -- Installing: /home/abdelrhaman/microros_ws/install/std_srvs/share/std_srvs/cmake/rosidl_cmake_export_typesupport_libraries-extras.cmake
[2.019s] -- Up-to-date: /home/abdelrhaman/microros_ws/install/std_srvs/share/std_srvs/cmake/std_srvsConfig.cmake
[2.019s] -- Up-to-date: /home/abdelrhaman/microros_ws/install/std_srvs/share/std_srvs/cmake/std_srvsConfig-version.cmake
[2.019s] -- Up-to-date: /home/abdelrhaman/microros_ws/install/std_srvs/share/std_srvs/package.xml
[2.021s] Invoked command in '/home/abdelrhaman/microros_ws/build/std_srvs' returned '0': CMAKE_PREFIX_PATH=/home/abdelrhaman/ros/install/my_robot_controller:/opt/ros/humble /usr/bin/cmake --install /home/abdelrhaman/microros_ws/build/std_srvs
