[0.019s] Invoking command in '/home/abdelrhaman/microros_ws/build/lifecycle_msgs': CMAKE_PREFIX_PATH=/home/abdelrhaman/ros/install/my_robot_controller:/opt/ros/humble /usr/bin/cmake /home/abdelrhaman/microros_ws/src/ros2/rcl_interfaces/lifecycle_msgs -DCMAKE_INSTALL_PREFIX=/home/abdelrhaman/microros_ws/install/lifecycle_msgs
[0.027s] -- Found ament_cmake: 1.3.10 (/opt/ros/humble/share/ament_cmake/cmake)
[0.149s] -- Found rosidl_default_generators: 1.2.0 (/opt/ros/humble/share/rosidl_default_generators/cmake)
[0.152s] -- Using all available rosidl_typesupport_c: rosidl_typesupport_fastrtps_c;rosidl_typesupport_introspection_c
[0.153s] -- Found rosidl_adapter: 3.1.5 (/opt/ros/humble/share/rosidl_adapter/cmake)
[0.184s] -- Using all available rosidl_typesupport_cpp: rosidl_typesupport_fastrtps_cpp;rosidl_typesupport_introspection_cpp
[0.457s] -- Found ament_cmake_ros: 0.10.0 (/opt/ros/humble/share/ament_cmake_ros/cmake)
[0.591s] -- Using all available rosidl_typesupport_c: rosidl_typesupport_fastrtps_c;rosidl_typesupport_introspection_c
[0.781s] -- Using all available rosidl_typesupport_cpp: rosidl_typesupport_fastrtps_cpp;rosidl_typesupport_introspection_cpp
[0.802s] -- Found python_cmake_module: 0.10.0 (/opt/ros/humble/share/python_cmake_module/cmake)
[0.818s] -- Using PYTHON_EXECUTABLE: /usr/bin/python3
[0.818s] -- Using PYTHON_INCLUDE_DIRS: /usr/include/python3.10
[0.818s] -- Using PYTHON_LIBRARIES: /usr/lib/x86_64-linux-gnu/libpython3.10.so
[0.832s] -- Configuring done
[0.907s] -- Generating done
[0.910s] -- Build files have been written to: /home/abdelrhaman/microros_ws/build/lifecycle_msgs
[0.919s] Invoked command in '/home/abdelrhaman/microros_ws/build/lifecycle_msgs' returned '0': CMAKE_PREFIX_PATH=/home/abdelrhaman/ros/install/my_robot_controller:/opt/ros/humble /usr/bin/cmake /home/abdelrhaman/microros_ws/src/ros2/rcl_interfaces/lifecycle_msgs -DCMAKE_INSTALL_PREFIX=/home/abdelrhaman/microros_ws/install/lifecycle_msgs
[0.920s] Invoking command in '/home/abdelrhaman/microros_ws/build/lifecycle_msgs': CMAKE_PREFIX_PATH=/home/abdelrhaman/ros/install/my_robot_controller:/opt/ros/humble /usr/bin/cmake --build /home/abdelrhaman/microros_ws/build/lifecycle_msgs -- -j20 -l20
[0.954s] [35m[1mConsolidate compiler generated dependencies of target lifecycle_msgs__rosidl_generator_c[0m
[0.957s] [  1%] Built target lifecycle_msgs__cpp
[0.964s] [ 12%] Built target lifecycle_msgs__rosidl_generator_c
[0.965s] [ 13%] [34m[1mGenerating C++ type support dispatch for ROS interfaces[0m
[0.969s] [35m[1mConsolidate compiler generated dependencies of target lifecycle_msgs__rosidl_typesupport_introspection_cpp[0m
[0.972s] [35m[1mConsolidate compiler generated dependencies of target lifecycle_msgs__rosidl_typesupport_fastrtps_cpp[0m
[0.973s] [ 14%] [34m[1mGenerating C type support dispatch for ROS interfaces[0m
[0.974s] [ 14%] Built target ament_cmake_python_copy_lifecycle_msgs
[0.976s] [35m[1mConsolidate compiler generated dependencies of target lifecycle_msgs__rosidl_typesupport_introspection_c[0m
[0.981s] [35m[1mConsolidate compiler generated dependencies of target lifecycle_msgs__rosidl_typesupport_fastrtps_c[0m
[0.987s] [ 37%] Built target lifecycle_msgs__rosidl_typesupport_introspection_cpp
[0.987s] [ 37%] Built target lifecycle_msgs__rosidl_typesupport_fastrtps_cpp
[0.990s] [ 49%] Built target lifecycle_msgs__rosidl_typesupport_introspection_c
[0.995s] [ 60%] Built target lifecycle_msgs__rosidl_typesupport_fastrtps_c
[1.658s] running egg_info
[1.705s] [35m[1mConsolidate compiler generated dependencies of target lifecycle_msgs__rosidl_typesupport_cpp[0m
[1.709s] writing lifecycle_msgs.egg-info/PKG-INFO
[1.716s] [ 63%] [32mBuilding CXX object CMakeFiles/lifecycle_msgs__rosidl_typesupport_cpp.dir/rosidl_typesupport_cpp/lifecycle_msgs/msg/transition__type_support.cpp.o[0m
[1.716s] [ 63%] [32mBuilding CXX object CMakeFiles/lifecycle_msgs__rosidl_typesupport_cpp.dir/rosidl_typesupport_cpp/lifecycle_msgs/msg/transition_description__type_support.cpp.o[0m
[1.717s] [ 65%] [32mBuilding CXX object CMakeFiles/lifecycle_msgs__rosidl_typesupport_cpp.dir/rosidl_typesupport_cpp/lifecycle_msgs/msg/transition_event__type_support.cpp.o[0m
[1.717s] [ 65%] [32mBuilding CXX object CMakeFiles/lifecycle_msgs__rosidl_typesupport_cpp.dir/rosidl_typesupport_cpp/lifecycle_msgs/srv/change_state__type_support.cpp.o[0m
[1.717s] [ 66%] [32mBuilding CXX object CMakeFiles/lifecycle_msgs__rosidl_typesupport_cpp.dir/rosidl_typesupport_cpp/lifecycle_msgs/srv/get_state__type_support.cpp.o[0m
[1.717s] [ 67%] [32mBuilding CXX object CMakeFiles/lifecycle_msgs__rosidl_typesupport_cpp.dir/rosidl_typesupport_cpp/lifecycle_msgs/srv/get_available_states__type_support.cpp.o[0m
[1.717s] [ 68%] [32mBuilding CXX object CMakeFiles/lifecycle_msgs__rosidl_typesupport_cpp.dir/rosidl_typesupport_cpp/lifecycle_msgs/msg/state__type_support.cpp.o[0m
[1.720s] [ 70%] [32mBuilding CXX object CMakeFiles/lifecycle_msgs__rosidl_typesupport_cpp.dir/rosidl_typesupport_cpp/lifecycle_msgs/srv/get_available_transitions__type_support.cpp.o[0m
[1.758s] writing dependency_links to lifecycle_msgs.egg-info/dependency_links.txt
[1.870s] [35m[1mConsolidate compiler generated dependencies of target lifecycle_msgs__rosidl_typesupport_c[0m
[1.885s] [ 73%] [32mBuilding CXX object CMakeFiles/lifecycle_msgs__rosidl_typesupport_c.dir/rosidl_typesupport_c/lifecycle_msgs/msg/state__type_support.cpp.o[0m
[1.885s] [ 73%] [32mBuilding CXX object CMakeFiles/lifecycle_msgs__rosidl_typesupport_c.dir/rosidl_typesupport_c/lifecycle_msgs/msg/transition_description__type_support.cpp.o[0m
[1.885s] [ 73%] [32mBuilding CXX object CMakeFiles/lifecycle_msgs__rosidl_typesupport_c.dir/rosidl_typesupport_c/lifecycle_msgs/msg/transition__type_support.cpp.o[0m
[1.885s] [ 74%] [32mBuilding CXX object CMakeFiles/lifecycle_msgs__rosidl_typesupport_c.dir/rosidl_typesupport_c/lifecycle_msgs/srv/get_available_states__type_support.cpp.o[0m
[1.885s] [ 75%] [32mBuilding CXX object CMakeFiles/lifecycle_msgs__rosidl_typesupport_c.dir/rosidl_typesupport_c/lifecycle_msgs/srv/change_state__type_support.cpp.o[0m
[1.885s] [ 77%] [32mBuilding CXX object CMakeFiles/lifecycle_msgs__rosidl_typesupport_c.dir/rosidl_typesupport_c/lifecycle_msgs/msg/transition_event__type_support.cpp.o[0m
[1.887s] [ 78%] [32mBuilding CXX object CMakeFiles/lifecycle_msgs__rosidl_typesupport_c.dir/rosidl_typesupport_c/lifecycle_msgs/srv/get_state__type_support.cpp.o[0m
[1.893s] [ 79%] [32mBuilding CXX object CMakeFiles/lifecycle_msgs__rosidl_typesupport_c.dir/rosidl_typesupport_c/lifecycle_msgs/srv/get_available_transitions__type_support.cpp.o[0m
[1.929s] [ 80%] [32m[1mLinking CXX shared library liblifecycle_msgs__rosidl_typesupport_c.so[0m
[1.961s] [ 80%] Built target lifecycle_msgs__rosidl_typesupport_c
[1.998s] writing top-level names to lifecycle_msgs.egg-info/top_level.txt
[2.021s] [ 81%] [32m[1mLinking CXX shared library liblifecycle_msgs__rosidl_typesupport_cpp.so[0m
[2.056s] reading manifest file 'lifecycle_msgs.egg-info/SOURCES.txt'
[2.056s] writing manifest file 'lifecycle_msgs.egg-info/SOURCES.txt'
[2.057s] [ 81%] Built target lifecycle_msgs__rosidl_typesupport_cpp
[2.076s] [ 81%] Built target lifecycle_msgs
[2.082s] [ 81%] Built target ament_cmake_python_build_lifecycle_msgs_egg
[2.095s] [ 82%] Built target lifecycle_msgs__py
[2.105s] [35m[1mConsolidate compiler generated dependencies of target lifecycle_msgs__rosidl_generator_py[0m
[2.120s] [ 83%] [32m[1mLinking C shared library rosidl_generator_py/lifecycle_msgs/liblifecycle_msgs__rosidl_generator_py.so[0m
[2.154s] [ 93%] Built target lifecycle_msgs__rosidl_generator_py
[2.161s] [35m[1mConsolidate compiler generated dependencies of target lifecycle_msgs__rosidl_typesupport_fastrtps_c__pyext[0m
[2.164s] [35m[1mConsolidate compiler generated dependencies of target lifecycle_msgs__rosidl_typesupport_c__pyext[0m
[2.164s] [35m[1mConsolidate compiler generated dependencies of target lifecycle_msgs__rosidl_typesupport_introspection_c__pyext[0m
[2.168s] [ 94%] [32m[1mLinking C shared library rosidl_generator_py/lifecycle_msgs/lifecycle_msgs_s__rosidl_typesupport_fastrtps_c.cpython-310-x86_64-linux-gnu.so[0m
[2.172s] [ 95%] [32m[1mLinking C shared library rosidl_generator_py/lifecycle_msgs/lifecycle_msgs_s__rosidl_typesupport_introspection_c.cpython-310-x86_64-linux-gnu.so[0m
[2.173s] [ 96%] [32m[1mLinking C shared library rosidl_generator_py/lifecycle_msgs/lifecycle_msgs_s__rosidl_typesupport_c.cpython-310-x86_64-linux-gnu.so[0m
[2.192s] [ 97%] Built target lifecycle_msgs__rosidl_typesupport_fastrtps_c__pyext
[2.197s] [ 98%] Built target lifecycle_msgs__rosidl_typesupport_introspection_c__pyext
[2.202s] [100%] Built target lifecycle_msgs__rosidl_typesupport_c__pyext
[2.211s] Invoked command in '/home/abdelrhaman/microros_ws/build/lifecycle_msgs' returned '0': CMAKE_PREFIX_PATH=/home/abdelrhaman/ros/install/my_robot_controller:/opt/ros/humble /usr/bin/cmake --build /home/abdelrhaman/microros_ws/build/lifecycle_msgs -- -j20 -l20
[2.365s] Invoking command in '/home/abdelrhaman/microros_ws/build/lifecycle_msgs': CMAKE_PREFIX_PATH=/home/abdelrhaman/ros/install/my_robot_controller:/opt/ros/humble /usr/bin/cmake --install /home/abdelrhaman/microros_ws/build/lifecycle_msgs
[2.369s] -- Install configuration: ""
[2.369s] -- Up-to-date: /home/abdelrhaman/microros_ws/install/lifecycle_msgs/share/ament_index/resource_index/rosidl_interfaces/lifecycle_msgs
[2.369s] -- Up-to-date: /home/abdelrhaman/microros_ws/install/lifecycle_msgs/include/lifecycle_msgs/lifecycle_msgs
[2.370s] -- Up-to-date: /home/abdelrhaman/microros_ws/install/lifecycle_msgs/include/lifecycle_msgs/lifecycle_msgs/srv
[2.370s] -- Up-to-date: /home/abdelrhaman/microros_ws/install/lifecycle_msgs/include/lifecycle_msgs/lifecycle_msgs/srv/detail
[2.370s] -- Up-to-date: /home/abdelrhaman/microros_ws/install/lifecycle_msgs/include/lifecycle_msgs/lifecycle_msgs/srv/detail/get_available_transitions__functions.h
[2.370s] -- Up-to-date: /home/abdelrhaman/microros_ws/install/lifecycle_msgs/include/lifecycle_msgs/lifecycle_msgs/srv/detail/get_state__type_support.h
[2.370s] -- Up-to-date: /home/abdelrhaman/microros_ws/install/lifecycle_msgs/include/lifecycle_msgs/lifecycle_msgs/srv/detail/get_available_transitions__struct.h
[2.370s] -- Up-to-date: /home/abdelrhaman/microros_ws/install/lifecycle_msgs/include/lifecycle_msgs/lifecycle_msgs/srv/detail/get_available_states__struct.h
[2.371s] -- Up-to-date: /home/abdelrhaman/microros_ws/install/lifecycle_msgs/include/lifecycle_msgs/lifecycle_msgs/srv/detail/get_state__functions.h
[2.371s] -- Up-to-date: /home/abdelrhaman/microros_ws/install/lifecycle_msgs/include/lifecycle_msgs/lifecycle_msgs/srv/detail/get_available_transitions__type_support.h
[2.371s] -- Up-to-date: /home/abdelrhaman/microros_ws/install/lifecycle_msgs/include/lifecycle_msgs/lifecycle_msgs/srv/detail/change_state__functions.c
[2.371s] -- Up-to-date: /home/abdelrhaman/microros_ws/install/lifecycle_msgs/include/lifecycle_msgs/lifecycle_msgs/srv/detail/change_state__type_support.h
[2.371s] -- Up-to-date: /home/abdelrhaman/microros_ws/install/lifecycle_msgs/include/lifecycle_msgs/lifecycle_msgs/srv/detail/get_state__struct.h
[2.371s] -- Up-to-date: /home/abdelrhaman/microros_ws/install/lifecycle_msgs/include/lifecycle_msgs/lifecycle_msgs/srv/detail/get_available_states__type_support.h
[2.371s] -- Up-to-date: /home/abdelrhaman/microros_ws/install/lifecycle_msgs/include/lifecycle_msgs/lifecycle_msgs/srv/detail/get_available_states__functions.c
[2.371s] -- Up-to-date: /home/abdelrhaman/microros_ws/install/lifecycle_msgs/include/lifecycle_msgs/lifecycle_msgs/srv/detail/change_state__struct.h
[2.371s] -- Up-to-date: /home/abdelrhaman/microros_ws/install/lifecycle_msgs/include/lifecycle_msgs/lifecycle_msgs/srv/detail/get_available_transitions__functions.c
[2.371s] -- Up-to-date: /home/abdelrhaman/microros_ws/install/lifecycle_msgs/include/lifecycle_msgs/lifecycle_msgs/srv/detail/get_state__functions.c
[2.371s] -- Up-to-date: /home/abdelrhaman/microros_ws/install/lifecycle_msgs/include/lifecycle_msgs/lifecycle_msgs/srv/detail/get_available_states__functions.h
[2.372s] -- Up-to-date: /home/abdelrhaman/microros_ws/install/lifecycle_msgs/include/lifecycle_msgs/lifecycle_msgs/srv/detail/change_state__functions.h
[2.372s] -- Up-to-date: /home/abdelrhaman/microros_ws/install/lifecycle_msgs/include/lifecycle_msgs/lifecycle_msgs/srv/get_available_transitions.h
[2.372s] -- Up-to-date: /home/abdelrhaman/microros_ws/install/lifecycle_msgs/include/lifecycle_msgs/lifecycle_msgs/srv/get_available_states.h
[2.372s] -- Up-to-date: /home/abdelrhaman/microros_ws/install/lifecycle_msgs/include/lifecycle_msgs/lifecycle_msgs/srv/get_state.h
[2.372s] -- Up-to-date: /home/abdelrhaman/microros_ws/install/lifecycle_msgs/include/lifecycle_msgs/lifecycle_msgs/srv/change_state.h
[2.372s] -- Up-to-date: /home/abdelrhaman/microros_ws/install/lifecycle_msgs/include/lifecycle_msgs/lifecycle_msgs/msg
[2.372s] -- Up-to-date: /home/abdelrhaman/microros_ws/install/lifecycle_msgs/include/lifecycle_msgs/lifecycle_msgs/msg/transition_description.h
[2.372s] -- Up-to-date: /home/abdelrhaman/microros_ws/install/lifecycle_msgs/include/lifecycle_msgs/lifecycle_msgs/msg/rosidl_generator_c__visibility_control.h
[2.374s] -- Up-to-date: /home/abdelrhaman/microros_ws/install/lifecycle_msgs/include/lifecycle_msgs/lifecycle_msgs/msg/transition.h
[2.374s] -- Up-to-date: /home/abdelrhaman/microros_ws/install/lifecycle_msgs/include/lifecycle_msgs/lifecycle_msgs/msg/detail
[2.374s] -- Up-to-date: /home/abdelrhaman/microros_ws/install/lifecycle_msgs/include/lifecycle_msgs/lifecycle_msgs/msg/detail/state__struct.h
[2.374s] -- Up-to-date: /home/abdelrhaman/microros_ws/install/lifecycle_msgs/include/lifecycle_msgs/lifecycle_msgs/msg/detail/transition__functions.c
[2.374s] -- Up-to-date: /home/abdelrhaman/microros_ws/install/lifecycle_msgs/include/lifecycle_msgs/lifecycle_msgs/msg/detail/transition_event__functions.c
[2.374s] -- Up-to-date: /home/abdelrhaman/microros_ws/install/lifecycle_msgs/include/lifecycle_msgs/lifecycle_msgs/msg/detail/transition_event__type_support.h
[2.374s] -- Up-to-date: /home/abdelrhaman/microros_ws/install/lifecycle_msgs/include/lifecycle_msgs/lifecycle_msgs/msg/detail/transition_description__functions.h
[2.375s] -- Up-to-date: /home/abdelrhaman/microros_ws/install/lifecycle_msgs/include/lifecycle_msgs/lifecycle_msgs/msg/detail/transition_description__struct.h
[2.375s] -- Up-to-date: /home/abdelrhaman/microros_ws/install/lifecycle_msgs/include/lifecycle_msgs/lifecycle_msgs/msg/detail/transition__struct.h
[2.375s] -- Up-to-date: /home/abdelrhaman/microros_ws/install/lifecycle_msgs/include/lifecycle_msgs/lifecycle_msgs/msg/detail/state__functions.c
[2.375s] -- Up-to-date: /home/abdelrhaman/microros_ws/install/lifecycle_msgs/include/lifecycle_msgs/lifecycle_msgs/msg/detail/transition_description__functions.c
[2.375s] -- Up-to-date: /home/abdelrhaman/microros_ws/install/lifecycle_msgs/include/lifecycle_msgs/lifecycle_msgs/msg/detail/state__functions.h
[2.375s] -- Up-to-date: /home/abdelrhaman/microros_ws/install/lifecycle_msgs/include/lifecycle_msgs/lifecycle_msgs/msg/detail/transition__functions.h
[2.375s] -- Up-to-date: /home/abdelrhaman/microros_ws/install/lifecycle_msgs/include/lifecycle_msgs/lifecycle_msgs/msg/detail/transition_event__functions.h
[2.375s] -- Up-to-date: /home/abdelrhaman/microros_ws/install/lifecycle_msgs/include/lifecycle_msgs/lifecycle_msgs/msg/detail/transition__type_support.h
[2.375s] -- Up-to-date: /home/abdelrhaman/microros_ws/install/lifecycle_msgs/include/lifecycle_msgs/lifecycle_msgs/msg/detail/state__type_support.h
[2.375s] -- Up-to-date: /home/abdelrhaman/microros_ws/install/lifecycle_msgs/include/lifecycle_msgs/lifecycle_msgs/msg/detail/transition_event__struct.h
[2.376s] -- Up-to-date: /home/abdelrhaman/microros_ws/install/lifecycle_msgs/include/lifecycle_msgs/lifecycle_msgs/msg/detail/transition_description__type_support.h
[2.376s] -- Up-to-date: /home/abdelrhaman/microros_ws/install/lifecycle_msgs/include/lifecycle_msgs/lifecycle_msgs/msg/transition_event.h
[2.376s] -- Up-to-date: /home/abdelrhaman/microros_ws/install/lifecycle_msgs/include/lifecycle_msgs/lifecycle_msgs/msg/state.h
[2.376s] -- Up-to-date: /home/abdelrhaman/microros_ws/install/lifecycle_msgs/share/lifecycle_msgs/environment/library_path.sh
[2.376s] -- Installing: /home/abdelrhaman/microros_ws/install/lifecycle_msgs/share/lifecycle_msgs/environment/library_path.dsv
[2.377s] -- Up-to-date: /home/abdelrhaman/microros_ws/install/lifecycle_msgs/lib/liblifecycle_msgs__rosidl_generator_c.so
[2.377s] -- Up-to-date: /home/abdelrhaman/microros_ws/install/lifecycle_msgs/include/lifecycle_msgs/lifecycle_msgs
[2.377s] -- Up-to-date: /home/abdelrhaman/microros_ws/install/lifecycle_msgs/include/lifecycle_msgs/lifecycle_msgs/srv
[2.377s] -- Up-to-date: /home/abdelrhaman/microros_ws/install/lifecycle_msgs/include/lifecycle_msgs/lifecycle_msgs/srv/detail
[2.377s] -- Up-to-date: /home/abdelrhaman/microros_ws/install/lifecycle_msgs/include/lifecycle_msgs/lifecycle_msgs/srv/detail/change_state__rosidl_typesupport_fastrtps_c.h
[2.377s] -- Up-to-date: /home/abdelrhaman/microros_ws/install/lifecycle_msgs/include/lifecycle_msgs/lifecycle_msgs/srv/detail/get_state__rosidl_typesupport_fastrtps_c.h
[2.377s] -- Up-to-date: /home/abdelrhaman/microros_ws/install/lifecycle_msgs/include/lifecycle_msgs/lifecycle_msgs/srv/detail/get_available_states__rosidl_typesupport_fastrtps_c.h
[2.377s] -- Up-to-date: /home/abdelrhaman/microros_ws/install/lifecycle_msgs/include/lifecycle_msgs/lifecycle_msgs/srv/detail/get_available_transitions__rosidl_typesupport_fastrtps_c.h
[2.377s] -- Up-to-date: /home/abdelrhaman/microros_ws/install/lifecycle_msgs/include/lifecycle_msgs/lifecycle_msgs/msg
[2.377s] -- Up-to-date: /home/abdelrhaman/microros_ws/install/lifecycle_msgs/include/lifecycle_msgs/lifecycle_msgs/msg/detail
[2.377s] -- Up-to-date: /home/abdelrhaman/microros_ws/install/lifecycle_msgs/include/lifecycle_msgs/lifecycle_msgs/msg/detail/transition_description__rosidl_typesupport_fastrtps_c.h
[2.378s] -- Up-to-date: /home/abdelrhaman/microros_ws/install/lifecycle_msgs/include/lifecycle_msgs/lifecycle_msgs/msg/detail/transition__rosidl_typesupport_fastrtps_c.h
[2.378s] -- Up-to-date: /home/abdelrhaman/microros_ws/install/lifecycle_msgs/include/lifecycle_msgs/lifecycle_msgs/msg/detail/transition_event__rosidl_typesupport_fastrtps_c.h
[2.378s] -- Up-to-date: /home/abdelrhaman/microros_ws/install/lifecycle_msgs/include/lifecycle_msgs/lifecycle_msgs/msg/detail/state__rosidl_typesupport_fastrtps_c.h
[2.378s] -- Up-to-date: /home/abdelrhaman/microros_ws/install/lifecycle_msgs/include/lifecycle_msgs/lifecycle_msgs/msg/rosidl_typesupport_fastrtps_c__visibility_control.h
[2.378s] -- Up-to-date: /home/abdelrhaman/microros_ws/install/lifecycle_msgs/lib/liblifecycle_msgs__rosidl_typesupport_fastrtps_c.so
[2.378s] -- Up-to-date: /home/abdelrhaman/microros_ws/install/lifecycle_msgs/include/lifecycle_msgs/lifecycle_msgs
[2.378s] -- Up-to-date: /home/abdelrhaman/microros_ws/install/lifecycle_msgs/include/lifecycle_msgs/lifecycle_msgs/srv
[2.378s] -- Up-to-date: /home/abdelrhaman/microros_ws/install/lifecycle_msgs/include/lifecycle_msgs/lifecycle_msgs/srv/detail
[2.378s] -- Up-to-date: /home/abdelrhaman/microros_ws/install/lifecycle_msgs/include/lifecycle_msgs/lifecycle_msgs/srv/detail/get_available_transitions__rosidl_typesupport_introspection_c.h
[2.378s] -- Up-to-date: /home/abdelrhaman/microros_ws/install/lifecycle_msgs/include/lifecycle_msgs/lifecycle_msgs/srv/detail/change_state__type_support.c
[2.379s] -- Up-to-date: /home/abdelrhaman/microros_ws/install/lifecycle_msgs/include/lifecycle_msgs/lifecycle_msgs/srv/detail/get_state__rosidl_typesupport_introspection_c.h
[2.379s] -- Up-to-date: /home/abdelrhaman/microros_ws/install/lifecycle_msgs/include/lifecycle_msgs/lifecycle_msgs/srv/detail/change_state__rosidl_typesupport_introspection_c.h
[2.379s] -- Up-to-date: /home/abdelrhaman/microros_ws/install/lifecycle_msgs/include/lifecycle_msgs/lifecycle_msgs/srv/detail/get_available_transitions__type_support.c
[2.379s] -- Up-to-date: /home/abdelrhaman/microros_ws/install/lifecycle_msgs/include/lifecycle_msgs/lifecycle_msgs/srv/detail/get_available_states__rosidl_typesupport_introspection_c.h
[2.379s] -- Up-to-date: /home/abdelrhaman/microros_ws/install/lifecycle_msgs/include/lifecycle_msgs/lifecycle_msgs/srv/detail/get_available_states__type_support.c
[2.379s] -- Up-to-date: /home/abdelrhaman/microros_ws/install/lifecycle_msgs/include/lifecycle_msgs/lifecycle_msgs/srv/detail/get_state__type_support.c
[2.379s] -- Up-to-date: /home/abdelrhaman/microros_ws/install/lifecycle_msgs/include/lifecycle_msgs/lifecycle_msgs/msg
[2.379s] -- Up-to-date: /home/abdelrhaman/microros_ws/install/lifecycle_msgs/include/lifecycle_msgs/lifecycle_msgs/msg/rosidl_typesupport_introspection_c__visibility_control.h
[2.379s] -- Up-to-date: /home/abdelrhaman/microros_ws/install/lifecycle_msgs/include/lifecycle_msgs/lifecycle_msgs/msg/detail
[2.379s] -- Up-to-date: /home/abdelrhaman/microros_ws/install/lifecycle_msgs/include/lifecycle_msgs/lifecycle_msgs/msg/detail/state__rosidl_typesupport_introspection_c.h
[2.379s] -- Up-to-date: /home/abdelrhaman/microros_ws/install/lifecycle_msgs/include/lifecycle_msgs/lifecycle_msgs/msg/detail/state__type_support.c
[2.379s] -- Up-to-date: /home/abdelrhaman/microros_ws/install/lifecycle_msgs/include/lifecycle_msgs/lifecycle_msgs/msg/detail/transition_event__type_support.c
[2.379s] -- Up-to-date: /home/abdelrhaman/microros_ws/install/lifecycle_msgs/include/lifecycle_msgs/lifecycle_msgs/msg/detail/transition_description__rosidl_typesupport_introspection_c.h
[2.379s] -- Up-to-date: /home/abdelrhaman/microros_ws/install/lifecycle_msgs/include/lifecycle_msgs/lifecycle_msgs/msg/detail/transition__type_support.c
[2.380s] -- Up-to-date: /home/abdelrhaman/microros_ws/install/lifecycle_msgs/include/lifecycle_msgs/lifecycle_msgs/msg/detail/transition_description__type_support.c
[2.380s] -- Up-to-date: /home/abdelrhaman/microros_ws/install/lifecycle_msgs/include/lifecycle_msgs/lifecycle_msgs/msg/detail/transition_event__rosidl_typesupport_introspection_c.h
[2.380s] -- Up-to-date: /home/abdelrhaman/microros_ws/install/lifecycle_msgs/include/lifecycle_msgs/lifecycle_msgs/msg/detail/transition__rosidl_typesupport_introspection_c.h
[2.380s] -- Up-to-date: /home/abdelrhaman/microros_ws/install/lifecycle_msgs/lib/liblifecycle_msgs__rosidl_typesupport_introspection_c.so
[2.380s] -- Installing: /home/abdelrhaman/microros_ws/install/lifecycle_msgs/lib/liblifecycle_msgs__rosidl_typesupport_c.so
[2.380s] -- Set runtime path of "/home/abdelrhaman/microros_ws/install/lifecycle_msgs/lib/liblifecycle_msgs__rosidl_typesupport_c.so" to ""
[2.380s] -- Up-to-date: /home/abdelrhaman/microros_ws/install/lifecycle_msgs/include/lifecycle_msgs/lifecycle_msgs
[2.380s] -- Up-to-date: /home/abdelrhaman/microros_ws/install/lifecycle_msgs/include/lifecycle_msgs/lifecycle_msgs/srv
[2.380s] -- Up-to-date: /home/abdelrhaman/microros_ws/install/lifecycle_msgs/include/lifecycle_msgs/lifecycle_msgs/srv/get_available_transitions.hpp
[2.380s] -- Up-to-date: /home/abdelrhaman/microros_ws/install/lifecycle_msgs/include/lifecycle_msgs/lifecycle_msgs/srv/detail
[2.380s] -- Up-to-date: /home/abdelrhaman/microros_ws/install/lifecycle_msgs/include/lifecycle_msgs/lifecycle_msgs/srv/detail/change_state__traits.hpp
[2.380s] -- Up-to-date: /home/abdelrhaman/microros_ws/install/lifecycle_msgs/include/lifecycle_msgs/lifecycle_msgs/srv/detail/get_state__struct.hpp
[2.380s] -- Up-to-date: /home/abdelrhaman/microros_ws/install/lifecycle_msgs/include/lifecycle_msgs/lifecycle_msgs/srv/detail/get_available_transitions__struct.hpp
[2.381s] -- Up-to-date: /home/abdelrhaman/microros_ws/install/lifecycle_msgs/include/lifecycle_msgs/lifecycle_msgs/srv/detail/get_available_states__traits.hpp
[2.381s] -- Up-to-date: /home/abdelrhaman/microros_ws/install/lifecycle_msgs/include/lifecycle_msgs/lifecycle_msgs/srv/detail/get_state__traits.hpp
[2.381s] -- Up-to-date: /home/abdelrhaman/microros_ws/install/lifecycle_msgs/include/lifecycle_msgs/lifecycle_msgs/srv/detail/get_available_transitions__traits.hpp
[2.381s] -- Up-to-date: /home/abdelrhaman/microros_ws/install/lifecycle_msgs/include/lifecycle_msgs/lifecycle_msgs/srv/detail/get_state__builder.hpp
[2.381s] -- Up-to-date: /home/abdelrhaman/microros_ws/install/lifecycle_msgs/include/lifecycle_msgs/lifecycle_msgs/srv/detail/change_state__struct.hpp
[2.381s] -- Up-to-date: /home/abdelrhaman/microros_ws/install/lifecycle_msgs/include/lifecycle_msgs/lifecycle_msgs/srv/detail/get_available_states__builder.hpp
[2.381s] -- Up-to-date: /home/abdelrhaman/microros_ws/install/lifecycle_msgs/include/lifecycle_msgs/lifecycle_msgs/srv/detail/change_state__builder.hpp
[2.381s] -- Up-to-date: /home/abdelrhaman/microros_ws/install/lifecycle_msgs/include/lifecycle_msgs/lifecycle_msgs/srv/detail/get_available_transitions__builder.hpp
[2.381s] -- Up-to-date: /home/abdelrhaman/microros_ws/install/lifecycle_msgs/include/lifecycle_msgs/lifecycle_msgs/srv/detail/get_available_states__struct.hpp
[2.381s] -- Up-to-date: /home/abdelrhaman/microros_ws/install/lifecycle_msgs/include/lifecycle_msgs/lifecycle_msgs/srv/change_state.hpp
[2.381s] -- Up-to-date: /home/abdelrhaman/microros_ws/install/lifecycle_msgs/include/lifecycle_msgs/lifecycle_msgs/srv/get_available_states.hpp
[2.381s] -- Up-to-date: /home/abdelrhaman/microros_ws/install/lifecycle_msgs/include/lifecycle_msgs/lifecycle_msgs/srv/get_state.hpp
[2.381s] -- Up-to-date: /home/abdelrhaman/microros_ws/install/lifecycle_msgs/include/lifecycle_msgs/lifecycle_msgs/msg
[2.382s] -- Up-to-date: /home/abdelrhaman/microros_ws/install/lifecycle_msgs/include/lifecycle_msgs/lifecycle_msgs/msg/detail
[2.382s] -- Up-to-date: /home/abdelrhaman/microros_ws/install/lifecycle_msgs/include/lifecycle_msgs/lifecycle_msgs/msg/detail/transition_description__struct.hpp
[2.382s] -- Up-to-date: /home/abdelrhaman/microros_ws/install/lifecycle_msgs/include/lifecycle_msgs/lifecycle_msgs/msg/detail/transition_event__builder.hpp
[2.382s] -- Up-to-date: /home/abdelrhaman/microros_ws/install/lifecycle_msgs/include/lifecycle_msgs/lifecycle_msgs/msg/detail/transition__builder.hpp
[2.382s] -- Up-to-date: /home/abdelrhaman/microros_ws/install/lifecycle_msgs/include/lifecycle_msgs/lifecycle_msgs/msg/detail/transition_description__traits.hpp
[2.382s] -- Up-to-date: /home/abdelrhaman/microros_ws/install/lifecycle_msgs/include/lifecycle_msgs/lifecycle_msgs/msg/detail/transition__struct.hpp
[2.382s] -- Up-to-date: /home/abdelrhaman/microros_ws/install/lifecycle_msgs/include/lifecycle_msgs/lifecycle_msgs/msg/detail/transition__traits.hpp
[2.382s] -- Up-to-date: /home/abdelrhaman/microros_ws/install/lifecycle_msgs/include/lifecycle_msgs/lifecycle_msgs/msg/detail/transition_description__builder.hpp
[2.382s] -- Up-to-date: /home/abdelrhaman/microros_ws/install/lifecycle_msgs/include/lifecycle_msgs/lifecycle_msgs/msg/detail/transition_event__traits.hpp
[2.382s] -- Up-to-date: /home/abdelrhaman/microros_ws/install/lifecycle_msgs/include/lifecycle_msgs/lifecycle_msgs/msg/detail/state__traits.hpp
[2.382s] -- Up-to-date: /home/abdelrhaman/microros_ws/install/lifecycle_msgs/include/lifecycle_msgs/lifecycle_msgs/msg/detail/transition_event__struct.hpp
[2.383s] -- Up-to-date: /home/abdelrhaman/microros_ws/install/lifecycle_msgs/include/lifecycle_msgs/lifecycle_msgs/msg/detail/state__struct.hpp
[2.383s] -- Up-to-date: /home/abdelrhaman/microros_ws/install/lifecycle_msgs/include/lifecycle_msgs/lifecycle_msgs/msg/detail/state__builder.hpp
[2.383s] -- Up-to-date: /home/abdelrhaman/microros_ws/install/lifecycle_msgs/include/lifecycle_msgs/lifecycle_msgs/msg/state.hpp
[2.383s] -- Up-to-date: /home/abdelrhaman/microros_ws/install/lifecycle_msgs/include/lifecycle_msgs/lifecycle_msgs/msg/transition_description.hpp
[2.383s] -- Up-to-date: /home/abdelrhaman/microros_ws/install/lifecycle_msgs/include/lifecycle_msgs/lifecycle_msgs/msg/transition_event.hpp
[2.383s] -- Up-to-date: /home/abdelrhaman/microros_ws/install/lifecycle_msgs/include/lifecycle_msgs/lifecycle_msgs/msg/transition.hpp
[2.383s] -- Up-to-date: /home/abdelrhaman/microros_ws/install/lifecycle_msgs/include/lifecycle_msgs/lifecycle_msgs
[2.383s] -- Up-to-date: /home/abdelrhaman/microros_ws/install/lifecycle_msgs/include/lifecycle_msgs/lifecycle_msgs/srv
[2.383s] -- Up-to-date: /home/abdelrhaman/microros_ws/install/lifecycle_msgs/include/lifecycle_msgs/lifecycle_msgs/srv/detail
[2.383s] -- Up-to-date: /home/abdelrhaman/microros_ws/install/lifecycle_msgs/include/lifecycle_msgs/lifecycle_msgs/srv/detail/get_state__rosidl_typesupport_fastrtps_cpp.hpp
[2.383s] -- Up-to-date: /home/abdelrhaman/microros_ws/install/lifecycle_msgs/include/lifecycle_msgs/lifecycle_msgs/srv/detail/change_state__rosidl_typesupport_fastrtps_cpp.hpp
[2.383s] -- Up-to-date: /home/abdelrhaman/microros_ws/install/lifecycle_msgs/include/lifecycle_msgs/lifecycle_msgs/srv/detail/get_available_states__rosidl_typesupport_fastrtps_cpp.hpp
[2.384s] -- Up-to-date: /home/abdelrhaman/microros_ws/install/lifecycle_msgs/include/lifecycle_msgs/lifecycle_msgs/srv/detail/dds_fastrtps
[2.384s] -- Up-to-date: /home/abdelrhaman/microros_ws/install/lifecycle_msgs/include/lifecycle_msgs/lifecycle_msgs/srv/detail/get_available_transitions__rosidl_typesupport_fastrtps_cpp.hpp
[2.384s] -- Up-to-date: /home/abdelrhaman/microros_ws/install/lifecycle_msgs/include/lifecycle_msgs/lifecycle_msgs/msg
[2.384s] -- Up-to-date: /home/abdelrhaman/microros_ws/install/lifecycle_msgs/include/lifecycle_msgs/lifecycle_msgs/msg/detail
[2.384s] -- Up-to-date: /home/abdelrhaman/microros_ws/install/lifecycle_msgs/include/lifecycle_msgs/lifecycle_msgs/msg/detail/transition_description__rosidl_typesupport_fastrtps_cpp.hpp
[2.384s] -- Up-to-date: /home/abdelrhaman/microros_ws/install/lifecycle_msgs/include/lifecycle_msgs/lifecycle_msgs/msg/detail/transition_event__rosidl_typesupport_fastrtps_cpp.hpp
[2.384s] -- Up-to-date: /home/abdelrhaman/microros_ws/install/lifecycle_msgs/include/lifecycle_msgs/lifecycle_msgs/msg/detail/transition__rosidl_typesupport_fastrtps_cpp.hpp
[2.384s] -- Up-to-date: /home/abdelrhaman/microros_ws/install/lifecycle_msgs/include/lifecycle_msgs/lifecycle_msgs/msg/detail/state__rosidl_typesupport_fastrtps_cpp.hpp
[2.384s] -- Up-to-date: /home/abdelrhaman/microros_ws/install/lifecycle_msgs/include/lifecycle_msgs/lifecycle_msgs/msg/detail/dds_fastrtps
[2.384s] -- Up-to-date: /home/abdelrhaman/microros_ws/install/lifecycle_msgs/include/lifecycle_msgs/lifecycle_msgs/msg/rosidl_typesupport_fastrtps_cpp__visibility_control.h
[2.384s] -- Up-to-date: /home/abdelrhaman/microros_ws/install/lifecycle_msgs/lib/liblifecycle_msgs__rosidl_typesupport_fastrtps_cpp.so
[2.384s] -- Up-to-date: /home/abdelrhaman/microros_ws/install/lifecycle_msgs/include/lifecycle_msgs/lifecycle_msgs
[2.384s] -- Up-to-date: /home/abdelrhaman/microros_ws/install/lifecycle_msgs/include/lifecycle_msgs/lifecycle_msgs/srv
[2.385s] -- Up-to-date: /home/abdelrhaman/microros_ws/install/lifecycle_msgs/include/lifecycle_msgs/lifecycle_msgs/srv/detail
[2.385s] -- Up-to-date: /home/abdelrhaman/microros_ws/install/lifecycle_msgs/include/lifecycle_msgs/lifecycle_msgs/srv/detail/change_state__rosidl_typesupport_introspection_cpp.hpp
[2.385s] -- Up-to-date: /home/abdelrhaman/microros_ws/install/lifecycle_msgs/include/lifecycle_msgs/lifecycle_msgs/srv/detail/get_state__type_support.cpp
[2.385s] -- Up-to-date: /home/abdelrhaman/microros_ws/install/lifecycle_msgs/include/lifecycle_msgs/lifecycle_msgs/srv/detail/get_state__rosidl_typesupport_introspection_cpp.hpp
[2.385s] -- Up-to-date: /home/abdelrhaman/microros_ws/install/lifecycle_msgs/include/lifecycle_msgs/lifecycle_msgs/srv/detail/get_available_transitions__type_support.cpp
[2.385s] -- Up-to-date: /home/abdelrhaman/microros_ws/install/lifecycle_msgs/include/lifecycle_msgs/lifecycle_msgs/srv/detail/get_available_states__type_support.cpp
[2.385s] -- Up-to-date: /home/abdelrhaman/microros_ws/install/lifecycle_msgs/include/lifecycle_msgs/lifecycle_msgs/srv/detail/change_state__type_support.cpp
[2.385s] -- Up-to-date: /home/abdelrhaman/microros_ws/install/lifecycle_msgs/include/lifecycle_msgs/lifecycle_msgs/srv/detail/get_available_transitions__rosidl_typesupport_introspection_cpp.hpp
[2.385s] -- Up-to-date: /home/abdelrhaman/microros_ws/install/lifecycle_msgs/include/lifecycle_msgs/lifecycle_msgs/srv/detail/get_available_states__rosidl_typesupport_introspection_cpp.hpp
[2.385s] -- Up-to-date: /home/abdelrhaman/microros_ws/install/lifecycle_msgs/include/lifecycle_msgs/lifecycle_msgs/msg
[2.385s] -- Up-to-date: /home/abdelrhaman/microros_ws/install/lifecycle_msgs/include/lifecycle_msgs/lifecycle_msgs/msg/detail
[2.385s] -- Up-to-date: /home/abdelrhaman/microros_ws/install/lifecycle_msgs/include/lifecycle_msgs/lifecycle_msgs/msg/detail/state__type_support.cpp
[2.385s] -- Up-to-date: /home/abdelrhaman/microros_ws/install/lifecycle_msgs/include/lifecycle_msgs/lifecycle_msgs/msg/detail/transition_event__type_support.cpp
[2.386s] -- Up-to-date: /home/abdelrhaman/microros_ws/install/lifecycle_msgs/include/lifecycle_msgs/lifecycle_msgs/msg/detail/transition__type_support.cpp
[2.386s] -- Up-to-date: /home/abdelrhaman/microros_ws/install/lifecycle_msgs/include/lifecycle_msgs/lifecycle_msgs/msg/detail/state__rosidl_typesupport_introspection_cpp.hpp
[2.386s] -- Up-to-date: /home/abdelrhaman/microros_ws/install/lifecycle_msgs/include/lifecycle_msgs/lifecycle_msgs/msg/detail/transition__rosidl_typesupport_introspection_cpp.hpp
[2.386s] -- Up-to-date: /home/abdelrhaman/microros_ws/install/lifecycle_msgs/include/lifecycle_msgs/lifecycle_msgs/msg/detail/transition_description__rosidl_typesupport_introspection_cpp.hpp
[2.386s] -- Up-to-date: /home/abdelrhaman/microros_ws/install/lifecycle_msgs/include/lifecycle_msgs/lifecycle_msgs/msg/detail/transition_event__rosidl_typesupport_introspection_cpp.hpp
[2.386s] -- Up-to-date: /home/abdelrhaman/microros_ws/install/lifecycle_msgs/include/lifecycle_msgs/lifecycle_msgs/msg/detail/transition_description__type_support.cpp
[2.386s] -- Up-to-date: /home/abdelrhaman/microros_ws/install/lifecycle_msgs/lib/liblifecycle_msgs__rosidl_typesupport_introspection_cpp.so
[2.386s] -- Installing: /home/abdelrhaman/microros_ws/install/lifecycle_msgs/lib/liblifecycle_msgs__rosidl_typesupport_cpp.so
[2.386s] -- Set runtime path of "/home/abdelrhaman/microros_ws/install/lifecycle_msgs/lib/liblifecycle_msgs__rosidl_typesupport_cpp.so" to ""
[2.386s] -- Up-to-date: /home/abdelrhaman/microros_ws/install/lifecycle_msgs/share/lifecycle_msgs/environment/pythonpath.sh
[2.386s] -- Installing: /home/abdelrhaman/microros_ws/install/lifecycle_msgs/share/lifecycle_msgs/environment/pythonpath.dsv
[2.386s] -- Up-to-date: /home/abdelrhaman/microros_ws/install/lifecycle_msgs/local/lib/python3.10/dist-packages/lifecycle_msgs-1.2.1-py3.10.egg-info
[2.386s] -- Installing: /home/abdelrhaman/microros_ws/install/lifecycle_msgs/local/lib/python3.10/dist-packages/lifecycle_msgs-1.2.1-py3.10.egg-info/PKG-INFO
[2.386s] -- Installing: /home/abdelrhaman/microros_ws/install/lifecycle_msgs/local/lib/python3.10/dist-packages/lifecycle_msgs-1.2.1-py3.10.egg-info/SOURCES.txt
[2.387s] -- Installing: /home/abdelrhaman/microros_ws/install/lifecycle_msgs/local/lib/python3.10/dist-packages/lifecycle_msgs-1.2.1-py3.10.egg-info/top_level.txt
[2.387s] -- Installing: /home/abdelrhaman/microros_ws/install/lifecycle_msgs/local/lib/python3.10/dist-packages/lifecycle_msgs-1.2.1-py3.10.egg-info/dependency_links.txt
[2.387s] -- Up-to-date: /home/abdelrhaman/microros_ws/install/lifecycle_msgs/local/lib/python3.10/dist-packages/lifecycle_msgs
[2.387s] -- Up-to-date: /home/abdelrhaman/microros_ws/install/lifecycle_msgs/local/lib/python3.10/dist-packages/lifecycle_msgs/_lifecycle_msgs_s.ep.rosidl_typesupport_microxrcedds_c.c
[2.387s] -- Up-to-date: /home/abdelrhaman/microros_ws/install/lifecycle_msgs/local/lib/python3.10/dist-packages/lifecycle_msgs/_lifecycle_msgs_s.ep.rosidl_typesupport_introspection_c.c
[2.387s] -- Up-to-date: /home/abdelrhaman/microros_ws/install/lifecycle_msgs/local/lib/python3.10/dist-packages/lifecycle_msgs/srv
[2.387s] -- Up-to-date: /home/abdelrhaman/microros_ws/install/lifecycle_msgs/local/lib/python3.10/dist-packages/lifecycle_msgs/srv/_change_state_s.c
[2.387s] -- Up-to-date: /home/abdelrhaman/microros_ws/install/lifecycle_msgs/local/lib/python3.10/dist-packages/lifecycle_msgs/srv/_get_available_states.py
[2.387s] -- Up-to-date: /home/abdelrhaman/microros_ws/install/lifecycle_msgs/local/lib/python3.10/dist-packages/lifecycle_msgs/srv/__init__.py
[2.387s] -- Up-to-date: /home/abdelrhaman/microros_ws/install/lifecycle_msgs/local/lib/python3.10/dist-packages/lifecycle_msgs/srv/_change_state.py
[2.387s] -- Up-to-date: /home/abdelrhaman/microros_ws/install/lifecycle_msgs/local/lib/python3.10/dist-packages/lifecycle_msgs/srv/_get_state.py
[2.387s] -- Up-to-date: /home/abdelrhaman/microros_ws/install/lifecycle_msgs/local/lib/python3.10/dist-packages/lifecycle_msgs/srv/_get_available_transitions.py
[2.387s] -- Up-to-date: /home/abdelrhaman/microros_ws/install/lifecycle_msgs/local/lib/python3.10/dist-packages/lifecycle_msgs/srv/_get_available_transitions_s.c
[2.388s] -- Up-to-date: /home/abdelrhaman/microros_ws/install/lifecycle_msgs/local/lib/python3.10/dist-packages/lifecycle_msgs/srv/_get_available_states_s.c
[2.388s] -- Up-to-date: /home/abdelrhaman/microros_ws/install/lifecycle_msgs/local/lib/python3.10/dist-packages/lifecycle_msgs/srv/_get_state_s.c
[2.388s] -- Up-to-date: /home/abdelrhaman/microros_ws/install/lifecycle_msgs/local/lib/python3.10/dist-packages/lifecycle_msgs/lifecycle_msgs_s__rosidl_typesupport_microxrcedds_c.cpython-310-x86_64-linux-gnu.so
[2.388s] -- Installing: /home/abdelrhaman/microros_ws/install/lifecycle_msgs/local/lib/python3.10/dist-packages/lifecycle_msgs/liblifecycle_msgs__rosidl_generator_py.so
[2.388s] -- Up-to-date: /home/abdelrhaman/microros_ws/install/lifecycle_msgs/local/lib/python3.10/dist-packages/lifecycle_msgs/_lifecycle_msgs_s.ep.rosidl_typesupport_c.c
[2.388s] -- Installing: /home/abdelrhaman/microros_ws/install/lifecycle_msgs/local/lib/python3.10/dist-packages/lifecycle_msgs/__init__.py
[2.388s] -- Up-to-date: /home/abdelrhaman/microros_ws/install/lifecycle_msgs/local/lib/python3.10/dist-packages/lifecycle_msgs/msg
[2.388s] -- Up-to-date: /home/abdelrhaman/microros_ws/install/lifecycle_msgs/local/lib/python3.10/dist-packages/lifecycle_msgs/msg/_transition.py
[2.388s] -- Up-to-date: /home/abdelrhaman/microros_ws/install/lifecycle_msgs/local/lib/python3.10/dist-packages/lifecycle_msgs/msg/_transition_event_s.c
[2.388s] -- Up-to-date: /home/abdelrhaman/microros_ws/install/lifecycle_msgs/local/lib/python3.10/dist-packages/lifecycle_msgs/msg/_transition_description_s.c
[2.388s] -- Up-to-date: /home/abdelrhaman/microros_ws/install/lifecycle_msgs/local/lib/python3.10/dist-packages/lifecycle_msgs/msg/_state_s.c
[2.389s] -- Up-to-date: /home/abdelrhaman/microros_ws/install/lifecycle_msgs/local/lib/python3.10/dist-packages/lifecycle_msgs/msg/_state.py
[2.389s] -- Up-to-date: /home/abdelrhaman/microros_ws/install/lifecycle_msgs/local/lib/python3.10/dist-packages/lifecycle_msgs/msg/_transition_event.py
[2.389s] -- Up-to-date: /home/abdelrhaman/microros_ws/install/lifecycle_msgs/local/lib/python3.10/dist-packages/lifecycle_msgs/msg/__init__.py
[2.389s] -- Up-to-date: /home/abdelrhaman/microros_ws/install/lifecycle_msgs/local/lib/python3.10/dist-packages/lifecycle_msgs/msg/_transition_description.py
[2.389s] -- Up-to-date: /home/abdelrhaman/microros_ws/install/lifecycle_msgs/local/lib/python3.10/dist-packages/lifecycle_msgs/msg/_transition_s.c
[2.389s] -- Installing: /home/abdelrhaman/microros_ws/install/lifecycle_msgs/local/lib/python3.10/dist-packages/lifecycle_msgs/lifecycle_msgs_s__rosidl_typesupport_c.cpython-310-x86_64-linux-gnu.so
[2.389s] -- Installing: /home/abdelrhaman/microros_ws/install/lifecycle_msgs/local/lib/python3.10/dist-packages/lifecycle_msgs/lifecycle_msgs_s__rosidl_typesupport_introspection_c.cpython-310-x86_64-linux-gnu.so
[2.389s] -- Up-to-date: /home/abdelrhaman/microros_ws/install/lifecycle_msgs/local/lib/python3.10/dist-packages/lifecycle_msgs/_lifecycle_msgs_s.ep.rosidl_typesupport_fastrtps_c.c
[2.389s] -- Installing: /home/abdelrhaman/microros_ws/install/lifecycle_msgs/local/lib/python3.10/dist-packages/lifecycle_msgs/lifecycle_msgs_s__rosidl_typesupport_fastrtps_c.cpython-310-x86_64-linux-gnu.so
[2.423s] Listing '/home/abdelrhaman/microros_ws/install/lifecycle_msgs/local/lib/python3.10/dist-packages/lifecycle_msgs'...
[2.423s] Compiling '/home/abdelrhaman/microros_ws/install/lifecycle_msgs/local/lib/python3.10/dist-packages/lifecycle_msgs/__init__.py'...
[2.423s] Listing '/home/abdelrhaman/microros_ws/install/lifecycle_msgs/local/lib/python3.10/dist-packages/lifecycle_msgs/msg'...
[2.423s] Listing '/home/abdelrhaman/microros_ws/install/lifecycle_msgs/local/lib/python3.10/dist-packages/lifecycle_msgs/srv'...
[2.428s] -- Installing: /home/abdelrhaman/microros_ws/install/lifecycle_msgs/local/lib/python3.10/dist-packages/lifecycle_msgs/lifecycle_msgs_s__rosidl_typesupport_fastrtps_c.cpython-310-x86_64-linux-gnu.so
[2.429s] -- Set runtime path of "/home/abdelrhaman/microros_ws/install/lifecycle_msgs/local/lib/python3.10/dist-packages/lifecycle_msgs/lifecycle_msgs_s__rosidl_typesupport_fastrtps_c.cpython-310-x86_64-linux-gnu.so" to ""
[2.429s] -- Installing: /home/abdelrhaman/microros_ws/install/lifecycle_msgs/local/lib/python3.10/dist-packages/lifecycle_msgs/lifecycle_msgs_s__rosidl_typesupport_introspection_c.cpython-310-x86_64-linux-gnu.so
[2.429s] -- Set runtime path of "/home/abdelrhaman/microros_ws/install/lifecycle_msgs/local/lib/python3.10/dist-packages/lifecycle_msgs/lifecycle_msgs_s__rosidl_typesupport_introspection_c.cpython-310-x86_64-linux-gnu.so" to ""
[2.430s] -- Installing: /home/abdelrhaman/microros_ws/install/lifecycle_msgs/local/lib/python3.10/dist-packages/lifecycle_msgs/lifecycle_msgs_s__rosidl_typesupport_c.cpython-310-x86_64-linux-gnu.so
[2.430s] -- Set runtime path of "/home/abdelrhaman/microros_ws/install/lifecycle_msgs/local/lib/python3.10/dist-packages/lifecycle_msgs/lifecycle_msgs_s__rosidl_typesupport_c.cpython-310-x86_64-linux-gnu.so" to ""
[2.430s] -- Installing: /home/abdelrhaman/microros_ws/install/lifecycle_msgs/lib/liblifecycle_msgs__rosidl_generator_py.so
[2.431s] -- Set runtime path of "/home/abdelrhaman/microros_ws/install/lifecycle_msgs/lib/liblifecycle_msgs__rosidl_generator_py.so" to ""
[2.431s] -- Up-to-date: /home/abdelrhaman/microros_ws/install/lifecycle_msgs/share/lifecycle_msgs/msg/State.idl
[2.431s] -- Up-to-date: /home/abdelrhaman/microros_ws/install/lifecycle_msgs/share/lifecycle_msgs/msg/Transition.idl
[2.431s] -- Up-to-date: /home/abdelrhaman/microros_ws/install/lifecycle_msgs/share/lifecycle_msgs/msg/TransitionDescription.idl
[2.431s] -- Up-to-date: /home/abdelrhaman/microros_ws/install/lifecycle_msgs/share/lifecycle_msgs/msg/TransitionEvent.idl
[2.431s] -- Up-to-date: /home/abdelrhaman/microros_ws/install/lifecycle_msgs/share/lifecycle_msgs/srv/ChangeState.idl
[2.432s] -- Up-to-date: /home/abdelrhaman/microros_ws/install/lifecycle_msgs/share/lifecycle_msgs/srv/GetAvailableStates.idl
[2.432s] -- Up-to-date: /home/abdelrhaman/microros_ws/install/lifecycle_msgs/share/lifecycle_msgs/srv/GetAvailableTransitions.idl
[2.432s] -- Up-to-date: /home/abdelrhaman/microros_ws/install/lifecycle_msgs/share/lifecycle_msgs/srv/GetState.idl
[2.432s] -- Up-to-date: /home/abdelrhaman/microros_ws/install/lifecycle_msgs/share/lifecycle_msgs/msg/State.msg
[2.432s] -- Up-to-date: /home/abdelrhaman/microros_ws/install/lifecycle_msgs/share/lifecycle_msgs/msg/Transition.msg
[2.432s] -- Up-to-date: /home/abdelrhaman/microros_ws/install/lifecycle_msgs/share/lifecycle_msgs/msg/TransitionDescription.msg
[2.432s] -- Up-to-date: /home/abdelrhaman/microros_ws/install/lifecycle_msgs/share/lifecycle_msgs/msg/TransitionEvent.msg
[2.432s] -- Up-to-date: /home/abdelrhaman/microros_ws/install/lifecycle_msgs/share/lifecycle_msgs/srv/ChangeState.srv
[2.432s] -- Up-to-date: /home/abdelrhaman/microros_ws/install/lifecycle_msgs/share/lifecycle_msgs/srv/ChangeState_Request.msg
[2.432s] -- Up-to-date: /home/abdelrhaman/microros_ws/install/lifecycle_msgs/share/lifecycle_msgs/srv/ChangeState_Response.msg
[2.432s] -- Up-to-date: /home/abdelrhaman/microros_ws/install/lifecycle_msgs/share/lifecycle_msgs/srv/GetAvailableStates.srv
[2.433s] -- Up-to-date: /home/abdelrhaman/microros_ws/install/lifecycle_msgs/share/lifecycle_msgs/srv/GetAvailableStates_Request.msg
[2.433s] -- Up-to-date: /home/abdelrhaman/microros_ws/install/lifecycle_msgs/share/lifecycle_msgs/srv/GetAvailableStates_Response.msg
[2.433s] -- Up-to-date: /home/abdelrhaman/microros_ws/install/lifecycle_msgs/share/lifecycle_msgs/srv/GetAvailableTransitions.srv
[2.433s] -- Up-to-date: /home/abdelrhaman/microros_ws/install/lifecycle_msgs/share/lifecycle_msgs/srv/GetAvailableTransitions_Request.msg
[2.433s] -- Up-to-date: /home/abdelrhaman/microros_ws/install/lifecycle_msgs/share/lifecycle_msgs/srv/GetAvailableTransitions_Response.msg
[2.433s] -- Up-to-date: /home/abdelrhaman/microros_ws/install/lifecycle_msgs/share/lifecycle_msgs/srv/GetState.srv
[2.433s] -- Up-to-date: /home/abdelrhaman/microros_ws/install/lifecycle_msgs/share/lifecycle_msgs/srv/GetState_Request.msg
[2.433s] -- Up-to-date: /home/abdelrhaman/microros_ws/install/lifecycle_msgs/share/lifecycle_msgs/srv/GetState_Response.msg
[2.433s] -- Up-to-date: /home/abdelrhaman/microros_ws/install/lifecycle_msgs/share/ament_index/resource_index/package_run_dependencies/lifecycle_msgs
[2.433s] -- Installing: /home/abdelrhaman/microros_ws/install/lifecycle_msgs/share/ament_index/resource_index/parent_prefix_path/lifecycle_msgs
[2.433s] -- Up-to-date: /home/abdelrhaman/microros_ws/install/lifecycle_msgs/share/lifecycle_msgs/environment/ament_prefix_path.sh
[2.433s] -- Installing: /home/abdelrhaman/microros_ws/install/lifecycle_msgs/share/lifecycle_msgs/environment/ament_prefix_path.dsv
[2.434s] -- Up-to-date: /home/abdelrhaman/microros_ws/install/lifecycle_msgs/share/lifecycle_msgs/environment/path.sh
[2.434s] -- Installing: /home/abdelrhaman/microros_ws/install/lifecycle_msgs/share/lifecycle_msgs/environment/path.dsv
[2.434s] -- Up-to-date: /home/abdelrhaman/microros_ws/install/lifecycle_msgs/share/lifecycle_msgs/local_setup.bash
[2.434s] -- Up-to-date: /home/abdelrhaman/microros_ws/install/lifecycle_msgs/share/lifecycle_msgs/local_setup.sh
[2.434s] -- Up-to-date: /home/abdelrhaman/microros_ws/install/lifecycle_msgs/share/lifecycle_msgs/local_setup.zsh
[2.434s] -- Installing: /home/abdelrhaman/microros_ws/install/lifecycle_msgs/share/lifecycle_msgs/local_setup.dsv
[2.434s] -- Installing: /home/abdelrhaman/microros_ws/install/lifecycle_msgs/share/lifecycle_msgs/package.dsv
[2.434s] -- Up-to-date: /home/abdelrhaman/microros_ws/install/lifecycle_msgs/share/ament_index/resource_index/packages/lifecycle_msgs
[2.434s] -- Up-to-date: /home/abdelrhaman/microros_ws/install/lifecycle_msgs/share/lifecycle_msgs/cmake/export_lifecycle_msgs__rosidl_generator_cExport.cmake
[2.434s] -- Up-to-date: /home/abdelrhaman/microros_ws/install/lifecycle_msgs/share/lifecycle_msgs/cmake/export_lifecycle_msgs__rosidl_generator_cExport-noconfig.cmake
[2.435s] -- Up-to-date: /home/abdelrhaman/microros_ws/install/lifecycle_msgs/share/lifecycle_msgs/cmake/export_lifecycle_msgs__rosidl_typesupport_fastrtps_cExport.cmake
[2.435s] -- Up-to-date: /home/abdelrhaman/microros_ws/install/lifecycle_msgs/share/lifecycle_msgs/cmake/export_lifecycle_msgs__rosidl_typesupport_fastrtps_cExport-noconfig.cmake
[2.435s] -- Up-to-date: /home/abdelrhaman/microros_ws/install/lifecycle_msgs/share/lifecycle_msgs/cmake/lifecycle_msgs__rosidl_typesupport_introspection_cExport.cmake
[2.435s] -- Up-to-date: /home/abdelrhaman/microros_ws/install/lifecycle_msgs/share/lifecycle_msgs/cmake/lifecycle_msgs__rosidl_typesupport_introspection_cExport-noconfig.cmake
[2.435s] -- Up-to-date: /home/abdelrhaman/microros_ws/install/lifecycle_msgs/share/lifecycle_msgs/cmake/lifecycle_msgs__rosidl_typesupport_cExport.cmake
[2.435s] -- Up-to-date: /home/abdelrhaman/microros_ws/install/lifecycle_msgs/share/lifecycle_msgs/cmake/lifecycle_msgs__rosidl_typesupport_cExport-noconfig.cmake
[2.436s] -- Up-to-date: /home/abdelrhaman/microros_ws/install/lifecycle_msgs/share/lifecycle_msgs/cmake/export_lifecycle_msgs__rosidl_generator_cppExport.cmake
[2.436s] -- Up-to-date: /home/abdelrhaman/microros_ws/install/lifecycle_msgs/share/lifecycle_msgs/cmake/export_lifecycle_msgs__rosidl_typesupport_fastrtps_cppExport.cmake
[2.436s] -- Up-to-date: /home/abdelrhaman/microros_ws/install/lifecycle_msgs/share/lifecycle_msgs/cmake/export_lifecycle_msgs__rosidl_typesupport_fastrtps_cppExport-noconfig.cmake
[2.436s] -- Up-to-date: /home/abdelrhaman/microros_ws/install/lifecycle_msgs/share/lifecycle_msgs/cmake/lifecycle_msgs__rosidl_typesupport_introspection_cppExport.cmake
[2.436s] -- Up-to-date: /home/abdelrhaman/microros_ws/install/lifecycle_msgs/share/lifecycle_msgs/cmake/lifecycle_msgs__rosidl_typesupport_introspection_cppExport-noconfig.cmake
[2.436s] -- Up-to-date: /home/abdelrhaman/microros_ws/install/lifecycle_msgs/share/lifecycle_msgs/cmake/lifecycle_msgs__rosidl_typesupport_cppExport.cmake
[2.436s] -- Up-to-date: /home/abdelrhaman/microros_ws/install/lifecycle_msgs/share/lifecycle_msgs/cmake/lifecycle_msgs__rosidl_typesupport_cppExport-noconfig.cmake
[2.437s] -- Up-to-date: /home/abdelrhaman/microros_ws/install/lifecycle_msgs/share/lifecycle_msgs/cmake/export_lifecycle_msgs__rosidl_generator_pyExport.cmake
[2.437s] -- Up-to-date: /home/abdelrhaman/microros_ws/install/lifecycle_msgs/share/lifecycle_msgs/cmake/export_lifecycle_msgs__rosidl_generator_pyExport-noconfig.cmake
[2.437s] -- Up-to-date: /home/abdelrhaman/microros_ws/install/lifecycle_msgs/share/lifecycle_msgs/cmake/rosidl_cmake-extras.cmake
[2.437s] -- Installing: /home/abdelrhaman/microros_ws/install/lifecycle_msgs/share/lifecycle_msgs/cmake/ament_cmake_export_include_directories-extras.cmake
[2.437s] -- Up-to-date: /home/abdelrhaman/microros_ws/install/lifecycle_msgs/share/lifecycle_msgs/cmake/ament_cmake_export_libraries-extras.cmake
[2.437s] -- Up-to-date: /home/abdelrhaman/microros_ws/install/lifecycle_msgs/share/lifecycle_msgs/cmake/ament_cmake_export_targets-extras.cmake
[2.437s] -- Up-to-date: /home/abdelrhaman/microros_ws/install/lifecycle_msgs/share/lifecycle_msgs/cmake/rosidl_cmake_export_typesupport_targets-extras.cmake
[2.437s] -- Up-to-date: /home/abdelrhaman/microros_ws/install/lifecycle_msgs/share/lifecycle_msgs/cmake/ament_cmake_export_dependencies-extras.cmake
[2.437s] -- Installing: /home/abdelrhaman/microros_ws/install/lifecycle_msgs/share/lifecycle_msgs/cmake/rosidl_cmake_export_typesupport_libraries-extras.cmake
[2.438s] -- Up-to-date: /home/abdelrhaman/microros_ws/install/lifecycle_msgs/share/lifecycle_msgs/cmake/lifecycle_msgsConfig.cmake
[2.438s] -- Up-to-date: /home/abdelrhaman/microros_ws/install/lifecycle_msgs/share/lifecycle_msgs/cmake/lifecycle_msgsConfig-version.cmake
[2.438s] -- Up-to-date: /home/abdelrhaman/microros_ws/install/lifecycle_msgs/share/lifecycle_msgs/package.xml
[2.441s] Invoked command in '/home/abdelrhaman/microros_ws/build/lifecycle_msgs' returned '0': CMAKE_PREFIX_PATH=/home/abdelrhaman/ros/install/my_robot_controller:/opt/ros/humble /usr/bin/cmake --install /home/abdelrhaman/microros_ws/build/lifecycle_msgs
