[0.021s] Invoking command in '/home/abdelrhaman/microros_ws/build/micro_ros_utilities': CMAKE_PREFIX_PATH=${CMAKE_PREFIX_PATH}:/home/abdelrhaman/ros/install/my_robot_controller:/opt/ros/humble /usr/bin/cmake /home/abdelrhaman/microros_ws/src/uros/micro_ros_utilities -DBUILD_TESTING=OFF -DBUILD_SHARED_LIBS=ON -DCMAKE_INSTALL_PREFIX=/home/abdelrhaman/microros_ws/install/micro_ros_utilities
[0.070s] -- The C compiler identification is GNU 11.4.0
[0.135s] -- The CXX compiler identification is GNU 11.4.0
[0.144s] -- Detecting C compiler ABI info
[0.199s] -- Detecting C compiler ABI info - done
[0.207s] -- Check for working C compiler: /usr/bin/cc - skipped
[0.207s] -- Detecting C compile features
[0.208s] -- Detecting C compile features - done
[0.210s] -- Detecting CXX compiler ABI info
[0.279s] -- Detecting CXX compiler ABI info - done
[0.284s] -- Check for working CXX compiler: /usr/bin/c++ - skipped
[0.284s] -- Detecting CXX compile features
[0.284s] -- Detecting CXX compile features - done
[0.287s] -- Found ament_cmake: 1.3.10 (/opt/ros/humble/share/ament_cmake/cmake)
[0.880s] -- Found Python3: /usr/bin/python3 (found version "3.10.12") found components: Interpreter 
[0.966s] -- Found rosidl_typesupport_introspection_c: 3.1.5 (/opt/ros/humble/share/rosidl_typesupport_introspection_c/cmake)
[0.971s] -- Found rosidl_adapter: 3.1.5 (/opt/ros/humble/share/rosidl_adapter/cmake)
[1.038s] -- Configuring done
[1.040s] -- Generating done
[1.041s] -- Build files have been written to: /home/abdelrhaman/microros_ws/build/micro_ros_utilities
[1.045s] Invoked command in '/home/abdelrhaman/microros_ws/build/micro_ros_utilities' returned '0': CMAKE_PREFIX_PATH=${CMAKE_PREFIX_PATH}:/home/abdelrhaman/ros/install/my_robot_controller:/opt/ros/humble /usr/bin/cmake /home/abdelrhaman/microros_ws/src/uros/micro_ros_utilities -DBUILD_TESTING=OFF -DBUILD_SHARED_LIBS=ON -DCMAKE_INSTALL_PREFIX=/home/abdelrhaman/microros_ws/install/micro_ros_utilities
[1.047s] Invoking command in '/home/abdelrhaman/microros_ws/build/micro_ros_utilities': CMAKE_PREFIX_PATH=${CMAKE_PREFIX_PATH}:/home/abdelrhaman/ros/install/my_robot_controller:/opt/ros/humble /usr/bin/cmake --build /home/abdelrhaman/microros_ws/build/micro_ros_utilities -- -j20 -l20
[1.091s] [ 66%] [32mBuilding C object CMakeFiles/micro_ros_utilities.dir/src/type_utilities.c.o[0m
[1.092s] [ 66%] [32mBuilding C object CMakeFiles/micro_ros_utilities.dir/src/string_utilities.c.o[0m
[1.158s] [100%] [32m[1mLinking C shared library libmicro_ros_utilities.so[0m
[1.195s] [100%] Built target micro_ros_utilities
[1.207s] Invoked command in '/home/abdelrhaman/microros_ws/build/micro_ros_utilities' returned '0': CMAKE_PREFIX_PATH=${CMAKE_PREFIX_PATH}:/home/abdelrhaman/ros/install/my_robot_controller:/opt/ros/humble /usr/bin/cmake --build /home/abdelrhaman/microros_ws/build/micro_ros_utilities -- -j20 -l20
[1.235s] Invoking command in '/home/abdelrhaman/microros_ws/build/micro_ros_utilities': CMAKE_PREFIX_PATH=${CMAKE_PREFIX_PATH}:/home/abdelrhaman/ros/install/my_robot_controller:/opt/ros/humble /usr/bin/cmake --install /home/abdelrhaman/microros_ws/build/micro_ros_utilities
[1.243s] -- Install configuration: ""
[1.243s] -- Installing: /home/abdelrhaman/microros_ws/install/micro_ros_utilities/include
[1.243s] -- Installing: /home/abdelrhaman/microros_ws/install/micro_ros_utilities/include/micro_ros_utilities
[1.243s] -- Installing: /home/abdelrhaman/microros_ws/install/micro_ros_utilities/include/micro_ros_utilities/string_utilities.h
[1.243s] -- Installing: /home/abdelrhaman/microros_ws/install/micro_ros_utilities/include/micro_ros_utilities/visibility_control.h
[1.243s] -- Installing: /home/abdelrhaman/microros_ws/install/micro_ros_utilities/include/micro_ros_utilities/type_utilities.h
[1.244s] -- Installing: /home/abdelrhaman/microros_ws/install/micro_ros_utilities/lib/libmicro_ros_utilities.so
[1.244s] -- Set runtime path of "/home/abdelrhaman/microros_ws/install/micro_ros_utilities/lib/libmicro_ros_utilities.so" to ""
[1.244s] -- Installing: /home/abdelrhaman/microros_ws/install/micro_ros_utilities/share/micro_ros_utilities/environment/library_path.sh
[1.244s] -- Installing: /home/abdelrhaman/microros_ws/install/micro_ros_utilities/share/micro_ros_utilities/environment/library_path.dsv
[1.244s] -- Installing: /home/abdelrhaman/microros_ws/install/micro_ros_utilities/share/ament_index/resource_index/package_run_dependencies/micro_ros_utilities
[1.244s] -- Installing: /home/abdelrhaman/microros_ws/install/micro_ros_utilities/share/ament_index/resource_index/parent_prefix_path/micro_ros_utilities
[1.244s] -- Installing: /home/abdelrhaman/microros_ws/install/micro_ros_utilities/share/micro_ros_utilities/environment/ament_prefix_path.sh
[1.244s] -- Installing: /home/abdelrhaman/microros_ws/install/micro_ros_utilities/share/micro_ros_utilities/environment/ament_prefix_path.dsv
[1.244s] -- Installing: /home/abdelrhaman/microros_ws/install/micro_ros_utilities/share/micro_ros_utilities/environment/path.sh
[1.244s] -- Installing: /home/abdelrhaman/microros_ws/install/micro_ros_utilities/share/micro_ros_utilities/environment/path.dsv
[1.245s] -- Installing: /home/abdelrhaman/microros_ws/install/micro_ros_utilities/share/micro_ros_utilities/local_setup.bash
[1.245s] -- Installing: /home/abdelrhaman/microros_ws/install/micro_ros_utilities/share/micro_ros_utilities/local_setup.sh
[1.245s] -- Installing: /home/abdelrhaman/microros_ws/install/micro_ros_utilities/share/micro_ros_utilities/local_setup.zsh
[1.245s] -- Installing: /home/abdelrhaman/microros_ws/install/micro_ros_utilities/share/micro_ros_utilities/local_setup.dsv
[1.245s] -- Installing: /home/abdelrhaman/microros_ws/install/micro_ros_utilities/share/micro_ros_utilities/package.dsv
[1.245s] -- Installing: /home/abdelrhaman/microros_ws/install/micro_ros_utilities/share/ament_index/resource_index/packages/micro_ros_utilities
[1.245s] -- Installing: /home/abdelrhaman/microros_ws/install/micro_ros_utilities/share/micro_ros_utilities/cmake/ament_cmake_export_include_directories-extras.cmake
[1.245s] -- Installing: /home/abdelrhaman/microros_ws/install/micro_ros_utilities/share/micro_ros_utilities/cmake/ament_cmake_export_libraries-extras.cmake
[1.245s] -- Installing: /home/abdelrhaman/microros_ws/install/micro_ros_utilities/share/micro_ros_utilities/cmake/ament_cmake_export_dependencies-extras.cmake
[1.245s] -- Installing: /home/abdelrhaman/microros_ws/install/micro_ros_utilities/share/micro_ros_utilities/cmake/micro_ros_utilitiesConfig.cmake
[1.245s] -- Installing: /home/abdelrhaman/microros_ws/install/micro_ros_utilities/share/micro_ros_utilities/cmake/micro_ros_utilitiesConfig-version.cmake
[1.246s] -- Installing: /home/abdelrhaman/microros_ws/install/micro_ros_utilities/share/micro_ros_utilities/package.xml
[1.247s] Invoked command in '/home/abdelrhaman/microros_ws/build/micro_ros_utilities' returned '0': CMAKE_PREFIX_PATH=${CMAKE_PREFIX_PATH}:/home/abdelrhaman/ros/install/my_robot_controller:/opt/ros/humble /usr/bin/cmake --install /home/abdelrhaman/microros_ws/build/micro_ros_utilities
