[0.035s] Invoking command in '/home/abdelrhaman/microros_ws/build/statistics_msgs': AMENT_PREFIX_PATH=/home/abdelrhaman/microros_ws/install/builtin_interfaces:${AMENT_PREFIX_PATH} CMAKE_PREFIX_PATH=/home/abdelrhaman/microros_ws/install/builtin_interfaces:/home/abdelrhaman/microros_ws/install/rosidl_typesupport_microxrcedds_cpp:/home/abdelrhaman/microros_ws/install/rosidl_typesupport_microxrcedds_c:/home/abdelrhaman/microros_ws/install/microcdr:/home/abdelrhaman/microros_ws/install/micro_ros_setup:/home/abdelrhaman/ros/install/my_robot_controller:/opt/ros/humble LD_LIBRARY_PATH=/home/abdelrhaman/microros_ws/install/builtin_interfaces/lib:${LD_LIBRARY_PATH} PYTHONPATH=/home/abdelrhaman/microros_ws/install/builtin_interfaces/local/lib/python3.10/dist-packages:${PYTHONPATH} /usr/bin/cmake /home/abdelrhaman/microros_ws/src/ros2/rcl_interfaces/statistics_msgs -DBUILD_TESTING=OFF -DBUILD_SHARED_LIBS=ON -DCMAKE_INSTALL_PREFIX=/home/abdelrhaman/microros_ws/install/statistics_msgs
[0.085s] -- The C compiler identification is GNU 11.4.0
[0.148s] -- The CXX compiler identification is GNU 11.4.0
[0.156s] -- Detecting C compiler ABI info
[0.215s] -- Detecting C compiler ABI info - done
[0.224s] -- Check for working C compiler: /usr/bin/cc - skipped
[0.224s] -- Detecting C compile features
[0.225s] -- Detecting C compile features - done
[0.228s] -- Detecting CXX compiler ABI info
[0.293s] -- Detecting CXX compiler ABI info - done
[0.300s] -- Check for working CXX compiler: /usr/bin/c++ - skipped
[0.300s] -- Detecting CXX compile features
[0.301s] -- Detecting CXX compile features - done
[0.302s] -- Found ament_cmake: 1.3.10 (/opt/ros/humble/share/ament_cmake/cmake)
[0.834s] -- Found Python3: /usr/bin/python3 (found version "3.10.12") found components: Interpreter 
[0.975s] -- Found builtin_interfaces: 1.2.1 (/home/abdelrhaman/microros_ws/install/builtin_interfaces/share/builtin_interfaces/cmake)
[1.018s] -- Found rosidl_generator_c: 3.1.5 (/opt/ros/humble/share/rosidl_generator_c/cmake)
[1.026s] -- Found rosidl_adapter: 3.1.5 (/opt/ros/humble/share/rosidl_adapter/cmake)
[1.040s] -- Found rosidl_generator_cpp: 3.1.5 (/opt/ros/humble/share/rosidl_generator_cpp/cmake)
[1.082s] -- Using all available rosidl_typesupport_c: rosidl_typesupport_microxrcedds_c;rosidl_typesupport_fastrtps_c;rosidl_typesupport_introspection_c
[1.122s] -- Using all available rosidl_typesupport_cpp: rosidl_typesupport_microxrcedds_cpp;rosidl_typesupport_fastrtps_cpp;rosidl_typesupport_introspection_cpp
[1.156s] -- Found rosidl_default_generators: 1.2.0 (/opt/ros/humble/share/rosidl_default_generators/cmake)
[1.460s] -- Found ament_cmake_ros: 0.10.0 (/opt/ros/humble/share/ament_cmake_ros/cmake)
[1.856s] -- Using all available rosidl_typesupport_c: rosidl_typesupport_microxrcedds_c;rosidl_typesupport_fastrtps_c;rosidl_typesupport_introspection_c
[2.055s] -- Using all available rosidl_typesupport_cpp: rosidl_typesupport_microxrcedds_cpp;rosidl_typesupport_fastrtps_cpp;rosidl_typesupport_introspection_cpp
[2.084s] -- Found PythonInterp: /usr/bin/python3 (found suitable version "3.10.12", minimum required is "3.6") 
[2.085s] -- Found python_cmake_module: 0.10.0 (/opt/ros/humble/share/python_cmake_module/cmake)
[2.115s] -- Found PythonLibs: /usr/lib/x86_64-linux-gnu/libpython3.10.so (found suitable version "3.10.12", minimum required is "3.5") 
[2.116s] -- Using PYTHON_EXECUTABLE: /usr/bin/python3
[2.116s] -- Using PYTHON_INCLUDE_DIRS: /usr/include/python3.10
[2.116s] -- Using PYTHON_LIBRARIES: /usr/lib/x86_64-linux-gnu/libpython3.10.so
[2.145s] -- Found PythonExtra: .so  
[2.199s] -- Configuring done
[2.250s] -- Generating done
[2.252s] -- Build files have been written to: /home/abdelrhaman/microros_ws/build/statistics_msgs
[2.270s] Invoked command in '/home/abdelrhaman/microros_ws/build/statistics_msgs' returned '0': AMENT_PREFIX_PATH=/home/abdelrhaman/microros_ws/install/builtin_interfaces:${AMENT_PREFIX_PATH} CMAKE_PREFIX_PATH=/home/abdelrhaman/microros_ws/install/builtin_interfaces:/home/abdelrhaman/microros_ws/install/rosidl_typesupport_microxrcedds_cpp:/home/abdelrhaman/microros_ws/install/rosidl_typesupport_microxrcedds_c:/home/abdelrhaman/microros_ws/install/microcdr:/home/abdelrhaman/microros_ws/install/micro_ros_setup:/home/abdelrhaman/ros/install/my_robot_controller:/opt/ros/humble LD_LIBRARY_PATH=/home/abdelrhaman/microros_ws/install/builtin_interfaces/lib:${LD_LIBRARY_PATH} PYTHONPATH=/home/abdelrhaman/microros_ws/install/builtin_interfaces/local/lib/python3.10/dist-packages:${PYTHONPATH} /usr/bin/cmake /home/abdelrhaman/microros_ws/src/ros2/rcl_interfaces/statistics_msgs -DBUILD_TESTING=OFF -DBUILD_SHARED_LIBS=ON -DCMAKE_INSTALL_PREFIX=/home/abdelrhaman/microros_ws/install/statistics_msgs
[2.270s] Invoking command in '/home/abdelrhaman/microros_ws/build/statistics_msgs': AMENT_PREFIX_PATH=/home/abdelrhaman/microros_ws/install/builtin_interfaces:${AMENT_PREFIX_PATH} CMAKE_PREFIX_PATH=/home/abdelrhaman/microros_ws/install/builtin_interfaces:/home/abdelrhaman/microros_ws/install/rosidl_typesupport_microxrcedds_cpp:/home/abdelrhaman/microros_ws/install/rosidl_typesupport_microxrcedds_c:/home/abdelrhaman/microros_ws/install/microcdr:/home/abdelrhaman/microros_ws/install/micro_ros_setup:/home/abdelrhaman/ros/install/my_robot_controller:/opt/ros/humble LD_LIBRARY_PATH=/home/abdelrhaman/microros_ws/install/builtin_interfaces/lib:${LD_LIBRARY_PATH} PYTHONPATH=/home/abdelrhaman/microros_ws/install/builtin_interfaces/local/lib/python3.10/dist-packages:${PYTHONPATH} /usr/bin/cmake --build /home/abdelrhaman/microros_ws/build/statistics_msgs -- -j20 -l20
[2.365s] [  1%] [34m[1mGenerating C code for ROS interfaces[0m
[2.386s] [  3%] [34m[1mGenerating C++ code for ROS interfaces[0m
[2.419s] [  3%] Built target ament_cmake_python_copy_statistics_msgs
[3.444s] [  3%] Built target statistics_msgs__cpp
[3.472s] [  5%] [34m[1mGenerating C++ type support dispatch for ROS interfaces[0m
[3.487s] [  6%] [34m[1mGenerating C++ type support for eProsima Fast-RTPS[0m
[3.487s] [  8%] [34m[1mGenerating C++ introspection for ROS interfaces[0m
[3.487s] [ 10%] [34m[1mGenerating C++ type support for eProsima Micro XRCE-DDS[0m
[3.522s] [ 11%] [32mBuilding C object CMakeFiles/statistics_msgs__rosidl_generator_c.dir/rosidl_generator_c/statistics_msgs/msg/detail/statistic_data_point__functions.c.o[0m
[3.522s] [ 13%] [32mBuilding C object CMakeFiles/statistics_msgs__rosidl_generator_c.dir/rosidl_generator_c/statistics_msgs/msg/detail/metrics_message__functions.c.o[0m
[3.531s] [ 15%] [32mBuilding C object CMakeFiles/statistics_msgs__rosidl_generator_c.dir/rosidl_generator_c/statistics_msgs/msg/detail/statistic_data_type__functions.c.o[0m
[3.666s] running egg_info
[3.668s] creating statistics_msgs.egg-info
[3.761s] writing statistics_msgs.egg-info/PKG-INFO
[3.768s] [ 16%] [32m[1mLinking C shared library libstatistics_msgs__rosidl_generator_c.so[0m
[3.809s] writing dependency_links to statistics_msgs.egg-info/dependency_links.txt
[3.935s] [ 16%] Built target statistics_msgs__rosidl_generator_c
[3.980s] [ 18%] [34m[1mGenerating C type support for eProsima Micro XRCE-DDS[0m
[3.982s] [ 20%] [34m[1mGenerating C introspection for ROS interfaces[0m
[3.984s] [ 22%] [34m[1mGenerating C type support for eProsima Fast-RTPS[0m
[4.000s] [ 23%] [34m[1mGenerating C type support dispatch for ROS interfaces[0m
[4.927s] writing top-level names to statistics_msgs.egg-info/top_level.txt
[4.927s] writing manifest file 'statistics_msgs.egg-info/SOURCES.txt'
[4.953s] [ 25%] [32mBuilding CXX object CMakeFiles/statistics_msgs__rosidl_typesupport_fastrtps_cpp.dir/rosidl_typesupport_fastrtps_cpp/statistics_msgs/msg/detail/dds_fastrtps/metrics_message__type_support.cpp.o[0m
[4.955s] [ 27%] [32mBuilding CXX object CMakeFiles/statistics_msgs__rosidl_typesupport_fastrtps_cpp.dir/rosidl_typesupport_fastrtps_cpp/statistics_msgs/msg/detail/dds_fastrtps/statistic_data_point__type_support.cpp.o[0m
[4.981s] [ 28%] [32mBuilding CXX object CMakeFiles/statistics_msgs__rosidl_typesupport_fastrtps_cpp.dir/rosidl_typesupport_fastrtps_cpp/statistics_msgs/msg/detail/dds_fastrtps/statistic_data_type__type_support.cpp.o[0m
[5.166s] [ 30%] [32mBuilding CXX object CMakeFiles/statistics_msgs__rosidl_typesupport_microxrcedds_cpp.dir/rosidl_typesupport_microxrcedds_cpp/statistics_msgs/msg/detail/microxrcedds/statistic_data_point__type_support_cpp.cpp.o[0m
[5.171s] [ 32%] [32mBuilding CXX object CMakeFiles/statistics_msgs__rosidl_typesupport_microxrcedds_cpp.dir/rosidl_typesupport_microxrcedds_cpp/statistics_msgs/msg/detail/microxrcedds/metrics_message__type_support_cpp.cpp.o[0m
[5.172s] [ 33%] [32mBuilding CXX object CMakeFiles/statistics_msgs__rosidl_typesupport_microxrcedds_cpp.dir/rosidl_typesupport_microxrcedds_cpp/statistics_msgs/msg/detail/microxrcedds/statistic_data_type__type_support_cpp.cpp.o[0m
[5.374s] reading manifest file 'statistics_msgs.egg-info/SOURCES.txt'
[5.374s] writing manifest file 'statistics_msgs.egg-info/SOURCES.txt'
[5.472s] [ 35%] [32mBuilding CXX object CMakeFiles/statistics_msgs__rosidl_typesupport_introspection_cpp.dir/rosidl_typesupport_introspection_cpp/statistics_msgs/msg/detail/metrics_message__type_support.cpp.o[0m
[5.485s] [ 37%] [32mBuilding CXX object CMakeFiles/statistics_msgs__rosidl_typesupport_introspection_cpp.dir/rosidl_typesupport_introspection_cpp/statistics_msgs/msg/detail/statistic_data_point__type_support.cpp.o[0m
[5.492s] [ 38%] [32mBuilding CXX object CMakeFiles/statistics_msgs__rosidl_typesupport_introspection_cpp.dir/rosidl_typesupport_introspection_cpp/statistics_msgs/msg/detail/statistic_data_type__type_support.cpp.o[0m
[5.532s] [ 40%] [32mBuilding CXX object CMakeFiles/statistics_msgs__rosidl_typesupport_c.dir/rosidl_typesupport_c/statistics_msgs/msg/metrics_message__type_support.cpp.o[0m
[5.543s] [ 42%] [32mBuilding CXX object CMakeFiles/statistics_msgs__rosidl_typesupport_c.dir/rosidl_typesupport_c/statistics_msgs/msg/statistic_data_type__type_support.cpp.o[0m
[5.544s] [ 44%] [32mBuilding CXX object CMakeFiles/statistics_msgs__rosidl_typesupport_c.dir/rosidl_typesupport_c/statistics_msgs/msg/statistic_data_point__type_support.cpp.o[0m
[5.595s] [ 45%] [32mBuilding C object CMakeFiles/statistics_msgs__rosidl_typesupport_introspection_c.dir/rosidl_typesupport_introspection_c/statistics_msgs/msg/detail/metrics_message__type_support.c.o[0m
[5.598s] [ 47%] [32mBuilding C object CMakeFiles/statistics_msgs__rosidl_typesupport_introspection_c.dir/rosidl_typesupport_introspection_c/statistics_msgs/msg/detail/statistic_data_type__type_support.c.o[0m
[5.609s] [ 49%] [32mBuilding C object CMakeFiles/statistics_msgs__rosidl_typesupport_introspection_c.dir/rosidl_typesupport_introspection_c/statistics_msgs/msg/detail/statistic_data_point__type_support.c.o[0m
[5.675s] [ 50%] [32m[1mLinking CXX shared library libstatistics_msgs__rosidl_typesupport_c.so[0m
[5.690s] [ 52%] [32mBuilding CXX object CMakeFiles/statistics_msgs__rosidl_typesupport_cpp.dir/rosidl_typesupport_cpp/statistics_msgs/msg/metrics_message__type_support.cpp.o[0m
[5.723s] [ 54%] [32mBuilding CXX object CMakeFiles/statistics_msgs__rosidl_typesupport_cpp.dir/rosidl_typesupport_cpp/statistics_msgs/msg/statistic_data_point__type_support.cpp.o[0m
[5.731s] [ 55%] [32mBuilding CXX object CMakeFiles/statistics_msgs__rosidl_typesupport_cpp.dir/rosidl_typesupport_cpp/statistics_msgs/msg/statistic_data_type__type_support.cpp.o[0m
[5.746s] [ 55%] Built target ament_cmake_python_build_statistics_msgs_egg
[5.824s] [ 57%] [32m[1mLinking C shared library libstatistics_msgs__rosidl_typesupport_introspection_c.so[0m
[5.871s] [ 57%] Built target statistics_msgs__rosidl_typesupport_c
[5.970s] [ 59%] [32mBuilding CXX object CMakeFiles/statistics_msgs__rosidl_typesupport_fastrtps_c.dir/rosidl_typesupport_fastrtps_c/statistics_msgs/msg/detail/metrics_message__type_support_c.cpp.o[0m
[5.971s] [ 59%] Built target statistics_msgs__rosidl_typesupport_introspection_c
[5.971s] [ 61%] [32mBuilding CXX object CMakeFiles/statistics_msgs__rosidl_typesupport_fastrtps_c.dir/rosidl_typesupport_fastrtps_c/statistics_msgs/msg/detail/statistic_data_type__type_support_c.cpp.o[0m
[5.982s] [ 62%] [32mBuilding CXX object CMakeFiles/statistics_msgs__rosidl_typesupport_fastrtps_c.dir/rosidl_typesupport_fastrtps_c/statistics_msgs/msg/detail/statistic_data_point__type_support_c.cpp.o[0m
[6.165s] [ 64%] [32mBuilding C object CMakeFiles/statistics_msgs__rosidl_typesupport_microxrcedds_c.dir/rosidl_typesupport_microxrcedds_c/statistics_msgs/msg/detail/microxrcedds/statistic_data_point__type_support_c.c.o[0m
[6.169s] [ 66%] [32mBuilding C object CMakeFiles/statistics_msgs__rosidl_typesupport_microxrcedds_c.dir/rosidl_typesupport_microxrcedds_c/statistics_msgs/msg/detail/microxrcedds/metrics_message__type_support_c.c.o[0m
[6.187s] [ 67%] [32mBuilding C object CMakeFiles/statistics_msgs__rosidl_typesupport_microxrcedds_c.dir/rosidl_typesupport_microxrcedds_c/statistics_msgs/msg/detail/microxrcedds/statistic_data_type__type_support_c.c.o[0m
[6.191s] [ 69%] [32m[1mLinking CXX shared library libstatistics_msgs__rosidl_typesupport_microxrcedds_cpp.so[0m
[6.411s] [ 71%] [32m[1mLinking C shared library libstatistics_msgs__rosidl_typesupport_microxrcedds_c.so[0m
[6.549s] [ 71%] Built target statistics_msgs__rosidl_typesupport_microxrcedds_cpp
[6.573s] [ 71%] Built target statistics_msgs__rosidl_typesupport_microxrcedds_c
[6.700s] [ 72%] [32m[1mLinking CXX shared library libstatistics_msgs__rosidl_typesupport_cpp.so[0m
[6.841s] [ 72%] Built target statistics_msgs__rosidl_typesupport_cpp
[6.914s] [ 74%] [32m[1mLinking CXX shared library libstatistics_msgs__rosidl_typesupport_fastrtps_c.so[0m
[7.008s] [ 76%] [32m[1mLinking CXX shared library libstatistics_msgs__rosidl_typesupport_fastrtps_cpp.so[0m
[7.221s] [ 76%] Built target statistics_msgs__rosidl_typesupport_fastrtps_c
[7.257s] [ 76%] Built target statistics_msgs__rosidl_typesupport_fastrtps_cpp
[7.340s] [ 77%] [32m[1mLinking CXX shared library libstatistics_msgs__rosidl_typesupport_introspection_cpp.so[0m
[7.475s] [ 77%] Built target statistics_msgs__rosidl_typesupport_introspection_cpp
[7.512s] [ 77%] Built target statistics_msgs
[7.540s] [ 79%] [34m[1mGenerating Python code for ROS interfaces[0m
[8.450s] [ 79%] Built target statistics_msgs__py
[8.477s] [ 81%] [32mBuilding C object CMakeFiles/statistics_msgs__rosidl_generator_py.dir/rosidl_generator_py/statistics_msgs/msg/_metrics_message_s.c.o[0m
[8.477s] [ 83%] [32mBuilding C object CMakeFiles/statistics_msgs__rosidl_generator_py.dir/rosidl_generator_py/statistics_msgs/msg/_statistic_data_type_s.c.o[0m
[8.481s] [ 84%] [32mBuilding C object CMakeFiles/statistics_msgs__rosidl_generator_py.dir/rosidl_generator_py/statistics_msgs/msg/_statistic_data_point_s.c.o[0m
[8.654s] [ 86%] [32m[1mLinking C shared library rosidl_generator_py/statistics_msgs/libstatistics_msgs__rosidl_generator_py.so[0m
[8.763s] [ 86%] Built target statistics_msgs__rosidl_generator_py
[8.814s] [ 88%] [32mBuilding C object CMakeFiles/statistics_msgs__rosidl_typesupport_fastrtps_c__pyext.dir/rosidl_generator_py/statistics_msgs/_statistics_msgs_s.ep.rosidl_typesupport_fastrtps_c.c.o[0m
[8.816s] [ 89%] [32mBuilding C object CMakeFiles/statistics_msgs__rosidl_typesupport_microxrcedds_c__pyext.dir/rosidl_generator_py/statistics_msgs/_statistics_msgs_s.ep.rosidl_typesupport_microxrcedds_c.c.o[0m
[8.819s] [ 91%] [32mBuilding C object CMakeFiles/statistics_msgs__rosidl_typesupport_c__pyext.dir/rosidl_generator_py/statistics_msgs/_statistics_msgs_s.ep.rosidl_typesupport_c.c.o[0m
[8.820s] [ 93%] [32mBuilding C object CMakeFiles/statistics_msgs__rosidl_typesupport_introspection_c__pyext.dir/rosidl_generator_py/statistics_msgs/_statistics_msgs_s.ep.rosidl_typesupport_introspection_c.c.o[0m
[8.981s] [ 94%] [32m[1mLinking C shared library rosidl_generator_py/statistics_msgs/statistics_msgs_s__rosidl_typesupport_microxrcedds_c.cpython-310-x86_64-linux-gnu.so[0m
[9.097s] [ 94%] Built target statistics_msgs__rosidl_typesupport_microxrcedds_c__pyext
[9.161s] [ 96%] [32m[1mLinking C shared library rosidl_generator_py/statistics_msgs/statistics_msgs_s__rosidl_typesupport_c.cpython-310-x86_64-linux-gnu.so[0m
[9.208s] [ 98%] [32m[1mLinking C shared library rosidl_generator_py/statistics_msgs/statistics_msgs_s__rosidl_typesupport_introspection_c.cpython-310-x86_64-linux-gnu.so[0m
[9.221s] [100%] [32m[1mLinking C shared library rosidl_generator_py/statistics_msgs/statistics_msgs_s__rosidl_typesupport_fastrtps_c.cpython-310-x86_64-linux-gnu.so[0m
[9.268s] [100%] Built target statistics_msgs__rosidl_typesupport_c__pyext
[9.307s] [100%] Built target statistics_msgs__rosidl_typesupport_introspection_c__pyext
[9.333s] [100%] Built target statistics_msgs__rosidl_typesupport_fastrtps_c__pyext
[9.368s] Invoked command in '/home/abdelrhaman/microros_ws/build/statistics_msgs' returned '0': AMENT_PREFIX_PATH=/home/abdelrhaman/microros_ws/install/builtin_interfaces:${AMENT_PREFIX_PATH} CMAKE_PREFIX_PATH=/home/abdelrhaman/microros_ws/install/builtin_interfaces:/home/abdelrhaman/microros_ws/install/rosidl_typesupport_microxrcedds_cpp:/home/abdelrhaman/microros_ws/install/rosidl_typesupport_microxrcedds_c:/home/abdelrhaman/microros_ws/install/microcdr:/home/abdelrhaman/microros_ws/install/micro_ros_setup:/home/abdelrhaman/ros/install/my_robot_controller:/opt/ros/humble LD_LIBRARY_PATH=/home/abdelrhaman/microros_ws/install/builtin_interfaces/lib:${LD_LIBRARY_PATH} PYTHONPATH=/home/abdelrhaman/microros_ws/install/builtin_interfaces/local/lib/python3.10/dist-packages:${PYTHONPATH} /usr/bin/cmake --build /home/abdelrhaman/microros_ws/build/statistics_msgs -- -j20 -l20
[9.805s] Invoking command in '/home/abdelrhaman/microros_ws/build/statistics_msgs': AMENT_PREFIX_PATH=/home/abdelrhaman/microros_ws/install/builtin_interfaces:${AMENT_PREFIX_PATH} CMAKE_PREFIX_PATH=/home/abdelrhaman/microros_ws/install/builtin_interfaces:/home/abdelrhaman/microros_ws/install/rosidl_typesupport_microxrcedds_cpp:/home/abdelrhaman/microros_ws/install/rosidl_typesupport_microxrcedds_c:/home/abdelrhaman/microros_ws/install/microcdr:/home/abdelrhaman/microros_ws/install/micro_ros_setup:/home/abdelrhaman/ros/install/my_robot_controller:/opt/ros/humble LD_LIBRARY_PATH=/home/abdelrhaman/microros_ws/install/builtin_interfaces/lib:${LD_LIBRARY_PATH} PYTHONPATH=/home/abdelrhaman/microros_ws/install/builtin_interfaces/local/lib/python3.10/dist-packages:${PYTHONPATH} /usr/bin/cmake --install /home/abdelrhaman/microros_ws/build/statistics_msgs
[9.834s] -- Install configuration: ""
[9.834s] -- Installing: /home/abdelrhaman/microros_ws/install/statistics_msgs/share/ament_index/resource_index/rosidl_interfaces/statistics_msgs
[9.834s] -- Installing: /home/abdelrhaman/microros_ws/install/statistics_msgs/include/statistics_msgs/statistics_msgs
[9.834s] -- Installing: /home/abdelrhaman/microros_ws/install/statistics_msgs/include/statistics_msgs/statistics_msgs/msg
[9.835s] -- Installing: /home/abdelrhaman/microros_ws/install/statistics_msgs/include/statistics_msgs/statistics_msgs/msg/rosidl_generator_c__visibility_control.h
[9.835s] -- Installing: /home/abdelrhaman/microros_ws/install/statistics_msgs/include/statistics_msgs/statistics_msgs/msg/metrics_message.h
[9.835s] -- Installing: /home/abdelrhaman/microros_ws/install/statistics_msgs/include/statistics_msgs/statistics_msgs/msg/statistic_data_point.h
[9.835s] -- Installing: /home/abdelrhaman/microros_ws/install/statistics_msgs/include/statistics_msgs/statistics_msgs/msg/detail
[9.835s] -- Installing: /home/abdelrhaman/microros_ws/install/statistics_msgs/include/statistics_msgs/statistics_msgs/msg/detail/statistic_data_point__struct.h
[9.835s] -- Installing: /home/abdelrhaman/microros_ws/install/statistics_msgs/include/statistics_msgs/statistics_msgs/msg/detail/statistic_data_type__type_support.h
[9.840s] -- Installing: /home/abdelrhaman/microros_ws/install/statistics_msgs/include/statistics_msgs/statistics_msgs/msg/detail/metrics_message__functions.h
[9.841s] -- Installing: /home/abdelrhaman/microros_ws/install/statistics_msgs/include/statistics_msgs/statistics_msgs/msg/detail/metrics_message__functions.c
[9.841s] -- Installing: /home/abdelrhaman/microros_ws/install/statistics_msgs/include/statistics_msgs/statistics_msgs/msg/detail/metrics_message__type_support.h
[9.842s] -- Installing: /home/abdelrhaman/microros_ws/install/statistics_msgs/include/statistics_msgs/statistics_msgs/msg/detail/metrics_message__struct.h
[9.842s] -- Installing: /home/abdelrhaman/microros_ws/install/statistics_msgs/include/statistics_msgs/statistics_msgs/msg/detail/statistic_data_type__functions.c
[9.842s] -- Installing: /home/abdelrhaman/microros_ws/install/statistics_msgs/include/statistics_msgs/statistics_msgs/msg/detail/statistic_data_point__functions.h
[9.842s] -- Installing: /home/abdelrhaman/microros_ws/install/statistics_msgs/include/statistics_msgs/statistics_msgs/msg/detail/statistic_data_point__functions.c
[9.842s] -- Installing: /home/abdelrhaman/microros_ws/install/statistics_msgs/include/statistics_msgs/statistics_msgs/msg/detail/statistic_data_point__type_support.h
[9.842s] -- Installing: /home/abdelrhaman/microros_ws/install/statistics_msgs/include/statistics_msgs/statistics_msgs/msg/detail/statistic_data_type__struct.h
[9.842s] -- Installing: /home/abdelrhaman/microros_ws/install/statistics_msgs/include/statistics_msgs/statistics_msgs/msg/detail/statistic_data_type__functions.h
[9.842s] -- Installing: /home/abdelrhaman/microros_ws/install/statistics_msgs/include/statistics_msgs/statistics_msgs/msg/statistic_data_type.h
[9.842s] -- Installing: /home/abdelrhaman/microros_ws/install/statistics_msgs/share/statistics_msgs/environment/library_path.sh
[9.842s] -- Installing: /home/abdelrhaman/microros_ws/install/statistics_msgs/share/statistics_msgs/environment/library_path.dsv
[9.843s] -- Installing: /home/abdelrhaman/microros_ws/install/statistics_msgs/lib/libstatistics_msgs__rosidl_generator_c.so
[9.843s] -- Set runtime path of "/home/abdelrhaman/microros_ws/install/statistics_msgs/lib/libstatistics_msgs__rosidl_generator_c.so" to ""
[9.843s] -- Up-to-date: /home/abdelrhaman/microros_ws/install/statistics_msgs/include/statistics_msgs/statistics_msgs
[9.843s] -- Up-to-date: /home/abdelrhaman/microros_ws/install/statistics_msgs/include/statistics_msgs/statistics_msgs/msg
[9.843s] -- Up-to-date: /home/abdelrhaman/microros_ws/install/statistics_msgs/include/statistics_msgs/statistics_msgs/msg/detail
[9.843s] -- Installing: /home/abdelrhaman/microros_ws/install/statistics_msgs/include/statistics_msgs/statistics_msgs/msg/detail/statistic_data_point__rosidl_typesupport_fastrtps_c.h
[9.843s] -- Installing: /home/abdelrhaman/microros_ws/install/statistics_msgs/include/statistics_msgs/statistics_msgs/msg/detail/statistic_data_type__rosidl_typesupport_fastrtps_c.h
[9.843s] -- Installing: /home/abdelrhaman/microros_ws/install/statistics_msgs/include/statistics_msgs/statistics_msgs/msg/detail/metrics_message__rosidl_typesupport_fastrtps_c.h
[9.843s] -- Installing: /home/abdelrhaman/microros_ws/install/statistics_msgs/include/statistics_msgs/statistics_msgs/msg/rosidl_typesupport_fastrtps_c__visibility_control.h
[9.843s] -- Installing: /home/abdelrhaman/microros_ws/install/statistics_msgs/lib/libstatistics_msgs__rosidl_typesupport_fastrtps_c.so
[9.844s] -- Set runtime path of "/home/abdelrhaman/microros_ws/install/statistics_msgs/lib/libstatistics_msgs__rosidl_typesupport_fastrtps_c.so" to ""
[9.844s] -- Up-to-date: /home/abdelrhaman/microros_ws/install/statistics_msgs/include/statistics_msgs/statistics_msgs
[9.844s] -- Up-to-date: /home/abdelrhaman/microros_ws/install/statistics_msgs/include/statistics_msgs/statistics_msgs/msg
[9.844s] -- Installing: /home/abdelrhaman/microros_ws/install/statistics_msgs/include/statistics_msgs/statistics_msgs/msg/statistic_data_point.hpp
[9.844s] -- Installing: /home/abdelrhaman/microros_ws/install/statistics_msgs/include/statistics_msgs/statistics_msgs/msg/metrics_message.hpp
[9.844s] -- Up-to-date: /home/abdelrhaman/microros_ws/install/statistics_msgs/include/statistics_msgs/statistics_msgs/msg/detail
[9.844s] -- Installing: /home/abdelrhaman/microros_ws/install/statistics_msgs/include/statistics_msgs/statistics_msgs/msg/detail/statistic_data_point__struct.hpp
[9.844s] -- Installing: /home/abdelrhaman/microros_ws/install/statistics_msgs/include/statistics_msgs/statistics_msgs/msg/detail/metrics_message__builder.hpp
[9.847s] -- Installing: /home/abdelrhaman/microros_ws/install/statistics_msgs/include/statistics_msgs/statistics_msgs/msg/detail/statistic_data_type__struct.hpp
[9.847s] -- Installing: /home/abdelrhaman/microros_ws/install/statistics_msgs/include/statistics_msgs/statistics_msgs/msg/detail/statistic_data_point__builder.hpp
[9.847s] -- Installing: /home/abdelrhaman/microros_ws/install/statistics_msgs/include/statistics_msgs/statistics_msgs/msg/detail/statistic_data_type__traits.hpp
[9.848s] -- Installing: /home/abdelrhaman/microros_ws/install/statistics_msgs/include/statistics_msgs/statistics_msgs/msg/detail/metrics_message__traits.hpp
[9.848s] -- Installing: /home/abdelrhaman/microros_ws/install/statistics_msgs/include/statistics_msgs/statistics_msgs/msg/detail/metrics_message__struct.hpp
[9.848s] -- Installing: /home/abdelrhaman/microros_ws/install/statistics_msgs/include/statistics_msgs/statistics_msgs/msg/detail/statistic_data_type__builder.hpp
[9.848s] -- Installing: /home/abdelrhaman/microros_ws/install/statistics_msgs/include/statistics_msgs/statistics_msgs/msg/detail/statistic_data_point__traits.hpp
[9.848s] -- Installing: /home/abdelrhaman/microros_ws/install/statistics_msgs/include/statistics_msgs/statistics_msgs/msg/statistic_data_type.hpp
[9.848s] -- Up-to-date: /home/abdelrhaman/microros_ws/install/statistics_msgs/include/statistics_msgs/statistics_msgs
[9.848s] -- Up-to-date: /home/abdelrhaman/microros_ws/install/statistics_msgs/include/statistics_msgs/statistics_msgs/msg
[9.848s] -- Up-to-date: /home/abdelrhaman/microros_ws/install/statistics_msgs/include/statistics_msgs/statistics_msgs/msg/detail
[9.848s] -- Installing: /home/abdelrhaman/microros_ws/install/statistics_msgs/include/statistics_msgs/statistics_msgs/msg/detail/metrics_message__rosidl_typesupport_fastrtps_cpp.hpp
[9.848s] -- Installing: /home/abdelrhaman/microros_ws/install/statistics_msgs/include/statistics_msgs/statistics_msgs/msg/detail/statistic_data_point__rosidl_typesupport_fastrtps_cpp.hpp
[9.857s] -- Installing: /home/abdelrhaman/microros_ws/install/statistics_msgs/include/statistics_msgs/statistics_msgs/msg/detail/statistic_data_type__rosidl_typesupport_fastrtps_cpp.hpp
[9.858s] -- Installing: /home/abdelrhaman/microros_ws/install/statistics_msgs/include/statistics_msgs/statistics_msgs/msg/detail/dds_fastrtps
[9.858s] -- Installing: /home/abdelrhaman/microros_ws/install/statistics_msgs/include/statistics_msgs/statistics_msgs/msg/rosidl_typesupport_fastrtps_cpp__visibility_control.h
[9.858s] -- Installing: /home/abdelrhaman/microros_ws/install/statistics_msgs/lib/libstatistics_msgs__rosidl_typesupport_fastrtps_cpp.so
[9.859s] -- Set runtime path of "/home/abdelrhaman/microros_ws/install/statistics_msgs/lib/libstatistics_msgs__rosidl_typesupport_fastrtps_cpp.so" to ""
[9.859s] -- Up-to-date: /home/abdelrhaman/microros_ws/install/statistics_msgs/include/statistics_msgs
[9.859s] -- Installing: /home/abdelrhaman/microros_ws/install/statistics_msgs/include/statistics_msgs/msg
[9.859s] -- Installing: /home/abdelrhaman/microros_ws/install/statistics_msgs/include/statistics_msgs/msg/detail
[9.859s] -- Installing: /home/abdelrhaman/microros_ws/install/statistics_msgs/include/statistics_msgs/msg/detail/statistic_data_point__rosidl_typesupport_microxrcedds_c.h
[9.859s] -- Installing: /home/abdelrhaman/microros_ws/install/statistics_msgs/include/statistics_msgs/msg/detail/metrics_message__rosidl_typesupport_microxrcedds_c.h
[9.859s] -- Installing: /home/abdelrhaman/microros_ws/install/statistics_msgs/include/statistics_msgs/msg/detail/statistic_data_type__rosidl_typesupport_microxrcedds_c.h
[9.859s] -- Installing: /home/abdelrhaman/microros_ws/install/statistics_msgs/include/statistics_msgs/msg/detail/microxrcedds
[9.860s] -- Installing: /home/abdelrhaman/microros_ws/install/statistics_msgs/include/statistics_msgs/msg/rosidl_typesupport_microxrcedds_c__visibility_control.h
[9.860s] -- Installing: /home/abdelrhaman/microros_ws/install/statistics_msgs/lib/libstatistics_msgs__rosidl_typesupport_microxrcedds_c.so
[9.860s] -- Set runtime path of "/home/abdelrhaman/microros_ws/install/statistics_msgs/lib/libstatistics_msgs__rosidl_typesupport_microxrcedds_c.so" to ""
[9.860s] -- Up-to-date: /home/abdelrhaman/microros_ws/install/statistics_msgs/include/statistics_msgs/statistics_msgs
[9.860s] -- Up-to-date: /home/abdelrhaman/microros_ws/install/statistics_msgs/include/statistics_msgs/statistics_msgs/msg
[9.860s] -- Installing: /home/abdelrhaman/microros_ws/install/statistics_msgs/include/statistics_msgs/statistics_msgs/msg/rosidl_typesupport_introspection_c__visibility_control.h
[9.860s] -- Up-to-date: /home/abdelrhaman/microros_ws/install/statistics_msgs/include/statistics_msgs/statistics_msgs/msg/detail
[9.860s] -- Installing: /home/abdelrhaman/microros_ws/install/statistics_msgs/include/statistics_msgs/statistics_msgs/msg/detail/statistic_data_type__type_support.c
[9.860s] -- Installing: /home/abdelrhaman/microros_ws/install/statistics_msgs/include/statistics_msgs/statistics_msgs/msg/detail/statistic_data_point__type_support.c
[9.860s] -- Installing: /home/abdelrhaman/microros_ws/install/statistics_msgs/include/statistics_msgs/statistics_msgs/msg/detail/metrics_message__type_support.c
[9.861s] -- Installing: /home/abdelrhaman/microros_ws/install/statistics_msgs/include/statistics_msgs/statistics_msgs/msg/detail/statistic_data_point__rosidl_typesupport_introspection_c.h
[9.861s] -- Installing: /home/abdelrhaman/microros_ws/install/statistics_msgs/include/statistics_msgs/statistics_msgs/msg/detail/metrics_message__rosidl_typesupport_introspection_c.h
[9.861s] -- Installing: /home/abdelrhaman/microros_ws/install/statistics_msgs/include/statistics_msgs/statistics_msgs/msg/detail/statistic_data_type__rosidl_typesupport_introspection_c.h
[9.861s] -- Installing: /home/abdelrhaman/microros_ws/install/statistics_msgs/lib/libstatistics_msgs__rosidl_typesupport_introspection_c.so
[9.861s] -- Set runtime path of "/home/abdelrhaman/microros_ws/install/statistics_msgs/lib/libstatistics_msgs__rosidl_typesupport_introspection_c.so" to ""
[9.861s] -- Installing: /home/abdelrhaman/microros_ws/install/statistics_msgs/lib/libstatistics_msgs__rosidl_typesupport_c.so
[9.862s] -- Set runtime path of "/home/abdelrhaman/microros_ws/install/statistics_msgs/lib/libstatistics_msgs__rosidl_typesupport_c.so" to ""
[9.862s] -- Up-to-date: /home/abdelrhaman/microros_ws/install/statistics_msgs/include/statistics_msgs
[9.862s] -- Up-to-date: /home/abdelrhaman/microros_ws/install/statistics_msgs/include/statistics_msgs/msg
[9.862s] -- Up-to-date: /home/abdelrhaman/microros_ws/install/statistics_msgs/include/statistics_msgs/msg/detail
[9.862s] -- Installing: /home/abdelrhaman/microros_ws/install/statistics_msgs/include/statistics_msgs/msg/detail/statistic_data_type__rosidl_typesupport_microxrcedds_cpp.hpp
[9.862s] -- Installing: /home/abdelrhaman/microros_ws/install/statistics_msgs/include/statistics_msgs/msg/detail/metrics_message__rosidl_typesupport_microxrcedds_cpp.hpp
[9.862s] -- Up-to-date: /home/abdelrhaman/microros_ws/install/statistics_msgs/include/statistics_msgs/msg/detail/microxrcedds
[9.863s] -- Installing: /home/abdelrhaman/microros_ws/install/statistics_msgs/include/statistics_msgs/msg/detail/microxrcedds/statistic_data_type__type_support_cpp.cpp
[9.863s] -- Installing: /home/abdelrhaman/microros_ws/install/statistics_msgs/include/statistics_msgs/msg/detail/microxrcedds/metrics_message__type_support_cpp.cpp
[9.863s] -- Installing: /home/abdelrhaman/microros_ws/install/statistics_msgs/include/statistics_msgs/msg/detail/microxrcedds/statistic_data_point__type_support_cpp.cpp
[9.863s] -- Installing: /home/abdelrhaman/microros_ws/install/statistics_msgs/include/statistics_msgs/msg/detail/statistic_data_point__rosidl_typesupport_microxrcedds_cpp.hpp
[9.863s] -- Installing: /home/abdelrhaman/microros_ws/install/statistics_msgs/include/statistics_msgs/msg/rosidl_typesupport_microxrcedds_cpp__visibility_control.h
[9.866s] -- Installing: /home/abdelrhaman/microros_ws/install/statistics_msgs/lib/libstatistics_msgs__rosidl_typesupport_microxrcedds_cpp.so
[9.867s] -- Set runtime path of "/home/abdelrhaman/microros_ws/install/statistics_msgs/lib/libstatistics_msgs__rosidl_typesupport_microxrcedds_cpp.so" to ""
[9.867s] -- Up-to-date: /home/abdelrhaman/microros_ws/install/statistics_msgs/include/statistics_msgs/statistics_msgs
[9.867s] -- Up-to-date: /home/abdelrhaman/microros_ws/install/statistics_msgs/include/statistics_msgs/statistics_msgs/msg
[9.867s] -- Up-to-date: /home/abdelrhaman/microros_ws/install/statistics_msgs/include/statistics_msgs/statistics_msgs/msg/detail
[9.870s] -- Installing: /home/abdelrhaman/microros_ws/install/statistics_msgs/include/statistics_msgs/statistics_msgs/msg/detail/statistic_data_type__type_support.cpp
[9.870s] -- Installing: /home/abdelrhaman/microros_ws/install/statistics_msgs/include/statistics_msgs/statistics_msgs/msg/detail/statistic_data_point__rosidl_typesupport_introspection_cpp.hpp
[9.870s] -- Installing: /home/abdelrhaman/microros_ws/install/statistics_msgs/include/statistics_msgs/statistics_msgs/msg/detail/statistic_data_type__rosidl_typesupport_introspection_cpp.hpp
[9.870s] -- Installing: /home/abdelrhaman/microros_ws/install/statistics_msgs/include/statistics_msgs/statistics_msgs/msg/detail/statistic_data_point__type_support.cpp
[9.870s] -- Installing: /home/abdelrhaman/microros_ws/install/statistics_msgs/include/statistics_msgs/statistics_msgs/msg/detail/metrics_message__type_support.cpp
[9.870s] -- Installing: /home/abdelrhaman/microros_ws/install/statistics_msgs/include/statistics_msgs/statistics_msgs/msg/detail/metrics_message__rosidl_typesupport_introspection_cpp.hpp
[9.871s] -- Installing: /home/abdelrhaman/microros_ws/install/statistics_msgs/lib/libstatistics_msgs__rosidl_typesupport_introspection_cpp.so
[9.871s] -- Set runtime path of "/home/abdelrhaman/microros_ws/install/statistics_msgs/lib/libstatistics_msgs__rosidl_typesupport_introspection_cpp.so" to ""
[9.873s] -- Installing: /home/abdelrhaman/microros_ws/install/statistics_msgs/lib/libstatistics_msgs__rosidl_typesupport_cpp.so
[9.875s] -- Set runtime path of "/home/abdelrhaman/microros_ws/install/statistics_msgs/lib/libstatistics_msgs__rosidl_typesupport_cpp.so" to ""
[9.875s] -- Installing: /home/abdelrhaman/microros_ws/install/statistics_msgs/share/statistics_msgs/environment/pythonpath.sh
[9.875s] -- Installing: /home/abdelrhaman/microros_ws/install/statistics_msgs/share/statistics_msgs/environment/pythonpath.dsv
[9.875s] -- Installing: /home/abdelrhaman/microros_ws/install/statistics_msgs/local/lib/python3.10/dist-packages/statistics_msgs-1.2.1-py3.10.egg-info
[9.876s] -- Installing: /home/abdelrhaman/microros_ws/install/statistics_msgs/local/lib/python3.10/dist-packages/statistics_msgs-1.2.1-py3.10.egg-info/PKG-INFO
[9.876s] -- Installing: /home/abdelrhaman/microros_ws/install/statistics_msgs/local/lib/python3.10/dist-packages/statistics_msgs-1.2.1-py3.10.egg-info/SOURCES.txt
[9.876s] -- Installing: /home/abdelrhaman/microros_ws/install/statistics_msgs/local/lib/python3.10/dist-packages/statistics_msgs-1.2.1-py3.10.egg-info/top_level.txt
[9.879s] -- Installing: /home/abdelrhaman/microros_ws/install/statistics_msgs/local/lib/python3.10/dist-packages/statistics_msgs-1.2.1-py3.10.egg-info/dependency_links.txt
[9.880s] -- Installing: /home/abdelrhaman/microros_ws/install/statistics_msgs/local/lib/python3.10/dist-packages/statistics_msgs
[9.880s] -- Installing: /home/abdelrhaman/microros_ws/install/statistics_msgs/local/lib/python3.10/dist-packages/statistics_msgs/_statistics_msgs_s.ep.rosidl_typesupport_c.c
[9.880s] -- Installing: /home/abdelrhaman/microros_ws/install/statistics_msgs/local/lib/python3.10/dist-packages/statistics_msgs/_statistics_msgs_s.ep.rosidl_typesupport_fastrtps_c.c
[9.880s] -- Installing: /home/abdelrhaman/microros_ws/install/statistics_msgs/local/lib/python3.10/dist-packages/statistics_msgs/statistics_msgs_s__rosidl_typesupport_microxrcedds_c.cpython-310-x86_64-linux-gnu.so
[9.880s] -- Installing: /home/abdelrhaman/microros_ws/install/statistics_msgs/local/lib/python3.10/dist-packages/statistics_msgs/__init__.py
[9.880s] -- Installing: /home/abdelrhaman/microros_ws/install/statistics_msgs/local/lib/python3.10/dist-packages/statistics_msgs/statistics_msgs_s__rosidl_typesupport_introspection_c.cpython-310-x86_64-linux-gnu.so
[9.880s] -- Installing: /home/abdelrhaman/microros_ws/install/statistics_msgs/local/lib/python3.10/dist-packages/statistics_msgs/_statistics_msgs_s.ep.rosidl_typesupport_microxrcedds_c.c
[9.880s] -- Installing: /home/abdelrhaman/microros_ws/install/statistics_msgs/local/lib/python3.10/dist-packages/statistics_msgs/msg
[9.880s] -- Installing: /home/abdelrhaman/microros_ws/install/statistics_msgs/local/lib/python3.10/dist-packages/statistics_msgs/msg/_metrics_message_s.c
[9.880s] -- Installing: /home/abdelrhaman/microros_ws/install/statistics_msgs/local/lib/python3.10/dist-packages/statistics_msgs/msg/_statistic_data_type_s.c
[9.880s] -- Installing: /home/abdelrhaman/microros_ws/install/statistics_msgs/local/lib/python3.10/dist-packages/statistics_msgs/msg/_metrics_message.py
[9.880s] -- Installing: /home/abdelrhaman/microros_ws/install/statistics_msgs/local/lib/python3.10/dist-packages/statistics_msgs/msg/_statistic_data_type.py
[9.885s] -- Installing: /home/abdelrhaman/microros_ws/install/statistics_msgs/local/lib/python3.10/dist-packages/statistics_msgs/msg/__init__.py
[9.885s] -- Installing: /home/abdelrhaman/microros_ws/install/statistics_msgs/local/lib/python3.10/dist-packages/statistics_msgs/msg/_statistic_data_point_s.c
[9.885s] -- Installing: /home/abdelrhaman/microros_ws/install/statistics_msgs/local/lib/python3.10/dist-packages/statistics_msgs/msg/_statistic_data_point.py
[9.885s] -- Installing: /home/abdelrhaman/microros_ws/install/statistics_msgs/local/lib/python3.10/dist-packages/statistics_msgs/statistics_msgs_s__rosidl_typesupport_fastrtps_c.cpython-310-x86_64-linux-gnu.so
[9.885s] -- Installing: /home/abdelrhaman/microros_ws/install/statistics_msgs/local/lib/python3.10/dist-packages/statistics_msgs/statistics_msgs_s__rosidl_typesupport_c.cpython-310-x86_64-linux-gnu.so
[9.885s] -- Installing: /home/abdelrhaman/microros_ws/install/statistics_msgs/local/lib/python3.10/dist-packages/statistics_msgs/_statistics_msgs_s.ep.rosidl_typesupport_introspection_c.c
[9.885s] -- Installing: /home/abdelrhaman/microros_ws/install/statistics_msgs/local/lib/python3.10/dist-packages/statistics_msgs/libstatistics_msgs__rosidl_generator_py.so
[10.006s] Listing '/home/abdelrhaman/microros_ws/install/statistics_msgs/local/lib/python3.10/dist-packages/statistics_msgs'...
[10.006s] Compiling '/home/abdelrhaman/microros_ws/install/statistics_msgs/local/lib/python3.10/dist-packages/statistics_msgs/__init__.py'...
[10.006s] Listing '/home/abdelrhaman/microros_ws/install/statistics_msgs/local/lib/python3.10/dist-packages/statistics_msgs/msg'...
[10.006s] Compiling '/home/abdelrhaman/microros_ws/install/statistics_msgs/local/lib/python3.10/dist-packages/statistics_msgs/msg/__init__.py'...
[10.006s] Compiling '/home/abdelrhaman/microros_ws/install/statistics_msgs/local/lib/python3.10/dist-packages/statistics_msgs/msg/_metrics_message.py'...
[10.006s] Compiling '/home/abdelrhaman/microros_ws/install/statistics_msgs/local/lib/python3.10/dist-packages/statistics_msgs/msg/_statistic_data_point.py'...
[10.006s] Compiling '/home/abdelrhaman/microros_ws/install/statistics_msgs/local/lib/python3.10/dist-packages/statistics_msgs/msg/_statistic_data_type.py'...
[10.046s] -- Installing: /home/abdelrhaman/microros_ws/install/statistics_msgs/local/lib/python3.10/dist-packages/statistics_msgs/statistics_msgs_s__rosidl_typesupport_microxrcedds_c.cpython-310-x86_64-linux-gnu.so
[10.047s] -- Set runtime path of "/home/abdelrhaman/microros_ws/install/statistics_msgs/local/lib/python3.10/dist-packages/statistics_msgs/statistics_msgs_s__rosidl_typesupport_microxrcedds_c.cpython-310-x86_64-linux-gnu.so" to ""
[10.047s] -- Installing: /home/abdelrhaman/microros_ws/install/statistics_msgs/local/lib/python3.10/dist-packages/statistics_msgs/statistics_msgs_s__rosidl_typesupport_fastrtps_c.cpython-310-x86_64-linux-gnu.so
[10.047s] -- Set runtime path of "/home/abdelrhaman/microros_ws/install/statistics_msgs/local/lib/python3.10/dist-packages/statistics_msgs/statistics_msgs_s__rosidl_typesupport_fastrtps_c.cpython-310-x86_64-linux-gnu.so" to ""
[10.048s] -- Installing: /home/abdelrhaman/microros_ws/install/statistics_msgs/local/lib/python3.10/dist-packages/statistics_msgs/statistics_msgs_s__rosidl_typesupport_introspection_c.cpython-310-x86_64-linux-gnu.so
[10.048s] -- Set runtime path of "/home/abdelrhaman/microros_ws/install/statistics_msgs/local/lib/python3.10/dist-packages/statistics_msgs/statistics_msgs_s__rosidl_typesupport_introspection_c.cpython-310-x86_64-linux-gnu.so" to ""
[10.048s] -- Installing: /home/abdelrhaman/microros_ws/install/statistics_msgs/local/lib/python3.10/dist-packages/statistics_msgs/statistics_msgs_s__rosidl_typesupport_c.cpython-310-x86_64-linux-gnu.so
[10.049s] -- Set runtime path of "/home/abdelrhaman/microros_ws/install/statistics_msgs/local/lib/python3.10/dist-packages/statistics_msgs/statistics_msgs_s__rosidl_typesupport_c.cpython-310-x86_64-linux-gnu.so" to ""
[10.049s] -- Installing: /home/abdelrhaman/microros_ws/install/statistics_msgs/lib/libstatistics_msgs__rosidl_generator_py.so
[10.050s] -- Set runtime path of "/home/abdelrhaman/microros_ws/install/statistics_msgs/lib/libstatistics_msgs__rosidl_generator_py.so" to ""
[10.053s] -- Installing: /home/abdelrhaman/microros_ws/install/statistics_msgs/share/statistics_msgs/msg/MetricsMessage.idl
[10.053s] -- Installing: /home/abdelrhaman/microros_ws/install/statistics_msgs/share/statistics_msgs/msg/StatisticDataPoint.idl
[10.053s] -- Installing: /home/abdelrhaman/microros_ws/install/statistics_msgs/share/statistics_msgs/msg/StatisticDataType.idl
[10.054s] -- Installing: /home/abdelrhaman/microros_ws/install/statistics_msgs/share/statistics_msgs/msg/MetricsMessage.msg
[10.056s] -- Installing: /home/abdelrhaman/microros_ws/install/statistics_msgs/share/statistics_msgs/msg/StatisticDataPoint.msg
[10.056s] -- Installing: /home/abdelrhaman/microros_ws/install/statistics_msgs/share/statistics_msgs/msg/StatisticDataType.msg
[10.056s] -- Installing: /home/abdelrhaman/microros_ws/install/statistics_msgs/share/ament_index/resource_index/package_run_dependencies/statistics_msgs
[10.056s] -- Installing: /home/abdelrhaman/microros_ws/install/statistics_msgs/share/ament_index/resource_index/parent_prefix_path/statistics_msgs
[10.056s] -- Installing: /home/abdelrhaman/microros_ws/install/statistics_msgs/share/statistics_msgs/environment/ament_prefix_path.sh
[10.057s] -- Installing: /home/abdelrhaman/microros_ws/install/statistics_msgs/share/statistics_msgs/environment/ament_prefix_path.dsv
[10.057s] -- Installing: /home/abdelrhaman/microros_ws/install/statistics_msgs/share/statistics_msgs/environment/path.sh
[10.057s] -- Installing: /home/abdelrhaman/microros_ws/install/statistics_msgs/share/statistics_msgs/environment/path.dsv
[10.057s] -- Installing: /home/abdelrhaman/microros_ws/install/statistics_msgs/share/statistics_msgs/local_setup.bash
[10.057s] -- Installing: /home/abdelrhaman/microros_ws/install/statistics_msgs/share/statistics_msgs/local_setup.sh
[10.057s] -- Installing: /home/abdelrhaman/microros_ws/install/statistics_msgs/share/statistics_msgs/local_setup.zsh
[10.057s] -- Installing: /home/abdelrhaman/microros_ws/install/statistics_msgs/share/statistics_msgs/local_setup.dsv
[10.057s] -- Installing: /home/abdelrhaman/microros_ws/install/statistics_msgs/share/statistics_msgs/package.dsv
[10.058s] -- Installing: /home/abdelrhaman/microros_ws/install/statistics_msgs/share/ament_index/resource_index/packages/statistics_msgs
[10.062s] -- Installing: /home/abdelrhaman/microros_ws/install/statistics_msgs/share/statistics_msgs/cmake/export_statistics_msgs__rosidl_generator_cExport.cmake
[10.062s] -- Installing: /home/abdelrhaman/microros_ws/install/statistics_msgs/share/statistics_msgs/cmake/export_statistics_msgs__rosidl_generator_cExport-noconfig.cmake
[10.063s] -- Installing: /home/abdelrhaman/microros_ws/install/statistics_msgs/share/statistics_msgs/cmake/export_statistics_msgs__rosidl_typesupport_fastrtps_cExport.cmake
[10.063s] -- Installing: /home/abdelrhaman/microros_ws/install/statistics_msgs/share/statistics_msgs/cmake/export_statistics_msgs__rosidl_typesupport_fastrtps_cExport-noconfig.cmake
[10.063s] -- Installing: /home/abdelrhaman/microros_ws/install/statistics_msgs/share/statistics_msgs/cmake/export_statistics_msgs__rosidl_generator_cppExport.cmake
[10.063s] -- Installing: /home/abdelrhaman/microros_ws/install/statistics_msgs/share/statistics_msgs/cmake/export_statistics_msgs__rosidl_typesupport_fastrtps_cppExport.cmake
[10.066s] -- Installing: /home/abdelrhaman/microros_ws/install/statistics_msgs/share/statistics_msgs/cmake/export_statistics_msgs__rosidl_typesupport_fastrtps_cppExport-noconfig.cmake
[10.066s] -- Installing: /home/abdelrhaman/microros_ws/install/statistics_msgs/share/statistics_msgs/cmake/statistics_msgs__rosidl_typesupport_introspection_cExport.cmake
[10.066s] -- Installing: /home/abdelrhaman/microros_ws/install/statistics_msgs/share/statistics_msgs/cmake/statistics_msgs__rosidl_typesupport_introspection_cExport-noconfig.cmake
[10.066s] -- Installing: /home/abdelrhaman/microros_ws/install/statistics_msgs/share/statistics_msgs/cmake/statistics_msgs__rosidl_typesupport_cExport.cmake
[10.066s] -- Installing: /home/abdelrhaman/microros_ws/install/statistics_msgs/share/statistics_msgs/cmake/statistics_msgs__rosidl_typesupport_cExport-noconfig.cmake
[10.067s] -- Installing: /home/abdelrhaman/microros_ws/install/statistics_msgs/share/statistics_msgs/cmake/statistics_msgs__rosidl_typesupport_introspection_cppExport.cmake
[10.067s] -- Installing: /home/abdelrhaman/microros_ws/install/statistics_msgs/share/statistics_msgs/cmake/statistics_msgs__rosidl_typesupport_introspection_cppExport-noconfig.cmake
[10.067s] -- Installing: /home/abdelrhaman/microros_ws/install/statistics_msgs/share/statistics_msgs/cmake/statistics_msgs__rosidl_typesupport_cppExport.cmake
[10.067s] -- Installing: /home/abdelrhaman/microros_ws/install/statistics_msgs/share/statistics_msgs/cmake/statistics_msgs__rosidl_typesupport_cppExport-noconfig.cmake
[10.067s] -- Installing: /home/abdelrhaman/microros_ws/install/statistics_msgs/share/statistics_msgs/cmake/export_statistics_msgs__rosidl_generator_pyExport.cmake
[10.067s] -- Installing: /home/abdelrhaman/microros_ws/install/statistics_msgs/share/statistics_msgs/cmake/export_statistics_msgs__rosidl_generator_pyExport-noconfig.cmake
[10.067s] -- Installing: /home/abdelrhaman/microros_ws/install/statistics_msgs/share/statistics_msgs/cmake/rosidl_cmake-extras.cmake
[10.067s] -- Installing: /home/abdelrhaman/microros_ws/install/statistics_msgs/share/statistics_msgs/cmake/ament_cmake_export_dependencies-extras.cmake
[10.067s] -- Installing: /home/abdelrhaman/microros_ws/install/statistics_msgs/share/statistics_msgs/cmake/ament_cmake_export_include_directories-extras.cmake
[10.067s] -- Installing: /home/abdelrhaman/microros_ws/install/statistics_msgs/share/statistics_msgs/cmake/ament_cmake_export_libraries-extras.cmake
[10.067s] -- Installing: /home/abdelrhaman/microros_ws/install/statistics_msgs/share/statistics_msgs/cmake/ament_cmake_export_targets-extras.cmake
[10.070s] -- Installing: /home/abdelrhaman/microros_ws/install/statistics_msgs/share/statistics_msgs/cmake/rosidl_cmake_export_typesupport_targets-extras.cmake
[10.070s] -- Installing: /home/abdelrhaman/microros_ws/install/statistics_msgs/share/statistics_msgs/cmake/rosidl_cmake_export_typesupport_libraries-extras.cmake
[10.071s] -- Installing: /home/abdelrhaman/microros_ws/install/statistics_msgs/share/statistics_msgs/cmake/statistics_msgsConfig.cmake
[10.071s] -- Installing: /home/abdelrhaman/microros_ws/install/statistics_msgs/share/statistics_msgs/cmake/statistics_msgsConfig-version.cmake
[10.071s] -- Installing: /home/abdelrhaman/microros_ws/install/statistics_msgs/share/statistics_msgs/package.xml
[10.079s] Invoked command in '/home/abdelrhaman/microros_ws/build/statistics_msgs' returned '0': AMENT_PREFIX_PATH=/home/abdelrhaman/microros_ws/install/builtin_interfaces:${AMENT_PREFIX_PATH} CMAKE_PREFIX_PATH=/home/abdelrhaman/microros_ws/install/builtin_interfaces:/home/abdelrhaman/microros_ws/install/rosidl_typesupport_microxrcedds_cpp:/home/abdelrhaman/microros_ws/install/rosidl_typesupport_microxrcedds_c:/home/abdelrhaman/microros_ws/install/microcdr:/home/abdelrhaman/microros_ws/install/micro_ros_setup:/home/abdelrhaman/ros/install/my_robot_controller:/opt/ros/humble LD_LIBRARY_PATH=/home/abdelrhaman/microros_ws/install/builtin_interfaces/lib:${LD_LIBRARY_PATH} PYTHONPATH=/home/abdelrhaman/microros_ws/install/builtin_interfaces/local/lib/python3.10/dist-packages:${PYTHONPATH} /usr/bin/cmake --install /home/abdelrhaman/microros_ws/build/statistics_msgs
