[0.085s] Invoking command in '/home/abdelrhaman/microros_ws/build/actionlib_msgs': AMENT_PREFIX_PATH=/home/abdelrhaman/microros_ws/install/std_msgs:/home/abdelrhaman/microros_ws/install/builtin_interfaces:${AMENT_PREFIX_PATH} CMAKE_PREFIX_PATH=/home/abdelrhaman/microros_ws/install/std_msgs:/home/abdelrhaman/microros_ws/install/builtin_interfaces:/home/abdelrhaman/microros_ws/install/rosidl_typesupport_microxrcedds_cpp:/home/abdelrhaman/microros_ws/install/rosidl_typesupport_microxrcedds_c:/home/abdelrhaman/microros_ws/install/microcdr:/home/abdelrhaman/microros_ws/install/micro_ros_setup:/home/abdelrhaman/ros/install/my_robot_controller:/opt/ros/humble LD_LIBRARY_PATH=/home/abdelrhaman/microros_ws/install/std_msgs/lib:/home/abdelrhaman/microros_ws/install/builtin_interfaces/lib:${LD_LIBRARY_PATH} PYTHONPATH=/home/abdelrhaman/microros_ws/install/std_msgs/local/lib/python3.10/dist-packages:/home/abdelrhaman/microros_ws/install/builtin_interfaces/local/lib/python3.10/dist-packages:${PYTHONPATH} /usr/bin/cmake /home/abdelrhaman/microros_ws/src/ros2/common_interfaces/actionlib_msgs -DBUILD_TESTING=OFF -DBUILD_SHARED_LIBS=ON -DCMAKE_INSTALL_PREFIX=/home/abdelrhaman/microros_ws/install/actionlib_msgs
[0.278s] -- The C compiler identification is GNU 11.4.0
[0.414s] -- The CXX compiler identification is GNU 11.4.0
[0.450s] -- Detecting C compiler ABI info
[0.664s] -- Detecting C compiler ABI info - done
[0.684s] -- Check for working C compiler: /usr/bin/cc - skipped
[0.689s] -- Detecting C compile features
[0.689s] -- Detecting C compile features - done
[0.698s] -- Detecting CXX compiler ABI info
[0.897s] -- Detecting CXX compiler ABI info - done
[0.930s] -- Check for working CXX compiler: /usr/bin/c++ - skipped
[0.931s] -- Detecting CXX compile features
[0.937s] -- Detecting CXX compile features - done
[0.943s] -- Found ament_cmake: 1.3.10 (/opt/ros/humble/share/ament_cmake/cmake)
[1.876s] -- Found Python3: /usr/bin/python3 (found version "3.10.12") found components: Interpreter 
[2.025s] -- Found builtin_interfaces: 1.2.1 (/home/abdelrhaman/microros_ws/install/builtin_interfaces/share/builtin_interfaces/cmake)
[2.074s] -- Found rosidl_generator_c: 3.1.5 (/opt/ros/humble/share/rosidl_generator_c/cmake)
[2.082s] -- Found rosidl_adapter: 3.1.5 (/opt/ros/humble/share/rosidl_adapter/cmake)
[2.095s] -- Found rosidl_generator_cpp: 3.1.5 (/opt/ros/humble/share/rosidl_generator_cpp/cmake)
[2.112s] -- Using all available rosidl_typesupport_c: rosidl_typesupport_microxrcedds_c;rosidl_typesupport_fastrtps_c;rosidl_typesupport_introspection_c
[2.146s] -- Using all available rosidl_typesupport_cpp: rosidl_typesupport_microxrcedds_cpp;rosidl_typesupport_fastrtps_cpp;rosidl_typesupport_introspection_cpp
[2.175s] -- Found rosidl_default_generators: 1.2.0 (/opt/ros/humble/share/rosidl_default_generators/cmake)
[2.187s] -- Found std_msgs: 4.2.4 (/home/abdelrhaman/microros_ws/install/std_msgs/share/std_msgs/cmake)
[2.673s] -- Found ament_cmake_ros: 0.10.0 (/opt/ros/humble/share/ament_cmake_ros/cmake)
[3.168s] -- Using all available rosidl_typesupport_c: rosidl_typesupport_microxrcedds_c;rosidl_typesupport_fastrtps_c;rosidl_typesupport_introspection_c
[3.483s] -- Using all available rosidl_typesupport_cpp: rosidl_typesupport_microxrcedds_cpp;rosidl_typesupport_fastrtps_cpp;rosidl_typesupport_introspection_cpp
[3.515s] -- Found PythonInterp: /usr/bin/python3 (found suitable version "3.10.12", minimum required is "3.6") 
[3.517s] -- Found python_cmake_module: 0.10.0 (/opt/ros/humble/share/python_cmake_module/cmake)
[3.556s] -- Found PythonLibs: /usr/lib/x86_64-linux-gnu/libpython3.10.so (found suitable version "3.10.12", minimum required is "3.5") 
[3.556s] -- Using PYTHON_EXECUTABLE: /usr/bin/python3
[3.556s] -- Using PYTHON_INCLUDE_DIRS: /usr/include/python3.10
[3.556s] -- Using PYTHON_LIBRARIES: /usr/lib/x86_64-linux-gnu/libpython3.10.so
[3.582s] -- Found PythonExtra: .so  
[3.661s] -- Configuring done
[3.707s] -- Generating done
[3.709s] -- Build files have been written to: /home/abdelrhaman/microros_ws/build/actionlib_msgs
[3.730s] Invoked command in '/home/abdelrhaman/microros_ws/build/actionlib_msgs' returned '0': AMENT_PREFIX_PATH=/home/abdelrhaman/microros_ws/install/std_msgs:/home/abdelrhaman/microros_ws/install/builtin_interfaces:${AMENT_PREFIX_PATH} CMAKE_PREFIX_PATH=/home/abdelrhaman/microros_ws/install/std_msgs:/home/abdelrhaman/microros_ws/install/builtin_interfaces:/home/abdelrhaman/microros_ws/install/rosidl_typesupport_microxrcedds_cpp:/home/abdelrhaman/microros_ws/install/rosidl_typesupport_microxrcedds_c:/home/abdelrhaman/microros_ws/install/microcdr:/home/abdelrhaman/microros_ws/install/micro_ros_setup:/home/abdelrhaman/ros/install/my_robot_controller:/opt/ros/humble LD_LIBRARY_PATH=/home/abdelrhaman/microros_ws/install/std_msgs/lib:/home/abdelrhaman/microros_ws/install/builtin_interfaces/lib:${LD_LIBRARY_PATH} PYTHONPATH=/home/abdelrhaman/microros_ws/install/std_msgs/local/lib/python3.10/dist-packages:/home/abdelrhaman/microros_ws/install/builtin_interfaces/local/lib/python3.10/dist-packages:${PYTHONPATH} /usr/bin/cmake /home/abdelrhaman/microros_ws/src/ros2/common_interfaces/actionlib_msgs -DBUILD_TESTING=OFF -DBUILD_SHARED_LIBS=ON -DCMAKE_INSTALL_PREFIX=/home/abdelrhaman/microros_ws/install/actionlib_msgs
[3.733s] Invoking command in '/home/abdelrhaman/microros_ws/build/actionlib_msgs': AMENT_PREFIX_PATH=/home/abdelrhaman/microros_ws/install/std_msgs:/home/abdelrhaman/microros_ws/install/builtin_interfaces:${AMENT_PREFIX_PATH} CMAKE_PREFIX_PATH=/home/abdelrhaman/microros_ws/install/std_msgs:/home/abdelrhaman/microros_ws/install/builtin_interfaces:/home/abdelrhaman/microros_ws/install/rosidl_typesupport_microxrcedds_cpp:/home/abdelrhaman/microros_ws/install/rosidl_typesupport_microxrcedds_c:/home/abdelrhaman/microros_ws/install/microcdr:/home/abdelrhaman/microros_ws/install/micro_ros_setup:/home/abdelrhaman/ros/install/my_robot_controller:/opt/ros/humble LD_LIBRARY_PATH=/home/abdelrhaman/microros_ws/install/std_msgs/lib:/home/abdelrhaman/microros_ws/install/builtin_interfaces/lib:${LD_LIBRARY_PATH} PYTHONPATH=/home/abdelrhaman/microros_ws/install/std_msgs/local/lib/python3.10/dist-packages:/home/abdelrhaman/microros_ws/install/builtin_interfaces/local/lib/python3.10/dist-packages:${PYTHONPATH} /usr/bin/cmake --build /home/abdelrhaman/microros_ws/build/actionlib_msgs -- -j20 -l20
[3.783s] [  1%] [34m[1mGenerating C code for ROS interfaces[0m
[4.323s] [  3%] [32mBuilding C object CMakeFiles/actionlib_msgs__rosidl_generator_c.dir/rosidl_generator_c/actionlib_msgs/msg/detail/goal_id__functions.c.o[0m
[4.359s] [  5%] [32mBuilding C object CMakeFiles/actionlib_msgs__rosidl_generator_c.dir/rosidl_generator_c/actionlib_msgs/msg/detail/goal_status_array__functions.c.o[0m
[4.395s] [  6%] [32mBuilding C object CMakeFiles/actionlib_msgs__rosidl_generator_c.dir/rosidl_generator_c/actionlib_msgs/msg/detail/goal_status__functions.c.o[0m
[4.433s] [  8%] [32m[1mLinking C shared library libactionlib_msgs__rosidl_generator_c.so[0m
[4.476s] [  8%] Built target actionlib_msgs__rosidl_generator_c
[4.504s] [  8%] Built target ament_cmake_python_copy_actionlib_msgs
[4.513s] [ 10%] [34m[1mGenerating C type support dispatch for ROS interfaces[0m
[4.877s] [ 11%] [32mBuilding CXX object CMakeFiles/actionlib_msgs__rosidl_typesupport_c.dir/rosidl_typesupport_c/actionlib_msgs/msg/goal_id__type_support.cpp.o[0m
[4.900s] [ 13%] [32mBuilding CXX object CMakeFiles/actionlib_msgs__rosidl_typesupport_c.dir/rosidl_typesupport_c/actionlib_msgs/msg/goal_status_array__type_support.cpp.o[0m
[4.935s] [ 15%] [32mBuilding CXX object CMakeFiles/actionlib_msgs__rosidl_typesupport_c.dir/rosidl_typesupport_c/actionlib_msgs/msg/goal_status__type_support.cpp.o[0m
[4.968s] [ 16%] [32m[1mLinking CXX shared library libactionlib_msgs__rosidl_typesupport_c.so[0m
[5.017s] [ 16%] Built target actionlib_msgs__rosidl_typesupport_c
[5.427s] running egg_info
[5.427s] creating actionlib_msgs.egg-info
[5.466s] writing actionlib_msgs.egg-info/PKG-INFO
[5.499s] writing dependency_links to actionlib_msgs.egg-info/dependency_links.txt
[5.705s] writing top-level names to actionlib_msgs.egg-info/top_level.txt
[5.705s] writing manifest file 'actionlib_msgs.egg-info/SOURCES.txt'
[5.761s] reading manifest file 'actionlib_msgs.egg-info/SOURCES.txt'
[5.761s] writing manifest file 'actionlib_msgs.egg-info/SOURCES.txt'
[5.798s] [ 16%] Built target ament_cmake_python_build_actionlib_msgs_egg
[5.808s] [ 18%] [34m[1mGenerating C introspection for ROS interfaces[0m
[6.150s] [ 20%] [32mBuilding C object CMakeFiles/actionlib_msgs__rosidl_typesupport_introspection_c.dir/rosidl_typesupport_introspection_c/actionlib_msgs/msg/detail/goal_id__type_support.c.o[0m
[6.175s] [ 22%] [32mBuilding C object CMakeFiles/actionlib_msgs__rosidl_typesupport_introspection_c.dir/rosidl_typesupport_introspection_c/actionlib_msgs/msg/detail/goal_status_array__type_support.c.o[0m
[6.208s] [ 23%] [32mBuilding C object CMakeFiles/actionlib_msgs__rosidl_typesupport_introspection_c.dir/rosidl_typesupport_introspection_c/actionlib_msgs/msg/detail/goal_status__type_support.c.o[0m
[6.246s] [ 25%] [32m[1mLinking C shared library libactionlib_msgs__rosidl_typesupport_introspection_c.so[0m
[6.279s] [ 25%] Built target actionlib_msgs__rosidl_typesupport_introspection_c
[6.292s] [ 27%] [34m[1mGenerating C type support for eProsima Micro XRCE-DDS[0m
[6.659s] [ 28%] [32mBuilding C object CMakeFiles/actionlib_msgs__rosidl_typesupport_microxrcedds_c.dir/rosidl_typesupport_microxrcedds_c/actionlib_msgs/msg/detail/microxrcedds/goal_id__type_support_c.c.o[0m
[6.691s] [ 30%] [32mBuilding C object CMakeFiles/actionlib_msgs__rosidl_typesupport_microxrcedds_c.dir/rosidl_typesupport_microxrcedds_c/actionlib_msgs/msg/detail/microxrcedds/goal_status_array__type_support_c.c.o[0m
[6.734s] [ 32%] [32mBuilding C object CMakeFiles/actionlib_msgs__rosidl_typesupport_microxrcedds_c.dir/rosidl_typesupport_microxrcedds_c/actionlib_msgs/msg/detail/microxrcedds/goal_status__type_support_c.c.o[0m
[6.765s] [ 33%] [32m[1mLinking C shared library libactionlib_msgs__rosidl_typesupport_microxrcedds_c.so[0m
[6.799s] [ 33%] Built target actionlib_msgs__rosidl_typesupport_microxrcedds_c
[6.807s] [ 35%] [34m[1mGenerating C type support for eProsima Fast-RTPS[0m
[7.147s] [ 37%] [32mBuilding CXX object CMakeFiles/actionlib_msgs__rosidl_typesupport_fastrtps_c.dir/rosidl_typesupport_fastrtps_c/actionlib_msgs/msg/detail/goal_id__type_support_c.cpp.o[0m
[7.353s] [ 38%] [32mBuilding CXX object CMakeFiles/actionlib_msgs__rosidl_typesupport_fastrtps_c.dir/rosidl_typesupport_fastrtps_c/actionlib_msgs/msg/detail/goal_status_array__type_support_c.cpp.o[0m
[7.598s] [ 40%] [32mBuilding CXX object CMakeFiles/actionlib_msgs__rosidl_typesupport_fastrtps_c.dir/rosidl_typesupport_fastrtps_c/actionlib_msgs/msg/detail/goal_status__type_support_c.cpp.o[0m
[7.962s] [ 42%] [32m[1mLinking CXX shared library libactionlib_msgs__rosidl_typesupport_fastrtps_c.so[0m
[8.019s] [ 42%] Built target actionlib_msgs__rosidl_typesupport_fastrtps_c
[8.041s] [ 44%] [34m[1mGenerating C++ code for ROS interfaces[0m
[8.437s] [ 44%] Built target actionlib_msgs__cpp
[8.449s] [ 45%] [34m[1mGenerating C++ type support for eProsima Fast-RTPS[0m
[8.787s] [ 47%] [32mBuilding CXX object CMakeFiles/actionlib_msgs__rosidl_typesupport_fastrtps_cpp.dir/rosidl_typesupport_fastrtps_cpp/actionlib_msgs/msg/detail/dds_fastrtps/goal_id__type_support.cpp.o[0m
[9.025s] [ 49%] [32mBuilding CXX object CMakeFiles/actionlib_msgs__rosidl_typesupport_fastrtps_cpp.dir/rosidl_typesupport_fastrtps_cpp/actionlib_msgs/msg/detail/dds_fastrtps/goal_status_array__type_support.cpp.o[0m
[9.326s] [ 50%] [32mBuilding CXX object CMakeFiles/actionlib_msgs__rosidl_typesupport_fastrtps_cpp.dir/rosidl_typesupport_fastrtps_cpp/actionlib_msgs/msg/detail/dds_fastrtps/goal_status__type_support.cpp.o[0m
[9.571s] [ 52%] [32m[1mLinking CXX shared library libactionlib_msgs__rosidl_typesupport_fastrtps_cpp.so[0m
[9.632s] [ 52%] Built target actionlib_msgs__rosidl_typesupport_fastrtps_cpp
[9.642s] [ 54%] [34m[1mGenerating C++ type support dispatch for ROS interfaces[0m
[9.941s] [ 55%] [32mBuilding CXX object CMakeFiles/actionlib_msgs__rosidl_typesupport_cpp.dir/rosidl_typesupport_cpp/actionlib_msgs/msg/goal_id__type_support.cpp.o[0m
[10.135s] [ 57%] [32mBuilding CXX object CMakeFiles/actionlib_msgs__rosidl_typesupport_cpp.dir/rosidl_typesupport_cpp/actionlib_msgs/msg/goal_status_array__type_support.cpp.o[0m
[10.459s] [ 59%] [32mBuilding CXX object CMakeFiles/actionlib_msgs__rosidl_typesupport_cpp.dir/rosidl_typesupport_cpp/actionlib_msgs/msg/goal_status__type_support.cpp.o[0m
[10.654s] [ 61%] [32m[1mLinking CXX shared library libactionlib_msgs__rosidl_typesupport_cpp.so[0m
[10.704s] [ 61%] Built target actionlib_msgs__rosidl_typesupport_cpp
[10.714s] [ 62%] [34m[1mGenerating C++ type support for eProsima Micro XRCE-DDS[0m
[10.716s] [ 64%] [34m[1mGenerating C++ introspection for ROS interfaces[0m
[11.132s] [ 66%] [32mBuilding CXX object CMakeFiles/actionlib_msgs__rosidl_typesupport_microxrcedds_cpp.dir/rosidl_typesupport_microxrcedds_cpp/actionlib_msgs/msg/detail/microxrcedds/goal_status_array__type_support_cpp.cpp.o[0m
[11.135s] [ 69%] [32mBuilding CXX object CMakeFiles/actionlib_msgs__rosidl_typesupport_microxrcedds_cpp.dir/rosidl_typesupport_microxrcedds_cpp/actionlib_msgs/msg/detail/microxrcedds/goal_id__type_support_cpp.cpp.o[0m
[11.135s] [ 69%] [32mBuilding CXX object CMakeFiles/actionlib_msgs__rosidl_typesupport_microxrcedds_cpp.dir/rosidl_typesupport_microxrcedds_cpp/actionlib_msgs/msg/detail/microxrcedds/goal_status__type_support_cpp.cpp.o[0m
[11.156s] [ 71%] [32mBuilding CXX object CMakeFiles/actionlib_msgs__rosidl_typesupport_introspection_cpp.dir/rosidl_typesupport_introspection_cpp/actionlib_msgs/msg/detail/goal_id__type_support.cpp.o[0m
[11.156s] [ 72%] [32mBuilding CXX object CMakeFiles/actionlib_msgs__rosidl_typesupport_introspection_cpp.dir/rosidl_typesupport_introspection_cpp/actionlib_msgs/msg/detail/goal_status_array__type_support.cpp.o[0m
[11.159s] [ 74%] [32mBuilding CXX object CMakeFiles/actionlib_msgs__rosidl_typesupport_introspection_cpp.dir/rosidl_typesupport_introspection_cpp/actionlib_msgs/msg/detail/goal_status__type_support.cpp.o[0m
[11.559s] [ 76%] [32m[1mLinking CXX shared library libactionlib_msgs__rosidl_typesupport_introspection_cpp.so[0m
[11.599s] [ 77%] [32m[1mLinking CXX shared library libactionlib_msgs__rosidl_typesupport_microxrcedds_cpp.so[0m
[11.629s] [ 77%] Built target actionlib_msgs__rosidl_typesupport_introspection_cpp
[11.689s] [ 77%] Built target actionlib_msgs__rosidl_typesupport_microxrcedds_cpp
[11.708s] [ 77%] Built target actionlib_msgs
[11.727s] [ 79%] [34m[1mGenerating Python code for ROS interfaces[0m
[12.298s] [ 79%] Built target actionlib_msgs__py
[12.319s] [ 81%] [32mBuilding C object CMakeFiles/actionlib_msgs__rosidl_generator_py.dir/rosidl_generator_py/actionlib_msgs/msg/_goal_status_array_s.c.o[0m
[12.321s] [ 84%] [32mBuilding C object CMakeFiles/actionlib_msgs__rosidl_generator_py.dir/rosidl_generator_py/actionlib_msgs/msg/_goal_id_s.c.o[0m
[12.321s] [ 84%] [32mBuilding C object CMakeFiles/actionlib_msgs__rosidl_generator_py.dir/rosidl_generator_py/actionlib_msgs/msg/_goal_status_s.c.o[0m
[12.417s] [ 86%] [32m[1mLinking C shared library rosidl_generator_py/actionlib_msgs/libactionlib_msgs__rosidl_generator_py.so[0m
[12.460s] [ 86%] Built target actionlib_msgs__rosidl_generator_py
[12.486s] [ 88%] [32mBuilding C object CMakeFiles/actionlib_msgs__rosidl_typesupport_introspection_c__pyext.dir/rosidl_generator_py/actionlib_msgs/_actionlib_msgs_s.ep.rosidl_typesupport_introspection_c.c.o[0m
[12.487s] [ 89%] [32mBuilding C object CMakeFiles/actionlib_msgs__rosidl_typesupport_fastrtps_c__pyext.dir/rosidl_generator_py/actionlib_msgs/_actionlib_msgs_s.ep.rosidl_typesupport_fastrtps_c.c.o[0m
[12.490s] [ 91%] [32mBuilding C object CMakeFiles/actionlib_msgs__rosidl_typesupport_microxrcedds_c__pyext.dir/rosidl_generator_py/actionlib_msgs/_actionlib_msgs_s.ep.rosidl_typesupport_microxrcedds_c.c.o[0m
[12.491s] [ 93%] [32mBuilding C object CMakeFiles/actionlib_msgs__rosidl_typesupport_c__pyext.dir/rosidl_generator_py/actionlib_msgs/_actionlib_msgs_s.ep.rosidl_typesupport_c.c.o[0m
[12.607s] [ 94%] [32m[1mLinking C shared library rosidl_generator_py/actionlib_msgs/actionlib_msgs_s__rosidl_typesupport_introspection_c.cpython-310-x86_64-linux-gnu.so[0m
[12.608s] [ 96%] [32m[1mLinking C shared library rosidl_generator_py/actionlib_msgs/actionlib_msgs_s__rosidl_typesupport_fastrtps_c.cpython-310-x86_64-linux-gnu.so[0m
[12.635s] [ 98%] [32m[1mLinking C shared library rosidl_generator_py/actionlib_msgs/actionlib_msgs_s__rosidl_typesupport_c.cpython-310-x86_64-linux-gnu.so[0m
[12.657s] [100%] [32m[1mLinking C shared library rosidl_generator_py/actionlib_msgs/actionlib_msgs_s__rosidl_typesupport_microxrcedds_c.cpython-310-x86_64-linux-gnu.so[0m
[12.658s] [100%] Built target actionlib_msgs__rosidl_typesupport_fastrtps_c__pyext
[12.659s] [100%] Built target actionlib_msgs__rosidl_typesupport_introspection_c__pyext
[12.680s] [100%] Built target actionlib_msgs__rosidl_typesupport_c__pyext
[12.697s] [100%] Built target actionlib_msgs__rosidl_typesupport_microxrcedds_c__pyext
[12.711s] Invoked command in '/home/abdelrhaman/microros_ws/build/actionlib_msgs' returned '0': AMENT_PREFIX_PATH=/home/abdelrhaman/microros_ws/install/std_msgs:/home/abdelrhaman/microros_ws/install/builtin_interfaces:${AMENT_PREFIX_PATH} CMAKE_PREFIX_PATH=/home/abdelrhaman/microros_ws/install/std_msgs:/home/abdelrhaman/microros_ws/install/builtin_interfaces:/home/abdelrhaman/microros_ws/install/rosidl_typesupport_microxrcedds_cpp:/home/abdelrhaman/microros_ws/install/rosidl_typesupport_microxrcedds_c:/home/abdelrhaman/microros_ws/install/microcdr:/home/abdelrhaman/microros_ws/install/micro_ros_setup:/home/abdelrhaman/ros/install/my_robot_controller:/opt/ros/humble LD_LIBRARY_PATH=/home/abdelrhaman/microros_ws/install/std_msgs/lib:/home/abdelrhaman/microros_ws/install/builtin_interfaces/lib:${LD_LIBRARY_PATH} PYTHONPATH=/home/abdelrhaman/microros_ws/install/std_msgs/local/lib/python3.10/dist-packages:/home/abdelrhaman/microros_ws/install/builtin_interfaces/local/lib/python3.10/dist-packages:${PYTHONPATH} /usr/bin/cmake --build /home/abdelrhaman/microros_ws/build/actionlib_msgs -- -j20 -l20
[12.825s] Invoking command in '/home/abdelrhaman/microros_ws/build/actionlib_msgs': AMENT_PREFIX_PATH=/home/abdelrhaman/microros_ws/install/std_msgs:/home/abdelrhaman/microros_ws/install/builtin_interfaces:${AMENT_PREFIX_PATH} CMAKE_PREFIX_PATH=/home/abdelrhaman/microros_ws/install/std_msgs:/home/abdelrhaman/microros_ws/install/builtin_interfaces:/home/abdelrhaman/microros_ws/install/rosidl_typesupport_microxrcedds_cpp:/home/abdelrhaman/microros_ws/install/rosidl_typesupport_microxrcedds_c:/home/abdelrhaman/microros_ws/install/microcdr:/home/abdelrhaman/microros_ws/install/micro_ros_setup:/home/abdelrhaman/ros/install/my_robot_controller:/opt/ros/humble LD_LIBRARY_PATH=/home/abdelrhaman/microros_ws/install/std_msgs/lib:/home/abdelrhaman/microros_ws/install/builtin_interfaces/lib:${LD_LIBRARY_PATH} PYTHONPATH=/home/abdelrhaman/microros_ws/install/std_msgs/local/lib/python3.10/dist-packages:/home/abdelrhaman/microros_ws/install/builtin_interfaces/local/lib/python3.10/dist-packages:${PYTHONPATH} /usr/bin/cmake --install /home/abdelrhaman/microros_ws/build/actionlib_msgs
[12.834s] -- Install configuration: ""
[12.834s] -- Installing: /home/abdelrhaman/microros_ws/install/actionlib_msgs/share/ament_index/resource_index/rosidl_interfaces/actionlib_msgs
[12.834s] -- Installing: /home/abdelrhaman/microros_ws/install/actionlib_msgs/include/actionlib_msgs/actionlib_msgs
[12.834s] -- Installing: /home/abdelrhaman/microros_ws/install/actionlib_msgs/include/actionlib_msgs/actionlib_msgs/msg
[12.835s] -- Installing: /home/abdelrhaman/microros_ws/install/actionlib_msgs/include/actionlib_msgs/actionlib_msgs/msg/rosidl_generator_c__visibility_control.h
[12.835s] -- Installing: /home/abdelrhaman/microros_ws/install/actionlib_msgs/include/actionlib_msgs/actionlib_msgs/msg/detail
[12.835s] -- Installing: /home/abdelrhaman/microros_ws/install/actionlib_msgs/include/actionlib_msgs/actionlib_msgs/msg/detail/goal_status_array__functions.c
[12.835s] -- Installing: /home/abdelrhaman/microros_ws/install/actionlib_msgs/include/actionlib_msgs/actionlib_msgs/msg/detail/goal_status_array__type_support.h
[12.835s] -- Installing: /home/abdelrhaman/microros_ws/install/actionlib_msgs/include/actionlib_msgs/actionlib_msgs/msg/detail/goal_id__type_support.h
[12.836s] -- Installing: /home/abdelrhaman/microros_ws/install/actionlib_msgs/include/actionlib_msgs/actionlib_msgs/msg/detail/goal_status__functions.c
[12.836s] -- Installing: /home/abdelrhaman/microros_ws/install/actionlib_msgs/include/actionlib_msgs/actionlib_msgs/msg/detail/goal_status__struct.h
[12.836s] -- Installing: /home/abdelrhaman/microros_ws/install/actionlib_msgs/include/actionlib_msgs/actionlib_msgs/msg/detail/goal_id__struct.h
[12.836s] -- Installing: /home/abdelrhaman/microros_ws/install/actionlib_msgs/include/actionlib_msgs/actionlib_msgs/msg/detail/goal_id__functions.h
[12.836s] -- Installing: /home/abdelrhaman/microros_ws/install/actionlib_msgs/include/actionlib_msgs/actionlib_msgs/msg/detail/goal_id__functions.c
[12.836s] -- Installing: /home/abdelrhaman/microros_ws/install/actionlib_msgs/include/actionlib_msgs/actionlib_msgs/msg/detail/goal_status_array__struct.h
[12.836s] -- Installing: /home/abdelrhaman/microros_ws/install/actionlib_msgs/include/actionlib_msgs/actionlib_msgs/msg/detail/goal_status__functions.h
[12.836s] -- Installing: /home/abdelrhaman/microros_ws/install/actionlib_msgs/include/actionlib_msgs/actionlib_msgs/msg/detail/goal_status__type_support.h
[12.836s] -- Installing: /home/abdelrhaman/microros_ws/install/actionlib_msgs/include/actionlib_msgs/actionlib_msgs/msg/detail/goal_status_array__functions.h
[12.836s] -- Installing: /home/abdelrhaman/microros_ws/install/actionlib_msgs/include/actionlib_msgs/actionlib_msgs/msg/goal_status_array.h
[12.837s] -- Installing: /home/abdelrhaman/microros_ws/install/actionlib_msgs/include/actionlib_msgs/actionlib_msgs/msg/goal_status.h
[12.837s] -- Installing: /home/abdelrhaman/microros_ws/install/actionlib_msgs/include/actionlib_msgs/actionlib_msgs/msg/goal_id.h
[12.837s] -- Installing: /home/abdelrhaman/microros_ws/install/actionlib_msgs/share/actionlib_msgs/environment/library_path.sh
[12.837s] -- Installing: /home/abdelrhaman/microros_ws/install/actionlib_msgs/share/actionlib_msgs/environment/library_path.dsv
[12.837s] -- Installing: /home/abdelrhaman/microros_ws/install/actionlib_msgs/lib/libactionlib_msgs__rosidl_generator_c.so
[12.837s] -- Set runtime path of "/home/abdelrhaman/microros_ws/install/actionlib_msgs/lib/libactionlib_msgs__rosidl_generator_c.so" to ""
[12.838s] -- Up-to-date: /home/abdelrhaman/microros_ws/install/actionlib_msgs/include/actionlib_msgs/actionlib_msgs
[12.838s] -- Up-to-date: /home/abdelrhaman/microros_ws/install/actionlib_msgs/include/actionlib_msgs/actionlib_msgs/msg
[12.838s] -- Up-to-date: /home/abdelrhaman/microros_ws/install/actionlib_msgs/include/actionlib_msgs/actionlib_msgs/msg/detail
[12.838s] -- Installing: /home/abdelrhaman/microros_ws/install/actionlib_msgs/include/actionlib_msgs/actionlib_msgs/msg/detail/goal_status_array__rosidl_typesupport_fastrtps_c.h
[12.838s] -- Installing: /home/abdelrhaman/microros_ws/install/actionlib_msgs/include/actionlib_msgs/actionlib_msgs/msg/detail/goal_id__rosidl_typesupport_fastrtps_c.h
[12.838s] -- Installing: /home/abdelrhaman/microros_ws/install/actionlib_msgs/include/actionlib_msgs/actionlib_msgs/msg/detail/goal_status__rosidl_typesupport_fastrtps_c.h
[12.838s] -- Installing: /home/abdelrhaman/microros_ws/install/actionlib_msgs/include/actionlib_msgs/actionlib_msgs/msg/rosidl_typesupport_fastrtps_c__visibility_control.h
[12.838s] -- Installing: /home/abdelrhaman/microros_ws/install/actionlib_msgs/lib/libactionlib_msgs__rosidl_typesupport_fastrtps_c.so
[12.838s] -- Set runtime path of "/home/abdelrhaman/microros_ws/install/actionlib_msgs/lib/libactionlib_msgs__rosidl_typesupport_fastrtps_c.so" to ""
[12.838s] -- Up-to-date: /home/abdelrhaman/microros_ws/install/actionlib_msgs/include/actionlib_msgs/actionlib_msgs
[12.839s] -- Up-to-date: /home/abdelrhaman/microros_ws/install/actionlib_msgs/include/actionlib_msgs/actionlib_msgs/msg
[12.839s] -- Installing: /home/abdelrhaman/microros_ws/install/actionlib_msgs/include/actionlib_msgs/actionlib_msgs/msg/goal_status_array.hpp
[12.839s] -- Up-to-date: /home/abdelrhaman/microros_ws/install/actionlib_msgs/include/actionlib_msgs/actionlib_msgs/msg/detail
[12.839s] -- Installing: /home/abdelrhaman/microros_ws/install/actionlib_msgs/include/actionlib_msgs/actionlib_msgs/msg/detail/goal_id__builder.hpp
[12.839s] -- Installing: /home/abdelrhaman/microros_ws/install/actionlib_msgs/include/actionlib_msgs/actionlib_msgs/msg/detail/goal_status_array__traits.hpp
[12.839s] -- Installing: /home/abdelrhaman/microros_ws/install/actionlib_msgs/include/actionlib_msgs/actionlib_msgs/msg/detail/goal_status__traits.hpp
[12.839s] -- Installing: /home/abdelrhaman/microros_ws/install/actionlib_msgs/include/actionlib_msgs/actionlib_msgs/msg/detail/goal_status_array__struct.hpp
[12.839s] -- Installing: /home/abdelrhaman/microros_ws/install/actionlib_msgs/include/actionlib_msgs/actionlib_msgs/msg/detail/goal_status__builder.hpp
[12.839s] -- Installing: /home/abdelrhaman/microros_ws/install/actionlib_msgs/include/actionlib_msgs/actionlib_msgs/msg/detail/goal_status_array__builder.hpp
[12.839s] -- Installing: /home/abdelrhaman/microros_ws/install/actionlib_msgs/include/actionlib_msgs/actionlib_msgs/msg/detail/goal_id__struct.hpp
[12.839s] -- Installing: /home/abdelrhaman/microros_ws/install/actionlib_msgs/include/actionlib_msgs/actionlib_msgs/msg/detail/goal_id__traits.hpp
[12.840s] -- Installing: /home/abdelrhaman/microros_ws/install/actionlib_msgs/include/actionlib_msgs/actionlib_msgs/msg/detail/goal_status__struct.hpp
[12.840s] -- Installing: /home/abdelrhaman/microros_ws/install/actionlib_msgs/include/actionlib_msgs/actionlib_msgs/msg/goal_id.hpp
[12.840s] -- Installing: /home/abdelrhaman/microros_ws/install/actionlib_msgs/include/actionlib_msgs/actionlib_msgs/msg/goal_status.hpp
[12.840s] -- Up-to-date: /home/abdelrhaman/microros_ws/install/actionlib_msgs/include/actionlib_msgs/actionlib_msgs
[12.840s] -- Up-to-date: /home/abdelrhaman/microros_ws/install/actionlib_msgs/include/actionlib_msgs/actionlib_msgs/msg
[12.840s] -- Up-to-date: /home/abdelrhaman/microros_ws/install/actionlib_msgs/include/actionlib_msgs/actionlib_msgs/msg/detail
[12.840s] -- Installing: /home/abdelrhaman/microros_ws/install/actionlib_msgs/include/actionlib_msgs/actionlib_msgs/msg/detail/goal_id__rosidl_typesupport_fastrtps_cpp.hpp
[12.840s] -- Installing: /home/abdelrhaman/microros_ws/install/actionlib_msgs/include/actionlib_msgs/actionlib_msgs/msg/detail/goal_status_array__rosidl_typesupport_fastrtps_cpp.hpp
[12.840s] -- Installing: /home/abdelrhaman/microros_ws/install/actionlib_msgs/include/actionlib_msgs/actionlib_msgs/msg/detail/dds_fastrtps
[12.840s] -- Installing: /home/abdelrhaman/microros_ws/install/actionlib_msgs/include/actionlib_msgs/actionlib_msgs/msg/detail/goal_status__rosidl_typesupport_fastrtps_cpp.hpp
[12.840s] -- Installing: /home/abdelrhaman/microros_ws/install/actionlib_msgs/include/actionlib_msgs/actionlib_msgs/msg/rosidl_typesupport_fastrtps_cpp__visibility_control.h
[12.841s] -- Installing: /home/abdelrhaman/microros_ws/install/actionlib_msgs/lib/libactionlib_msgs__rosidl_typesupport_fastrtps_cpp.so
[12.841s] -- Set runtime path of "/home/abdelrhaman/microros_ws/install/actionlib_msgs/lib/libactionlib_msgs__rosidl_typesupport_fastrtps_cpp.so" to ""
[12.841s] -- Up-to-date: /home/abdelrhaman/microros_ws/install/actionlib_msgs/include/actionlib_msgs
[12.841s] -- Installing: /home/abdelrhaman/microros_ws/install/actionlib_msgs/include/actionlib_msgs/msg
[12.841s] -- Installing: /home/abdelrhaman/microros_ws/install/actionlib_msgs/include/actionlib_msgs/msg/detail
[12.841s] -- Installing: /home/abdelrhaman/microros_ws/install/actionlib_msgs/include/actionlib_msgs/msg/detail/goal_id__rosidl_typesupport_microxrcedds_c.h
[12.841s] -- Installing: /home/abdelrhaman/microros_ws/install/actionlib_msgs/include/actionlib_msgs/msg/detail/goal_status__rosidl_typesupport_microxrcedds_c.h
[12.841s] -- Installing: /home/abdelrhaman/microros_ws/install/actionlib_msgs/include/actionlib_msgs/msg/detail/goal_status_array__rosidl_typesupport_microxrcedds_c.h
[12.841s] -- Installing: /home/abdelrhaman/microros_ws/install/actionlib_msgs/include/actionlib_msgs/msg/detail/microxrcedds
[12.842s] -- Installing: /home/abdelrhaman/microros_ws/install/actionlib_msgs/include/actionlib_msgs/msg/rosidl_typesupport_microxrcedds_c__visibility_control.h
[12.842s] -- Installing: /home/abdelrhaman/microros_ws/install/actionlib_msgs/lib/libactionlib_msgs__rosidl_typesupport_microxrcedds_c.so
[12.842s] -- Set runtime path of "/home/abdelrhaman/microros_ws/install/actionlib_msgs/lib/libactionlib_msgs__rosidl_typesupport_microxrcedds_c.so" to ""
[12.842s] -- Up-to-date: /home/abdelrhaman/microros_ws/install/actionlib_msgs/include/actionlib_msgs/actionlib_msgs
[12.842s] -- Up-to-date: /home/abdelrhaman/microros_ws/install/actionlib_msgs/include/actionlib_msgs/actionlib_msgs/msg
[12.842s] -- Installing: /home/abdelrhaman/microros_ws/install/actionlib_msgs/include/actionlib_msgs/actionlib_msgs/msg/rosidl_typesupport_introspection_c__visibility_control.h
[12.842s] -- Up-to-date: /home/abdelrhaman/microros_ws/install/actionlib_msgs/include/actionlib_msgs/actionlib_msgs/msg/detail
[12.842s] -- Installing: /home/abdelrhaman/microros_ws/install/actionlib_msgs/include/actionlib_msgs/actionlib_msgs/msg/detail/goal_id__type_support.c
[12.842s] -- Installing: /home/abdelrhaman/microros_ws/install/actionlib_msgs/include/actionlib_msgs/actionlib_msgs/msg/detail/goal_status_array__rosidl_typesupport_introspection_c.h
[12.842s] -- Installing: /home/abdelrhaman/microros_ws/install/actionlib_msgs/include/actionlib_msgs/actionlib_msgs/msg/detail/goal_status__rosidl_typesupport_introspection_c.h
[12.842s] -- Installing: /home/abdelrhaman/microros_ws/install/actionlib_msgs/include/actionlib_msgs/actionlib_msgs/msg/detail/goal_status_array__type_support.c
[12.842s] -- Installing: /home/abdelrhaman/microros_ws/install/actionlib_msgs/include/actionlib_msgs/actionlib_msgs/msg/detail/goal_id__rosidl_typesupport_introspection_c.h
[12.843s] -- Installing: /home/abdelrhaman/microros_ws/install/actionlib_msgs/include/actionlib_msgs/actionlib_msgs/msg/detail/goal_status__type_support.c
[12.843s] -- Installing: /home/abdelrhaman/microros_ws/install/actionlib_msgs/lib/libactionlib_msgs__rosidl_typesupport_introspection_c.so
[12.843s] -- Set runtime path of "/home/abdelrhaman/microros_ws/install/actionlib_msgs/lib/libactionlib_msgs__rosidl_typesupport_introspection_c.so" to ""
[12.843s] -- Installing: /home/abdelrhaman/microros_ws/install/actionlib_msgs/lib/libactionlib_msgs__rosidl_typesupport_c.so
[12.843s] -- Set runtime path of "/home/abdelrhaman/microros_ws/install/actionlib_msgs/lib/libactionlib_msgs__rosidl_typesupport_c.so" to ""
[12.843s] -- Up-to-date: /home/abdelrhaman/microros_ws/install/actionlib_msgs/include/actionlib_msgs
[12.843s] -- Up-to-date: /home/abdelrhaman/microros_ws/install/actionlib_msgs/include/actionlib_msgs/msg
[12.843s] -- Up-to-date: /home/abdelrhaman/microros_ws/install/actionlib_msgs/include/actionlib_msgs/msg/detail
[12.843s] -- Installing: /home/abdelrhaman/microros_ws/install/actionlib_msgs/include/actionlib_msgs/msg/detail/goal_status__rosidl_typesupport_microxrcedds_cpp.hpp
[12.843s] -- Installing: /home/abdelrhaman/microros_ws/install/actionlib_msgs/include/actionlib_msgs/msg/detail/goal_id__rosidl_typesupport_microxrcedds_cpp.hpp
[12.844s] -- Installing: /home/abdelrhaman/microros_ws/install/actionlib_msgs/include/actionlib_msgs/msg/detail/goal_status_array__rosidl_typesupport_microxrcedds_cpp.hpp
[12.844s] -- Up-to-date: /home/abdelrhaman/microros_ws/install/actionlib_msgs/include/actionlib_msgs/msg/detail/microxrcedds
[12.844s] -- Installing: /home/abdelrhaman/microros_ws/install/actionlib_msgs/include/actionlib_msgs/msg/detail/microxrcedds/goal_id__type_support_cpp.cpp
[12.844s] -- Installing: /home/abdelrhaman/microros_ws/install/actionlib_msgs/include/actionlib_msgs/msg/detail/microxrcedds/goal_status__type_support_cpp.cpp
[12.844s] -- Installing: /home/abdelrhaman/microros_ws/install/actionlib_msgs/include/actionlib_msgs/msg/detail/microxrcedds/goal_status_array__type_support_cpp.cpp
[12.844s] -- Installing: /home/abdelrhaman/microros_ws/install/actionlib_msgs/include/actionlib_msgs/msg/rosidl_typesupport_microxrcedds_cpp__visibility_control.h
[12.844s] -- Installing: /home/abdelrhaman/microros_ws/install/actionlib_msgs/lib/libactionlib_msgs__rosidl_typesupport_microxrcedds_cpp.so
[12.844s] -- Set runtime path of "/home/abdelrhaman/microros_ws/install/actionlib_msgs/lib/libactionlib_msgs__rosidl_typesupport_microxrcedds_cpp.so" to ""
[12.844s] -- Up-to-date: /home/abdelrhaman/microros_ws/install/actionlib_msgs/include/actionlib_msgs/actionlib_msgs
[12.844s] -- Up-to-date: /home/abdelrhaman/microros_ws/install/actionlib_msgs/include/actionlib_msgs/actionlib_msgs/msg
[12.844s] -- Up-to-date: /home/abdelrhaman/microros_ws/install/actionlib_msgs/include/actionlib_msgs/actionlib_msgs/msg/detail
[12.844s] -- Installing: /home/abdelrhaman/microros_ws/install/actionlib_msgs/include/actionlib_msgs/actionlib_msgs/msg/detail/goal_status_array__type_support.cpp
[12.845s] -- Installing: /home/abdelrhaman/microros_ws/install/actionlib_msgs/include/actionlib_msgs/actionlib_msgs/msg/detail/goal_status_array__rosidl_typesupport_introspection_cpp.hpp
[12.845s] -- Installing: /home/abdelrhaman/microros_ws/install/actionlib_msgs/include/actionlib_msgs/actionlib_msgs/msg/detail/goal_id__type_support.cpp
[12.845s] -- Installing: /home/abdelrhaman/microros_ws/install/actionlib_msgs/include/actionlib_msgs/actionlib_msgs/msg/detail/goal_status__type_support.cpp
[12.845s] -- Installing: /home/abdelrhaman/microros_ws/install/actionlib_msgs/include/actionlib_msgs/actionlib_msgs/msg/detail/goal_id__rosidl_typesupport_introspection_cpp.hpp
[12.845s] -- Installing: /home/abdelrhaman/microros_ws/install/actionlib_msgs/include/actionlib_msgs/actionlib_msgs/msg/detail/goal_status__rosidl_typesupport_introspection_cpp.hpp
[12.845s] -- Installing: /home/abdelrhaman/microros_ws/install/actionlib_msgs/lib/libactionlib_msgs__rosidl_typesupport_introspection_cpp.so
[12.845s] -- Set runtime path of "/home/abdelrhaman/microros_ws/install/actionlib_msgs/lib/libactionlib_msgs__rosidl_typesupport_introspection_cpp.so" to ""
[12.845s] -- Installing: /home/abdelrhaman/microros_ws/install/actionlib_msgs/lib/libactionlib_msgs__rosidl_typesupport_cpp.so
[12.845s] -- Set runtime path of "/home/abdelrhaman/microros_ws/install/actionlib_msgs/lib/libactionlib_msgs__rosidl_typesupport_cpp.so" to ""
[12.845s] -- Installing: /home/abdelrhaman/microros_ws/install/actionlib_msgs/share/actionlib_msgs/environment/pythonpath.sh
[12.845s] -- Installing: /home/abdelrhaman/microros_ws/install/actionlib_msgs/share/actionlib_msgs/environment/pythonpath.dsv
[12.845s] -- Installing: /home/abdelrhaman/microros_ws/install/actionlib_msgs/local/lib/python3.10/dist-packages/actionlib_msgs-4.2.4-py3.10.egg-info
[12.845s] -- Installing: /home/abdelrhaman/microros_ws/install/actionlib_msgs/local/lib/python3.10/dist-packages/actionlib_msgs-4.2.4-py3.10.egg-info/PKG-INFO
[12.846s] -- Installing: /home/abdelrhaman/microros_ws/install/actionlib_msgs/local/lib/python3.10/dist-packages/actionlib_msgs-4.2.4-py3.10.egg-info/SOURCES.txt
[12.846s] -- Installing: /home/abdelrhaman/microros_ws/install/actionlib_msgs/local/lib/python3.10/dist-packages/actionlib_msgs-4.2.4-py3.10.egg-info/top_level.txt
[12.846s] -- Installing: /home/abdelrhaman/microros_ws/install/actionlib_msgs/local/lib/python3.10/dist-packages/actionlib_msgs-4.2.4-py3.10.egg-info/dependency_links.txt
[12.846s] -- Installing: /home/abdelrhaman/microros_ws/install/actionlib_msgs/local/lib/python3.10/dist-packages/actionlib_msgs
[12.846s] -- Installing: /home/abdelrhaman/microros_ws/install/actionlib_msgs/local/lib/python3.10/dist-packages/actionlib_msgs/_actionlib_msgs_s.ep.rosidl_typesupport_c.c
[12.846s] -- Installing: /home/abdelrhaman/microros_ws/install/actionlib_msgs/local/lib/python3.10/dist-packages/actionlib_msgs/actionlib_msgs_s__rosidl_typesupport_c.cpython-310-x86_64-linux-gnu.so
[12.846s] -- Installing: /home/abdelrhaman/microros_ws/install/actionlib_msgs/local/lib/python3.10/dist-packages/actionlib_msgs/actionlib_msgs_s__rosidl_typesupport_fastrtps_c.cpython-310-x86_64-linux-gnu.so
[12.846s] -- Installing: /home/abdelrhaman/microros_ws/install/actionlib_msgs/local/lib/python3.10/dist-packages/actionlib_msgs/_actionlib_msgs_s.ep.rosidl_typesupport_introspection_c.c
[12.846s] -- Installing: /home/abdelrhaman/microros_ws/install/actionlib_msgs/local/lib/python3.10/dist-packages/actionlib_msgs/__init__.py
[12.846s] -- Installing: /home/abdelrhaman/microros_ws/install/actionlib_msgs/local/lib/python3.10/dist-packages/actionlib_msgs/msg
[12.846s] -- Installing: /home/abdelrhaman/microros_ws/install/actionlib_msgs/local/lib/python3.10/dist-packages/actionlib_msgs/msg/_goal_status_array.py
[12.846s] -- Installing: /home/abdelrhaman/microros_ws/install/actionlib_msgs/local/lib/python3.10/dist-packages/actionlib_msgs/msg/_goal_status_array_s.c
[12.847s] -- Installing: /home/abdelrhaman/microros_ws/install/actionlib_msgs/local/lib/python3.10/dist-packages/actionlib_msgs/msg/_goal_id_s.c
[12.847s] -- Installing: /home/abdelrhaman/microros_ws/install/actionlib_msgs/local/lib/python3.10/dist-packages/actionlib_msgs/msg/_goal_id.py
[12.847s] -- Installing: /home/abdelrhaman/microros_ws/install/actionlib_msgs/local/lib/python3.10/dist-packages/actionlib_msgs/msg/_goal_status_s.c
[12.847s] -- Installing: /home/abdelrhaman/microros_ws/install/actionlib_msgs/local/lib/python3.10/dist-packages/actionlib_msgs/msg/_goal_status.py
[12.847s] -- Installing: /home/abdelrhaman/microros_ws/install/actionlib_msgs/local/lib/python3.10/dist-packages/actionlib_msgs/msg/__init__.py
[12.847s] -- Installing: /home/abdelrhaman/microros_ws/install/actionlib_msgs/local/lib/python3.10/dist-packages/actionlib_msgs/actionlib_msgs_s__rosidl_typesupport_introspection_c.cpython-310-x86_64-linux-gnu.so
[12.847s] -- Installing: /home/abdelrhaman/microros_ws/install/actionlib_msgs/local/lib/python3.10/dist-packages/actionlib_msgs/_actionlib_msgs_s.ep.rosidl_typesupport_fastrtps_c.c
[12.847s] -- Installing: /home/abdelrhaman/microros_ws/install/actionlib_msgs/local/lib/python3.10/dist-packages/actionlib_msgs/libactionlib_msgs__rosidl_generator_py.so
[12.847s] -- Installing: /home/abdelrhaman/microros_ws/install/actionlib_msgs/local/lib/python3.10/dist-packages/actionlib_msgs/_actionlib_msgs_s.ep.rosidl_typesupport_microxrcedds_c.c
[12.847s] -- Installing: /home/abdelrhaman/microros_ws/install/actionlib_msgs/local/lib/python3.10/dist-packages/actionlib_msgs/actionlib_msgs_s__rosidl_typesupport_microxrcedds_c.cpython-310-x86_64-linux-gnu.so
[12.878s] Listing '/home/abdelrhaman/microros_ws/install/actionlib_msgs/local/lib/python3.10/dist-packages/actionlib_msgs'...
[12.878s] Compiling '/home/abdelrhaman/microros_ws/install/actionlib_msgs/local/lib/python3.10/dist-packages/actionlib_msgs/__init__.py'...
[12.878s] Listing '/home/abdelrhaman/microros_ws/install/actionlib_msgs/local/lib/python3.10/dist-packages/actionlib_msgs/msg'...
[12.878s] Compiling '/home/abdelrhaman/microros_ws/install/actionlib_msgs/local/lib/python3.10/dist-packages/actionlib_msgs/msg/__init__.py'...
[12.879s] Compiling '/home/abdelrhaman/microros_ws/install/actionlib_msgs/local/lib/python3.10/dist-packages/actionlib_msgs/msg/_goal_id.py'...
[12.879s] Compiling '/home/abdelrhaman/microros_ws/install/actionlib_msgs/local/lib/python3.10/dist-packages/actionlib_msgs/msg/_goal_status.py'...
[12.879s] Compiling '/home/abdelrhaman/microros_ws/install/actionlib_msgs/local/lib/python3.10/dist-packages/actionlib_msgs/msg/_goal_status_array.py'...
[12.882s] -- Installing: /home/abdelrhaman/microros_ws/install/actionlib_msgs/local/lib/python3.10/dist-packages/actionlib_msgs/actionlib_msgs_s__rosidl_typesupport_microxrcedds_c.cpython-310-x86_64-linux-gnu.so
[12.882s] -- Set runtime path of "/home/abdelrhaman/microros_ws/install/actionlib_msgs/local/lib/python3.10/dist-packages/actionlib_msgs/actionlib_msgs_s__rosidl_typesupport_microxrcedds_c.cpython-310-x86_64-linux-gnu.so" to ""
[12.883s] -- Installing: /home/abdelrhaman/microros_ws/install/actionlib_msgs/local/lib/python3.10/dist-packages/actionlib_msgs/actionlib_msgs_s__rosidl_typesupport_fastrtps_c.cpython-310-x86_64-linux-gnu.so
[12.883s] -- Set runtime path of "/home/abdelrhaman/microros_ws/install/actionlib_msgs/local/lib/python3.10/dist-packages/actionlib_msgs/actionlib_msgs_s__rosidl_typesupport_fastrtps_c.cpython-310-x86_64-linux-gnu.so" to ""
[12.883s] -- Installing: /home/abdelrhaman/microros_ws/install/actionlib_msgs/local/lib/python3.10/dist-packages/actionlib_msgs/actionlib_msgs_s__rosidl_typesupport_introspection_c.cpython-310-x86_64-linux-gnu.so
[12.883s] -- Set runtime path of "/home/abdelrhaman/microros_ws/install/actionlib_msgs/local/lib/python3.10/dist-packages/actionlib_msgs/actionlib_msgs_s__rosidl_typesupport_introspection_c.cpython-310-x86_64-linux-gnu.so" to ""
[12.883s] -- Installing: /home/abdelrhaman/microros_ws/install/actionlib_msgs/local/lib/python3.10/dist-packages/actionlib_msgs/actionlib_msgs_s__rosidl_typesupport_c.cpython-310-x86_64-linux-gnu.so
[12.883s] -- Set runtime path of "/home/abdelrhaman/microros_ws/install/actionlib_msgs/local/lib/python3.10/dist-packages/actionlib_msgs/actionlib_msgs_s__rosidl_typesupport_c.cpython-310-x86_64-linux-gnu.so" to ""
[12.883s] -- Installing: /home/abdelrhaman/microros_ws/install/actionlib_msgs/lib/libactionlib_msgs__rosidl_generator_py.so
[12.884s] -- Set runtime path of "/home/abdelrhaman/microros_ws/install/actionlib_msgs/lib/libactionlib_msgs__rosidl_generator_py.so" to ""
[12.884s] -- Installing: /home/abdelrhaman/microros_ws/install/actionlib_msgs/share/actionlib_msgs/msg/GoalID.idl
[12.884s] -- Installing: /home/abdelrhaman/microros_ws/install/actionlib_msgs/share/actionlib_msgs/msg/GoalStatus.idl
[12.884s] -- Installing: /home/abdelrhaman/microros_ws/install/actionlib_msgs/share/actionlib_msgs/msg/GoalStatusArray.idl
[12.884s] -- Installing: /home/abdelrhaman/microros_ws/install/actionlib_msgs/share/actionlib_msgs/msg/GoalID.msg
[12.884s] -- Installing: /home/abdelrhaman/microros_ws/install/actionlib_msgs/share/actionlib_msgs/msg/GoalStatus.msg
[12.884s] -- Installing: /home/abdelrhaman/microros_ws/install/actionlib_msgs/share/actionlib_msgs/msg/GoalStatusArray.msg
[12.884s] -- Installing: /home/abdelrhaman/microros_ws/install/actionlib_msgs/share/ament_index/resource_index/package_run_dependencies/actionlib_msgs
[12.884s] -- Installing: /home/abdelrhaman/microros_ws/install/actionlib_msgs/share/ament_index/resource_index/parent_prefix_path/actionlib_msgs
[12.885s] -- Installing: /home/abdelrhaman/microros_ws/install/actionlib_msgs/share/actionlib_msgs/environment/ament_prefix_path.sh
[12.885s] -- Installing: /home/abdelrhaman/microros_ws/install/actionlib_msgs/share/actionlib_msgs/environment/ament_prefix_path.dsv
[12.885s] -- Installing: /home/abdelrhaman/microros_ws/install/actionlib_msgs/share/actionlib_msgs/environment/path.sh
[12.885s] -- Installing: /home/abdelrhaman/microros_ws/install/actionlib_msgs/share/actionlib_msgs/environment/path.dsv
[12.885s] -- Installing: /home/abdelrhaman/microros_ws/install/actionlib_msgs/share/actionlib_msgs/local_setup.bash
[12.885s] -- Installing: /home/abdelrhaman/microros_ws/install/actionlib_msgs/share/actionlib_msgs/local_setup.sh
[12.885s] -- Installing: /home/abdelrhaman/microros_ws/install/actionlib_msgs/share/actionlib_msgs/local_setup.zsh
[12.885s] -- Installing: /home/abdelrhaman/microros_ws/install/actionlib_msgs/share/actionlib_msgs/local_setup.dsv
[12.885s] -- Installing: /home/abdelrhaman/microros_ws/install/actionlib_msgs/share/actionlib_msgs/package.dsv
[12.885s] -- Installing: /home/abdelrhaman/microros_ws/install/actionlib_msgs/share/ament_index/resource_index/packages/actionlib_msgs
[12.886s] -- Installing: /home/abdelrhaman/microros_ws/install/actionlib_msgs/share/actionlib_msgs/cmake/export_actionlib_msgs__rosidl_generator_cExport.cmake
[12.886s] -- Installing: /home/abdelrhaman/microros_ws/install/actionlib_msgs/share/actionlib_msgs/cmake/export_actionlib_msgs__rosidl_generator_cExport-noconfig.cmake
[12.886s] -- Installing: /home/abdelrhaman/microros_ws/install/actionlib_msgs/share/actionlib_msgs/cmake/export_actionlib_msgs__rosidl_typesupport_fastrtps_cExport.cmake
[12.886s] -- Installing: /home/abdelrhaman/microros_ws/install/actionlib_msgs/share/actionlib_msgs/cmake/export_actionlib_msgs__rosidl_typesupport_fastrtps_cExport-noconfig.cmake
[12.886s] -- Installing: /home/abdelrhaman/microros_ws/install/actionlib_msgs/share/actionlib_msgs/cmake/export_actionlib_msgs__rosidl_generator_cppExport.cmake
[12.886s] -- Installing: /home/abdelrhaman/microros_ws/install/actionlib_msgs/share/actionlib_msgs/cmake/export_actionlib_msgs__rosidl_typesupport_fastrtps_cppExport.cmake
[12.886s] -- Installing: /home/abdelrhaman/microros_ws/install/actionlib_msgs/share/actionlib_msgs/cmake/export_actionlib_msgs__rosidl_typesupport_fastrtps_cppExport-noconfig.cmake
[12.886s] -- Installing: /home/abdelrhaman/microros_ws/install/actionlib_msgs/share/actionlib_msgs/cmake/actionlib_msgs__rosidl_typesupport_introspection_cExport.cmake
[12.887s] -- Installing: /home/abdelrhaman/microros_ws/install/actionlib_msgs/share/actionlib_msgs/cmake/actionlib_msgs__rosidl_typesupport_introspection_cExport-noconfig.cmake
[12.887s] -- Installing: /home/abdelrhaman/microros_ws/install/actionlib_msgs/share/actionlib_msgs/cmake/actionlib_msgs__rosidl_typesupport_cExport.cmake
[12.887s] -- Installing: /home/abdelrhaman/microros_ws/install/actionlib_msgs/share/actionlib_msgs/cmake/actionlib_msgs__rosidl_typesupport_cExport-noconfig.cmake
[12.887s] -- Installing: /home/abdelrhaman/microros_ws/install/actionlib_msgs/share/actionlib_msgs/cmake/actionlib_msgs__rosidl_typesupport_introspection_cppExport.cmake
[12.887s] -- Installing: /home/abdelrhaman/microros_ws/install/actionlib_msgs/share/actionlib_msgs/cmake/actionlib_msgs__rosidl_typesupport_introspection_cppExport-noconfig.cmake
[12.887s] -- Installing: /home/abdelrhaman/microros_ws/install/actionlib_msgs/share/actionlib_msgs/cmake/actionlib_msgs__rosidl_typesupport_cppExport.cmake
[12.887s] -- Installing: /home/abdelrhaman/microros_ws/install/actionlib_msgs/share/actionlib_msgs/cmake/actionlib_msgs__rosidl_typesupport_cppExport-noconfig.cmake
[12.887s] -- Installing: /home/abdelrhaman/microros_ws/install/actionlib_msgs/share/actionlib_msgs/cmake/export_actionlib_msgs__rosidl_generator_pyExport.cmake
[12.888s] -- Installing: /home/abdelrhaman/microros_ws/install/actionlib_msgs/share/actionlib_msgs/cmake/export_actionlib_msgs__rosidl_generator_pyExport-noconfig.cmake
[12.888s] -- Installing: /home/abdelrhaman/microros_ws/install/actionlib_msgs/share/actionlib_msgs/cmake/rosidl_cmake-extras.cmake
[12.888s] -- Installing: /home/abdelrhaman/microros_ws/install/actionlib_msgs/share/actionlib_msgs/cmake/ament_cmake_export_dependencies-extras.cmake
[12.888s] -- Installing: /home/abdelrhaman/microros_ws/install/actionlib_msgs/share/actionlib_msgs/cmake/ament_cmake_export_include_directories-extras.cmake
[12.888s] -- Installing: /home/abdelrhaman/microros_ws/install/actionlib_msgs/share/actionlib_msgs/cmake/ament_cmake_export_libraries-extras.cmake
[12.888s] -- Installing: /home/abdelrhaman/microros_ws/install/actionlib_msgs/share/actionlib_msgs/cmake/ament_cmake_export_targets-extras.cmake
[12.888s] -- Installing: /home/abdelrhaman/microros_ws/install/actionlib_msgs/share/actionlib_msgs/cmake/rosidl_cmake_export_typesupport_targets-extras.cmake
[12.889s] -- Installing: /home/abdelrhaman/microros_ws/install/actionlib_msgs/share/actionlib_msgs/cmake/rosidl_cmake_export_typesupport_libraries-extras.cmake
[12.889s] -- Installing: /home/abdelrhaman/microros_ws/install/actionlib_msgs/share/actionlib_msgs/cmake/actionlib_msgsConfig.cmake
[12.889s] -- Installing: /home/abdelrhaman/microros_ws/install/actionlib_msgs/share/actionlib_msgs/cmake/actionlib_msgsConfig-version.cmake
[12.889s] -- Installing: /home/abdelrhaman/microros_ws/install/actionlib_msgs/share/actionlib_msgs/package.xml
[12.890s] Invoked command in '/home/abdelrhaman/microros_ws/build/actionlib_msgs' returned '0': AMENT_PREFIX_PATH=/home/abdelrhaman/microros_ws/install/std_msgs:/home/abdelrhaman/microros_ws/install/builtin_interfaces:${AMENT_PREFIX_PATH} CMAKE_PREFIX_PATH=/home/abdelrhaman/microros_ws/install/std_msgs:/home/abdelrhaman/microros_ws/install/builtin_interfaces:/home/abdelrhaman/microros_ws/install/rosidl_typesupport_microxrcedds_cpp:/home/abdelrhaman/microros_ws/install/rosidl_typesupport_microxrcedds_c:/home/abdelrhaman/microros_ws/install/microcdr:/home/abdelrhaman/microros_ws/install/micro_ros_setup:/home/abdelrhaman/ros/install/my_robot_controller:/opt/ros/humble LD_LIBRARY_PATH=/home/abdelrhaman/microros_ws/install/std_msgs/lib:/home/abdelrhaman/microros_ws/install/builtin_interfaces/lib:${LD_LIBRARY_PATH} PYTHONPATH=/home/abdelrhaman/microros_ws/install/std_msgs/local/lib/python3.10/dist-packages:/home/abdelrhaman/microros_ws/install/builtin_interfaces/local/lib/python3.10/dist-packages:${PYTHONPATH} /usr/bin/cmake --install /home/abdelrhaman/microros_ws/build/actionlib_msgs
