[0.023s] Invoking command in '/home/abdelrhaman/microros_ws/build/nav_msgs': AMENT_PREFIX_PATH=/home/abdelrhaman/microros_ws/install/geometry_msgs:/home/abdelrhaman/microros_ws/install/std_msgs:/home/abdelrhaman/microros_ws/install/builtin_interfaces:${AMENT_PREFIX_PATH} CMAKE_PREFIX_PATH=/home/abdelrhaman/microros_ws/install/geometry_msgs:/home/abdelrhaman/microros_ws/install/std_msgs:/home/abdelrhaman/microros_ws/install/builtin_interfaces:/home/abdelrhaman/ros/install/my_robot_controller:/opt/ros/humble LD_LIBRARY_PATH=/home/abdelrhaman/microros_ws/install/geometry_msgs/lib:/home/abdelrhaman/microros_ws/install/std_msgs/lib:/home/abdelrhaman/microros_ws/install/builtin_interfaces/lib:${LD_LIBRARY_PATH} PYTHONPATH=/home/abdelrhaman/microros_ws/install/geometry_msgs/local/lib/python3.10/dist-packages:/home/abdelrhaman/microros_ws/install/std_msgs/local/lib/python3.10/dist-packages:/home/abdelrhaman/microros_ws/install/builtin_interfaces/local/lib/python3.10/dist-packages:${PYTHONPATH} /usr/bin/cmake /home/abdelrhaman/microros_ws/src/ros2/common_interfaces/nav_msgs -DCMAKE_INSTALL_PREFIX=/home/abdelrhaman/microros_ws/install/nav_msgs
[0.038s] -- Found ament_cmake: 1.3.10 (/opt/ros/humble/share/ament_cmake/cmake)
[0.129s] -- Found builtin_interfaces: 1.2.1 (/home/abdelrhaman/microros_ws/install/builtin_interfaces/share/builtin_interfaces/cmake)
[0.144s] -- Found rosidl_generator_c: 3.1.5 (/opt/ros/humble/share/rosidl_generator_c/cmake)
[0.145s] -- Found rosidl_adapter: 3.1.5 (/opt/ros/humble/share/rosidl_adapter/cmake)
[0.149s] -- Found rosidl_generator_cpp: 3.1.5 (/opt/ros/humble/share/rosidl_generator_cpp/cmake)
[0.156s] -- Using all available rosidl_typesupport_c: rosidl_typesupport_fastrtps_c;rosidl_typesupport_introspection_c
[0.163s] -- Using all available rosidl_typesupport_cpp: rosidl_typesupport_fastrtps_cpp;rosidl_typesupport_introspection_cpp
[0.171s] -- Found geometry_msgs: 4.2.4 (/home/abdelrhaman/microros_ws/install/geometry_msgs/share/geometry_msgs/cmake)
[0.188s] -- Found rosidl_default_generators: 1.2.0 (/opt/ros/humble/share/rosidl_default_generators/cmake)
[0.452s] -- Found ament_cmake_ros: 0.10.0 (/opt/ros/humble/share/ament_cmake_ros/cmake)
[0.771s] -- Using all available rosidl_typesupport_c: rosidl_typesupport_fastrtps_c;rosidl_typesupport_introspection_c
[0.902s] -- Using all available rosidl_typesupport_cpp: rosidl_typesupport_fastrtps_cpp;rosidl_typesupport_introspection_cpp
[0.924s] -- Found python_cmake_module: 0.10.0 (/opt/ros/humble/share/python_cmake_module/cmake)
[0.951s] -- Using PYTHON_EXECUTABLE: /usr/bin/python3
[0.951s] -- Using PYTHON_INCLUDE_DIRS: /usr/include/python3.10
[0.951s] -- Using PYTHON_LIBRARIES: /usr/lib/x86_64-linux-gnu/libpython3.10.so
[1.005s] -- Configuring done
[1.074s] -- Generating done
[1.078s] -- Build files have been written to: /home/abdelrhaman/microros_ws/build/nav_msgs
[1.085s] Invoked command in '/home/abdelrhaman/microros_ws/build/nav_msgs' returned '0': AMENT_PREFIX_PATH=/home/abdelrhaman/microros_ws/install/geometry_msgs:/home/abdelrhaman/microros_ws/install/std_msgs:/home/abdelrhaman/microros_ws/install/builtin_interfaces:${AMENT_PREFIX_PATH} CMAKE_PREFIX_PATH=/home/abdelrhaman/microros_ws/install/geometry_msgs:/home/abdelrhaman/microros_ws/install/std_msgs:/home/abdelrhaman/microros_ws/install/builtin_interfaces:/home/abdelrhaman/ros/install/my_robot_controller:/opt/ros/humble LD_LIBRARY_PATH=/home/abdelrhaman/microros_ws/install/geometry_msgs/lib:/home/abdelrhaman/microros_ws/install/std_msgs/lib:/home/abdelrhaman/microros_ws/install/builtin_interfaces/lib:${LD_LIBRARY_PATH} PYTHONPATH=/home/abdelrhaman/microros_ws/install/geometry_msgs/local/lib/python3.10/dist-packages:/home/abdelrhaman/microros_ws/install/std_msgs/local/lib/python3.10/dist-packages:/home/abdelrhaman/microros_ws/install/builtin_interfaces/local/lib/python3.10/dist-packages:${PYTHONPATH} /usr/bin/cmake /home/abdelrhaman/microros_ws/src/ros2/common_interfaces/nav_msgs -DCMAKE_INSTALL_PREFIX=/home/abdelrhaman/microros_ws/install/nav_msgs
[1.087s] Invoking command in '/home/abdelrhaman/microros_ws/build/nav_msgs': AMENT_PREFIX_PATH=/home/abdelrhaman/microros_ws/install/geometry_msgs:/home/abdelrhaman/microros_ws/install/std_msgs:/home/abdelrhaman/microros_ws/install/builtin_interfaces:${AMENT_PREFIX_PATH} CMAKE_PREFIX_PATH=/home/abdelrhaman/microros_ws/install/geometry_msgs:/home/abdelrhaman/microros_ws/install/std_msgs:/home/abdelrhaman/microros_ws/install/builtin_interfaces:/home/abdelrhaman/ros/install/my_robot_controller:/opt/ros/humble LD_LIBRARY_PATH=/home/abdelrhaman/microros_ws/install/geometry_msgs/lib:/home/abdelrhaman/microros_ws/install/std_msgs/lib:/home/abdelrhaman/microros_ws/install/builtin_interfaces/lib:${LD_LIBRARY_PATH} PYTHONPATH=/home/abdelrhaman/microros_ws/install/geometry_msgs/local/lib/python3.10/dist-packages:/home/abdelrhaman/microros_ws/install/std_msgs/local/lib/python3.10/dist-packages:/home/abdelrhaman/microros_ws/install/builtin_interfaces/local/lib/python3.10/dist-packages:${PYTHONPATH} /usr/bin/cmake --build /home/abdelrhaman/microros_ws/build/nav_msgs -- -j20 -l20
[1.130s] [35m[1mConsolidate compiler generated dependencies of target nav_msgs__rosidl_generator_c[0m
[1.136s] [  1%] Built target nav_msgs__cpp
[1.144s] [ 12%] Built target nav_msgs__rosidl_generator_c
[1.144s] [ 13%] [34m[1mGenerating C++ type support dispatch for ROS interfaces[0m
[1.152s] [35m[1mConsolidate compiler generated dependencies of target nav_msgs__rosidl_typesupport_introspection_cpp[0m
[1.152s] [35m[1mConsolidate compiler generated dependencies of target nav_msgs__rosidl_typesupport_fastrtps_cpp[0m
[1.152s] [ 13%] Built target ament_cmake_python_copy_nav_msgs
[1.153s] [ 14%] [34m[1mGenerating C type support dispatch for ROS interfaces[0m
[1.155s] [35m[1mConsolidate compiler generated dependencies of target nav_msgs__rosidl_typesupport_introspection_c[0m
[1.159s] [35m[1mConsolidate compiler generated dependencies of target nav_msgs__rosidl_typesupport_fastrtps_c[0m
[1.170s] [ 26%] Built target nav_msgs__rosidl_typesupport_introspection_c
[1.170s] [ 37%] Built target nav_msgs__rosidl_typesupport_introspection_cpp
[1.171s] [ 49%] Built target nav_msgs__rosidl_typesupport_fastrtps_cpp
[1.175s] [ 61%] Built target nav_msgs__rosidl_typesupport_fastrtps_c
[1.743s] running egg_info
[1.787s] writing nav_msgs.egg-info/PKG-INFO
[1.821s] writing dependency_links to nav_msgs.egg-info/dependency_links.txt
[2.022s] writing top-level names to nav_msgs.egg-info/top_level.txt
[2.024s] [35m[1mConsolidate compiler generated dependencies of target nav_msgs__rosidl_typesupport_cpp[0m
[2.042s] [ 63%] [32mBuilding CXX object CMakeFiles/nav_msgs__rosidl_typesupport_cpp.dir/rosidl_typesupport_cpp/nav_msgs/msg/grid_cells__type_support.cpp.o[0m
[2.042s] [ 63%] [32mBuilding CXX object CMakeFiles/nav_msgs__rosidl_typesupport_cpp.dir/rosidl_typesupport_cpp/nav_msgs/msg/occupancy_grid__type_support.cpp.o[0m
[2.043s] [ 64%] [32mBuilding CXX object CMakeFiles/nav_msgs__rosidl_typesupport_cpp.dir/rosidl_typesupport_cpp/nav_msgs/msg/path__type_support.cpp.o[0m
[2.043s] [ 65%] [32mBuilding CXX object CMakeFiles/nav_msgs__rosidl_typesupport_cpp.dir/rosidl_typesupport_cpp/nav_msgs/msg/odometry__type_support.cpp.o[0m
[2.043s] [ 66%] [32mBuilding CXX object CMakeFiles/nav_msgs__rosidl_typesupport_cpp.dir/rosidl_typesupport_cpp/nav_msgs/srv/get_plan__type_support.cpp.o[0m
[2.043s] [ 68%] [32mBuilding CXX object CMakeFiles/nav_msgs__rosidl_typesupport_cpp.dir/rosidl_typesupport_cpp/nav_msgs/srv/get_map__type_support.cpp.o[0m
[2.043s] [ 68%] [32mBuilding CXX object CMakeFiles/nav_msgs__rosidl_typesupport_cpp.dir/rosidl_typesupport_cpp/nav_msgs/msg/map_meta_data__type_support.cpp.o[0m
[2.045s] [ 69%] [32mBuilding CXX object CMakeFiles/nav_msgs__rosidl_typesupport_cpp.dir/rosidl_typesupport_cpp/nav_msgs/srv/load_map__type_support.cpp.o[0m
[2.050s] [ 70%] [32mBuilding CXX object CMakeFiles/nav_msgs__rosidl_typesupport_cpp.dir/rosidl_typesupport_cpp/nav_msgs/srv/set_map__type_support.cpp.o[0m
[2.099s] [35m[1mConsolidate compiler generated dependencies of target nav_msgs__rosidl_typesupport_c[0m
[2.111s] reading manifest file 'nav_msgs.egg-info/SOURCES.txt'
[2.113s] [ 71%] [32mBuilding CXX object CMakeFiles/nav_msgs__rosidl_typesupport_c.dir/rosidl_typesupport_c/nav_msgs/msg/occupancy_grid__type_support.cpp.o[0m
[2.115s] writing manifest file 'nav_msgs.egg-info/SOURCES.txt'
[2.115s] [ 72%] [32mBuilding CXX object CMakeFiles/nav_msgs__rosidl_typesupport_c.dir/rosidl_typesupport_c/nav_msgs/msg/grid_cells__type_support.cpp.o[0m
[2.117s] [ 74%] [32mBuilding CXX object CMakeFiles/nav_msgs__rosidl_typesupport_c.dir/rosidl_typesupport_c/nav_msgs/msg/odometry__type_support.cpp.o[0m
[2.118s] [ 74%] [32mBuilding CXX object CMakeFiles/nav_msgs__rosidl_typesupport_c.dir/rosidl_typesupport_c/nav_msgs/msg/map_meta_data__type_support.cpp.o[0m
[2.123s] [ 75%] [32mBuilding CXX object CMakeFiles/nav_msgs__rosidl_typesupport_c.dir/rosidl_typesupport_c/nav_msgs/msg/path__type_support.cpp.o[0m
[2.131s] [ 76%] [32mBuilding CXX object CMakeFiles/nav_msgs__rosidl_typesupport_c.dir/rosidl_typesupport_c/nav_msgs/srv/get_map__type_support.cpp.o[0m
[2.134s] [ 77%] [32mBuilding CXX object CMakeFiles/nav_msgs__rosidl_typesupport_c.dir/rosidl_typesupport_c/nav_msgs/srv/get_plan__type_support.cpp.o[0m
[2.149s] [ 78%] [32mBuilding CXX object CMakeFiles/nav_msgs__rosidl_typesupport_c.dir/rosidl_typesupport_c/nav_msgs/srv/set_map__type_support.cpp.o[0m
[2.149s] [ 80%] [32mBuilding CXX object CMakeFiles/nav_msgs__rosidl_typesupport_c.dir/rosidl_typesupport_c/nav_msgs/srv/load_map__type_support.cpp.o[0m
[2.195s] [ 80%] Built target ament_cmake_python_build_nav_msgs_egg
[2.204s] [ 81%] [32m[1mLinking CXX shared library libnav_msgs__rosidl_typesupport_c.so[0m
[2.257s] [ 81%] Built target nav_msgs__rosidl_typesupport_c
[2.382s] [ 82%] [32m[1mLinking CXX shared library libnav_msgs__rosidl_typesupport_cpp.so[0m
[2.415s] [ 82%] Built target nav_msgs__rosidl_typesupport_cpp
[2.436s] [ 82%] Built target nav_msgs
[2.453s] [ 83%] Built target nav_msgs__py
[2.466s] [35m[1mConsolidate compiler generated dependencies of target nav_msgs__rosidl_generator_py[0m
[2.483s] [ 84%] [32m[1mLinking C shared library rosidl_generator_py/nav_msgs/libnav_msgs__rosidl_generator_py.so[0m
[2.519s] [ 93%] Built target nav_msgs__rosidl_generator_py
[2.527s] [35m[1mConsolidate compiler generated dependencies of target nav_msgs__rosidl_typesupport_c__pyext[0m
[2.529s] [35m[1mConsolidate compiler generated dependencies of target nav_msgs__rosidl_typesupport_fastrtps_c__pyext[0m
[2.529s] [35m[1mConsolidate compiler generated dependencies of target nav_msgs__rosidl_typesupport_introspection_c__pyext[0m
[2.538s] [ 94%] [32m[1mLinking C shared library rosidl_generator_py/nav_msgs/nav_msgs_s__rosidl_typesupport_c.cpython-310-x86_64-linux-gnu.so[0m
[2.538s] [ 95%] [32m[1mLinking C shared library rosidl_generator_py/nav_msgs/nav_msgs_s__rosidl_typesupport_fastrtps_c.cpython-310-x86_64-linux-gnu.so[0m
[2.538s] [ 96%] [32m[1mLinking C shared library rosidl_generator_py/nav_msgs/nav_msgs_s__rosidl_typesupport_introspection_c.cpython-310-x86_64-linux-gnu.so[0m
[2.571s] [ 97%] Built target nav_msgs__rosidl_typesupport_introspection_c__pyext
[2.572s] [ 98%] Built target nav_msgs__rosidl_typesupport_c__pyext
[2.581s] [100%] Built target nav_msgs__rosidl_typesupport_fastrtps_c__pyext
[2.591s] Invoked command in '/home/abdelrhaman/microros_ws/build/nav_msgs' returned '0': AMENT_PREFIX_PATH=/home/abdelrhaman/microros_ws/install/geometry_msgs:/home/abdelrhaman/microros_ws/install/std_msgs:/home/abdelrhaman/microros_ws/install/builtin_interfaces:${AMENT_PREFIX_PATH} CMAKE_PREFIX_PATH=/home/abdelrhaman/microros_ws/install/geometry_msgs:/home/abdelrhaman/microros_ws/install/std_msgs:/home/abdelrhaman/microros_ws/install/builtin_interfaces:/home/abdelrhaman/ros/install/my_robot_controller:/opt/ros/humble LD_LIBRARY_PATH=/home/abdelrhaman/microros_ws/install/geometry_msgs/lib:/home/abdelrhaman/microros_ws/install/std_msgs/lib:/home/abdelrhaman/microros_ws/install/builtin_interfaces/lib:${LD_LIBRARY_PATH} PYTHONPATH=/home/abdelrhaman/microros_ws/install/geometry_msgs/local/lib/python3.10/dist-packages:/home/abdelrhaman/microros_ws/install/std_msgs/local/lib/python3.10/dist-packages:/home/abdelrhaman/microros_ws/install/builtin_interfaces/local/lib/python3.10/dist-packages:${PYTHONPATH} /usr/bin/cmake --build /home/abdelrhaman/microros_ws/build/nav_msgs -- -j20 -l20
[2.760s] Invoking command in '/home/abdelrhaman/microros_ws/build/nav_msgs': AMENT_PREFIX_PATH=/home/abdelrhaman/microros_ws/install/geometry_msgs:/home/abdelrhaman/microros_ws/install/std_msgs:/home/abdelrhaman/microros_ws/install/builtin_interfaces:${AMENT_PREFIX_PATH} CMAKE_PREFIX_PATH=/home/abdelrhaman/microros_ws/install/geometry_msgs:/home/abdelrhaman/microros_ws/install/std_msgs:/home/abdelrhaman/microros_ws/install/builtin_interfaces:/home/abdelrhaman/ros/install/my_robot_controller:/opt/ros/humble LD_LIBRARY_PATH=/home/abdelrhaman/microros_ws/install/geometry_msgs/lib:/home/abdelrhaman/microros_ws/install/std_msgs/lib:/home/abdelrhaman/microros_ws/install/builtin_interfaces/lib:${LD_LIBRARY_PATH} PYTHONPATH=/home/abdelrhaman/microros_ws/install/geometry_msgs/local/lib/python3.10/dist-packages:/home/abdelrhaman/microros_ws/install/std_msgs/local/lib/python3.10/dist-packages:/home/abdelrhaman/microros_ws/install/builtin_interfaces/local/lib/python3.10/dist-packages:${PYTHONPATH} /usr/bin/cmake --install /home/abdelrhaman/microros_ws/build/nav_msgs
[2.768s] -- Install configuration: ""
[2.768s] -- Up-to-date: /home/abdelrhaman/microros_ws/install/nav_msgs/share/ament_index/resource_index/rosidl_interfaces/nav_msgs
[2.768s] -- Up-to-date: /home/abdelrhaman/microros_ws/install/nav_msgs/include/nav_msgs/nav_msgs
[2.768s] -- Up-to-date: /home/abdelrhaman/microros_ws/install/nav_msgs/include/nav_msgs/nav_msgs/srv
[2.768s] -- Up-to-date: /home/abdelrhaman/microros_ws/install/nav_msgs/include/nav_msgs/nav_msgs/srv/get_plan.h
[2.768s] -- Up-to-date: /home/abdelrhaman/microros_ws/install/nav_msgs/include/nav_msgs/nav_msgs/srv/get_map.h
[2.768s] -- Up-to-date: /home/abdelrhaman/microros_ws/install/nav_msgs/include/nav_msgs/nav_msgs/srv/detail
[2.768s] -- Up-to-date: /home/abdelrhaman/microros_ws/install/nav_msgs/include/nav_msgs/nav_msgs/srv/detail/load_map__functions.h
[2.768s] -- Up-to-date: /home/abdelrhaman/microros_ws/install/nav_msgs/include/nav_msgs/nav_msgs/srv/detail/get_plan__functions.h
[2.768s] -- Up-to-date: /home/abdelrhaman/microros_ws/install/nav_msgs/include/nav_msgs/nav_msgs/srv/detail/get_map__struct.h
[2.768s] -- Up-to-date: /home/abdelrhaman/microros_ws/install/nav_msgs/include/nav_msgs/nav_msgs/srv/detail/load_map__functions.c
[2.768s] -- Up-to-date: /home/abdelrhaman/microros_ws/install/nav_msgs/include/nav_msgs/nav_msgs/srv/detail/get_plan__struct.h
[2.768s] -- Up-to-date: /home/abdelrhaman/microros_ws/install/nav_msgs/include/nav_msgs/nav_msgs/srv/detail/get_map__functions.h
[2.768s] -- Up-to-date: /home/abdelrhaman/microros_ws/install/nav_msgs/include/nav_msgs/nav_msgs/srv/detail/set_map__type_support.h
[2.768s] -- Up-to-date: /home/abdelrhaman/microros_ws/install/nav_msgs/include/nav_msgs/nav_msgs/srv/detail/get_plan__functions.c
[2.768s] -- Up-to-date: /home/abdelrhaman/microros_ws/install/nav_msgs/include/nav_msgs/nav_msgs/srv/detail/get_plan__type_support.h
[2.769s] -- Up-to-date: /home/abdelrhaman/microros_ws/install/nav_msgs/include/nav_msgs/nav_msgs/srv/detail/get_map__functions.c
[2.769s] -- Up-to-date: /home/abdelrhaman/microros_ws/install/nav_msgs/include/nav_msgs/nav_msgs/srv/detail/set_map__struct.h
[2.769s] -- Up-to-date: /home/abdelrhaman/microros_ws/install/nav_msgs/include/nav_msgs/nav_msgs/srv/detail/load_map__struct.h
[2.769s] -- Up-to-date: /home/abdelrhaman/microros_ws/install/nav_msgs/include/nav_msgs/nav_msgs/srv/detail/set_map__functions.h
[2.769s] -- Up-to-date: /home/abdelrhaman/microros_ws/install/nav_msgs/include/nav_msgs/nav_msgs/srv/detail/get_map__type_support.h
[2.769s] -- Up-to-date: /home/abdelrhaman/microros_ws/install/nav_msgs/include/nav_msgs/nav_msgs/srv/detail/set_map__functions.c
[2.769s] -- Up-to-date: /home/abdelrhaman/microros_ws/install/nav_msgs/include/nav_msgs/nav_msgs/srv/detail/load_map__type_support.h
[2.769s] -- Up-to-date: /home/abdelrhaman/microros_ws/install/nav_msgs/include/nav_msgs/nav_msgs/srv/load_map.h
[2.769s] -- Up-to-date: /home/abdelrhaman/microros_ws/install/nav_msgs/include/nav_msgs/nav_msgs/srv/set_map.h
[2.769s] -- Up-to-date: /home/abdelrhaman/microros_ws/install/nav_msgs/include/nav_msgs/nav_msgs/msg
[2.769s] -- Up-to-date: /home/abdelrhaman/microros_ws/install/nav_msgs/include/nav_msgs/nav_msgs/msg/path.h
[2.769s] -- Up-to-date: /home/abdelrhaman/microros_ws/install/nav_msgs/include/nav_msgs/nav_msgs/msg/grid_cells.h
[2.769s] -- Up-to-date: /home/abdelrhaman/microros_ws/install/nav_msgs/include/nav_msgs/nav_msgs/msg/rosidl_generator_c__visibility_control.h
[2.769s] -- Up-to-date: /home/abdelrhaman/microros_ws/install/nav_msgs/include/nav_msgs/nav_msgs/msg/detail
[2.769s] -- Up-to-date: /home/abdelrhaman/microros_ws/install/nav_msgs/include/nav_msgs/nav_msgs/msg/detail/path__type_support.h
[2.769s] -- Up-to-date: /home/abdelrhaman/microros_ws/install/nav_msgs/include/nav_msgs/nav_msgs/msg/detail/occupancy_grid__functions.h
[2.769s] -- Up-to-date: /home/abdelrhaman/microros_ws/install/nav_msgs/include/nav_msgs/nav_msgs/msg/detail/grid_cells__type_support.h
[2.769s] -- Up-to-date: /home/abdelrhaman/microros_ws/install/nav_msgs/include/nav_msgs/nav_msgs/msg/detail/grid_cells__functions.h
[2.769s] -- Up-to-date: /home/abdelrhaman/microros_ws/install/nav_msgs/include/nav_msgs/nav_msgs/msg/detail/map_meta_data__struct.h
[2.769s] -- Up-to-date: /home/abdelrhaman/microros_ws/install/nav_msgs/include/nav_msgs/nav_msgs/msg/detail/path__struct.h
[2.769s] -- Up-to-date: /home/abdelrhaman/microros_ws/install/nav_msgs/include/nav_msgs/nav_msgs/msg/detail/odometry__functions.c
[2.769s] -- Up-to-date: /home/abdelrhaman/microros_ws/install/nav_msgs/include/nav_msgs/nav_msgs/msg/detail/grid_cells__functions.c
[2.769s] -- Up-to-date: /home/abdelrhaman/microros_ws/install/nav_msgs/include/nav_msgs/nav_msgs/msg/detail/occupancy_grid__struct.h
[2.769s] -- Up-to-date: /home/abdelrhaman/microros_ws/install/nav_msgs/include/nav_msgs/nav_msgs/msg/detail/odometry__functions.h
[2.770s] -- Up-to-date: /home/abdelrhaman/microros_ws/install/nav_msgs/include/nav_msgs/nav_msgs/msg/detail/path__functions.h
[2.770s] -- Up-to-date: /home/abdelrhaman/microros_ws/install/nav_msgs/include/nav_msgs/nav_msgs/msg/detail/map_meta_data__functions.c
[2.770s] -- Up-to-date: /home/abdelrhaman/microros_ws/install/nav_msgs/include/nav_msgs/nav_msgs/msg/detail/path__functions.c
[2.770s] -- Up-to-date: /home/abdelrhaman/microros_ws/install/nav_msgs/include/nav_msgs/nav_msgs/msg/detail/odometry__struct.h
[2.770s] -- Up-to-date: /home/abdelrhaman/microros_ws/install/nav_msgs/include/nav_msgs/nav_msgs/msg/detail/odometry__type_support.h
[2.770s] -- Up-to-date: /home/abdelrhaman/microros_ws/install/nav_msgs/include/nav_msgs/nav_msgs/msg/detail/grid_cells__struct.h
[2.770s] -- Up-to-date: /home/abdelrhaman/microros_ws/install/nav_msgs/include/nav_msgs/nav_msgs/msg/detail/map_meta_data__functions.h
[2.770s] -- Up-to-date: /home/abdelrhaman/microros_ws/install/nav_msgs/include/nav_msgs/nav_msgs/msg/detail/map_meta_data__type_support.h
[2.770s] -- Up-to-date: /home/abdelrhaman/microros_ws/install/nav_msgs/include/nav_msgs/nav_msgs/msg/detail/occupancy_grid__type_support.h
[2.770s] -- Up-to-date: /home/abdelrhaman/microros_ws/install/nav_msgs/include/nav_msgs/nav_msgs/msg/detail/occupancy_grid__functions.c
[2.770s] -- Up-to-date: /home/abdelrhaman/microros_ws/install/nav_msgs/include/nav_msgs/nav_msgs/msg/map_meta_data.h
[2.770s] -- Up-to-date: /home/abdelrhaman/microros_ws/install/nav_msgs/include/nav_msgs/nav_msgs/msg/occupancy_grid.h
[2.770s] -- Up-to-date: /home/abdelrhaman/microros_ws/install/nav_msgs/include/nav_msgs/nav_msgs/msg/odometry.h
[2.770s] -- Up-to-date: /home/abdelrhaman/microros_ws/install/nav_msgs/share/nav_msgs/environment/library_path.sh
[2.770s] -- Installing: /home/abdelrhaman/microros_ws/install/nav_msgs/share/nav_msgs/environment/library_path.dsv
[2.770s] -- Up-to-date: /home/abdelrhaman/microros_ws/install/nav_msgs/lib/libnav_msgs__rosidl_generator_c.so
[2.770s] -- Up-to-date: /home/abdelrhaman/microros_ws/install/nav_msgs/include/nav_msgs/nav_msgs
[2.770s] -- Up-to-date: /home/abdelrhaman/microros_ws/install/nav_msgs/include/nav_msgs/nav_msgs/srv
[2.771s] -- Up-to-date: /home/abdelrhaman/microros_ws/install/nav_msgs/include/nav_msgs/nav_msgs/srv/detail
[2.771s] -- Up-to-date: /home/abdelrhaman/microros_ws/install/nav_msgs/include/nav_msgs/nav_msgs/srv/detail/get_plan__rosidl_typesupport_fastrtps_c.h
[2.771s] -- Up-to-date: /home/abdelrhaman/microros_ws/install/nav_msgs/include/nav_msgs/nav_msgs/srv/detail/set_map__rosidl_typesupport_fastrtps_c.h
[2.771s] -- Up-to-date: /home/abdelrhaman/microros_ws/install/nav_msgs/include/nav_msgs/nav_msgs/srv/detail/get_map__rosidl_typesupport_fastrtps_c.h
[2.771s] -- Up-to-date: /home/abdelrhaman/microros_ws/install/nav_msgs/include/nav_msgs/nav_msgs/srv/detail/load_map__rosidl_typesupport_fastrtps_c.h
[2.771s] -- Up-to-date: /home/abdelrhaman/microros_ws/install/nav_msgs/include/nav_msgs/nav_msgs/msg
[2.771s] -- Up-to-date: /home/abdelrhaman/microros_ws/install/nav_msgs/include/nav_msgs/nav_msgs/msg/detail
[2.771s] -- Up-to-date: /home/abdelrhaman/microros_ws/install/nav_msgs/include/nav_msgs/nav_msgs/msg/detail/path__rosidl_typesupport_fastrtps_c.h
[2.771s] -- Up-to-date: /home/abdelrhaman/microros_ws/install/nav_msgs/include/nav_msgs/nav_msgs/msg/detail/map_meta_data__rosidl_typesupport_fastrtps_c.h
[2.771s] -- Up-to-date: /home/abdelrhaman/microros_ws/install/nav_msgs/include/nav_msgs/nav_msgs/msg/detail/odometry__rosidl_typesupport_fastrtps_c.h
[2.771s] -- Up-to-date: /home/abdelrhaman/microros_ws/install/nav_msgs/include/nav_msgs/nav_msgs/msg/detail/occupancy_grid__rosidl_typesupport_fastrtps_c.h
[2.771s] -- Up-to-date: /home/abdelrhaman/microros_ws/install/nav_msgs/include/nav_msgs/nav_msgs/msg/detail/grid_cells__rosidl_typesupport_fastrtps_c.h
[2.771s] -- Up-to-date: /home/abdelrhaman/microros_ws/install/nav_msgs/include/nav_msgs/nav_msgs/msg/rosidl_typesupport_fastrtps_c__visibility_control.h
[2.771s] -- Up-to-date: /home/abdelrhaman/microros_ws/install/nav_msgs/lib/libnav_msgs__rosidl_typesupport_fastrtps_c.so
[2.771s] -- Up-to-date: /home/abdelrhaman/microros_ws/install/nav_msgs/include/nav_msgs/nav_msgs
[2.771s] -- Up-to-date: /home/abdelrhaman/microros_ws/install/nav_msgs/include/nav_msgs/nav_msgs/srv
[2.771s] -- Up-to-date: /home/abdelrhaman/microros_ws/install/nav_msgs/include/nav_msgs/nav_msgs/srv/load_map.hpp
[2.771s] -- Up-to-date: /home/abdelrhaman/microros_ws/install/nav_msgs/include/nav_msgs/nav_msgs/srv/detail
[2.771s] -- Up-to-date: /home/abdelrhaman/microros_ws/install/nav_msgs/include/nav_msgs/nav_msgs/srv/detail/set_map__traits.hpp
[2.771s] -- Up-to-date: /home/abdelrhaman/microros_ws/install/nav_msgs/include/nav_msgs/nav_msgs/srv/detail/get_plan__struct.hpp
[2.771s] -- Up-to-date: /home/abdelrhaman/microros_ws/install/nav_msgs/include/nav_msgs/nav_msgs/srv/detail/load_map__traits.hpp
[2.771s] -- Up-to-date: /home/abdelrhaman/microros_ws/install/nav_msgs/include/nav_msgs/nav_msgs/srv/detail/load_map__struct.hpp
[2.771s] -- Up-to-date: /home/abdelrhaman/microros_ws/install/nav_msgs/include/nav_msgs/nav_msgs/srv/detail/get_plan__builder.hpp
[2.771s] -- Up-to-date: /home/abdelrhaman/microros_ws/install/nav_msgs/include/nav_msgs/nav_msgs/srv/detail/load_map__builder.hpp
[2.771s] -- Up-to-date: /home/abdelrhaman/microros_ws/install/nav_msgs/include/nav_msgs/nav_msgs/srv/detail/get_map__traits.hpp
[2.771s] -- Up-to-date: /home/abdelrhaman/microros_ws/install/nav_msgs/include/nav_msgs/nav_msgs/srv/detail/get_map__builder.hpp
[2.771s] -- Up-to-date: /home/abdelrhaman/microros_ws/install/nav_msgs/include/nav_msgs/nav_msgs/srv/detail/set_map__struct.hpp
[2.771s] -- Up-to-date: /home/abdelrhaman/microros_ws/install/nav_msgs/include/nav_msgs/nav_msgs/srv/detail/set_map__builder.hpp
[2.772s] -- Up-to-date: /home/abdelrhaman/microros_ws/install/nav_msgs/include/nav_msgs/nav_msgs/srv/detail/get_plan__traits.hpp
[2.772s] -- Up-to-date: /home/abdelrhaman/microros_ws/install/nav_msgs/include/nav_msgs/nav_msgs/srv/detail/get_map__struct.hpp
[2.772s] -- Up-to-date: /home/abdelrhaman/microros_ws/install/nav_msgs/include/nav_msgs/nav_msgs/srv/set_map.hpp
[2.772s] -- Up-to-date: /home/abdelrhaman/microros_ws/install/nav_msgs/include/nav_msgs/nav_msgs/srv/get_map.hpp
[2.772s] -- Up-to-date: /home/abdelrhaman/microros_ws/install/nav_msgs/include/nav_msgs/nav_msgs/srv/get_plan.hpp
[2.772s] -- Up-to-date: /home/abdelrhaman/microros_ws/install/nav_msgs/include/nav_msgs/nav_msgs/msg
[2.772s] -- Up-to-date: /home/abdelrhaman/microros_ws/install/nav_msgs/include/nav_msgs/nav_msgs/msg/odometry.hpp
[2.772s] -- Up-to-date: /home/abdelrhaman/microros_ws/install/nav_msgs/include/nav_msgs/nav_msgs/msg/map_meta_data.hpp
[2.772s] -- Up-to-date: /home/abdelrhaman/microros_ws/install/nav_msgs/include/nav_msgs/nav_msgs/msg/occupancy_grid.hpp
[2.772s] -- Up-to-date: /home/abdelrhaman/microros_ws/install/nav_msgs/include/nav_msgs/nav_msgs/msg/detail
[2.772s] -- Up-to-date: /home/abdelrhaman/microros_ws/install/nav_msgs/include/nav_msgs/nav_msgs/msg/detail/path__struct.hpp
[2.772s] -- Up-to-date: /home/abdelrhaman/microros_ws/install/nav_msgs/include/nav_msgs/nav_msgs/msg/detail/occupancy_grid__builder.hpp
[2.772s] -- Up-to-date: /home/abdelrhaman/microros_ws/install/nav_msgs/include/nav_msgs/nav_msgs/msg/detail/odometry__builder.hpp
[2.772s] -- Up-to-date: /home/abdelrhaman/microros_ws/install/nav_msgs/include/nav_msgs/nav_msgs/msg/detail/map_meta_data__builder.hpp
[2.772s] -- Up-to-date: /home/abdelrhaman/microros_ws/install/nav_msgs/include/nav_msgs/nav_msgs/msg/detail/occupancy_grid__struct.hpp
[2.772s] -- Up-to-date: /home/abdelrhaman/microros_ws/install/nav_msgs/include/nav_msgs/nav_msgs/msg/detail/grid_cells__builder.hpp
[2.772s] -- Up-to-date: /home/abdelrhaman/microros_ws/install/nav_msgs/include/nav_msgs/nav_msgs/msg/detail/odometry__struct.hpp
[2.772s] -- Up-to-date: /home/abdelrhaman/microros_ws/install/nav_msgs/include/nav_msgs/nav_msgs/msg/detail/grid_cells__traits.hpp
[2.772s] -- Up-to-date: /home/abdelrhaman/microros_ws/install/nav_msgs/include/nav_msgs/nav_msgs/msg/detail/map_meta_data__traits.hpp
[2.772s] -- Up-to-date: /home/abdelrhaman/microros_ws/install/nav_msgs/include/nav_msgs/nav_msgs/msg/detail/map_meta_data__struct.hpp
[2.772s] -- Up-to-date: /home/abdelrhaman/microros_ws/install/nav_msgs/include/nav_msgs/nav_msgs/msg/detail/odometry__traits.hpp
[2.772s] -- Up-to-date: /home/abdelrhaman/microros_ws/install/nav_msgs/include/nav_msgs/nav_msgs/msg/detail/path__builder.hpp
[2.772s] -- Up-to-date: /home/abdelrhaman/microros_ws/install/nav_msgs/include/nav_msgs/nav_msgs/msg/detail/path__traits.hpp
[2.772s] -- Up-to-date: /home/abdelrhaman/microros_ws/install/nav_msgs/include/nav_msgs/nav_msgs/msg/detail/grid_cells__struct.hpp
[2.772s] -- Up-to-date: /home/abdelrhaman/microros_ws/install/nav_msgs/include/nav_msgs/nav_msgs/msg/detail/occupancy_grid__traits.hpp
[2.772s] -- Up-to-date: /home/abdelrhaman/microros_ws/install/nav_msgs/include/nav_msgs/nav_msgs/msg/grid_cells.hpp
[2.772s] -- Up-to-date: /home/abdelrhaman/microros_ws/install/nav_msgs/include/nav_msgs/nav_msgs/msg/path.hpp
[2.772s] -- Up-to-date: /home/abdelrhaman/microros_ws/install/nav_msgs/include/nav_msgs/nav_msgs
[2.772s] -- Up-to-date: /home/abdelrhaman/microros_ws/install/nav_msgs/include/nav_msgs/nav_msgs/srv
[2.772s] -- Up-to-date: /home/abdelrhaman/microros_ws/install/nav_msgs/include/nav_msgs/nav_msgs/srv/detail
[2.772s] -- Up-to-date: /home/abdelrhaman/microros_ws/install/nav_msgs/include/nav_msgs/nav_msgs/srv/detail/get_map__rosidl_typesupport_fastrtps_cpp.hpp
[2.773s] -- Up-to-date: /home/abdelrhaman/microros_ws/install/nav_msgs/include/nav_msgs/nav_msgs/srv/detail/load_map__rosidl_typesupport_fastrtps_cpp.hpp
[2.773s] -- Up-to-date: /home/abdelrhaman/microros_ws/install/nav_msgs/include/nav_msgs/nav_msgs/srv/detail/get_plan__rosidl_typesupport_fastrtps_cpp.hpp
[2.773s] -- Up-to-date: /home/abdelrhaman/microros_ws/install/nav_msgs/include/nav_msgs/nav_msgs/srv/detail/dds_fastrtps
[2.773s] -- Up-to-date: /home/abdelrhaman/microros_ws/install/nav_msgs/include/nav_msgs/nav_msgs/srv/detail/set_map__rosidl_typesupport_fastrtps_cpp.hpp
[2.773s] -- Up-to-date: /home/abdelrhaman/microros_ws/install/nav_msgs/include/nav_msgs/nav_msgs/msg
[2.773s] -- Up-to-date: /home/abdelrhaman/microros_ws/install/nav_msgs/include/nav_msgs/nav_msgs/msg/detail
[2.773s] -- Up-to-date: /home/abdelrhaman/microros_ws/install/nav_msgs/include/nav_msgs/nav_msgs/msg/detail/grid_cells__rosidl_typesupport_fastrtps_cpp.hpp
[2.773s] -- Up-to-date: /home/abdelrhaman/microros_ws/install/nav_msgs/include/nav_msgs/nav_msgs/msg/detail/occupancy_grid__rosidl_typesupport_fastrtps_cpp.hpp
[2.773s] -- Up-to-date: /home/abdelrhaman/microros_ws/install/nav_msgs/include/nav_msgs/nav_msgs/msg/detail/odometry__rosidl_typesupport_fastrtps_cpp.hpp
[2.773s] -- Up-to-date: /home/abdelrhaman/microros_ws/install/nav_msgs/include/nav_msgs/nav_msgs/msg/detail/map_meta_data__rosidl_typesupport_fastrtps_cpp.hpp
[2.773s] -- Up-to-date: /home/abdelrhaman/microros_ws/install/nav_msgs/include/nav_msgs/nav_msgs/msg/detail/path__rosidl_typesupport_fastrtps_cpp.hpp
[2.773s] -- Up-to-date: /home/abdelrhaman/microros_ws/install/nav_msgs/include/nav_msgs/nav_msgs/msg/detail/dds_fastrtps
[2.773s] -- Up-to-date: /home/abdelrhaman/microros_ws/install/nav_msgs/include/nav_msgs/nav_msgs/msg/rosidl_typesupport_fastrtps_cpp__visibility_control.h
[2.773s] -- Up-to-date: /home/abdelrhaman/microros_ws/install/nav_msgs/lib/libnav_msgs__rosidl_typesupport_fastrtps_cpp.so
[2.773s] -- Up-to-date: /home/abdelrhaman/microros_ws/install/nav_msgs/include/nav_msgs/nav_msgs
[2.773s] -- Up-to-date: /home/abdelrhaman/microros_ws/install/nav_msgs/include/nav_msgs/nav_msgs/srv
[2.773s] -- Up-to-date: /home/abdelrhaman/microros_ws/install/nav_msgs/include/nav_msgs/nav_msgs/srv/detail
[2.773s] -- Up-to-date: /home/abdelrhaman/microros_ws/install/nav_msgs/include/nav_msgs/nav_msgs/srv/detail/get_plan__rosidl_typesupport_introspection_c.h
[2.773s] -- Up-to-date: /home/abdelrhaman/microros_ws/install/nav_msgs/include/nav_msgs/nav_msgs/srv/detail/set_map__type_support.c
[2.773s] -- Up-to-date: /home/abdelrhaman/microros_ws/install/nav_msgs/include/nav_msgs/nav_msgs/srv/detail/get_plan__type_support.c
[2.773s] -- Up-to-date: /home/abdelrhaman/microros_ws/install/nav_msgs/include/nav_msgs/nav_msgs/srv/detail/get_map__type_support.c
[2.773s] -- Up-to-date: /home/abdelrhaman/microros_ws/install/nav_msgs/include/nav_msgs/nav_msgs/srv/detail/load_map__type_support.c
[2.773s] -- Up-to-date: /home/abdelrhaman/microros_ws/install/nav_msgs/include/nav_msgs/nav_msgs/srv/detail/set_map__rosidl_typesupport_introspection_c.h
[2.773s] -- Up-to-date: /home/abdelrhaman/microros_ws/install/nav_msgs/include/nav_msgs/nav_msgs/srv/detail/load_map__rosidl_typesupport_introspection_c.h
[2.773s] -- Up-to-date: /home/abdelrhaman/microros_ws/install/nav_msgs/include/nav_msgs/nav_msgs/srv/detail/get_map__rosidl_typesupport_introspection_c.h
[2.773s] -- Up-to-date: /home/abdelrhaman/microros_ws/install/nav_msgs/include/nav_msgs/nav_msgs/msg
[2.773s] -- Up-to-date: /home/abdelrhaman/microros_ws/install/nav_msgs/include/nav_msgs/nav_msgs/msg/rosidl_typesupport_introspection_c__visibility_control.h
[2.773s] -- Up-to-date: /home/abdelrhaman/microros_ws/install/nav_msgs/include/nav_msgs/nav_msgs/msg/detail
[2.773s] -- Up-to-date: /home/abdelrhaman/microros_ws/install/nav_msgs/include/nav_msgs/nav_msgs/msg/detail/path__type_support.c
[2.773s] -- Up-to-date: /home/abdelrhaman/microros_ws/install/nav_msgs/include/nav_msgs/nav_msgs/msg/detail/path__rosidl_typesupport_introspection_c.h
[2.773s] -- Up-to-date: /home/abdelrhaman/microros_ws/install/nav_msgs/include/nav_msgs/nav_msgs/msg/detail/grid_cells__rosidl_typesupport_introspection_c.h
[2.774s] -- Up-to-date: /home/abdelrhaman/microros_ws/install/nav_msgs/include/nav_msgs/nav_msgs/msg/detail/grid_cells__type_support.c
[2.774s] -- Up-to-date: /home/abdelrhaman/microros_ws/install/nav_msgs/include/nav_msgs/nav_msgs/msg/detail/map_meta_data__rosidl_typesupport_introspection_c.h
[2.774s] -- Up-to-date: /home/abdelrhaman/microros_ws/install/nav_msgs/include/nav_msgs/nav_msgs/msg/detail/odometry__rosidl_typesupport_introspection_c.h
[2.774s] -- Up-to-date: /home/abdelrhaman/microros_ws/install/nav_msgs/include/nav_msgs/nav_msgs/msg/detail/odometry__type_support.c
[2.774s] -- Up-to-date: /home/abdelrhaman/microros_ws/install/nav_msgs/include/nav_msgs/nav_msgs/msg/detail/map_meta_data__type_support.c
[2.774s] -- Up-to-date: /home/abdelrhaman/microros_ws/install/nav_msgs/include/nav_msgs/nav_msgs/msg/detail/occupancy_grid__rosidl_typesupport_introspection_c.h
[2.774s] -- Up-to-date: /home/abdelrhaman/microros_ws/install/nav_msgs/include/nav_msgs/nav_msgs/msg/detail/occupancy_grid__type_support.c
[2.774s] -- Up-to-date: /home/abdelrhaman/microros_ws/install/nav_msgs/lib/libnav_msgs__rosidl_typesupport_introspection_c.so
[2.774s] -- Installing: /home/abdelrhaman/microros_ws/install/nav_msgs/lib/libnav_msgs__rosidl_typesupport_c.so
[2.774s] -- Set runtime path of "/home/abdelrhaman/microros_ws/install/nav_msgs/lib/libnav_msgs__rosidl_typesupport_c.so" to ""
[2.774s] -- Up-to-date: /home/abdelrhaman/microros_ws/install/nav_msgs/include/nav_msgs/nav_msgs
[2.774s] -- Up-to-date: /home/abdelrhaman/microros_ws/install/nav_msgs/include/nav_msgs/nav_msgs/srv
[2.774s] -- Up-to-date: /home/abdelrhaman/microros_ws/install/nav_msgs/include/nav_msgs/nav_msgs/srv/detail
[2.774s] -- Up-to-date: /home/abdelrhaman/microros_ws/install/nav_msgs/include/nav_msgs/nav_msgs/srv/detail/get_map__rosidl_typesupport_introspection_cpp.hpp
[2.774s] -- Up-to-date: /home/abdelrhaman/microros_ws/install/nav_msgs/include/nav_msgs/nav_msgs/srv/detail/load_map__rosidl_typesupport_introspection_cpp.hpp
[2.774s] -- Up-to-date: /home/abdelrhaman/microros_ws/install/nav_msgs/include/nav_msgs/nav_msgs/srv/detail/get_map__type_support.cpp
[2.774s] -- Up-to-date: /home/abdelrhaman/microros_ws/install/nav_msgs/include/nav_msgs/nav_msgs/srv/detail/get_plan__rosidl_typesupport_introspection_cpp.hpp
[2.774s] -- Up-to-date: /home/abdelrhaman/microros_ws/install/nav_msgs/include/nav_msgs/nav_msgs/srv/detail/set_map__type_support.cpp
[2.774s] -- Up-to-date: /home/abdelrhaman/microros_ws/install/nav_msgs/include/nav_msgs/nav_msgs/srv/detail/load_map__type_support.cpp
[2.774s] -- Up-to-date: /home/abdelrhaman/microros_ws/install/nav_msgs/include/nav_msgs/nav_msgs/srv/detail/set_map__rosidl_typesupport_introspection_cpp.hpp
[2.774s] -- Up-to-date: /home/abdelrhaman/microros_ws/install/nav_msgs/include/nav_msgs/nav_msgs/srv/detail/get_plan__type_support.cpp
[2.774s] -- Up-to-date: /home/abdelrhaman/microros_ws/install/nav_msgs/include/nav_msgs/nav_msgs/msg
[2.774s] -- Up-to-date: /home/abdelrhaman/microros_ws/install/nav_msgs/include/nav_msgs/nav_msgs/msg/detail
[2.774s] -- Up-to-date: /home/abdelrhaman/microros_ws/install/nav_msgs/include/nav_msgs/nav_msgs/msg/detail/occupancy_grid__type_support.cpp
[2.774s] -- Up-to-date: /home/abdelrhaman/microros_ws/install/nav_msgs/include/nav_msgs/nav_msgs/msg/detail/path__type_support.cpp
[2.774s] -- Up-to-date: /home/abdelrhaman/microros_ws/install/nav_msgs/include/nav_msgs/nav_msgs/msg/detail/path__rosidl_typesupport_introspection_cpp.hpp
[2.774s] -- Up-to-date: /home/abdelrhaman/microros_ws/install/nav_msgs/include/nav_msgs/nav_msgs/msg/detail/map_meta_data__rosidl_typesupport_introspection_cpp.hpp
[2.774s] -- Up-to-date: /home/abdelrhaman/microros_ws/install/nav_msgs/include/nav_msgs/nav_msgs/msg/detail/grid_cells__type_support.cpp
[2.774s] -- Up-to-date: /home/abdelrhaman/microros_ws/install/nav_msgs/include/nav_msgs/nav_msgs/msg/detail/occupancy_grid__rosidl_typesupport_introspection_cpp.hpp
[2.774s] -- Up-to-date: /home/abdelrhaman/microros_ws/install/nav_msgs/include/nav_msgs/nav_msgs/msg/detail/odometry__type_support.cpp
[2.775s] -- Up-to-date: /home/abdelrhaman/microros_ws/install/nav_msgs/include/nav_msgs/nav_msgs/msg/detail/grid_cells__rosidl_typesupport_introspection_cpp.hpp
[2.775s] -- Up-to-date: /home/abdelrhaman/microros_ws/install/nav_msgs/include/nav_msgs/nav_msgs/msg/detail/map_meta_data__type_support.cpp
[2.775s] -- Up-to-date: /home/abdelrhaman/microros_ws/install/nav_msgs/include/nav_msgs/nav_msgs/msg/detail/odometry__rosidl_typesupport_introspection_cpp.hpp
[2.775s] -- Up-to-date: /home/abdelrhaman/microros_ws/install/nav_msgs/lib/libnav_msgs__rosidl_typesupport_introspection_cpp.so
[2.775s] -- Installing: /home/abdelrhaman/microros_ws/install/nav_msgs/lib/libnav_msgs__rosidl_typesupport_cpp.so
[2.775s] -- Set runtime path of "/home/abdelrhaman/microros_ws/install/nav_msgs/lib/libnav_msgs__rosidl_typesupport_cpp.so" to ""
[2.775s] -- Up-to-date: /home/abdelrhaman/microros_ws/install/nav_msgs/share/nav_msgs/environment/pythonpath.sh
[2.775s] -- Installing: /home/abdelrhaman/microros_ws/install/nav_msgs/share/nav_msgs/environment/pythonpath.dsv
[2.775s] -- Up-to-date: /home/abdelrhaman/microros_ws/install/nav_msgs/local/lib/python3.10/dist-packages/nav_msgs-4.2.4-py3.10.egg-info
[2.775s] -- Installing: /home/abdelrhaman/microros_ws/install/nav_msgs/local/lib/python3.10/dist-packages/nav_msgs-4.2.4-py3.10.egg-info/PKG-INFO
[2.775s] -- Installing: /home/abdelrhaman/microros_ws/install/nav_msgs/local/lib/python3.10/dist-packages/nav_msgs-4.2.4-py3.10.egg-info/SOURCES.txt
[2.775s] -- Installing: /home/abdelrhaman/microros_ws/install/nav_msgs/local/lib/python3.10/dist-packages/nav_msgs-4.2.4-py3.10.egg-info/top_level.txt
[2.775s] -- Installing: /home/abdelrhaman/microros_ws/install/nav_msgs/local/lib/python3.10/dist-packages/nav_msgs-4.2.4-py3.10.egg-info/dependency_links.txt
[2.775s] -- Up-to-date: /home/abdelrhaman/microros_ws/install/nav_msgs/local/lib/python3.10/dist-packages/nav_msgs
[2.775s] -- Up-to-date: /home/abdelrhaman/microros_ws/install/nav_msgs/local/lib/python3.10/dist-packages/nav_msgs/_nav_msgs_s.ep.rosidl_typesupport_introspection_c.c
[2.775s] -- Up-to-date: /home/abdelrhaman/microros_ws/install/nav_msgs/local/lib/python3.10/dist-packages/nav_msgs/srv
[2.775s] -- Up-to-date: /home/abdelrhaman/microros_ws/install/nav_msgs/local/lib/python3.10/dist-packages/nav_msgs/srv/_get_map.py
[2.775s] -- Up-to-date: /home/abdelrhaman/microros_ws/install/nav_msgs/local/lib/python3.10/dist-packages/nav_msgs/srv/_load_map_s.c
[2.775s] -- Up-to-date: /home/abdelrhaman/microros_ws/install/nav_msgs/local/lib/python3.10/dist-packages/nav_msgs/srv/_get_map_s.c
[2.775s] -- Up-to-date: /home/abdelrhaman/microros_ws/install/nav_msgs/local/lib/python3.10/dist-packages/nav_msgs/srv/__init__.py
[2.775s] -- Up-to-date: /home/abdelrhaman/microros_ws/install/nav_msgs/local/lib/python3.10/dist-packages/nav_msgs/srv/_set_map_s.c
[2.775s] -- Up-to-date: /home/abdelrhaman/microros_ws/install/nav_msgs/local/lib/python3.10/dist-packages/nav_msgs/srv/_get_plan.py
[2.775s] -- Up-to-date: /home/abdelrhaman/microros_ws/install/nav_msgs/local/lib/python3.10/dist-packages/nav_msgs/srv/_load_map.py
[2.775s] -- Up-to-date: /home/abdelrhaman/microros_ws/install/nav_msgs/local/lib/python3.10/dist-packages/nav_msgs/srv/_get_plan_s.c
[2.775s] -- Up-to-date: /home/abdelrhaman/microros_ws/install/nav_msgs/local/lib/python3.10/dist-packages/nav_msgs/srv/_set_map.py
[2.775s] -- Installing: /home/abdelrhaman/microros_ws/install/nav_msgs/local/lib/python3.10/dist-packages/nav_msgs/libnav_msgs__rosidl_generator_py.so
[2.775s] -- Up-to-date: /home/abdelrhaman/microros_ws/install/nav_msgs/local/lib/python3.10/dist-packages/nav_msgs/_nav_msgs_s.ep.rosidl_typesupport_microxrcedds_c.c
[2.775s] -- Installing: /home/abdelrhaman/microros_ws/install/nav_msgs/local/lib/python3.10/dist-packages/nav_msgs/nav_msgs_s__rosidl_typesupport_fastrtps_c.cpython-310-x86_64-linux-gnu.so
[2.775s] -- Up-to-date: /home/abdelrhaman/microros_ws/install/nav_msgs/local/lib/python3.10/dist-packages/nav_msgs/_nav_msgs_s.ep.rosidl_typesupport_c.c
[2.775s] -- Installing: /home/abdelrhaman/microros_ws/install/nav_msgs/local/lib/python3.10/dist-packages/nav_msgs/__init__.py
[2.775s] -- Up-to-date: /home/abdelrhaman/microros_ws/install/nav_msgs/local/lib/python3.10/dist-packages/nav_msgs/msg
[2.775s] -- Up-to-date: /home/abdelrhaman/microros_ws/install/nav_msgs/local/lib/python3.10/dist-packages/nav_msgs/msg/_occupancy_grid_s.c
[2.775s] -- Up-to-date: /home/abdelrhaman/microros_ws/install/nav_msgs/local/lib/python3.10/dist-packages/nav_msgs/msg/_map_meta_data.py
[2.775s] -- Up-to-date: /home/abdelrhaman/microros_ws/install/nav_msgs/local/lib/python3.10/dist-packages/nav_msgs/msg/_grid_cells.py
[2.775s] -- Up-to-date: /home/abdelrhaman/microros_ws/install/nav_msgs/local/lib/python3.10/dist-packages/nav_msgs/msg/_path.py
[2.775s] -- Up-to-date: /home/abdelrhaman/microros_ws/install/nav_msgs/local/lib/python3.10/dist-packages/nav_msgs/msg/_grid_cells_s.c
[2.775s] -- Up-to-date: /home/abdelrhaman/microros_ws/install/nav_msgs/local/lib/python3.10/dist-packages/nav_msgs/msg/__init__.py
[2.775s] -- Up-to-date: /home/abdelrhaman/microros_ws/install/nav_msgs/local/lib/python3.10/dist-packages/nav_msgs/msg/_path_s.c
[2.776s] -- Up-to-date: /home/abdelrhaman/microros_ws/install/nav_msgs/local/lib/python3.10/dist-packages/nav_msgs/msg/_odometry_s.c
[2.776s] -- Up-to-date: /home/abdelrhaman/microros_ws/install/nav_msgs/local/lib/python3.10/dist-packages/nav_msgs/msg/_map_meta_data_s.c
[2.776s] -- Up-to-date: /home/abdelrhaman/microros_ws/install/nav_msgs/local/lib/python3.10/dist-packages/nav_msgs/msg/_odometry.py
[2.776s] -- Up-to-date: /home/abdelrhaman/microros_ws/install/nav_msgs/local/lib/python3.10/dist-packages/nav_msgs/msg/_occupancy_grid.py
[2.776s] -- Installing: /home/abdelrhaman/microros_ws/install/nav_msgs/local/lib/python3.10/dist-packages/nav_msgs/nav_msgs_s__rosidl_typesupport_c.cpython-310-x86_64-linux-gnu.so
[2.776s] -- Up-to-date: /home/abdelrhaman/microros_ws/install/nav_msgs/local/lib/python3.10/dist-packages/nav_msgs/nav_msgs_s__rosidl_typesupport_microxrcedds_c.cpython-310-x86_64-linux-gnu.so
[2.776s] -- Up-to-date: /home/abdelrhaman/microros_ws/install/nav_msgs/local/lib/python3.10/dist-packages/nav_msgs/_nav_msgs_s.ep.rosidl_typesupport_fastrtps_c.c
[2.776s] -- Installing: /home/abdelrhaman/microros_ws/install/nav_msgs/local/lib/python3.10/dist-packages/nav_msgs/nav_msgs_s__rosidl_typesupport_introspection_c.cpython-310-x86_64-linux-gnu.so
[2.803s] Listing '/home/abdelrhaman/microros_ws/install/nav_msgs/local/lib/python3.10/dist-packages/nav_msgs'...
[2.803s] Compiling '/home/abdelrhaman/microros_ws/install/nav_msgs/local/lib/python3.10/dist-packages/nav_msgs/__init__.py'...
[2.804s] Listing '/home/abdelrhaman/microros_ws/install/nav_msgs/local/lib/python3.10/dist-packages/nav_msgs/msg'...
[2.804s] Listing '/home/abdelrhaman/microros_ws/install/nav_msgs/local/lib/python3.10/dist-packages/nav_msgs/srv'...
[2.807s] -- Installing: /home/abdelrhaman/microros_ws/install/nav_msgs/local/lib/python3.10/dist-packages/nav_msgs/nav_msgs_s__rosidl_typesupport_fastrtps_c.cpython-310-x86_64-linux-gnu.so
[2.807s] -- Set runtime path of "/home/abdelrhaman/microros_ws/install/nav_msgs/local/lib/python3.10/dist-packages/nav_msgs/nav_msgs_s__rosidl_typesupport_fastrtps_c.cpython-310-x86_64-linux-gnu.so" to ""
[2.807s] -- Installing: /home/abdelrhaman/microros_ws/install/nav_msgs/local/lib/python3.10/dist-packages/nav_msgs/nav_msgs_s__rosidl_typesupport_introspection_c.cpython-310-x86_64-linux-gnu.so
[2.807s] -- Set runtime path of "/home/abdelrhaman/microros_ws/install/nav_msgs/local/lib/python3.10/dist-packages/nav_msgs/nav_msgs_s__rosidl_typesupport_introspection_c.cpython-310-x86_64-linux-gnu.so" to ""
[2.807s] -- Installing: /home/abdelrhaman/microros_ws/install/nav_msgs/local/lib/python3.10/dist-packages/nav_msgs/nav_msgs_s__rosidl_typesupport_c.cpython-310-x86_64-linux-gnu.so
[2.808s] -- Set runtime path of "/home/abdelrhaman/microros_ws/install/nav_msgs/local/lib/python3.10/dist-packages/nav_msgs/nav_msgs_s__rosidl_typesupport_c.cpython-310-x86_64-linux-gnu.so" to ""
[2.808s] -- Installing: /home/abdelrhaman/microros_ws/install/nav_msgs/lib/libnav_msgs__rosidl_generator_py.so
[2.808s] -- Set runtime path of "/home/abdelrhaman/microros_ws/install/nav_msgs/lib/libnav_msgs__rosidl_generator_py.so" to ""
[2.808s] -- Up-to-date: /home/abdelrhaman/microros_ws/install/nav_msgs/share/nav_msgs/msg/GridCells.idl
[2.808s] -- Up-to-date: /home/abdelrhaman/microros_ws/install/nav_msgs/share/nav_msgs/msg/MapMetaData.idl
[2.809s] -- Up-to-date: /home/abdelrhaman/microros_ws/install/nav_msgs/share/nav_msgs/msg/OccupancyGrid.idl
[2.809s] -- Up-to-date: /home/abdelrhaman/microros_ws/install/nav_msgs/share/nav_msgs/msg/Odometry.idl
[2.809s] -- Up-to-date: /home/abdelrhaman/microros_ws/install/nav_msgs/share/nav_msgs/msg/Path.idl
[2.809s] -- Up-to-date: /home/abdelrhaman/microros_ws/install/nav_msgs/share/nav_msgs/srv/GetMap.idl
[2.809s] -- Up-to-date: /home/abdelrhaman/microros_ws/install/nav_msgs/share/nav_msgs/srv/GetPlan.idl
[2.809s] -- Up-to-date: /home/abdelrhaman/microros_ws/install/nav_msgs/share/nav_msgs/srv/LoadMap.idl
[2.809s] -- Up-to-date: /home/abdelrhaman/microros_ws/install/nav_msgs/share/nav_msgs/srv/SetMap.idl
[2.809s] -- Up-to-date: /home/abdelrhaman/microros_ws/install/nav_msgs/share/nav_msgs/msg/GridCells.msg
[2.809s] -- Up-to-date: /home/abdelrhaman/microros_ws/install/nav_msgs/share/nav_msgs/msg/MapMetaData.msg
[2.809s] -- Up-to-date: /home/abdelrhaman/microros_ws/install/nav_msgs/share/nav_msgs/msg/OccupancyGrid.msg
[2.809s] -- Up-to-date: /home/abdelrhaman/microros_ws/install/nav_msgs/share/nav_msgs/msg/Odometry.msg
[2.809s] -- Up-to-date: /home/abdelrhaman/microros_ws/install/nav_msgs/share/nav_msgs/msg/Path.msg
[2.809s] -- Up-to-date: /home/abdelrhaman/microros_ws/install/nav_msgs/share/nav_msgs/srv/GetMap.srv
[2.809s] -- Up-to-date: /home/abdelrhaman/microros_ws/install/nav_msgs/share/nav_msgs/srv/GetMap_Request.msg
[2.809s] -- Up-to-date: /home/abdelrhaman/microros_ws/install/nav_msgs/share/nav_msgs/srv/GetMap_Response.msg
[2.809s] -- Up-to-date: /home/abdelrhaman/microros_ws/install/nav_msgs/share/nav_msgs/srv/GetPlan.srv
[2.810s] -- Up-to-date: /home/abdelrhaman/microros_ws/install/nav_msgs/share/nav_msgs/srv/GetPlan_Request.msg
[2.810s] -- Up-to-date: /home/abdelrhaman/microros_ws/install/nav_msgs/share/nav_msgs/srv/GetPlan_Response.msg
[2.810s] -- Up-to-date: /home/abdelrhaman/microros_ws/install/nav_msgs/share/nav_msgs/srv/LoadMap.srv
[2.810s] -- Up-to-date: /home/abdelrhaman/microros_ws/install/nav_msgs/share/nav_msgs/srv/LoadMap_Request.msg
[2.810s] -- Up-to-date: /home/abdelrhaman/microros_ws/install/nav_msgs/share/nav_msgs/srv/LoadMap_Response.msg
[2.810s] -- Up-to-date: /home/abdelrhaman/microros_ws/install/nav_msgs/share/nav_msgs/srv/SetMap.srv
[2.810s] -- Up-to-date: /home/abdelrhaman/microros_ws/install/nav_msgs/share/nav_msgs/srv/SetMap_Request.msg
[2.810s] -- Up-to-date: /home/abdelrhaman/microros_ws/install/nav_msgs/share/nav_msgs/srv/SetMap_Response.msg
[2.810s] -- Up-to-date: /home/abdelrhaman/microros_ws/install/nav_msgs/share/ament_index/resource_index/package_run_dependencies/nav_msgs
[2.810s] -- Installing: /home/abdelrhaman/microros_ws/install/nav_msgs/share/ament_index/resource_index/parent_prefix_path/nav_msgs
[2.810s] -- Up-to-date: /home/abdelrhaman/microros_ws/install/nav_msgs/share/nav_msgs/environment/ament_prefix_path.sh
[2.810s] -- Installing: /home/abdelrhaman/microros_ws/install/nav_msgs/share/nav_msgs/environment/ament_prefix_path.dsv
[2.810s] -- Up-to-date: /home/abdelrhaman/microros_ws/install/nav_msgs/share/nav_msgs/environment/path.sh
[2.810s] -- Installing: /home/abdelrhaman/microros_ws/install/nav_msgs/share/nav_msgs/environment/path.dsv
[2.810s] -- Up-to-date: /home/abdelrhaman/microros_ws/install/nav_msgs/share/nav_msgs/local_setup.bash
[2.810s] -- Up-to-date: /home/abdelrhaman/microros_ws/install/nav_msgs/share/nav_msgs/local_setup.sh
[2.811s] -- Up-to-date: /home/abdelrhaman/microros_ws/install/nav_msgs/share/nav_msgs/local_setup.zsh
[2.811s] -- Installing: /home/abdelrhaman/microros_ws/install/nav_msgs/share/nav_msgs/local_setup.dsv
[2.811s] -- Installing: /home/abdelrhaman/microros_ws/install/nav_msgs/share/nav_msgs/package.dsv
[2.811s] -- Up-to-date: /home/abdelrhaman/microros_ws/install/nav_msgs/share/ament_index/resource_index/packages/nav_msgs
[2.811s] -- Up-to-date: /home/abdelrhaman/microros_ws/install/nav_msgs/share/nav_msgs/cmake/export_nav_msgs__rosidl_generator_cExport.cmake
[2.811s] -- Up-to-date: /home/abdelrhaman/microros_ws/install/nav_msgs/share/nav_msgs/cmake/export_nav_msgs__rosidl_generator_cExport-noconfig.cmake
[2.811s] -- Up-to-date: /home/abdelrhaman/microros_ws/install/nav_msgs/share/nav_msgs/cmake/export_nav_msgs__rosidl_typesupport_fastrtps_cExport.cmake
[2.811s] -- Up-to-date: /home/abdelrhaman/microros_ws/install/nav_msgs/share/nav_msgs/cmake/export_nav_msgs__rosidl_typesupport_fastrtps_cExport-noconfig.cmake
[2.811s] -- Up-to-date: /home/abdelrhaman/microros_ws/install/nav_msgs/share/nav_msgs/cmake/export_nav_msgs__rosidl_generator_cppExport.cmake
[2.812s] -- Up-to-date: /home/abdelrhaman/microros_ws/install/nav_msgs/share/nav_msgs/cmake/export_nav_msgs__rosidl_typesupport_fastrtps_cppExport.cmake
[2.812s] -- Up-to-date: /home/abdelrhaman/microros_ws/install/nav_msgs/share/nav_msgs/cmake/export_nav_msgs__rosidl_typesupport_fastrtps_cppExport-noconfig.cmake
[2.812s] -- Up-to-date: /home/abdelrhaman/microros_ws/install/nav_msgs/share/nav_msgs/cmake/nav_msgs__rosidl_typesupport_introspection_cExport.cmake
[2.812s] -- Up-to-date: /home/abdelrhaman/microros_ws/install/nav_msgs/share/nav_msgs/cmake/nav_msgs__rosidl_typesupport_introspection_cExport-noconfig.cmake
[2.812s] -- Up-to-date: /home/abdelrhaman/microros_ws/install/nav_msgs/share/nav_msgs/cmake/nav_msgs__rosidl_typesupport_cExport.cmake
[2.812s] -- Up-to-date: /home/abdelrhaman/microros_ws/install/nav_msgs/share/nav_msgs/cmake/nav_msgs__rosidl_typesupport_cExport-noconfig.cmake
[2.812s] -- Up-to-date: /home/abdelrhaman/microros_ws/install/nav_msgs/share/nav_msgs/cmake/nav_msgs__rosidl_typesupport_introspection_cppExport.cmake
[2.812s] -- Up-to-date: /home/abdelrhaman/microros_ws/install/nav_msgs/share/nav_msgs/cmake/nav_msgs__rosidl_typesupport_introspection_cppExport-noconfig.cmake
[2.812s] -- Up-to-date: /home/abdelrhaman/microros_ws/install/nav_msgs/share/nav_msgs/cmake/nav_msgs__rosidl_typesupport_cppExport.cmake
[2.812s] -- Up-to-date: /home/abdelrhaman/microros_ws/install/nav_msgs/share/nav_msgs/cmake/nav_msgs__rosidl_typesupport_cppExport-noconfig.cmake
[2.813s] -- Up-to-date: /home/abdelrhaman/microros_ws/install/nav_msgs/share/nav_msgs/cmake/export_nav_msgs__rosidl_generator_pyExport.cmake
[2.813s] -- Up-to-date: /home/abdelrhaman/microros_ws/install/nav_msgs/share/nav_msgs/cmake/export_nav_msgs__rosidl_generator_pyExport-noconfig.cmake
[2.813s] -- Up-to-date: /home/abdelrhaman/microros_ws/install/nav_msgs/share/nav_msgs/cmake/rosidl_cmake-extras.cmake
[2.813s] -- Up-to-date: /home/abdelrhaman/microros_ws/install/nav_msgs/share/nav_msgs/cmake/ament_cmake_export_dependencies-extras.cmake
[2.813s] -- Installing: /home/abdelrhaman/microros_ws/install/nav_msgs/share/nav_msgs/cmake/ament_cmake_export_include_directories-extras.cmake
[2.813s] -- Up-to-date: /home/abdelrhaman/microros_ws/install/nav_msgs/share/nav_msgs/cmake/ament_cmake_export_libraries-extras.cmake
[2.813s] -- Up-to-date: /home/abdelrhaman/microros_ws/install/nav_msgs/share/nav_msgs/cmake/ament_cmake_export_targets-extras.cmake
[2.813s] -- Up-to-date: /home/abdelrhaman/microros_ws/install/nav_msgs/share/nav_msgs/cmake/rosidl_cmake_export_typesupport_targets-extras.cmake
[2.813s] -- Installing: /home/abdelrhaman/microros_ws/install/nav_msgs/share/nav_msgs/cmake/rosidl_cmake_export_typesupport_libraries-extras.cmake
[2.813s] -- Up-to-date: /home/abdelrhaman/microros_ws/install/nav_msgs/share/nav_msgs/cmake/nav_msgsConfig.cmake
[2.813s] -- Up-to-date: /home/abdelrhaman/microros_ws/install/nav_msgs/share/nav_msgs/cmake/nav_msgsConfig-version.cmake
[2.813s] -- Up-to-date: /home/abdelrhaman/microros_ws/install/nav_msgs/share/nav_msgs/package.xml
[2.815s] Invoked command in '/home/abdelrhaman/microros_ws/build/nav_msgs' returned '0': AMENT_PREFIX_PATH=/home/abdelrhaman/microros_ws/install/geometry_msgs:/home/abdelrhaman/microros_ws/install/std_msgs:/home/abdelrhaman/microros_ws/install/builtin_interfaces:${AMENT_PREFIX_PATH} CMAKE_PREFIX_PATH=/home/abdelrhaman/microros_ws/install/geometry_msgs:/home/abdelrhaman/microros_ws/install/std_msgs:/home/abdelrhaman/microros_ws/install/builtin_interfaces:/home/abdelrhaman/ros/install/my_robot_controller:/opt/ros/humble LD_LIBRARY_PATH=/home/abdelrhaman/microros_ws/install/geometry_msgs/lib:/home/abdelrhaman/microros_ws/install/std_msgs/lib:/home/abdelrhaman/microros_ws/install/builtin_interfaces/lib:${LD_LIBRARY_PATH} PYTHONPATH=/home/abdelrhaman/microros_ws/install/geometry_msgs/local/lib/python3.10/dist-packages:/home/abdelrhaman/microros_ws/install/std_msgs/local/lib/python3.10/dist-packages:/home/abdelrhaman/microros_ws/install/builtin_interfaces/local/lib/python3.10/dist-packages:${PYTHONPATH} /usr/bin/cmake --install /home/abdelrhaman/microros_ws/build/nav_msgs
