[0.021s] Invoking command in '/home/abdelrhaman/microros_ws/build/visualization_msgs': AMENT_PREFIX_PATH=/home/abdelrhaman/microros_ws/install/sensor_msgs:/home/abdelrhaman/microros_ws/install/geometry_msgs:/home/abdelrhaman/microros_ws/install/std_msgs:/home/abdelrhaman/microros_ws/install/builtin_interfaces:${AMENT_PREFIX_PATH} CMAKE_PREFIX_PATH=/home/abdelrhaman/microros_ws/install/sensor_msgs:/home/abdelrhaman/microros_ws/install/geometry_msgs:/home/abdelrhaman/microros_ws/install/std_msgs:/home/abdelrhaman/microros_ws/install/builtin_interfaces:/home/abdelrhaman/ros/install/my_robot_controller:/opt/ros/humble LD_LIBRARY_PATH=/home/abdelrhaman/microros_ws/install/sensor_msgs/lib:/home/abdelrhaman/microros_ws/install/geometry_msgs/lib:/home/abdelrhaman/microros_ws/install/std_msgs/lib:/home/abdelrhaman/microros_ws/install/builtin_interfaces/lib:${LD_LIBRARY_PATH} PYTHONPATH=/home/abdelrhaman/microros_ws/install/sensor_msgs/local/lib/python3.10/dist-packages:/home/abdelrhaman/microros_ws/install/geometry_msgs/local/lib/python3.10/dist-packages:/home/abdelrhaman/microros_ws/install/std_msgs/local/lib/python3.10/dist-packages:/home/abdelrhaman/microros_ws/install/builtin_interfaces/local/lib/python3.10/dist-packages:${PYTHONPATH} /usr/bin/cmake /home/abdelrhaman/microros_ws/src/ros2/common_interfaces/visualization_msgs -DCMAKE_INSTALL_PREFIX=/home/abdelrhaman/microros_ws/install/visualization_msgs
[0.036s] -- Found ament_cmake: 1.3.10 (/opt/ros/humble/share/ament_cmake/cmake)
[0.124s] -- Found builtin_interfaces: 1.2.1 (/home/abdelrhaman/microros_ws/install/builtin_interfaces/share/builtin_interfaces/cmake)
[0.139s] -- Found rosidl_generator_c: 3.1.5 (/opt/ros/humble/share/rosidl_generator_c/cmake)
[0.140s] -- Found rosidl_adapter: 3.1.5 (/opt/ros/humble/share/rosidl_adapter/cmake)
[0.144s] -- Found rosidl_generator_cpp: 3.1.5 (/opt/ros/humble/share/rosidl_generator_cpp/cmake)
[0.150s] -- Using all available rosidl_typesupport_c: rosidl_typesupport_fastrtps_c;rosidl_typesupport_introspection_c
[0.158s] -- Using all available rosidl_typesupport_cpp: rosidl_typesupport_fastrtps_cpp;rosidl_typesupport_introspection_cpp
[0.165s] -- Found geometry_msgs: 4.2.4 (/home/abdelrhaman/microros_ws/install/geometry_msgs/share/geometry_msgs/cmake)
[0.182s] -- Found rosidl_default_generators: 1.2.0 (/opt/ros/humble/share/rosidl_default_generators/cmake)
[0.187s] -- Found sensor_msgs: 4.2.4 (/home/abdelrhaman/microros_ws/install/sensor_msgs/share/sensor_msgs/cmake)
[0.488s] -- Found ament_cmake_ros: 0.10.0 (/opt/ros/humble/share/ament_cmake_ros/cmake)
[0.835s] -- Using all available rosidl_typesupport_c: rosidl_typesupport_fastrtps_c;rosidl_typesupport_introspection_c
[0.978s] -- Using all available rosidl_typesupport_cpp: rosidl_typesupport_fastrtps_cpp;rosidl_typesupport_introspection_cpp
[0.996s] -- Found python_cmake_module: 0.10.0 (/opt/ros/humble/share/python_cmake_module/cmake)
[1.014s] -- Using PYTHON_EXECUTABLE: /usr/bin/python3
[1.014s] -- Using PYTHON_INCLUDE_DIRS: /usr/include/python3.10
[1.014s] -- Using PYTHON_LIBRARIES: /usr/lib/x86_64-linux-gnu/libpython3.10.so
[1.055s] -- Configuring done
[1.112s] -- Generating done
[1.114s] -- Build files have been written to: /home/abdelrhaman/microros_ws/build/visualization_msgs
[1.120s] Invoked command in '/home/abdelrhaman/microros_ws/build/visualization_msgs' returned '0': AMENT_PREFIX_PATH=/home/abdelrhaman/microros_ws/install/sensor_msgs:/home/abdelrhaman/microros_ws/install/geometry_msgs:/home/abdelrhaman/microros_ws/install/std_msgs:/home/abdelrhaman/microros_ws/install/builtin_interfaces:${AMENT_PREFIX_PATH} CMAKE_PREFIX_PATH=/home/abdelrhaman/microros_ws/install/sensor_msgs:/home/abdelrhaman/microros_ws/install/geometry_msgs:/home/abdelrhaman/microros_ws/install/std_msgs:/home/abdelrhaman/microros_ws/install/builtin_interfaces:/home/abdelrhaman/ros/install/my_robot_controller:/opt/ros/humble LD_LIBRARY_PATH=/home/abdelrhaman/microros_ws/install/sensor_msgs/lib:/home/abdelrhaman/microros_ws/install/geometry_msgs/lib:/home/abdelrhaman/microros_ws/install/std_msgs/lib:/home/abdelrhaman/microros_ws/install/builtin_interfaces/lib:${LD_LIBRARY_PATH} PYTHONPATH=/home/abdelrhaman/microros_ws/install/sensor_msgs/local/lib/python3.10/dist-packages:/home/abdelrhaman/microros_ws/install/geometry_msgs/local/lib/python3.10/dist-packages:/home/abdelrhaman/microros_ws/install/std_msgs/local/lib/python3.10/dist-packages:/home/abdelrhaman/microros_ws/install/builtin_interfaces/local/lib/python3.10/dist-packages:${PYTHONPATH} /usr/bin/cmake /home/abdelrhaman/microros_ws/src/ros2/common_interfaces/visualization_msgs -DCMAKE_INSTALL_PREFIX=/home/abdelrhaman/microros_ws/install/visualization_msgs
[1.122s] Invoking command in '/home/abdelrhaman/microros_ws/build/visualization_msgs': AMENT_PREFIX_PATH=/home/abdelrhaman/microros_ws/install/sensor_msgs:/home/abdelrhaman/microros_ws/install/geometry_msgs:/home/abdelrhaman/microros_ws/install/std_msgs:/home/abdelrhaman/microros_ws/install/builtin_interfaces:${AMENT_PREFIX_PATH} CMAKE_PREFIX_PATH=/home/abdelrhaman/microros_ws/install/sensor_msgs:/home/abdelrhaman/microros_ws/install/geometry_msgs:/home/abdelrhaman/microros_ws/install/std_msgs:/home/abdelrhaman/microros_ws/install/builtin_interfaces:/home/abdelrhaman/ros/install/my_robot_controller:/opt/ros/humble LD_LIBRARY_PATH=/home/abdelrhaman/microros_ws/install/sensor_msgs/lib:/home/abdelrhaman/microros_ws/install/geometry_msgs/lib:/home/abdelrhaman/microros_ws/install/std_msgs/lib:/home/abdelrhaman/microros_ws/install/builtin_interfaces/lib:${LD_LIBRARY_PATH} PYTHONPATH=/home/abdelrhaman/microros_ws/install/sensor_msgs/local/lib/python3.10/dist-packages:/home/abdelrhaman/microros_ws/install/geometry_msgs/local/lib/python3.10/dist-packages:/home/abdelrhaman/microros_ws/install/std_msgs/local/lib/python3.10/dist-packages:/home/abdelrhaman/microros_ws/install/builtin_interfaces/local/lib/python3.10/dist-packages:${PYTHONPATH} /usr/bin/cmake --build /home/abdelrhaman/microros_ws/build/visualization_msgs -- -j20 -l20
[1.171s] [35m[1mConsolidate compiler generated dependencies of target visualization_msgs__rosidl_generator_c[0m
[1.182s] [  0%] Built target visualization_msgs__cpp
[1.185s] [ 12%] Built target visualization_msgs__rosidl_generator_c
[1.190s] [ 13%] [34m[1mGenerating C++ type support dispatch for ROS interfaces[0m
[1.195s] [ 13%] Built target ament_cmake_python_copy_visualization_msgs
[1.195s] [35m[1mConsolidate compiler generated dependencies of target visualization_msgs__rosidl_typesupport_introspection_c[0m
[1.195s] [ 14%] [34m[1mGenerating C type support dispatch for ROS interfaces[0m
[1.199s] [35m[1mConsolidate compiler generated dependencies of target visualization_msgs__rosidl_typesupport_introspection_cpp[0m
[1.199s] [35m[1mConsolidate compiler generated dependencies of target visualization_msgs__rosidl_typesupport_fastrtps_cpp[0m
[1.200s] [35m[1mConsolidate compiler generated dependencies of target visualization_msgs__rosidl_typesupport_fastrtps_c[0m
[1.211s] [ 26%] Built target visualization_msgs__rosidl_typesupport_introspection_c
[1.216s] [ 38%] Built target visualization_msgs__rosidl_typesupport_introspection_cpp
[1.221s] [ 50%] Built target visualization_msgs__rosidl_typesupport_fastrtps_cpp
[1.222s] [ 62%] Built target visualization_msgs__rosidl_typesupport_fastrtps_c
[1.629s] running egg_info
[1.668s] writing visualization_msgs.egg-info/PKG-INFO
[1.700s] writing dependency_links to visualization_msgs.egg-info/dependency_links.txt
[1.887s] writing top-level names to visualization_msgs.egg-info/top_level.txt
[1.941s] reading manifest file 'visualization_msgs.egg-info/SOURCES.txt'
[1.941s] writing manifest file 'visualization_msgs.egg-info/SOURCES.txt'
[1.967s] [ 62%] Built target ament_cmake_python_build_visualization_msgs_egg
[2.091s] [35m[1mConsolidate compiler generated dependencies of target visualization_msgs__rosidl_typesupport_c[0m
[2.103s] [ 62%] [32mBuilding CXX object CMakeFiles/visualization_msgs__rosidl_typesupport_c.dir/rosidl_typesupport_c/visualization_msgs/msg/image_marker__type_support.cpp.o[0m
[2.103s] [ 63%] [32mBuilding CXX object CMakeFiles/visualization_msgs__rosidl_typesupport_c.dir/rosidl_typesupport_c/visualization_msgs/msg/interactive_marker__type_support.cpp.o[0m
[2.103s] [ 64%] [32mBuilding CXX object CMakeFiles/visualization_msgs__rosidl_typesupport_c.dir/rosidl_typesupport_c/visualization_msgs/msg/interactive_marker_init__type_support.cpp.o[0m
[2.103s] [ 65%] [32mBuilding CXX object CMakeFiles/visualization_msgs__rosidl_typesupport_c.dir/rosidl_typesupport_c/visualization_msgs/msg/interactive_marker_control__type_support.cpp.o[0m
[2.104s] [ 66%] [32mBuilding CXX object CMakeFiles/visualization_msgs__rosidl_typesupport_c.dir/rosidl_typesupport_c/visualization_msgs/msg/marker__type_support.cpp.o[0m
[2.104s] [ 66%] [32mBuilding CXX object CMakeFiles/visualization_msgs__rosidl_typesupport_c.dir/rosidl_typesupport_c/visualization_msgs/msg/interactive_marker_pose__type_support.cpp.o[0m
[2.105s] [ 66%] [32mBuilding CXX object CMakeFiles/visualization_msgs__rosidl_typesupport_c.dir/rosidl_typesupport_c/visualization_msgs/msg/mesh_file__type_support.cpp.o[0m
[2.105s] [ 67%] [32mBuilding CXX object CMakeFiles/visualization_msgs__rosidl_typesupport_c.dir/rosidl_typesupport_c/visualization_msgs/msg/menu_entry__type_support.cpp.o[0m
[2.106s] [ 68%] [32mBuilding CXX object CMakeFiles/visualization_msgs__rosidl_typesupport_c.dir/rosidl_typesupport_c/visualization_msgs/msg/interactive_marker_feedback__type_support.cpp.o[0m
[2.106s] [ 69%] [32mBuilding CXX object CMakeFiles/visualization_msgs__rosidl_typesupport_c.dir/rosidl_typesupport_c/visualization_msgs/msg/interactive_marker_update__type_support.cpp.o[0m
[2.107s] [ 70%] [32mBuilding CXX object CMakeFiles/visualization_msgs__rosidl_typesupport_c.dir/rosidl_typesupport_c/visualization_msgs/msg/marker_array__type_support.cpp.o[0m
[2.108s] [ 71%] [32mBuilding CXX object CMakeFiles/visualization_msgs__rosidl_typesupport_c.dir/rosidl_typesupport_c/visualization_msgs/msg/uv_coordinate__type_support.cpp.o[0m
[2.108s] [ 72%] [32mBuilding CXX object CMakeFiles/visualization_msgs__rosidl_typesupport_c.dir/rosidl_typesupport_c/visualization_msgs/srv/get_interactive_markers__type_support.cpp.o[0m
[2.115s] [35m[1mConsolidate compiler generated dependencies of target visualization_msgs__rosidl_typesupport_cpp[0m
[2.129s] [ 73%] [32mBuilding CXX object CMakeFiles/visualization_msgs__rosidl_typesupport_cpp.dir/rosidl_typesupport_cpp/visualization_msgs/msg/interactive_marker_feedback__type_support.cpp.o[0m
[2.129s] [ 74%] [32mBuilding CXX object CMakeFiles/visualization_msgs__rosidl_typesupport_cpp.dir/rosidl_typesupport_cpp/visualization_msgs/msg/image_marker__type_support.cpp.o[0m
[2.129s] [ 74%] [32mBuilding CXX object CMakeFiles/visualization_msgs__rosidl_typesupport_cpp.dir/rosidl_typesupport_cpp/visualization_msgs/msg/interactive_marker_control__type_support.cpp.o[0m
[2.129s] [ 74%] [32mBuilding CXX object CMakeFiles/visualization_msgs__rosidl_typesupport_cpp.dir/rosidl_typesupport_cpp/visualization_msgs/msg/marker__type_support.cpp.o[0m
[2.130s] [ 75%] [32mBuilding CXX object CMakeFiles/visualization_msgs__rosidl_typesupport_cpp.dir/rosidl_typesupport_cpp/visualization_msgs/msg/interactive_marker_init__type_support.cpp.o[0m
[2.130s] [ 76%] [32mBuilding CXX object CMakeFiles/visualization_msgs__rosidl_typesupport_cpp.dir/rosidl_typesupport_cpp/visualization_msgs/msg/interactive_marker_update__type_support.cpp.o[0m
[2.130s] [ 78%] [32mBuilding CXX object CMakeFiles/visualization_msgs__rosidl_typesupport_cpp.dir/rosidl_typesupport_cpp/visualization_msgs/msg/interactive_marker_pose__type_support.cpp.o[0m
[2.131s] [ 78%] [32mBuilding CXX object CMakeFiles/visualization_msgs__rosidl_typesupport_cpp.dir/rosidl_typesupport_cpp/visualization_msgs/msg/interactive_marker__type_support.cpp.o[0m
[2.131s] [ 79%] [32mBuilding CXX object CMakeFiles/visualization_msgs__rosidl_typesupport_cpp.dir/rosidl_typesupport_cpp/visualization_msgs/msg/marker_array__type_support.cpp.o[0m
[2.131s] [ 80%] [32mBuilding CXX object CMakeFiles/visualization_msgs__rosidl_typesupport_cpp.dir/rosidl_typesupport_cpp/visualization_msgs/msg/menu_entry__type_support.cpp.o[0m
[2.132s] [ 80%] [32mBuilding CXX object CMakeFiles/visualization_msgs__rosidl_typesupport_cpp.dir/rosidl_typesupport_cpp/visualization_msgs/srv/get_interactive_markers__type_support.cpp.o[0m
[2.133s] [ 81%] [32mBuilding CXX object CMakeFiles/visualization_msgs__rosidl_typesupport_cpp.dir/rosidl_typesupport_cpp/visualization_msgs/msg/mesh_file__type_support.cpp.o[0m
[2.133s] [ 82%] [32mBuilding CXX object CMakeFiles/visualization_msgs__rosidl_typesupport_cpp.dir/rosidl_typesupport_cpp/visualization_msgs/msg/uv_coordinate__type_support.cpp.o[0m
[2.143s] [ 83%] [32m[1mLinking CXX shared library libvisualization_msgs__rosidl_typesupport_c.so[0m
[2.189s] [ 83%] Built target visualization_msgs__rosidl_typesupport_c
[2.422s] [ 84%] [32m[1mLinking CXX shared library libvisualization_msgs__rosidl_typesupport_cpp.so[0m
[2.475s] [ 84%] Built target visualization_msgs__rosidl_typesupport_cpp
[2.503s] [ 84%] Built target visualization_msgs
[2.537s] [ 85%] Built target visualization_msgs__py
[2.557s] [35m[1mConsolidate compiler generated dependencies of target visualization_msgs__rosidl_generator_py[0m
[2.581s] [ 86%] [32mBuilding C object CMakeFiles/visualization_msgs__rosidl_generator_py.dir/rosidl_generator_py/visualization_msgs/msg/_image_marker_s.c.o[0m
[2.583s] [ 87%] [32mBuilding C object CMakeFiles/visualization_msgs__rosidl_generator_py.dir/rosidl_generator_py/visualization_msgs/msg/_interactive_marker_control_s.c.o[0m
[2.666s] [ 88%] [32m[1mLinking C shared library rosidl_generator_py/visualization_msgs/libvisualization_msgs__rosidl_generator_py.so[0m
[2.714s] [ 96%] Built target visualization_msgs__rosidl_generator_py
[2.727s] [35m[1mConsolidate compiler generated dependencies of target visualization_msgs__rosidl_typesupport_c__pyext[0m
[2.728s] [35m[1mConsolidate compiler generated dependencies of target visualization_msgs__rosidl_typesupport_fastrtps_c__pyext[0m
[2.728s] [35m[1mConsolidate compiler generated dependencies of target visualization_msgs__rosidl_typesupport_introspection_c__pyext[0m
[2.740s] [ 97%] [32m[1mLinking C shared library rosidl_generator_py/visualization_msgs/visualization_msgs_s__rosidl_typesupport_introspection_c.cpython-310-x86_64-linux-gnu.so[0m
[2.740s] [ 98%] [32m[1mLinking C shared library rosidl_generator_py/visualization_msgs/visualization_msgs_s__rosidl_typesupport_fastrtps_c.cpython-310-x86_64-linux-gnu.so[0m
[2.740s] [ 98%] [32mBuilding C object CMakeFiles/visualization_msgs__rosidl_typesupport_c__pyext.dir/rosidl_generator_py/visualization_msgs/_visualization_msgs_s.ep.rosidl_typesupport_c.c.o[0m
[2.782s] [ 99%] Built target visualization_msgs__rosidl_typesupport_fastrtps_c__pyext
[2.783s] [100%] Built target visualization_msgs__rosidl_typesupport_introspection_c__pyext
[2.841s] [100%] [32m[1mLinking C shared library rosidl_generator_py/visualization_msgs/visualization_msgs_s__rosidl_typesupport_c.cpython-310-x86_64-linux-gnu.so[0m
[2.890s] [100%] Built target visualization_msgs__rosidl_typesupport_c__pyext
[2.903s] Invoked command in '/home/abdelrhaman/microros_ws/build/visualization_msgs' returned '0': AMENT_PREFIX_PATH=/home/abdelrhaman/microros_ws/install/sensor_msgs:/home/abdelrhaman/microros_ws/install/geometry_msgs:/home/abdelrhaman/microros_ws/install/std_msgs:/home/abdelrhaman/microros_ws/install/builtin_interfaces:${AMENT_PREFIX_PATH} CMAKE_PREFIX_PATH=/home/abdelrhaman/microros_ws/install/sensor_msgs:/home/abdelrhaman/microros_ws/install/geometry_msgs:/home/abdelrhaman/microros_ws/install/std_msgs:/home/abdelrhaman/microros_ws/install/builtin_interfaces:/home/abdelrhaman/ros/install/my_robot_controller:/opt/ros/humble LD_LIBRARY_PATH=/home/abdelrhaman/microros_ws/install/sensor_msgs/lib:/home/abdelrhaman/microros_ws/install/geometry_msgs/lib:/home/abdelrhaman/microros_ws/install/std_msgs/lib:/home/abdelrhaman/microros_ws/install/builtin_interfaces/lib:${LD_LIBRARY_PATH} PYTHONPATH=/home/abdelrhaman/microros_ws/install/sensor_msgs/local/lib/python3.10/dist-packages:/home/abdelrhaman/microros_ws/install/geometry_msgs/local/lib/python3.10/dist-packages:/home/abdelrhaman/microros_ws/install/std_msgs/local/lib/python3.10/dist-packages:/home/abdelrhaman/microros_ws/install/builtin_interfaces/local/lib/python3.10/dist-packages:${PYTHONPATH} /usr/bin/cmake --build /home/abdelrhaman/microros_ws/build/visualization_msgs -- -j20 -l20
[3.197s] Invoking command in '/home/abdelrhaman/microros_ws/build/visualization_msgs': AMENT_PREFIX_PATH=/home/abdelrhaman/microros_ws/install/sensor_msgs:/home/abdelrhaman/microros_ws/install/geometry_msgs:/home/abdelrhaman/microros_ws/install/std_msgs:/home/abdelrhaman/microros_ws/install/builtin_interfaces:${AMENT_PREFIX_PATH} CMAKE_PREFIX_PATH=/home/abdelrhaman/microros_ws/install/sensor_msgs:/home/abdelrhaman/microros_ws/install/geometry_msgs:/home/abdelrhaman/microros_ws/install/std_msgs:/home/abdelrhaman/microros_ws/install/builtin_interfaces:/home/abdelrhaman/ros/install/my_robot_controller:/opt/ros/humble LD_LIBRARY_PATH=/home/abdelrhaman/microros_ws/install/sensor_msgs/lib:/home/abdelrhaman/microros_ws/install/geometry_msgs/lib:/home/abdelrhaman/microros_ws/install/std_msgs/lib:/home/abdelrhaman/microros_ws/install/builtin_interfaces/lib:${LD_LIBRARY_PATH} PYTHONPATH=/home/abdelrhaman/microros_ws/install/sensor_msgs/local/lib/python3.10/dist-packages:/home/abdelrhaman/microros_ws/install/geometry_msgs/local/lib/python3.10/dist-packages:/home/abdelrhaman/microros_ws/install/std_msgs/local/lib/python3.10/dist-packages:/home/abdelrhaman/microros_ws/install/builtin_interfaces/local/lib/python3.10/dist-packages:${PYTHONPATH} /usr/bin/cmake --install /home/abdelrhaman/microros_ws/build/visualization_msgs
[3.206s] -- Install configuration: ""
[3.215s] -- Up-to-date: /home/abdelrhaman/microros_ws/install/visualization_msgs/share/ament_index/resource_index/rosidl_interfaces/visualization_msgs
[3.215s] -- Up-to-date: /home/abdelrhaman/microros_ws/install/visualization_msgs/include/visualization_msgs/visualization_msgs
[3.216s] -- Up-to-date: /home/abdelrhaman/microros_ws/install/visualization_msgs/include/visualization_msgs/visualization_msgs/srv
[3.216s] -- Up-to-date: /home/abdelrhaman/microros_ws/install/visualization_msgs/include/visualization_msgs/visualization_msgs/srv/detail
[3.216s] -- Up-to-date: /home/abdelrhaman/microros_ws/install/visualization_msgs/include/visualization_msgs/visualization_msgs/srv/detail/get_interactive_markers__type_support.h
[3.216s] -- Up-to-date: /home/abdelrhaman/microros_ws/install/visualization_msgs/include/visualization_msgs/visualization_msgs/srv/detail/get_interactive_markers__functions.c
[3.216s] -- Up-to-date: /home/abdelrhaman/microros_ws/install/visualization_msgs/include/visualization_msgs/visualization_msgs/srv/detail/get_interactive_markers__struct.h
[3.216s] -- Up-to-date: /home/abdelrhaman/microros_ws/install/visualization_msgs/include/visualization_msgs/visualization_msgs/srv/detail/get_interactive_markers__functions.h
[3.217s] -- Up-to-date: /home/abdelrhaman/microros_ws/install/visualization_msgs/include/visualization_msgs/visualization_msgs/srv/get_interactive_markers.h
[3.217s] -- Up-to-date: /home/abdelrhaman/microros_ws/install/visualization_msgs/include/visualization_msgs/visualization_msgs/msg
[3.217s] -- Up-to-date: /home/abdelrhaman/microros_ws/install/visualization_msgs/include/visualization_msgs/visualization_msgs/msg/marker.h
[3.217s] -- Up-to-date: /home/abdelrhaman/microros_ws/install/visualization_msgs/include/visualization_msgs/visualization_msgs/msg/rosidl_generator_c__visibility_control.h
[3.217s] -- Up-to-date: /home/abdelrhaman/microros_ws/install/visualization_msgs/include/visualization_msgs/visualization_msgs/msg/detail
[3.217s] -- Up-to-date: /home/abdelrhaman/microros_ws/install/visualization_msgs/include/visualization_msgs/visualization_msgs/msg/detail/interactive_marker_init__type_support.h
[3.218s] -- Up-to-date: /home/abdelrhaman/microros_ws/install/visualization_msgs/include/visualization_msgs/visualization_msgs/msg/detail/mesh_file__functions.h
[3.218s] -- Up-to-date: /home/abdelrhaman/microros_ws/install/visualization_msgs/include/visualization_msgs/visualization_msgs/msg/detail/menu_entry__type_support.h
[3.218s] -- Up-to-date: /home/abdelrhaman/microros_ws/install/visualization_msgs/include/visualization_msgs/visualization_msgs/msg/detail/interactive_marker_update__functions.h
[3.218s] -- Up-to-date: /home/abdelrhaman/microros_ws/install/visualization_msgs/include/visualization_msgs/visualization_msgs/msg/detail/interactive_marker_update__struct.h
[3.218s] -- Up-to-date: /home/abdelrhaman/microros_ws/install/visualization_msgs/include/visualization_msgs/visualization_msgs/msg/detail/interactive_marker_feedback__struct.h
[3.218s] -- Up-to-date: /home/abdelrhaman/microros_ws/install/visualization_msgs/include/visualization_msgs/visualization_msgs/msg/detail/interactive_marker_control__functions.h
[3.218s] -- Up-to-date: /home/abdelrhaman/microros_ws/install/visualization_msgs/include/visualization_msgs/visualization_msgs/msg/detail/uv_coordinate__functions.c
[3.218s] -- Up-to-date: /home/abdelrhaman/microros_ws/install/visualization_msgs/include/visualization_msgs/visualization_msgs/msg/detail/image_marker__functions.h
[3.218s] -- Up-to-date: /home/abdelrhaman/microros_ws/install/visualization_msgs/include/visualization_msgs/visualization_msgs/msg/detail/menu_entry__functions.c
[3.218s] -- Up-to-date: /home/abdelrhaman/microros_ws/install/visualization_msgs/include/visualization_msgs/visualization_msgs/msg/detail/marker__struct.h
[3.219s] -- Up-to-date: /home/abdelrhaman/microros_ws/install/visualization_msgs/include/visualization_msgs/visualization_msgs/msg/detail/interactive_marker_init__functions.c
[3.219s] -- Up-to-date: /home/abdelrhaman/microros_ws/install/visualization_msgs/include/visualization_msgs/visualization_msgs/msg/detail/uv_coordinate__type_support.h
[3.219s] -- Up-to-date: /home/abdelrhaman/microros_ws/install/visualization_msgs/include/visualization_msgs/visualization_msgs/msg/detail/marker_array__functions.h
[3.219s] -- Up-to-date: /home/abdelrhaman/microros_ws/install/visualization_msgs/include/visualization_msgs/visualization_msgs/msg/detail/uv_coordinate__struct.h
[3.219s] -- Up-to-date: /home/abdelrhaman/microros_ws/install/visualization_msgs/include/visualization_msgs/visualization_msgs/msg/detail/image_marker__type_support.h
[3.219s] -- Up-to-date: /home/abdelrhaman/microros_ws/install/visualization_msgs/include/visualization_msgs/visualization_msgs/msg/detail/image_marker__functions.c
[3.219s] -- Up-to-date: /home/abdelrhaman/microros_ws/install/visualization_msgs/include/visualization_msgs/visualization_msgs/msg/detail/uv_coordinate__functions.h
[3.219s] -- Up-to-date: /home/abdelrhaman/microros_ws/install/visualization_msgs/include/visualization_msgs/visualization_msgs/msg/detail/menu_entry__struct.h
[3.219s] -- Up-to-date: /home/abdelrhaman/microros_ws/install/visualization_msgs/include/visualization_msgs/visualization_msgs/msg/detail/marker_array__struct.h
[3.220s] -- Up-to-date: /home/abdelrhaman/microros_ws/install/visualization_msgs/include/visualization_msgs/visualization_msgs/msg/detail/mesh_file__functions.c
[3.220s] -- Up-to-date: /home/abdelrhaman/microros_ws/install/visualization_msgs/include/visualization_msgs/visualization_msgs/msg/detail/menu_entry__functions.h
[3.220s] -- Up-to-date: /home/abdelrhaman/microros_ws/install/visualization_msgs/include/visualization_msgs/visualization_msgs/msg/detail/image_marker__struct.h
[3.220s] -- Up-to-date: /home/abdelrhaman/microros_ws/install/visualization_msgs/include/visualization_msgs/visualization_msgs/msg/detail/interactive_marker_pose__struct.h
[3.220s] -- Up-to-date: /home/abdelrhaman/microros_ws/install/visualization_msgs/include/visualization_msgs/visualization_msgs/msg/detail/interactive_marker_feedback__functions.h
[3.220s] -- Up-to-date: /home/abdelrhaman/microros_ws/install/visualization_msgs/include/visualization_msgs/visualization_msgs/msg/detail/mesh_file__struct.h
[3.220s] -- Up-to-date: /home/abdelrhaman/microros_ws/install/visualization_msgs/include/visualization_msgs/visualization_msgs/msg/detail/marker__functions.h
[3.220s] -- Up-to-date: /home/abdelrhaman/microros_ws/install/visualization_msgs/include/visualization_msgs/visualization_msgs/msg/detail/marker__functions.c
[3.220s] -- Up-to-date: /home/abdelrhaman/microros_ws/install/visualization_msgs/include/visualization_msgs/visualization_msgs/msg/detail/interactive_marker_pose__type_support.h
[3.220s] -- Up-to-date: /home/abdelrhaman/microros_ws/install/visualization_msgs/include/visualization_msgs/visualization_msgs/msg/detail/interactive_marker_pose__functions.c
[3.220s] -- Up-to-date: /home/abdelrhaman/microros_ws/install/visualization_msgs/include/visualization_msgs/visualization_msgs/msg/detail/marker__type_support.h
[3.221s] -- Up-to-date: /home/abdelrhaman/microros_ws/install/visualization_msgs/include/visualization_msgs/visualization_msgs/msg/detail/interactive_marker_control__functions.c
[3.221s] -- Up-to-date: /home/abdelrhaman/microros_ws/install/visualization_msgs/include/visualization_msgs/visualization_msgs/msg/detail/interactive_marker_pose__functions.h
[3.221s] -- Up-to-date: /home/abdelrhaman/microros_ws/install/visualization_msgs/include/visualization_msgs/visualization_msgs/msg/detail/interactive_marker_init__struct.h
[3.221s] -- Up-to-date: /home/abdelrhaman/microros_ws/install/visualization_msgs/include/visualization_msgs/visualization_msgs/msg/detail/interactive_marker__struct.h
[3.221s] -- Up-to-date: /home/abdelrhaman/microros_ws/install/visualization_msgs/include/visualization_msgs/visualization_msgs/msg/detail/interactive_marker__functions.c
[3.221s] -- Up-to-date: /home/abdelrhaman/microros_ws/install/visualization_msgs/include/visualization_msgs/visualization_msgs/msg/detail/interactive_marker_control__struct.h
[3.221s] -- Up-to-date: /home/abdelrhaman/microros_ws/install/visualization_msgs/include/visualization_msgs/visualization_msgs/msg/detail/interactive_marker_control__type_support.h
[3.221s] -- Up-to-date: /home/abdelrhaman/microros_ws/install/visualization_msgs/include/visualization_msgs/visualization_msgs/msg/detail/interactive_marker_feedback__functions.c
[3.222s] -- Up-to-date: /home/abdelrhaman/microros_ws/install/visualization_msgs/include/visualization_msgs/visualization_msgs/msg/detail/interactive_marker_feedback__type_support.h
[3.222s] -- Up-to-date: /home/abdelrhaman/microros_ws/install/visualization_msgs/include/visualization_msgs/visualization_msgs/msg/detail/interactive_marker_update__type_support.h
[3.222s] -- Up-to-date: /home/abdelrhaman/microros_ws/install/visualization_msgs/include/visualization_msgs/visualization_msgs/msg/detail/marker_array__type_support.h
[3.222s] -- Up-to-date: /home/abdelrhaman/microros_ws/install/visualization_msgs/include/visualization_msgs/visualization_msgs/msg/detail/interactive_marker_init__functions.h
[3.222s] -- Up-to-date: /home/abdelrhaman/microros_ws/install/visualization_msgs/include/visualization_msgs/visualization_msgs/msg/detail/interactive_marker__type_support.h
[3.222s] -- Up-to-date: /home/abdelrhaman/microros_ws/install/visualization_msgs/include/visualization_msgs/visualization_msgs/msg/detail/interactive_marker__functions.h
[3.222s] -- Up-to-date: /home/abdelrhaman/microros_ws/install/visualization_msgs/include/visualization_msgs/visualization_msgs/msg/detail/mesh_file__type_support.h
[3.222s] -- Up-to-date: /home/abdelrhaman/microros_ws/install/visualization_msgs/include/visualization_msgs/visualization_msgs/msg/detail/interactive_marker_update__functions.c
[3.222s] -- Up-to-date: /home/abdelrhaman/microros_ws/install/visualization_msgs/include/visualization_msgs/visualization_msgs/msg/detail/marker_array__functions.c
[3.222s] -- Up-to-date: /home/abdelrhaman/microros_ws/install/visualization_msgs/include/visualization_msgs/visualization_msgs/msg/interactive_marker_init.h
[3.222s] -- Up-to-date: /home/abdelrhaman/microros_ws/install/visualization_msgs/include/visualization_msgs/visualization_msgs/msg/mesh_file.h
[3.223s] -- Up-to-date: /home/abdelrhaman/microros_ws/install/visualization_msgs/include/visualization_msgs/visualization_msgs/msg/image_marker.h
[3.223s] -- Up-to-date: /home/abdelrhaman/microros_ws/install/visualization_msgs/include/visualization_msgs/visualization_msgs/msg/menu_entry.h
[3.223s] -- Up-to-date: /home/abdelrhaman/microros_ws/install/visualization_msgs/include/visualization_msgs/visualization_msgs/msg/interactive_marker_feedback.h
[3.223s] -- Up-to-date: /home/abdelrhaman/microros_ws/install/visualization_msgs/include/visualization_msgs/visualization_msgs/msg/marker_array.h
[3.223s] -- Up-to-date: /home/abdelrhaman/microros_ws/install/visualization_msgs/include/visualization_msgs/visualization_msgs/msg/interactive_marker_control.h
[3.223s] -- Up-to-date: /home/abdelrhaman/microros_ws/install/visualization_msgs/include/visualization_msgs/visualization_msgs/msg/interactive_marker_pose.h
[3.223s] -- Up-to-date: /home/abdelrhaman/microros_ws/install/visualization_msgs/include/visualization_msgs/visualization_msgs/msg/interactive_marker.h
[3.223s] -- Up-to-date: /home/abdelrhaman/microros_ws/install/visualization_msgs/include/visualization_msgs/visualization_msgs/msg/interactive_marker_update.h
[3.223s] -- Up-to-date: /home/abdelrhaman/microros_ws/install/visualization_msgs/include/visualization_msgs/visualization_msgs/msg/uv_coordinate.h
[3.223s] -- Up-to-date: /home/abdelrhaman/microros_ws/install/visualization_msgs/share/visualization_msgs/environment/library_path.sh
[3.223s] -- Installing: /home/abdelrhaman/microros_ws/install/visualization_msgs/share/visualization_msgs/environment/library_path.dsv
[3.224s] -- Up-to-date: /home/abdelrhaman/microros_ws/install/visualization_msgs/lib/libvisualization_msgs__rosidl_generator_c.so
[3.224s] -- Up-to-date: /home/abdelrhaman/microros_ws/install/visualization_msgs/include/visualization_msgs/visualization_msgs
[3.224s] -- Up-to-date: /home/abdelrhaman/microros_ws/install/visualization_msgs/include/visualization_msgs/visualization_msgs/srv
[3.224s] -- Up-to-date: /home/abdelrhaman/microros_ws/install/visualization_msgs/include/visualization_msgs/visualization_msgs/srv/detail
[3.224s] -- Up-to-date: /home/abdelrhaman/microros_ws/install/visualization_msgs/include/visualization_msgs/visualization_msgs/srv/detail/get_interactive_markers__rosidl_typesupport_fastrtps_c.h
[3.224s] -- Up-to-date: /home/abdelrhaman/microros_ws/install/visualization_msgs/include/visualization_msgs/visualization_msgs/msg
[3.224s] -- Up-to-date: /home/abdelrhaman/microros_ws/install/visualization_msgs/include/visualization_msgs/visualization_msgs/msg/detail
[3.224s] -- Up-to-date: /home/abdelrhaman/microros_ws/install/visualization_msgs/include/visualization_msgs/visualization_msgs/msg/detail/uv_coordinate__rosidl_typesupport_fastrtps_c.h
[3.224s] -- Up-to-date: /home/abdelrhaman/microros_ws/install/visualization_msgs/include/visualization_msgs/visualization_msgs/msg/detail/marker_array__rosidl_typesupport_fastrtps_c.h
[3.224s] -- Up-to-date: /home/abdelrhaman/microros_ws/install/visualization_msgs/include/visualization_msgs/visualization_msgs/msg/detail/interactive_marker_control__rosidl_typesupport_fastrtps_c.h
[3.225s] -- Up-to-date: /home/abdelrhaman/microros_ws/install/visualization_msgs/include/visualization_msgs/visualization_msgs/msg/detail/mesh_file__rosidl_typesupport_fastrtps_c.h
[3.225s] -- Up-to-date: /home/abdelrhaman/microros_ws/install/visualization_msgs/include/visualization_msgs/visualization_msgs/msg/detail/interactive_marker_pose__rosidl_typesupport_fastrtps_c.h
[3.225s] -- Up-to-date: /home/abdelrhaman/microros_ws/install/visualization_msgs/include/visualization_msgs/visualization_msgs/msg/detail/interactive_marker__rosidl_typesupport_fastrtps_c.h
[3.225s] -- Up-to-date: /home/abdelrhaman/microros_ws/install/visualization_msgs/include/visualization_msgs/visualization_msgs/msg/detail/interactive_marker_init__rosidl_typesupport_fastrtps_c.h
[3.225s] -- Up-to-date: /home/abdelrhaman/microros_ws/install/visualization_msgs/include/visualization_msgs/visualization_msgs/msg/detail/interactive_marker_feedback__rosidl_typesupport_fastrtps_c.h
[3.225s] -- Up-to-date: /home/abdelrhaman/microros_ws/install/visualization_msgs/include/visualization_msgs/visualization_msgs/msg/detail/marker__rosidl_typesupport_fastrtps_c.h
[3.225s] -- Up-to-date: /home/abdelrhaman/microros_ws/install/visualization_msgs/include/visualization_msgs/visualization_msgs/msg/detail/interactive_marker_update__rosidl_typesupport_fastrtps_c.h
[3.225s] -- Up-to-date: /home/abdelrhaman/microros_ws/install/visualization_msgs/include/visualization_msgs/visualization_msgs/msg/detail/image_marker__rosidl_typesupport_fastrtps_c.h
[3.225s] -- Up-to-date: /home/abdelrhaman/microros_ws/install/visualization_msgs/include/visualization_msgs/visualization_msgs/msg/detail/menu_entry__rosidl_typesupport_fastrtps_c.h
[3.226s] -- Up-to-date: /home/abdelrhaman/microros_ws/install/visualization_msgs/include/visualization_msgs/visualization_msgs/msg/rosidl_typesupport_fastrtps_c__visibility_control.h
[3.226s] -- Up-to-date: /home/abdelrhaman/microros_ws/install/visualization_msgs/lib/libvisualization_msgs__rosidl_typesupport_fastrtps_c.so
[3.226s] -- Up-to-date: /home/abdelrhaman/microros_ws/install/visualization_msgs/include/visualization_msgs/visualization_msgs
[3.226s] -- Up-to-date: /home/abdelrhaman/microros_ws/install/visualization_msgs/include/visualization_msgs/visualization_msgs/srv
[3.226s] -- Up-to-date: /home/abdelrhaman/microros_ws/install/visualization_msgs/include/visualization_msgs/visualization_msgs/srv/get_interactive_markers.hpp
[3.226s] -- Up-to-date: /home/abdelrhaman/microros_ws/install/visualization_msgs/include/visualization_msgs/visualization_msgs/srv/detail
[3.226s] -- Up-to-date: /home/abdelrhaman/microros_ws/install/visualization_msgs/include/visualization_msgs/visualization_msgs/srv/detail/get_interactive_markers__traits.hpp
[3.226s] -- Up-to-date: /home/abdelrhaman/microros_ws/install/visualization_msgs/include/visualization_msgs/visualization_msgs/srv/detail/get_interactive_markers__struct.hpp
[3.226s] -- Up-to-date: /home/abdelrhaman/microros_ws/install/visualization_msgs/include/visualization_msgs/visualization_msgs/srv/detail/get_interactive_markers__builder.hpp
[3.226s] -- Up-to-date: /home/abdelrhaman/microros_ws/install/visualization_msgs/include/visualization_msgs/visualization_msgs/msg
[3.226s] -- Up-to-date: /home/abdelrhaman/microros_ws/install/visualization_msgs/include/visualization_msgs/visualization_msgs/msg/menu_entry.hpp
[3.226s] -- Up-to-date: /home/abdelrhaman/microros_ws/install/visualization_msgs/include/visualization_msgs/visualization_msgs/msg/detail
[3.226s] -- Up-to-date: /home/abdelrhaman/microros_ws/install/visualization_msgs/include/visualization_msgs/visualization_msgs/msg/detail/interactive_marker_update__builder.hpp
[3.227s] -- Up-to-date: /home/abdelrhaman/microros_ws/install/visualization_msgs/include/visualization_msgs/visualization_msgs/msg/detail/marker_array__builder.hpp
[3.227s] -- Up-to-date: /home/abdelrhaman/microros_ws/install/visualization_msgs/include/visualization_msgs/visualization_msgs/msg/detail/image_marker__traits.hpp
[3.227s] -- Up-to-date: /home/abdelrhaman/microros_ws/install/visualization_msgs/include/visualization_msgs/visualization_msgs/msg/detail/menu_entry__traits.hpp
[3.227s] -- Up-to-date: /home/abdelrhaman/microros_ws/install/visualization_msgs/include/visualization_msgs/visualization_msgs/msg/detail/interactive_marker_pose__struct.hpp
[3.227s] -- Up-to-date: /home/abdelrhaman/microros_ws/install/visualization_msgs/include/visualization_msgs/visualization_msgs/msg/detail/interactive_marker__struct.hpp
[3.227s] -- Up-to-date: /home/abdelrhaman/microros_ws/install/visualization_msgs/include/visualization_msgs/visualization_msgs/msg/detail/uv_coordinate__struct.hpp
[3.227s] -- Up-to-date: /home/abdelrhaman/microros_ws/install/visualization_msgs/include/visualization_msgs/visualization_msgs/msg/detail/image_marker__builder.hpp
[3.227s] -- Up-to-date: /home/abdelrhaman/microros_ws/install/visualization_msgs/include/visualization_msgs/visualization_msgs/msg/detail/marker__builder.hpp
[3.227s] -- Up-to-date: /home/abdelrhaman/microros_ws/install/visualization_msgs/include/visualization_msgs/visualization_msgs/msg/detail/uv_coordinate__builder.hpp
[3.227s] -- Up-to-date: /home/abdelrhaman/microros_ws/install/visualization_msgs/include/visualization_msgs/visualization_msgs/msg/detail/marker_array__struct.hpp
[3.227s] -- Up-to-date: /home/abdelrhaman/microros_ws/install/visualization_msgs/include/visualization_msgs/visualization_msgs/msg/detail/interactive_marker_pose__builder.hpp
[3.227s] -- Up-to-date: /home/abdelrhaman/microros_ws/install/visualization_msgs/include/visualization_msgs/visualization_msgs/msg/detail/interactive_marker__traits.hpp
[3.227s] -- Up-to-date: /home/abdelrhaman/microros_ws/install/visualization_msgs/include/visualization_msgs/visualization_msgs/msg/detail/menu_entry__builder.hpp
[3.227s] -- Up-to-date: /home/abdelrhaman/microros_ws/install/visualization_msgs/include/visualization_msgs/visualization_msgs/msg/detail/marker__struct.hpp
[3.227s] -- Up-to-date: /home/abdelrhaman/microros_ws/install/visualization_msgs/include/visualization_msgs/visualization_msgs/msg/detail/interactive_marker_init__builder.hpp
[3.228s] -- Up-to-date: /home/abdelrhaman/microros_ws/install/visualization_msgs/include/visualization_msgs/visualization_msgs/msg/detail/interactive_marker_control__struct.hpp
[3.228s] -- Up-to-date: /home/abdelrhaman/microros_ws/install/visualization_msgs/include/visualization_msgs/visualization_msgs/msg/detail/mesh_file__builder.hpp
[3.228s] -- Up-to-date: /home/abdelrhaman/microros_ws/install/visualization_msgs/include/visualization_msgs/visualization_msgs/msg/detail/interactive_marker_control__traits.hpp
[3.228s] -- Up-to-date: /home/abdelrhaman/microros_ws/install/visualization_msgs/include/visualization_msgs/visualization_msgs/msg/detail/image_marker__struct.hpp
[3.228s] -- Up-to-date: /home/abdelrhaman/microros_ws/install/visualization_msgs/include/visualization_msgs/visualization_msgs/msg/detail/mesh_file__struct.hpp
[3.228s] -- Up-to-date: /home/abdelrhaman/microros_ws/install/visualization_msgs/include/visualization_msgs/visualization_msgs/msg/detail/interactive_marker_control__builder.hpp
[3.228s] -- Up-to-date: /home/abdelrhaman/microros_ws/install/visualization_msgs/include/visualization_msgs/visualization_msgs/msg/detail/uv_coordinate__traits.hpp
[3.228s] -- Up-to-date: /home/abdelrhaman/microros_ws/install/visualization_msgs/include/visualization_msgs/visualization_msgs/msg/detail/interactive_marker__builder.hpp
[3.228s] -- Up-to-date: /home/abdelrhaman/microros_ws/install/visualization_msgs/include/visualization_msgs/visualization_msgs/msg/detail/interactive_marker_feedback__struct.hpp
[3.228s] -- Up-to-date: /home/abdelrhaman/microros_ws/install/visualization_msgs/include/visualization_msgs/visualization_msgs/msg/detail/interactive_marker_pose__traits.hpp
[3.228s] -- Up-to-date: /home/abdelrhaman/microros_ws/install/visualization_msgs/include/visualization_msgs/visualization_msgs/msg/detail/marker__traits.hpp
[3.228s] -- Up-to-date: /home/abdelrhaman/microros_ws/install/visualization_msgs/include/visualization_msgs/visualization_msgs/msg/detail/interactive_marker_init__traits.hpp
[3.228s] -- Up-to-date: /home/abdelrhaman/microros_ws/install/visualization_msgs/include/visualization_msgs/visualization_msgs/msg/detail/menu_entry__struct.hpp
[3.228s] -- Up-to-date: /home/abdelrhaman/microros_ws/install/visualization_msgs/include/visualization_msgs/visualization_msgs/msg/detail/interactive_marker_update__traits.hpp
[3.228s] -- Up-to-date: /home/abdelrhaman/microros_ws/install/visualization_msgs/include/visualization_msgs/visualization_msgs/msg/detail/interactive_marker_feedback__traits.hpp
[3.228s] -- Up-to-date: /home/abdelrhaman/microros_ws/install/visualization_msgs/include/visualization_msgs/visualization_msgs/msg/detail/marker_array__traits.hpp
[3.229s] -- Up-to-date: /home/abdelrhaman/microros_ws/install/visualization_msgs/include/visualization_msgs/visualization_msgs/msg/detail/interactive_marker_update__struct.hpp
[3.229s] -- Up-to-date: /home/abdelrhaman/microros_ws/install/visualization_msgs/include/visualization_msgs/visualization_msgs/msg/detail/interactive_marker_init__struct.hpp
[3.229s] -- Up-to-date: /home/abdelrhaman/microros_ws/install/visualization_msgs/include/visualization_msgs/visualization_msgs/msg/detail/interactive_marker_feedback__builder.hpp
[3.229s] -- Up-to-date: /home/abdelrhaman/microros_ws/install/visualization_msgs/include/visualization_msgs/visualization_msgs/msg/detail/mesh_file__traits.hpp
[3.229s] -- Up-to-date: /home/abdelrhaman/microros_ws/install/visualization_msgs/include/visualization_msgs/visualization_msgs/msg/mesh_file.hpp
[3.229s] -- Up-to-date: /home/abdelrhaman/microros_ws/install/visualization_msgs/include/visualization_msgs/visualization_msgs/msg/interactive_marker_feedback.hpp
[3.229s] -- Up-to-date: /home/abdelrhaman/microros_ws/install/visualization_msgs/include/visualization_msgs/visualization_msgs/msg/interactive_marker_control.hpp
[3.229s] -- Up-to-date: /home/abdelrhaman/microros_ws/install/visualization_msgs/include/visualization_msgs/visualization_msgs/msg/marker_array.hpp
[3.229s] -- Up-to-date: /home/abdelrhaman/microros_ws/install/visualization_msgs/include/visualization_msgs/visualization_msgs/msg/interactive_marker.hpp
[3.229s] -- Up-to-date: /home/abdelrhaman/microros_ws/install/visualization_msgs/include/visualization_msgs/visualization_msgs/msg/interactive_marker_init.hpp
[3.229s] -- Up-to-date: /home/abdelrhaman/microros_ws/install/visualization_msgs/include/visualization_msgs/visualization_msgs/msg/marker.hpp
[3.229s] -- Up-to-date: /home/abdelrhaman/microros_ws/install/visualization_msgs/include/visualization_msgs/visualization_msgs/msg/uv_coordinate.hpp
[3.229s] -- Up-to-date: /home/abdelrhaman/microros_ws/install/visualization_msgs/include/visualization_msgs/visualization_msgs/msg/interactive_marker_update.hpp
[3.229s] -- Up-to-date: /home/abdelrhaman/microros_ws/install/visualization_msgs/include/visualization_msgs/visualization_msgs/msg/interactive_marker_pose.hpp
[3.230s] -- Up-to-date: /home/abdelrhaman/microros_ws/install/visualization_msgs/include/visualization_msgs/visualization_msgs/msg/image_marker.hpp
[3.230s] -- Up-to-date: /home/abdelrhaman/microros_ws/install/visualization_msgs/include/visualization_msgs/visualization_msgs
[3.230s] -- Up-to-date: /home/abdelrhaman/microros_ws/install/visualization_msgs/include/visualization_msgs/visualization_msgs/srv
[3.230s] -- Up-to-date: /home/abdelrhaman/microros_ws/install/visualization_msgs/include/visualization_msgs/visualization_msgs/srv/detail
[3.230s] -- Up-to-date: /home/abdelrhaman/microros_ws/install/visualization_msgs/include/visualization_msgs/visualization_msgs/srv/detail/dds_fastrtps
[3.230s] -- Up-to-date: /home/abdelrhaman/microros_ws/install/visualization_msgs/include/visualization_msgs/visualization_msgs/srv/detail/get_interactive_markers__rosidl_typesupport_fastrtps_cpp.hpp
[3.230s] -- Up-to-date: /home/abdelrhaman/microros_ws/install/visualization_msgs/include/visualization_msgs/visualization_msgs/msg
[3.230s] -- Up-to-date: /home/abdelrhaman/microros_ws/install/visualization_msgs/include/visualization_msgs/visualization_msgs/msg/detail
[3.230s] -- Up-to-date: /home/abdelrhaman/microros_ws/install/visualization_msgs/include/visualization_msgs/visualization_msgs/msg/detail/marker_array__rosidl_typesupport_fastrtps_cpp.hpp
[3.230s] -- Up-to-date: /home/abdelrhaman/microros_ws/install/visualization_msgs/include/visualization_msgs/visualization_msgs/msg/detail/mesh_file__rosidl_typesupport_fastrtps_cpp.hpp
[3.230s] -- Up-to-date: /home/abdelrhaman/microros_ws/install/visualization_msgs/include/visualization_msgs/visualization_msgs/msg/detail/uv_coordinate__rosidl_typesupport_fastrtps_cpp.hpp
[3.230s] -- Up-to-date: /home/abdelrhaman/microros_ws/install/visualization_msgs/include/visualization_msgs/visualization_msgs/msg/detail/interactive_marker_update__rosidl_typesupport_fastrtps_cpp.hpp
[3.230s] -- Up-to-date: /home/abdelrhaman/microros_ws/install/visualization_msgs/include/visualization_msgs/visualization_msgs/msg/detail/interactive_marker_init__rosidl_typesupport_fastrtps_cpp.hpp
[3.231s] -- Up-to-date: /home/abdelrhaman/microros_ws/install/visualization_msgs/include/visualization_msgs/visualization_msgs/msg/detail/menu_entry__rosidl_typesupport_fastrtps_cpp.hpp
[3.231s] -- Up-to-date: /home/abdelrhaman/microros_ws/install/visualization_msgs/include/visualization_msgs/visualization_msgs/msg/detail/image_marker__rosidl_typesupport_fastrtps_cpp.hpp
[3.231s] -- Up-to-date: /home/abdelrhaman/microros_ws/install/visualization_msgs/include/visualization_msgs/visualization_msgs/msg/detail/marker__rosidl_typesupport_fastrtps_cpp.hpp
[3.231s] -- Up-to-date: /home/abdelrhaman/microros_ws/install/visualization_msgs/include/visualization_msgs/visualization_msgs/msg/detail/interactive_marker_pose__rosidl_typesupport_fastrtps_cpp.hpp
[3.231s] -- Up-to-date: /home/abdelrhaman/microros_ws/install/visualization_msgs/include/visualization_msgs/visualization_msgs/msg/detail/interactive_marker_feedback__rosidl_typesupport_fastrtps_cpp.hpp
[3.231s] -- Up-to-date: /home/abdelrhaman/microros_ws/install/visualization_msgs/include/visualization_msgs/visualization_msgs/msg/detail/dds_fastrtps
[3.231s] -- Up-to-date: /home/abdelrhaman/microros_ws/install/visualization_msgs/include/visualization_msgs/visualization_msgs/msg/detail/interactive_marker__rosidl_typesupport_fastrtps_cpp.hpp
[3.231s] -- Up-to-date: /home/abdelrhaman/microros_ws/install/visualization_msgs/include/visualization_msgs/visualization_msgs/msg/detail/interactive_marker_control__rosidl_typesupport_fastrtps_cpp.hpp
[3.231s] -- Up-to-date: /home/abdelrhaman/microros_ws/install/visualization_msgs/include/visualization_msgs/visualization_msgs/msg/rosidl_typesupport_fastrtps_cpp__visibility_control.h
[3.231s] -- Up-to-date: /home/abdelrhaman/microros_ws/install/visualization_msgs/lib/libvisualization_msgs__rosidl_typesupport_fastrtps_cpp.so
[3.231s] -- Up-to-date: /home/abdelrhaman/microros_ws/install/visualization_msgs/include/visualization_msgs/visualization_msgs
[3.231s] -- Up-to-date: /home/abdelrhaman/microros_ws/install/visualization_msgs/include/visualization_msgs/visualization_msgs/srv
[3.231s] -- Up-to-date: /home/abdelrhaman/microros_ws/install/visualization_msgs/include/visualization_msgs/visualization_msgs/srv/detail
[3.231s] -- Up-to-date: /home/abdelrhaman/microros_ws/install/visualization_msgs/include/visualization_msgs/visualization_msgs/srv/detail/get_interactive_markers__rosidl_typesupport_introspection_c.h
[3.231s] -- Up-to-date: /home/abdelrhaman/microros_ws/install/visualization_msgs/include/visualization_msgs/visualization_msgs/srv/detail/get_interactive_markers__type_support.c
[3.231s] -- Up-to-date: /home/abdelrhaman/microros_ws/install/visualization_msgs/include/visualization_msgs/visualization_msgs/msg
[3.231s] -- Up-to-date: /home/abdelrhaman/microros_ws/install/visualization_msgs/include/visualization_msgs/visualization_msgs/msg/rosidl_typesupport_introspection_c__visibility_control.h
[3.231s] -- Up-to-date: /home/abdelrhaman/microros_ws/install/visualization_msgs/include/visualization_msgs/visualization_msgs/msg/detail
[3.231s] -- Up-to-date: /home/abdelrhaman/microros_ws/install/visualization_msgs/include/visualization_msgs/visualization_msgs/msg/detail/interactive_marker__type_support.c
[3.231s] -- Up-to-date: /home/abdelrhaman/microros_ws/install/visualization_msgs/include/visualization_msgs/visualization_msgs/msg/detail/marker__rosidl_typesupport_introspection_c.h
[3.231s] -- Up-to-date: /home/abdelrhaman/microros_ws/install/visualization_msgs/include/visualization_msgs/visualization_msgs/msg/detail/menu_entry__rosidl_typesupport_introspection_c.h
[3.231s] -- Up-to-date: /home/abdelrhaman/microros_ws/install/visualization_msgs/include/visualization_msgs/visualization_msgs/msg/detail/image_marker__rosidl_typesupport_introspection_c.h
[3.232s] -- Up-to-date: /home/abdelrhaman/microros_ws/install/visualization_msgs/include/visualization_msgs/visualization_msgs/msg/detail/marker_array__rosidl_typesupport_introspection_c.h
[3.232s] -- Up-to-date: /home/abdelrhaman/microros_ws/install/visualization_msgs/include/visualization_msgs/visualization_msgs/msg/detail/interactive_marker_update__type_support.c
[3.232s] -- Up-to-date: /home/abdelrhaman/microros_ws/install/visualization_msgs/include/visualization_msgs/visualization_msgs/msg/detail/interactive_marker_init__type_support.c
[3.232s] -- Up-to-date: /home/abdelrhaman/microros_ws/install/visualization_msgs/include/visualization_msgs/visualization_msgs/msg/detail/interactive_marker__rosidl_typesupport_introspection_c.h
[3.232s] -- Up-to-date: /home/abdelrhaman/microros_ws/install/visualization_msgs/include/visualization_msgs/visualization_msgs/msg/detail/interactive_marker_control__rosidl_typesupport_introspection_c.h
[3.232s] -- Up-to-date: /home/abdelrhaman/microros_ws/install/visualization_msgs/include/visualization_msgs/visualization_msgs/msg/detail/marker__type_support.c
[3.232s] -- Up-to-date: /home/abdelrhaman/microros_ws/install/visualization_msgs/include/visualization_msgs/visualization_msgs/msg/detail/mesh_file__type_support.c
[3.232s] -- Up-to-date: /home/abdelrhaman/microros_ws/install/visualization_msgs/include/visualization_msgs/visualization_msgs/msg/detail/interactive_marker_pose__rosidl_typesupport_introspection_c.h
[3.232s] -- Up-to-date: /home/abdelrhaman/microros_ws/install/visualization_msgs/include/visualization_msgs/visualization_msgs/msg/detail/interactive_marker_feedback__rosidl_typesupport_introspection_c.h
[3.232s] -- Up-to-date: /home/abdelrhaman/microros_ws/install/visualization_msgs/include/visualization_msgs/visualization_msgs/msg/detail/interactive_marker_feedback__type_support.c
[3.232s] -- Up-to-date: /home/abdelrhaman/microros_ws/install/visualization_msgs/include/visualization_msgs/visualization_msgs/msg/detail/interactive_marker_init__rosidl_typesupport_introspection_c.h
[3.232s] -- Up-to-date: /home/abdelrhaman/microros_ws/install/visualization_msgs/include/visualization_msgs/visualization_msgs/msg/detail/interactive_marker_update__rosidl_typesupport_introspection_c.h
[3.232s] -- Up-to-date: /home/abdelrhaman/microros_ws/install/visualization_msgs/include/visualization_msgs/visualization_msgs/msg/detail/uv_coordinate__type_support.c
[3.232s] -- Up-to-date: /home/abdelrhaman/microros_ws/install/visualization_msgs/include/visualization_msgs/visualization_msgs/msg/detail/interactive_marker_control__type_support.c
[3.232s] -- Up-to-date: /home/abdelrhaman/microros_ws/install/visualization_msgs/include/visualization_msgs/visualization_msgs/msg/detail/mesh_file__rosidl_typesupport_introspection_c.h
[3.232s] -- Up-to-date: /home/abdelrhaman/microros_ws/install/visualization_msgs/include/visualization_msgs/visualization_msgs/msg/detail/marker_array__type_support.c
[3.232s] -- Up-to-date: /home/abdelrhaman/microros_ws/install/visualization_msgs/include/visualization_msgs/visualization_msgs/msg/detail/menu_entry__type_support.c
[3.232s] -- Up-to-date: /home/abdelrhaman/microros_ws/install/visualization_msgs/include/visualization_msgs/visualization_msgs/msg/detail/interactive_marker_pose__type_support.c
[3.232s] -- Up-to-date: /home/abdelrhaman/microros_ws/install/visualization_msgs/include/visualization_msgs/visualization_msgs/msg/detail/uv_coordinate__rosidl_typesupport_introspection_c.h
[3.232s] -- Up-to-date: /home/abdelrhaman/microros_ws/install/visualization_msgs/include/visualization_msgs/visualization_msgs/msg/detail/image_marker__type_support.c
[3.232s] -- Up-to-date: /home/abdelrhaman/microros_ws/install/visualization_msgs/lib/libvisualization_msgs__rosidl_typesupport_introspection_c.so
[3.233s] -- Installing: /home/abdelrhaman/microros_ws/install/visualization_msgs/lib/libvisualization_msgs__rosidl_typesupport_c.so
[3.233s] -- Set runtime path of "/home/abdelrhaman/microros_ws/install/visualization_msgs/lib/libvisualization_msgs__rosidl_typesupport_c.so" to ""
[3.233s] -- Up-to-date: /home/abdelrhaman/microros_ws/install/visualization_msgs/include/visualization_msgs/visualization_msgs
[3.233s] -- Up-to-date: /home/abdelrhaman/microros_ws/install/visualization_msgs/include/visualization_msgs/visualization_msgs/srv
[3.233s] -- Up-to-date: /home/abdelrhaman/microros_ws/install/visualization_msgs/include/visualization_msgs/visualization_msgs/srv/detail
[3.233s] -- Up-to-date: /home/abdelrhaman/microros_ws/install/visualization_msgs/include/visualization_msgs/visualization_msgs/srv/detail/get_interactive_markers__rosidl_typesupport_introspection_cpp.hpp
[3.233s] -- Up-to-date: /home/abdelrhaman/microros_ws/install/visualization_msgs/include/visualization_msgs/visualization_msgs/srv/detail/get_interactive_markers__type_support.cpp
[3.233s] -- Up-to-date: /home/abdelrhaman/microros_ws/install/visualization_msgs/include/visualization_msgs/visualization_msgs/msg
[3.233s] -- Up-to-date: /home/abdelrhaman/microros_ws/install/visualization_msgs/include/visualization_msgs/visualization_msgs/msg/detail
[3.233s] -- Up-to-date: /home/abdelrhaman/microros_ws/install/visualization_msgs/include/visualization_msgs/visualization_msgs/msg/detail/menu_entry__rosidl_typesupport_introspection_cpp.hpp
[3.233s] -- Up-to-date: /home/abdelrhaman/microros_ws/install/visualization_msgs/include/visualization_msgs/visualization_msgs/msg/detail/interactive_marker__rosidl_typesupport_introspection_cpp.hpp
[3.233s] -- Up-to-date: /home/abdelrhaman/microros_ws/install/visualization_msgs/include/visualization_msgs/visualization_msgs/msg/detail/marker_array__rosidl_typesupport_introspection_cpp.hpp
[3.233s] -- Up-to-date: /home/abdelrhaman/microros_ws/install/visualization_msgs/include/visualization_msgs/visualization_msgs/msg/detail/marker__rosidl_typesupport_introspection_cpp.hpp
[3.233s] -- Up-to-date: /home/abdelrhaman/microros_ws/install/visualization_msgs/include/visualization_msgs/visualization_msgs/msg/detail/image_marker__rosidl_typesupport_introspection_cpp.hpp
[3.233s] -- Up-to-date: /home/abdelrhaman/microros_ws/install/visualization_msgs/include/visualization_msgs/visualization_msgs/msg/detail/uv_coordinate__type_support.cpp
[3.233s] -- Up-to-date: /home/abdelrhaman/microros_ws/install/visualization_msgs/include/visualization_msgs/visualization_msgs/msg/detail/interactive_marker_pose__type_support.cpp
[3.233s] -- Up-to-date: /home/abdelrhaman/microros_ws/install/visualization_msgs/include/visualization_msgs/visualization_msgs/msg/detail/marker__type_support.cpp
[3.233s] -- Up-to-date: /home/abdelrhaman/microros_ws/install/visualization_msgs/include/visualization_msgs/visualization_msgs/msg/detail/uv_coordinate__rosidl_typesupport_introspection_cpp.hpp
[3.233s] -- Up-to-date: /home/abdelrhaman/microros_ws/install/visualization_msgs/include/visualization_msgs/visualization_msgs/msg/detail/interactive_marker_pose__rosidl_typesupport_introspection_cpp.hpp
[3.234s] -- Up-to-date: /home/abdelrhaman/microros_ws/install/visualization_msgs/include/visualization_msgs/visualization_msgs/msg/detail/interactive_marker_feedback__rosidl_typesupport_introspection_cpp.hpp
[3.234s] -- Up-to-date: /home/abdelrhaman/microros_ws/install/visualization_msgs/include/visualization_msgs/visualization_msgs/msg/detail/interactive_marker__type_support.cpp
[3.234s] -- Up-to-date: /home/abdelrhaman/microros_ws/install/visualization_msgs/include/visualization_msgs/visualization_msgs/msg/detail/image_marker__type_support.cpp
[3.234s] -- Up-to-date: /home/abdelrhaman/microros_ws/install/visualization_msgs/include/visualization_msgs/visualization_msgs/msg/detail/mesh_file__rosidl_typesupport_introspection_cpp.hpp
[3.234s] -- Up-to-date: /home/abdelrhaman/microros_ws/install/visualization_msgs/include/visualization_msgs/visualization_msgs/msg/detail/marker_array__type_support.cpp
[3.234s] -- Up-to-date: /home/abdelrhaman/microros_ws/install/visualization_msgs/include/visualization_msgs/visualization_msgs/msg/detail/mesh_file__type_support.cpp
[3.234s] -- Up-to-date: /home/abdelrhaman/microros_ws/install/visualization_msgs/include/visualization_msgs/visualization_msgs/msg/detail/interactive_marker_update__type_support.cpp
[3.234s] -- Up-to-date: /home/abdelrhaman/microros_ws/install/visualization_msgs/include/visualization_msgs/visualization_msgs/msg/detail/interactive_marker_control__rosidl_typesupport_introspection_cpp.hpp
[3.234s] -- Up-to-date: /home/abdelrhaman/microros_ws/install/visualization_msgs/include/visualization_msgs/visualization_msgs/msg/detail/interactive_marker_feedback__type_support.cpp
[3.234s] -- Up-to-date: /home/abdelrhaman/microros_ws/install/visualization_msgs/include/visualization_msgs/visualization_msgs/msg/detail/interactive_marker_control__type_support.cpp
[3.234s] -- Up-to-date: /home/abdelrhaman/microros_ws/install/visualization_msgs/include/visualization_msgs/visualization_msgs/msg/detail/interactive_marker_init__type_support.cpp
[3.234s] -- Up-to-date: /home/abdelrhaman/microros_ws/install/visualization_msgs/include/visualization_msgs/visualization_msgs/msg/detail/interactive_marker_init__rosidl_typesupport_introspection_cpp.hpp
[3.234s] -- Up-to-date: /home/abdelrhaman/microros_ws/install/visualization_msgs/include/visualization_msgs/visualization_msgs/msg/detail/interactive_marker_update__rosidl_typesupport_introspection_cpp.hpp
[3.234s] -- Up-to-date: /home/abdelrhaman/microros_ws/install/visualization_msgs/include/visualization_msgs/visualization_msgs/msg/detail/menu_entry__type_support.cpp
[3.234s] -- Up-to-date: /home/abdelrhaman/microros_ws/install/visualization_msgs/lib/libvisualization_msgs__rosidl_typesupport_introspection_cpp.so
[3.234s] -- Installing: /home/abdelrhaman/microros_ws/install/visualization_msgs/lib/libvisualization_msgs__rosidl_typesupport_cpp.so
[3.234s] -- Set runtime path of "/home/abdelrhaman/microros_ws/install/visualization_msgs/lib/libvisualization_msgs__rosidl_typesupport_cpp.so" to ""
[3.234s] -- Up-to-date: /home/abdelrhaman/microros_ws/install/visualization_msgs/share/visualization_msgs/environment/pythonpath.sh
[3.234s] -- Installing: /home/abdelrhaman/microros_ws/install/visualization_msgs/share/visualization_msgs/environment/pythonpath.dsv
[3.234s] -- Up-to-date: /home/abdelrhaman/microros_ws/install/visualization_msgs/local/lib/python3.10/dist-packages/visualization_msgs-4.2.4-py3.10.egg-info
[3.234s] -- Installing: /home/abdelrhaman/microros_ws/install/visualization_msgs/local/lib/python3.10/dist-packages/visualization_msgs-4.2.4-py3.10.egg-info/PKG-INFO
[3.234s] -- Installing: /home/abdelrhaman/microros_ws/install/visualization_msgs/local/lib/python3.10/dist-packages/visualization_msgs-4.2.4-py3.10.egg-info/SOURCES.txt
[3.234s] -- Installing: /home/abdelrhaman/microros_ws/install/visualization_msgs/local/lib/python3.10/dist-packages/visualization_msgs-4.2.4-py3.10.egg-info/top_level.txt
[3.235s] -- Installing: /home/abdelrhaman/microros_ws/install/visualization_msgs/local/lib/python3.10/dist-packages/visualization_msgs-4.2.4-py3.10.egg-info/dependency_links.txt
[3.235s] -- Up-to-date: /home/abdelrhaman/microros_ws/install/visualization_msgs/local/lib/python3.10/dist-packages/visualization_msgs
[3.235s] -- Installing: /home/abdelrhaman/microros_ws/install/visualization_msgs/local/lib/python3.10/dist-packages/visualization_msgs/visualization_msgs_s__rosidl_typesupport_fastrtps_c.cpython-310-x86_64-linux-gnu.so
[3.235s] -- Up-to-date: /home/abdelrhaman/microros_ws/install/visualization_msgs/local/lib/python3.10/dist-packages/visualization_msgs/srv
[3.235s] -- Up-to-date: /home/abdelrhaman/microros_ws/install/visualization_msgs/local/lib/python3.10/dist-packages/visualization_msgs/srv/_get_interactive_markers.py
[3.235s] -- Up-to-date: /home/abdelrhaman/microros_ws/install/visualization_msgs/local/lib/python3.10/dist-packages/visualization_msgs/srv/_get_interactive_markers_s.c
[3.235s] -- Up-to-date: /home/abdelrhaman/microros_ws/install/visualization_msgs/local/lib/python3.10/dist-packages/visualization_msgs/srv/__init__.py
[3.235s] -- Up-to-date: /home/abdelrhaman/microros_ws/install/visualization_msgs/local/lib/python3.10/dist-packages/visualization_msgs/_visualization_msgs_s.ep.rosidl_typesupport_fastrtps_c.c
[3.235s] -- Up-to-date: /home/abdelrhaman/microros_ws/install/visualization_msgs/local/lib/python3.10/dist-packages/visualization_msgs/_visualization_msgs_s.ep.rosidl_typesupport_introspection_c.c
[3.235s] -- Installing: /home/abdelrhaman/microros_ws/install/visualization_msgs/local/lib/python3.10/dist-packages/visualization_msgs/visualization_msgs_s__rosidl_typesupport_introspection_c.cpython-310-x86_64-linux-gnu.so
[3.235s] -- Up-to-date: /home/abdelrhaman/microros_ws/install/visualization_msgs/local/lib/python3.10/dist-packages/visualization_msgs/visualization_msgs_s__rosidl_typesupport_microxrcedds_c.cpython-310-x86_64-linux-gnu.so
[3.235s] -- Up-to-date: /home/abdelrhaman/microros_ws/install/visualization_msgs/local/lib/python3.10/dist-packages/visualization_msgs/_visualization_msgs_s.ep.rosidl_typesupport_microxrcedds_c.c
[3.235s] -- Installing: /home/abdelrhaman/microros_ws/install/visualization_msgs/local/lib/python3.10/dist-packages/visualization_msgs/__init__.py
[3.235s] -- Up-to-date: /home/abdelrhaman/microros_ws/install/visualization_msgs/local/lib/python3.10/dist-packages/visualization_msgs/msg
[3.235s] -- Up-to-date: /home/abdelrhaman/microros_ws/install/visualization_msgs/local/lib/python3.10/dist-packages/visualization_msgs/msg/_menu_entry_s.c
[3.235s] -- Up-to-date: /home/abdelrhaman/microros_ws/install/visualization_msgs/local/lib/python3.10/dist-packages/visualization_msgs/msg/_menu_entry.py
[3.235s] -- Up-to-date: /home/abdelrhaman/microros_ws/install/visualization_msgs/local/lib/python3.10/dist-packages/visualization_msgs/msg/_interactive_marker_update.py
[3.235s] -- Up-to-date: /home/abdelrhaman/microros_ws/install/visualization_msgs/local/lib/python3.10/dist-packages/visualization_msgs/msg/_interactive_marker_pose_s.c
[3.235s] -- Up-to-date: /home/abdelrhaman/microros_ws/install/visualization_msgs/local/lib/python3.10/dist-packages/visualization_msgs/msg/_interactive_marker_s.c
[3.235s] -- Up-to-date: /home/abdelrhaman/microros_ws/install/visualization_msgs/local/lib/python3.10/dist-packages/visualization_msgs/msg/_uv_coordinate.py
[3.235s] -- Up-to-date: /home/abdelrhaman/microros_ws/install/visualization_msgs/local/lib/python3.10/dist-packages/visualization_msgs/msg/_mesh_file_s.c
[3.235s] -- Installing: /home/abdelrhaman/microros_ws/install/visualization_msgs/local/lib/python3.10/dist-packages/visualization_msgs/msg/_image_marker.py
[3.236s] -- Up-to-date: /home/abdelrhaman/microros_ws/install/visualization_msgs/local/lib/python3.10/dist-packages/visualization_msgs/msg/_mesh_file.py
[3.236s] -- Up-to-date: /home/abdelrhaman/microros_ws/install/visualization_msgs/local/lib/python3.10/dist-packages/visualization_msgs/msg/_uv_coordinate_s.c
[3.236s] -- Up-to-date: /home/abdelrhaman/microros_ws/install/visualization_msgs/local/lib/python3.10/dist-packages/visualization_msgs/msg/_interactive_marker_update_s.c
[3.236s] -- Up-to-date: /home/abdelrhaman/microros_ws/install/visualization_msgs/local/lib/python3.10/dist-packages/visualization_msgs/msg/_marker_array_s.c
[3.236s] -- Up-to-date: /home/abdelrhaman/microros_ws/install/visualization_msgs/local/lib/python3.10/dist-packages/visualization_msgs/msg/_interactive_marker_feedback_s.c
[3.236s] -- Up-to-date: /home/abdelrhaman/microros_ws/install/visualization_msgs/local/lib/python3.10/dist-packages/visualization_msgs/msg/_interactive_marker_pose.py
[3.236s] -- Up-to-date: /home/abdelrhaman/microros_ws/install/visualization_msgs/local/lib/python3.10/dist-packages/visualization_msgs/msg/__init__.py
[3.236s] -- Installing: /home/abdelrhaman/microros_ws/install/visualization_msgs/local/lib/python3.10/dist-packages/visualization_msgs/msg/_interactive_marker_control.py
[3.236s] -- Up-to-date: /home/abdelrhaman/microros_ws/install/visualization_msgs/local/lib/python3.10/dist-packages/visualization_msgs/msg/_interactive_marker_init.py
[3.236s] -- Installing: /home/abdelrhaman/microros_ws/install/visualization_msgs/local/lib/python3.10/dist-packages/visualization_msgs/msg/_interactive_marker.py
[3.236s] -- Up-to-date: /home/abdelrhaman/microros_ws/install/visualization_msgs/local/lib/python3.10/dist-packages/visualization_msgs/msg/_marker_array.py
[3.236s] -- Up-to-date: /home/abdelrhaman/microros_ws/install/visualization_msgs/local/lib/python3.10/dist-packages/visualization_msgs/msg/_marker_s.c
[3.236s] -- Installing: /home/abdelrhaman/microros_ws/install/visualization_msgs/local/lib/python3.10/dist-packages/visualization_msgs/msg/_image_marker_s.c
[3.236s] -- Up-to-date: /home/abdelrhaman/microros_ws/install/visualization_msgs/local/lib/python3.10/dist-packages/visualization_msgs/msg/_interactive_marker_feedback.py
[3.236s] -- Up-to-date: /home/abdelrhaman/microros_ws/install/visualization_msgs/local/lib/python3.10/dist-packages/visualization_msgs/msg/_marker.py
[3.236s] -- Installing: /home/abdelrhaman/microros_ws/install/visualization_msgs/local/lib/python3.10/dist-packages/visualization_msgs/msg/_interactive_marker_control_s.c
[3.236s] -- Up-to-date: /home/abdelrhaman/microros_ws/install/visualization_msgs/local/lib/python3.10/dist-packages/visualization_msgs/msg/_interactive_marker_init_s.c
[3.236s] -- Installing: /home/abdelrhaman/microros_ws/install/visualization_msgs/local/lib/python3.10/dist-packages/visualization_msgs/libvisualization_msgs__rosidl_generator_py.so
[3.236s] -- Installing: /home/abdelrhaman/microros_ws/install/visualization_msgs/local/lib/python3.10/dist-packages/visualization_msgs/_visualization_msgs_s.ep.rosidl_typesupport_c.c
[3.236s] -- Installing: /home/abdelrhaman/microros_ws/install/visualization_msgs/local/lib/python3.10/dist-packages/visualization_msgs/visualization_msgs_s__rosidl_typesupport_c.cpython-310-x86_64-linux-gnu.so
[3.276s] Listing '/home/abdelrhaman/microros_ws/install/visualization_msgs/local/lib/python3.10/dist-packages/visualization_msgs'...
[3.276s] Compiling '/home/abdelrhaman/microros_ws/install/visualization_msgs/local/lib/python3.10/dist-packages/visualization_msgs/__init__.py'...
[3.276s] Listing '/home/abdelrhaman/microros_ws/install/visualization_msgs/local/lib/python3.10/dist-packages/visualization_msgs/msg'...
[3.276s] Compiling '/home/abdelrhaman/microros_ws/install/visualization_msgs/local/lib/python3.10/dist-packages/visualization_msgs/msg/_image_marker.py'...
[3.276s] Compiling '/home/abdelrhaman/microros_ws/install/visualization_msgs/local/lib/python3.10/dist-packages/visualization_msgs/msg/_interactive_marker.py'...
[3.276s] Compiling '/home/abdelrhaman/microros_ws/install/visualization_msgs/local/lib/python3.10/dist-packages/visualization_msgs/msg/_interactive_marker_control.py'...
[3.276s] Listing '/home/abdelrhaman/microros_ws/install/visualization_msgs/local/lib/python3.10/dist-packages/visualization_msgs/srv'...
[3.279s] -- Installing: /home/abdelrhaman/microros_ws/install/visualization_msgs/local/lib/python3.10/dist-packages/visualization_msgs/visualization_msgs_s__rosidl_typesupport_fastrtps_c.cpython-310-x86_64-linux-gnu.so
[3.279s] -- Set runtime path of "/home/abdelrhaman/microros_ws/install/visualization_msgs/local/lib/python3.10/dist-packages/visualization_msgs/visualization_msgs_s__rosidl_typesupport_fastrtps_c.cpython-310-x86_64-linux-gnu.so" to ""
[3.279s] -- Installing: /home/abdelrhaman/microros_ws/install/visualization_msgs/local/lib/python3.10/dist-packages/visualization_msgs/visualization_msgs_s__rosidl_typesupport_introspection_c.cpython-310-x86_64-linux-gnu.so
[3.279s] -- Set runtime path of "/home/abdelrhaman/microros_ws/install/visualization_msgs/local/lib/python3.10/dist-packages/visualization_msgs/visualization_msgs_s__rosidl_typesupport_introspection_c.cpython-310-x86_64-linux-gnu.so" to ""
[3.279s] -- Installing: /home/abdelrhaman/microros_ws/install/visualization_msgs/local/lib/python3.10/dist-packages/visualization_msgs/visualization_msgs_s__rosidl_typesupport_c.cpython-310-x86_64-linux-gnu.so
[3.279s] -- Set runtime path of "/home/abdelrhaman/microros_ws/install/visualization_msgs/local/lib/python3.10/dist-packages/visualization_msgs/visualization_msgs_s__rosidl_typesupport_c.cpython-310-x86_64-linux-gnu.so" to ""
[3.280s] -- Installing: /home/abdelrhaman/microros_ws/install/visualization_msgs/lib/libvisualization_msgs__rosidl_generator_py.so
[3.280s] -- Set runtime path of "/home/abdelrhaman/microros_ws/install/visualization_msgs/lib/libvisualization_msgs__rosidl_generator_py.so" to ""
[3.280s] -- Up-to-date: /home/abdelrhaman/microros_ws/install/visualization_msgs/share/visualization_msgs/msg/ImageMarker.idl
[3.280s] -- Up-to-date: /home/abdelrhaman/microros_ws/install/visualization_msgs/share/visualization_msgs/msg/InteractiveMarker.idl
[3.280s] -- Up-to-date: /home/abdelrhaman/microros_ws/install/visualization_msgs/share/visualization_msgs/msg/InteractiveMarkerControl.idl
[3.280s] -- Up-to-date: /home/abdelrhaman/microros_ws/install/visualization_msgs/share/visualization_msgs/msg/InteractiveMarkerFeedback.idl
[3.280s] -- Up-to-date: /home/abdelrhaman/microros_ws/install/visualization_msgs/share/visualization_msgs/msg/InteractiveMarkerInit.idl
[3.280s] -- Up-to-date: /home/abdelrhaman/microros_ws/install/visualization_msgs/share/visualization_msgs/msg/InteractiveMarkerPose.idl
[3.280s] -- Up-to-date: /home/abdelrhaman/microros_ws/install/visualization_msgs/share/visualization_msgs/msg/InteractiveMarkerUpdate.idl
[3.280s] -- Up-to-date: /home/abdelrhaman/microros_ws/install/visualization_msgs/share/visualization_msgs/msg/Marker.idl
[3.281s] -- Up-to-date: /home/abdelrhaman/microros_ws/install/visualization_msgs/share/visualization_msgs/msg/MarkerArray.idl
[3.281s] -- Up-to-date: /home/abdelrhaman/microros_ws/install/visualization_msgs/share/visualization_msgs/msg/MenuEntry.idl
[3.281s] -- Up-to-date: /home/abdelrhaman/microros_ws/install/visualization_msgs/share/visualization_msgs/msg/MeshFile.idl
[3.281s] -- Up-to-date: /home/abdelrhaman/microros_ws/install/visualization_msgs/share/visualization_msgs/msg/UVCoordinate.idl
[3.281s] -- Up-to-date: /home/abdelrhaman/microros_ws/install/visualization_msgs/share/visualization_msgs/srv/GetInteractiveMarkers.idl
[3.281s] -- Up-to-date: /home/abdelrhaman/microros_ws/install/visualization_msgs/share/visualization_msgs/msg/ImageMarker.msg
[3.281s] -- Up-to-date: /home/abdelrhaman/microros_ws/install/visualization_msgs/share/visualization_msgs/msg/InteractiveMarker.msg
[3.281s] -- Up-to-date: /home/abdelrhaman/microros_ws/install/visualization_msgs/share/visualization_msgs/msg/InteractiveMarkerControl.msg
[3.281s] -- Up-to-date: /home/abdelrhaman/microros_ws/install/visualization_msgs/share/visualization_msgs/msg/InteractiveMarkerFeedback.msg
[3.281s] -- Up-to-date: /home/abdelrhaman/microros_ws/install/visualization_msgs/share/visualization_msgs/msg/InteractiveMarkerInit.msg
[3.281s] -- Up-to-date: /home/abdelrhaman/microros_ws/install/visualization_msgs/share/visualization_msgs/msg/InteractiveMarkerPose.msg
[3.281s] -- Up-to-date: /home/abdelrhaman/microros_ws/install/visualization_msgs/share/visualization_msgs/msg/InteractiveMarkerUpdate.msg
[3.281s] -- Up-to-date: /home/abdelrhaman/microros_ws/install/visualization_msgs/share/visualization_msgs/msg/Marker.msg
[3.281s] -- Up-to-date: /home/abdelrhaman/microros_ws/install/visualization_msgs/share/visualization_msgs/msg/MarkerArray.msg
[3.281s] -- Up-to-date: /home/abdelrhaman/microros_ws/install/visualization_msgs/share/visualization_msgs/msg/MenuEntry.msg
[3.281s] -- Up-to-date: /home/abdelrhaman/microros_ws/install/visualization_msgs/share/visualization_msgs/msg/MeshFile.msg
[3.281s] -- Up-to-date: /home/abdelrhaman/microros_ws/install/visualization_msgs/share/visualization_msgs/msg/UVCoordinate.msg
[3.281s] -- Up-to-date: /home/abdelrhaman/microros_ws/install/visualization_msgs/share/visualization_msgs/srv/GetInteractiveMarkers.srv
[3.281s] -- Up-to-date: /home/abdelrhaman/microros_ws/install/visualization_msgs/share/visualization_msgs/srv/GetInteractiveMarkers_Request.msg
[3.281s] -- Up-to-date: /home/abdelrhaman/microros_ws/install/visualization_msgs/share/visualization_msgs/srv/GetInteractiveMarkers_Response.msg
[3.281s] -- Up-to-date: /home/abdelrhaman/microros_ws/install/visualization_msgs/share/ament_index/resource_index/package_run_dependencies/visualization_msgs
[3.281s] -- Installing: /home/abdelrhaman/microros_ws/install/visualization_msgs/share/ament_index/resource_index/parent_prefix_path/visualization_msgs
[3.281s] -- Up-to-date: /home/abdelrhaman/microros_ws/install/visualization_msgs/share/visualization_msgs/environment/ament_prefix_path.sh
[3.281s] -- Installing: /home/abdelrhaman/microros_ws/install/visualization_msgs/share/visualization_msgs/environment/ament_prefix_path.dsv
[3.281s] -- Up-to-date: /home/abdelrhaman/microros_ws/install/visualization_msgs/share/visualization_msgs/environment/path.sh
[3.281s] -- Installing: /home/abdelrhaman/microros_ws/install/visualization_msgs/share/visualization_msgs/environment/path.dsv
[3.281s] -- Up-to-date: /home/abdelrhaman/microros_ws/install/visualization_msgs/share/visualization_msgs/local_setup.bash
[3.282s] -- Up-to-date: /home/abdelrhaman/microros_ws/install/visualization_msgs/share/visualization_msgs/local_setup.sh
[3.282s] -- Up-to-date: /home/abdelrhaman/microros_ws/install/visualization_msgs/share/visualization_msgs/local_setup.zsh
[3.282s] -- Installing: /home/abdelrhaman/microros_ws/install/visualization_msgs/share/visualization_msgs/local_setup.dsv
[3.282s] -- Installing: /home/abdelrhaman/microros_ws/install/visualization_msgs/share/visualization_msgs/package.dsv
[3.282s] -- Up-to-date: /home/abdelrhaman/microros_ws/install/visualization_msgs/share/ament_index/resource_index/packages/visualization_msgs
[3.282s] -- Up-to-date: /home/abdelrhaman/microros_ws/install/visualization_msgs/share/visualization_msgs/cmake/export_visualization_msgs__rosidl_generator_cExport.cmake
[3.282s] -- Up-to-date: /home/abdelrhaman/microros_ws/install/visualization_msgs/share/visualization_msgs/cmake/export_visualization_msgs__rosidl_generator_cExport-noconfig.cmake
[3.282s] -- Up-to-date: /home/abdelrhaman/microros_ws/install/visualization_msgs/share/visualization_msgs/cmake/export_visualization_msgs__rosidl_typesupport_fastrtps_cExport.cmake
[3.282s] -- Up-to-date: /home/abdelrhaman/microros_ws/install/visualization_msgs/share/visualization_msgs/cmake/export_visualization_msgs__rosidl_typesupport_fastrtps_cExport-noconfig.cmake
[3.282s] -- Up-to-date: /home/abdelrhaman/microros_ws/install/visualization_msgs/share/visualization_msgs/cmake/export_visualization_msgs__rosidl_generator_cppExport.cmake
[3.282s] -- Up-to-date: /home/abdelrhaman/microros_ws/install/visualization_msgs/share/visualization_msgs/cmake/export_visualization_msgs__rosidl_typesupport_fastrtps_cppExport.cmake
[3.283s] -- Up-to-date: /home/abdelrhaman/microros_ws/install/visualization_msgs/share/visualization_msgs/cmake/export_visualization_msgs__rosidl_typesupport_fastrtps_cppExport-noconfig.cmake
[3.283s] -- Up-to-date: /home/abdelrhaman/microros_ws/install/visualization_msgs/share/visualization_msgs/cmake/visualization_msgs__rosidl_typesupport_introspection_cExport.cmake
[3.283s] -- Up-to-date: /home/abdelrhaman/microros_ws/install/visualization_msgs/share/visualization_msgs/cmake/visualization_msgs__rosidl_typesupport_introspection_cExport-noconfig.cmake
[3.283s] -- Up-to-date: /home/abdelrhaman/microros_ws/install/visualization_msgs/share/visualization_msgs/cmake/visualization_msgs__rosidl_typesupport_cExport.cmake
[3.283s] -- Up-to-date: /home/abdelrhaman/microros_ws/install/visualization_msgs/share/visualization_msgs/cmake/visualization_msgs__rosidl_typesupport_cExport-noconfig.cmake
[3.283s] -- Up-to-date: /home/abdelrhaman/microros_ws/install/visualization_msgs/share/visualization_msgs/cmake/visualization_msgs__rosidl_typesupport_introspection_cppExport.cmake
[3.283s] -- Up-to-date: /home/abdelrhaman/microros_ws/install/visualization_msgs/share/visualization_msgs/cmake/visualization_msgs__rosidl_typesupport_introspection_cppExport-noconfig.cmake
[3.283s] -- Up-to-date: /home/abdelrhaman/microros_ws/install/visualization_msgs/share/visualization_msgs/cmake/visualization_msgs__rosidl_typesupport_cppExport.cmake
[3.283s] -- Up-to-date: /home/abdelrhaman/microros_ws/install/visualization_msgs/share/visualization_msgs/cmake/visualization_msgs__rosidl_typesupport_cppExport-noconfig.cmake
[3.283s] -- Up-to-date: /home/abdelrhaman/microros_ws/install/visualization_msgs/share/visualization_msgs/cmake/export_visualization_msgs__rosidl_generator_pyExport.cmake
[3.284s] -- Up-to-date: /home/abdelrhaman/microros_ws/install/visualization_msgs/share/visualization_msgs/cmake/export_visualization_msgs__rosidl_generator_pyExport-noconfig.cmake
[3.284s] -- Up-to-date: /home/abdelrhaman/microros_ws/install/visualization_msgs/share/visualization_msgs/cmake/rosidl_cmake-extras.cmake
[3.284s] -- Up-to-date: /home/abdelrhaman/microros_ws/install/visualization_msgs/share/visualization_msgs/cmake/ament_cmake_export_dependencies-extras.cmake
[3.284s] -- Installing: /home/abdelrhaman/microros_ws/install/visualization_msgs/share/visualization_msgs/cmake/ament_cmake_export_include_directories-extras.cmake
[3.284s] -- Up-to-date: /home/abdelrhaman/microros_ws/install/visualization_msgs/share/visualization_msgs/cmake/ament_cmake_export_libraries-extras.cmake
[3.284s] -- Up-to-date: /home/abdelrhaman/microros_ws/install/visualization_msgs/share/visualization_msgs/cmake/ament_cmake_export_targets-extras.cmake
[3.284s] -- Up-to-date: /home/abdelrhaman/microros_ws/install/visualization_msgs/share/visualization_msgs/cmake/rosidl_cmake_export_typesupport_targets-extras.cmake
[3.284s] -- Installing: /home/abdelrhaman/microros_ws/install/visualization_msgs/share/visualization_msgs/cmake/rosidl_cmake_export_typesupport_libraries-extras.cmake
[3.284s] -- Up-to-date: /home/abdelrhaman/microros_ws/install/visualization_msgs/share/visualization_msgs/cmake/visualization_msgsConfig.cmake
[3.284s] -- Up-to-date: /home/abdelrhaman/microros_ws/install/visualization_msgs/share/visualization_msgs/cmake/visualization_msgsConfig-version.cmake
[3.284s] -- Up-to-date: /home/abdelrhaman/microros_ws/install/visualization_msgs/share/visualization_msgs/package.xml
[3.286s] Invoked command in '/home/abdelrhaman/microros_ws/build/visualization_msgs' returned '0': AMENT_PREFIX_PATH=/home/abdelrhaman/microros_ws/install/sensor_msgs:/home/abdelrhaman/microros_ws/install/geometry_msgs:/home/abdelrhaman/microros_ws/install/std_msgs:/home/abdelrhaman/microros_ws/install/builtin_interfaces:${AMENT_PREFIX_PATH} CMAKE_PREFIX_PATH=/home/abdelrhaman/microros_ws/install/sensor_msgs:/home/abdelrhaman/microros_ws/install/geometry_msgs:/home/abdelrhaman/microros_ws/install/std_msgs:/home/abdelrhaman/microros_ws/install/builtin_interfaces:/home/abdelrhaman/ros/install/my_robot_controller:/opt/ros/humble LD_LIBRARY_PATH=/home/abdelrhaman/microros_ws/install/sensor_msgs/lib:/home/abdelrhaman/microros_ws/install/geometry_msgs/lib:/home/abdelrhaman/microros_ws/install/std_msgs/lib:/home/abdelrhaman/microros_ws/install/builtin_interfaces/lib:${LD_LIBRARY_PATH} PYTHONPATH=/home/abdelrhaman/microros_ws/install/sensor_msgs/local/lib/python3.10/dist-packages:/home/abdelrhaman/microros_ws/install/geometry_msgs/local/lib/python3.10/dist-packages:/home/abdelrhaman/microros_ws/install/std_msgs/local/lib/python3.10/dist-packages:/home/abdelrhaman/microros_ws/install/builtin_interfaces/local/lib/python3.10/dist-packages:${PYTHONPATH} /usr/bin/cmake --install /home/abdelrhaman/microros_ws/build/visualization_msgs
