[0.025s] Invoking command in '/home/abdelrhaman/microros_ws/build/micro_ros_msgs': CMAKE_PREFIX_PATH=${CMAKE_PREFIX_PATH}:/home/abdelrhaman/microros_ws/install/sensor_msgs_py:/home/abdelrhaman/ros/install/my_robot_controller:/opt/ros/humble /usr/bin/cmake /home/abdelrhaman/microros_ws/src/uros/micro_ros_msgs -DBUILD_TESTING=OFF -DBUILD_SHARED_LIBS=ON -DCMAKE_INSTALL_PREFIX=/home/abdelrhaman/microros_ws/install/micro_ros_msgs
[0.041s] -- Found ament_cmake: 1.3.10 (/opt/ros/humble/share/ament_cmake/cmake)
[0.158s] -- Found rosidl_default_generators: 1.2.0 (/opt/ros/humble/share/rosidl_default_generators/cmake)
[0.166s] -- Using all available rosidl_typesupport_c: rosidl_typesupport_microxrcedds_c;rosidl_typesupport_fastrtps_c;rosidl_typesupport_introspection_c
[0.170s] -- Found rosidl_adapter: 3.1.5 (/opt/ros/humble/share/rosidl_adapter/cmake)
[0.215s] -- Using all available rosidl_typesupport_cpp: rosidl_typesupport_microxrcedds_cpp;rosidl_typesupport_fastrtps_cpp;rosidl_typesupport_introspection_cpp
[0.490s] -- Found ament_cmake_ros: 0.10.0 (/opt/ros/humble/share/ament_cmake_ros/cmake)
[0.725s] -- Using all available rosidl_typesupport_c: rosidl_typesupport_microxrcedds_c;rosidl_typesupport_fastrtps_c;rosidl_typesupport_introspection_c
[1.037s] -- Using all available rosidl_typesupport_cpp: rosidl_typesupport_microxrcedds_cpp;rosidl_typesupport_fastrtps_cpp;rosidl_typesupport_introspection_cpp
[1.061s] -- Found python_cmake_module: 0.10.0 (/opt/ros/humble/share/python_cmake_module/cmake)
[1.082s] -- Using PYTHON_EXECUTABLE: /usr/bin/python3
[1.083s] -- Using PYTHON_INCLUDE_DIRS: /usr/include/python3.10
[1.083s] -- Using PYTHON_LIBRARIES: /usr/lib/x86_64-linux-gnu/libpython3.10.so
[1.104s] -- Configuring done
[1.128s] -- Generating done
[1.132s] -- Build files have been written to: /home/abdelrhaman/microros_ws/build/micro_ros_msgs
[1.136s] Invoked command in '/home/abdelrhaman/microros_ws/build/micro_ros_msgs' returned '0': CMAKE_PREFIX_PATH=${CMAKE_PREFIX_PATH}:/home/abdelrhaman/microros_ws/install/sensor_msgs_py:/home/abdelrhaman/ros/install/my_robot_controller:/opt/ros/humble /usr/bin/cmake /home/abdelrhaman/microros_ws/src/uros/micro_ros_msgs -DBUILD_TESTING=OFF -DBUILD_SHARED_LIBS=ON -DCMAKE_INSTALL_PREFIX=/home/abdelrhaman/microros_ws/install/micro_ros_msgs
[1.138s] Invoking command in '/home/abdelrhaman/microros_ws/build/micro_ros_msgs': CMAKE_PREFIX_PATH=${CMAKE_PREFIX_PATH}:/home/abdelrhaman/microros_ws/install/sensor_msgs_py:/home/abdelrhaman/ros/install/my_robot_controller:/opt/ros/humble /usr/bin/cmake --build /home/abdelrhaman/microros_ws/build/micro_ros_msgs -- -j20 -l20
[1.176s] [35m[1mConsolidate compiler generated dependencies of target micro_ros_msgs__rosidl_generator_c[0m
[1.189s] [  1%] Built target micro_ros_msgs__cpp
[1.191s] [ 10%] Built target micro_ros_msgs__rosidl_generator_c
[1.206s] [35m[1mConsolidate compiler generated dependencies of target micro_ros_msgs__rosidl_typesupport_microxrcedds_cpp[0m
[1.209s] [35m[1mConsolidate compiler generated dependencies of target micro_ros_msgs__rosidl_typesupport_fastrtps_cpp[0m
[1.213s] [ 11%] [34m[1mGenerating C++ type support dispatch for ROS interfaces[0m
[1.218s] [ 11%] Built target ament_cmake_python_copy_micro_ros_msgs
[1.224s] [35m[1mConsolidate compiler generated dependencies of target micro_ros_msgs__rosidl_typesupport_introspection_cpp[0m
[1.232s] [ 20%] Built target micro_ros_msgs__rosidl_typesupport_fastrtps_cpp
[1.237s] [35m[1mConsolidate compiler generated dependencies of target micro_ros_msgs__rosidl_typesupport_microxrcedds_c[0m
[1.244s] [ 28%] Built target micro_ros_msgs__rosidl_typesupport_microxrcedds_cpp
[1.246s] [35m[1mConsolidate compiler generated dependencies of target micro_ros_msgs__rosidl_typesupport_fastrtps_c[0m
[1.249s] [ 30%] [34m[1mGenerating C type support dispatch for ROS interfaces[0m
[1.253s] [35m[1mConsolidate compiler generated dependencies of target micro_ros_msgs__rosidl_typesupport_introspection_c[0m
[1.254s] [ 38%] Built target micro_ros_msgs__rosidl_typesupport_introspection_cpp
[1.256s] [ 47%] Built target micro_ros_msgs__rosidl_typesupport_microxrcedds_c
[1.265s] [ 55%] Built target micro_ros_msgs__rosidl_typesupport_fastrtps_c
[1.269s] [ 64%] Built target micro_ros_msgs__rosidl_typesupport_introspection_c
[1.567s] [35m[1mConsolidate compiler generated dependencies of target micro_ros_msgs__rosidl_typesupport_cpp[0m
[1.586s] [ 69%] [32mBuilding CXX object CMakeFiles/micro_ros_msgs__rosidl_typesupport_cpp.dir/rosidl_typesupport_cpp/micro_ros_msgs/msg/graph__type_support.cpp.o[0m
[1.586s] [ 69%] [32mBuilding CXX object CMakeFiles/micro_ros_msgs__rosidl_typesupport_cpp.dir/rosidl_typesupport_cpp/micro_ros_msgs/msg/node__type_support.cpp.o[0m
[1.586s] [ 69%] [32mBuilding CXX object CMakeFiles/micro_ros_msgs__rosidl_typesupport_cpp.dir/rosidl_typesupport_cpp/micro_ros_msgs/msg/entity__type_support.cpp.o[0m
[1.601s] [35m[1mConsolidate compiler generated dependencies of target micro_ros_msgs__rosidl_typesupport_c[0m
[1.615s] [ 71%] [32mBuilding CXX object CMakeFiles/micro_ros_msgs__rosidl_typesupport_c.dir/rosidl_typesupport_c/micro_ros_msgs/msg/graph__type_support.cpp.o[0m
[1.616s] [ 72%] [32mBuilding CXX object CMakeFiles/micro_ros_msgs__rosidl_typesupport_c.dir/rosidl_typesupport_c/micro_ros_msgs/msg/node__type_support.cpp.o[0m
[1.620s] [ 74%] [32mBuilding CXX object CMakeFiles/micro_ros_msgs__rosidl_typesupport_c.dir/rosidl_typesupport_c/micro_ros_msgs/msg/entity__type_support.cpp.o[0m
[1.659s] [ 76%] [32m[1mLinking CXX shared library libmicro_ros_msgs__rosidl_typesupport_c.so[0m
[1.710s] running egg_info
[1.744s] [ 76%] Built target micro_ros_msgs__rosidl_typesupport_c
[1.772s] writing micro_ros_msgs.egg-info/PKG-INFO
[1.806s] writing dependency_links to micro_ros_msgs.egg-info/dependency_links.txt
[1.876s] [ 77%] [32m[1mLinking CXX shared library libmicro_ros_msgs__rosidl_typesupport_cpp.so[0m
[1.918s] [ 77%] Built target micro_ros_msgs__rosidl_typesupport_cpp
[1.944s] [ 77%] Built target micro_ros_msgs
[1.964s] [ 79%] Built target micro_ros_msgs__py
[1.973s] [35m[1mConsolidate compiler generated dependencies of target micro_ros_msgs__rosidl_generator_py[0m
[1.984s] [ 81%] [32m[1mLinking C shared library rosidl_generator_py/micro_ros_msgs/libmicro_ros_msgs__rosidl_generator_py.so[0m
[2.023s] writing top-level names to micro_ros_msgs.egg-info/top_level.txt
[2.037s] [ 86%] Built target micro_ros_msgs__rosidl_generator_py
[2.052s] [35m[1mConsolidate compiler generated dependencies of target micro_ros_msgs__rosidl_typesupport_c__pyext[0m
[2.054s] [35m[1mConsolidate compiler generated dependencies of target micro_ros_msgs__rosidl_typesupport_introspection_c__pyext[0m
[2.055s] [35m[1mConsolidate compiler generated dependencies of target micro_ros_msgs__rosidl_typesupport_microxrcedds_c__pyext[0m
[2.055s] [35m[1mConsolidate compiler generated dependencies of target micro_ros_msgs__rosidl_typesupport_fastrtps_c__pyext[0m
[2.066s] [ 89%] [32m[1mLinking C shared library rosidl_generator_py/micro_ros_msgs/micro_ros_msgs_s__rosidl_typesupport_fastrtps_c.cpython-310-x86_64-linux-gnu.so[0m
[2.066s] [ 89%] [32m[1mLinking C shared library rosidl_generator_py/micro_ros_msgs/micro_ros_msgs_s__rosidl_typesupport_introspection_c.cpython-310-x86_64-linux-gnu.so[0m
[2.067s] [ 91%] [32m[1mLinking C shared library rosidl_generator_py/micro_ros_msgs/micro_ros_msgs_s__rosidl_typesupport_microxrcedds_c.cpython-310-x86_64-linux-gnu.so[0m
[2.067s] [ 93%] [32m[1mLinking C shared library rosidl_generator_py/micro_ros_msgs/micro_ros_msgs_s__rosidl_typesupport_c.cpython-310-x86_64-linux-gnu.so[0m
[2.089s] reading manifest file 'micro_ros_msgs.egg-info/SOURCES.txt'
[2.089s] writing manifest file 'micro_ros_msgs.egg-info/SOURCES.txt'
[2.094s] [ 94%] Built target micro_ros_msgs__rosidl_typesupport_microxrcedds_c__pyext
[2.102s] [ 96%] Built target micro_ros_msgs__rosidl_typesupport_c__pyext
[2.103s] [ 98%] Built target micro_ros_msgs__rosidl_typesupport_introspection_c__pyext
[2.110s] [100%] Built target micro_ros_msgs__rosidl_typesupport_fastrtps_c__pyext
[2.128s] [100%] Built target ament_cmake_python_build_micro_ros_msgs_egg
[2.141s] Invoked command in '/home/abdelrhaman/microros_ws/build/micro_ros_msgs' returned '0': CMAKE_PREFIX_PATH=${CMAKE_PREFIX_PATH}:/home/abdelrhaman/microros_ws/install/sensor_msgs_py:/home/abdelrhaman/ros/install/my_robot_controller:/opt/ros/humble /usr/bin/cmake --build /home/abdelrhaman/microros_ws/build/micro_ros_msgs -- -j20 -l20
[2.314s] Invoking command in '/home/abdelrhaman/microros_ws/build/micro_ros_msgs': CMAKE_PREFIX_PATH=${CMAKE_PREFIX_PATH}:/home/abdelrhaman/microros_ws/install/sensor_msgs_py:/home/abdelrhaman/ros/install/my_robot_controller:/opt/ros/humble /usr/bin/cmake --install /home/abdelrhaman/microros_ws/build/micro_ros_msgs
[2.327s] -- Install configuration: ""
[2.327s] -- Up-to-date: /home/abdelrhaman/microros_ws/install/micro_ros_msgs/share/ament_index/resource_index/rosidl_interfaces/micro_ros_msgs
[2.327s] -- Up-to-date: /home/abdelrhaman/microros_ws/install/micro_ros_msgs/include/micro_ros_msgs/micro_ros_msgs
[2.327s] -- Up-to-date: /home/abdelrhaman/microros_ws/install/micro_ros_msgs/include/micro_ros_msgs/micro_ros_msgs/msg
[2.327s] -- Up-to-date: /home/abdelrhaman/microros_ws/install/micro_ros_msgs/include/micro_ros_msgs/micro_ros_msgs/msg/rosidl_generator_c__visibility_control.h
[2.327s] -- Up-to-date: /home/abdelrhaman/microros_ws/install/micro_ros_msgs/include/micro_ros_msgs/micro_ros_msgs/msg/graph.h
[2.327s] -- Up-to-date: /home/abdelrhaman/microros_ws/install/micro_ros_msgs/include/micro_ros_msgs/micro_ros_msgs/msg/detail
[2.327s] -- Up-to-date: /home/abdelrhaman/microros_ws/install/micro_ros_msgs/include/micro_ros_msgs/micro_ros_msgs/msg/detail/node__functions.c
[2.327s] -- Up-to-date: /home/abdelrhaman/microros_ws/install/micro_ros_msgs/include/micro_ros_msgs/micro_ros_msgs/msg/detail/graph__struct.h
[2.327s] -- Up-to-date: /home/abdelrhaman/microros_ws/install/micro_ros_msgs/include/micro_ros_msgs/micro_ros_msgs/msg/detail/entity__functions.c
[2.327s] -- Up-to-date: /home/abdelrhaman/microros_ws/install/micro_ros_msgs/include/micro_ros_msgs/micro_ros_msgs/msg/detail/entity__struct.h
[2.328s] -- Up-to-date: /home/abdelrhaman/microros_ws/install/micro_ros_msgs/include/micro_ros_msgs/micro_ros_msgs/msg/detail/graph__functions.h
[2.328s] -- Up-to-date: /home/abdelrhaman/microros_ws/install/micro_ros_msgs/include/micro_ros_msgs/micro_ros_msgs/msg/detail/node__type_support.h
[2.328s] -- Up-to-date: /home/abdelrhaman/microros_ws/install/micro_ros_msgs/include/micro_ros_msgs/micro_ros_msgs/msg/detail/graph__type_support.h
[2.328s] -- Up-to-date: /home/abdelrhaman/microros_ws/install/micro_ros_msgs/include/micro_ros_msgs/micro_ros_msgs/msg/detail/entity__type_support.h
[2.328s] -- Up-to-date: /home/abdelrhaman/microros_ws/install/micro_ros_msgs/include/micro_ros_msgs/micro_ros_msgs/msg/detail/entity__functions.h
[2.328s] -- Up-to-date: /home/abdelrhaman/microros_ws/install/micro_ros_msgs/include/micro_ros_msgs/micro_ros_msgs/msg/detail/graph__functions.c
[2.328s] -- Up-to-date: /home/abdelrhaman/microros_ws/install/micro_ros_msgs/include/micro_ros_msgs/micro_ros_msgs/msg/detail/node__struct.h
[2.328s] -- Up-to-date: /home/abdelrhaman/microros_ws/install/micro_ros_msgs/include/micro_ros_msgs/micro_ros_msgs/msg/detail/node__functions.h
[2.328s] -- Up-to-date: /home/abdelrhaman/microros_ws/install/micro_ros_msgs/include/micro_ros_msgs/micro_ros_msgs/msg/node.h
[2.328s] -- Up-to-date: /home/abdelrhaman/microros_ws/install/micro_ros_msgs/include/micro_ros_msgs/micro_ros_msgs/msg/entity.h
[2.328s] -- Up-to-date: /home/abdelrhaman/microros_ws/install/micro_ros_msgs/share/micro_ros_msgs/environment/library_path.sh
[2.328s] -- Installing: /home/abdelrhaman/microros_ws/install/micro_ros_msgs/share/micro_ros_msgs/environment/library_path.dsv
[2.328s] -- Up-to-date: /home/abdelrhaman/microros_ws/install/micro_ros_msgs/lib/libmicro_ros_msgs__rosidl_generator_c.so
[2.329s] -- Up-to-date: /home/abdelrhaman/microros_ws/install/micro_ros_msgs/include/micro_ros_msgs
[2.329s] -- Up-to-date: /home/abdelrhaman/microros_ws/install/micro_ros_msgs/include/micro_ros_msgs/msg
[2.329s] -- Up-to-date: /home/abdelrhaman/microros_ws/install/micro_ros_msgs/include/micro_ros_msgs/msg/detail
[2.329s] -- Up-to-date: /home/abdelrhaman/microros_ws/install/micro_ros_msgs/include/micro_ros_msgs/msg/detail/entity__rosidl_typesupport_microxrcedds_c.h
[2.329s] -- Up-to-date: /home/abdelrhaman/microros_ws/install/micro_ros_msgs/include/micro_ros_msgs/msg/detail/microxrcedds
[2.329s] -- Up-to-date: /home/abdelrhaman/microros_ws/install/micro_ros_msgs/include/micro_ros_msgs/msg/detail/graph__rosidl_typesupport_microxrcedds_c.h
[2.329s] -- Up-to-date: /home/abdelrhaman/microros_ws/install/micro_ros_msgs/include/micro_ros_msgs/msg/detail/node__rosidl_typesupport_microxrcedds_c.h
[2.329s] -- Up-to-date: /home/abdelrhaman/microros_ws/install/micro_ros_msgs/include/micro_ros_msgs/msg/rosidl_typesupport_microxrcedds_c__visibility_control.h
[2.329s] -- Up-to-date: /home/abdelrhaman/microros_ws/install/micro_ros_msgs/lib/libmicro_ros_msgs__rosidl_typesupport_microxrcedds_c.so
[2.329s] -- Up-to-date: /home/abdelrhaman/microros_ws/install/micro_ros_msgs/include/micro_ros_msgs/micro_ros_msgs
[2.330s] -- Up-to-date: /home/abdelrhaman/microros_ws/install/micro_ros_msgs/include/micro_ros_msgs/micro_ros_msgs/msg
[2.330s] -- Up-to-date: /home/abdelrhaman/microros_ws/install/micro_ros_msgs/include/micro_ros_msgs/micro_ros_msgs/msg/detail
[2.330s] -- Up-to-date: /home/abdelrhaman/microros_ws/install/micro_ros_msgs/include/micro_ros_msgs/micro_ros_msgs/msg/detail/entity__rosidl_typesupport_fastrtps_c.h
[2.330s] -- Up-to-date: /home/abdelrhaman/microros_ws/install/micro_ros_msgs/include/micro_ros_msgs/micro_ros_msgs/msg/detail/node__rosidl_typesupport_fastrtps_c.h
[2.330s] -- Up-to-date: /home/abdelrhaman/microros_ws/install/micro_ros_msgs/include/micro_ros_msgs/micro_ros_msgs/msg/detail/graph__rosidl_typesupport_fastrtps_c.h
[2.330s] -- Up-to-date: /home/abdelrhaman/microros_ws/install/micro_ros_msgs/include/micro_ros_msgs/micro_ros_msgs/msg/rosidl_typesupport_fastrtps_c__visibility_control.h
[2.330s] -- Up-to-date: /home/abdelrhaman/microros_ws/install/micro_ros_msgs/lib/libmicro_ros_msgs__rosidl_typesupport_fastrtps_c.so
[2.330s] -- Up-to-date: /home/abdelrhaman/microros_ws/install/micro_ros_msgs/include/micro_ros_msgs/micro_ros_msgs
[2.330s] -- Up-to-date: /home/abdelrhaman/microros_ws/install/micro_ros_msgs/include/micro_ros_msgs/micro_ros_msgs/msg
[2.330s] -- Up-to-date: /home/abdelrhaman/microros_ws/install/micro_ros_msgs/include/micro_ros_msgs/micro_ros_msgs/msg/rosidl_typesupport_introspection_c__visibility_control.h
[2.331s] -- Up-to-date: /home/abdelrhaman/microros_ws/install/micro_ros_msgs/include/micro_ros_msgs/micro_ros_msgs/msg/detail
[2.331s] -- Up-to-date: /home/abdelrhaman/microros_ws/install/micro_ros_msgs/include/micro_ros_msgs/micro_ros_msgs/msg/detail/node__rosidl_typesupport_introspection_c.h
[2.331s] -- Up-to-date: /home/abdelrhaman/microros_ws/install/micro_ros_msgs/include/micro_ros_msgs/micro_ros_msgs/msg/detail/node__type_support.c
[2.331s] -- Up-to-date: /home/abdelrhaman/microros_ws/install/micro_ros_msgs/include/micro_ros_msgs/micro_ros_msgs/msg/detail/entity__type_support.c
[2.331s] -- Up-to-date: /home/abdelrhaman/microros_ws/install/micro_ros_msgs/include/micro_ros_msgs/micro_ros_msgs/msg/detail/entity__rosidl_typesupport_introspection_c.h
[2.331s] -- Up-to-date: /home/abdelrhaman/microros_ws/install/micro_ros_msgs/include/micro_ros_msgs/micro_ros_msgs/msg/detail/graph__type_support.c
[2.331s] -- Up-to-date: /home/abdelrhaman/microros_ws/install/micro_ros_msgs/include/micro_ros_msgs/micro_ros_msgs/msg/detail/graph__rosidl_typesupport_introspection_c.h
[2.331s] -- Up-to-date: /home/abdelrhaman/microros_ws/install/micro_ros_msgs/lib/libmicro_ros_msgs__rosidl_typesupport_introspection_c.so
[2.331s] -- Installing: /home/abdelrhaman/microros_ws/install/micro_ros_msgs/lib/libmicro_ros_msgs__rosidl_typesupport_c.so
[2.331s] -- Set runtime path of "/home/abdelrhaman/microros_ws/install/micro_ros_msgs/lib/libmicro_ros_msgs__rosidl_typesupport_c.so" to ""
[2.332s] -- Up-to-date: /home/abdelrhaman/microros_ws/install/micro_ros_msgs/include/micro_ros_msgs/micro_ros_msgs
[2.332s] -- Up-to-date: /home/abdelrhaman/microros_ws/install/micro_ros_msgs/include/micro_ros_msgs/micro_ros_msgs/msg
[2.332s] -- Up-to-date: /home/abdelrhaman/microros_ws/install/micro_ros_msgs/include/micro_ros_msgs/micro_ros_msgs/msg/node.hpp
[2.332s] -- Up-to-date: /home/abdelrhaman/microros_ws/install/micro_ros_msgs/include/micro_ros_msgs/micro_ros_msgs/msg/detail
[2.332s] -- Up-to-date: /home/abdelrhaman/microros_ws/install/micro_ros_msgs/include/micro_ros_msgs/micro_ros_msgs/msg/detail/node__builder.hpp
[2.332s] -- Up-to-date: /home/abdelrhaman/microros_ws/install/micro_ros_msgs/include/micro_ros_msgs/micro_ros_msgs/msg/detail/node__traits.hpp
[2.332s] -- Up-to-date: /home/abdelrhaman/microros_ws/install/micro_ros_msgs/include/micro_ros_msgs/micro_ros_msgs/msg/detail/graph__builder.hpp
[2.332s] -- Up-to-date: /home/abdelrhaman/microros_ws/install/micro_ros_msgs/include/micro_ros_msgs/micro_ros_msgs/msg/detail/graph__traits.hpp
[2.332s] -- Up-to-date: /home/abdelrhaman/microros_ws/install/micro_ros_msgs/include/micro_ros_msgs/micro_ros_msgs/msg/detail/entity__traits.hpp
[2.332s] -- Up-to-date: /home/abdelrhaman/microros_ws/install/micro_ros_msgs/include/micro_ros_msgs/micro_ros_msgs/msg/detail/entity__builder.hpp
[2.332s] -- Up-to-date: /home/abdelrhaman/microros_ws/install/micro_ros_msgs/include/micro_ros_msgs/micro_ros_msgs/msg/detail/graph__struct.hpp
[2.333s] -- Up-to-date: /home/abdelrhaman/microros_ws/install/micro_ros_msgs/include/micro_ros_msgs/micro_ros_msgs/msg/detail/node__struct.hpp
[2.333s] -- Up-to-date: /home/abdelrhaman/microros_ws/install/micro_ros_msgs/include/micro_ros_msgs/micro_ros_msgs/msg/detail/entity__struct.hpp
[2.333s] -- Up-to-date: /home/abdelrhaman/microros_ws/install/micro_ros_msgs/include/micro_ros_msgs/micro_ros_msgs/msg/entity.hpp
[2.333s] -- Up-to-date: /home/abdelrhaman/microros_ws/install/micro_ros_msgs/include/micro_ros_msgs/micro_ros_msgs/msg/graph.hpp
[2.333s] -- Up-to-date: /home/abdelrhaman/microros_ws/install/micro_ros_msgs/include/micro_ros_msgs
[2.333s] -- Up-to-date: /home/abdelrhaman/microros_ws/install/micro_ros_msgs/include/micro_ros_msgs/msg
[2.333s] -- Up-to-date: /home/abdelrhaman/microros_ws/install/micro_ros_msgs/include/micro_ros_msgs/msg/detail
[2.333s] -- Up-to-date: /home/abdelrhaman/microros_ws/install/micro_ros_msgs/include/micro_ros_msgs/msg/detail/entity__rosidl_typesupport_microxrcedds_cpp.hpp
[2.333s] -- Up-to-date: /home/abdelrhaman/microros_ws/install/micro_ros_msgs/include/micro_ros_msgs/msg/detail/microxrcedds
[2.334s] -- Up-to-date: /home/abdelrhaman/microros_ws/install/micro_ros_msgs/include/micro_ros_msgs/msg/detail/microxrcedds/node__type_support_cpp.cpp
[2.334s] -- Up-to-date: /home/abdelrhaman/microros_ws/install/micro_ros_msgs/include/micro_ros_msgs/msg/detail/microxrcedds/graph__type_support_cpp.cpp
[2.334s] -- Up-to-date: /home/abdelrhaman/microros_ws/install/micro_ros_msgs/include/micro_ros_msgs/msg/detail/microxrcedds/entity__type_support_cpp.cpp
[2.334s] -- Up-to-date: /home/abdelrhaman/microros_ws/install/micro_ros_msgs/include/micro_ros_msgs/msg/detail/node__rosidl_typesupport_microxrcedds_cpp.hpp
[2.334s] -- Up-to-date: /home/abdelrhaman/microros_ws/install/micro_ros_msgs/include/micro_ros_msgs/msg/detail/graph__rosidl_typesupport_microxrcedds_cpp.hpp
[2.334s] -- Up-to-date: /home/abdelrhaman/microros_ws/install/micro_ros_msgs/include/micro_ros_msgs/msg/rosidl_typesupport_microxrcedds_cpp__visibility_control.h
[2.334s] -- Up-to-date: /home/abdelrhaman/microros_ws/install/micro_ros_msgs/lib/libmicro_ros_msgs__rosidl_typesupport_microxrcedds_cpp.so
[2.334s] -- Up-to-date: /home/abdelrhaman/microros_ws/install/micro_ros_msgs/include/micro_ros_msgs/micro_ros_msgs
[2.334s] -- Up-to-date: /home/abdelrhaman/microros_ws/install/micro_ros_msgs/include/micro_ros_msgs/micro_ros_msgs/msg
[2.334s] -- Up-to-date: /home/abdelrhaman/microros_ws/install/micro_ros_msgs/include/micro_ros_msgs/micro_ros_msgs/msg/detail
[2.334s] -- Up-to-date: /home/abdelrhaman/microros_ws/install/micro_ros_msgs/include/micro_ros_msgs/micro_ros_msgs/msg/detail/graph__rosidl_typesupport_fastrtps_cpp.hpp
[2.335s] -- Up-to-date: /home/abdelrhaman/microros_ws/install/micro_ros_msgs/include/micro_ros_msgs/micro_ros_msgs/msg/detail/node__rosidl_typesupport_fastrtps_cpp.hpp
[2.335s] -- Up-to-date: /home/abdelrhaman/microros_ws/install/micro_ros_msgs/include/micro_ros_msgs/micro_ros_msgs/msg/detail/dds_fastrtps
[2.335s] -- Up-to-date: /home/abdelrhaman/microros_ws/install/micro_ros_msgs/include/micro_ros_msgs/micro_ros_msgs/msg/detail/entity__rosidl_typesupport_fastrtps_cpp.hpp
[2.335s] -- Up-to-date: /home/abdelrhaman/microros_ws/install/micro_ros_msgs/include/micro_ros_msgs/micro_ros_msgs/msg/rosidl_typesupport_fastrtps_cpp__visibility_control.h
[2.335s] -- Up-to-date: /home/abdelrhaman/microros_ws/install/micro_ros_msgs/lib/libmicro_ros_msgs__rosidl_typesupport_fastrtps_cpp.so
[2.335s] -- Up-to-date: /home/abdelrhaman/microros_ws/install/micro_ros_msgs/include/micro_ros_msgs/micro_ros_msgs
[2.335s] -- Up-to-date: /home/abdelrhaman/microros_ws/install/micro_ros_msgs/include/micro_ros_msgs/micro_ros_msgs/msg
[2.335s] -- Up-to-date: /home/abdelrhaman/microros_ws/install/micro_ros_msgs/include/micro_ros_msgs/micro_ros_msgs/msg/detail
[2.335s] -- Up-to-date: /home/abdelrhaman/microros_ws/install/micro_ros_msgs/include/micro_ros_msgs/micro_ros_msgs/msg/detail/graph__type_support.cpp
[2.335s] -- Up-to-date: /home/abdelrhaman/microros_ws/install/micro_ros_msgs/include/micro_ros_msgs/micro_ros_msgs/msg/detail/node__rosidl_typesupport_introspection_cpp.hpp
[2.335s] -- Up-to-date: /home/abdelrhaman/microros_ws/install/micro_ros_msgs/include/micro_ros_msgs/micro_ros_msgs/msg/detail/entity__rosidl_typesupport_introspection_cpp.hpp
[2.335s] -- Up-to-date: /home/abdelrhaman/microros_ws/install/micro_ros_msgs/include/micro_ros_msgs/micro_ros_msgs/msg/detail/entity__type_support.cpp
[2.335s] -- Up-to-date: /home/abdelrhaman/microros_ws/install/micro_ros_msgs/include/micro_ros_msgs/micro_ros_msgs/msg/detail/graph__rosidl_typesupport_introspection_cpp.hpp
[2.335s] -- Up-to-date: /home/abdelrhaman/microros_ws/install/micro_ros_msgs/include/micro_ros_msgs/micro_ros_msgs/msg/detail/node__type_support.cpp
[2.336s] -- Up-to-date: /home/abdelrhaman/microros_ws/install/micro_ros_msgs/lib/libmicro_ros_msgs__rosidl_typesupport_introspection_cpp.so
[2.336s] -- Installing: /home/abdelrhaman/microros_ws/install/micro_ros_msgs/lib/libmicro_ros_msgs__rosidl_typesupport_cpp.so
[2.336s] -- Set runtime path of "/home/abdelrhaman/microros_ws/install/micro_ros_msgs/lib/libmicro_ros_msgs__rosidl_typesupport_cpp.so" to ""
[2.336s] -- Up-to-date: /home/abdelrhaman/microros_ws/install/micro_ros_msgs/share/micro_ros_msgs/environment/pythonpath.sh
[2.336s] -- Installing: /home/abdelrhaman/microros_ws/install/micro_ros_msgs/share/micro_ros_msgs/environment/pythonpath.dsv
[2.336s] -- Up-to-date: /home/abdelrhaman/microros_ws/install/micro_ros_msgs/local/lib/python3.10/dist-packages/micro_ros_msgs-3.0.1-py3.10.egg-info
[2.336s] -- Installing: /home/abdelrhaman/microros_ws/install/micro_ros_msgs/local/lib/python3.10/dist-packages/micro_ros_msgs-3.0.1-py3.10.egg-info/PKG-INFO
[2.336s] -- Installing: /home/abdelrhaman/microros_ws/install/micro_ros_msgs/local/lib/python3.10/dist-packages/micro_ros_msgs-3.0.1-py3.10.egg-info/SOURCES.txt
[2.336s] -- Installing: /home/abdelrhaman/microros_ws/install/micro_ros_msgs/local/lib/python3.10/dist-packages/micro_ros_msgs-3.0.1-py3.10.egg-info/top_level.txt
[2.336s] -- Installing: /home/abdelrhaman/microros_ws/install/micro_ros_msgs/local/lib/python3.10/dist-packages/micro_ros_msgs-3.0.1-py3.10.egg-info/dependency_links.txt
[2.336s] -- Up-to-date: /home/abdelrhaman/microros_ws/install/micro_ros_msgs/local/lib/python3.10/dist-packages/micro_ros_msgs
[2.336s] -- Installing: /home/abdelrhaman/microros_ws/install/micro_ros_msgs/local/lib/python3.10/dist-packages/micro_ros_msgs/libmicro_ros_msgs__rosidl_generator_py.so
[2.337s] -- Up-to-date: /home/abdelrhaman/microros_ws/install/micro_ros_msgs/local/lib/python3.10/dist-packages/micro_ros_msgs/_micro_ros_msgs_s.ep.rosidl_typesupport_microxrcedds_c.c
[2.337s] -- Up-to-date: /home/abdelrhaman/microros_ws/install/micro_ros_msgs/local/lib/python3.10/dist-packages/micro_ros_msgs/_micro_ros_msgs_s.ep.rosidl_typesupport_fastrtps_c.c
[2.337s] -- Up-to-date: /home/abdelrhaman/microros_ws/install/micro_ros_msgs/local/lib/python3.10/dist-packages/micro_ros_msgs/_micro_ros_msgs_s.ep.rosidl_typesupport_c.c
[2.337s] -- Up-to-date: /home/abdelrhaman/microros_ws/install/micro_ros_msgs/local/lib/python3.10/dist-packages/micro_ros_msgs/_micro_ros_msgs_s.ep.rosidl_typesupport_introspection_c.c
[2.338s] -- Installing: /home/abdelrhaman/microros_ws/install/micro_ros_msgs/local/lib/python3.10/dist-packages/micro_ros_msgs/micro_ros_msgs_s__rosidl_typesupport_microxrcedds_c.cpython-310-x86_64-linux-gnu.so
[2.338s] -- Installing: /home/abdelrhaman/microros_ws/install/micro_ros_msgs/local/lib/python3.10/dist-packages/micro_ros_msgs/__init__.py
[2.338s] -- Installing: /home/abdelrhaman/microros_ws/install/micro_ros_msgs/local/lib/python3.10/dist-packages/micro_ros_msgs/micro_ros_msgs_s__rosidl_typesupport_fastrtps_c.cpython-310-x86_64-linux-gnu.so
[2.338s] -- Installing: /home/abdelrhaman/microros_ws/install/micro_ros_msgs/local/lib/python3.10/dist-packages/micro_ros_msgs/micro_ros_msgs_s__rosidl_typesupport_introspection_c.cpython-310-x86_64-linux-gnu.so
[2.338s] -- Up-to-date: /home/abdelrhaman/microros_ws/install/micro_ros_msgs/local/lib/python3.10/dist-packages/micro_ros_msgs/msg
[2.338s] -- Up-to-date: /home/abdelrhaman/microros_ws/install/micro_ros_msgs/local/lib/python3.10/dist-packages/micro_ros_msgs/msg/_graph_s.c
[2.338s] -- Up-to-date: /home/abdelrhaman/microros_ws/install/micro_ros_msgs/local/lib/python3.10/dist-packages/micro_ros_msgs/msg/_entity.py
[2.338s] -- Up-to-date: /home/abdelrhaman/microros_ws/install/micro_ros_msgs/local/lib/python3.10/dist-packages/micro_ros_msgs/msg/_node_s.c
[2.338s] -- Up-to-date: /home/abdelrhaman/microros_ws/install/micro_ros_msgs/local/lib/python3.10/dist-packages/micro_ros_msgs/msg/_graph.py
[2.338s] -- Up-to-date: /home/abdelrhaman/microros_ws/install/micro_ros_msgs/local/lib/python3.10/dist-packages/micro_ros_msgs/msg/__init__.py
[2.338s] -- Up-to-date: /home/abdelrhaman/microros_ws/install/micro_ros_msgs/local/lib/python3.10/dist-packages/micro_ros_msgs/msg/_entity_s.c
[2.338s] -- Up-to-date: /home/abdelrhaman/microros_ws/install/micro_ros_msgs/local/lib/python3.10/dist-packages/micro_ros_msgs/msg/_node.py
[2.338s] -- Installing: /home/abdelrhaman/microros_ws/install/micro_ros_msgs/local/lib/python3.10/dist-packages/micro_ros_msgs/micro_ros_msgs_s__rosidl_typesupport_c.cpython-310-x86_64-linux-gnu.so
[2.402s] Listing '/home/abdelrhaman/microros_ws/install/micro_ros_msgs/local/lib/python3.10/dist-packages/micro_ros_msgs'...
[2.402s] Compiling '/home/abdelrhaman/microros_ws/install/micro_ros_msgs/local/lib/python3.10/dist-packages/micro_ros_msgs/__init__.py'...
[2.402s] Listing '/home/abdelrhaman/microros_ws/install/micro_ros_msgs/local/lib/python3.10/dist-packages/micro_ros_msgs/msg'...
[2.408s] -- Installing: /home/abdelrhaman/microros_ws/install/micro_ros_msgs/local/lib/python3.10/dist-packages/micro_ros_msgs/micro_ros_msgs_s__rosidl_typesupport_microxrcedds_c.cpython-310-x86_64-linux-gnu.so
[2.408s] -- Set runtime path of "/home/abdelrhaman/microros_ws/install/micro_ros_msgs/local/lib/python3.10/dist-packages/micro_ros_msgs/micro_ros_msgs_s__rosidl_typesupport_microxrcedds_c.cpython-310-x86_64-linux-gnu.so" to ""
[2.409s] -- Installing: /home/abdelrhaman/microros_ws/install/micro_ros_msgs/local/lib/python3.10/dist-packages/micro_ros_msgs/micro_ros_msgs_s__rosidl_typesupport_fastrtps_c.cpython-310-x86_64-linux-gnu.so
[2.409s] -- Set runtime path of "/home/abdelrhaman/microros_ws/install/micro_ros_msgs/local/lib/python3.10/dist-packages/micro_ros_msgs/micro_ros_msgs_s__rosidl_typesupport_fastrtps_c.cpython-310-x86_64-linux-gnu.so" to ""
[2.409s] -- Installing: /home/abdelrhaman/microros_ws/install/micro_ros_msgs/local/lib/python3.10/dist-packages/micro_ros_msgs/micro_ros_msgs_s__rosidl_typesupport_introspection_c.cpython-310-x86_64-linux-gnu.so
[2.410s] -- Set runtime path of "/home/abdelrhaman/microros_ws/install/micro_ros_msgs/local/lib/python3.10/dist-packages/micro_ros_msgs/micro_ros_msgs_s__rosidl_typesupport_introspection_c.cpython-310-x86_64-linux-gnu.so" to ""
[2.410s] -- Installing: /home/abdelrhaman/microros_ws/install/micro_ros_msgs/local/lib/python3.10/dist-packages/micro_ros_msgs/micro_ros_msgs_s__rosidl_typesupport_c.cpython-310-x86_64-linux-gnu.so
[2.410s] -- Set runtime path of "/home/abdelrhaman/microros_ws/install/micro_ros_msgs/local/lib/python3.10/dist-packages/micro_ros_msgs/micro_ros_msgs_s__rosidl_typesupport_c.cpython-310-x86_64-linux-gnu.so" to ""
[2.410s] -- Installing: /home/abdelrhaman/microros_ws/install/micro_ros_msgs/lib/libmicro_ros_msgs__rosidl_generator_py.so
[2.411s] -- Set runtime path of "/home/abdelrhaman/microros_ws/install/micro_ros_msgs/lib/libmicro_ros_msgs__rosidl_generator_py.so" to ""
[2.411s] -- Up-to-date: /home/abdelrhaman/microros_ws/install/micro_ros_msgs/share/micro_ros_msgs/msg/Graph.idl
[2.411s] -- Up-to-date: /home/abdelrhaman/microros_ws/install/micro_ros_msgs/share/micro_ros_msgs/msg/Node.idl
[2.411s] -- Up-to-date: /home/abdelrhaman/microros_ws/install/micro_ros_msgs/share/micro_ros_msgs/msg/Entity.idl
[2.411s] -- Up-to-date: /home/abdelrhaman/microros_ws/install/micro_ros_msgs/share/micro_ros_msgs/msg/Graph.msg
[2.411s] -- Up-to-date: /home/abdelrhaman/microros_ws/install/micro_ros_msgs/share/micro_ros_msgs/msg/Node.msg
[2.413s] -- Up-to-date: /home/abdelrhaman/microros_ws/install/micro_ros_msgs/share/micro_ros_msgs/msg/Entity.msg
[2.413s] -- Up-to-date: /home/abdelrhaman/microros_ws/install/micro_ros_msgs/share/ament_index/resource_index/package_run_dependencies/micro_ros_msgs
[2.413s] -- Installing: /home/abdelrhaman/microros_ws/install/micro_ros_msgs/share/ament_index/resource_index/parent_prefix_path/micro_ros_msgs
[2.413s] -- Up-to-date: /home/abdelrhaman/microros_ws/install/micro_ros_msgs/share/micro_ros_msgs/environment/ament_prefix_path.sh
[2.413s] -- Installing: /home/abdelrhaman/microros_ws/install/micro_ros_msgs/share/micro_ros_msgs/environment/ament_prefix_path.dsv
[2.413s] -- Up-to-date: /home/abdelrhaman/microros_ws/install/micro_ros_msgs/share/micro_ros_msgs/environment/path.sh
[2.413s] -- Installing: /home/abdelrhaman/microros_ws/install/micro_ros_msgs/share/micro_ros_msgs/environment/path.dsv
[2.413s] -- Up-to-date: /home/abdelrhaman/microros_ws/install/micro_ros_msgs/share/micro_ros_msgs/local_setup.bash
[2.414s] -- Up-to-date: /home/abdelrhaman/microros_ws/install/micro_ros_msgs/share/micro_ros_msgs/local_setup.sh
[2.414s] -- Up-to-date: /home/abdelrhaman/microros_ws/install/micro_ros_msgs/share/micro_ros_msgs/local_setup.zsh
[2.414s] -- Installing: /home/abdelrhaman/microros_ws/install/micro_ros_msgs/share/micro_ros_msgs/local_setup.dsv
[2.414s] -- Installing: /home/abdelrhaman/microros_ws/install/micro_ros_msgs/share/micro_ros_msgs/package.dsv
[2.414s] -- Up-to-date: /home/abdelrhaman/microros_ws/install/micro_ros_msgs/share/ament_index/resource_index/packages/micro_ros_msgs
[2.414s] -- Up-to-date: /home/abdelrhaman/microros_ws/install/micro_ros_msgs/share/micro_ros_msgs/cmake/export_micro_ros_msgs__rosidl_generator_cExport.cmake
[2.414s] -- Up-to-date: /home/abdelrhaman/microros_ws/install/micro_ros_msgs/share/micro_ros_msgs/cmake/export_micro_ros_msgs__rosidl_generator_cExport-noconfig.cmake
[2.414s] -- Up-to-date: /home/abdelrhaman/microros_ws/install/micro_ros_msgs/share/micro_ros_msgs/cmake/export_micro_ros_msgs__rosidl_typesupport_fastrtps_cExport.cmake
[2.414s] -- Up-to-date: /home/abdelrhaman/microros_ws/install/micro_ros_msgs/share/micro_ros_msgs/cmake/export_micro_ros_msgs__rosidl_typesupport_fastrtps_cExport-noconfig.cmake
[2.415s] -- Up-to-date: /home/abdelrhaman/microros_ws/install/micro_ros_msgs/share/micro_ros_msgs/cmake/micro_ros_msgs__rosidl_typesupport_introspection_cExport.cmake
[2.415s] -- Up-to-date: /home/abdelrhaman/microros_ws/install/micro_ros_msgs/share/micro_ros_msgs/cmake/micro_ros_msgs__rosidl_typesupport_introspection_cExport-noconfig.cmake
[2.415s] -- Up-to-date: /home/abdelrhaman/microros_ws/install/micro_ros_msgs/share/micro_ros_msgs/cmake/micro_ros_msgs__rosidl_typesupport_cExport.cmake
[2.415s] -- Up-to-date: /home/abdelrhaman/microros_ws/install/micro_ros_msgs/share/micro_ros_msgs/cmake/micro_ros_msgs__rosidl_typesupport_cExport-noconfig.cmake
[2.415s] -- Up-to-date: /home/abdelrhaman/microros_ws/install/micro_ros_msgs/share/micro_ros_msgs/cmake/export_micro_ros_msgs__rosidl_generator_cppExport.cmake
[2.415s] -- Up-to-date: /home/abdelrhaman/microros_ws/install/micro_ros_msgs/share/micro_ros_msgs/cmake/export_micro_ros_msgs__rosidl_typesupport_fastrtps_cppExport.cmake
[2.415s] -- Up-to-date: /home/abdelrhaman/microros_ws/install/micro_ros_msgs/share/micro_ros_msgs/cmake/export_micro_ros_msgs__rosidl_typesupport_fastrtps_cppExport-noconfig.cmake
[2.415s] -- Up-to-date: /home/abdelrhaman/microros_ws/install/micro_ros_msgs/share/micro_ros_msgs/cmake/micro_ros_msgs__rosidl_typesupport_introspection_cppExport.cmake
[2.415s] -- Up-to-date: /home/abdelrhaman/microros_ws/install/micro_ros_msgs/share/micro_ros_msgs/cmake/micro_ros_msgs__rosidl_typesupport_introspection_cppExport-noconfig.cmake
[2.415s] -- Up-to-date: /home/abdelrhaman/microros_ws/install/micro_ros_msgs/share/micro_ros_msgs/cmake/micro_ros_msgs__rosidl_typesupport_cppExport.cmake
[2.415s] -- Up-to-date: /home/abdelrhaman/microros_ws/install/micro_ros_msgs/share/micro_ros_msgs/cmake/micro_ros_msgs__rosidl_typesupport_cppExport-noconfig.cmake
[2.415s] -- Up-to-date: /home/abdelrhaman/microros_ws/install/micro_ros_msgs/share/micro_ros_msgs/cmake/export_micro_ros_msgs__rosidl_generator_pyExport.cmake
[2.415s] -- Up-to-date: /home/abdelrhaman/microros_ws/install/micro_ros_msgs/share/micro_ros_msgs/cmake/export_micro_ros_msgs__rosidl_generator_pyExport-noconfig.cmake
[2.416s] -- Up-to-date: /home/abdelrhaman/microros_ws/install/micro_ros_msgs/share/micro_ros_msgs/cmake/rosidl_cmake-extras.cmake
[2.416s] -- Installing: /home/abdelrhaman/microros_ws/install/micro_ros_msgs/share/micro_ros_msgs/cmake/ament_cmake_export_include_directories-extras.cmake
[2.416s] -- Up-to-date: /home/abdelrhaman/microros_ws/install/micro_ros_msgs/share/micro_ros_msgs/cmake/ament_cmake_export_libraries-extras.cmake
[2.416s] -- Up-to-date: /home/abdelrhaman/microros_ws/install/micro_ros_msgs/share/micro_ros_msgs/cmake/ament_cmake_export_targets-extras.cmake
[2.416s] -- Up-to-date: /home/abdelrhaman/microros_ws/install/micro_ros_msgs/share/micro_ros_msgs/cmake/rosidl_cmake_export_typesupport_targets-extras.cmake
[2.416s] -- Up-to-date: /home/abdelrhaman/microros_ws/install/micro_ros_msgs/share/micro_ros_msgs/cmake/ament_cmake_export_dependencies-extras.cmake
[2.416s] -- Installing: /home/abdelrhaman/microros_ws/install/micro_ros_msgs/share/micro_ros_msgs/cmake/rosidl_cmake_export_typesupport_libraries-extras.cmake
[2.416s] -- Up-to-date: /home/abdelrhaman/microros_ws/install/micro_ros_msgs/share/micro_ros_msgs/cmake/micro_ros_msgsConfig.cmake
[2.416s] -- Up-to-date: /home/abdelrhaman/microros_ws/install/micro_ros_msgs/share/micro_ros_msgs/cmake/micro_ros_msgsConfig-version.cmake
[2.416s] -- Up-to-date: /home/abdelrhaman/microros_ws/install/micro_ros_msgs/share/micro_ros_msgs/package.xml
[2.418s] Invoked command in '/home/abdelrhaman/microros_ws/build/micro_ros_msgs' returned '0': CMAKE_PREFIX_PATH=${CMAKE_PREFIX_PATH}:/home/abdelrhaman/microros_ws/install/sensor_msgs_py:/home/abdelrhaman/ros/install/my_robot_controller:/opt/ros/humble /usr/bin/cmake --install /home/abdelrhaman/microros_ws/build/micro_ros_msgs
