[0.024s] Invoking command in '/home/abdelrhaman/microros_ws/build/complex_msgs': AMENT_PREFIX_PATH=/home/abdelrhaman/microros_ws/install/builtin_interfaces:${AMENT_PREFIX_PATH} CMAKE_PREFIX_PATH=/home/abdelrhaman/microros_ws/install/builtin_interfaces:/home/abdelrhaman/ros/install/my_robot_controller:/opt/ros/humble LD_LIBRARY_PATH=/home/abdelrhaman/microros_ws/install/builtin_interfaces/lib:${LD_LIBRARY_PATH} PYTHONPATH=/home/abdelrhaman/microros_ws/install/builtin_interfaces/local/lib/python3.10/dist-packages:${PYTHONPATH} /usr/bin/cmake /home/abdelrhaman/microros_ws/src/uros/micro-ROS-demos/messages/complex_msg -DCMAKE_INSTALL_PREFIX=/home/abdelrhaman/microros_ws/install/complex_msgs
[0.038s] -- Found ament_cmake: 1.3.10 (/opt/ros/humble/share/ament_cmake/cmake)
[0.150s] -- Found builtin_interfaces: 1.2.1 (/home/abdelrhaman/microros_ws/install/builtin_interfaces/share/builtin_interfaces/cmake)
[0.165s] -- Found rosidl_generator_c: 3.1.5 (/opt/ros/humble/share/rosidl_generator_c/cmake)
[0.167s] -- Found rosidl_adapter: 3.1.5 (/opt/ros/humble/share/rosidl_adapter/cmake)
[0.170s] -- Found rosidl_generator_cpp: 3.1.5 (/opt/ros/humble/share/rosidl_generator_cpp/cmake)
[0.178s] -- Using all available rosidl_typesupport_c: rosidl_typesupport_fastrtps_c;rosidl_typesupport_introspection_c
[0.190s] -- Using all available rosidl_typesupport_cpp: rosidl_typesupport_fastrtps_cpp;rosidl_typesupport_introspection_cpp
[0.202s] -- Found rosidl_default_generators: 1.2.0 (/opt/ros/humble/share/rosidl_default_generators/cmake)
[0.414s] -- Found ament_cmake_ros: 0.10.0 (/opt/ros/humble/share/ament_cmake_ros/cmake)
[0.686s] -- Using all available rosidl_typesupport_c: rosidl_typesupport_fastrtps_c;rosidl_typesupport_introspection_c
[0.791s] -- Using all available rosidl_typesupport_cpp: rosidl_typesupport_fastrtps_cpp;rosidl_typesupport_introspection_cpp
[0.816s] -- Found python_cmake_module: 0.10.0 (/opt/ros/humble/share/python_cmake_module/cmake)
[0.834s] -- Using PYTHON_EXECUTABLE: /usr/bin/python3
[0.834s] -- Using PYTHON_INCLUDE_DIRS: /usr/include/python3.10
[0.834s] -- Using PYTHON_LIBRARIES: /usr/lib/x86_64-linux-gnu/libpython3.10.so
[0.862s] -- Configuring done
[0.916s] -- Generating done
[0.921s] -- Build files have been written to: /home/abdelrhaman/microros_ws/build/complex_msgs
[0.931s] Invoked command in '/home/abdelrhaman/microros_ws/build/complex_msgs' returned '0': AMENT_PREFIX_PATH=/home/abdelrhaman/microros_ws/install/builtin_interfaces:${AMENT_PREFIX_PATH} CMAKE_PREFIX_PATH=/home/abdelrhaman/microros_ws/install/builtin_interfaces:/home/abdelrhaman/ros/install/my_robot_controller:/opt/ros/humble LD_LIBRARY_PATH=/home/abdelrhaman/microros_ws/install/builtin_interfaces/lib:${LD_LIBRARY_PATH} PYTHONPATH=/home/abdelrhaman/microros_ws/install/builtin_interfaces/local/lib/python3.10/dist-packages:${PYTHONPATH} /usr/bin/cmake /home/abdelrhaman/microros_ws/src/uros/micro-ROS-demos/messages/complex_msg -DCMAKE_INSTALL_PREFIX=/home/abdelrhaman/microros_ws/install/complex_msgs
[0.932s] Invoking command in '/home/abdelrhaman/microros_ws/build/complex_msgs': AMENT_PREFIX_PATH=/home/abdelrhaman/microros_ws/install/builtin_interfaces:${AMENT_PREFIX_PATH} CMAKE_PREFIX_PATH=/home/abdelrhaman/microros_ws/install/builtin_interfaces:/home/abdelrhaman/ros/install/my_robot_controller:/opt/ros/humble LD_LIBRARY_PATH=/home/abdelrhaman/microros_ws/install/builtin_interfaces/lib:${LD_LIBRARY_PATH} PYTHONPATH=/home/abdelrhaman/microros_ws/install/builtin_interfaces/local/lib/python3.10/dist-packages:${PYTHONPATH} /usr/bin/cmake --build /home/abdelrhaman/microros_ws/build/complex_msgs -- -j20 -l20
[0.964s] [35m[1mConsolidate compiler generated dependencies of target complex_msgs__rosidl_generator_c[0m
[0.972s] [  2%] Built target complex_msgs__cpp
[0.972s] [ 12%] Built target complex_msgs__rosidl_generator_c
[0.981s] [ 15%] [34m[1mGenerating C++ type support dispatch for ROS interfaces[0m
[0.982s] [ 17%] [34m[1mGenerating C type support dispatch for ROS interfaces[0m
[0.982s] [35m[1mConsolidate compiler generated dependencies of target complex_msgs__rosidl_typesupport_introspection_c[0m
[0.983s] [35m[1mConsolidate compiler generated dependencies of target complex_msgs__rosidl_typesupport_fastrtps_cpp[0m
[0.985s] [35m[1mConsolidate compiler generated dependencies of target complex_msgs__rosidl_typesupport_introspection_cpp[0m
[0.988s] [ 17%] Built target ament_cmake_python_copy_complex_msgs
[0.995s] [ 28%] Built target complex_msgs__rosidl_typesupport_introspection_c
[0.996s] [ 38%] Built target complex_msgs__rosidl_typesupport_fastrtps_cpp
[0.997s] [ 48%] Built target complex_msgs__rosidl_typesupport_introspection_cpp
[0.999s] [35m[1mConsolidate compiler generated dependencies of target complex_msgs__rosidl_typesupport_fastrtps_c[0m
[1.011s] [ 58%] Built target complex_msgs__rosidl_typesupport_fastrtps_c
[1.233s] [35m[1mConsolidate compiler generated dependencies of target complex_msgs__rosidl_typesupport_cpp[0m
[1.248s] [ 61%] [32mBuilding CXX object CMakeFiles/complex_msgs__rosidl_typesupport_cpp.dir/rosidl_typesupport_cpp/complex_msgs/msg/multi_string_test__type_support.cpp.o[0m
[1.251s] [ 64%] [32mBuilding CXX object CMakeFiles/complex_msgs__rosidl_typesupport_cpp.dir/rosidl_typesupport_cpp/complex_msgs/msg/nested_msg_test__type_support.cpp.o[0m
[1.285s] [35m[1mConsolidate compiler generated dependencies of target complex_msgs__rosidl_typesupport_c[0m
[1.298s] [ 69%] [32mBuilding CXX object CMakeFiles/complex_msgs__rosidl_typesupport_c.dir/rosidl_typesupport_c/complex_msgs/msg/nested_msg_test__type_support.cpp.o[0m
[1.298s] [ 69%] [32mBuilding CXX object CMakeFiles/complex_msgs__rosidl_typesupport_c.dir/rosidl_typesupport_c/complex_msgs/msg/multi_string_test__type_support.cpp.o[0m
[1.329s] [ 71%] [32m[1mLinking CXX shared library libcomplex_msgs__rosidl_typesupport_c.so[0m
[1.368s] [ 71%] Built target complex_msgs__rosidl_typesupport_c
[1.605s] [ 74%] [32m[1mLinking CXX shared library libcomplex_msgs__rosidl_typesupport_cpp.so[0m
[1.667s] [ 74%] Built target complex_msgs__rosidl_typesupport_cpp
[1.701s] [ 74%] Built target complex_msgs
[1.749s] running egg_info
[1.749s] [ 76%] Built target complex_msgs__py
[1.762s] [35m[1mConsolidate compiler generated dependencies of target complex_msgs__rosidl_generator_py[0m
[1.773s] [ 79%] [32mBuilding C object CMakeFiles/complex_msgs__rosidl_generator_py.dir/rosidl_generator_py/complex_msgs/msg/_multi_string_test_s.c.o[0m
[1.836s] writing complex_msgs.egg-info/PKG-INFO
[1.878s] [ 82%] [32m[1mLinking C shared library rosidl_generator_py/complex_msgs/libcomplex_msgs__rosidl_generator_py.so[0m
[1.900s] writing dependency_links to complex_msgs.egg-info/dependency_links.txt
[1.921s] [ 84%] Built target complex_msgs__rosidl_generator_py
[1.930s] [35m[1mConsolidate compiler generated dependencies of target complex_msgs__rosidl_typesupport_introspection_c__pyext[0m
[1.931s] [35m[1mConsolidate compiler generated dependencies of target complex_msgs__rosidl_typesupport_fastrtps_c__pyext[0m
[1.931s] [35m[1mConsolidate compiler generated dependencies of target complex_msgs__rosidl_typesupport_c__pyext[0m
[1.942s] [ 89%] [32mBuilding C object CMakeFiles/complex_msgs__rosidl_typesupport_introspection_c__pyext.dir/rosidl_generator_py/complex_msgs/_complex_msgs_s.ep.rosidl_typesupport_introspection_c.c.o[0m
[1.942s] [ 89%] [32mBuilding C object CMakeFiles/complex_msgs__rosidl_typesupport_c__pyext.dir/rosidl_generator_py/complex_msgs/_complex_msgs_s.ep.rosidl_typesupport_c.c.o[0m
[1.945s] [ 92%] [32m[1mLinking C shared library rosidl_generator_py/complex_msgs/complex_msgs_s__rosidl_typesupport_fastrtps_c.cpython-310-x86_64-linux-gnu.so[0m
[1.973s] [ 94%] Built target complex_msgs__rosidl_typesupport_fastrtps_c__pyext
[2.030s] [ 97%] [32m[1mLinking C shared library rosidl_generator_py/complex_msgs/complex_msgs_s__rosidl_typesupport_c.cpython-310-x86_64-linux-gnu.so[0m
[2.055s] [100%] [32m[1mLinking C shared library rosidl_generator_py/complex_msgs/complex_msgs_s__rosidl_typesupport_introspection_c.cpython-310-x86_64-linux-gnu.so[0m
[2.056s] [100%] Built target complex_msgs__rosidl_typesupport_c__pyext
[2.082s] [100%] Built target complex_msgs__rosidl_typesupport_introspection_c__pyext
[2.212s] writing top-level names to complex_msgs.egg-info/top_level.txt
[2.267s] reading manifest file 'complex_msgs.egg-info/SOURCES.txt'
[2.267s] writing manifest file 'complex_msgs.egg-info/SOURCES.txt'
[2.299s] [100%] Built target ament_cmake_python_build_complex_msgs_egg
[2.307s] Invoked command in '/home/abdelrhaman/microros_ws/build/complex_msgs' returned '0': AMENT_PREFIX_PATH=/home/abdelrhaman/microros_ws/install/builtin_interfaces:${AMENT_PREFIX_PATH} CMAKE_PREFIX_PATH=/home/abdelrhaman/microros_ws/install/builtin_interfaces:/home/abdelrhaman/ros/install/my_robot_controller:/opt/ros/humble LD_LIBRARY_PATH=/home/abdelrhaman/microros_ws/install/builtin_interfaces/lib:${LD_LIBRARY_PATH} PYTHONPATH=/home/abdelrhaman/microros_ws/install/builtin_interfaces/local/lib/python3.10/dist-packages:${PYTHONPATH} /usr/bin/cmake --build /home/abdelrhaman/microros_ws/build/complex_msgs -- -j20 -l20
[2.490s] Invoking command in '/home/abdelrhaman/microros_ws/build/complex_msgs': AMENT_PREFIX_PATH=/home/abdelrhaman/microros_ws/install/builtin_interfaces:${AMENT_PREFIX_PATH} CMAKE_PREFIX_PATH=/home/abdelrhaman/microros_ws/install/builtin_interfaces:/home/abdelrhaman/ros/install/my_robot_controller:/opt/ros/humble LD_LIBRARY_PATH=/home/abdelrhaman/microros_ws/install/builtin_interfaces/lib:${LD_LIBRARY_PATH} PYTHONPATH=/home/abdelrhaman/microros_ws/install/builtin_interfaces/local/lib/python3.10/dist-packages:${PYTHONPATH} /usr/bin/cmake --install /home/abdelrhaman/microros_ws/build/complex_msgs
[2.512s] -- Install configuration: ""
[2.512s] -- Up-to-date: /home/abdelrhaman/microros_ws/install/complex_msgs/share/ament_index/resource_index/rosidl_interfaces/complex_msgs
[2.512s] -- Up-to-date: /home/abdelrhaman/microros_ws/install/complex_msgs/include/complex_msgs/complex_msgs
[2.513s] -- Up-to-date: /home/abdelrhaman/microros_ws/install/complex_msgs/include/complex_msgs/complex_msgs/msg
[2.513s] -- Up-to-date: /home/abdelrhaman/microros_ws/install/complex_msgs/include/complex_msgs/complex_msgs/msg/rosidl_generator_c__visibility_control.h
[2.513s] -- Up-to-date: /home/abdelrhaman/microros_ws/install/complex_msgs/include/complex_msgs/complex_msgs/msg/detail
[2.513s] -- Up-to-date: /home/abdelrhaman/microros_ws/install/complex_msgs/include/complex_msgs/complex_msgs/msg/detail/multi_string_test__functions.h
[2.514s] -- Up-to-date: /home/abdelrhaman/microros_ws/install/complex_msgs/include/complex_msgs/complex_msgs/msg/detail/multi_string_test__type_support.h
[2.518s] -- Up-to-date: /home/abdelrhaman/microros_ws/install/complex_msgs/include/complex_msgs/complex_msgs/msg/detail/nested_msg_test__functions.c
[2.518s] -- Up-to-date: /home/abdelrhaman/microros_ws/install/complex_msgs/include/complex_msgs/complex_msgs/msg/detail/nested_msg_test__functions.h
[2.518s] -- Up-to-date: /home/abdelrhaman/microros_ws/install/complex_msgs/include/complex_msgs/complex_msgs/msg/detail/nested_msg_test__struct.h
[2.521s] -- Up-to-date: /home/abdelrhaman/microros_ws/install/complex_msgs/include/complex_msgs/complex_msgs/msg/detail/multi_string_test__struct.h
[2.521s] -- Up-to-date: /home/abdelrhaman/microros_ws/install/complex_msgs/include/complex_msgs/complex_msgs/msg/detail/multi_string_test__functions.c
[2.521s] -- Up-to-date: /home/abdelrhaman/microros_ws/install/complex_msgs/include/complex_msgs/complex_msgs/msg/detail/nested_msg_test__type_support.h
[2.521s] -- Up-to-date: /home/abdelrhaman/microros_ws/install/complex_msgs/include/complex_msgs/complex_msgs/msg/multi_string_test.h
[2.521s] -- Up-to-date: /home/abdelrhaman/microros_ws/install/complex_msgs/include/complex_msgs/complex_msgs/msg/nested_msg_test.h
[2.521s] -- Up-to-date: /home/abdelrhaman/microros_ws/install/complex_msgs/share/complex_msgs/environment/library_path.sh
[2.521s] -- Installing: /home/abdelrhaman/microros_ws/install/complex_msgs/share/complex_msgs/environment/library_path.dsv
[2.521s] -- Up-to-date: /home/abdelrhaman/microros_ws/install/complex_msgs/lib/libcomplex_msgs__rosidl_generator_c.so
[2.522s] -- Up-to-date: /home/abdelrhaman/microros_ws/install/complex_msgs/include/complex_msgs/complex_msgs
[2.522s] -- Up-to-date: /home/abdelrhaman/microros_ws/install/complex_msgs/include/complex_msgs/complex_msgs/msg
[2.522s] -- Up-to-date: /home/abdelrhaman/microros_ws/install/complex_msgs/include/complex_msgs/complex_msgs/msg/detail
[2.522s] -- Up-to-date: /home/abdelrhaman/microros_ws/install/complex_msgs/include/complex_msgs/complex_msgs/msg/detail/multi_string_test__rosidl_typesupport_fastrtps_c.h
[2.522s] -- Up-to-date: /home/abdelrhaman/microros_ws/install/complex_msgs/include/complex_msgs/complex_msgs/msg/detail/nested_msg_test__rosidl_typesupport_fastrtps_c.h
[2.522s] -- Up-to-date: /home/abdelrhaman/microros_ws/install/complex_msgs/include/complex_msgs/complex_msgs/msg/rosidl_typesupport_fastrtps_c__visibility_control.h
[2.522s] -- Up-to-date: /home/abdelrhaman/microros_ws/install/complex_msgs/lib/libcomplex_msgs__rosidl_typesupport_fastrtps_c.so
[2.522s] -- Up-to-date: /home/abdelrhaman/microros_ws/install/complex_msgs/include/complex_msgs/complex_msgs
[2.522s] -- Up-to-date: /home/abdelrhaman/microros_ws/install/complex_msgs/include/complex_msgs/complex_msgs/msg
[2.525s] -- Up-to-date: /home/abdelrhaman/microros_ws/install/complex_msgs/include/complex_msgs/complex_msgs/msg/detail
[2.525s] -- Up-to-date: /home/abdelrhaman/microros_ws/install/complex_msgs/include/complex_msgs/complex_msgs/msg/detail/nested_msg_test__traits.hpp
[2.525s] -- Up-to-date: /home/abdelrhaman/microros_ws/install/complex_msgs/include/complex_msgs/complex_msgs/msg/detail/multi_string_test__struct.hpp
[2.525s] -- Up-to-date: /home/abdelrhaman/microros_ws/install/complex_msgs/include/complex_msgs/complex_msgs/msg/detail/nested_msg_test__builder.hpp
[2.525s] -- Up-to-date: /home/abdelrhaman/microros_ws/install/complex_msgs/include/complex_msgs/complex_msgs/msg/detail/multi_string_test__traits.hpp
[2.525s] -- Up-to-date: /home/abdelrhaman/microros_ws/install/complex_msgs/include/complex_msgs/complex_msgs/msg/detail/nested_msg_test__struct.hpp
[2.525s] -- Up-to-date: /home/abdelrhaman/microros_ws/install/complex_msgs/include/complex_msgs/complex_msgs/msg/detail/multi_string_test__builder.hpp
[2.525s] -- Up-to-date: /home/abdelrhaman/microros_ws/install/complex_msgs/include/complex_msgs/complex_msgs/msg/multi_string_test.hpp
[2.525s] -- Up-to-date: /home/abdelrhaman/microros_ws/install/complex_msgs/include/complex_msgs/complex_msgs/msg/nested_msg_test.hpp
[2.525s] -- Up-to-date: /home/abdelrhaman/microros_ws/install/complex_msgs/include/complex_msgs/complex_msgs
[2.526s] -- Up-to-date: /home/abdelrhaman/microros_ws/install/complex_msgs/include/complex_msgs/complex_msgs/msg
[2.526s] -- Up-to-date: /home/abdelrhaman/microros_ws/install/complex_msgs/include/complex_msgs/complex_msgs/msg/detail
[2.526s] -- Up-to-date: /home/abdelrhaman/microros_ws/install/complex_msgs/include/complex_msgs/complex_msgs/msg/detail/nested_msg_test__rosidl_typesupport_fastrtps_cpp.hpp
[2.526s] -- Up-to-date: /home/abdelrhaman/microros_ws/install/complex_msgs/include/complex_msgs/complex_msgs/msg/detail/multi_string_test__rosidl_typesupport_fastrtps_cpp.hpp
[2.526s] -- Up-to-date: /home/abdelrhaman/microros_ws/install/complex_msgs/include/complex_msgs/complex_msgs/msg/detail/dds_fastrtps
[2.526s] -- Up-to-date: /home/abdelrhaman/microros_ws/install/complex_msgs/include/complex_msgs/complex_msgs/msg/rosidl_typesupport_fastrtps_cpp__visibility_control.h
[2.532s] -- Up-to-date: /home/abdelrhaman/microros_ws/install/complex_msgs/lib/libcomplex_msgs__rosidl_typesupport_fastrtps_cpp.so
[2.532s] -- Up-to-date: /home/abdelrhaman/microros_ws/install/complex_msgs/include/complex_msgs/complex_msgs
[2.533s] -- Up-to-date: /home/abdelrhaman/microros_ws/install/complex_msgs/include/complex_msgs/complex_msgs/msg
[2.533s] -- Up-to-date: /home/abdelrhaman/microros_ws/install/complex_msgs/include/complex_msgs/complex_msgs/msg/rosidl_typesupport_introspection_c__visibility_control.h
[2.533s] -- Up-to-date: /home/abdelrhaman/microros_ws/install/complex_msgs/include/complex_msgs/complex_msgs/msg/detail
[2.533s] -- Up-to-date: /home/abdelrhaman/microros_ws/install/complex_msgs/include/complex_msgs/complex_msgs/msg/detail/multi_string_test__rosidl_typesupport_introspection_c.h
[2.533s] -- Up-to-date: /home/abdelrhaman/microros_ws/install/complex_msgs/include/complex_msgs/complex_msgs/msg/detail/multi_string_test__type_support.c
[2.533s] -- Up-to-date: /home/abdelrhaman/microros_ws/install/complex_msgs/include/complex_msgs/complex_msgs/msg/detail/nested_msg_test__rosidl_typesupport_introspection_c.h
[2.533s] -- Up-to-date: /home/abdelrhaman/microros_ws/install/complex_msgs/include/complex_msgs/complex_msgs/msg/detail/nested_msg_test__type_support.c
[2.533s] -- Up-to-date: /home/abdelrhaman/microros_ws/install/complex_msgs/lib/libcomplex_msgs__rosidl_typesupport_introspection_c.so
[2.533s] -- Installing: /home/abdelrhaman/microros_ws/install/complex_msgs/lib/libcomplex_msgs__rosidl_typesupport_c.so
[2.533s] -- Set runtime path of "/home/abdelrhaman/microros_ws/install/complex_msgs/lib/libcomplex_msgs__rosidl_typesupport_c.so" to ""
[2.533s] -- Up-to-date: /home/abdelrhaman/microros_ws/install/complex_msgs/include/complex_msgs/complex_msgs
[2.533s] -- Up-to-date: /home/abdelrhaman/microros_ws/install/complex_msgs/include/complex_msgs/complex_msgs/msg
[2.533s] -- Up-to-date: /home/abdelrhaman/microros_ws/install/complex_msgs/include/complex_msgs/complex_msgs/msg/detail
[2.533s] -- Up-to-date: /home/abdelrhaman/microros_ws/install/complex_msgs/include/complex_msgs/complex_msgs/msg/detail/nested_msg_test__rosidl_typesupport_introspection_cpp.hpp
[2.534s] -- Up-to-date: /home/abdelrhaman/microros_ws/install/complex_msgs/include/complex_msgs/complex_msgs/msg/detail/multi_string_test__type_support.cpp
[2.534s] -- Up-to-date: /home/abdelrhaman/microros_ws/install/complex_msgs/include/complex_msgs/complex_msgs/msg/detail/multi_string_test__rosidl_typesupport_introspection_cpp.hpp
[2.534s] -- Up-to-date: /home/abdelrhaman/microros_ws/install/complex_msgs/include/complex_msgs/complex_msgs/msg/detail/nested_msg_test__type_support.cpp
[2.534s] -- Up-to-date: /home/abdelrhaman/microros_ws/install/complex_msgs/lib/libcomplex_msgs__rosidl_typesupport_introspection_cpp.so
[2.534s] -- Installing: /home/abdelrhaman/microros_ws/install/complex_msgs/lib/libcomplex_msgs__rosidl_typesupport_cpp.so
[2.534s] -- Set runtime path of "/home/abdelrhaman/microros_ws/install/complex_msgs/lib/libcomplex_msgs__rosidl_typesupport_cpp.so" to ""
[2.534s] -- Up-to-date: /home/abdelrhaman/microros_ws/install/complex_msgs/share/complex_msgs/environment/pythonpath.sh
[2.534s] -- Installing: /home/abdelrhaman/microros_ws/install/complex_msgs/share/complex_msgs/environment/pythonpath.dsv
[2.534s] -- Up-to-date: /home/abdelrhaman/microros_ws/install/complex_msgs/local/lib/python3.10/dist-packages/complex_msgs-3.0.2-py3.10.egg-info
[2.534s] -- Installing: /home/abdelrhaman/microros_ws/install/complex_msgs/local/lib/python3.10/dist-packages/complex_msgs-3.0.2-py3.10.egg-info/PKG-INFO
[2.534s] -- Installing: /home/abdelrhaman/microros_ws/install/complex_msgs/local/lib/python3.10/dist-packages/complex_msgs-3.0.2-py3.10.egg-info/SOURCES.txt
[2.534s] -- Installing: /home/abdelrhaman/microros_ws/install/complex_msgs/local/lib/python3.10/dist-packages/complex_msgs-3.0.2-py3.10.egg-info/top_level.txt
[2.534s] -- Installing: /home/abdelrhaman/microros_ws/install/complex_msgs/local/lib/python3.10/dist-packages/complex_msgs-3.0.2-py3.10.egg-info/dependency_links.txt
[2.535s] -- Up-to-date: /home/abdelrhaman/microros_ws/install/complex_msgs/local/lib/python3.10/dist-packages/complex_msgs
[2.535s] -- Up-to-date: /home/abdelrhaman/microros_ws/install/complex_msgs/local/lib/python3.10/dist-packages/complex_msgs/_complex_msgs_s.ep.rosidl_typesupport_microxrcedds_c.c
[2.535s] -- Up-to-date: /home/abdelrhaman/microros_ws/install/complex_msgs/local/lib/python3.10/dist-packages/complex_msgs/_complex_msgs_s.ep.rosidl_typesupport_fastrtps_c.c
[2.535s] -- Installing: /home/abdelrhaman/microros_ws/install/complex_msgs/local/lib/python3.10/dist-packages/complex_msgs/_complex_msgs_s.ep.rosidl_typesupport_c.c
[2.535s] -- Up-to-date: /home/abdelrhaman/microros_ws/install/complex_msgs/local/lib/python3.10/dist-packages/complex_msgs/complex_msgs_s__rosidl_typesupport_microxrcedds_c.cpython-310-x86_64-linux-gnu.so
[2.539s] -- Installing: /home/abdelrhaman/microros_ws/install/complex_msgs/local/lib/python3.10/dist-packages/complex_msgs/_complex_msgs_s.ep.rosidl_typesupport_introspection_c.c
[2.539s] -- Installing: /home/abdelrhaman/microros_ws/install/complex_msgs/local/lib/python3.10/dist-packages/complex_msgs/__init__.py
[2.539s] -- Installing: /home/abdelrhaman/microros_ws/install/complex_msgs/local/lib/python3.10/dist-packages/complex_msgs/libcomplex_msgs__rosidl_generator_py.so
[2.539s] -- Up-to-date: /home/abdelrhaman/microros_ws/install/complex_msgs/local/lib/python3.10/dist-packages/complex_msgs/msg
[2.539s] -- Installing: /home/abdelrhaman/microros_ws/install/complex_msgs/local/lib/python3.10/dist-packages/complex_msgs/msg/_nested_msg_test.py
[2.540s] -- Installing: /home/abdelrhaman/microros_ws/install/complex_msgs/local/lib/python3.10/dist-packages/complex_msgs/msg/_multi_string_test.py
[2.540s] -- Up-to-date: /home/abdelrhaman/microros_ws/install/complex_msgs/local/lib/python3.10/dist-packages/complex_msgs/msg/_nested_msg_test_s.c
[2.540s] -- Installing: /home/abdelrhaman/microros_ws/install/complex_msgs/local/lib/python3.10/dist-packages/complex_msgs/msg/__init__.py
[2.540s] -- Installing: /home/abdelrhaman/microros_ws/install/complex_msgs/local/lib/python3.10/dist-packages/complex_msgs/msg/_multi_string_test_s.c
[2.540s] -- Installing: /home/abdelrhaman/microros_ws/install/complex_msgs/local/lib/python3.10/dist-packages/complex_msgs/complex_msgs_s__rosidl_typesupport_introspection_c.cpython-310-x86_64-linux-gnu.so
[2.540s] -- Installing: /home/abdelrhaman/microros_ws/install/complex_msgs/local/lib/python3.10/dist-packages/complex_msgs/complex_msgs_s__rosidl_typesupport_fastrtps_c.cpython-310-x86_64-linux-gnu.so
[2.540s] -- Installing: /home/abdelrhaman/microros_ws/install/complex_msgs/local/lib/python3.10/dist-packages/complex_msgs/complex_msgs_s__rosidl_typesupport_c.cpython-310-x86_64-linux-gnu.so
[2.615s] Listing '/home/abdelrhaman/microros_ws/install/complex_msgs/local/lib/python3.10/dist-packages/complex_msgs'...
[2.615s] Compiling '/home/abdelrhaman/microros_ws/install/complex_msgs/local/lib/python3.10/dist-packages/complex_msgs/__init__.py'...
[2.615s] Listing '/home/abdelrhaman/microros_ws/install/complex_msgs/local/lib/python3.10/dist-packages/complex_msgs/msg'...
[2.615s] Compiling '/home/abdelrhaman/microros_ws/install/complex_msgs/local/lib/python3.10/dist-packages/complex_msgs/msg/__init__.py'...
[2.615s] Compiling '/home/abdelrhaman/microros_ws/install/complex_msgs/local/lib/python3.10/dist-packages/complex_msgs/msg/_multi_string_test.py'...
[2.615s] Compiling '/home/abdelrhaman/microros_ws/install/complex_msgs/local/lib/python3.10/dist-packages/complex_msgs/msg/_nested_msg_test.py'...
[2.627s] -- Installing: /home/abdelrhaman/microros_ws/install/complex_msgs/local/lib/python3.10/dist-packages/complex_msgs/complex_msgs_s__rosidl_typesupport_fastrtps_c.cpython-310-x86_64-linux-gnu.so
[2.628s] -- Set runtime path of "/home/abdelrhaman/microros_ws/install/complex_msgs/local/lib/python3.10/dist-packages/complex_msgs/complex_msgs_s__rosidl_typesupport_fastrtps_c.cpython-310-x86_64-linux-gnu.so" to ""
[2.629s] -- Installing: /home/abdelrhaman/microros_ws/install/complex_msgs/local/lib/python3.10/dist-packages/complex_msgs/complex_msgs_s__rosidl_typesupport_introspection_c.cpython-310-x86_64-linux-gnu.so
[2.629s] -- Set runtime path of "/home/abdelrhaman/microros_ws/install/complex_msgs/local/lib/python3.10/dist-packages/complex_msgs/complex_msgs_s__rosidl_typesupport_introspection_c.cpython-310-x86_64-linux-gnu.so" to ""
[2.630s] -- Installing: /home/abdelrhaman/microros_ws/install/complex_msgs/local/lib/python3.10/dist-packages/complex_msgs/complex_msgs_s__rosidl_typesupport_c.cpython-310-x86_64-linux-gnu.so
[2.631s] -- Set runtime path of "/home/abdelrhaman/microros_ws/install/complex_msgs/local/lib/python3.10/dist-packages/complex_msgs/complex_msgs_s__rosidl_typesupport_c.cpython-310-x86_64-linux-gnu.so" to ""
[2.632s] -- Installing: /home/abdelrhaman/microros_ws/install/complex_msgs/lib/libcomplex_msgs__rosidl_generator_py.so
[2.633s] -- Set runtime path of "/home/abdelrhaman/microros_ws/install/complex_msgs/lib/libcomplex_msgs__rosidl_generator_py.so" to ""
[2.634s] -- Up-to-date: /home/abdelrhaman/microros_ws/install/complex_msgs/share/complex_msgs/msg/MultiStringTest.idl
[2.634s] -- Up-to-date: /home/abdelrhaman/microros_ws/install/complex_msgs/share/complex_msgs/msg/NestedMsgTest.idl
[2.634s] -- Up-to-date: /home/abdelrhaman/microros_ws/install/complex_msgs/share/complex_msgs/msg/MultiStringTest.msg
[2.635s] -- Up-to-date: /home/abdelrhaman/microros_ws/install/complex_msgs/share/complex_msgs/msg/NestedMsgTest.msg
[2.638s] -- Up-to-date: /home/abdelrhaman/microros_ws/install/complex_msgs/share/ament_index/resource_index/package_run_dependencies/complex_msgs
[2.639s] -- Installing: /home/abdelrhaman/microros_ws/install/complex_msgs/share/ament_index/resource_index/parent_prefix_path/complex_msgs
[2.639s] -- Up-to-date: /home/abdelrhaman/microros_ws/install/complex_msgs/share/complex_msgs/environment/ament_prefix_path.sh
[2.639s] -- Installing: /home/abdelrhaman/microros_ws/install/complex_msgs/share/complex_msgs/environment/ament_prefix_path.dsv
[2.639s] -- Up-to-date: /home/abdelrhaman/microros_ws/install/complex_msgs/share/complex_msgs/environment/path.sh
[2.639s] -- Installing: /home/abdelrhaman/microros_ws/install/complex_msgs/share/complex_msgs/environment/path.dsv
[2.639s] -- Up-to-date: /home/abdelrhaman/microros_ws/install/complex_msgs/share/complex_msgs/local_setup.bash
[2.639s] -- Up-to-date: /home/abdelrhaman/microros_ws/install/complex_msgs/share/complex_msgs/local_setup.sh
[2.640s] -- Up-to-date: /home/abdelrhaman/microros_ws/install/complex_msgs/share/complex_msgs/local_setup.zsh
[2.644s] -- Installing: /home/abdelrhaman/microros_ws/install/complex_msgs/share/complex_msgs/local_setup.dsv
[2.645s] -- Installing: /home/abdelrhaman/microros_ws/install/complex_msgs/share/complex_msgs/package.dsv
[2.645s] -- Up-to-date: /home/abdelrhaman/microros_ws/install/complex_msgs/share/ament_index/resource_index/packages/complex_msgs
[2.645s] -- Up-to-date: /home/abdelrhaman/microros_ws/install/complex_msgs/share/complex_msgs/cmake/export_complex_msgs__rosidl_generator_cExport.cmake
[2.645s] -- Up-to-date: /home/abdelrhaman/microros_ws/install/complex_msgs/share/complex_msgs/cmake/export_complex_msgs__rosidl_generator_cExport-noconfig.cmake
[2.645s] -- Up-to-date: /home/abdelrhaman/microros_ws/install/complex_msgs/share/complex_msgs/cmake/export_complex_msgs__rosidl_typesupport_fastrtps_cExport.cmake
[2.645s] -- Up-to-date: /home/abdelrhaman/microros_ws/install/complex_msgs/share/complex_msgs/cmake/export_complex_msgs__rosidl_typesupport_fastrtps_cExport-noconfig.cmake
[2.645s] -- Up-to-date: /home/abdelrhaman/microros_ws/install/complex_msgs/share/complex_msgs/cmake/export_complex_msgs__rosidl_generator_cppExport.cmake
[2.645s] -- Up-to-date: /home/abdelrhaman/microros_ws/install/complex_msgs/share/complex_msgs/cmake/export_complex_msgs__rosidl_typesupport_fastrtps_cppExport.cmake
[2.645s] -- Up-to-date: /home/abdelrhaman/microros_ws/install/complex_msgs/share/complex_msgs/cmake/export_complex_msgs__rosidl_typesupport_fastrtps_cppExport-noconfig.cmake
[2.646s] -- Up-to-date: /home/abdelrhaman/microros_ws/install/complex_msgs/share/complex_msgs/cmake/complex_msgs__rosidl_typesupport_introspection_cExport.cmake
[2.646s] -- Up-to-date: /home/abdelrhaman/microros_ws/install/complex_msgs/share/complex_msgs/cmake/complex_msgs__rosidl_typesupport_introspection_cExport-noconfig.cmake
[2.646s] -- Up-to-date: /home/abdelrhaman/microros_ws/install/complex_msgs/share/complex_msgs/cmake/complex_msgs__rosidl_typesupport_cExport.cmake
[2.646s] -- Up-to-date: /home/abdelrhaman/microros_ws/install/complex_msgs/share/complex_msgs/cmake/complex_msgs__rosidl_typesupport_cExport-noconfig.cmake
[2.646s] -- Up-to-date: /home/abdelrhaman/microros_ws/install/complex_msgs/share/complex_msgs/cmake/complex_msgs__rosidl_typesupport_introspection_cppExport.cmake
[2.646s] -- Up-to-date: /home/abdelrhaman/microros_ws/install/complex_msgs/share/complex_msgs/cmake/complex_msgs__rosidl_typesupport_introspection_cppExport-noconfig.cmake
[2.646s] -- Up-to-date: /home/abdelrhaman/microros_ws/install/complex_msgs/share/complex_msgs/cmake/complex_msgs__rosidl_typesupport_cppExport.cmake
[2.646s] -- Up-to-date: /home/abdelrhaman/microros_ws/install/complex_msgs/share/complex_msgs/cmake/complex_msgs__rosidl_typesupport_cppExport-noconfig.cmake
[2.646s] -- Up-to-date: /home/abdelrhaman/microros_ws/install/complex_msgs/share/complex_msgs/cmake/export_complex_msgs__rosidl_generator_pyExport.cmake
[2.646s] -- Up-to-date: /home/abdelrhaman/microros_ws/install/complex_msgs/share/complex_msgs/cmake/export_complex_msgs__rosidl_generator_pyExport-noconfig.cmake
[2.646s] -- Up-to-date: /home/abdelrhaman/microros_ws/install/complex_msgs/share/complex_msgs/cmake/rosidl_cmake-extras.cmake
[2.646s] -- Up-to-date: /home/abdelrhaman/microros_ws/install/complex_msgs/share/complex_msgs/cmake/ament_cmake_export_dependencies-extras.cmake
[2.647s] -- Installing: /home/abdelrhaman/microros_ws/install/complex_msgs/share/complex_msgs/cmake/ament_cmake_export_include_directories-extras.cmake
[2.650s] -- Up-to-date: /home/abdelrhaman/microros_ws/install/complex_msgs/share/complex_msgs/cmake/ament_cmake_export_libraries-extras.cmake
[2.650s] -- Up-to-date: /home/abdelrhaman/microros_ws/install/complex_msgs/share/complex_msgs/cmake/ament_cmake_export_targets-extras.cmake
[2.650s] -- Up-to-date: /home/abdelrhaman/microros_ws/install/complex_msgs/share/complex_msgs/cmake/rosidl_cmake_export_typesupport_targets-extras.cmake
[2.651s] -- Installing: /home/abdelrhaman/microros_ws/install/complex_msgs/share/complex_msgs/cmake/rosidl_cmake_export_typesupport_libraries-extras.cmake
[2.651s] -- Up-to-date: /home/abdelrhaman/microros_ws/install/complex_msgs/share/complex_msgs/cmake/complex_msgsConfig.cmake
[2.651s] -- Up-to-date: /home/abdelrhaman/microros_ws/install/complex_msgs/share/complex_msgs/cmake/complex_msgsConfig-version.cmake
[2.651s] -- Up-to-date: /home/abdelrhaman/microros_ws/install/complex_msgs/share/complex_msgs/package.xml
[2.657s] Invoked command in '/home/abdelrhaman/microros_ws/build/complex_msgs' returned '0': AMENT_PREFIX_PATH=/home/abdelrhaman/microros_ws/install/builtin_interfaces:${AMENT_PREFIX_PATH} CMAKE_PREFIX_PATH=/home/abdelrhaman/microros_ws/install/builtin_interfaces:/home/abdelrhaman/ros/install/my_robot_controller:/opt/ros/humble LD_LIBRARY_PATH=/home/abdelrhaman/microros_ws/install/builtin_interfaces/lib:${LD_LIBRARY_PATH} PYTHONPATH=/home/abdelrhaman/microros_ws/install/builtin_interfaces/local/lib/python3.10/dist-packages:${PYTHONPATH} /usr/bin/cmake --install /home/abdelrhaman/microros_ws/build/complex_msgs
