[0.011s] Invoking command in '/home/abdelrhaman/microros_ws/build/actionlib_msgs': AMENT_PREFIX_PATH=/home/abdelrhaman/microros_ws/install/std_msgs:/home/abdelrhaman/microros_ws/install/builtin_interfaces:${AMENT_PREFIX_PATH} CMAKE_PREFIX_PATH=/home/abdelrhaman/microros_ws/install/std_msgs:/home/abdelrhaman/microros_ws/install/builtin_interfaces:/home/abdelrhaman/ros/install/my_robot_controller:/opt/ros/humble LD_LIBRARY_PATH=/home/abdelrhaman/microros_ws/install/std_msgs/lib:/home/abdelrhaman/microros_ws/install/builtin_interfaces/lib:${LD_LIBRARY_PATH} PYTHONPATH=/home/abdelrhaman/microros_ws/install/std_msgs/local/lib/python3.10/dist-packages:/home/abdelrhaman/microros_ws/install/builtin_interfaces/local/lib/python3.10/dist-packages:${PYTHONPATH} /usr/bin/cmake /home/abdelrhaman/microros_ws/src/ros2/common_interfaces/actionlib_msgs -DCMAKE_INSTALL_PREFIX=/home/abdelrhaman/microros_ws/install/actionlib_msgs
[0.022s] -- Found ament_cmake: 1.3.10 (/opt/ros/humble/share/ament_cmake/cmake)
[0.132s] -- Found builtin_interfaces: 1.2.1 (/home/abdelrhaman/microros_ws/install/builtin_interfaces/share/builtin_interfaces/cmake)
[0.158s] -- Found rosidl_generator_c: 3.1.5 (/opt/ros/humble/share/rosidl_generator_c/cmake)
[0.160s] -- Found rosidl_adapter: 3.1.5 (/opt/ros/humble/share/rosidl_adapter/cmake)
[0.164s] -- Found rosidl_generator_cpp: 3.1.5 (/opt/ros/humble/share/rosidl_generator_cpp/cmake)
[0.171s] -- Using all available rosidl_typesupport_c: rosidl_typesupport_fastrtps_c;rosidl_typesupport_introspection_c
[0.180s] -- Using all available rosidl_typesupport_cpp: rosidl_typesupport_fastrtps_cpp;rosidl_typesupport_introspection_cpp
[0.187s] -- Found rosidl_default_generators: 1.2.0 (/opt/ros/humble/share/rosidl_default_generators/cmake)
[0.191s] -- Found std_msgs: 4.2.4 (/home/abdelrhaman/microros_ws/install/std_msgs/share/std_msgs/cmake)
[0.495s] -- Found ament_cmake_ros: 0.10.0 (/opt/ros/humble/share/ament_cmake_ros/cmake)
[0.962s] -- Using all available rosidl_typesupport_c: rosidl_typesupport_fastrtps_c;rosidl_typesupport_introspection_c
[1.307s] -- Using all available rosidl_typesupport_cpp: rosidl_typesupport_fastrtps_cpp;rosidl_typesupport_introspection_cpp
[1.379s] -- Found python_cmake_module: 0.10.0 (/opt/ros/humble/share/python_cmake_module/cmake)
[1.411s] -- Using PYTHON_EXECUTABLE: /usr/bin/python3
[1.411s] -- Using PYTHON_INCLUDE_DIRS: /usr/include/python3.10
[1.412s] -- Using PYTHON_LIBRARIES: /usr/lib/x86_64-linux-gnu/libpython3.10.so
[1.540s] -- Configuring done
[1.602s] -- Generating done
[1.606s] -- Build files have been written to: /home/abdelrhaman/microros_ws/build/actionlib_msgs
[1.613s] Invoked command in '/home/abdelrhaman/microros_ws/build/actionlib_msgs' returned '0': AMENT_PREFIX_PATH=/home/abdelrhaman/microros_ws/install/std_msgs:/home/abdelrhaman/microros_ws/install/builtin_interfaces:${AMENT_PREFIX_PATH} CMAKE_PREFIX_PATH=/home/abdelrhaman/microros_ws/install/std_msgs:/home/abdelrhaman/microros_ws/install/builtin_interfaces:/home/abdelrhaman/ros/install/my_robot_controller:/opt/ros/humble LD_LIBRARY_PATH=/home/abdelrhaman/microros_ws/install/std_msgs/lib:/home/abdelrhaman/microros_ws/install/builtin_interfaces/lib:${LD_LIBRARY_PATH} PYTHONPATH=/home/abdelrhaman/microros_ws/install/std_msgs/local/lib/python3.10/dist-packages:/home/abdelrhaman/microros_ws/install/builtin_interfaces/local/lib/python3.10/dist-packages:${PYTHONPATH} /usr/bin/cmake /home/abdelrhaman/microros_ws/src/ros2/common_interfaces/actionlib_msgs -DCMAKE_INSTALL_PREFIX=/home/abdelrhaman/microros_ws/install/actionlib_msgs
[1.614s] Invoking command in '/home/abdelrhaman/microros_ws/build/actionlib_msgs': AMENT_PREFIX_PATH=/home/abdelrhaman/microros_ws/install/std_msgs:/home/abdelrhaman/microros_ws/install/builtin_interfaces:${AMENT_PREFIX_PATH} CMAKE_PREFIX_PATH=/home/abdelrhaman/microros_ws/install/std_msgs:/home/abdelrhaman/microros_ws/install/builtin_interfaces:/home/abdelrhaman/ros/install/my_robot_controller:/opt/ros/humble LD_LIBRARY_PATH=/home/abdelrhaman/microros_ws/install/std_msgs/lib:/home/abdelrhaman/microros_ws/install/builtin_interfaces/lib:${LD_LIBRARY_PATH} PYTHONPATH=/home/abdelrhaman/microros_ws/install/std_msgs/local/lib/python3.10/dist-packages:/home/abdelrhaman/microros_ws/install/builtin_interfaces/local/lib/python3.10/dist-packages:${PYTHONPATH} /usr/bin/cmake --build /home/abdelrhaman/microros_ws/build/actionlib_msgs -- -j20 -l20
[1.644s] [35m[1mConsolidate compiler generated dependencies of target actionlib_msgs__rosidl_generator_c[0m
[1.649s] [  2%] Built target actionlib_msgs__cpp
[1.653s] [ 12%] Built target actionlib_msgs__rosidl_generator_c
[1.654s] [ 12%] Built target ament_cmake_python_copy_actionlib_msgs
[1.655s] [ 14%] [34m[1mGenerating C++ type support dispatch for ROS interfaces[0m
[1.656s] [35m[1mConsolidate compiler generated dependencies of target actionlib_msgs__rosidl_typesupport_introspection_cpp[0m
[1.660s] [ 17%] [34m[1mGenerating C type support dispatch for ROS interfaces[0m
[1.660s] [35m[1mConsolidate compiler generated dependencies of target actionlib_msgs__rosidl_typesupport_fastrtps_cpp[0m
[1.661s] [35m[1mConsolidate compiler generated dependencies of target actionlib_msgs__rosidl_typesupport_fastrtps_c[0m
[1.664s] [35m[1mConsolidate compiler generated dependencies of target actionlib_msgs__rosidl_typesupport_introspection_c[0m
[1.664s] [ 27%] Built target actionlib_msgs__rosidl_typesupport_introspection_cpp
[1.669s] [ 38%] Built target actionlib_msgs__rosidl_typesupport_fastrtps_c
[1.671s] [ 48%] Built target actionlib_msgs__rosidl_typesupport_fastrtps_cpp
[1.672s] [ 59%] Built target actionlib_msgs__rosidl_typesupport_introspection_c
[2.133s] [35m[1mConsolidate compiler generated dependencies of target actionlib_msgs__rosidl_typesupport_cpp[0m
[2.155s] [ 61%] [32mBuilding CXX object CMakeFiles/actionlib_msgs__rosidl_typesupport_cpp.dir/rosidl_typesupport_cpp/actionlib_msgs/msg/goal_status__type_support.cpp.o[0m
[2.155s] [ 63%] [32mBuilding CXX object CMakeFiles/actionlib_msgs__rosidl_typesupport_cpp.dir/rosidl_typesupport_cpp/actionlib_msgs/msg/goal_id__type_support.cpp.o[0m
[2.156s] [ 65%] [32mBuilding CXX object CMakeFiles/actionlib_msgs__rosidl_typesupport_cpp.dir/rosidl_typesupport_cpp/actionlib_msgs/msg/goal_status_array__type_support.cpp.o[0m
[2.170s] [35m[1mConsolidate compiler generated dependencies of target actionlib_msgs__rosidl_typesupport_c[0m
[2.180s] [ 68%] [32mBuilding CXX object CMakeFiles/actionlib_msgs__rosidl_typesupport_c.dir/rosidl_typesupport_c/actionlib_msgs/msg/goal_id__type_support.cpp.o[0m
[2.180s] [ 70%] [32mBuilding CXX object CMakeFiles/actionlib_msgs__rosidl_typesupport_c.dir/rosidl_typesupport_c/actionlib_msgs/msg/goal_status_array__type_support.cpp.o[0m
[2.181s] [ 72%] [32mBuilding CXX object CMakeFiles/actionlib_msgs__rosidl_typesupport_c.dir/rosidl_typesupport_c/actionlib_msgs/msg/goal_status__type_support.cpp.o[0m
[2.211s] [ 74%] [32m[1mLinking CXX shared library libactionlib_msgs__rosidl_typesupport_c.so[0m
[2.245s] [ 74%] Built target actionlib_msgs__rosidl_typesupport_c
[2.301s] running egg_info
[2.347s] writing actionlib_msgs.egg-info/PKG-INFO
[2.392s] writing dependency_links to actionlib_msgs.egg-info/dependency_links.txt
[2.436s] [ 76%] [32m[1mLinking CXX shared library libactionlib_msgs__rosidl_typesupport_cpp.so[0m
[2.465s] [ 76%] Built target actionlib_msgs__rosidl_typesupport_cpp
[2.482s] [ 76%] Built target actionlib_msgs
[2.498s] [ 78%] Built target actionlib_msgs__py
[2.509s] [35m[1mConsolidate compiler generated dependencies of target actionlib_msgs__rosidl_generator_py[0m
[2.521s] [ 80%] [32m[1mLinking C shared library rosidl_generator_py/actionlib_msgs/libactionlib_msgs__rosidl_generator_py.so[0m
[2.556s] [ 87%] Built target actionlib_msgs__rosidl_generator_py
[2.564s] [35m[1mConsolidate compiler generated dependencies of target actionlib_msgs__rosidl_typesupport_c__pyext[0m
[2.566s] [35m[1mConsolidate compiler generated dependencies of target actionlib_msgs__rosidl_typesupport_fastrtps_c__pyext[0m
[2.566s] [35m[1mConsolidate compiler generated dependencies of target actionlib_msgs__rosidl_typesupport_introspection_c__pyext[0m
[2.574s] [ 91%] [32m[1mLinking C shared library rosidl_generator_py/actionlib_msgs/actionlib_msgs_s__rosidl_typesupport_introspection_c.cpython-310-x86_64-linux-gnu.so[0m
[2.574s] [ 91%] [32m[1mLinking C shared library rosidl_generator_py/actionlib_msgs/actionlib_msgs_s__rosidl_typesupport_fastrtps_c.cpython-310-x86_64-linux-gnu.so[0m
[2.576s] [ 93%] [32m[1mLinking C shared library rosidl_generator_py/actionlib_msgs/actionlib_msgs_s__rosidl_typesupport_c.cpython-310-x86_64-linux-gnu.so[0m
[2.578s] writing top-level names to actionlib_msgs.egg-info/top_level.txt
[2.601s] [ 95%] Built target actionlib_msgs__rosidl_typesupport_fastrtps_c__pyext
[2.604s] [ 97%] Built target actionlib_msgs__rosidl_typesupport_introspection_c__pyext
[2.606s] [100%] Built target actionlib_msgs__rosidl_typesupport_c__pyext
[2.642s] reading manifest file 'actionlib_msgs.egg-info/SOURCES.txt'
[2.642s] writing manifest file 'actionlib_msgs.egg-info/SOURCES.txt'
[2.668s] [100%] Built target ament_cmake_python_build_actionlib_msgs_egg
[2.694s] Invoked command in '/home/abdelrhaman/microros_ws/build/actionlib_msgs' returned '0': AMENT_PREFIX_PATH=/home/abdelrhaman/microros_ws/install/std_msgs:/home/abdelrhaman/microros_ws/install/builtin_interfaces:${AMENT_PREFIX_PATH} CMAKE_PREFIX_PATH=/home/abdelrhaman/microros_ws/install/std_msgs:/home/abdelrhaman/microros_ws/install/builtin_interfaces:/home/abdelrhaman/ros/install/my_robot_controller:/opt/ros/humble LD_LIBRARY_PATH=/home/abdelrhaman/microros_ws/install/std_msgs/lib:/home/abdelrhaman/microros_ws/install/builtin_interfaces/lib:${LD_LIBRARY_PATH} PYTHONPATH=/home/abdelrhaman/microros_ws/install/std_msgs/local/lib/python3.10/dist-packages:/home/abdelrhaman/microros_ws/install/builtin_interfaces/local/lib/python3.10/dist-packages:${PYTHONPATH} /usr/bin/cmake --build /home/abdelrhaman/microros_ws/build/actionlib_msgs -- -j20 -l20
[2.766s] Invoking command in '/home/abdelrhaman/microros_ws/build/actionlib_msgs': AMENT_PREFIX_PATH=/home/abdelrhaman/microros_ws/install/std_msgs:/home/abdelrhaman/microros_ws/install/builtin_interfaces:${AMENT_PREFIX_PATH} CMAKE_PREFIX_PATH=/home/abdelrhaman/microros_ws/install/std_msgs:/home/abdelrhaman/microros_ws/install/builtin_interfaces:/home/abdelrhaman/ros/install/my_robot_controller:/opt/ros/humble LD_LIBRARY_PATH=/home/abdelrhaman/microros_ws/install/std_msgs/lib:/home/abdelrhaman/microros_ws/install/builtin_interfaces/lib:${LD_LIBRARY_PATH} PYTHONPATH=/home/abdelrhaman/microros_ws/install/std_msgs/local/lib/python3.10/dist-packages:/home/abdelrhaman/microros_ws/install/builtin_interfaces/local/lib/python3.10/dist-packages:${PYTHONPATH} /usr/bin/cmake --install /home/abdelrhaman/microros_ws/build/actionlib_msgs
[2.772s] -- Install configuration: ""
[2.772s] -- Up-to-date: /home/abdelrhaman/microros_ws/install/actionlib_msgs/share/ament_index/resource_index/rosidl_interfaces/actionlib_msgs
[2.772s] -- Up-to-date: /home/abdelrhaman/microros_ws/install/actionlib_msgs/include/actionlib_msgs/actionlib_msgs
[2.772s] -- Up-to-date: /home/abdelrhaman/microros_ws/install/actionlib_msgs/include/actionlib_msgs/actionlib_msgs/msg
[2.772s] -- Up-to-date: /home/abdelrhaman/microros_ws/install/actionlib_msgs/include/actionlib_msgs/actionlib_msgs/msg/rosidl_generator_c__visibility_control.h
[2.772s] -- Up-to-date: /home/abdelrhaman/microros_ws/install/actionlib_msgs/include/actionlib_msgs/actionlib_msgs/msg/detail
[2.772s] -- Up-to-date: /home/abdelrhaman/microros_ws/install/actionlib_msgs/include/actionlib_msgs/actionlib_msgs/msg/detail/goal_status_array__functions.c
[2.773s] -- Up-to-date: /home/abdelrhaman/microros_ws/install/actionlib_msgs/include/actionlib_msgs/actionlib_msgs/msg/detail/goal_status_array__type_support.h
[2.773s] -- Up-to-date: /home/abdelrhaman/microros_ws/install/actionlib_msgs/include/actionlib_msgs/actionlib_msgs/msg/detail/goal_id__type_support.h
[2.773s] -- Up-to-date: /home/abdelrhaman/microros_ws/install/actionlib_msgs/include/actionlib_msgs/actionlib_msgs/msg/detail/goal_status__functions.c
[2.773s] -- Up-to-date: /home/abdelrhaman/microros_ws/install/actionlib_msgs/include/actionlib_msgs/actionlib_msgs/msg/detail/goal_status__struct.h
[2.773s] -- Up-to-date: /home/abdelrhaman/microros_ws/install/actionlib_msgs/include/actionlib_msgs/actionlib_msgs/msg/detail/goal_id__struct.h
[2.773s] -- Up-to-date: /home/abdelrhaman/microros_ws/install/actionlib_msgs/include/actionlib_msgs/actionlib_msgs/msg/detail/goal_id__functions.h
[2.773s] -- Up-to-date: /home/abdelrhaman/microros_ws/install/actionlib_msgs/include/actionlib_msgs/actionlib_msgs/msg/detail/goal_id__functions.c
[2.773s] -- Up-to-date: /home/abdelrhaman/microros_ws/install/actionlib_msgs/include/actionlib_msgs/actionlib_msgs/msg/detail/goal_status_array__struct.h
[2.773s] -- Up-to-date: /home/abdelrhaman/microros_ws/install/actionlib_msgs/include/actionlib_msgs/actionlib_msgs/msg/detail/goal_status__functions.h
[2.773s] -- Up-to-date: /home/abdelrhaman/microros_ws/install/actionlib_msgs/include/actionlib_msgs/actionlib_msgs/msg/detail/goal_status__type_support.h
[2.773s] -- Up-to-date: /home/abdelrhaman/microros_ws/install/actionlib_msgs/include/actionlib_msgs/actionlib_msgs/msg/detail/goal_status_array__functions.h
[2.773s] -- Up-to-date: /home/abdelrhaman/microros_ws/install/actionlib_msgs/include/actionlib_msgs/actionlib_msgs/msg/goal_status_array.h
[2.773s] -- Up-to-date: /home/abdelrhaman/microros_ws/install/actionlib_msgs/include/actionlib_msgs/actionlib_msgs/msg/goal_status.h
[2.773s] -- Up-to-date: /home/abdelrhaman/microros_ws/install/actionlib_msgs/include/actionlib_msgs/actionlib_msgs/msg/goal_id.h
[2.773s] -- Up-to-date: /home/abdelrhaman/microros_ws/install/actionlib_msgs/share/actionlib_msgs/environment/library_path.sh
[2.773s] -- Installing: /home/abdelrhaman/microros_ws/install/actionlib_msgs/share/actionlib_msgs/environment/library_path.dsv
[2.774s] -- Up-to-date: /home/abdelrhaman/microros_ws/install/actionlib_msgs/lib/libactionlib_msgs__rosidl_generator_c.so
[2.774s] -- Up-to-date: /home/abdelrhaman/microros_ws/install/actionlib_msgs/include/actionlib_msgs/actionlib_msgs
[2.774s] -- Up-to-date: /home/abdelrhaman/microros_ws/install/actionlib_msgs/include/actionlib_msgs/actionlib_msgs/msg
[2.774s] -- Up-to-date: /home/abdelrhaman/microros_ws/install/actionlib_msgs/include/actionlib_msgs/actionlib_msgs/msg/detail
[2.774s] -- Up-to-date: /home/abdelrhaman/microros_ws/install/actionlib_msgs/include/actionlib_msgs/actionlib_msgs/msg/detail/goal_status_array__rosidl_typesupport_fastrtps_c.h
[2.774s] -- Up-to-date: /home/abdelrhaman/microros_ws/install/actionlib_msgs/include/actionlib_msgs/actionlib_msgs/msg/detail/goal_id__rosidl_typesupport_fastrtps_c.h
[2.774s] -- Up-to-date: /home/abdelrhaman/microros_ws/install/actionlib_msgs/include/actionlib_msgs/actionlib_msgs/msg/detail/goal_status__rosidl_typesupport_fastrtps_c.h
[2.774s] -- Up-to-date: /home/abdelrhaman/microros_ws/install/actionlib_msgs/include/actionlib_msgs/actionlib_msgs/msg/rosidl_typesupport_fastrtps_c__visibility_control.h
[2.774s] -- Up-to-date: /home/abdelrhaman/microros_ws/install/actionlib_msgs/lib/libactionlib_msgs__rosidl_typesupport_fastrtps_c.so
[2.774s] -- Up-to-date: /home/abdelrhaman/microros_ws/install/actionlib_msgs/include/actionlib_msgs/actionlib_msgs
[2.774s] -- Up-to-date: /home/abdelrhaman/microros_ws/install/actionlib_msgs/include/actionlib_msgs/actionlib_msgs/msg
[2.774s] -- Up-to-date: /home/abdelrhaman/microros_ws/install/actionlib_msgs/include/actionlib_msgs/actionlib_msgs/msg/goal_status_array.hpp
[2.774s] -- Up-to-date: /home/abdelrhaman/microros_ws/install/actionlib_msgs/include/actionlib_msgs/actionlib_msgs/msg/detail
[2.774s] -- Up-to-date: /home/abdelrhaman/microros_ws/install/actionlib_msgs/include/actionlib_msgs/actionlib_msgs/msg/detail/goal_id__builder.hpp
[2.774s] -- Up-to-date: /home/abdelrhaman/microros_ws/install/actionlib_msgs/include/actionlib_msgs/actionlib_msgs/msg/detail/goal_status_array__traits.hpp
[2.774s] -- Up-to-date: /home/abdelrhaman/microros_ws/install/actionlib_msgs/include/actionlib_msgs/actionlib_msgs/msg/detail/goal_status__traits.hpp
[2.774s] -- Up-to-date: /home/abdelrhaman/microros_ws/install/actionlib_msgs/include/actionlib_msgs/actionlib_msgs/msg/detail/goal_status_array__struct.hpp
[2.774s] -- Up-to-date: /home/abdelrhaman/microros_ws/install/actionlib_msgs/include/actionlib_msgs/actionlib_msgs/msg/detail/goal_status__builder.hpp
[2.775s] -- Up-to-date: /home/abdelrhaman/microros_ws/install/actionlib_msgs/include/actionlib_msgs/actionlib_msgs/msg/detail/goal_status_array__builder.hpp
[2.775s] -- Up-to-date: /home/abdelrhaman/microros_ws/install/actionlib_msgs/include/actionlib_msgs/actionlib_msgs/msg/detail/goal_id__struct.hpp
[2.775s] -- Up-to-date: /home/abdelrhaman/microros_ws/install/actionlib_msgs/include/actionlib_msgs/actionlib_msgs/msg/detail/goal_id__traits.hpp
[2.775s] -- Up-to-date: /home/abdelrhaman/microros_ws/install/actionlib_msgs/include/actionlib_msgs/actionlib_msgs/msg/detail/goal_status__struct.hpp
[2.775s] -- Up-to-date: /home/abdelrhaman/microros_ws/install/actionlib_msgs/include/actionlib_msgs/actionlib_msgs/msg/goal_id.hpp
[2.775s] -- Up-to-date: /home/abdelrhaman/microros_ws/install/actionlib_msgs/include/actionlib_msgs/actionlib_msgs/msg/goal_status.hpp
[2.775s] -- Up-to-date: /home/abdelrhaman/microros_ws/install/actionlib_msgs/include/actionlib_msgs/actionlib_msgs
[2.775s] -- Up-to-date: /home/abdelrhaman/microros_ws/install/actionlib_msgs/include/actionlib_msgs/actionlib_msgs/msg
[2.775s] -- Up-to-date: /home/abdelrhaman/microros_ws/install/actionlib_msgs/include/actionlib_msgs/actionlib_msgs/msg/detail
[2.775s] -- Up-to-date: /home/abdelrhaman/microros_ws/install/actionlib_msgs/include/actionlib_msgs/actionlib_msgs/msg/detail/goal_id__rosidl_typesupport_fastrtps_cpp.hpp
[2.775s] -- Up-to-date: /home/abdelrhaman/microros_ws/install/actionlib_msgs/include/actionlib_msgs/actionlib_msgs/msg/detail/goal_status_array__rosidl_typesupport_fastrtps_cpp.hpp
[2.775s] -- Up-to-date: /home/abdelrhaman/microros_ws/install/actionlib_msgs/include/actionlib_msgs/actionlib_msgs/msg/detail/dds_fastrtps
[2.775s] -- Up-to-date: /home/abdelrhaman/microros_ws/install/actionlib_msgs/include/actionlib_msgs/actionlib_msgs/msg/detail/goal_status__rosidl_typesupport_fastrtps_cpp.hpp
[2.775s] -- Up-to-date: /home/abdelrhaman/microros_ws/install/actionlib_msgs/include/actionlib_msgs/actionlib_msgs/msg/rosidl_typesupport_fastrtps_cpp__visibility_control.h
[2.775s] -- Up-to-date: /home/abdelrhaman/microros_ws/install/actionlib_msgs/lib/libactionlib_msgs__rosidl_typesupport_fastrtps_cpp.so
[2.775s] -- Up-to-date: /home/abdelrhaman/microros_ws/install/actionlib_msgs/include/actionlib_msgs/actionlib_msgs
[2.775s] -- Up-to-date: /home/abdelrhaman/microros_ws/install/actionlib_msgs/include/actionlib_msgs/actionlib_msgs/msg
[2.775s] -- Up-to-date: /home/abdelrhaman/microros_ws/install/actionlib_msgs/include/actionlib_msgs/actionlib_msgs/msg/rosidl_typesupport_introspection_c__visibility_control.h
[2.775s] -- Up-to-date: /home/abdelrhaman/microros_ws/install/actionlib_msgs/include/actionlib_msgs/actionlib_msgs/msg/detail
[2.775s] -- Up-to-date: /home/abdelrhaman/microros_ws/install/actionlib_msgs/include/actionlib_msgs/actionlib_msgs/msg/detail/goal_id__type_support.c
[2.775s] -- Up-to-date: /home/abdelrhaman/microros_ws/install/actionlib_msgs/include/actionlib_msgs/actionlib_msgs/msg/detail/goal_status_array__rosidl_typesupport_introspection_c.h
[2.775s] -- Up-to-date: /home/abdelrhaman/microros_ws/install/actionlib_msgs/include/actionlib_msgs/actionlib_msgs/msg/detail/goal_status__rosidl_typesupport_introspection_c.h
[2.775s] -- Up-to-date: /home/abdelrhaman/microros_ws/install/actionlib_msgs/include/actionlib_msgs/actionlib_msgs/msg/detail/goal_status_array__type_support.c
[2.775s] -- Up-to-date: /home/abdelrhaman/microros_ws/install/actionlib_msgs/include/actionlib_msgs/actionlib_msgs/msg/detail/goal_id__rosidl_typesupport_introspection_c.h
[2.775s] -- Up-to-date: /home/abdelrhaman/microros_ws/install/actionlib_msgs/include/actionlib_msgs/actionlib_msgs/msg/detail/goal_status__type_support.c
[2.775s] -- Up-to-date: /home/abdelrhaman/microros_ws/install/actionlib_msgs/lib/libactionlib_msgs__rosidl_typesupport_introspection_c.so
[2.776s] -- Installing: /home/abdelrhaman/microros_ws/install/actionlib_msgs/lib/libactionlib_msgs__rosidl_typesupport_c.so
[2.776s] -- Set runtime path of "/home/abdelrhaman/microros_ws/install/actionlib_msgs/lib/libactionlib_msgs__rosidl_typesupport_c.so" to ""
[2.776s] -- Up-to-date: /home/abdelrhaman/microros_ws/install/actionlib_msgs/include/actionlib_msgs/actionlib_msgs
[2.776s] -- Up-to-date: /home/abdelrhaman/microros_ws/install/actionlib_msgs/include/actionlib_msgs/actionlib_msgs/msg
[2.776s] -- Up-to-date: /home/abdelrhaman/microros_ws/install/actionlib_msgs/include/actionlib_msgs/actionlib_msgs/msg/detail
[2.776s] -- Up-to-date: /home/abdelrhaman/microros_ws/install/actionlib_msgs/include/actionlib_msgs/actionlib_msgs/msg/detail/goal_status_array__type_support.cpp
[2.776s] -- Up-to-date: /home/abdelrhaman/microros_ws/install/actionlib_msgs/include/actionlib_msgs/actionlib_msgs/msg/detail/goal_status_array__rosidl_typesupport_introspection_cpp.hpp
[2.776s] -- Up-to-date: /home/abdelrhaman/microros_ws/install/actionlib_msgs/include/actionlib_msgs/actionlib_msgs/msg/detail/goal_id__type_support.cpp
[2.776s] -- Up-to-date: /home/abdelrhaman/microros_ws/install/actionlib_msgs/include/actionlib_msgs/actionlib_msgs/msg/detail/goal_status__type_support.cpp
[2.776s] -- Up-to-date: /home/abdelrhaman/microros_ws/install/actionlib_msgs/include/actionlib_msgs/actionlib_msgs/msg/detail/goal_id__rosidl_typesupport_introspection_cpp.hpp
[2.776s] -- Up-to-date: /home/abdelrhaman/microros_ws/install/actionlib_msgs/include/actionlib_msgs/actionlib_msgs/msg/detail/goal_status__rosidl_typesupport_introspection_cpp.hpp
[2.776s] -- Up-to-date: /home/abdelrhaman/microros_ws/install/actionlib_msgs/lib/libactionlib_msgs__rosidl_typesupport_introspection_cpp.so
[2.777s] -- Installing: /home/abdelrhaman/microros_ws/install/actionlib_msgs/lib/libactionlib_msgs__rosidl_typesupport_cpp.so
[2.777s] -- Set runtime path of "/home/abdelrhaman/microros_ws/install/actionlib_msgs/lib/libactionlib_msgs__rosidl_typesupport_cpp.so" to ""
[2.777s] -- Up-to-date: /home/abdelrhaman/microros_ws/install/actionlib_msgs/share/actionlib_msgs/environment/pythonpath.sh
[2.777s] -- Installing: /home/abdelrhaman/microros_ws/install/actionlib_msgs/share/actionlib_msgs/environment/pythonpath.dsv
[2.777s] -- Up-to-date: /home/abdelrhaman/microros_ws/install/actionlib_msgs/local/lib/python3.10/dist-packages/actionlib_msgs-4.2.4-py3.10.egg-info
[2.777s] -- Installing: /home/abdelrhaman/microros_ws/install/actionlib_msgs/local/lib/python3.10/dist-packages/actionlib_msgs-4.2.4-py3.10.egg-info/PKG-INFO
[2.777s] -- Installing: /home/abdelrhaman/microros_ws/install/actionlib_msgs/local/lib/python3.10/dist-packages/actionlib_msgs-4.2.4-py3.10.egg-info/SOURCES.txt
[2.777s] -- Installing: /home/abdelrhaman/microros_ws/install/actionlib_msgs/local/lib/python3.10/dist-packages/actionlib_msgs-4.2.4-py3.10.egg-info/top_level.txt
[2.777s] -- Installing: /home/abdelrhaman/microros_ws/install/actionlib_msgs/local/lib/python3.10/dist-packages/actionlib_msgs-4.2.4-py3.10.egg-info/dependency_links.txt
[2.777s] -- Up-to-date: /home/abdelrhaman/microros_ws/install/actionlib_msgs/local/lib/python3.10/dist-packages/actionlib_msgs
[2.778s] -- Up-to-date: /home/abdelrhaman/microros_ws/install/actionlib_msgs/local/lib/python3.10/dist-packages/actionlib_msgs/_actionlib_msgs_s.ep.rosidl_typesupport_c.c
[2.778s] -- Installing: /home/abdelrhaman/microros_ws/install/actionlib_msgs/local/lib/python3.10/dist-packages/actionlib_msgs/actionlib_msgs_s__rosidl_typesupport_c.cpython-310-x86_64-linux-gnu.so
[2.778s] -- Installing: /home/abdelrhaman/microros_ws/install/actionlib_msgs/local/lib/python3.10/dist-packages/actionlib_msgs/actionlib_msgs_s__rosidl_typesupport_fastrtps_c.cpython-310-x86_64-linux-gnu.so
[2.778s] -- Up-to-date: /home/abdelrhaman/microros_ws/install/actionlib_msgs/local/lib/python3.10/dist-packages/actionlib_msgs/_actionlib_msgs_s.ep.rosidl_typesupport_introspection_c.c
[2.778s] -- Installing: /home/abdelrhaman/microros_ws/install/actionlib_msgs/local/lib/python3.10/dist-packages/actionlib_msgs/__init__.py
[2.778s] -- Up-to-date: /home/abdelrhaman/microros_ws/install/actionlib_msgs/local/lib/python3.10/dist-packages/actionlib_msgs/msg
[2.778s] -- Up-to-date: /home/abdelrhaman/microros_ws/install/actionlib_msgs/local/lib/python3.10/dist-packages/actionlib_msgs/msg/_goal_status_array.py
[2.778s] -- Up-to-date: /home/abdelrhaman/microros_ws/install/actionlib_msgs/local/lib/python3.10/dist-packages/actionlib_msgs/msg/_goal_status_array_s.c
[2.778s] -- Up-to-date: /home/abdelrhaman/microros_ws/install/actionlib_msgs/local/lib/python3.10/dist-packages/actionlib_msgs/msg/_goal_id_s.c
[2.778s] -- Up-to-date: /home/abdelrhaman/microros_ws/install/actionlib_msgs/local/lib/python3.10/dist-packages/actionlib_msgs/msg/_goal_id.py
[2.778s] -- Up-to-date: /home/abdelrhaman/microros_ws/install/actionlib_msgs/local/lib/python3.10/dist-packages/actionlib_msgs/msg/_goal_status_s.c
[2.778s] -- Up-to-date: /home/abdelrhaman/microros_ws/install/actionlib_msgs/local/lib/python3.10/dist-packages/actionlib_msgs/msg/_goal_status.py
[2.778s] -- Up-to-date: /home/abdelrhaman/microros_ws/install/actionlib_msgs/local/lib/python3.10/dist-packages/actionlib_msgs/msg/__init__.py
[2.778s] -- Installing: /home/abdelrhaman/microros_ws/install/actionlib_msgs/local/lib/python3.10/dist-packages/actionlib_msgs/actionlib_msgs_s__rosidl_typesupport_introspection_c.cpython-310-x86_64-linux-gnu.so
[2.778s] -- Up-to-date: /home/abdelrhaman/microros_ws/install/actionlib_msgs/local/lib/python3.10/dist-packages/actionlib_msgs/_actionlib_msgs_s.ep.rosidl_typesupport_fastrtps_c.c
[2.778s] -- Installing: /home/abdelrhaman/microros_ws/install/actionlib_msgs/local/lib/python3.10/dist-packages/actionlib_msgs/libactionlib_msgs__rosidl_generator_py.so
[2.778s] -- Up-to-date: /home/abdelrhaman/microros_ws/install/actionlib_msgs/local/lib/python3.10/dist-packages/actionlib_msgs/_actionlib_msgs_s.ep.rosidl_typesupport_microxrcedds_c.c
[2.778s] -- Up-to-date: /home/abdelrhaman/microros_ws/install/actionlib_msgs/local/lib/python3.10/dist-packages/actionlib_msgs/actionlib_msgs_s__rosidl_typesupport_microxrcedds_c.cpython-310-x86_64-linux-gnu.so
[2.801s] Listing '/home/abdelrhaman/microros_ws/install/actionlib_msgs/local/lib/python3.10/dist-packages/actionlib_msgs'...
[2.801s] Compiling '/home/abdelrhaman/microros_ws/install/actionlib_msgs/local/lib/python3.10/dist-packages/actionlib_msgs/__init__.py'...
[2.801s] Listing '/home/abdelrhaman/microros_ws/install/actionlib_msgs/local/lib/python3.10/dist-packages/actionlib_msgs/msg'...
[2.804s] -- Installing: /home/abdelrhaman/microros_ws/install/actionlib_msgs/local/lib/python3.10/dist-packages/actionlib_msgs/actionlib_msgs_s__rosidl_typesupport_fastrtps_c.cpython-310-x86_64-linux-gnu.so
[2.804s] -- Set runtime path of "/home/abdelrhaman/microros_ws/install/actionlib_msgs/local/lib/python3.10/dist-packages/actionlib_msgs/actionlib_msgs_s__rosidl_typesupport_fastrtps_c.cpython-310-x86_64-linux-gnu.so" to ""
[2.804s] -- Installing: /home/abdelrhaman/microros_ws/install/actionlib_msgs/local/lib/python3.10/dist-packages/actionlib_msgs/actionlib_msgs_s__rosidl_typesupport_introspection_c.cpython-310-x86_64-linux-gnu.so
[2.804s] -- Set runtime path of "/home/abdelrhaman/microros_ws/install/actionlib_msgs/local/lib/python3.10/dist-packages/actionlib_msgs/actionlib_msgs_s__rosidl_typesupport_introspection_c.cpython-310-x86_64-linux-gnu.so" to ""
[2.804s] -- Installing: /home/abdelrhaman/microros_ws/install/actionlib_msgs/local/lib/python3.10/dist-packages/actionlib_msgs/actionlib_msgs_s__rosidl_typesupport_c.cpython-310-x86_64-linux-gnu.so
[2.804s] -- Set runtime path of "/home/abdelrhaman/microros_ws/install/actionlib_msgs/local/lib/python3.10/dist-packages/actionlib_msgs/actionlib_msgs_s__rosidl_typesupport_c.cpython-310-x86_64-linux-gnu.so" to ""
[2.805s] -- Installing: /home/abdelrhaman/microros_ws/install/actionlib_msgs/lib/libactionlib_msgs__rosidl_generator_py.so
[2.805s] -- Set runtime path of "/home/abdelrhaman/microros_ws/install/actionlib_msgs/lib/libactionlib_msgs__rosidl_generator_py.so" to ""
[2.805s] -- Up-to-date: /home/abdelrhaman/microros_ws/install/actionlib_msgs/share/actionlib_msgs/msg/GoalID.idl
[2.805s] -- Up-to-date: /home/abdelrhaman/microros_ws/install/actionlib_msgs/share/actionlib_msgs/msg/GoalStatus.idl
[2.805s] -- Up-to-date: /home/abdelrhaman/microros_ws/install/actionlib_msgs/share/actionlib_msgs/msg/GoalStatusArray.idl
[2.805s] -- Up-to-date: /home/abdelrhaman/microros_ws/install/actionlib_msgs/share/actionlib_msgs/msg/GoalID.msg
[2.805s] -- Up-to-date: /home/abdelrhaman/microros_ws/install/actionlib_msgs/share/actionlib_msgs/msg/GoalStatus.msg
[2.805s] -- Up-to-date: /home/abdelrhaman/microros_ws/install/actionlib_msgs/share/actionlib_msgs/msg/GoalStatusArray.msg
[2.805s] -- Up-to-date: /home/abdelrhaman/microros_ws/install/actionlib_msgs/share/ament_index/resource_index/package_run_dependencies/actionlib_msgs
[2.805s] -- Installing: /home/abdelrhaman/microros_ws/install/actionlib_msgs/share/ament_index/resource_index/parent_prefix_path/actionlib_msgs
[2.805s] -- Up-to-date: /home/abdelrhaman/microros_ws/install/actionlib_msgs/share/actionlib_msgs/environment/ament_prefix_path.sh
[2.805s] -- Installing: /home/abdelrhaman/microros_ws/install/actionlib_msgs/share/actionlib_msgs/environment/ament_prefix_path.dsv
[2.805s] -- Up-to-date: /home/abdelrhaman/microros_ws/install/actionlib_msgs/share/actionlib_msgs/environment/path.sh
[2.806s] -- Installing: /home/abdelrhaman/microros_ws/install/actionlib_msgs/share/actionlib_msgs/environment/path.dsv
[2.806s] -- Up-to-date: /home/abdelrhaman/microros_ws/install/actionlib_msgs/share/actionlib_msgs/local_setup.bash
[2.806s] -- Up-to-date: /home/abdelrhaman/microros_ws/install/actionlib_msgs/share/actionlib_msgs/local_setup.sh
[2.806s] -- Up-to-date: /home/abdelrhaman/microros_ws/install/actionlib_msgs/share/actionlib_msgs/local_setup.zsh
[2.806s] -- Installing: /home/abdelrhaman/microros_ws/install/actionlib_msgs/share/actionlib_msgs/local_setup.dsv
[2.806s] -- Installing: /home/abdelrhaman/microros_ws/install/actionlib_msgs/share/actionlib_msgs/package.dsv
[2.806s] -- Up-to-date: /home/abdelrhaman/microros_ws/install/actionlib_msgs/share/ament_index/resource_index/packages/actionlib_msgs
[2.806s] -- Up-to-date: /home/abdelrhaman/microros_ws/install/actionlib_msgs/share/actionlib_msgs/cmake/export_actionlib_msgs__rosidl_generator_cExport.cmake
[2.806s] -- Up-to-date: /home/abdelrhaman/microros_ws/install/actionlib_msgs/share/actionlib_msgs/cmake/export_actionlib_msgs__rosidl_generator_cExport-noconfig.cmake
[2.806s] -- Up-to-date: /home/abdelrhaman/microros_ws/install/actionlib_msgs/share/actionlib_msgs/cmake/export_actionlib_msgs__rosidl_typesupport_fastrtps_cExport.cmake
[2.806s] -- Up-to-date: /home/abdelrhaman/microros_ws/install/actionlib_msgs/share/actionlib_msgs/cmake/export_actionlib_msgs__rosidl_typesupport_fastrtps_cExport-noconfig.cmake
[2.806s] -- Up-to-date: /home/abdelrhaman/microros_ws/install/actionlib_msgs/share/actionlib_msgs/cmake/export_actionlib_msgs__rosidl_generator_cppExport.cmake
[2.806s] -- Up-to-date: /home/abdelrhaman/microros_ws/install/actionlib_msgs/share/actionlib_msgs/cmake/export_actionlib_msgs__rosidl_typesupport_fastrtps_cppExport.cmake
[2.806s] -- Up-to-date: /home/abdelrhaman/microros_ws/install/actionlib_msgs/share/actionlib_msgs/cmake/export_actionlib_msgs__rosidl_typesupport_fastrtps_cppExport-noconfig.cmake
[2.807s] -- Up-to-date: /home/abdelrhaman/microros_ws/install/actionlib_msgs/share/actionlib_msgs/cmake/actionlib_msgs__rosidl_typesupport_introspection_cExport.cmake
[2.807s] -- Up-to-date: /home/abdelrhaman/microros_ws/install/actionlib_msgs/share/actionlib_msgs/cmake/actionlib_msgs__rosidl_typesupport_introspection_cExport-noconfig.cmake
[2.807s] -- Up-to-date: /home/abdelrhaman/microros_ws/install/actionlib_msgs/share/actionlib_msgs/cmake/actionlib_msgs__rosidl_typesupport_cExport.cmake
[2.807s] -- Up-to-date: /home/abdelrhaman/microros_ws/install/actionlib_msgs/share/actionlib_msgs/cmake/actionlib_msgs__rosidl_typesupport_cExport-noconfig.cmake
[2.807s] -- Up-to-date: /home/abdelrhaman/microros_ws/install/actionlib_msgs/share/actionlib_msgs/cmake/actionlib_msgs__rosidl_typesupport_introspection_cppExport.cmake
[2.807s] -- Up-to-date: /home/abdelrhaman/microros_ws/install/actionlib_msgs/share/actionlib_msgs/cmake/actionlib_msgs__rosidl_typesupport_introspection_cppExport-noconfig.cmake
[2.807s] -- Up-to-date: /home/abdelrhaman/microros_ws/install/actionlib_msgs/share/actionlib_msgs/cmake/actionlib_msgs__rosidl_typesupport_cppExport.cmake
[2.807s] -- Up-to-date: /home/abdelrhaman/microros_ws/install/actionlib_msgs/share/actionlib_msgs/cmake/actionlib_msgs__rosidl_typesupport_cppExport-noconfig.cmake
[2.807s] -- Up-to-date: /home/abdelrhaman/microros_ws/install/actionlib_msgs/share/actionlib_msgs/cmake/export_actionlib_msgs__rosidl_generator_pyExport.cmake
[2.807s] -- Up-to-date: /home/abdelrhaman/microros_ws/install/actionlib_msgs/share/actionlib_msgs/cmake/export_actionlib_msgs__rosidl_generator_pyExport-noconfig.cmake
[2.807s] -- Up-to-date: /home/abdelrhaman/microros_ws/install/actionlib_msgs/share/actionlib_msgs/cmake/rosidl_cmake-extras.cmake
[2.807s] -- Up-to-date: /home/abdelrhaman/microros_ws/install/actionlib_msgs/share/actionlib_msgs/cmake/ament_cmake_export_dependencies-extras.cmake
[2.807s] -- Installing: /home/abdelrhaman/microros_ws/install/actionlib_msgs/share/actionlib_msgs/cmake/ament_cmake_export_include_directories-extras.cmake
[2.807s] -- Up-to-date: /home/abdelrhaman/microros_ws/install/actionlib_msgs/share/actionlib_msgs/cmake/ament_cmake_export_libraries-extras.cmake
[2.807s] -- Up-to-date: /home/abdelrhaman/microros_ws/install/actionlib_msgs/share/actionlib_msgs/cmake/ament_cmake_export_targets-extras.cmake
[2.807s] -- Up-to-date: /home/abdelrhaman/microros_ws/install/actionlib_msgs/share/actionlib_msgs/cmake/rosidl_cmake_export_typesupport_targets-extras.cmake
[2.808s] -- Installing: /home/abdelrhaman/microros_ws/install/actionlib_msgs/share/actionlib_msgs/cmake/rosidl_cmake_export_typesupport_libraries-extras.cmake
[2.808s] -- Up-to-date: /home/abdelrhaman/microros_ws/install/actionlib_msgs/share/actionlib_msgs/cmake/actionlib_msgsConfig.cmake
[2.808s] -- Up-to-date: /home/abdelrhaman/microros_ws/install/actionlib_msgs/share/actionlib_msgs/cmake/actionlib_msgsConfig-version.cmake
[2.808s] -- Up-to-date: /home/abdelrhaman/microros_ws/install/actionlib_msgs/share/actionlib_msgs/package.xml
[2.809s] Invoked command in '/home/abdelrhaman/microros_ws/build/actionlib_msgs' returned '0': AMENT_PREFIX_PATH=/home/abdelrhaman/microros_ws/install/std_msgs:/home/abdelrhaman/microros_ws/install/builtin_interfaces:${AMENT_PREFIX_PATH} CMAKE_PREFIX_PATH=/home/abdelrhaman/microros_ws/install/std_msgs:/home/abdelrhaman/microros_ws/install/builtin_interfaces:/home/abdelrhaman/ros/install/my_robot_controller:/opt/ros/humble LD_LIBRARY_PATH=/home/abdelrhaman/microros_ws/install/std_msgs/lib:/home/abdelrhaman/microros_ws/install/builtin_interfaces/lib:${LD_LIBRARY_PATH} PYTHONPATH=/home/abdelrhaman/microros_ws/install/std_msgs/local/lib/python3.10/dist-packages:/home/abdelrhaman/microros_ws/install/builtin_interfaces/local/lib/python3.10/dist-packages:${PYTHONPATH} /usr/bin/cmake --install /home/abdelrhaman/microros_ws/build/actionlib_msgs
