[0.026s] Invoking command in '/home/abdelrhaman/microros_ws/build/statistics_msgs': CMAKE_PREFIX_PATH=/home/abdelrhaman/microros_ws/install/builtin_interfaces:/home/abdelrhaman/microros_ws/install/micro_ros_demos_rclc:/home/abdelrhaman/microros_ws/install/common_interfaces:/home/abdelrhaman/microros_ws/install/visualization_msgs:/home/abdelrhaman/microros_ws/install/test_msgs:/home/abdelrhaman/microros_ws/install/example_interfaces:/home/abdelrhaman/microros_ws/install/action_msgs:/home/abdelrhaman/microros_ws/install/unique_identifier_msgs:/home/abdelrhaman/microros_ws/install/trajectory_msgs:/home/abdelrhaman/microros_ws/install/stereo_msgs:/home/abdelrhaman/microros_ws/install/std_srvs:/home/abdelrhaman/microros_ws/install/shape_msgs:/home/abdelrhaman/microros_ws/install/sensor_msgs:/home/abdelrhaman/microros_ws/install/nav_msgs:/home/abdelrhaman/microros_ws/install/diagnostic_msgs:/home/abdelrhaman/microros_ws/install/geometry_msgs:/home/abdelrhaman/microros_ws/install/actionlib_msgs:/home/abdelrhaman/microros_ws/install/std_msgs:/home/abdelrhaman/microros_ws/install/statistics_msgs:/home/abdelrhaman/microros_ws/install/rosidl_typesupport_microxrcedds_test_msg:/home/abdelrhaman/microros_ws/install/rosidl_typesupport_microxrcedds_cpp_tests:/home/abdelrhaman/microros_ws/install/rmw_microxrcedds:/home/abdelrhaman/microros_ws/install/rosidl_typesupport_microxrcedds_cpp:/home/abdelrhaman/microros_ws/install/rosidl_typesupport_microxrcedds_c_tests:/home/abdelrhaman/microros_ws/install/rosidl_typesupport_microxrcedds_c:/home/abdelrhaman/microros_ws/install/rosgraph_msgs:/home/abdelrhaman/microros_ws/install/rclc_parameter:/home/abdelrhaman/microros_ws/install/rclc:/home/abdelrhaman/microros_ws/install/composition_interfaces:/home/abdelrhaman/microros_ws/install/rcl_interfaces:/home/abdelrhaman/microros_ws/install/microxrcedds_client:/home/abdelrhaman/microros_ws/install/microcdr:/home/abdelrhaman/microros_ws/install/micro_ros_utilities:/home/abdelrhaman/microros_ws/install/micro_ros_setup:/home/abdelrhaman/microros_ws/install/micro_ros_agent:/home/abdelrhaman/microros_ws/install/micro_ros_msgs:/home/abdelrhaman/microros_ws/install/lifecycle_msgs:/home/abdelrhaman/microros_ws/install/complex_msgs:/home/abdelrhaman/microros_ws/install/sensor_msgs_py:/home/abdelrhaman/ros/install/my_robot_controller:/opt/ros/humble LD_LIBRARY_PATH=/home/abdelrhaman/microros_ws/install/builtin_interfaces/lib:/home/abdelrhaman/microros_ws/install/visualization_msgs/lib:/home/abdelrhaman/microros_ws/install/test_msgs/lib:/home/abdelrhaman/microros_ws/install/example_interfaces/lib:/home/abdelrhaman/microros_ws/install/action_msgs/lib:/home/abdelrhaman/microros_ws/install/unique_identifier_msgs/lib:/home/abdelrhaman/microros_ws/install/trajectory_msgs/lib:/home/abdelrhaman/microros_ws/install/stereo_msgs/lib:/home/abdelrhaman/microros_ws/install/std_srvs/lib:/home/abdelrhaman/microros_ws/install/shape_msgs/lib:/home/abdelrhaman/microros_ws/install/sensor_msgs/lib:/home/abdelrhaman/microros_ws/install/nav_msgs/lib:/home/abdelrhaman/microros_ws/install/diagnostic_msgs/lib:/home/abdelrhaman/microros_ws/install/geometry_msgs/lib:/home/abdelrhaman/microros_ws/install/actionlib_msgs/lib:/home/abdelrhaman/microros_ws/install/std_msgs/lib:/home/abdelrhaman/microros_ws/install/statistics_msgs/lib:/home/abdelrhaman/microros_ws/install/rmw_microxrcedds/lib:/home/abdelrhaman/microros_ws/install/rosidl_typesupport_microxrcedds_cpp/lib:/home/abdelrhaman/microros_ws/install/rosidl_typesupport_microxrcedds_c/lib:/home/abdelrhaman/microros_ws/install/rosgraph_msgs/lib:/home/abdelrhaman/microros_ws/install/rclc_parameter/lib:/home/abdelrhaman/microros_ws/install/rclc/lib:/home/abdelrhaman/microros_ws/install/composition_interfaces/lib:/home/abdelrhaman/microros_ws/install/rcl_interfaces/lib:/home/abdelrhaman/microros_ws/install/microxrcedds_client/lib:/home/abdelrhaman/microros_ws/install/microcdr/lib:/home/abdelrhaman/microros_ws/install/micro_ros_utilities/lib:/home/abdelrhaman/microros_ws/install/micro_ros_agent/lib:/home/abdelrhaman/microros_ws/install/micro_ros_msgs/lib:/home/abdelrhaman/microros_ws/install/lifecycle_msgs/lib:/home/abdelrhaman/microros_ws/install/complex_msgs/lib:/opt/ros/humble/opt/rviz_ogre_vendor/lib:/opt/ros/humble/lib/x86_64-linux-gnu:/opt/ros/humble/lib /usr/bin/cmake /home/abdelrhaman/microros_ws/src/ros2/rcl_interfaces/statistics_msgs -DBUILD_TESTING=OFF -DBUILD_SHARED_LIBS=ON -DCMAKE_INSTALL_PREFIX=/home/abdelrhaman/microros_ws/install/statistics_msgs
[0.034s] -- Found ament_cmake: 1.3.10 (/opt/ros/humble/share/ament_cmake/cmake)
[0.205s] -- Found builtin_interfaces: 1.2.1 (/home/abdelrhaman/microros_ws/install/builtin_interfaces/share/builtin_interfaces/cmake)
[0.232s] -- Found rosidl_generator_c: 3.1.5 (/opt/ros/humble/share/rosidl_generator_c/cmake)
[0.235s] -- Found rosidl_adapter: 3.1.5 (/opt/ros/humble/share/rosidl_adapter/cmake)
[0.242s] -- Found rosidl_generator_cpp: 3.1.5 (/opt/ros/humble/share/rosidl_generator_cpp/cmake)
[0.254s] -- Using all available rosidl_typesupport_c: rosidl_typesupport_microxrcedds_c;rosidl_typesupport_fastrtps_c;rosidl_typesupport_introspection_c
[0.275s] -- Using all available rosidl_typesupport_cpp: rosidl_typesupport_microxrcedds_cpp;rosidl_typesupport_fastrtps_cpp;rosidl_typesupport_introspection_cpp
[0.294s] -- Found rosidl_default_generators: 1.2.0 (/opt/ros/humble/share/rosidl_default_generators/cmake)
[0.641s] -- Found ament_cmake_ros: 0.10.0 (/opt/ros/humble/share/ament_cmake_ros/cmake)
[1.038s] -- Using all available rosidl_typesupport_c: rosidl_typesupport_microxrcedds_c;rosidl_typesupport_fastrtps_c;rosidl_typesupport_introspection_c
[1.281s] -- Using all available rosidl_typesupport_cpp: rosidl_typesupport_microxrcedds_cpp;rosidl_typesupport_fastrtps_cpp;rosidl_typesupport_introspection_cpp
[1.316s] -- Found python_cmake_module: 0.10.0 (/opt/ros/humble/share/python_cmake_module/cmake)
[1.357s] -- Using PYTHON_EXECUTABLE: /usr/bin/python3
[1.358s] -- Using PYTHON_INCLUDE_DIRS: /usr/include/python3.10
[1.358s] -- Using PYTHON_LIBRARIES: /usr/lib/x86_64-linux-gnu/libpython3.10.so
[1.411s] -- Configuring done
[1.482s] -- Generating done
[1.486s] -- Build files have been written to: /home/abdelrhaman/microros_ws/build/statistics_msgs
[1.500s] Invoked command in '/home/abdelrhaman/microros_ws/build/statistics_msgs' returned '0': CMAKE_PREFIX_PATH=/home/abdelrhaman/microros_ws/install/builtin_interfaces:/home/abdelrhaman/microros_ws/install/micro_ros_demos_rclc:/home/abdelrhaman/microros_ws/install/common_interfaces:/home/abdelrhaman/microros_ws/install/visualization_msgs:/home/abdelrhaman/microros_ws/install/test_msgs:/home/abdelrhaman/microros_ws/install/example_interfaces:/home/abdelrhaman/microros_ws/install/action_msgs:/home/abdelrhaman/microros_ws/install/unique_identifier_msgs:/home/abdelrhaman/microros_ws/install/trajectory_msgs:/home/abdelrhaman/microros_ws/install/stereo_msgs:/home/abdelrhaman/microros_ws/install/std_srvs:/home/abdelrhaman/microros_ws/install/shape_msgs:/home/abdelrhaman/microros_ws/install/sensor_msgs:/home/abdelrhaman/microros_ws/install/nav_msgs:/home/abdelrhaman/microros_ws/install/diagnostic_msgs:/home/abdelrhaman/microros_ws/install/geometry_msgs:/home/abdelrhaman/microros_ws/install/actionlib_msgs:/home/abdelrhaman/microros_ws/install/std_msgs:/home/abdelrhaman/microros_ws/install/statistics_msgs:/home/abdelrhaman/microros_ws/install/rosidl_typesupport_microxrcedds_test_msg:/home/abdelrhaman/microros_ws/install/rosidl_typesupport_microxrcedds_cpp_tests:/home/abdelrhaman/microros_ws/install/rmw_microxrcedds:/home/abdelrhaman/microros_ws/install/rosidl_typesupport_microxrcedds_cpp:/home/abdelrhaman/microros_ws/install/rosidl_typesupport_microxrcedds_c_tests:/home/abdelrhaman/microros_ws/install/rosidl_typesupport_microxrcedds_c:/home/abdelrhaman/microros_ws/install/rosgraph_msgs:/home/abdelrhaman/microros_ws/install/rclc_parameter:/home/abdelrhaman/microros_ws/install/rclc:/home/abdelrhaman/microros_ws/install/composition_interfaces:/home/abdelrhaman/microros_ws/install/rcl_interfaces:/home/abdelrhaman/microros_ws/install/microxrcedds_client:/home/abdelrhaman/microros_ws/install/microcdr:/home/abdelrhaman/microros_ws/install/micro_ros_utilities:/home/abdelrhaman/microros_ws/install/micro_ros_setup:/home/abdelrhaman/microros_ws/install/micro_ros_agent:/home/abdelrhaman/microros_ws/install/micro_ros_msgs:/home/abdelrhaman/microros_ws/install/lifecycle_msgs:/home/abdelrhaman/microros_ws/install/complex_msgs:/home/abdelrhaman/microros_ws/install/sensor_msgs_py:/home/abdelrhaman/ros/install/my_robot_controller:/opt/ros/humble LD_LIBRARY_PATH=/home/abdelrhaman/microros_ws/install/builtin_interfaces/lib:/home/abdelrhaman/microros_ws/install/visualization_msgs/lib:/home/abdelrhaman/microros_ws/install/test_msgs/lib:/home/abdelrhaman/microros_ws/install/example_interfaces/lib:/home/abdelrhaman/microros_ws/install/action_msgs/lib:/home/abdelrhaman/microros_ws/install/unique_identifier_msgs/lib:/home/abdelrhaman/microros_ws/install/trajectory_msgs/lib:/home/abdelrhaman/microros_ws/install/stereo_msgs/lib:/home/abdelrhaman/microros_ws/install/std_srvs/lib:/home/abdelrhaman/microros_ws/install/shape_msgs/lib:/home/abdelrhaman/microros_ws/install/sensor_msgs/lib:/home/abdelrhaman/microros_ws/install/nav_msgs/lib:/home/abdelrhaman/microros_ws/install/diagnostic_msgs/lib:/home/abdelrhaman/microros_ws/install/geometry_msgs/lib:/home/abdelrhaman/microros_ws/install/actionlib_msgs/lib:/home/abdelrhaman/microros_ws/install/std_msgs/lib:/home/abdelrhaman/microros_ws/install/statistics_msgs/lib:/home/abdelrhaman/microros_ws/install/rmw_microxrcedds/lib:/home/abdelrhaman/microros_ws/install/rosidl_typesupport_microxrcedds_cpp/lib:/home/abdelrhaman/microros_ws/install/rosidl_typesupport_microxrcedds_c/lib:/home/abdelrhaman/microros_ws/install/rosgraph_msgs/lib:/home/abdelrhaman/microros_ws/install/rclc_parameter/lib:/home/abdelrhaman/microros_ws/install/rclc/lib:/home/abdelrhaman/microros_ws/install/composition_interfaces/lib:/home/abdelrhaman/microros_ws/install/rcl_interfaces/lib:/home/abdelrhaman/microros_ws/install/microxrcedds_client/lib:/home/abdelrhaman/microros_ws/install/microcdr/lib:/home/abdelrhaman/microros_ws/install/micro_ros_utilities/lib:/home/abdelrhaman/microros_ws/install/micro_ros_agent/lib:/home/abdelrhaman/microros_ws/install/micro_ros_msgs/lib:/home/abdelrhaman/microros_ws/install/lifecycle_msgs/lib:/home/abdelrhaman/microros_ws/install/complex_msgs/lib:/opt/ros/humble/opt/rviz_ogre_vendor/lib:/opt/ros/humble/lib/x86_64-linux-gnu:/opt/ros/humble/lib /usr/bin/cmake /home/abdelrhaman/microros_ws/src/ros2/rcl_interfaces/statistics_msgs -DBUILD_TESTING=OFF -DBUILD_SHARED_LIBS=ON -DCMAKE_INSTALL_PREFIX=/home/abdelrhaman/microros_ws/install/statistics_msgs
[1.506s] Invoking command in '/home/abdelrhaman/microros_ws/build/statistics_msgs': CMAKE_PREFIX_PATH=/home/abdelrhaman/microros_ws/install/builtin_interfaces:/home/abdelrhaman/microros_ws/install/micro_ros_demos_rclc:/home/abdelrhaman/microros_ws/install/common_interfaces:/home/abdelrhaman/microros_ws/install/visualization_msgs:/home/abdelrhaman/microros_ws/install/test_msgs:/home/abdelrhaman/microros_ws/install/example_interfaces:/home/abdelrhaman/microros_ws/install/action_msgs:/home/abdelrhaman/microros_ws/install/unique_identifier_msgs:/home/abdelrhaman/microros_ws/install/trajectory_msgs:/home/abdelrhaman/microros_ws/install/stereo_msgs:/home/abdelrhaman/microros_ws/install/std_srvs:/home/abdelrhaman/microros_ws/install/shape_msgs:/home/abdelrhaman/microros_ws/install/sensor_msgs:/home/abdelrhaman/microros_ws/install/nav_msgs:/home/abdelrhaman/microros_ws/install/diagnostic_msgs:/home/abdelrhaman/microros_ws/install/geometry_msgs:/home/abdelrhaman/microros_ws/install/actionlib_msgs:/home/abdelrhaman/microros_ws/install/std_msgs:/home/abdelrhaman/microros_ws/install/statistics_msgs:/home/abdelrhaman/microros_ws/install/rosidl_typesupport_microxrcedds_test_msg:/home/abdelrhaman/microros_ws/install/rosidl_typesupport_microxrcedds_cpp_tests:/home/abdelrhaman/microros_ws/install/rmw_microxrcedds:/home/abdelrhaman/microros_ws/install/rosidl_typesupport_microxrcedds_cpp:/home/abdelrhaman/microros_ws/install/rosidl_typesupport_microxrcedds_c_tests:/home/abdelrhaman/microros_ws/install/rosidl_typesupport_microxrcedds_c:/home/abdelrhaman/microros_ws/install/rosgraph_msgs:/home/abdelrhaman/microros_ws/install/rclc_parameter:/home/abdelrhaman/microros_ws/install/rclc:/home/abdelrhaman/microros_ws/install/composition_interfaces:/home/abdelrhaman/microros_ws/install/rcl_interfaces:/home/abdelrhaman/microros_ws/install/microxrcedds_client:/home/abdelrhaman/microros_ws/install/microcdr:/home/abdelrhaman/microros_ws/install/micro_ros_utilities:/home/abdelrhaman/microros_ws/install/micro_ros_setup:/home/abdelrhaman/microros_ws/install/micro_ros_agent:/home/abdelrhaman/microros_ws/install/micro_ros_msgs:/home/abdelrhaman/microros_ws/install/lifecycle_msgs:/home/abdelrhaman/microros_ws/install/complex_msgs:/home/abdelrhaman/microros_ws/install/sensor_msgs_py:/home/abdelrhaman/ros/install/my_robot_controller:/opt/ros/humble LD_LIBRARY_PATH=/home/abdelrhaman/microros_ws/install/builtin_interfaces/lib:/home/abdelrhaman/microros_ws/install/visualization_msgs/lib:/home/abdelrhaman/microros_ws/install/test_msgs/lib:/home/abdelrhaman/microros_ws/install/example_interfaces/lib:/home/abdelrhaman/microros_ws/install/action_msgs/lib:/home/abdelrhaman/microros_ws/install/unique_identifier_msgs/lib:/home/abdelrhaman/microros_ws/install/trajectory_msgs/lib:/home/abdelrhaman/microros_ws/install/stereo_msgs/lib:/home/abdelrhaman/microros_ws/install/std_srvs/lib:/home/abdelrhaman/microros_ws/install/shape_msgs/lib:/home/abdelrhaman/microros_ws/install/sensor_msgs/lib:/home/abdelrhaman/microros_ws/install/nav_msgs/lib:/home/abdelrhaman/microros_ws/install/diagnostic_msgs/lib:/home/abdelrhaman/microros_ws/install/geometry_msgs/lib:/home/abdelrhaman/microros_ws/install/actionlib_msgs/lib:/home/abdelrhaman/microros_ws/install/std_msgs/lib:/home/abdelrhaman/microros_ws/install/statistics_msgs/lib:/home/abdelrhaman/microros_ws/install/rmw_microxrcedds/lib:/home/abdelrhaman/microros_ws/install/rosidl_typesupport_microxrcedds_cpp/lib:/home/abdelrhaman/microros_ws/install/rosidl_typesupport_microxrcedds_c/lib:/home/abdelrhaman/microros_ws/install/rosgraph_msgs/lib:/home/abdelrhaman/microros_ws/install/rclc_parameter/lib:/home/abdelrhaman/microros_ws/install/rclc/lib:/home/abdelrhaman/microros_ws/install/composition_interfaces/lib:/home/abdelrhaman/microros_ws/install/rcl_interfaces/lib:/home/abdelrhaman/microros_ws/install/microxrcedds_client/lib:/home/abdelrhaman/microros_ws/install/microcdr/lib:/home/abdelrhaman/microros_ws/install/micro_ros_utilities/lib:/home/abdelrhaman/microros_ws/install/micro_ros_agent/lib:/home/abdelrhaman/microros_ws/install/micro_ros_msgs/lib:/home/abdelrhaman/microros_ws/install/lifecycle_msgs/lib:/home/abdelrhaman/microros_ws/install/complex_msgs/lib:/opt/ros/humble/opt/rviz_ogre_vendor/lib:/opt/ros/humble/lib/x86_64-linux-gnu:/opt/ros/humble/lib /usr/bin/cmake --build /home/abdelrhaman/microros_ws/build/statistics_msgs -- -j20 -l20
[1.591s] [35m[1mConsolidate compiler generated dependencies of target statistics_msgs__rosidl_generator_c[0m
[1.602s] [  1%] Built target statistics_msgs__cpp
[1.617s] [ 10%] Built target statistics_msgs__rosidl_generator_c
[1.619s] [ 10%] Built target ament_cmake_python_copy_statistics_msgs
[1.622s] [ 11%] [34m[1mGenerating C++ type support dispatch for ROS interfaces[0m
[1.639s] [35m[1mConsolidate compiler generated dependencies of target statistics_msgs__rosidl_typesupport_fastrtps_cpp[0m
[1.639s] [35m[1mConsolidate compiler generated dependencies of target statistics_msgs__rosidl_typesupport_microxrcedds_cpp[0m
[1.641s] [35m[1mConsolidate compiler generated dependencies of target statistics_msgs__rosidl_typesupport_fastrtps_c[0m
[1.653s] [35m[1mConsolidate compiler generated dependencies of target statistics_msgs__rosidl_typesupport_introspection_cpp[0m
[1.653s] [35m[1mConsolidate compiler generated dependencies of target statistics_msgs__rosidl_typesupport_introspection_c[0m
[1.654s] [35m[1mConsolidate compiler generated dependencies of target statistics_msgs__rosidl_typesupport_microxrcedds_c[0m
[1.663s] [ 13%] [34m[1mGenerating C type support dispatch for ROS interfaces[0m
[1.674s] [ 22%] Built target statistics_msgs__rosidl_typesupport_fastrtps_c
[1.680s] [ 30%] Built target statistics_msgs__rosidl_typesupport_fastrtps_cpp
[1.680s] [ 38%] Built target statistics_msgs__rosidl_typesupport_introspection_c
[1.688s] [ 40%] [32m[1mLinking CXX shared library libstatistics_msgs__rosidl_typesupport_microxrcedds_cpp.so[0m
[1.693s] [ 42%] [32m[1mLinking C shared library libstatistics_msgs__rosidl_typesupport_microxrcedds_c.so[0m
[1.694s] [ 50%] Built target statistics_msgs__rosidl_typesupport_introspection_cpp
[1.759s] [ 57%] Built target statistics_msgs__rosidl_typesupport_microxrcedds_c
[1.818s] [ 64%] Built target statistics_msgs__rosidl_typesupport_microxrcedds_cpp
[2.064s] [35m[1mConsolidate compiler generated dependencies of target statistics_msgs__rosidl_typesupport_cpp[0m
[2.077s] [ 66%] [32mBuilding CXX object CMakeFiles/statistics_msgs__rosidl_typesupport_cpp.dir/rosidl_typesupport_cpp/statistics_msgs/msg/metrics_message__type_support.cpp.o[0m
[2.077s] [ 69%] [32mBuilding CXX object CMakeFiles/statistics_msgs__rosidl_typesupport_cpp.dir/rosidl_typesupport_cpp/statistics_msgs/msg/statistic_data_point__type_support.cpp.o[0m
[2.077s] [ 69%] [32mBuilding CXX object CMakeFiles/statistics_msgs__rosidl_typesupport_cpp.dir/rosidl_typesupport_cpp/statistics_msgs/msg/statistic_data_type__type_support.cpp.o[0m
[2.202s] [35m[1mConsolidate compiler generated dependencies of target statistics_msgs__rosidl_typesupport_c[0m
[2.217s] [ 71%] [32mBuilding CXX object CMakeFiles/statistics_msgs__rosidl_typesupport_c.dir/rosidl_typesupport_c/statistics_msgs/msg/metrics_message__type_support.cpp.o[0m
[2.217s] [ 74%] [32mBuilding CXX object CMakeFiles/statistics_msgs__rosidl_typesupport_c.dir/rosidl_typesupport_c/statistics_msgs/msg/statistic_data_point__type_support.cpp.o[0m
[2.217s] [ 74%] [32mBuilding CXX object CMakeFiles/statistics_msgs__rosidl_typesupport_c.dir/rosidl_typesupport_c/statistics_msgs/msg/statistic_data_type__type_support.cpp.o[0m
[2.250s] [ 76%] [32m[1mLinking CXX shared library libstatistics_msgs__rosidl_typesupport_c.so[0m
[2.302s] [ 76%] Built target statistics_msgs__rosidl_typesupport_c
[2.347s] [ 77%] [32m[1mLinking CXX shared library libstatistics_msgs__rosidl_typesupport_cpp.so[0m
[2.385s] [ 77%] Built target statistics_msgs__rosidl_typesupport_cpp
[2.411s] [ 77%] Built target statistics_msgs
[2.440s] [ 79%] Built target statistics_msgs__py
[2.452s] [35m[1mConsolidate compiler generated dependencies of target statistics_msgs__rosidl_generator_py[0m
[2.469s] [ 81%] [32m[1mLinking C shared library rosidl_generator_py/statistics_msgs/libstatistics_msgs__rosidl_generator_py.so[0m
[2.481s] running egg_info
[2.515s] [ 86%] Built target statistics_msgs__rosidl_generator_py
[2.526s] [35m[1mConsolidate compiler generated dependencies of target statistics_msgs__rosidl_typesupport_introspection_c__pyext[0m
[2.528s] [35m[1mConsolidate compiler generated dependencies of target statistics_msgs__rosidl_typesupport_microxrcedds_c__pyext[0m
[2.531s] [35m[1mConsolidate compiler generated dependencies of target statistics_msgs__rosidl_typesupport_c__pyext[0m
[2.531s] [35m[1mConsolidate compiler generated dependencies of target statistics_msgs__rosidl_typesupport_fastrtps_c__pyext[0m
[2.538s] [ 88%] [32m[1mLinking C shared library rosidl_generator_py/statistics_msgs/statistics_msgs_s__rosidl_typesupport_introspection_c.cpython-310-x86_64-linux-gnu.so[0m
[2.539s] [ 89%] [32m[1mLinking C shared library rosidl_generator_py/statistics_msgs/statistics_msgs_s__rosidl_typesupport_microxrcedds_c.cpython-310-x86_64-linux-gnu.so[0m
[2.543s] [ 91%] [32m[1mLinking C shared library rosidl_generator_py/statistics_msgs/statistics_msgs_s__rosidl_typesupport_fastrtps_c.cpython-310-x86_64-linux-gnu.so[0m
[2.547s] [ 93%] [32m[1mLinking C shared library rosidl_generator_py/statistics_msgs/statistics_msgs_s__rosidl_typesupport_c.cpython-310-x86_64-linux-gnu.so[0m
[2.565s] writing statistics_msgs.egg-info/PKG-INFO
[2.574s] [ 94%] Built target statistics_msgs__rosidl_typesupport_introspection_c__pyext
[2.577s] [ 96%] Built target statistics_msgs__rosidl_typesupport_fastrtps_c__pyext
[2.587s] [ 98%] Built target statistics_msgs__rosidl_typesupport_microxrcedds_c__pyext
[2.595s] [100%] Built target statistics_msgs__rosidl_typesupport_c__pyext
[2.631s] writing dependency_links to statistics_msgs.egg-info/dependency_links.txt
[3.068s] writing top-level names to statistics_msgs.egg-info/top_level.txt
[3.367s] reading manifest file 'statistics_msgs.egg-info/SOURCES.txt'
[3.367s] writing manifest file 'statistics_msgs.egg-info/SOURCES.txt'
[3.492s] [100%] Built target ament_cmake_python_build_statistics_msgs_egg
[3.522s] Invoked command in '/home/abdelrhaman/microros_ws/build/statistics_msgs' returned '0': CMAKE_PREFIX_PATH=/home/abdelrhaman/microros_ws/install/builtin_interfaces:/home/abdelrhaman/microros_ws/install/micro_ros_demos_rclc:/home/abdelrhaman/microros_ws/install/common_interfaces:/home/abdelrhaman/microros_ws/install/visualization_msgs:/home/abdelrhaman/microros_ws/install/test_msgs:/home/abdelrhaman/microros_ws/install/example_interfaces:/home/abdelrhaman/microros_ws/install/action_msgs:/home/abdelrhaman/microros_ws/install/unique_identifier_msgs:/home/abdelrhaman/microros_ws/install/trajectory_msgs:/home/abdelrhaman/microros_ws/install/stereo_msgs:/home/abdelrhaman/microros_ws/install/std_srvs:/home/abdelrhaman/microros_ws/install/shape_msgs:/home/abdelrhaman/microros_ws/install/sensor_msgs:/home/abdelrhaman/microros_ws/install/nav_msgs:/home/abdelrhaman/microros_ws/install/diagnostic_msgs:/home/abdelrhaman/microros_ws/install/geometry_msgs:/home/abdelrhaman/microros_ws/install/actionlib_msgs:/home/abdelrhaman/microros_ws/install/std_msgs:/home/abdelrhaman/microros_ws/install/statistics_msgs:/home/abdelrhaman/microros_ws/install/rosidl_typesupport_microxrcedds_test_msg:/home/abdelrhaman/microros_ws/install/rosidl_typesupport_microxrcedds_cpp_tests:/home/abdelrhaman/microros_ws/install/rmw_microxrcedds:/home/abdelrhaman/microros_ws/install/rosidl_typesupport_microxrcedds_cpp:/home/abdelrhaman/microros_ws/install/rosidl_typesupport_microxrcedds_c_tests:/home/abdelrhaman/microros_ws/install/rosidl_typesupport_microxrcedds_c:/home/abdelrhaman/microros_ws/install/rosgraph_msgs:/home/abdelrhaman/microros_ws/install/rclc_parameter:/home/abdelrhaman/microros_ws/install/rclc:/home/abdelrhaman/microros_ws/install/composition_interfaces:/home/abdelrhaman/microros_ws/install/rcl_interfaces:/home/abdelrhaman/microros_ws/install/microxrcedds_client:/home/abdelrhaman/microros_ws/install/microcdr:/home/abdelrhaman/microros_ws/install/micro_ros_utilities:/home/abdelrhaman/microros_ws/install/micro_ros_setup:/home/abdelrhaman/microros_ws/install/micro_ros_agent:/home/abdelrhaman/microros_ws/install/micro_ros_msgs:/home/abdelrhaman/microros_ws/install/lifecycle_msgs:/home/abdelrhaman/microros_ws/install/complex_msgs:/home/abdelrhaman/microros_ws/install/sensor_msgs_py:/home/abdelrhaman/ros/install/my_robot_controller:/opt/ros/humble LD_LIBRARY_PATH=/home/abdelrhaman/microros_ws/install/builtin_interfaces/lib:/home/abdelrhaman/microros_ws/install/visualization_msgs/lib:/home/abdelrhaman/microros_ws/install/test_msgs/lib:/home/abdelrhaman/microros_ws/install/example_interfaces/lib:/home/abdelrhaman/microros_ws/install/action_msgs/lib:/home/abdelrhaman/microros_ws/install/unique_identifier_msgs/lib:/home/abdelrhaman/microros_ws/install/trajectory_msgs/lib:/home/abdelrhaman/microros_ws/install/stereo_msgs/lib:/home/abdelrhaman/microros_ws/install/std_srvs/lib:/home/abdelrhaman/microros_ws/install/shape_msgs/lib:/home/abdelrhaman/microros_ws/install/sensor_msgs/lib:/home/abdelrhaman/microros_ws/install/nav_msgs/lib:/home/abdelrhaman/microros_ws/install/diagnostic_msgs/lib:/home/abdelrhaman/microros_ws/install/geometry_msgs/lib:/home/abdelrhaman/microros_ws/install/actionlib_msgs/lib:/home/abdelrhaman/microros_ws/install/std_msgs/lib:/home/abdelrhaman/microros_ws/install/statistics_msgs/lib:/home/abdelrhaman/microros_ws/install/rmw_microxrcedds/lib:/home/abdelrhaman/microros_ws/install/rosidl_typesupport_microxrcedds_cpp/lib:/home/abdelrhaman/microros_ws/install/rosidl_typesupport_microxrcedds_c/lib:/home/abdelrhaman/microros_ws/install/rosgraph_msgs/lib:/home/abdelrhaman/microros_ws/install/rclc_parameter/lib:/home/abdelrhaman/microros_ws/install/rclc/lib:/home/abdelrhaman/microros_ws/install/composition_interfaces/lib:/home/abdelrhaman/microros_ws/install/rcl_interfaces/lib:/home/abdelrhaman/microros_ws/install/microxrcedds_client/lib:/home/abdelrhaman/microros_ws/install/microcdr/lib:/home/abdelrhaman/microros_ws/install/micro_ros_utilities/lib:/home/abdelrhaman/microros_ws/install/micro_ros_agent/lib:/home/abdelrhaman/microros_ws/install/micro_ros_msgs/lib:/home/abdelrhaman/microros_ws/install/lifecycle_msgs/lib:/home/abdelrhaman/microros_ws/install/complex_msgs/lib:/opt/ros/humble/opt/rviz_ogre_vendor/lib:/opt/ros/humble/lib/x86_64-linux-gnu:/opt/ros/humble/lib /usr/bin/cmake --build /home/abdelrhaman/microros_ws/build/statistics_msgs -- -j20 -l20
[3.804s] Invoking command in '/home/abdelrhaman/microros_ws/build/statistics_msgs': CMAKE_PREFIX_PATH=/home/abdelrhaman/microros_ws/install/builtin_interfaces:/home/abdelrhaman/microros_ws/install/micro_ros_demos_rclc:/home/abdelrhaman/microros_ws/install/common_interfaces:/home/abdelrhaman/microros_ws/install/visualization_msgs:/home/abdelrhaman/microros_ws/install/test_msgs:/home/abdelrhaman/microros_ws/install/example_interfaces:/home/abdelrhaman/microros_ws/install/action_msgs:/home/abdelrhaman/microros_ws/install/unique_identifier_msgs:/home/abdelrhaman/microros_ws/install/trajectory_msgs:/home/abdelrhaman/microros_ws/install/stereo_msgs:/home/abdelrhaman/microros_ws/install/std_srvs:/home/abdelrhaman/microros_ws/install/shape_msgs:/home/abdelrhaman/microros_ws/install/sensor_msgs:/home/abdelrhaman/microros_ws/install/nav_msgs:/home/abdelrhaman/microros_ws/install/diagnostic_msgs:/home/abdelrhaman/microros_ws/install/geometry_msgs:/home/abdelrhaman/microros_ws/install/actionlib_msgs:/home/abdelrhaman/microros_ws/install/std_msgs:/home/abdelrhaman/microros_ws/install/statistics_msgs:/home/abdelrhaman/microros_ws/install/rosidl_typesupport_microxrcedds_test_msg:/home/abdelrhaman/microros_ws/install/rosidl_typesupport_microxrcedds_cpp_tests:/home/abdelrhaman/microros_ws/install/rmw_microxrcedds:/home/abdelrhaman/microros_ws/install/rosidl_typesupport_microxrcedds_cpp:/home/abdelrhaman/microros_ws/install/rosidl_typesupport_microxrcedds_c_tests:/home/abdelrhaman/microros_ws/install/rosidl_typesupport_microxrcedds_c:/home/abdelrhaman/microros_ws/install/rosgraph_msgs:/home/abdelrhaman/microros_ws/install/rclc_parameter:/home/abdelrhaman/microros_ws/install/rclc:/home/abdelrhaman/microros_ws/install/composition_interfaces:/home/abdelrhaman/microros_ws/install/rcl_interfaces:/home/abdelrhaman/microros_ws/install/microxrcedds_client:/home/abdelrhaman/microros_ws/install/microcdr:/home/abdelrhaman/microros_ws/install/micro_ros_utilities:/home/abdelrhaman/microros_ws/install/micro_ros_setup:/home/abdelrhaman/microros_ws/install/micro_ros_agent:/home/abdelrhaman/microros_ws/install/micro_ros_msgs:/home/abdelrhaman/microros_ws/install/lifecycle_msgs:/home/abdelrhaman/microros_ws/install/complex_msgs:/home/abdelrhaman/microros_ws/install/sensor_msgs_py:/home/abdelrhaman/ros/install/my_robot_controller:/opt/ros/humble LD_LIBRARY_PATH=/home/abdelrhaman/microros_ws/install/builtin_interfaces/lib:/home/abdelrhaman/microros_ws/install/visualization_msgs/lib:/home/abdelrhaman/microros_ws/install/test_msgs/lib:/home/abdelrhaman/microros_ws/install/example_interfaces/lib:/home/abdelrhaman/microros_ws/install/action_msgs/lib:/home/abdelrhaman/microros_ws/install/unique_identifier_msgs/lib:/home/abdelrhaman/microros_ws/install/trajectory_msgs/lib:/home/abdelrhaman/microros_ws/install/stereo_msgs/lib:/home/abdelrhaman/microros_ws/install/std_srvs/lib:/home/abdelrhaman/microros_ws/install/shape_msgs/lib:/home/abdelrhaman/microros_ws/install/sensor_msgs/lib:/home/abdelrhaman/microros_ws/install/nav_msgs/lib:/home/abdelrhaman/microros_ws/install/diagnostic_msgs/lib:/home/abdelrhaman/microros_ws/install/geometry_msgs/lib:/home/abdelrhaman/microros_ws/install/actionlib_msgs/lib:/home/abdelrhaman/microros_ws/install/std_msgs/lib:/home/abdelrhaman/microros_ws/install/statistics_msgs/lib:/home/abdelrhaman/microros_ws/install/rmw_microxrcedds/lib:/home/abdelrhaman/microros_ws/install/rosidl_typesupport_microxrcedds_cpp/lib:/home/abdelrhaman/microros_ws/install/rosidl_typesupport_microxrcedds_c/lib:/home/abdelrhaman/microros_ws/install/rosgraph_msgs/lib:/home/abdelrhaman/microros_ws/install/rclc_parameter/lib:/home/abdelrhaman/microros_ws/install/rclc/lib:/home/abdelrhaman/microros_ws/install/composition_interfaces/lib:/home/abdelrhaman/microros_ws/install/rcl_interfaces/lib:/home/abdelrhaman/microros_ws/install/microxrcedds_client/lib:/home/abdelrhaman/microros_ws/install/microcdr/lib:/home/abdelrhaman/microros_ws/install/micro_ros_utilities/lib:/home/abdelrhaman/microros_ws/install/micro_ros_agent/lib:/home/abdelrhaman/microros_ws/install/micro_ros_msgs/lib:/home/abdelrhaman/microros_ws/install/lifecycle_msgs/lib:/home/abdelrhaman/microros_ws/install/complex_msgs/lib:/opt/ros/humble/opt/rviz_ogre_vendor/lib:/opt/ros/humble/lib/x86_64-linux-gnu:/opt/ros/humble/lib /usr/bin/cmake --install /home/abdelrhaman/microros_ws/build/statistics_msgs
[3.813s] -- Install configuration: ""
[3.813s] -- Up-to-date: /home/abdelrhaman/microros_ws/install/statistics_msgs/share/ament_index/resource_index/rosidl_interfaces/statistics_msgs
[3.813s] -- Up-to-date: /home/abdelrhaman/microros_ws/install/statistics_msgs/include/statistics_msgs/statistics_msgs
[3.813s] -- Up-to-date: /home/abdelrhaman/microros_ws/install/statistics_msgs/include/statistics_msgs/statistics_msgs/msg
[3.813s] -- Up-to-date: /home/abdelrhaman/microros_ws/install/statistics_msgs/include/statistics_msgs/statistics_msgs/msg/rosidl_generator_c__visibility_control.h
[3.813s] -- Up-to-date: /home/abdelrhaman/microros_ws/install/statistics_msgs/include/statistics_msgs/statistics_msgs/msg/metrics_message.h
[3.813s] -- Up-to-date: /home/abdelrhaman/microros_ws/install/statistics_msgs/include/statistics_msgs/statistics_msgs/msg/statistic_data_point.h
[3.813s] -- Up-to-date: /home/abdelrhaman/microros_ws/install/statistics_msgs/include/statistics_msgs/statistics_msgs/msg/detail
[3.813s] -- Up-to-date: /home/abdelrhaman/microros_ws/install/statistics_msgs/include/statistics_msgs/statistics_msgs/msg/detail/statistic_data_point__struct.h
[3.814s] -- Up-to-date: /home/abdelrhaman/microros_ws/install/statistics_msgs/include/statistics_msgs/statistics_msgs/msg/detail/statistic_data_type__type_support.h
[3.814s] -- Up-to-date: /home/abdelrhaman/microros_ws/install/statistics_msgs/include/statistics_msgs/statistics_msgs/msg/detail/metrics_message__functions.h
[3.814s] -- Up-to-date: /home/abdelrhaman/microros_ws/install/statistics_msgs/include/statistics_msgs/statistics_msgs/msg/detail/metrics_message__functions.c
[3.814s] -- Up-to-date: /home/abdelrhaman/microros_ws/install/statistics_msgs/include/statistics_msgs/statistics_msgs/msg/detail/metrics_message__type_support.h
[3.814s] -- Up-to-date: /home/abdelrhaman/microros_ws/install/statistics_msgs/include/statistics_msgs/statistics_msgs/msg/detail/metrics_message__struct.h
[3.814s] -- Up-to-date: /home/abdelrhaman/microros_ws/install/statistics_msgs/include/statistics_msgs/statistics_msgs/msg/detail/statistic_data_type__functions.c
[3.814s] -- Up-to-date: /home/abdelrhaman/microros_ws/install/statistics_msgs/include/statistics_msgs/statistics_msgs/msg/detail/statistic_data_point__functions.h
[3.814s] -- Up-to-date: /home/abdelrhaman/microros_ws/install/statistics_msgs/include/statistics_msgs/statistics_msgs/msg/detail/statistic_data_point__functions.c
[3.814s] -- Up-to-date: /home/abdelrhaman/microros_ws/install/statistics_msgs/include/statistics_msgs/statistics_msgs/msg/detail/statistic_data_point__type_support.h
[3.814s] -- Up-to-date: /home/abdelrhaman/microros_ws/install/statistics_msgs/include/statistics_msgs/statistics_msgs/msg/detail/statistic_data_type__struct.h
[3.814s] -- Up-to-date: /home/abdelrhaman/microros_ws/install/statistics_msgs/include/statistics_msgs/statistics_msgs/msg/detail/statistic_data_type__functions.h
[3.814s] -- Up-to-date: /home/abdelrhaman/microros_ws/install/statistics_msgs/include/statistics_msgs/statistics_msgs/msg/statistic_data_type.h
[3.814s] -- Up-to-date: /home/abdelrhaman/microros_ws/install/statistics_msgs/share/statistics_msgs/environment/library_path.sh
[3.814s] -- Installing: /home/abdelrhaman/microros_ws/install/statistics_msgs/share/statistics_msgs/environment/library_path.dsv
[3.814s] -- Up-to-date: /home/abdelrhaman/microros_ws/install/statistics_msgs/lib/libstatistics_msgs__rosidl_generator_c.so
[3.814s] -- Up-to-date: /home/abdelrhaman/microros_ws/install/statistics_msgs/include/statistics_msgs/statistics_msgs
[3.814s] -- Up-to-date: /home/abdelrhaman/microros_ws/install/statistics_msgs/include/statistics_msgs/statistics_msgs/msg
[3.814s] -- Up-to-date: /home/abdelrhaman/microros_ws/install/statistics_msgs/include/statistics_msgs/statistics_msgs/msg/detail
[3.814s] -- Up-to-date: /home/abdelrhaman/microros_ws/install/statistics_msgs/include/statistics_msgs/statistics_msgs/msg/detail/statistic_data_point__rosidl_typesupport_fastrtps_c.h
[3.814s] -- Up-to-date: /home/abdelrhaman/microros_ws/install/statistics_msgs/include/statistics_msgs/statistics_msgs/msg/detail/statistic_data_type__rosidl_typesupport_fastrtps_c.h
[3.814s] -- Up-to-date: /home/abdelrhaman/microros_ws/install/statistics_msgs/include/statistics_msgs/statistics_msgs/msg/detail/metrics_message__rosidl_typesupport_fastrtps_c.h
[3.814s] -- Up-to-date: /home/abdelrhaman/microros_ws/install/statistics_msgs/include/statistics_msgs/statistics_msgs/msg/rosidl_typesupport_fastrtps_c__visibility_control.h
[3.814s] -- Up-to-date: /home/abdelrhaman/microros_ws/install/statistics_msgs/lib/libstatistics_msgs__rosidl_typesupport_fastrtps_c.so
[3.814s] -- Up-to-date: /home/abdelrhaman/microros_ws/install/statistics_msgs/include/statistics_msgs/statistics_msgs
[3.814s] -- Up-to-date: /home/abdelrhaman/microros_ws/install/statistics_msgs/include/statistics_msgs/statistics_msgs/msg
[3.814s] -- Up-to-date: /home/abdelrhaman/microros_ws/install/statistics_msgs/include/statistics_msgs/statistics_msgs/msg/statistic_data_point.hpp
[3.814s] -- Up-to-date: /home/abdelrhaman/microros_ws/install/statistics_msgs/include/statistics_msgs/statistics_msgs/msg/metrics_message.hpp
[3.814s] -- Up-to-date: /home/abdelrhaman/microros_ws/install/statistics_msgs/include/statistics_msgs/statistics_msgs/msg/detail
[3.814s] -- Up-to-date: /home/abdelrhaman/microros_ws/install/statistics_msgs/include/statistics_msgs/statistics_msgs/msg/detail/statistic_data_point__struct.hpp
[3.814s] -- Up-to-date: /home/abdelrhaman/microros_ws/install/statistics_msgs/include/statistics_msgs/statistics_msgs/msg/detail/metrics_message__builder.hpp
[3.814s] -- Up-to-date: /home/abdelrhaman/microros_ws/install/statistics_msgs/include/statistics_msgs/statistics_msgs/msg/detail/statistic_data_type__struct.hpp
[3.814s] -- Up-to-date: /home/abdelrhaman/microros_ws/install/statistics_msgs/include/statistics_msgs/statistics_msgs/msg/detail/statistic_data_point__builder.hpp
[3.814s] -- Up-to-date: /home/abdelrhaman/microros_ws/install/statistics_msgs/include/statistics_msgs/statistics_msgs/msg/detail/statistic_data_type__traits.hpp
[3.815s] -- Up-to-date: /home/abdelrhaman/microros_ws/install/statistics_msgs/include/statistics_msgs/statistics_msgs/msg/detail/metrics_message__traits.hpp
[3.815s] -- Up-to-date: /home/abdelrhaman/microros_ws/install/statistics_msgs/include/statistics_msgs/statistics_msgs/msg/detail/metrics_message__struct.hpp
[3.815s] -- Up-to-date: /home/abdelrhaman/microros_ws/install/statistics_msgs/include/statistics_msgs/statistics_msgs/msg/detail/statistic_data_type__builder.hpp
[3.815s] -- Up-to-date: /home/abdelrhaman/microros_ws/install/statistics_msgs/include/statistics_msgs/statistics_msgs/msg/detail/statistic_data_point__traits.hpp
[3.815s] -- Up-to-date: /home/abdelrhaman/microros_ws/install/statistics_msgs/include/statistics_msgs/statistics_msgs/msg/statistic_data_type.hpp
[3.815s] -- Up-to-date: /home/abdelrhaman/microros_ws/install/statistics_msgs/include/statistics_msgs/statistics_msgs
[3.815s] -- Up-to-date: /home/abdelrhaman/microros_ws/install/statistics_msgs/include/statistics_msgs/statistics_msgs/msg
[3.815s] -- Up-to-date: /home/abdelrhaman/microros_ws/install/statistics_msgs/include/statistics_msgs/statistics_msgs/msg/detail
[3.815s] -- Up-to-date: /home/abdelrhaman/microros_ws/install/statistics_msgs/include/statistics_msgs/statistics_msgs/msg/detail/metrics_message__rosidl_typesupport_fastrtps_cpp.hpp
[3.815s] -- Up-to-date: /home/abdelrhaman/microros_ws/install/statistics_msgs/include/statistics_msgs/statistics_msgs/msg/detail/statistic_data_point__rosidl_typesupport_fastrtps_cpp.hpp
[3.815s] -- Up-to-date: /home/abdelrhaman/microros_ws/install/statistics_msgs/include/statistics_msgs/statistics_msgs/msg/detail/statistic_data_type__rosidl_typesupport_fastrtps_cpp.hpp
[3.815s] -- Up-to-date: /home/abdelrhaman/microros_ws/install/statistics_msgs/include/statistics_msgs/statistics_msgs/msg/detail/dds_fastrtps
[3.815s] -- Up-to-date: /home/abdelrhaman/microros_ws/install/statistics_msgs/include/statistics_msgs/statistics_msgs/msg/rosidl_typesupport_fastrtps_cpp__visibility_control.h
[3.815s] -- Up-to-date: /home/abdelrhaman/microros_ws/install/statistics_msgs/lib/libstatistics_msgs__rosidl_typesupport_fastrtps_cpp.so
[3.815s] -- Up-to-date: /home/abdelrhaman/microros_ws/install/statistics_msgs/include/statistics_msgs
[3.815s] -- Up-to-date: /home/abdelrhaman/microros_ws/install/statistics_msgs/include/statistics_msgs/msg
[3.815s] -- Up-to-date: /home/abdelrhaman/microros_ws/install/statistics_msgs/include/statistics_msgs/msg/detail
[3.815s] -- Up-to-date: /home/abdelrhaman/microros_ws/install/statistics_msgs/include/statistics_msgs/msg/detail/statistic_data_point__rosidl_typesupport_microxrcedds_c.h
[3.815s] -- Up-to-date: /home/abdelrhaman/microros_ws/install/statistics_msgs/include/statistics_msgs/msg/detail/metrics_message__rosidl_typesupport_microxrcedds_c.h
[3.815s] -- Up-to-date: /home/abdelrhaman/microros_ws/install/statistics_msgs/include/statistics_msgs/msg/detail/statistic_data_type__rosidl_typesupport_microxrcedds_c.h
[3.815s] -- Up-to-date: /home/abdelrhaman/microros_ws/install/statistics_msgs/include/statistics_msgs/msg/detail/microxrcedds
[3.815s] -- Up-to-date: /home/abdelrhaman/microros_ws/install/statistics_msgs/include/statistics_msgs/msg/rosidl_typesupport_microxrcedds_c__visibility_control.h
[3.815s] -- Installing: /home/abdelrhaman/microros_ws/install/statistics_msgs/lib/libstatistics_msgs__rosidl_typesupport_microxrcedds_c.so
[3.815s] -- Set runtime path of "/home/abdelrhaman/microros_ws/install/statistics_msgs/lib/libstatistics_msgs__rosidl_typesupport_microxrcedds_c.so" to ""
[3.815s] -- Up-to-date: /home/abdelrhaman/microros_ws/install/statistics_msgs/include/statistics_msgs/statistics_msgs
[3.815s] -- Up-to-date: /home/abdelrhaman/microros_ws/install/statistics_msgs/include/statistics_msgs/statistics_msgs/msg
[3.815s] -- Up-to-date: /home/abdelrhaman/microros_ws/install/statistics_msgs/include/statistics_msgs/statistics_msgs/msg/rosidl_typesupport_introspection_c__visibility_control.h
[3.815s] -- Up-to-date: /home/abdelrhaman/microros_ws/install/statistics_msgs/include/statistics_msgs/statistics_msgs/msg/detail
[3.815s] -- Up-to-date: /home/abdelrhaman/microros_ws/install/statistics_msgs/include/statistics_msgs/statistics_msgs/msg/detail/statistic_data_type__type_support.c
[3.815s] -- Up-to-date: /home/abdelrhaman/microros_ws/install/statistics_msgs/include/statistics_msgs/statistics_msgs/msg/detail/statistic_data_point__type_support.c
[3.815s] -- Up-to-date: /home/abdelrhaman/microros_ws/install/statistics_msgs/include/statistics_msgs/statistics_msgs/msg/detail/metrics_message__type_support.c
[3.815s] -- Up-to-date: /home/abdelrhaman/microros_ws/install/statistics_msgs/include/statistics_msgs/statistics_msgs/msg/detail/statistic_data_point__rosidl_typesupport_introspection_c.h
[3.815s] -- Up-to-date: /home/abdelrhaman/microros_ws/install/statistics_msgs/include/statistics_msgs/statistics_msgs/msg/detail/metrics_message__rosidl_typesupport_introspection_c.h
[3.816s] -- Up-to-date: /home/abdelrhaman/microros_ws/install/statistics_msgs/include/statistics_msgs/statistics_msgs/msg/detail/statistic_data_type__rosidl_typesupport_introspection_c.h
[3.816s] -- Up-to-date: /home/abdelrhaman/microros_ws/install/statistics_msgs/lib/libstatistics_msgs__rosidl_typesupport_introspection_c.so
[3.816s] -- Installing: /home/abdelrhaman/microros_ws/install/statistics_msgs/lib/libstatistics_msgs__rosidl_typesupport_c.so
[3.816s] -- Set runtime path of "/home/abdelrhaman/microros_ws/install/statistics_msgs/lib/libstatistics_msgs__rosidl_typesupport_c.so" to ""
[3.816s] -- Up-to-date: /home/abdelrhaman/microros_ws/install/statistics_msgs/include/statistics_msgs
[3.816s] -- Up-to-date: /home/abdelrhaman/microros_ws/install/statistics_msgs/include/statistics_msgs/msg
[3.816s] -- Up-to-date: /home/abdelrhaman/microros_ws/install/statistics_msgs/include/statistics_msgs/msg/detail
[3.816s] -- Up-to-date: /home/abdelrhaman/microros_ws/install/statistics_msgs/include/statistics_msgs/msg/detail/statistic_data_type__rosidl_typesupport_microxrcedds_cpp.hpp
[3.816s] -- Up-to-date: /home/abdelrhaman/microros_ws/install/statistics_msgs/include/statistics_msgs/msg/detail/metrics_message__rosidl_typesupport_microxrcedds_cpp.hpp
[3.816s] -- Up-to-date: /home/abdelrhaman/microros_ws/install/statistics_msgs/include/statistics_msgs/msg/detail/microxrcedds
[3.816s] -- Up-to-date: /home/abdelrhaman/microros_ws/install/statistics_msgs/include/statistics_msgs/msg/detail/microxrcedds/statistic_data_type__type_support_cpp.cpp
[3.816s] -- Up-to-date: /home/abdelrhaman/microros_ws/install/statistics_msgs/include/statistics_msgs/msg/detail/microxrcedds/metrics_message__type_support_cpp.cpp
[3.816s] -- Up-to-date: /home/abdelrhaman/microros_ws/install/statistics_msgs/include/statistics_msgs/msg/detail/microxrcedds/statistic_data_point__type_support_cpp.cpp
[3.816s] -- Up-to-date: /home/abdelrhaman/microros_ws/install/statistics_msgs/include/statistics_msgs/msg/detail/statistic_data_point__rosidl_typesupport_microxrcedds_cpp.hpp
[3.816s] -- Up-to-date: /home/abdelrhaman/microros_ws/install/statistics_msgs/include/statistics_msgs/msg/rosidl_typesupport_microxrcedds_cpp__visibility_control.h
[3.816s] -- Installing: /home/abdelrhaman/microros_ws/install/statistics_msgs/lib/libstatistics_msgs__rosidl_typesupport_microxrcedds_cpp.so
[3.816s] -- Set runtime path of "/home/abdelrhaman/microros_ws/install/statistics_msgs/lib/libstatistics_msgs__rosidl_typesupport_microxrcedds_cpp.so" to ""
[3.816s] -- Up-to-date: /home/abdelrhaman/microros_ws/install/statistics_msgs/include/statistics_msgs/statistics_msgs
[3.816s] -- Up-to-date: /home/abdelrhaman/microros_ws/install/statistics_msgs/include/statistics_msgs/statistics_msgs/msg
[3.816s] -- Up-to-date: /home/abdelrhaman/microros_ws/install/statistics_msgs/include/statistics_msgs/statistics_msgs/msg/detail
[3.816s] -- Up-to-date: /home/abdelrhaman/microros_ws/install/statistics_msgs/include/statistics_msgs/statistics_msgs/msg/detail/statistic_data_type__type_support.cpp
[3.816s] -- Up-to-date: /home/abdelrhaman/microros_ws/install/statistics_msgs/include/statistics_msgs/statistics_msgs/msg/detail/statistic_data_point__rosidl_typesupport_introspection_cpp.hpp
[3.816s] -- Up-to-date: /home/abdelrhaman/microros_ws/install/statistics_msgs/include/statistics_msgs/statistics_msgs/msg/detail/statistic_data_type__rosidl_typesupport_introspection_cpp.hpp
[3.816s] -- Up-to-date: /home/abdelrhaman/microros_ws/install/statistics_msgs/include/statistics_msgs/statistics_msgs/msg/detail/statistic_data_point__type_support.cpp
[3.816s] -- Up-to-date: /home/abdelrhaman/microros_ws/install/statistics_msgs/include/statistics_msgs/statistics_msgs/msg/detail/metrics_message__type_support.cpp
[3.816s] -- Up-to-date: /home/abdelrhaman/microros_ws/install/statistics_msgs/include/statistics_msgs/statistics_msgs/msg/detail/metrics_message__rosidl_typesupport_introspection_cpp.hpp
[3.816s] -- Up-to-date: /home/abdelrhaman/microros_ws/install/statistics_msgs/lib/libstatistics_msgs__rosidl_typesupport_introspection_cpp.so
[3.816s] -- Installing: /home/abdelrhaman/microros_ws/install/statistics_msgs/lib/libstatistics_msgs__rosidl_typesupport_cpp.so
[3.816s] -- Set runtime path of "/home/abdelrhaman/microros_ws/install/statistics_msgs/lib/libstatistics_msgs__rosidl_typesupport_cpp.so" to ""
[3.817s] -- Up-to-date: /home/abdelrhaman/microros_ws/install/statistics_msgs/share/statistics_msgs/environment/pythonpath.sh
[3.817s] -- Installing: /home/abdelrhaman/microros_ws/install/statistics_msgs/share/statistics_msgs/environment/pythonpath.dsv
[3.817s] -- Up-to-date: /home/abdelrhaman/microros_ws/install/statistics_msgs/local/lib/python3.10/dist-packages/statistics_msgs-1.2.1-py3.10.egg-info
[3.817s] -- Installing: /home/abdelrhaman/microros_ws/install/statistics_msgs/local/lib/python3.10/dist-packages/statistics_msgs-1.2.1-py3.10.egg-info/PKG-INFO
[3.817s] -- Installing: /home/abdelrhaman/microros_ws/install/statistics_msgs/local/lib/python3.10/dist-packages/statistics_msgs-1.2.1-py3.10.egg-info/SOURCES.txt
[3.817s] -- Installing: /home/abdelrhaman/microros_ws/install/statistics_msgs/local/lib/python3.10/dist-packages/statistics_msgs-1.2.1-py3.10.egg-info/top_level.txt
[3.817s] -- Installing: /home/abdelrhaman/microros_ws/install/statistics_msgs/local/lib/python3.10/dist-packages/statistics_msgs-1.2.1-py3.10.egg-info/dependency_links.txt
[3.817s] -- Up-to-date: /home/abdelrhaman/microros_ws/install/statistics_msgs/local/lib/python3.10/dist-packages/statistics_msgs
[3.817s] -- Up-to-date: /home/abdelrhaman/microros_ws/install/statistics_msgs/local/lib/python3.10/dist-packages/statistics_msgs/_statistics_msgs_s.ep.rosidl_typesupport_c.c
[3.817s] -- Up-to-date: /home/abdelrhaman/microros_ws/install/statistics_msgs/local/lib/python3.10/dist-packages/statistics_msgs/_statistics_msgs_s.ep.rosidl_typesupport_fastrtps_c.c
[3.817s] -- Installing: /home/abdelrhaman/microros_ws/install/statistics_msgs/local/lib/python3.10/dist-packages/statistics_msgs/statistics_msgs_s__rosidl_typesupport_microxrcedds_c.cpython-310-x86_64-linux-gnu.so
[3.817s] -- Installing: /home/abdelrhaman/microros_ws/install/statistics_msgs/local/lib/python3.10/dist-packages/statistics_msgs/__init__.py
[3.817s] -- Installing: /home/abdelrhaman/microros_ws/install/statistics_msgs/local/lib/python3.10/dist-packages/statistics_msgs/statistics_msgs_s__rosidl_typesupport_introspection_c.cpython-310-x86_64-linux-gnu.so
[3.817s] -- Up-to-date: /home/abdelrhaman/microros_ws/install/statistics_msgs/local/lib/python3.10/dist-packages/statistics_msgs/_statistics_msgs_s.ep.rosidl_typesupport_microxrcedds_c.c
[3.817s] -- Up-to-date: /home/abdelrhaman/microros_ws/install/statistics_msgs/local/lib/python3.10/dist-packages/statistics_msgs/msg
[3.817s] -- Up-to-date: /home/abdelrhaman/microros_ws/install/statistics_msgs/local/lib/python3.10/dist-packages/statistics_msgs/msg/_metrics_message_s.c
[3.817s] -- Up-to-date: /home/abdelrhaman/microros_ws/install/statistics_msgs/local/lib/python3.10/dist-packages/statistics_msgs/msg/_statistic_data_type_s.c
[3.817s] -- Up-to-date: /home/abdelrhaman/microros_ws/install/statistics_msgs/local/lib/python3.10/dist-packages/statistics_msgs/msg/_metrics_message.py
[3.817s] -- Up-to-date: /home/abdelrhaman/microros_ws/install/statistics_msgs/local/lib/python3.10/dist-packages/statistics_msgs/msg/_statistic_data_type.py
[3.817s] -- Up-to-date: /home/abdelrhaman/microros_ws/install/statistics_msgs/local/lib/python3.10/dist-packages/statistics_msgs/msg/__init__.py
[3.817s] -- Up-to-date: /home/abdelrhaman/microros_ws/install/statistics_msgs/local/lib/python3.10/dist-packages/statistics_msgs/msg/_statistic_data_point_s.c
[3.817s] -- Up-to-date: /home/abdelrhaman/microros_ws/install/statistics_msgs/local/lib/python3.10/dist-packages/statistics_msgs/msg/_statistic_data_point.py
[3.817s] -- Installing: /home/abdelrhaman/microros_ws/install/statistics_msgs/local/lib/python3.10/dist-packages/statistics_msgs/statistics_msgs_s__rosidl_typesupport_fastrtps_c.cpython-310-x86_64-linux-gnu.so
[3.817s] -- Installing: /home/abdelrhaman/microros_ws/install/statistics_msgs/local/lib/python3.10/dist-packages/statistics_msgs/statistics_msgs_s__rosidl_typesupport_c.cpython-310-x86_64-linux-gnu.so
[3.817s] -- Up-to-date: /home/abdelrhaman/microros_ws/install/statistics_msgs/local/lib/python3.10/dist-packages/statistics_msgs/_statistics_msgs_s.ep.rosidl_typesupport_introspection_c.c
[3.817s] -- Installing: /home/abdelrhaman/microros_ws/install/statistics_msgs/local/lib/python3.10/dist-packages/statistics_msgs/libstatistics_msgs__rosidl_generator_py.so
[3.847s] Listing '/home/abdelrhaman/microros_ws/install/statistics_msgs/local/lib/python3.10/dist-packages/statistics_msgs'...
[3.849s] Compiling '/home/abdelrhaman/microros_ws/install/statistics_msgs/local/lib/python3.10/dist-packages/statistics_msgs/__init__.py'...
[3.849s] Listing '/home/abdelrhaman/microros_ws/install/statistics_msgs/local/lib/python3.10/dist-packages/statistics_msgs/msg'...
[3.850s] -- Installing: /home/abdelrhaman/microros_ws/install/statistics_msgs/local/lib/python3.10/dist-packages/statistics_msgs/statistics_msgs_s__rosidl_typesupport_microxrcedds_c.cpython-310-x86_64-linux-gnu.so
[3.851s] -- Set runtime path of "/home/abdelrhaman/microros_ws/install/statistics_msgs/local/lib/python3.10/dist-packages/statistics_msgs/statistics_msgs_s__rosidl_typesupport_microxrcedds_c.cpython-310-x86_64-linux-gnu.so" to ""
[3.851s] -- Installing: /home/abdelrhaman/microros_ws/install/statistics_msgs/local/lib/python3.10/dist-packages/statistics_msgs/statistics_msgs_s__rosidl_typesupport_fastrtps_c.cpython-310-x86_64-linux-gnu.so
[3.851s] -- Set runtime path of "/home/abdelrhaman/microros_ws/install/statistics_msgs/local/lib/python3.10/dist-packages/statistics_msgs/statistics_msgs_s__rosidl_typesupport_fastrtps_c.cpython-310-x86_64-linux-gnu.so" to ""
[3.851s] -- Installing: /home/abdelrhaman/microros_ws/install/statistics_msgs/local/lib/python3.10/dist-packages/statistics_msgs/statistics_msgs_s__rosidl_typesupport_introspection_c.cpython-310-x86_64-linux-gnu.so
[3.851s] -- Set runtime path of "/home/abdelrhaman/microros_ws/install/statistics_msgs/local/lib/python3.10/dist-packages/statistics_msgs/statistics_msgs_s__rosidl_typesupport_introspection_c.cpython-310-x86_64-linux-gnu.so" to ""
[3.851s] -- Installing: /home/abdelrhaman/microros_ws/install/statistics_msgs/local/lib/python3.10/dist-packages/statistics_msgs/statistics_msgs_s__rosidl_typesupport_c.cpython-310-x86_64-linux-gnu.so
[3.851s] -- Set runtime path of "/home/abdelrhaman/microros_ws/install/statistics_msgs/local/lib/python3.10/dist-packages/statistics_msgs/statistics_msgs_s__rosidl_typesupport_c.cpython-310-x86_64-linux-gnu.so" to ""
[3.851s] -- Installing: /home/abdelrhaman/microros_ws/install/statistics_msgs/lib/libstatistics_msgs__rosidl_generator_py.so
[3.851s] -- Set runtime path of "/home/abdelrhaman/microros_ws/install/statistics_msgs/lib/libstatistics_msgs__rosidl_generator_py.so" to ""
[3.851s] -- Up-to-date: /home/abdelrhaman/microros_ws/install/statistics_msgs/share/statistics_msgs/msg/MetricsMessage.idl
[3.851s] -- Up-to-date: /home/abdelrhaman/microros_ws/install/statistics_msgs/share/statistics_msgs/msg/StatisticDataPoint.idl
[3.851s] -- Up-to-date: /home/abdelrhaman/microros_ws/install/statistics_msgs/share/statistics_msgs/msg/StatisticDataType.idl
[3.851s] -- Up-to-date: /home/abdelrhaman/microros_ws/install/statistics_msgs/share/statistics_msgs/msg/MetricsMessage.msg
[3.851s] -- Up-to-date: /home/abdelrhaman/microros_ws/install/statistics_msgs/share/statistics_msgs/msg/StatisticDataPoint.msg
[3.852s] -- Up-to-date: /home/abdelrhaman/microros_ws/install/statistics_msgs/share/statistics_msgs/msg/StatisticDataType.msg
[3.852s] -- Up-to-date: /home/abdelrhaman/microros_ws/install/statistics_msgs/share/ament_index/resource_index/package_run_dependencies/statistics_msgs
[3.852s] -- Installing: /home/abdelrhaman/microros_ws/install/statistics_msgs/share/ament_index/resource_index/parent_prefix_path/statistics_msgs
[3.852s] -- Up-to-date: /home/abdelrhaman/microros_ws/install/statistics_msgs/share/statistics_msgs/environment/ament_prefix_path.sh
[3.852s] -- Installing: /home/abdelrhaman/microros_ws/install/statistics_msgs/share/statistics_msgs/environment/ament_prefix_path.dsv
[3.852s] -- Up-to-date: /home/abdelrhaman/microros_ws/install/statistics_msgs/share/statistics_msgs/environment/path.sh
[3.852s] -- Installing: /home/abdelrhaman/microros_ws/install/statistics_msgs/share/statistics_msgs/environment/path.dsv
[3.852s] -- Up-to-date: /home/abdelrhaman/microros_ws/install/statistics_msgs/share/statistics_msgs/local_setup.bash
[3.852s] -- Up-to-date: /home/abdelrhaman/microros_ws/install/statistics_msgs/share/statistics_msgs/local_setup.sh
[3.852s] -- Up-to-date: /home/abdelrhaman/microros_ws/install/statistics_msgs/share/statistics_msgs/local_setup.zsh
[3.852s] -- Installing: /home/abdelrhaman/microros_ws/install/statistics_msgs/share/statistics_msgs/local_setup.dsv
[3.852s] -- Installing: /home/abdelrhaman/microros_ws/install/statistics_msgs/share/statistics_msgs/package.dsv
[3.852s] -- Up-to-date: /home/abdelrhaman/microros_ws/install/statistics_msgs/share/ament_index/resource_index/packages/statistics_msgs
[3.852s] -- Up-to-date: /home/abdelrhaman/microros_ws/install/statistics_msgs/share/statistics_msgs/cmake/export_statistics_msgs__rosidl_generator_cExport.cmake
[3.852s] -- Up-to-date: /home/abdelrhaman/microros_ws/install/statistics_msgs/share/statistics_msgs/cmake/export_statistics_msgs__rosidl_generator_cExport-noconfig.cmake
[3.852s] -- Up-to-date: /home/abdelrhaman/microros_ws/install/statistics_msgs/share/statistics_msgs/cmake/export_statistics_msgs__rosidl_typesupport_fastrtps_cExport.cmake
[3.852s] -- Up-to-date: /home/abdelrhaman/microros_ws/install/statistics_msgs/share/statistics_msgs/cmake/export_statistics_msgs__rosidl_typesupport_fastrtps_cExport-noconfig.cmake
[3.852s] -- Up-to-date: /home/abdelrhaman/microros_ws/install/statistics_msgs/share/statistics_msgs/cmake/export_statistics_msgs__rosidl_generator_cppExport.cmake
[3.852s] -- Up-to-date: /home/abdelrhaman/microros_ws/install/statistics_msgs/share/statistics_msgs/cmake/export_statistics_msgs__rosidl_typesupport_fastrtps_cppExport.cmake
[3.852s] -- Up-to-date: /home/abdelrhaman/microros_ws/install/statistics_msgs/share/statistics_msgs/cmake/export_statistics_msgs__rosidl_typesupport_fastrtps_cppExport-noconfig.cmake
[3.852s] -- Up-to-date: /home/abdelrhaman/microros_ws/install/statistics_msgs/share/statistics_msgs/cmake/statistics_msgs__rosidl_typesupport_introspection_cExport.cmake
[3.852s] -- Up-to-date: /home/abdelrhaman/microros_ws/install/statistics_msgs/share/statistics_msgs/cmake/statistics_msgs__rosidl_typesupport_introspection_cExport-noconfig.cmake
[3.852s] -- Up-to-date: /home/abdelrhaman/microros_ws/install/statistics_msgs/share/statistics_msgs/cmake/statistics_msgs__rosidl_typesupport_cExport.cmake
[3.852s] -- Up-to-date: /home/abdelrhaman/microros_ws/install/statistics_msgs/share/statistics_msgs/cmake/statistics_msgs__rosidl_typesupport_cExport-noconfig.cmake
[3.853s] -- Up-to-date: /home/abdelrhaman/microros_ws/install/statistics_msgs/share/statistics_msgs/cmake/statistics_msgs__rosidl_typesupport_introspection_cppExport.cmake
[3.853s] -- Up-to-date: /home/abdelrhaman/microros_ws/install/statistics_msgs/share/statistics_msgs/cmake/statistics_msgs__rosidl_typesupport_introspection_cppExport-noconfig.cmake
[3.853s] -- Up-to-date: /home/abdelrhaman/microros_ws/install/statistics_msgs/share/statistics_msgs/cmake/statistics_msgs__rosidl_typesupport_cppExport.cmake
[3.853s] -- Up-to-date: /home/abdelrhaman/microros_ws/install/statistics_msgs/share/statistics_msgs/cmake/statistics_msgs__rosidl_typesupport_cppExport-noconfig.cmake
[3.853s] -- Up-to-date: /home/abdelrhaman/microros_ws/install/statistics_msgs/share/statistics_msgs/cmake/export_statistics_msgs__rosidl_generator_pyExport.cmake
[3.853s] -- Up-to-date: /home/abdelrhaman/microros_ws/install/statistics_msgs/share/statistics_msgs/cmake/export_statistics_msgs__rosidl_generator_pyExport-noconfig.cmake
[3.853s] -- Up-to-date: /home/abdelrhaman/microros_ws/install/statistics_msgs/share/statistics_msgs/cmake/rosidl_cmake-extras.cmake
[3.853s] -- Up-to-date: /home/abdelrhaman/microros_ws/install/statistics_msgs/share/statistics_msgs/cmake/ament_cmake_export_dependencies-extras.cmake
[3.853s] -- Installing: /home/abdelrhaman/microros_ws/install/statistics_msgs/share/statistics_msgs/cmake/ament_cmake_export_include_directories-extras.cmake
[3.853s] -- Up-to-date: /home/abdelrhaman/microros_ws/install/statistics_msgs/share/statistics_msgs/cmake/ament_cmake_export_libraries-extras.cmake
[3.853s] -- Up-to-date: /home/abdelrhaman/microros_ws/install/statistics_msgs/share/statistics_msgs/cmake/ament_cmake_export_targets-extras.cmake
[3.853s] -- Up-to-date: /home/abdelrhaman/microros_ws/install/statistics_msgs/share/statistics_msgs/cmake/rosidl_cmake_export_typesupport_targets-extras.cmake
[3.853s] -- Installing: /home/abdelrhaman/microros_ws/install/statistics_msgs/share/statistics_msgs/cmake/rosidl_cmake_export_typesupport_libraries-extras.cmake
[3.853s] -- Up-to-date: /home/abdelrhaman/microros_ws/install/statistics_msgs/share/statistics_msgs/cmake/statistics_msgsConfig.cmake
[3.853s] -- Up-to-date: /home/abdelrhaman/microros_ws/install/statistics_msgs/share/statistics_msgs/cmake/statistics_msgsConfig-version.cmake
[3.853s] -- Up-to-date: /home/abdelrhaman/microros_ws/install/statistics_msgs/share/statistics_msgs/package.xml
[3.860s] Invoked command in '/home/abdelrhaman/microros_ws/build/statistics_msgs' returned '0': CMAKE_PREFIX_PATH=/home/abdelrhaman/microros_ws/install/builtin_interfaces:/home/abdelrhaman/microros_ws/install/micro_ros_demos_rclc:/home/abdelrhaman/microros_ws/install/common_interfaces:/home/abdelrhaman/microros_ws/install/visualization_msgs:/home/abdelrhaman/microros_ws/install/test_msgs:/home/abdelrhaman/microros_ws/install/example_interfaces:/home/abdelrhaman/microros_ws/install/action_msgs:/home/abdelrhaman/microros_ws/install/unique_identifier_msgs:/home/abdelrhaman/microros_ws/install/trajectory_msgs:/home/abdelrhaman/microros_ws/install/stereo_msgs:/home/abdelrhaman/microros_ws/install/std_srvs:/home/abdelrhaman/microros_ws/install/shape_msgs:/home/abdelrhaman/microros_ws/install/sensor_msgs:/home/abdelrhaman/microros_ws/install/nav_msgs:/home/abdelrhaman/microros_ws/install/diagnostic_msgs:/home/abdelrhaman/microros_ws/install/geometry_msgs:/home/abdelrhaman/microros_ws/install/actionlib_msgs:/home/abdelrhaman/microros_ws/install/std_msgs:/home/abdelrhaman/microros_ws/install/statistics_msgs:/home/abdelrhaman/microros_ws/install/rosidl_typesupport_microxrcedds_test_msg:/home/abdelrhaman/microros_ws/install/rosidl_typesupport_microxrcedds_cpp_tests:/home/abdelrhaman/microros_ws/install/rmw_microxrcedds:/home/abdelrhaman/microros_ws/install/rosidl_typesupport_microxrcedds_cpp:/home/abdelrhaman/microros_ws/install/rosidl_typesupport_microxrcedds_c_tests:/home/abdelrhaman/microros_ws/install/rosidl_typesupport_microxrcedds_c:/home/abdelrhaman/microros_ws/install/rosgraph_msgs:/home/abdelrhaman/microros_ws/install/rclc_parameter:/home/abdelrhaman/microros_ws/install/rclc:/home/abdelrhaman/microros_ws/install/composition_interfaces:/home/abdelrhaman/microros_ws/install/rcl_interfaces:/home/abdelrhaman/microros_ws/install/microxrcedds_client:/home/abdelrhaman/microros_ws/install/microcdr:/home/abdelrhaman/microros_ws/install/micro_ros_utilities:/home/abdelrhaman/microros_ws/install/micro_ros_setup:/home/abdelrhaman/microros_ws/install/micro_ros_agent:/home/abdelrhaman/microros_ws/install/micro_ros_msgs:/home/abdelrhaman/microros_ws/install/lifecycle_msgs:/home/abdelrhaman/microros_ws/install/complex_msgs:/home/abdelrhaman/microros_ws/install/sensor_msgs_py:/home/abdelrhaman/ros/install/my_robot_controller:/opt/ros/humble LD_LIBRARY_PATH=/home/abdelrhaman/microros_ws/install/builtin_interfaces/lib:/home/abdelrhaman/microros_ws/install/visualization_msgs/lib:/home/abdelrhaman/microros_ws/install/test_msgs/lib:/home/abdelrhaman/microros_ws/install/example_interfaces/lib:/home/abdelrhaman/microros_ws/install/action_msgs/lib:/home/abdelrhaman/microros_ws/install/unique_identifier_msgs/lib:/home/abdelrhaman/microros_ws/install/trajectory_msgs/lib:/home/abdelrhaman/microros_ws/install/stereo_msgs/lib:/home/abdelrhaman/microros_ws/install/std_srvs/lib:/home/abdelrhaman/microros_ws/install/shape_msgs/lib:/home/abdelrhaman/microros_ws/install/sensor_msgs/lib:/home/abdelrhaman/microros_ws/install/nav_msgs/lib:/home/abdelrhaman/microros_ws/install/diagnostic_msgs/lib:/home/abdelrhaman/microros_ws/install/geometry_msgs/lib:/home/abdelrhaman/microros_ws/install/actionlib_msgs/lib:/home/abdelrhaman/microros_ws/install/std_msgs/lib:/home/abdelrhaman/microros_ws/install/statistics_msgs/lib:/home/abdelrhaman/microros_ws/install/rmw_microxrcedds/lib:/home/abdelrhaman/microros_ws/install/rosidl_typesupport_microxrcedds_cpp/lib:/home/abdelrhaman/microros_ws/install/rosidl_typesupport_microxrcedds_c/lib:/home/abdelrhaman/microros_ws/install/rosgraph_msgs/lib:/home/abdelrhaman/microros_ws/install/rclc_parameter/lib:/home/abdelrhaman/microros_ws/install/rclc/lib:/home/abdelrhaman/microros_ws/install/composition_interfaces/lib:/home/abdelrhaman/microros_ws/install/rcl_interfaces/lib:/home/abdelrhaman/microros_ws/install/microxrcedds_client/lib:/home/abdelrhaman/microros_ws/install/microcdr/lib:/home/abdelrhaman/microros_ws/install/micro_ros_utilities/lib:/home/abdelrhaman/microros_ws/install/micro_ros_agent/lib:/home/abdelrhaman/microros_ws/install/micro_ros_msgs/lib:/home/abdelrhaman/microros_ws/install/lifecycle_msgs/lib:/home/abdelrhaman/microros_ws/install/complex_msgs/lib:/opt/ros/humble/opt/rviz_ogre_vendor/lib:/opt/ros/humble/lib/x86_64-linux-gnu:/opt/ros/humble/lib /usr/bin/cmake --install /home/abdelrhaman/microros_ws/build/statistics_msgs
