[0.033s] Invoking command in '/home/abdelrhaman/microros_ws/build/rosgraph_msgs': AMENT_PREFIX_PATH=/home/abdelrhaman/microros_ws/install/builtin_interfaces:${AMENT_PREFIX_PATH} CMAKE_PREFIX_PATH=/home/abdelrhaman/microros_ws/install/builtin_interfaces:/home/abdelrhaman/microros_ws/install/rosidl_typesupport_microxrcedds_cpp:/home/abdelrhaman/microros_ws/install/rosidl_typesupport_microxrcedds_c:/home/abdelrhaman/microros_ws/install/microcdr:/home/abdelrhaman/microros_ws/install/micro_ros_setup:/home/abdelrhaman/ros/install/my_robot_controller:/opt/ros/humble LD_LIBRARY_PATH=/home/abdelrhaman/microros_ws/install/builtin_interfaces/lib:${LD_LIBRARY_PATH} PYTHONPATH=/home/abdelrhaman/microros_ws/install/builtin_interfaces/local/lib/python3.10/dist-packages:${PYTHONPATH} /usr/bin/cmake /home/abdelrhaman/microros_ws/src/ros2/rcl_interfaces/rosgraph_msgs -DBUILD_TESTING=OFF -DBUILD_SHARED_LIBS=ON -DCMAKE_INSTALL_PREFIX=/home/abdelrhaman/microros_ws/install/rosgraph_msgs
[0.073s] -- The C compiler identification is GNU 11.4.0
[0.119s] -- The CXX compiler identification is GNU 11.4.0
[0.127s] -- Detecting C compiler ABI info
[0.197s] -- Detecting C compiler ABI info - done
[0.201s] -- Check for working C compiler: /usr/bin/cc - skipped
[0.202s] -- Detecting C compile features
[0.202s] -- Detecting C compile features - done
[0.204s] -- Detecting CXX compiler ABI info
[0.261s] -- Detecting CXX compiler ABI info - done
[0.271s] -- Check for working CXX compiler: /usr/bin/c++ - skipped
[0.271s] -- Detecting CXX compile features
[0.272s] -- Detecting CXX compile features - done
[0.274s] -- Found ament_cmake: 1.3.10 (/opt/ros/humble/share/ament_cmake/cmake)
[0.724s] -- Found Python3: /usr/bin/python3 (found version "3.10.12") found components: Interpreter 
[0.785s] -- Found builtin_interfaces: 1.2.1 (/home/abdelrhaman/microros_ws/install/builtin_interfaces/share/builtin_interfaces/cmake)
[0.806s] -- Found rosidl_generator_c: 3.1.5 (/opt/ros/humble/share/rosidl_generator_c/cmake)
[0.809s] -- Found rosidl_adapter: 3.1.5 (/opt/ros/humble/share/rosidl_adapter/cmake)
[0.814s] -- Found rosidl_generator_cpp: 3.1.5 (/opt/ros/humble/share/rosidl_generator_cpp/cmake)
[0.822s] -- Using all available rosidl_typesupport_c: rosidl_typesupport_microxrcedds_c;rosidl_typesupport_fastrtps_c;rosidl_typesupport_introspection_c
[0.837s] -- Using all available rosidl_typesupport_cpp: rosidl_typesupport_microxrcedds_cpp;rosidl_typesupport_fastrtps_cpp;rosidl_typesupport_introspection_cpp
[0.862s] -- Found rosidl_default_generators: 1.2.0 (/opt/ros/humble/share/rosidl_default_generators/cmake)
[1.202s] -- Found ament_cmake_ros: 0.10.0 (/opt/ros/humble/share/ament_cmake_ros/cmake)
[1.594s] -- Using all available rosidl_typesupport_c: rosidl_typesupport_microxrcedds_c;rosidl_typesupport_fastrtps_c;rosidl_typesupport_introspection_c
[1.805s] -- Using all available rosidl_typesupport_cpp: rosidl_typesupport_microxrcedds_cpp;rosidl_typesupport_fastrtps_cpp;rosidl_typesupport_introspection_cpp
[1.828s] -- Found PythonInterp: /usr/bin/python3 (found suitable version "3.10.12", minimum required is "3.6") 
[1.830s] -- Found python_cmake_module: 0.10.0 (/opt/ros/humble/share/python_cmake_module/cmake)
[1.856s] -- Found PythonLibs: /usr/lib/x86_64-linux-gnu/libpython3.10.so (found suitable version "3.10.12", minimum required is "3.5") 
[1.856s] -- Using PYTHON_EXECUTABLE: /usr/bin/python3
[1.856s] -- Using PYTHON_INCLUDE_DIRS: /usr/include/python3.10
[1.856s] -- Using PYTHON_LIBRARIES: /usr/lib/x86_64-linux-gnu/libpython3.10.so
[1.876s] -- Found PythonExtra: .so  
[1.918s] -- Configuring done
[1.943s] -- Generating done
[1.945s] -- Build files have been written to: /home/abdelrhaman/microros_ws/build/rosgraph_msgs
[1.954s] Invoked command in '/home/abdelrhaman/microros_ws/build/rosgraph_msgs' returned '0': AMENT_PREFIX_PATH=/home/abdelrhaman/microros_ws/install/builtin_interfaces:${AMENT_PREFIX_PATH} CMAKE_PREFIX_PATH=/home/abdelrhaman/microros_ws/install/builtin_interfaces:/home/abdelrhaman/microros_ws/install/rosidl_typesupport_microxrcedds_cpp:/home/abdelrhaman/microros_ws/install/rosidl_typesupport_microxrcedds_c:/home/abdelrhaman/microros_ws/install/microcdr:/home/abdelrhaman/microros_ws/install/micro_ros_setup:/home/abdelrhaman/ros/install/my_robot_controller:/opt/ros/humble LD_LIBRARY_PATH=/home/abdelrhaman/microros_ws/install/builtin_interfaces/lib:${LD_LIBRARY_PATH} PYTHONPATH=/home/abdelrhaman/microros_ws/install/builtin_interfaces/local/lib/python3.10/dist-packages:${PYTHONPATH} /usr/bin/cmake /home/abdelrhaman/microros_ws/src/ros2/rcl_interfaces/rosgraph_msgs -DBUILD_TESTING=OFF -DBUILD_SHARED_LIBS=ON -DCMAKE_INSTALL_PREFIX=/home/abdelrhaman/microros_ws/install/rosgraph_msgs
[1.956s] Invoking command in '/home/abdelrhaman/microros_ws/build/rosgraph_msgs': AMENT_PREFIX_PATH=/home/abdelrhaman/microros_ws/install/builtin_interfaces:${AMENT_PREFIX_PATH} CMAKE_PREFIX_PATH=/home/abdelrhaman/microros_ws/install/builtin_interfaces:/home/abdelrhaman/microros_ws/install/rosidl_typesupport_microxrcedds_cpp:/home/abdelrhaman/microros_ws/install/rosidl_typesupport_microxrcedds_c:/home/abdelrhaman/microros_ws/install/microcdr:/home/abdelrhaman/microros_ws/install/micro_ros_setup:/home/abdelrhaman/ros/install/my_robot_controller:/opt/ros/humble LD_LIBRARY_PATH=/home/abdelrhaman/microros_ws/install/builtin_interfaces/lib:${LD_LIBRARY_PATH} PYTHONPATH=/home/abdelrhaman/microros_ws/install/builtin_interfaces/local/lib/python3.10/dist-packages:${PYTHONPATH} /usr/bin/cmake --build /home/abdelrhaman/microros_ws/build/rosgraph_msgs -- -j20 -l20
[1.993s] [  2%] [34m[1mGenerating C code for ROS interfaces[0m
[2.007s] [  5%] [34m[1mGenerating C++ code for ROS interfaces[0m
[2.014s] [  5%] Built target ament_cmake_python_copy_rosgraph_msgs
[2.352s] [  5%] Built target rosgraph_msgs__cpp
[2.379s] [  7%] [34m[1mGenerating C++ type support for eProsima Fast-RTPS[0m
[2.383s] [ 10%] [34m[1mGenerating C++ type support dispatch for ROS interfaces[0m
[2.399s] [ 12%] [34m[1mGenerating C++ type support for eProsima Micro XRCE-DDS[0m
[2.403s] [ 15%] [34m[1mGenerating C++ introspection for ROS interfaces[0m
[2.407s] [ 17%] [32mBuilding C object CMakeFiles/rosgraph_msgs__rosidl_generator_c.dir/rosidl_generator_c/rosgraph_msgs/msg/detail/clock__functions.c.o[0m
[2.522s] [ 20%] [32m[1mLinking C shared library librosgraph_msgs__rosidl_generator_c.so[0m
[2.608s] [ 20%] Built target rosgraph_msgs__rosidl_generator_c
[2.633s] [ 23%] [34m[1mGenerating C type support for eProsima Micro XRCE-DDS[0m
[2.640s] [ 25%] [34m[1mGenerating C introspection for ROS interfaces[0m
[2.646s] [ 28%] [34m[1mGenerating C type support dispatch for ROS interfaces[0m
[2.666s] [ 30%] [34m[1mGenerating C type support for eProsima Fast-RTPS[0m
[2.844s] [ 33%] [32mBuilding CXX object CMakeFiles/rosgraph_msgs__rosidl_typesupport_fastrtps_cpp.dir/rosidl_typesupport_fastrtps_cpp/rosgraph_msgs/msg/detail/dds_fastrtps/clock__type_support.cpp.o[0m
[2.861s] [ 35%] [32mBuilding CXX object CMakeFiles/rosgraph_msgs__rosidl_typesupport_cpp.dir/rosidl_typesupport_cpp/rosgraph_msgs/msg/clock__type_support.cpp.o[0m
[2.920s] [ 38%] [32mBuilding CXX object CMakeFiles/rosgraph_msgs__rosidl_typesupport_introspection_cpp.dir/rosidl_typesupport_introspection_cpp/rosgraph_msgs/msg/detail/clock__type_support.cpp.o[0m
[2.931s] [ 41%] [32mBuilding CXX object CMakeFiles/rosgraph_msgs__rosidl_typesupport_microxrcedds_cpp.dir/rosidl_typesupport_microxrcedds_cpp/rosgraph_msgs/msg/detail/microxrcedds/clock__type_support_cpp.cpp.o[0m
[2.936s] running egg_info
[2.949s] creating rosgraph_msgs.egg-info
[3.170s] writing rosgraph_msgs.egg-info/PKG-INFO
[3.221s] [ 43%] [32mBuilding CXX object CMakeFiles/rosgraph_msgs__rosidl_typesupport_c.dir/rosidl_typesupport_c/rosgraph_msgs/msg/clock__type_support.cpp.o[0m
[3.236s] [ 46%] [32mBuilding CXX object CMakeFiles/rosgraph_msgs__rosidl_typesupport_fastrtps_c.dir/rosidl_typesupport_fastrtps_c/rosgraph_msgs/msg/detail/clock__type_support_c.cpp.o[0m
[3.251s] writing dependency_links to rosgraph_msgs.egg-info/dependency_links.txt
[3.254s] [ 48%] [32mBuilding C object CMakeFiles/rosgraph_msgs__rosidl_typesupport_introspection_c.dir/rosidl_typesupport_introspection_c/rosgraph_msgs/msg/detail/clock__type_support.c.o[0m
[3.322s] [ 51%] [32m[1mLinking CXX shared library librosgraph_msgs__rosidl_typesupport_c.so[0m
[3.337s] [ 53%] [32mBuilding C object CMakeFiles/rosgraph_msgs__rosidl_typesupport_microxrcedds_c.dir/rosidl_typesupport_microxrcedds_c/rosgraph_msgs/msg/detail/microxrcedds/clock__type_support_c.c.o[0m
[3.382s] [ 56%] [32m[1mLinking C shared library librosgraph_msgs__rosidl_typesupport_introspection_c.so[0m
[3.466s] [ 58%] [32m[1mLinking C shared library librosgraph_msgs__rosidl_typesupport_microxrcedds_c.so[0m
[3.477s] [ 58%] Built target rosgraph_msgs__rosidl_typesupport_introspection_c
[3.492s] [ 58%] Built target rosgraph_msgs__rosidl_typesupport_c
[3.511s] [ 61%] [32m[1mLinking CXX shared library librosgraph_msgs__rosidl_typesupport_cpp.so[0m
[3.675s] [ 64%] [32m[1mLinking CXX shared library librosgraph_msgs__rosidl_typesupport_microxrcedds_cpp.so[0m
[3.688s] [ 64%] Built target rosgraph_msgs__rosidl_typesupport_microxrcedds_c
[3.782s] [ 64%] Built target rosgraph_msgs__rosidl_typesupport_cpp
[3.950s] [ 64%] Built target rosgraph_msgs__rosidl_typesupport_microxrcedds_cpp
[4.071s] [ 66%] [32m[1mLinking CXX shared library librosgraph_msgs__rosidl_typesupport_fastrtps_cpp.so[0m
[4.199s] [ 69%] [32m[1mLinking CXX shared library librosgraph_msgs__rosidl_typesupport_introspection_cpp.so[0m
[4.207s] [ 71%] [32m[1mLinking CXX shared library librosgraph_msgs__rosidl_typesupport_fastrtps_c.so[0m
[4.358s] writing top-level names to rosgraph_msgs.egg-info/top_level.txt
[4.365s] writing manifest file 'rosgraph_msgs.egg-info/SOURCES.txt'
[4.373s] [ 71%] Built target rosgraph_msgs__rosidl_typesupport_introspection_cpp
[4.650s] reading manifest file 'rosgraph_msgs.egg-info/SOURCES.txt'
[4.651s] writing manifest file 'rosgraph_msgs.egg-info/SOURCES.txt'
[4.672s] [ 71%] Built target rosgraph_msgs__rosidl_typesupport_fastrtps_cpp
[4.724s] [ 71%] Built target rosgraph_msgs__rosidl_typesupport_fastrtps_c
[4.785s] [ 71%] Built target rosgraph_msgs
[4.798s] [ 71%] Built target ament_cmake_python_build_rosgraph_msgs_egg
[4.833s] [ 74%] [34m[1mGenerating Python code for ROS interfaces[0m
[5.518s] [ 74%] Built target rosgraph_msgs__py
[5.636s] [ 76%] [32mBuilding C object CMakeFiles/rosgraph_msgs__rosidl_generator_py.dir/rosidl_generator_py/rosgraph_msgs/msg/_clock_s.c.o[0m
[6.208s] [ 79%] [32m[1mLinking C shared library rosidl_generator_py/rosgraph_msgs/librosgraph_msgs__rosidl_generator_py.so[0m
[6.375s] [ 79%] Built target rosgraph_msgs__rosidl_generator_py
[6.484s] [ 82%] [32mBuilding C object CMakeFiles/rosgraph_msgs__rosidl_typesupport_introspection_c__pyext.dir/rosidl_generator_py/rosgraph_msgs/_rosgraph_msgs_s.ep.rosidl_typesupport_introspection_c.c.o[0m
[6.521s] [ 84%] [32mBuilding C object CMakeFiles/rosgraph_msgs__rosidl_typesupport_fastrtps_c__pyext.dir/rosidl_generator_py/rosgraph_msgs/_rosgraph_msgs_s.ep.rosidl_typesupport_fastrtps_c.c.o[0m
[6.522s] [ 87%] [32mBuilding C object CMakeFiles/rosgraph_msgs__rosidl_typesupport_microxrcedds_c__pyext.dir/rosidl_generator_py/rosgraph_msgs/_rosgraph_msgs_s.ep.rosidl_typesupport_microxrcedds_c.c.o[0m
[6.522s] [ 89%] [32mBuilding C object CMakeFiles/rosgraph_msgs__rosidl_typesupport_c__pyext.dir/rosidl_generator_py/rosgraph_msgs/_rosgraph_msgs_s.ep.rosidl_typesupport_c.c.o[0m
[6.776s] [ 92%] [32m[1mLinking C shared library rosidl_generator_py/rosgraph_msgs/rosgraph_msgs_s__rosidl_typesupport_fastrtps_c.cpython-310-x86_64-linux-gnu.so[0m
[6.872s] [ 92%] Built target rosgraph_msgs__rosidl_typesupport_fastrtps_c__pyext
[6.886s] [ 94%] [32m[1mLinking C shared library rosidl_generator_py/rosgraph_msgs/rosgraph_msgs_s__rosidl_typesupport_introspection_c.cpython-310-x86_64-linux-gnu.so[0m
[6.937s] [ 97%] [32m[1mLinking C shared library rosidl_generator_py/rosgraph_msgs/rosgraph_msgs_s__rosidl_typesupport_microxrcedds_c.cpython-310-x86_64-linux-gnu.so[0m
[7.014s] [ 97%] Built target rosgraph_msgs__rosidl_typesupport_introspection_c__pyext
[7.036s] [100%] [32m[1mLinking C shared library rosidl_generator_py/rosgraph_msgs/rosgraph_msgs_s__rosidl_typesupport_c.cpython-310-x86_64-linux-gnu.so[0m
[7.079s] [100%] Built target rosgraph_msgs__rosidl_typesupport_microxrcedds_c__pyext
[7.171s] [100%] Built target rosgraph_msgs__rosidl_typesupport_c__pyext
[7.223s] Invoked command in '/home/abdelrhaman/microros_ws/build/rosgraph_msgs' returned '0': AMENT_PREFIX_PATH=/home/abdelrhaman/microros_ws/install/builtin_interfaces:${AMENT_PREFIX_PATH} CMAKE_PREFIX_PATH=/home/abdelrhaman/microros_ws/install/builtin_interfaces:/home/abdelrhaman/microros_ws/install/rosidl_typesupport_microxrcedds_cpp:/home/abdelrhaman/microros_ws/install/rosidl_typesupport_microxrcedds_c:/home/abdelrhaman/microros_ws/install/microcdr:/home/abdelrhaman/microros_ws/install/micro_ros_setup:/home/abdelrhaman/ros/install/my_robot_controller:/opt/ros/humble LD_LIBRARY_PATH=/home/abdelrhaman/microros_ws/install/builtin_interfaces/lib:${LD_LIBRARY_PATH} PYTHONPATH=/home/abdelrhaman/microros_ws/install/builtin_interfaces/local/lib/python3.10/dist-packages:${PYTHONPATH} /usr/bin/cmake --build /home/abdelrhaman/microros_ws/build/rosgraph_msgs -- -j20 -l20
[7.316s] Invoking command in '/home/abdelrhaman/microros_ws/build/rosgraph_msgs': AMENT_PREFIX_PATH=/home/abdelrhaman/microros_ws/install/builtin_interfaces:${AMENT_PREFIX_PATH} CMAKE_PREFIX_PATH=/home/abdelrhaman/microros_ws/install/builtin_interfaces:/home/abdelrhaman/microros_ws/install/rosidl_typesupport_microxrcedds_cpp:/home/abdelrhaman/microros_ws/install/rosidl_typesupport_microxrcedds_c:/home/abdelrhaman/microros_ws/install/microcdr:/home/abdelrhaman/microros_ws/install/micro_ros_setup:/home/abdelrhaman/ros/install/my_robot_controller:/opt/ros/humble LD_LIBRARY_PATH=/home/abdelrhaman/microros_ws/install/builtin_interfaces/lib:${LD_LIBRARY_PATH} PYTHONPATH=/home/abdelrhaman/microros_ws/install/builtin_interfaces/local/lib/python3.10/dist-packages:${PYTHONPATH} /usr/bin/cmake --install /home/abdelrhaman/microros_ws/build/rosgraph_msgs
[7.333s] -- Install configuration: ""
[7.333s] -- Installing: /home/abdelrhaman/microros_ws/install/rosgraph_msgs/share/ament_index/resource_index/rosidl_interfaces/rosgraph_msgs
[7.333s] -- Installing: /home/abdelrhaman/microros_ws/install/rosgraph_msgs/include/rosgraph_msgs/rosgraph_msgs
[7.333s] -- Installing: /home/abdelrhaman/microros_ws/install/rosgraph_msgs/include/rosgraph_msgs/rosgraph_msgs/msg
[7.333s] -- Installing: /home/abdelrhaman/microros_ws/install/rosgraph_msgs/include/rosgraph_msgs/rosgraph_msgs/msg/rosidl_generator_c__visibility_control.h
[7.333s] -- Installing: /home/abdelrhaman/microros_ws/install/rosgraph_msgs/include/rosgraph_msgs/rosgraph_msgs/msg/detail
[7.333s] -- Installing: /home/abdelrhaman/microros_ws/install/rosgraph_msgs/include/rosgraph_msgs/rosgraph_msgs/msg/detail/clock__functions.c
[7.341s] -- Installing: /home/abdelrhaman/microros_ws/install/rosgraph_msgs/include/rosgraph_msgs/rosgraph_msgs/msg/detail/clock__struct.h
[7.341s] -- Installing: /home/abdelrhaman/microros_ws/install/rosgraph_msgs/include/rosgraph_msgs/rosgraph_msgs/msg/detail/clock__functions.h
[7.341s] -- Installing: /home/abdelrhaman/microros_ws/install/rosgraph_msgs/include/rosgraph_msgs/rosgraph_msgs/msg/detail/clock__type_support.h
[7.341s] -- Installing: /home/abdelrhaman/microros_ws/install/rosgraph_msgs/include/rosgraph_msgs/rosgraph_msgs/msg/clock.h
[7.341s] -- Installing: /home/abdelrhaman/microros_ws/install/rosgraph_msgs/share/rosgraph_msgs/environment/library_path.sh
[7.341s] -- Installing: /home/abdelrhaman/microros_ws/install/rosgraph_msgs/share/rosgraph_msgs/environment/library_path.dsv
[7.341s] -- Installing: /home/abdelrhaman/microros_ws/install/rosgraph_msgs/lib/librosgraph_msgs__rosidl_generator_c.so
[7.341s] -- Set runtime path of "/home/abdelrhaman/microros_ws/install/rosgraph_msgs/lib/librosgraph_msgs__rosidl_generator_c.so" to ""
[7.342s] -- Up-to-date: /home/abdelrhaman/microros_ws/install/rosgraph_msgs/include/rosgraph_msgs/rosgraph_msgs
[7.342s] -- Up-to-date: /home/abdelrhaman/microros_ws/install/rosgraph_msgs/include/rosgraph_msgs/rosgraph_msgs/msg
[7.344s] -- Up-to-date: /home/abdelrhaman/microros_ws/install/rosgraph_msgs/include/rosgraph_msgs/rosgraph_msgs/msg/detail
[7.344s] -- Installing: /home/abdelrhaman/microros_ws/install/rosgraph_msgs/include/rosgraph_msgs/rosgraph_msgs/msg/detail/clock__rosidl_typesupport_fastrtps_c.h
[7.344s] -- Installing: /home/abdelrhaman/microros_ws/install/rosgraph_msgs/include/rosgraph_msgs/rosgraph_msgs/msg/rosidl_typesupport_fastrtps_c__visibility_control.h
[7.344s] -- Installing: /home/abdelrhaman/microros_ws/install/rosgraph_msgs/lib/librosgraph_msgs__rosidl_typesupport_fastrtps_c.so
[7.344s] -- Set runtime path of "/home/abdelrhaman/microros_ws/install/rosgraph_msgs/lib/librosgraph_msgs__rosidl_typesupport_fastrtps_c.so" to ""
[7.345s] -- Up-to-date: /home/abdelrhaman/microros_ws/install/rosgraph_msgs/include/rosgraph_msgs/rosgraph_msgs
[7.345s] -- Up-to-date: /home/abdelrhaman/microros_ws/install/rosgraph_msgs/include/rosgraph_msgs/rosgraph_msgs/msg
[7.345s] -- Up-to-date: /home/abdelrhaman/microros_ws/install/rosgraph_msgs/include/rosgraph_msgs/rosgraph_msgs/msg/detail
[7.345s] -- Installing: /home/abdelrhaman/microros_ws/install/rosgraph_msgs/include/rosgraph_msgs/rosgraph_msgs/msg/detail/clock__traits.hpp
[7.345s] -- Installing: /home/abdelrhaman/microros_ws/install/rosgraph_msgs/include/rosgraph_msgs/rosgraph_msgs/msg/detail/clock__builder.hpp
[7.345s] -- Installing: /home/abdelrhaman/microros_ws/install/rosgraph_msgs/include/rosgraph_msgs/rosgraph_msgs/msg/detail/clock__struct.hpp
[7.345s] -- Installing: /home/abdelrhaman/microros_ws/install/rosgraph_msgs/include/rosgraph_msgs/rosgraph_msgs/msg/clock.hpp
[7.345s] -- Up-to-date: /home/abdelrhaman/microros_ws/install/rosgraph_msgs/include/rosgraph_msgs/rosgraph_msgs
[7.345s] -- Up-to-date: /home/abdelrhaman/microros_ws/install/rosgraph_msgs/include/rosgraph_msgs/rosgraph_msgs/msg
[7.345s] -- Up-to-date: /home/abdelrhaman/microros_ws/install/rosgraph_msgs/include/rosgraph_msgs/rosgraph_msgs/msg/detail
[7.345s] -- Installing: /home/abdelrhaman/microros_ws/install/rosgraph_msgs/include/rosgraph_msgs/rosgraph_msgs/msg/detail/clock__rosidl_typesupport_fastrtps_cpp.hpp
[7.345s] -- Installing: /home/abdelrhaman/microros_ws/install/rosgraph_msgs/include/rosgraph_msgs/rosgraph_msgs/msg/detail/dds_fastrtps
[7.345s] -- Installing: /home/abdelrhaman/microros_ws/install/rosgraph_msgs/include/rosgraph_msgs/rosgraph_msgs/msg/rosidl_typesupport_fastrtps_cpp__visibility_control.h
[7.345s] -- Installing: /home/abdelrhaman/microros_ws/install/rosgraph_msgs/lib/librosgraph_msgs__rosidl_typesupport_fastrtps_cpp.so
[7.345s] -- Set runtime path of "/home/abdelrhaman/microros_ws/install/rosgraph_msgs/lib/librosgraph_msgs__rosidl_typesupport_fastrtps_cpp.so" to ""
[7.345s] -- Up-to-date: /home/abdelrhaman/microros_ws/install/rosgraph_msgs/include/rosgraph_msgs
[7.345s] -- Installing: /home/abdelrhaman/microros_ws/install/rosgraph_msgs/include/rosgraph_msgs/msg
[7.345s] -- Installing: /home/abdelrhaman/microros_ws/install/rosgraph_msgs/include/rosgraph_msgs/msg/detail
[7.345s] -- Installing: /home/abdelrhaman/microros_ws/install/rosgraph_msgs/include/rosgraph_msgs/msg/detail/microxrcedds
[7.345s] -- Installing: /home/abdelrhaman/microros_ws/install/rosgraph_msgs/include/rosgraph_msgs/msg/detail/clock__rosidl_typesupport_microxrcedds_c.h
[7.346s] -- Installing: /home/abdelrhaman/microros_ws/install/rosgraph_msgs/include/rosgraph_msgs/msg/rosidl_typesupport_microxrcedds_c__visibility_control.h
[7.346s] -- Installing: /home/abdelrhaman/microros_ws/install/rosgraph_msgs/lib/librosgraph_msgs__rosidl_typesupport_microxrcedds_c.so
[7.348s] -- Set runtime path of "/home/abdelrhaman/microros_ws/install/rosgraph_msgs/lib/librosgraph_msgs__rosidl_typesupport_microxrcedds_c.so" to ""
[7.348s] -- Up-to-date: /home/abdelrhaman/microros_ws/install/rosgraph_msgs/include/rosgraph_msgs/rosgraph_msgs
[7.348s] -- Up-to-date: /home/abdelrhaman/microros_ws/install/rosgraph_msgs/include/rosgraph_msgs/rosgraph_msgs/msg
[7.348s] -- Installing: /home/abdelrhaman/microros_ws/install/rosgraph_msgs/include/rosgraph_msgs/rosgraph_msgs/msg/rosidl_typesupport_introspection_c__visibility_control.h
[7.348s] -- Up-to-date: /home/abdelrhaman/microros_ws/install/rosgraph_msgs/include/rosgraph_msgs/rosgraph_msgs/msg/detail
[7.348s] -- Installing: /home/abdelrhaman/microros_ws/install/rosgraph_msgs/include/rosgraph_msgs/rosgraph_msgs/msg/detail/clock__type_support.c
[7.348s] -- Installing: /home/abdelrhaman/microros_ws/install/rosgraph_msgs/include/rosgraph_msgs/rosgraph_msgs/msg/detail/clock__rosidl_typesupport_introspection_c.h
[7.348s] -- Installing: /home/abdelrhaman/microros_ws/install/rosgraph_msgs/lib/librosgraph_msgs__rosidl_typesupport_introspection_c.so
[7.348s] -- Set runtime path of "/home/abdelrhaman/microros_ws/install/rosgraph_msgs/lib/librosgraph_msgs__rosidl_typesupport_introspection_c.so" to ""
[7.348s] -- Installing: /home/abdelrhaman/microros_ws/install/rosgraph_msgs/lib/librosgraph_msgs__rosidl_typesupport_c.so
[7.349s] -- Set runtime path of "/home/abdelrhaman/microros_ws/install/rosgraph_msgs/lib/librosgraph_msgs__rosidl_typesupport_c.so" to ""
[7.349s] -- Up-to-date: /home/abdelrhaman/microros_ws/install/rosgraph_msgs/include/rosgraph_msgs
[7.349s] -- Up-to-date: /home/abdelrhaman/microros_ws/install/rosgraph_msgs/include/rosgraph_msgs/msg
[7.349s] -- Up-to-date: /home/abdelrhaman/microros_ws/install/rosgraph_msgs/include/rosgraph_msgs/msg/detail
[7.349s] -- Up-to-date: /home/abdelrhaman/microros_ws/install/rosgraph_msgs/include/rosgraph_msgs/msg/detail/microxrcedds
[7.349s] -- Installing: /home/abdelrhaman/microros_ws/install/rosgraph_msgs/include/rosgraph_msgs/msg/detail/microxrcedds/clock__type_support_cpp.cpp
[7.349s] -- Installing: /home/abdelrhaman/microros_ws/install/rosgraph_msgs/include/rosgraph_msgs/msg/detail/clock__rosidl_typesupport_microxrcedds_cpp.hpp
[7.349s] -- Installing: /home/abdelrhaman/microros_ws/install/rosgraph_msgs/include/rosgraph_msgs/msg/rosidl_typesupport_microxrcedds_cpp__visibility_control.h
[7.349s] -- Installing: /home/abdelrhaman/microros_ws/install/rosgraph_msgs/lib/librosgraph_msgs__rosidl_typesupport_microxrcedds_cpp.so
[7.349s] -- Set runtime path of "/home/abdelrhaman/microros_ws/install/rosgraph_msgs/lib/librosgraph_msgs__rosidl_typesupport_microxrcedds_cpp.so" to ""
[7.350s] -- Up-to-date: /home/abdelrhaman/microros_ws/install/rosgraph_msgs/include/rosgraph_msgs/rosgraph_msgs
[7.350s] -- Up-to-date: /home/abdelrhaman/microros_ws/install/rosgraph_msgs/include/rosgraph_msgs/rosgraph_msgs/msg
[7.350s] -- Up-to-date: /home/abdelrhaman/microros_ws/install/rosgraph_msgs/include/rosgraph_msgs/rosgraph_msgs/msg/detail
[7.353s] -- Installing: /home/abdelrhaman/microros_ws/install/rosgraph_msgs/include/rosgraph_msgs/rosgraph_msgs/msg/detail/clock__type_support.cpp
[7.353s] -- Installing: /home/abdelrhaman/microros_ws/install/rosgraph_msgs/include/rosgraph_msgs/rosgraph_msgs/msg/detail/clock__rosidl_typesupport_introspection_cpp.hpp
[7.353s] -- Installing: /home/abdelrhaman/microros_ws/install/rosgraph_msgs/lib/librosgraph_msgs__rosidl_typesupport_introspection_cpp.so
[7.354s] -- Set runtime path of "/home/abdelrhaman/microros_ws/install/rosgraph_msgs/lib/librosgraph_msgs__rosidl_typesupport_introspection_cpp.so" to ""
[7.354s] -- Installing: /home/abdelrhaman/microros_ws/install/rosgraph_msgs/lib/librosgraph_msgs__rosidl_typesupport_cpp.so
[7.354s] -- Set runtime path of "/home/abdelrhaman/microros_ws/install/rosgraph_msgs/lib/librosgraph_msgs__rosidl_typesupport_cpp.so" to ""
[7.354s] -- Installing: /home/abdelrhaman/microros_ws/install/rosgraph_msgs/share/rosgraph_msgs/environment/pythonpath.sh
[7.354s] -- Installing: /home/abdelrhaman/microros_ws/install/rosgraph_msgs/share/rosgraph_msgs/environment/pythonpath.dsv
[7.354s] -- Installing: /home/abdelrhaman/microros_ws/install/rosgraph_msgs/local/lib/python3.10/dist-packages/rosgraph_msgs-1.2.1-py3.10.egg-info
[7.355s] -- Installing: /home/abdelrhaman/microros_ws/install/rosgraph_msgs/local/lib/python3.10/dist-packages/rosgraph_msgs-1.2.1-py3.10.egg-info/PKG-INFO
[7.355s] -- Installing: /home/abdelrhaman/microros_ws/install/rosgraph_msgs/local/lib/python3.10/dist-packages/rosgraph_msgs-1.2.1-py3.10.egg-info/SOURCES.txt
[7.355s] -- Installing: /home/abdelrhaman/microros_ws/install/rosgraph_msgs/local/lib/python3.10/dist-packages/rosgraph_msgs-1.2.1-py3.10.egg-info/top_level.txt
[7.355s] -- Installing: /home/abdelrhaman/microros_ws/install/rosgraph_msgs/local/lib/python3.10/dist-packages/rosgraph_msgs-1.2.1-py3.10.egg-info/dependency_links.txt
[7.355s] -- Installing: /home/abdelrhaman/microros_ws/install/rosgraph_msgs/local/lib/python3.10/dist-packages/rosgraph_msgs
[7.355s] -- Installing: /home/abdelrhaman/microros_ws/install/rosgraph_msgs/local/lib/python3.10/dist-packages/rosgraph_msgs/rosgraph_msgs_s__rosidl_typesupport_c.cpython-310-x86_64-linux-gnu.so
[7.355s] -- Installing: /home/abdelrhaman/microros_ws/install/rosgraph_msgs/local/lib/python3.10/dist-packages/rosgraph_msgs/rosgraph_msgs_s__rosidl_typesupport_introspection_c.cpython-310-x86_64-linux-gnu.so
[7.356s] -- Installing: /home/abdelrhaman/microros_ws/install/rosgraph_msgs/local/lib/python3.10/dist-packages/rosgraph_msgs/rosgraph_msgs_s__rosidl_typesupport_fastrtps_c.cpython-310-x86_64-linux-gnu.so
[7.356s] -- Installing: /home/abdelrhaman/microros_ws/install/rosgraph_msgs/local/lib/python3.10/dist-packages/rosgraph_msgs/_rosgraph_msgs_s.ep.rosidl_typesupport_microxrcedds_c.c
[7.356s] -- Installing: /home/abdelrhaman/microros_ws/install/rosgraph_msgs/local/lib/python3.10/dist-packages/rosgraph_msgs/librosgraph_msgs__rosidl_generator_py.so
[7.356s] -- Installing: /home/abdelrhaman/microros_ws/install/rosgraph_msgs/local/lib/python3.10/dist-packages/rosgraph_msgs/rosgraph_msgs_s__rosidl_typesupport_microxrcedds_c.cpython-310-x86_64-linux-gnu.so
[7.357s] -- Installing: /home/abdelrhaman/microros_ws/install/rosgraph_msgs/local/lib/python3.10/dist-packages/rosgraph_msgs/_rosgraph_msgs_s.ep.rosidl_typesupport_introspection_c.c
[7.361s] -- Installing: /home/abdelrhaman/microros_ws/install/rosgraph_msgs/local/lib/python3.10/dist-packages/rosgraph_msgs/__init__.py
[7.361s] -- Installing: /home/abdelrhaman/microros_ws/install/rosgraph_msgs/local/lib/python3.10/dist-packages/rosgraph_msgs/msg
[7.361s] -- Installing: /home/abdelrhaman/microros_ws/install/rosgraph_msgs/local/lib/python3.10/dist-packages/rosgraph_msgs/msg/_clock.py
[7.361s] -- Installing: /home/abdelrhaman/microros_ws/install/rosgraph_msgs/local/lib/python3.10/dist-packages/rosgraph_msgs/msg/_clock_s.c
[7.362s] -- Installing: /home/abdelrhaman/microros_ws/install/rosgraph_msgs/local/lib/python3.10/dist-packages/rosgraph_msgs/msg/__init__.py
[7.362s] -- Installing: /home/abdelrhaman/microros_ws/install/rosgraph_msgs/local/lib/python3.10/dist-packages/rosgraph_msgs/_rosgraph_msgs_s.ep.rosidl_typesupport_c.c
[7.362s] -- Installing: /home/abdelrhaman/microros_ws/install/rosgraph_msgs/local/lib/python3.10/dist-packages/rosgraph_msgs/_rosgraph_msgs_s.ep.rosidl_typesupport_fastrtps_c.c
[7.425s] Listing '/home/abdelrhaman/microros_ws/install/rosgraph_msgs/local/lib/python3.10/dist-packages/rosgraph_msgs'...
[7.425s] Compiling '/home/abdelrhaman/microros_ws/install/rosgraph_msgs/local/lib/python3.10/dist-packages/rosgraph_msgs/__init__.py'...
[7.426s] Listing '/home/abdelrhaman/microros_ws/install/rosgraph_msgs/local/lib/python3.10/dist-packages/rosgraph_msgs/msg'...
[7.426s] Compiling '/home/abdelrhaman/microros_ws/install/rosgraph_msgs/local/lib/python3.10/dist-packages/rosgraph_msgs/msg/__init__.py'...
[7.426s] Compiling '/home/abdelrhaman/microros_ws/install/rosgraph_msgs/local/lib/python3.10/dist-packages/rosgraph_msgs/msg/_clock.py'...
[7.438s] -- Installing: /home/abdelrhaman/microros_ws/install/rosgraph_msgs/local/lib/python3.10/dist-packages/rosgraph_msgs/rosgraph_msgs_s__rosidl_typesupport_microxrcedds_c.cpython-310-x86_64-linux-gnu.so
[7.439s] -- Set runtime path of "/home/abdelrhaman/microros_ws/install/rosgraph_msgs/local/lib/python3.10/dist-packages/rosgraph_msgs/rosgraph_msgs_s__rosidl_typesupport_microxrcedds_c.cpython-310-x86_64-linux-gnu.so" to ""
[7.439s] -- Installing: /home/abdelrhaman/microros_ws/install/rosgraph_msgs/local/lib/python3.10/dist-packages/rosgraph_msgs/rosgraph_msgs_s__rosidl_typesupport_fastrtps_c.cpython-310-x86_64-linux-gnu.so
[7.440s] -- Set runtime path of "/home/abdelrhaman/microros_ws/install/rosgraph_msgs/local/lib/python3.10/dist-packages/rosgraph_msgs/rosgraph_msgs_s__rosidl_typesupport_fastrtps_c.cpython-310-x86_64-linux-gnu.so" to ""
[7.440s] -- Installing: /home/abdelrhaman/microros_ws/install/rosgraph_msgs/local/lib/python3.10/dist-packages/rosgraph_msgs/rosgraph_msgs_s__rosidl_typesupport_introspection_c.cpython-310-x86_64-linux-gnu.so
[7.440s] -- Set runtime path of "/home/abdelrhaman/microros_ws/install/rosgraph_msgs/local/lib/python3.10/dist-packages/rosgraph_msgs/rosgraph_msgs_s__rosidl_typesupport_introspection_c.cpython-310-x86_64-linux-gnu.so" to ""
[7.441s] -- Installing: /home/abdelrhaman/microros_ws/install/rosgraph_msgs/local/lib/python3.10/dist-packages/rosgraph_msgs/rosgraph_msgs_s__rosidl_typesupport_c.cpython-310-x86_64-linux-gnu.so
[7.441s] -- Set runtime path of "/home/abdelrhaman/microros_ws/install/rosgraph_msgs/local/lib/python3.10/dist-packages/rosgraph_msgs/rosgraph_msgs_s__rosidl_typesupport_c.cpython-310-x86_64-linux-gnu.so" to ""
[7.441s] -- Installing: /home/abdelrhaman/microros_ws/install/rosgraph_msgs/lib/librosgraph_msgs__rosidl_generator_py.so
[7.441s] -- Set runtime path of "/home/abdelrhaman/microros_ws/install/rosgraph_msgs/lib/librosgraph_msgs__rosidl_generator_py.so" to ""
[7.441s] -- Installing: /home/abdelrhaman/microros_ws/install/rosgraph_msgs/share/rosgraph_msgs/msg/Clock.idl
[7.443s] -- Installing: /home/abdelrhaman/microros_ws/install/rosgraph_msgs/share/rosgraph_msgs/msg/Clock.msg
[7.443s] -- Installing: /home/abdelrhaman/microros_ws/install/rosgraph_msgs/share/ament_index/resource_index/package_run_dependencies/rosgraph_msgs
[7.443s] -- Installing: /home/abdelrhaman/microros_ws/install/rosgraph_msgs/share/ament_index/resource_index/parent_prefix_path/rosgraph_msgs
[7.443s] -- Installing: /home/abdelrhaman/microros_ws/install/rosgraph_msgs/share/rosgraph_msgs/environment/ament_prefix_path.sh
[7.443s] -- Installing: /home/abdelrhaman/microros_ws/install/rosgraph_msgs/share/rosgraph_msgs/environment/ament_prefix_path.dsv
[7.443s] -- Installing: /home/abdelrhaman/microros_ws/install/rosgraph_msgs/share/rosgraph_msgs/environment/path.sh
[7.443s] -- Installing: /home/abdelrhaman/microros_ws/install/rosgraph_msgs/share/rosgraph_msgs/environment/path.dsv
[7.443s] -- Installing: /home/abdelrhaman/microros_ws/install/rosgraph_msgs/share/rosgraph_msgs/local_setup.bash
[7.443s] -- Installing: /home/abdelrhaman/microros_ws/install/rosgraph_msgs/share/rosgraph_msgs/local_setup.sh
[7.443s] -- Installing: /home/abdelrhaman/microros_ws/install/rosgraph_msgs/share/rosgraph_msgs/local_setup.zsh
[7.443s] -- Installing: /home/abdelrhaman/microros_ws/install/rosgraph_msgs/share/rosgraph_msgs/local_setup.dsv
[7.443s] -- Installing: /home/abdelrhaman/microros_ws/install/rosgraph_msgs/share/rosgraph_msgs/package.dsv
[7.443s] -- Installing: /home/abdelrhaman/microros_ws/install/rosgraph_msgs/share/ament_index/resource_index/packages/rosgraph_msgs
[7.443s] -- Installing: /home/abdelrhaman/microros_ws/install/rosgraph_msgs/share/rosgraph_msgs/cmake/export_rosgraph_msgs__rosidl_generator_cExport.cmake
[7.443s] -- Installing: /home/abdelrhaman/microros_ws/install/rosgraph_msgs/share/rosgraph_msgs/cmake/export_rosgraph_msgs__rosidl_generator_cExport-noconfig.cmake
[7.443s] -- Installing: /home/abdelrhaman/microros_ws/install/rosgraph_msgs/share/rosgraph_msgs/cmake/export_rosgraph_msgs__rosidl_typesupport_fastrtps_cExport.cmake
[7.444s] -- Installing: /home/abdelrhaman/microros_ws/install/rosgraph_msgs/share/rosgraph_msgs/cmake/export_rosgraph_msgs__rosidl_typesupport_fastrtps_cExport-noconfig.cmake
[7.444s] -- Installing: /home/abdelrhaman/microros_ws/install/rosgraph_msgs/share/rosgraph_msgs/cmake/export_rosgraph_msgs__rosidl_generator_cppExport.cmake
[7.444s] -- Installing: /home/abdelrhaman/microros_ws/install/rosgraph_msgs/share/rosgraph_msgs/cmake/export_rosgraph_msgs__rosidl_typesupport_fastrtps_cppExport.cmake
[7.444s] -- Installing: /home/abdelrhaman/microros_ws/install/rosgraph_msgs/share/rosgraph_msgs/cmake/export_rosgraph_msgs__rosidl_typesupport_fastrtps_cppExport-noconfig.cmake
[7.444s] -- Installing: /home/abdelrhaman/microros_ws/install/rosgraph_msgs/share/rosgraph_msgs/cmake/rosgraph_msgs__rosidl_typesupport_introspection_cExport.cmake
[7.444s] -- Installing: /home/abdelrhaman/microros_ws/install/rosgraph_msgs/share/rosgraph_msgs/cmake/rosgraph_msgs__rosidl_typesupport_introspection_cExport-noconfig.cmake
[7.444s] -- Installing: /home/abdelrhaman/microros_ws/install/rosgraph_msgs/share/rosgraph_msgs/cmake/rosgraph_msgs__rosidl_typesupport_cExport.cmake
[7.444s] -- Installing: /home/abdelrhaman/microros_ws/install/rosgraph_msgs/share/rosgraph_msgs/cmake/rosgraph_msgs__rosidl_typesupport_cExport-noconfig.cmake
[7.444s] -- Installing: /home/abdelrhaman/microros_ws/install/rosgraph_msgs/share/rosgraph_msgs/cmake/rosgraph_msgs__rosidl_typesupport_introspection_cppExport.cmake
[7.444s] -- Installing: /home/abdelrhaman/microros_ws/install/rosgraph_msgs/share/rosgraph_msgs/cmake/rosgraph_msgs__rosidl_typesupport_introspection_cppExport-noconfig.cmake
[7.445s] -- Installing: /home/abdelrhaman/microros_ws/install/rosgraph_msgs/share/rosgraph_msgs/cmake/rosgraph_msgs__rosidl_typesupport_cppExport.cmake
[7.445s] -- Installing: /home/abdelrhaman/microros_ws/install/rosgraph_msgs/share/rosgraph_msgs/cmake/rosgraph_msgs__rosidl_typesupport_cppExport-noconfig.cmake
[7.445s] -- Installing: /home/abdelrhaman/microros_ws/install/rosgraph_msgs/share/rosgraph_msgs/cmake/export_rosgraph_msgs__rosidl_generator_pyExport.cmake
[7.445s] -- Installing: /home/abdelrhaman/microros_ws/install/rosgraph_msgs/share/rosgraph_msgs/cmake/export_rosgraph_msgs__rosidl_generator_pyExport-noconfig.cmake
[7.445s] -- Installing: /home/abdelrhaman/microros_ws/install/rosgraph_msgs/share/rosgraph_msgs/cmake/rosidl_cmake-extras.cmake
[7.445s] -- Installing: /home/abdelrhaman/microros_ws/install/rosgraph_msgs/share/rosgraph_msgs/cmake/ament_cmake_export_dependencies-extras.cmake
[7.446s] -- Installing: /home/abdelrhaman/microros_ws/install/rosgraph_msgs/share/rosgraph_msgs/cmake/ament_cmake_export_include_directories-extras.cmake
[7.446s] -- Installing: /home/abdelrhaman/microros_ws/install/rosgraph_msgs/share/rosgraph_msgs/cmake/ament_cmake_export_libraries-extras.cmake
[7.446s] -- Installing: /home/abdelrhaman/microros_ws/install/rosgraph_msgs/share/rosgraph_msgs/cmake/ament_cmake_export_targets-extras.cmake
[7.446s] -- Installing: /home/abdelrhaman/microros_ws/install/rosgraph_msgs/share/rosgraph_msgs/cmake/rosidl_cmake_export_typesupport_targets-extras.cmake
[7.446s] -- Installing: /home/abdelrhaman/microros_ws/install/rosgraph_msgs/share/rosgraph_msgs/cmake/rosidl_cmake_export_typesupport_libraries-extras.cmake
[7.446s] -- Installing: /home/abdelrhaman/microros_ws/install/rosgraph_msgs/share/rosgraph_msgs/cmake/rosgraph_msgsConfig.cmake
[7.446s] -- Installing: /home/abdelrhaman/microros_ws/install/rosgraph_msgs/share/rosgraph_msgs/cmake/rosgraph_msgsConfig-version.cmake
[7.447s] -- Installing: /home/abdelrhaman/microros_ws/install/rosgraph_msgs/share/rosgraph_msgs/package.xml
[7.452s] Invoked command in '/home/abdelrhaman/microros_ws/build/rosgraph_msgs' returned '0': AMENT_PREFIX_PATH=/home/abdelrhaman/microros_ws/install/builtin_interfaces:${AMENT_PREFIX_PATH} CMAKE_PREFIX_PATH=/home/abdelrhaman/microros_ws/install/builtin_interfaces:/home/abdelrhaman/microros_ws/install/rosidl_typesupport_microxrcedds_cpp:/home/abdelrhaman/microros_ws/install/rosidl_typesupport_microxrcedds_c:/home/abdelrhaman/microros_ws/install/microcdr:/home/abdelrhaman/microros_ws/install/micro_ros_setup:/home/abdelrhaman/ros/install/my_robot_controller:/opt/ros/humble LD_LIBRARY_PATH=/home/abdelrhaman/microros_ws/install/builtin_interfaces/lib:${LD_LIBRARY_PATH} PYTHONPATH=/home/abdelrhaman/microros_ws/install/builtin_interfaces/local/lib/python3.10/dist-packages:${PYTHONPATH} /usr/bin/cmake --install /home/abdelrhaman/microros_ws/build/rosgraph_msgs
