[0.016s] Invoking command in '/home/abdelrhaman/microros_ws/build/rmw_microxrcedds': AMENT_PREFIX_PATH=/home/abdelrhaman/microros_ws/install/rosidl_typesupport_microxrcedds_cpp:/home/abdelrhaman/microros_ws/install/rosidl_typesupport_microxrcedds_c:/home/abdelrhaman/microros_ws/install/micro_ros_msgs:${AMENT_PREFIX_PATH} CMAKE_PREFIX_PATH=/home/abdelrhaman/microros_ws/install/rosidl_typesupport_microxrcedds_cpp:/home/abdelrhaman/microros_ws/install/rosidl_typesupport_microxrcedds_c:/home/abdelrhaman/microros_ws/install/microxrcedds_client:/home/abdelrhaman/microros_ws/install/microcdr:/home/abdelrhaman/microros_ws/install/micro_ros_msgs:/home/abdelrhaman/ros/install/my_robot_controller:/opt/ros/humble LD_LIBRARY_PATH=/home/abdelrhaman/microros_ws/install/rosidl_typesupport_microxrcedds_cpp/lib:/home/abdelrhaman/microros_ws/install/rosidl_typesupport_microxrcedds_c/lib:/home/abdelrhaman/microros_ws/install/microxrcedds_client/lib:/home/abdelrhaman/microros_ws/install/microcdr/lib:/home/abdelrhaman/microros_ws/install/micro_ros_msgs/lib:${LD_LIBRARY_PATH} PYTHONPATH=/home/abdelrhaman/microros_ws/install/rosidl_typesupport_microxrcedds_cpp/local/lib/python3.10/dist-packages:/home/abdelrhaman/microros_ws/install/rosidl_typesupport_microxrcedds_c/local/lib/python3.10/dist-packages:/home/abdelrhaman/microros_ws/install/micro_ros_msgs/local/lib/python3.10/dist-packages:${PYTHONPATH} /usr/bin/cmake /home/abdelrhaman/microros_ws/src/uros/rmw_microxrcedds/rmw_microxrcedds_c -DCMAKE_INSTALL_PREFIX=/home/abdelrhaman/microros_ws/install/rmw_microxrcedds
[0.024s] -- Found ament_cmake_ros: 0.10.0 (/opt/ros/humble/share/ament_cmake_ros/cmake)
[0.143s] -- Found rcutils: 5.1.6 (/opt/ros/humble/share/rcutils/cmake)
[0.149s] -- Found rosidl_runtime_c: 3.1.5 (/opt/ros/humble/share/rosidl_runtime_c/cmake)
[0.153s] -- Found rmw: 6.1.2 (/opt/ros/humble/share/rmw/cmake)
[0.155s] -- Found rosidl_typesupport_microxrcedds_c: 3.0.1 (/home/abdelrhaman/microros_ws/install/rosidl_typesupport_microxrcedds_c/share/rosidl_typesupport_microxrcedds_c/cmake)
[0.157s] -- Found rosidl_adapter: 3.1.5 (/opt/ros/humble/share/rosidl_adapter/cmake)
[0.244s] -- Configuring done
[0.252s] -- Generating done
[0.253s] -- Build files have been written to: /home/abdelrhaman/microros_ws/build/rmw_microxrcedds
[0.257s] Invoked command in '/home/abdelrhaman/microros_ws/build/rmw_microxrcedds' returned '0': AMENT_PREFIX_PATH=/home/abdelrhaman/microros_ws/install/rosidl_typesupport_microxrcedds_cpp:/home/abdelrhaman/microros_ws/install/rosidl_typesupport_microxrcedds_c:/home/abdelrhaman/microros_ws/install/micro_ros_msgs:${AMENT_PREFIX_PATH} CMAKE_PREFIX_PATH=/home/abdelrhaman/microros_ws/install/rosidl_typesupport_microxrcedds_cpp:/home/abdelrhaman/microros_ws/install/rosidl_typesupport_microxrcedds_c:/home/abdelrhaman/microros_ws/install/microxrcedds_client:/home/abdelrhaman/microros_ws/install/microcdr:/home/abdelrhaman/microros_ws/install/micro_ros_msgs:/home/abdelrhaman/ros/install/my_robot_controller:/opt/ros/humble LD_LIBRARY_PATH=/home/abdelrhaman/microros_ws/install/rosidl_typesupport_microxrcedds_cpp/lib:/home/abdelrhaman/microros_ws/install/rosidl_typesupport_microxrcedds_c/lib:/home/abdelrhaman/microros_ws/install/microxrcedds_client/lib:/home/abdelrhaman/microros_ws/install/microcdr/lib:/home/abdelrhaman/microros_ws/install/micro_ros_msgs/lib:${LD_LIBRARY_PATH} PYTHONPATH=/home/abdelrhaman/microros_ws/install/rosidl_typesupport_microxrcedds_cpp/local/lib/python3.10/dist-packages:/home/abdelrhaman/microros_ws/install/rosidl_typesupport_microxrcedds_c/local/lib/python3.10/dist-packages:/home/abdelrhaman/microros_ws/install/micro_ros_msgs/local/lib/python3.10/dist-packages:${PYTHONPATH} /usr/bin/cmake /home/abdelrhaman/microros_ws/src/uros/rmw_microxrcedds/rmw_microxrcedds_c -DCMAKE_INSTALL_PREFIX=/home/abdelrhaman/microros_ws/install/rmw_microxrcedds
[0.258s] Invoking command in '/home/abdelrhaman/microros_ws/build/rmw_microxrcedds': AMENT_PREFIX_PATH=/home/abdelrhaman/microros_ws/install/rosidl_typesupport_microxrcedds_cpp:/home/abdelrhaman/microros_ws/install/rosidl_typesupport_microxrcedds_c:/home/abdelrhaman/microros_ws/install/micro_ros_msgs:${AMENT_PREFIX_PATH} CMAKE_PREFIX_PATH=/home/abdelrhaman/microros_ws/install/rosidl_typesupport_microxrcedds_cpp:/home/abdelrhaman/microros_ws/install/rosidl_typesupport_microxrcedds_c:/home/abdelrhaman/microros_ws/install/microxrcedds_client:/home/abdelrhaman/microros_ws/install/microcdr:/home/abdelrhaman/microros_ws/install/micro_ros_msgs:/home/abdelrhaman/ros/install/my_robot_controller:/opt/ros/humble LD_LIBRARY_PATH=/home/abdelrhaman/microros_ws/install/rosidl_typesupport_microxrcedds_cpp/lib:/home/abdelrhaman/microros_ws/install/rosidl_typesupport_microxrcedds_c/lib:/home/abdelrhaman/microros_ws/install/microxrcedds_client/lib:/home/abdelrhaman/microros_ws/install/microcdr/lib:/home/abdelrhaman/microros_ws/install/micro_ros_msgs/lib:${LD_LIBRARY_PATH} PYTHONPATH=/home/abdelrhaman/microros_ws/install/rosidl_typesupport_microxrcedds_cpp/local/lib/python3.10/dist-packages:/home/abdelrhaman/microros_ws/install/rosidl_typesupport_microxrcedds_c/local/lib/python3.10/dist-packages:/home/abdelrhaman/microros_ws/install/micro_ros_msgs/local/lib/python3.10/dist-packages:${PYTHONPATH} /usr/bin/cmake --build /home/abdelrhaman/microros_ws/build/rmw_microxrcedds -- -j20 -l20
[0.303s] [35m[1mConsolidate compiler generated dependencies of target rmw_microxrcedds[0m
[0.333s] [100%] Built target rmw_microxrcedds
[0.342s] Invoked command in '/home/abdelrhaman/microros_ws/build/rmw_microxrcedds' returned '0': AMENT_PREFIX_PATH=/home/abdelrhaman/microros_ws/install/rosidl_typesupport_microxrcedds_cpp:/home/abdelrhaman/microros_ws/install/rosidl_typesupport_microxrcedds_c:/home/abdelrhaman/microros_ws/install/micro_ros_msgs:${AMENT_PREFIX_PATH} CMAKE_PREFIX_PATH=/home/abdelrhaman/microros_ws/install/rosidl_typesupport_microxrcedds_cpp:/home/abdelrhaman/microros_ws/install/rosidl_typesupport_microxrcedds_c:/home/abdelrhaman/microros_ws/install/microxrcedds_client:/home/abdelrhaman/microros_ws/install/microcdr:/home/abdelrhaman/microros_ws/install/micro_ros_msgs:/home/abdelrhaman/ros/install/my_robot_controller:/opt/ros/humble LD_LIBRARY_PATH=/home/abdelrhaman/microros_ws/install/rosidl_typesupport_microxrcedds_cpp/lib:/home/abdelrhaman/microros_ws/install/rosidl_typesupport_microxrcedds_c/lib:/home/abdelrhaman/microros_ws/install/microxrcedds_client/lib:/home/abdelrhaman/microros_ws/install/microcdr/lib:/home/abdelrhaman/microros_ws/install/micro_ros_msgs/lib:${LD_LIBRARY_PATH} PYTHONPATH=/home/abdelrhaman/microros_ws/install/rosidl_typesupport_microxrcedds_cpp/local/lib/python3.10/dist-packages:/home/abdelrhaman/microros_ws/install/rosidl_typesupport_microxrcedds_c/local/lib/python3.10/dist-packages:/home/abdelrhaman/microros_ws/install/micro_ros_msgs/local/lib/python3.10/dist-packages:${PYTHONPATH} /usr/bin/cmake --build /home/abdelrhaman/microros_ws/build/rmw_microxrcedds -- -j20 -l20
[0.450s] Invoking command in '/home/abdelrhaman/microros_ws/build/rmw_microxrcedds': AMENT_PREFIX_PATH=/home/abdelrhaman/microros_ws/install/rosidl_typesupport_microxrcedds_cpp:/home/abdelrhaman/microros_ws/install/rosidl_typesupport_microxrcedds_c:/home/abdelrhaman/microros_ws/install/micro_ros_msgs:${AMENT_PREFIX_PATH} CMAKE_PREFIX_PATH=/home/abdelrhaman/microros_ws/install/rosidl_typesupport_microxrcedds_cpp:/home/abdelrhaman/microros_ws/install/rosidl_typesupport_microxrcedds_c:/home/abdelrhaman/microros_ws/install/microxrcedds_client:/home/abdelrhaman/microros_ws/install/microcdr:/home/abdelrhaman/microros_ws/install/micro_ros_msgs:/home/abdelrhaman/ros/install/my_robot_controller:/opt/ros/humble LD_LIBRARY_PATH=/home/abdelrhaman/microros_ws/install/rosidl_typesupport_microxrcedds_cpp/lib:/home/abdelrhaman/microros_ws/install/rosidl_typesupport_microxrcedds_c/lib:/home/abdelrhaman/microros_ws/install/microxrcedds_client/lib:/home/abdelrhaman/microros_ws/install/microcdr/lib:/home/abdelrhaman/microros_ws/install/micro_ros_msgs/lib:${LD_LIBRARY_PATH} PYTHONPATH=/home/abdelrhaman/microros_ws/install/rosidl_typesupport_microxrcedds_cpp/local/lib/python3.10/dist-packages:/home/abdelrhaman/microros_ws/install/rosidl_typesupport_microxrcedds_c/local/lib/python3.10/dist-packages:/home/abdelrhaman/microros_ws/install/micro_ros_msgs/local/lib/python3.10/dist-packages:${PYTHONPATH} /usr/bin/cmake --install /home/abdelrhaman/microros_ws/build/rmw_microxrcedds
[0.459s] -- Install configuration: ""
[0.459s] -- Up-to-date: /home/abdelrhaman/microros_ws/install/rmw_microxrcedds/share/rmw_microxrcedds/environment/library_path.sh
[0.460s] -- Installing: /home/abdelrhaman/microros_ws/install/rmw_microxrcedds/share/rmw_microxrcedds/environment/library_path.dsv
[0.460s] -- Up-to-date: /home/abdelrhaman/microros_ws/install/rmw_microxrcedds/share/ament_index/resource_index/rmw_typesupport_c/rmw_microxrcedds
[0.461s] -- Up-to-date: /home/abdelrhaman/microros_ws/install/rmw_microxrcedds/share/ament_index/resource_index/rmw_typesupport/rmw_microxrcedds
[0.461s] -- Up-to-date: /home/abdelrhaman/microros_ws/install/rmw_microxrcedds/share/ament_index/resource_index/package_run_dependencies/rmw_microxrcedds
[0.461s] -- Installing: /home/abdelrhaman/microros_ws/install/rmw_microxrcedds/share/ament_index/resource_index/parent_prefix_path/rmw_microxrcedds
[0.461s] -- Up-to-date: /home/abdelrhaman/microros_ws/install/rmw_microxrcedds/share/rmw_microxrcedds/environment/ament_prefix_path.sh
[0.461s] -- Installing: /home/abdelrhaman/microros_ws/install/rmw_microxrcedds/share/rmw_microxrcedds/environment/ament_prefix_path.dsv
[0.461s] -- Up-to-date: /home/abdelrhaman/microros_ws/install/rmw_microxrcedds/share/rmw_microxrcedds/environment/path.sh
[0.462s] -- Installing: /home/abdelrhaman/microros_ws/install/rmw_microxrcedds/share/rmw_microxrcedds/environment/path.dsv
[0.462s] -- Up-to-date: /home/abdelrhaman/microros_ws/install/rmw_microxrcedds/share/rmw_microxrcedds/local_setup.bash
[0.462s] -- Up-to-date: /home/abdelrhaman/microros_ws/install/rmw_microxrcedds/share/rmw_microxrcedds/local_setup.sh
[0.462s] -- Up-to-date: /home/abdelrhaman/microros_ws/install/rmw_microxrcedds/share/rmw_microxrcedds/local_setup.zsh
[0.462s] -- Installing: /home/abdelrhaman/microros_ws/install/rmw_microxrcedds/share/rmw_microxrcedds/local_setup.dsv
[0.462s] -- Installing: /home/abdelrhaman/microros_ws/install/rmw_microxrcedds/share/rmw_microxrcedds/package.dsv
[0.462s] -- Up-to-date: /home/abdelrhaman/microros_ws/install/rmw_microxrcedds/share/ament_index/resource_index/packages/rmw_microxrcedds
[0.462s] -- Up-to-date: /home/abdelrhaman/microros_ws/install/rmw_microxrcedds/share/rmw_microxrcedds/cmake/ament_cmake_export_include_directories-extras.cmake
[0.463s] -- Up-to-date: /home/abdelrhaman/microros_ws/install/rmw_microxrcedds/share/rmw_microxrcedds/cmake/ament_cmake_export_libraries-extras.cmake
[0.463s] -- Up-to-date: /home/abdelrhaman/microros_ws/install/rmw_microxrcedds/share/rmw_microxrcedds/cmake/ament_cmake_export_dependencies-extras.cmake
[0.463s] -- Up-to-date: /home/abdelrhaman/microros_ws/install/rmw_microxrcedds/share/rmw_microxrcedds/cmake/rmw_microxrceddsConfig.cmake
[0.463s] -- Up-to-date: /home/abdelrhaman/microros_ws/install/rmw_microxrcedds/share/rmw_microxrcedds/cmake/rmw_microxrceddsConfig-version.cmake
[0.463s] -- Up-to-date: /home/abdelrhaman/microros_ws/install/rmw_microxrcedds/share/rmw_microxrcedds/package.xml
[0.463s] -- Up-to-date: /home/abdelrhaman/microros_ws/install/rmw_microxrcedds/include
[0.463s] -- Up-to-date: /home/abdelrhaman/microros_ws/install/rmw_microxrcedds/include/rmw_microxrcedds_c
[0.463s] -- Up-to-date: /home/abdelrhaman/microros_ws/install/rmw_microxrcedds/include/rmw_microxrcedds_c/rmw_c_macros.h
[0.463s] -- Up-to-date: /home/abdelrhaman/microros_ws/install/rmw_microxrcedds/include/rmw_microros
[0.464s] -- Up-to-date: /home/abdelrhaman/microros_ws/install/rmw_microxrcedds/include/rmw_microros/init_options.h
[0.464s] -- Up-to-date: /home/abdelrhaman/microros_ws/install/rmw_microxrcedds/include/rmw_microros/ping.h
[0.464s] -- Up-to-date: /home/abdelrhaman/microros_ws/install/rmw_microxrcedds/include/rmw_microros/discovery.h
[0.464s] -- Up-to-date: /home/abdelrhaman/microros_ws/install/rmw_microxrcedds/include/rmw_microros/timing.h
[0.464s] -- Up-to-date: /home/abdelrhaman/microros_ws/install/rmw_microxrcedds/include/rmw_microros/custom_transport.h
[0.464s] -- Up-to-date: /home/abdelrhaman/microros_ws/install/rmw_microxrcedds/include/rmw_microros/time_sync.h
[0.464s] -- Up-to-date: /home/abdelrhaman/microros_ws/install/rmw_microxrcedds/include/rmw_microros/error_handling.h
[0.464s] -- Up-to-date: /home/abdelrhaman/microros_ws/install/rmw_microxrcedds/include/rmw_microros/rmw_microros.h
[0.464s] -- Up-to-date: /home/abdelrhaman/microros_ws/install/rmw_microxrcedds/include/rmw_microros/continous_serialization.h
[0.464s] -- Up-to-date: /home/abdelrhaman/microros_ws/install/rmw_microxrcedds/include/rmw_microxrcedds_c/config.h
[0.465s] -- Up-to-date: /home/abdelrhaman/microros_ws/install/rmw_microxrcedds/lib/librmw_microxrcedds.so
[0.468s] Invoked command in '/home/abdelrhaman/microros_ws/build/rmw_microxrcedds' returned '0': AMENT_PREFIX_PATH=/home/abdelrhaman/microros_ws/install/rosidl_typesupport_microxrcedds_cpp:/home/abdelrhaman/microros_ws/install/rosidl_typesupport_microxrcedds_c:/home/abdelrhaman/microros_ws/install/micro_ros_msgs:${AMENT_PREFIX_PATH} CMAKE_PREFIX_PATH=/home/abdelrhaman/microros_ws/install/rosidl_typesupport_microxrcedds_cpp:/home/abdelrhaman/microros_ws/install/rosidl_typesupport_microxrcedds_c:/home/abdelrhaman/microros_ws/install/microxrcedds_client:/home/abdelrhaman/microros_ws/install/microcdr:/home/abdelrhaman/microros_ws/install/micro_ros_msgs:/home/abdelrhaman/ros/install/my_robot_controller:/opt/ros/humble LD_LIBRARY_PATH=/home/abdelrhaman/microros_ws/install/rosidl_typesupport_microxrcedds_cpp/lib:/home/abdelrhaman/microros_ws/install/rosidl_typesupport_microxrcedds_c/lib:/home/abdelrhaman/microros_ws/install/microxrcedds_client/lib:/home/abdelrhaman/microros_ws/install/microcdr/lib:/home/abdelrhaman/microros_ws/install/micro_ros_msgs/lib:${LD_LIBRARY_PATH} PYTHONPATH=/home/abdelrhaman/microros_ws/install/rosidl_typesupport_microxrcedds_cpp/local/lib/python3.10/dist-packages:/home/abdelrhaman/microros_ws/install/rosidl_typesupport_microxrcedds_c/local/lib/python3.10/dist-packages:/home/abdelrhaman/microros_ws/install/micro_ros_msgs/local/lib/python3.10/dist-packages:${PYTHONPATH} /usr/bin/cmake --install /home/abdelrhaman/microros_ws/build/rmw_microxrcedds
