[0.029s] Invoking command in '/home/abdelrhaman/microros_ws/build/rclc': AMENT_PREFIX_PATH=/home/abdelrhaman/microros_ws/install/test_msgs:/home/abdelrhaman/microros_ws/install/example_interfaces:/home/abdelrhaman/microros_ws/install/std_msgs:/home/abdelrhaman/microros_ws/install/action_msgs:/home/abdelrhaman/microros_ws/install/unique_identifier_msgs:/home/abdelrhaman/microros_ws/install/builtin_interfaces:${AMENT_PREFIX_PATH} CMAKE_PREFIX_PATH=/home/abdelrhaman/microros_ws/install/test_msgs:/home/abdelrhaman/microros_ws/install/example_interfaces:/home/abdelrhaman/microros_ws/install/std_msgs:/home/abdelrhaman/microros_ws/install/action_msgs:/home/abdelrhaman/microros_ws/install/unique_identifier_msgs:/home/abdelrhaman/microros_ws/install/builtin_interfaces:/home/abdelrhaman/ros/install/my_robot_controller:/opt/ros/humble LD_LIBRARY_PATH=/home/abdelrhaman/microros_ws/install/test_msgs/lib:/home/abdelrhaman/microros_ws/install/example_interfaces/lib:/home/abdelrhaman/microros_ws/install/std_msgs/lib:/home/abdelrhaman/microros_ws/install/action_msgs/lib:/home/abdelrhaman/microros_ws/install/unique_identifier_msgs/lib:/home/abdelrhaman/microros_ws/install/builtin_interfaces/lib:${LD_LIBRARY_PATH} PYTHONPATH=/home/abdelrhaman/microros_ws/install/test_msgs/local/lib/python3.10/dist-packages:/home/abdelrhaman/microros_ws/install/example_interfaces/local/lib/python3.10/dist-packages:/home/abdelrhaman/microros_ws/install/std_msgs/local/lib/python3.10/dist-packages:/home/abdelrhaman/microros_ws/install/action_msgs/local/lib/python3.10/dist-packages:/home/abdelrhaman/microros_ws/install/unique_identifier_msgs/local/lib/python3.10/dist-packages:/home/abdelrhaman/microros_ws/install/builtin_interfaces/local/lib/python3.10/dist-packages:${PYTHONPATH} /usr/bin/cmake /home/abdelrhaman/microros_ws/src/uros/rclc/rclc -DCMAKE_INSTALL_PREFIX=/home/abdelrhaman/microros_ws/install/rclc
[0.043s] -- Found ament_cmake_ros: 0.10.0 (/opt/ros/humble/share/ament_cmake_ros/cmake)
[0.152s] -- Found rcl: 5.3.9 (/opt/ros/humble/share/rcl/cmake)
[0.170s] -- Found rosidl_generator_c: 3.1.5 (/opt/ros/humble/share/rosidl_generator_c/cmake)
[0.171s] -- Found rosidl_adapter: 3.1.5 (/opt/ros/humble/share/rosidl_adapter/cmake)
[0.175s] -- Found rosidl_generator_cpp: 3.1.5 (/opt/ros/humble/share/rosidl_generator_cpp/cmake)
[0.182s] -- Using all available rosidl_typesupport_c: rosidl_typesupport_fastrtps_c;rosidl_typesupport_introspection_c
[0.189s] -- Using all available rosidl_typesupport_cpp: rosidl_typesupport_fastrtps_cpp;rosidl_typesupport_introspection_cpp
[0.213s] -- Found rmw_implementation_cmake: 6.1.2 (/opt/ros/humble/share/rmw_implementation_cmake/cmake)
[0.215s] -- Found rmw_fastrtps_cpp: 6.2.7 (/opt/ros/humble/share/rmw_fastrtps_cpp/cmake)
[0.304s] -- Using RMW implementation 'rmw_fastrtps_cpp' as default
[0.313s] -- Found rcl_action: 5.3.9 (/opt/ros/humble/share/rcl_action/cmake)
[0.331s] -- Found rcl version 5.3.9, which belongs to Foxy or later
[0.384s] -- Configuring done
[0.393s] -- Generating done
[0.393s] -- Build files have been written to: /home/abdelrhaman/microros_ws/build/rclc
[0.398s] Invoked command in '/home/abdelrhaman/microros_ws/build/rclc' returned '0': AMENT_PREFIX_PATH=/home/abdelrhaman/microros_ws/install/test_msgs:/home/abdelrhaman/microros_ws/install/example_interfaces:/home/abdelrhaman/microros_ws/install/std_msgs:/home/abdelrhaman/microros_ws/install/action_msgs:/home/abdelrhaman/microros_ws/install/unique_identifier_msgs:/home/abdelrhaman/microros_ws/install/builtin_interfaces:${AMENT_PREFIX_PATH} CMAKE_PREFIX_PATH=/home/abdelrhaman/microros_ws/install/test_msgs:/home/abdelrhaman/microros_ws/install/example_interfaces:/home/abdelrhaman/microros_ws/install/std_msgs:/home/abdelrhaman/microros_ws/install/action_msgs:/home/abdelrhaman/microros_ws/install/unique_identifier_msgs:/home/abdelrhaman/microros_ws/install/builtin_interfaces:/home/abdelrhaman/ros/install/my_robot_controller:/opt/ros/humble LD_LIBRARY_PATH=/home/abdelrhaman/microros_ws/install/test_msgs/lib:/home/abdelrhaman/microros_ws/install/example_interfaces/lib:/home/abdelrhaman/microros_ws/install/std_msgs/lib:/home/abdelrhaman/microros_ws/install/action_msgs/lib:/home/abdelrhaman/microros_ws/install/unique_identifier_msgs/lib:/home/abdelrhaman/microros_ws/install/builtin_interfaces/lib:${LD_LIBRARY_PATH} PYTHONPATH=/home/abdelrhaman/microros_ws/install/test_msgs/local/lib/python3.10/dist-packages:/home/abdelrhaman/microros_ws/install/example_interfaces/local/lib/python3.10/dist-packages:/home/abdelrhaman/microros_ws/install/std_msgs/local/lib/python3.10/dist-packages:/home/abdelrhaman/microros_ws/install/action_msgs/local/lib/python3.10/dist-packages:/home/abdelrhaman/microros_ws/install/unique_identifier_msgs/local/lib/python3.10/dist-packages:/home/abdelrhaman/microros_ws/install/builtin_interfaces/local/lib/python3.10/dist-packages:${PYTHONPATH} /usr/bin/cmake /home/abdelrhaman/microros_ws/src/uros/rclc/rclc -DCMAKE_INSTALL_PREFIX=/home/abdelrhaman/microros_ws/install/rclc
[0.400s] Invoking command in '/home/abdelrhaman/microros_ws/build/rclc': AMENT_PREFIX_PATH=/home/abdelrhaman/microros_ws/install/test_msgs:/home/abdelrhaman/microros_ws/install/example_interfaces:/home/abdelrhaman/microros_ws/install/std_msgs:/home/abdelrhaman/microros_ws/install/action_msgs:/home/abdelrhaman/microros_ws/install/unique_identifier_msgs:/home/abdelrhaman/microros_ws/install/builtin_interfaces:${AMENT_PREFIX_PATH} CMAKE_PREFIX_PATH=/home/abdelrhaman/microros_ws/install/test_msgs:/home/abdelrhaman/microros_ws/install/example_interfaces:/home/abdelrhaman/microros_ws/install/std_msgs:/home/abdelrhaman/microros_ws/install/action_msgs:/home/abdelrhaman/microros_ws/install/unique_identifier_msgs:/home/abdelrhaman/microros_ws/install/builtin_interfaces:/home/abdelrhaman/ros/install/my_robot_controller:/opt/ros/humble LD_LIBRARY_PATH=/home/abdelrhaman/microros_ws/install/test_msgs/lib:/home/abdelrhaman/microros_ws/install/example_interfaces/lib:/home/abdelrhaman/microros_ws/install/std_msgs/lib:/home/abdelrhaman/microros_ws/install/action_msgs/lib:/home/abdelrhaman/microros_ws/install/unique_identifier_msgs/lib:/home/abdelrhaman/microros_ws/install/builtin_interfaces/lib:${LD_LIBRARY_PATH} PYTHONPATH=/home/abdelrhaman/microros_ws/install/test_msgs/local/lib/python3.10/dist-packages:/home/abdelrhaman/microros_ws/install/example_interfaces/local/lib/python3.10/dist-packages:/home/abdelrhaman/microros_ws/install/std_msgs/local/lib/python3.10/dist-packages:/home/abdelrhaman/microros_ws/install/action_msgs/local/lib/python3.10/dist-packages:/home/abdelrhaman/microros_ws/install/unique_identifier_msgs/local/lib/python3.10/dist-packages:/home/abdelrhaman/microros_ws/install/builtin_interfaces/local/lib/python3.10/dist-packages:${PYTHONPATH} /usr/bin/cmake --build /home/abdelrhaman/microros_ws/build/rclc -- -j20 -l20
[0.409s] /usr/bin/cmake -S/home/abdelrhaman/microros_ws/src/uros/rclc/rclc -B/home/abdelrhaman/microros_ws/build/rclc --check-build-system CMakeFiles/Makefile.cmake 0
[0.424s] /usr/bin/cmake -E cmake_progress_start /home/abdelrhaman/microros_ws/build/rclc/CMakeFiles /home/abdelrhaman/microros_ws/build/rclc//CMakeFiles/progress.marks
[0.432s] /usr/bin/gmake  -f CMakeFiles/Makefile2 all
[0.433s] gmake[1]: Entering directory '/home/abdelrhaman/microros_ws/build/rclc'
[0.433s] /usr/bin/gmake  -f CMakeFiles/rclc.dir/build.make CMakeFiles/rclc.dir/depend
[0.434s] gmake[2]: Entering directory '/home/abdelrhaman/microros_ws/build/rclc'
[0.434s] cd /home/abdelrhaman/microros_ws/build/rclc && /usr/bin/cmake -E cmake_depends "Unix Makefiles" /home/abdelrhaman/microros_ws/src/uros/rclc/rclc /home/abdelrhaman/microros_ws/src/uros/rclc/rclc /home/abdelrhaman/microros_ws/build/rclc /home/abdelrhaman/microros_ws/build/rclc /home/abdelrhaman/microros_ws/build/rclc/CMakeFiles/rclc.dir/DependInfo.cmake --color=
[0.444s] [35m[1mConsolidate compiler generated dependencies of target rclc[0m
[0.447s] gmake[2]: Leaving directory '/home/abdelrhaman/microros_ws/build/rclc'
[0.447s] /usr/bin/gmake  -f CMakeFiles/rclc.dir/build.make CMakeFiles/rclc.dir/build
[0.452s] gmake[2]: Entering directory '/home/abdelrhaman/microros_ws/build/rclc'
[0.458s] [  7%] [32m[1mLinking C shared library librclc.so[0m
[0.458s] /usr/bin/cmake -E cmake_link_script CMakeFiles/rclc.dir/link.txt --verbose=1
[0.465s] /usr/bin/cc -fPIC -shared -Wl,-soname,librclc.so -o librclc.so CMakeFiles/rclc.dir/src/rclc/init.c.o CMakeFiles/rclc.dir/src/rclc/publisher.c.o CMakeFiles/rclc.dir/src/rclc/subscription.c.o CMakeFiles/rclc.dir/src/rclc/client.c.o CMakeFiles/rclc.dir/src/rclc/service.c.o CMakeFiles/rclc.dir/src/rclc/timer.c.o CMakeFiles/rclc.dir/src/rclc/action_client.c.o CMakeFiles/rclc.dir/src/rclc/action_server.c.o CMakeFiles/rclc.dir/src/rclc/action_goal_handle.c.o CMakeFiles/rclc.dir/src/rclc/node.c.o CMakeFiles/rclc.dir/src/rclc/executor_handle.c.o CMakeFiles/rclc.dir/src/rclc/executor.c.o CMakeFiles/rclc.dir/src/rclc/sleep.c.o  -Wl,-rpath,/home/abdelrhaman/microros_ws/install/action_msgs/lib:/home/abdelrhaman/microros_ws/install/builtin_interfaces/lib:/home/abdelrhaman/microros_ws/install/unique_identifier_msgs/lib:/opt/ros/humble/lib: /opt/ros/humble/lib/librcl_action.so /opt/ros/humble/lib/librcl.so /opt/ros/humble/lib/librcl_interfaces__rosidl_typesupport_fastrtps_c.so /opt/ros/humble/lib/librcl_interfaces__rosidl_typesupport_introspection_c.so /opt/ros/humble/lib/librcl_interfaces__rosidl_typesupport_fastrtps_cpp.so /opt/ros/humble/lib/librcl_interfaces__rosidl_typesupport_introspection_cpp.so /opt/ros/humble/lib/librcl_interfaces__rosidl_typesupport_cpp.so /opt/ros/humble/lib/librcl_interfaces__rosidl_generator_py.so /opt/ros/humble/lib/librcl_interfaces__rosidl_typesupport_c.so /opt/ros/humble/lib/librcl_interfaces__rosidl_generator_c.so /opt/ros/humble/lib/librcl_yaml_param_parser.so /opt/ros/humble/lib/libyaml.so /opt/ros/humble/lib/librmw_implementation.so /opt/ros/humble/lib/librcl_logging_spdlog.so /opt/ros/humble/lib/librcl_logging_interface.so /opt/ros/humble/lib/libtracetools.so /home/abdelrhaman/microros_ws/install/action_msgs/lib/libaction_msgs__rosidl_typesupport_fastrtps_c.so /home/abdelrhaman/microros_ws/install/builtin_interfaces/lib/libbuiltin_interfaces__rosidl_typesupport_fastrtps_c.so /home/abdelrhaman/microros_ws/install/unique_identifier_msgs/lib/libunique_identifier_msgs__rosidl_typesupport_fastrtps_c.so /opt/ros/humble/lib/librosidl_typesupport_fastrtps_c.so /home/abdelrhaman/microros_ws/install/action_msgs/lib/libaction_msgs__rosidl_typesupport_fastrtps_cpp.so /home/abdelrhaman/microros_ws/install/builtin_interfaces/lib/libbuiltin_interfaces__rosidl_typesupport_fastrtps_cpp.so /home/abdelrhaman/microros_ws/install/unique_identifier_msgs/lib/libunique_identifier_msgs__rosidl_typesupport_fastrtps_cpp.so /opt/ros/humble/lib/librosidl_typesupport_fastrtps_cpp.so /opt/ros/humble/lib/librmw.so /opt/ros/humble/lib/libfastcdr.so.1.0.24 /home/abdelrhaman/microros_ws/install/action_msgs/lib/libaction_msgs__rosidl_typesupport_introspection_c.so /home/abdelrhaman/microros_ws/install/builtin_interfaces/lib/libbuiltin_interfaces__rosidl_typesupport_introspection_c.so /home/abdelrhaman/microros_ws/install/unique_identifier_msgs/lib/libunique_identifier_msgs__rosidl_typesupport_introspection_c.so /home/abdelrhaman/microros_ws/install/action_msgs/lib/libaction_msgs__rosidl_typesupport_introspection_cpp.so /home/abdelrhaman/microros_ws/install/builtin_interfaces/lib/libbuiltin_interfaces__rosidl_typesupport_introspection_cpp.so /home/abdelrhaman/microros_ws/install/unique_identifier_msgs/lib/libunique_identifier_msgs__rosidl_typesupport_introspection_cpp.so /opt/ros/humble/lib/librosidl_typesupport_introspection_cpp.so /opt/ros/humble/lib/librosidl_typesupport_introspection_c.so /home/abdelrhaman/microros_ws/install/action_msgs/lib/libaction_msgs__rosidl_typesupport_cpp.so /home/abdelrhaman/microros_ws/install/builtin_interfaces/lib/libbuiltin_interfaces__rosidl_typesupport_cpp.so /home/abdelrhaman/microros_ws/install/unique_identifier_msgs/lib/libunique_identifier_msgs__rosidl_typesupport_cpp.so /home/abdelrhaman/microros_ws/install/action_msgs/lib/libaction_msgs__rosidl_generator_py.so /home/abdelrhaman/microros_ws/install/action_msgs/lib/libaction_msgs__rosidl_typesupport_c.so /home/abdelrhaman/microros_ws/install/action_msgs/lib/libaction_msgs__rosidl_generator_c.so /home/abdelrhaman/microros_ws/install/builtin_interfaces/lib/libbuiltin_interfaces__rosidl_generator_py.so /home/abdelrhaman/microros_ws/install/builtin_interfaces/lib/libbuiltin_interfaces__rosidl_typesupport_c.so /home/abdelrhaman/microros_ws/install/builtin_interfaces/lib/libbuiltin_interfaces__rosidl_generator_c.so /home/abdelrhaman/microros_ws/install/unique_identifier_msgs/lib/libunique_identifier_msgs__rosidl_generator_py.so /usr/lib/x86_64-linux-gnu/libpython3.10.so /home/abdelrhaman/microros_ws/install/unique_identifier_msgs/lib/libunique_identifier_msgs__rosidl_typesupport_c.so /home/abdelrhaman/microros_ws/install/unique_identifier_msgs/lib/libunique_identifier_msgs__rosidl_generator_c.so /opt/ros/humble/lib/librosidl_runtime_c.so /opt/ros/humble/lib/librcutils.so -ldl -Wl,-rpath-link,/opt/ros/humble/lib 
[0.497s] gmake[2]: Leaving directory '/home/abdelrhaman/microros_ws/build/rclc'
[0.507s] [100%] Built target rclc
[0.508s] gmake[1]: Leaving directory '/home/abdelrhaman/microros_ws/build/rclc'
[0.508s] /usr/bin/cmake -E cmake_progress_start /home/abdelrhaman/microros_ws/build/rclc/CMakeFiles 0
[0.518s] Invoked command in '/home/abdelrhaman/microros_ws/build/rclc' returned '0': AMENT_PREFIX_PATH=/home/abdelrhaman/microros_ws/install/test_msgs:/home/abdelrhaman/microros_ws/install/example_interfaces:/home/abdelrhaman/microros_ws/install/std_msgs:/home/abdelrhaman/microros_ws/install/action_msgs:/home/abdelrhaman/microros_ws/install/unique_identifier_msgs:/home/abdelrhaman/microros_ws/install/builtin_interfaces:${AMENT_PREFIX_PATH} CMAKE_PREFIX_PATH=/home/abdelrhaman/microros_ws/install/test_msgs:/home/abdelrhaman/microros_ws/install/example_interfaces:/home/abdelrhaman/microros_ws/install/std_msgs:/home/abdelrhaman/microros_ws/install/action_msgs:/home/abdelrhaman/microros_ws/install/unique_identifier_msgs:/home/abdelrhaman/microros_ws/install/builtin_interfaces:/home/abdelrhaman/ros/install/my_robot_controller:/opt/ros/humble LD_LIBRARY_PATH=/home/abdelrhaman/microros_ws/install/test_msgs/lib:/home/abdelrhaman/microros_ws/install/example_interfaces/lib:/home/abdelrhaman/microros_ws/install/std_msgs/lib:/home/abdelrhaman/microros_ws/install/action_msgs/lib:/home/abdelrhaman/microros_ws/install/unique_identifier_msgs/lib:/home/abdelrhaman/microros_ws/install/builtin_interfaces/lib:${LD_LIBRARY_PATH} PYTHONPATH=/home/abdelrhaman/microros_ws/install/test_msgs/local/lib/python3.10/dist-packages:/home/abdelrhaman/microros_ws/install/example_interfaces/local/lib/python3.10/dist-packages:/home/abdelrhaman/microros_ws/install/std_msgs/local/lib/python3.10/dist-packages:/home/abdelrhaman/microros_ws/install/action_msgs/local/lib/python3.10/dist-packages:/home/abdelrhaman/microros_ws/install/unique_identifier_msgs/local/lib/python3.10/dist-packages:/home/abdelrhaman/microros_ws/install/builtin_interfaces/local/lib/python3.10/dist-packages:${PYTHONPATH} /usr/bin/cmake --build /home/abdelrhaman/microros_ws/build/rclc -- -j20 -l20
[0.557s] Invoking command in '/home/abdelrhaman/microros_ws/build/rclc': AMENT_PREFIX_PATH=/home/abdelrhaman/microros_ws/install/test_msgs:/home/abdelrhaman/microros_ws/install/example_interfaces:/home/abdelrhaman/microros_ws/install/std_msgs:/home/abdelrhaman/microros_ws/install/action_msgs:/home/abdelrhaman/microros_ws/install/unique_identifier_msgs:/home/abdelrhaman/microros_ws/install/builtin_interfaces:${AMENT_PREFIX_PATH} CMAKE_PREFIX_PATH=/home/abdelrhaman/microros_ws/install/test_msgs:/home/abdelrhaman/microros_ws/install/example_interfaces:/home/abdelrhaman/microros_ws/install/std_msgs:/home/abdelrhaman/microros_ws/install/action_msgs:/home/abdelrhaman/microros_ws/install/unique_identifier_msgs:/home/abdelrhaman/microros_ws/install/builtin_interfaces:/home/abdelrhaman/ros/install/my_robot_controller:/opt/ros/humble LD_LIBRARY_PATH=/home/abdelrhaman/microros_ws/install/test_msgs/lib:/home/abdelrhaman/microros_ws/install/example_interfaces/lib:/home/abdelrhaman/microros_ws/install/std_msgs/lib:/home/abdelrhaman/microros_ws/install/action_msgs/lib:/home/abdelrhaman/microros_ws/install/unique_identifier_msgs/lib:/home/abdelrhaman/microros_ws/install/builtin_interfaces/lib:${LD_LIBRARY_PATH} PYTHONPATH=/home/abdelrhaman/microros_ws/install/test_msgs/local/lib/python3.10/dist-packages:/home/abdelrhaman/microros_ws/install/example_interfaces/local/lib/python3.10/dist-packages:/home/abdelrhaman/microros_ws/install/std_msgs/local/lib/python3.10/dist-packages:/home/abdelrhaman/microros_ws/install/action_msgs/local/lib/python3.10/dist-packages:/home/abdelrhaman/microros_ws/install/unique_identifier_msgs/local/lib/python3.10/dist-packages:/home/abdelrhaman/microros_ws/install/builtin_interfaces/local/lib/python3.10/dist-packages:${PYTHONPATH} /usr/bin/cmake --install /home/abdelrhaman/microros_ws/build/rclc
[0.562s] -- Install configuration: ""
[0.562s] -- Installing: /home/abdelrhaman/microros_ws/install/rclc/lib/librclc.so
[0.562s] -- Set runtime path of "/home/abdelrhaman/microros_ws/install/rclc/lib/librclc.so" to ""
[0.562s] -- Up-to-date: /home/abdelrhaman/microros_ws/install/rclc/include
[0.562s] -- Up-to-date: /home/abdelrhaman/microros_ws/install/rclc/include/rclc
[0.563s] -- Up-to-date: /home/abdelrhaman/microros_ws/install/rclc/include/rclc/action_server.h
[0.563s] -- Up-to-date: /home/abdelrhaman/microros_ws/install/rclc/include/rclc/init.h
[0.563s] -- Up-to-date: /home/abdelrhaman/microros_ws/install/rclc/include/rclc/types.h
[0.563s] -- Up-to-date: /home/abdelrhaman/microros_ws/install/rclc/include/rclc/service.h
[0.563s] -- Up-to-date: /home/abdelrhaman/microros_ws/install/rclc/include/rclc/publisher.h
[0.563s] -- Up-to-date: /home/abdelrhaman/microros_ws/install/rclc/include/rclc/executor.h
[0.563s] -- Up-to-date: /home/abdelrhaman/microros_ws/install/rclc/include/rclc/rclc.h
[0.563s] -- Up-to-date: /home/abdelrhaman/microros_ws/install/rclc/include/rclc/action_client.h
[0.563s] -- Up-to-date: /home/abdelrhaman/microros_ws/install/rclc/include/rclc/node.h
[0.563s] -- Up-to-date: /home/abdelrhaman/microros_ws/install/rclc/include/rclc/visibility_control.h
[0.563s] -- Up-to-date: /home/abdelrhaman/microros_ws/install/rclc/include/rclc/subscription.h
[0.563s] -- Up-to-date: /home/abdelrhaman/microros_ws/install/rclc/include/rclc/timer.h
[0.563s] -- Up-to-date: /home/abdelrhaman/microros_ws/install/rclc/include/rclc/client.h
[0.563s] -- Up-to-date: /home/abdelrhaman/microros_ws/install/rclc/include/rclc/sleep.h
[0.563s] -- Up-to-date: /home/abdelrhaman/microros_ws/install/rclc/include/rclc/executor_handle.h
[0.563s] -- Up-to-date: /home/abdelrhaman/microros_ws/install/rclc/include/rclc/action_goal_handle.h
[0.563s] -- Up-to-date: /home/abdelrhaman/microros_ws/install/rclc/share/rclc/environment/library_path.sh
[0.563s] -- Installing: /home/abdelrhaman/microros_ws/install/rclc/share/rclc/environment/library_path.dsv
[0.563s] -- Up-to-date: /home/abdelrhaman/microros_ws/install/rclc/share/ament_index/resource_index/package_run_dependencies/rclc
[0.563s] -- Installing: /home/abdelrhaman/microros_ws/install/rclc/share/ament_index/resource_index/parent_prefix_path/rclc
[0.563s] -- Up-to-date: /home/abdelrhaman/microros_ws/install/rclc/share/rclc/environment/ament_prefix_path.sh
[0.563s] -- Installing: /home/abdelrhaman/microros_ws/install/rclc/share/rclc/environment/ament_prefix_path.dsv
[0.563s] -- Up-to-date: /home/abdelrhaman/microros_ws/install/rclc/share/rclc/environment/path.sh
[0.563s] -- Installing: /home/abdelrhaman/microros_ws/install/rclc/share/rclc/environment/path.dsv
[0.563s] -- Up-to-date: /home/abdelrhaman/microros_ws/install/rclc/share/rclc/local_setup.bash
[0.564s] -- Up-to-date: /home/abdelrhaman/microros_ws/install/rclc/share/rclc/local_setup.sh
[0.564s] -- Up-to-date: /home/abdelrhaman/microros_ws/install/rclc/share/rclc/local_setup.zsh
[0.564s] -- Installing: /home/abdelrhaman/microros_ws/install/rclc/share/rclc/local_setup.dsv
[0.564s] -- Installing: /home/abdelrhaman/microros_ws/install/rclc/share/rclc/package.dsv
[0.564s] -- Up-to-date: /home/abdelrhaman/microros_ws/install/rclc/share/ament_index/resource_index/packages/rclc
[0.564s] -- Up-to-date: /home/abdelrhaman/microros_ws/install/rclc/share/rclc/cmake/rclcExport.cmake
[0.564s] -- Up-to-date: /home/abdelrhaman/microros_ws/install/rclc/share/rclc/cmake/rclcExport-noconfig.cmake
[0.564s] -- Up-to-date: /home/abdelrhaman/microros_ws/install/rclc/share/rclc/cmake/ament_cmake_export_include_directories-extras.cmake
[0.564s] -- Up-to-date: /home/abdelrhaman/microros_ws/install/rclc/share/rclc/cmake/ament_cmake_export_libraries-extras.cmake
[0.564s] -- Up-to-date: /home/abdelrhaman/microros_ws/install/rclc/share/rclc/cmake/ament_cmake_export_targets-extras.cmake
[0.564s] -- Up-to-date: /home/abdelrhaman/microros_ws/install/rclc/share/rclc/cmake/ament_cmake_export_dependencies-extras.cmake
[0.564s] -- Up-to-date: /home/abdelrhaman/microros_ws/install/rclc/share/rclc/cmake/rclcConfig.cmake
[0.564s] -- Up-to-date: /home/abdelrhaman/microros_ws/install/rclc/share/rclc/cmake/rclcConfig-version.cmake
[0.564s] -- Up-to-date: /home/abdelrhaman/microros_ws/install/rclc/share/rclc/package.xml
[0.565s] Invoked command in '/home/abdelrhaman/microros_ws/build/rclc' returned '0': AMENT_PREFIX_PATH=/home/abdelrhaman/microros_ws/install/test_msgs:/home/abdelrhaman/microros_ws/install/example_interfaces:/home/abdelrhaman/microros_ws/install/std_msgs:/home/abdelrhaman/microros_ws/install/action_msgs:/home/abdelrhaman/microros_ws/install/unique_identifier_msgs:/home/abdelrhaman/microros_ws/install/builtin_interfaces:${AMENT_PREFIX_PATH} CMAKE_PREFIX_PATH=/home/abdelrhaman/microros_ws/install/test_msgs:/home/abdelrhaman/microros_ws/install/example_interfaces:/home/abdelrhaman/microros_ws/install/std_msgs:/home/abdelrhaman/microros_ws/install/action_msgs:/home/abdelrhaman/microros_ws/install/unique_identifier_msgs:/home/abdelrhaman/microros_ws/install/builtin_interfaces:/home/abdelrhaman/ros/install/my_robot_controller:/opt/ros/humble LD_LIBRARY_PATH=/home/abdelrhaman/microros_ws/install/test_msgs/lib:/home/abdelrhaman/microros_ws/install/example_interfaces/lib:/home/abdelrhaman/microros_ws/install/std_msgs/lib:/home/abdelrhaman/microros_ws/install/action_msgs/lib:/home/abdelrhaman/microros_ws/install/unique_identifier_msgs/lib:/home/abdelrhaman/microros_ws/install/builtin_interfaces/lib:${LD_LIBRARY_PATH} PYTHONPATH=/home/abdelrhaman/microros_ws/install/test_msgs/local/lib/python3.10/dist-packages:/home/abdelrhaman/microros_ws/install/example_interfaces/local/lib/python3.10/dist-packages:/home/abdelrhaman/microros_ws/install/std_msgs/local/lib/python3.10/dist-packages:/home/abdelrhaman/microros_ws/install/action_msgs/local/lib/python3.10/dist-packages:/home/abdelrhaman/microros_ws/install/unique_identifier_msgs/local/lib/python3.10/dist-packages:/home/abdelrhaman/microros_ws/install/builtin_interfaces/local/lib/python3.10/dist-packages:${PYTHONPATH} /usr/bin/cmake --install /home/abdelrhaman/microros_ws/build/rclc
