[0.011s] Invoking command in '/home/abdelrhaman/microros_ws/build/microcdr': /usr/bin/cmake /home/abdelrhaman/microros_ws/src/eProsima/Micro-CDR -DBUILD_TESTING=OFF -DBUILD_SHARED_LIBS=ON -DUCDR_ISOLATED_INSTALL=OFF -DBUILD_SHARED_LIBS=ON -DCMAKE_INSTALL_PREFIX=/home/abdelrhaman/microros_ws/install/microcdr
[0.033s] -- Configuring done
[0.035s] -- Generating done
[0.035s] -- Build files have been written to: /home/abdelrhaman/microros_ws/build/microcdr
[0.038s] Invoked command in '/home/abdelrhaman/microros_ws/build/microcdr' returned '0': /usr/bin/cmake /home/abdelrhaman/microros_ws/src/eProsima/Micro-CDR -DBUILD_TESTING=OFF -DBUILD_SHARED_LIBS=ON -DUCDR_ISOLATED_INSTALL=OFF -DBUILD_SHARED_LIBS=ON -DCMAKE_INSTALL_PREFIX=/home/abdelrhaman/microros_ws/install/microcdr
[0.038s] Invoking command in '/home/abdelrhaman/microros_ws/build/microcdr': /usr/bin/cmake --build /home/abdelrhaman/microros_ws/build/microcdr -- -j20 -l20
[0.108s] [35m[1mConsolidate compiler generated dependencies of target microcdr[0m
[0.138s] [100%] Built target microcdr
[0.164s] Invoked command in '/home/abdelrhaman/microros_ws/build/microcdr' returned '0': /usr/bin/cmake --build /home/abdelrhaman/microros_ws/build/microcdr -- -j20 -l20
[0.267s] Invoking command in '/home/abdelrhaman/microros_ws/build/microcdr': /usr/bin/cmake --install /home/abdelrhaman/microros_ws/build/microcdr
[0.282s] -- Install configuration: "Release"
[0.282s] -- Up-to-date: /home/abdelrhaman/microros_ws/install/microcdr/lib/libmicrocdr.so.2.0.1
[0.282s] -- Up-to-date: /home/abdelrhaman/microros_ws/install/microcdr/lib/libmicrocdr.so.2.0
[0.282s] -- Up-to-date: /home/abdelrhaman/microros_ws/install/microcdr/lib/libmicrocdr.so
[0.282s] -- Up-to-date: /home/abdelrhaman/microros_ws/install/microcdr/include/ucdr
[0.282s] -- Up-to-date: /home/abdelrhaman/microros_ws/install/microcdr/include/ucdr/visibility.h
[0.282s] -- Up-to-date: /home/abdelrhaman/microros_ws/install/microcdr/include/ucdr/microcdr.h
[0.283s] -- Up-to-date: /home/abdelrhaman/microros_ws/install/microcdr/include/ucdr/config.h
[0.283s] -- Up-to-date: /home/abdelrhaman/microros_ws/install/microcdr/share/microcdr/cmake/microcdrTargets.cmake
[0.283s] -- Up-to-date: /home/abdelrhaman/microros_ws/install/microcdr/share/microcdr/cmake/microcdrTargets-release.cmake
[0.283s] -- Up-to-date: /home/abdelrhaman/microros_ws/install/microcdr/share/microcdr/cmake/microcdrConfig.cmake
[0.283s] -- Up-to-date: /home/abdelrhaman/microros_ws/install/microcdr/share/microcdr/cmake/microcdrConfigVersion.cmake
[0.285s] Invoked command in '/home/abdelrhaman/microros_ws/build/microcdr' returned '0': /usr/bin/cmake --install /home/abdelrhaman/microros_ws/build/microcdr
