[1.017s] Invoking command in '/home/abdelrhaman/microros_ws/src/ros2/common_interfaces/sensor_msgs_py': AMENT_PREFIX_PATH=/home/abdelrhaman/microros_ws/install/sensor_msgs:/home/abdelrhaman/microros_ws/install/geometry_msgs:/home/abdelrhaman/microros_ws/install/std_msgs:/home/abdelrhaman/microros_ws/install/builtin_interfaces:${AMENT_PREFIX_PATH} CMAKE_PREFIX_PATH=/home/abdelrhaman/microros_ws/install/sensor_msgs:/home/abdelrhaman/microros_ws/install/geometry_msgs:/home/abdelrhaman/microros_ws/install/std_msgs:/home/abdelrhaman/microros_ws/install/builtin_interfaces LD_LIBRARY_PATH=/home/abdelrhaman/microros_ws/install/sensor_msgs/lib:/home/abdelrhaman/microros_ws/install/geometry_msgs/lib:/home/abdelrhaman/microros_ws/install/std_msgs/lib:/home/abdelrhaman/microros_ws/install/builtin_interfaces/lib:${LD_LIBRARY_PATH} PYTHONPATH=/home/abdelrhaman/microros_ws/build/sensor_msgs_py/prefix_override:/usr/lib/python3/dist-packages/colcon_core/task/python/colcon_distutils_commands:/home/abdelrhaman/microros_ws/install/sensor_msgs_py/lib/python3.10/site-packages:/home/abdelrhaman/microros_ws/install/sensor_msgs/local/lib/python3.10/dist-packages:/home/abdelrhaman/microros_ws/install/geometry_msgs/local/lib/python3.10/dist-packages:/home/abdelrhaman/microros_ws/install/std_msgs/local/lib/python3.10/dist-packages:/home/abdelrhaman/microros_ws/install/builtin_interfaces/local/lib/python3.10/dist-packages:${PYTHONPATH} /usr/bin/python3 -W ignore:setup.py install is deprecated setup.py egg_info --egg-base ../../../../build/sensor_msgs_py build --build-base /home/abdelrhaman/microros_ws/build/sensor_msgs_py/build install --record /home/abdelrhaman/microros_ws/build/sensor_msgs_py/install.log --single-version-externally-managed install_data
[1.514s] running egg_info
[1.553s] writing ../../../../build/sensor_msgs_py/sensor_msgs_py.egg-info/PKG-INFO
[1.585s] writing dependency_links to ../../../../build/sensor_msgs_py/sensor_msgs_py.egg-info/dependency_links.txt
[1.745s] writing requirements to ../../../../build/sensor_msgs_py/sensor_msgs_py.egg-info/requires.txt
[1.776s] writing top-level names to ../../../../build/sensor_msgs_py/sensor_msgs_py.egg-info/top_level.txt
[1.823s] reading manifest file '../../../../build/sensor_msgs_py/sensor_msgs_py.egg-info/SOURCES.txt'
[1.823s] adding license file 'LICENSE'
[1.823s] writing manifest file '../../../../build/sensor_msgs_py/sensor_msgs_py.egg-info/SOURCES.txt'
[1.823s] running build
[1.823s] running build_py
[1.824s] running install
[1.827s] running install_lib
[1.866s] running install_data
[1.866s] running install_egg_info
[1.912s] removing '/home/abdelrhaman/microros_ws/install/sensor_msgs_py/lib/python3.10/site-packages/sensor_msgs_py-4.2.4-py3.10.egg-info' (and everything under it)
[1.912s] Copying ../../../../build/sensor_msgs_py/sensor_msgs_py.egg-info to /home/abdelrhaman/microros_ws/install/sensor_msgs_py/lib/python3.10/site-packages/sensor_msgs_py-4.2.4-py3.10.egg-info
[1.912s] running install_scripts
[1.985s] writing list of installed files to '/home/abdelrhaman/microros_ws/build/sensor_msgs_py/install.log'
[2.007s] Invoked command in '/home/abdelrhaman/microros_ws/src/ros2/common_interfaces/sensor_msgs_py' returned '0': AMENT_PREFIX_PATH=/home/abdelrhaman/microros_ws/install/sensor_msgs:/home/abdelrhaman/microros_ws/install/geometry_msgs:/home/abdelrhaman/microros_ws/install/std_msgs:/home/abdelrhaman/microros_ws/install/builtin_interfaces:${AMENT_PREFIX_PATH} CMAKE_PREFIX_PATH=/home/abdelrhaman/microros_ws/install/sensor_msgs:/home/abdelrhaman/microros_ws/install/geometry_msgs:/home/abdelrhaman/microros_ws/install/std_msgs:/home/abdelrhaman/microros_ws/install/builtin_interfaces LD_LIBRARY_PATH=/home/abdelrhaman/microros_ws/install/sensor_msgs/lib:/home/abdelrhaman/microros_ws/install/geometry_msgs/lib:/home/abdelrhaman/microros_ws/install/std_msgs/lib:/home/abdelrhaman/microros_ws/install/builtin_interfaces/lib:${LD_LIBRARY_PATH} PYTHONPATH=/home/abdelrhaman/microros_ws/build/sensor_msgs_py/prefix_override:/usr/lib/python3/dist-packages/colcon_core/task/python/colcon_distutils_commands:/home/abdelrhaman/microros_ws/install/sensor_msgs_py/lib/python3.10/site-packages:/home/abdelrhaman/microros_ws/install/sensor_msgs/local/lib/python3.10/dist-packages:/home/abdelrhaman/microros_ws/install/geometry_msgs/local/lib/python3.10/dist-packages:/home/abdelrhaman/microros_ws/install/std_msgs/local/lib/python3.10/dist-packages:/home/abdelrhaman/microros_ws/install/builtin_interfaces/local/lib/python3.10/dist-packages:${PYTHONPATH} /usr/bin/python3 -W ignore:setup.py install is deprecated setup.py egg_info --egg-base ../../../../build/sensor_msgs_py build --build-base /home/abdelrhaman/microros_ws/build/sensor_msgs_py/build install --record /home/abdelrhaman/microros_ws/build/sensor_msgs_py/install.log --single-version-externally-managed install_data
