[0.024s] Invoking command in '/home/abdelrhaman/microros_ws/build/builtin_interfaces': CMAKE_PREFIX_PATH=${CMAKE_PREFIX_PATH}:/home/abdelrhaman/ros/install/my_robot_controller:/opt/ros/humble /usr/bin/cmake /home/abdelrhaman/microros_ws/src/ros2/rcl_interfaces/builtin_interfaces -DBUILD_TESTING=OFF -DBUILD_SHARED_LIBS=ON -DCMAKE_INSTALL_PREFIX=/home/abdelrhaman/microros_ws/install/builtin_interfaces
[0.077s] -- The C compiler identification is GNU 11.4.0
[0.128s] -- The CXX compiler identification is GNU 11.4.0
[0.140s] -- Detecting C compiler ABI info
[0.213s] -- Detecting C compiler ABI info - done
[0.218s] -- Check for working C compiler: /usr/bin/cc - skipped
[0.218s] -- Detecting C compile features
[0.219s] -- Detecting C compile features - done
[0.221s] -- Detecting CXX compiler ABI info
[0.282s] -- Detecting CXX compiler ABI info - done
[0.288s] -- Check for working CXX compiler: /usr/bin/c++ - skipped
[0.289s] -- Detecting CXX compile features
[0.289s] -- Detecting CXX compile features - done
[0.291s] -- Found ament_cmake: 1.3.10 (/opt/ros/humble/share/ament_cmake/cmake)
[1.015s] -- Found Python3: /usr/bin/python3 (found version "3.10.12") found components: Interpreter 
[1.076s] -- Found rosidl_default_generators: 1.2.0 (/opt/ros/humble/share/rosidl_default_generators/cmake)
[1.078s] -- Using all available rosidl_typesupport_c: rosidl_typesupport_microxrcedds_c;rosidl_typesupport_fastrtps_c;rosidl_typesupport_introspection_c
[1.082s] -- Found rosidl_adapter: 3.1.5 (/opt/ros/humble/share/rosidl_adapter/cmake)
[1.119s] -- Using all available rosidl_typesupport_cpp: rosidl_typesupport_microxrcedds_cpp;rosidl_typesupport_fastrtps_cpp;rosidl_typesupport_introspection_cpp
[1.380s] -- Found ament_cmake_ros: 0.10.0 (/opt/ros/humble/share/ament_cmake_ros/cmake)
[1.596s] -- Using all available rosidl_typesupport_c: rosidl_typesupport_microxrcedds_c;rosidl_typesupport_fastrtps_c;rosidl_typesupport_introspection_c
[1.868s] -- Using all available rosidl_typesupport_cpp: rosidl_typesupport_microxrcedds_cpp;rosidl_typesupport_fastrtps_cpp;rosidl_typesupport_introspection_cpp
[1.888s] -- Found PythonInterp: /usr/bin/python3 (found suitable version "3.10.12", minimum required is "3.6") 
[1.889s] -- Found python_cmake_module: 0.10.0 (/opt/ros/humble/share/python_cmake_module/cmake)
[1.922s] -- Found PythonLibs: /usr/lib/x86_64-linux-gnu/libpython3.10.so (found suitable version "3.10.12", minimum required is "3.5") 
[1.922s] -- Using PYTHON_EXECUTABLE: /usr/bin/python3
[1.922s] -- Using PYTHON_INCLUDE_DIRS: /usr/include/python3.10
[1.922s] -- Using PYTHON_LIBRARIES: /usr/lib/x86_64-linux-gnu/libpython3.10.so
[1.940s] -- Found PythonExtra: .so  
[1.980s] -- Configuring done
[2.019s] -- Generating done
[2.022s] -- Build files have been written to: /home/abdelrhaman/microros_ws/build/builtin_interfaces
[2.030s] Invoked command in '/home/abdelrhaman/microros_ws/build/builtin_interfaces' returned '0': CMAKE_PREFIX_PATH=${CMAKE_PREFIX_PATH}:/home/abdelrhaman/ros/install/my_robot_controller:/opt/ros/humble /usr/bin/cmake /home/abdelrhaman/microros_ws/src/ros2/rcl_interfaces/builtin_interfaces -DBUILD_TESTING=OFF -DBUILD_SHARED_LIBS=ON -DCMAKE_INSTALL_PREFIX=/home/abdelrhaman/microros_ws/install/builtin_interfaces
[2.031s] Invoking command in '/home/abdelrhaman/microros_ws/build/builtin_interfaces': CMAKE_PREFIX_PATH=${CMAKE_PREFIX_PATH}:/home/abdelrhaman/ros/install/my_robot_controller:/opt/ros/humble /usr/bin/cmake --build /home/abdelrhaman/microros_ws/build/builtin_interfaces -- -j20 -l20
[2.071s] [  2%] [34m[1mGenerating C code for ROS interfaces[0m
[2.082s] [  4%] [34m[1mGenerating C++ code for ROS interfaces[0m
[2.089s] [  4%] Built target ament_cmake_python_copy_builtin_interfaces
[2.605s] [  4%] Built target builtin_interfaces__cpp
[2.619s] [  6%] [34m[1mGenerating C++ introspection for ROS interfaces[0m
[2.624s] [  8%] [34m[1mGenerating C++ type support for eProsima Micro XRCE-DDS[0m
[2.633s] [ 10%] [34m[1mGenerating C++ type support dispatch for ROS interfaces[0m
[2.634s] [ 12%] [34m[1mGenerating C++ type support for eProsima Fast-RTPS[0m
[2.663s] [ 14%] [32mBuilding C object CMakeFiles/builtin_interfaces__rosidl_generator_c.dir/rosidl_generator_c/builtin_interfaces/msg/detail/duration__functions.c.o[0m
[2.668s] [ 16%] [32mBuilding C object CMakeFiles/builtin_interfaces__rosidl_generator_c.dir/rosidl_generator_c/builtin_interfaces/msg/detail/time__functions.c.o[0m
[2.812s] [ 18%] [32m[1mLinking C shared library libbuiltin_interfaces__rosidl_generator_c.so[0m
[2.953s] [ 18%] Built target builtin_interfaces__rosidl_generator_c
[2.984s] [ 20%] [34m[1mGenerating C type support for eProsima Fast-RTPS[0m
[2.988s] [ 22%] [34m[1mGenerating C type support for eProsima Micro XRCE-DDS[0m
[2.988s] [ 24%] [34m[1mGenerating C introspection for ROS interfaces[0m
[3.031s] [ 26%] [34m[1mGenerating C type support dispatch for ROS interfaces[0m
[3.257s] running egg_info
[3.258s] creating builtin_interfaces.egg-info
[3.344s] writing builtin_interfaces.egg-info/PKG-INFO
[3.456s] writing dependency_links to builtin_interfaces.egg-info/dependency_links.txt
[3.560s] [ 28%] [32mBuilding CXX object CMakeFiles/builtin_interfaces__rosidl_typesupport_introspection_cpp.dir/rosidl_typesupport_introspection_cpp/builtin_interfaces/msg/detail/duration__type_support.cpp.o[0m
[3.580s] [ 30%] [32mBuilding CXX object CMakeFiles/builtin_interfaces__rosidl_typesupport_introspection_cpp.dir/rosidl_typesupport_introspection_cpp/builtin_interfaces/msg/detail/time__type_support.cpp.o[0m
[3.666s] [ 32%] [32mBuilding CXX object CMakeFiles/builtin_interfaces__rosidl_typesupport_fastrtps_cpp.dir/rosidl_typesupport_fastrtps_cpp/builtin_interfaces/msg/detail/dds_fastrtps/duration__type_support.cpp.o[0m
[3.669s] [ 34%] [32mBuilding CXX object CMakeFiles/builtin_interfaces__rosidl_typesupport_fastrtps_cpp.dir/rosidl_typesupport_fastrtps_cpp/builtin_interfaces/msg/detail/dds_fastrtps/time__type_support.cpp.o[0m
[3.734s] [ 36%] [32mBuilding CXX object CMakeFiles/builtin_interfaces__rosidl_typesupport_cpp.dir/rosidl_typesupport_cpp/builtin_interfaces/msg/duration__type_support.cpp.o[0m
[3.759s] [ 38%] [32mBuilding CXX object CMakeFiles/builtin_interfaces__rosidl_typesupport_cpp.dir/rosidl_typesupport_cpp/builtin_interfaces/msg/time__type_support.cpp.o[0m
[3.954s] [ 40%] [32mBuilding C object CMakeFiles/builtin_interfaces__rosidl_typesupport_microxrcedds_c.dir/rosidl_typesupport_microxrcedds_c/builtin_interfaces/msg/detail/microxrcedds/time__type_support_c.c.o[0m
[3.970s] [ 42%] [32mBuilding C object CMakeFiles/builtin_interfaces__rosidl_typesupport_microxrcedds_c.dir/rosidl_typesupport_microxrcedds_c/builtin_interfaces/msg/detail/microxrcedds/duration__type_support_c.c.o[0m
[4.031s] writing top-level names to builtin_interfaces.egg-info/top_level.txt
[4.039s] writing manifest file 'builtin_interfaces.egg-info/SOURCES.txt'
[4.154s] [ 44%] [32m[1mLinking C shared library libbuiltin_interfaces__rosidl_typesupport_microxrcedds_c.so[0m
[4.154s] [ 46%] [32mBuilding CXX object CMakeFiles/builtin_interfaces__rosidl_typesupport_microxrcedds_cpp.dir/rosidl_typesupport_microxrcedds_cpp/builtin_interfaces/msg/detail/microxrcedds/duration__type_support_cpp.cpp.o[0m
[4.162s] [ 48%] [32mBuilding CXX object CMakeFiles/builtin_interfaces__rosidl_typesupport_microxrcedds_cpp.dir/rosidl_typesupport_microxrcedds_cpp/builtin_interfaces/msg/detail/microxrcedds/time__type_support_cpp.cpp.o[0m
[4.179s] [ 51%] [32mBuilding CXX object CMakeFiles/builtin_interfaces__rosidl_typesupport_fastrtps_c.dir/rosidl_typesupport_fastrtps_c/builtin_interfaces/msg/detail/time__type_support_c.cpp.o[0m
[4.180s] [ 53%] [32mBuilding CXX object CMakeFiles/builtin_interfaces__rosidl_typesupport_fastrtps_c.dir/rosidl_typesupport_fastrtps_c/builtin_interfaces/msg/detail/duration__type_support_c.cpp.o[0m
[4.289s] [ 55%] [32mBuilding C object CMakeFiles/builtin_interfaces__rosidl_typesupport_introspection_c.dir/rosidl_typesupport_introspection_c/builtin_interfaces/msg/detail/duration__type_support.c.o[0m
[4.307s] [ 57%] [32mBuilding C object CMakeFiles/builtin_interfaces__rosidl_typesupport_introspection_c.dir/rosidl_typesupport_introspection_c/builtin_interfaces/msg/detail/time__type_support.c.o[0m
[4.307s] [ 57%] Built target builtin_interfaces__rosidl_typesupport_microxrcedds_c
[4.359s] [ 59%] [32mBuilding CXX object CMakeFiles/builtin_interfaces__rosidl_typesupport_c.dir/rosidl_typesupport_c/builtin_interfaces/msg/duration__type_support.cpp.o[0m
[4.363s] [ 61%] [32mBuilding CXX object CMakeFiles/builtin_interfaces__rosidl_typesupport_c.dir/rosidl_typesupport_c/builtin_interfaces/msg/time__type_support.cpp.o[0m
[4.413s] [ 63%] [32m[1mLinking C shared library libbuiltin_interfaces__rosidl_typesupport_introspection_c.so[0m
[4.495s] [ 65%] [32m[1mLinking CXX shared library libbuiltin_interfaces__rosidl_typesupport_c.so[0m
[4.525s] [ 65%] Built target builtin_interfaces__rosidl_typesupport_introspection_c
[4.637s] reading manifest file 'builtin_interfaces.egg-info/SOURCES.txt'
[4.650s] writing manifest file 'builtin_interfaces.egg-info/SOURCES.txt'
[4.716s] [ 65%] Built target builtin_interfaces__rosidl_typesupport_c
[4.809s] [ 65%] Built target ament_cmake_python_build_builtin_interfaces_egg
[4.879s] [ 67%] [32m[1mLinking CXX shared library libbuiltin_interfaces__rosidl_typesupport_fastrtps_cpp.so[0m
[5.042s] [ 69%] [32m[1mLinking CXX shared library libbuiltin_interfaces__rosidl_typesupport_cpp.so[0m
[5.132s] [ 69%] Built target builtin_interfaces__rosidl_typesupport_cpp
[5.170s] [ 69%] Built target builtin_interfaces__rosidl_typesupport_fastrtps_cpp
[5.309s] [ 71%] [32m[1mLinking CXX shared library libbuiltin_interfaces__rosidl_typesupport_introspection_cpp.so[0m
[5.344s] [ 73%] [32m[1mLinking CXX shared library libbuiltin_interfaces__rosidl_typesupport_microxrcedds_cpp.so[0m
[5.358s] [ 73%] Built target builtin_interfaces__rosidl_typesupport_introspection_cpp
[5.379s] [ 73%] Built target builtin_interfaces__rosidl_typesupport_microxrcedds_cpp
[5.425s] [ 75%] [32m[1mLinking CXX shared library libbuiltin_interfaces__rosidl_typesupport_fastrtps_c.so[0m
[5.480s] [ 75%] Built target builtin_interfaces__rosidl_typesupport_fastrtps_c
[5.495s] [ 75%] Built target builtin_interfaces
[5.514s] [ 77%] [34m[1mGenerating Python code for ROS interfaces[0m
[6.154s] [ 77%] Built target builtin_interfaces__py
[6.191s] [ 79%] [32mBuilding C object CMakeFiles/builtin_interfaces__rosidl_generator_py.dir/rosidl_generator_py/builtin_interfaces/msg/_duration_s.c.o[0m
[6.194s] [ 81%] [32mBuilding C object CMakeFiles/builtin_interfaces__rosidl_generator_py.dir/rosidl_generator_py/builtin_interfaces/msg/_time_s.c.o[0m
[6.377s] [ 83%] [32m[1mLinking C shared library rosidl_generator_py/builtin_interfaces/libbuiltin_interfaces__rosidl_generator_py.so[0m
[6.456s] [ 83%] Built target builtin_interfaces__rosidl_generator_py
[6.509s] [ 85%] [32mBuilding C object CMakeFiles/builtin_interfaces__rosidl_typesupport_microxrcedds_c__pyext.dir/rosidl_generator_py/builtin_interfaces/_builtin_interfaces_s.ep.rosidl_typesupport_microxrcedds_c.c.o[0m
[6.530s] [ 87%] [32mBuilding C object CMakeFiles/builtin_interfaces__rosidl_typesupport_introspection_c__pyext.dir/rosidl_generator_py/builtin_interfaces/_builtin_interfaces_s.ep.rosidl_typesupport_introspection_c.c.o[0m
[6.534s] [ 89%] [32mBuilding C object CMakeFiles/builtin_interfaces__rosidl_typesupport_c__pyext.dir/rosidl_generator_py/builtin_interfaces/_builtin_interfaces_s.ep.rosidl_typesupport_c.c.o[0m
[6.535s] [ 91%] [32mBuilding C object CMakeFiles/builtin_interfaces__rosidl_typesupport_fastrtps_c__pyext.dir/rosidl_generator_py/builtin_interfaces/_builtin_interfaces_s.ep.rosidl_typesupport_fastrtps_c.c.o[0m
[6.729s] [ 95%] [32m[1mLinking C shared library rosidl_generator_py/builtin_interfaces/builtin_interfaces_s__rosidl_typesupport_microxrcedds_c.cpython-310-x86_64-linux-gnu.so[0m
[6.729s] [ 97%] [32m[1mLinking C shared library rosidl_generator_py/builtin_interfaces/builtin_interfaces_s__rosidl_typesupport_c.cpython-310-x86_64-linux-gnu.so[0m
[6.733s] [100%] [32m[1mLinking C shared library rosidl_generator_py/builtin_interfaces/builtin_interfaces_s__rosidl_typesupport_introspection_c.cpython-310-x86_64-linux-gnu.so[0m
[6.733s] [ 95%] [32m[1mLinking C shared library rosidl_generator_py/builtin_interfaces/builtin_interfaces_s__rosidl_typesupport_fastrtps_c.cpython-310-x86_64-linux-gnu.so[0m
[6.788s] [100%] Built target builtin_interfaces__rosidl_typesupport_microxrcedds_c__pyext
[6.796s] [100%] Built target builtin_interfaces__rosidl_typesupport_c__pyext
[6.813s] [100%] Built target builtin_interfaces__rosidl_typesupport_fastrtps_c__pyext
[6.813s] [100%] Built target builtin_interfaces__rosidl_typesupport_introspection_c__pyext
[6.837s] Invoked command in '/home/abdelrhaman/microros_ws/build/builtin_interfaces' returned '0': CMAKE_PREFIX_PATH=${CMAKE_PREFIX_PATH}:/home/abdelrhaman/ros/install/my_robot_controller:/opt/ros/humble /usr/bin/cmake --build /home/abdelrhaman/microros_ws/build/builtin_interfaces -- -j20 -l20
[6.947s] Invoking command in '/home/abdelrhaman/microros_ws/build/builtin_interfaces': CMAKE_PREFIX_PATH=${CMAKE_PREFIX_PATH}:/home/abdelrhaman/ros/install/my_robot_controller:/opt/ros/humble /usr/bin/cmake --install /home/abdelrhaman/microros_ws/build/builtin_interfaces
[6.955s] -- Install configuration: ""
[6.955s] -- Installing: /home/abdelrhaman/microros_ws/install/builtin_interfaces/share/ament_index/resource_index/rosidl_interfaces/builtin_interfaces
[6.956s] -- Installing: /home/abdelrhaman/microros_ws/install/builtin_interfaces/include/builtin_interfaces/builtin_interfaces
[6.956s] -- Installing: /home/abdelrhaman/microros_ws/install/builtin_interfaces/include/builtin_interfaces/builtin_interfaces/msg
[6.957s] -- Installing: /home/abdelrhaman/microros_ws/install/builtin_interfaces/include/builtin_interfaces/builtin_interfaces/msg/rosidl_generator_c__visibility_control.h
[6.957s] -- Installing: /home/abdelrhaman/microros_ws/install/builtin_interfaces/include/builtin_interfaces/builtin_interfaces/msg/detail
[6.958s] -- Installing: /home/abdelrhaman/microros_ws/install/builtin_interfaces/include/builtin_interfaces/builtin_interfaces/msg/detail/duration__functions.h
[6.958s] -- Installing: /home/abdelrhaman/microros_ws/install/builtin_interfaces/include/builtin_interfaces/builtin_interfaces/msg/detail/time__type_support.h
[6.958s] -- Installing: /home/abdelrhaman/microros_ws/install/builtin_interfaces/include/builtin_interfaces/builtin_interfaces/msg/detail/duration__type_support.h
[6.958s] -- Installing: /home/abdelrhaman/microros_ws/install/builtin_interfaces/include/builtin_interfaces/builtin_interfaces/msg/detail/time__struct.h
[6.958s] -- Installing: /home/abdelrhaman/microros_ws/install/builtin_interfaces/include/builtin_interfaces/builtin_interfaces/msg/detail/duration__struct.h
[6.958s] -- Installing: /home/abdelrhaman/microros_ws/install/builtin_interfaces/include/builtin_interfaces/builtin_interfaces/msg/detail/duration__functions.c
[6.958s] -- Installing: /home/abdelrhaman/microros_ws/install/builtin_interfaces/include/builtin_interfaces/builtin_interfaces/msg/detail/time__functions.h
[6.958s] -- Installing: /home/abdelrhaman/microros_ws/install/builtin_interfaces/include/builtin_interfaces/builtin_interfaces/msg/detail/time__functions.c
[6.958s] -- Installing: /home/abdelrhaman/microros_ws/install/builtin_interfaces/include/builtin_interfaces/builtin_interfaces/msg/duration.h
[6.958s] -- Installing: /home/abdelrhaman/microros_ws/install/builtin_interfaces/include/builtin_interfaces/builtin_interfaces/msg/time.h
[6.958s] -- Installing: /home/abdelrhaman/microros_ws/install/builtin_interfaces/share/builtin_interfaces/environment/library_path.sh
[6.958s] -- Installing: /home/abdelrhaman/microros_ws/install/builtin_interfaces/share/builtin_interfaces/environment/library_path.dsv
[6.958s] -- Installing: /home/abdelrhaman/microros_ws/install/builtin_interfaces/lib/libbuiltin_interfaces__rosidl_generator_c.so
[6.958s] -- Set runtime path of "/home/abdelrhaman/microros_ws/install/builtin_interfaces/lib/libbuiltin_interfaces__rosidl_generator_c.so" to ""
[6.959s] -- Up-to-date: /home/abdelrhaman/microros_ws/install/builtin_interfaces/include/builtin_interfaces
[6.959s] -- Installing: /home/abdelrhaman/microros_ws/install/builtin_interfaces/include/builtin_interfaces/msg
[6.959s] -- Installing: /home/abdelrhaman/microros_ws/install/builtin_interfaces/include/builtin_interfaces/msg/detail
[6.959s] -- Installing: /home/abdelrhaman/microros_ws/install/builtin_interfaces/include/builtin_interfaces/msg/detail/duration__rosidl_typesupport_microxrcedds_c.h
[6.959s] -- Installing: /home/abdelrhaman/microros_ws/install/builtin_interfaces/include/builtin_interfaces/msg/detail/time__rosidl_typesupport_microxrcedds_c.h
[6.959s] -- Installing: /home/abdelrhaman/microros_ws/install/builtin_interfaces/include/builtin_interfaces/msg/detail/microxrcedds
[6.959s] -- Installing: /home/abdelrhaman/microros_ws/install/builtin_interfaces/include/builtin_interfaces/msg/rosidl_typesupport_microxrcedds_c__visibility_control.h
[6.959s] -- Installing: /home/abdelrhaman/microros_ws/install/builtin_interfaces/lib/libbuiltin_interfaces__rosidl_typesupport_microxrcedds_c.so
[6.959s] -- Set runtime path of "/home/abdelrhaman/microros_ws/install/builtin_interfaces/lib/libbuiltin_interfaces__rosidl_typesupport_microxrcedds_c.so" to ""
[6.959s] -- Up-to-date: /home/abdelrhaman/microros_ws/install/builtin_interfaces/include/builtin_interfaces/builtin_interfaces
[6.960s] -- Up-to-date: /home/abdelrhaman/microros_ws/install/builtin_interfaces/include/builtin_interfaces/builtin_interfaces/msg
[6.960s] -- Up-to-date: /home/abdelrhaman/microros_ws/install/builtin_interfaces/include/builtin_interfaces/builtin_interfaces/msg/detail
[6.960s] -- Installing: /home/abdelrhaman/microros_ws/install/builtin_interfaces/include/builtin_interfaces/builtin_interfaces/msg/detail/time__rosidl_typesupport_fastrtps_c.h
[6.960s] -- Installing: /home/abdelrhaman/microros_ws/install/builtin_interfaces/include/builtin_interfaces/builtin_interfaces/msg/detail/duration__rosidl_typesupport_fastrtps_c.h
[6.960s] -- Installing: /home/abdelrhaman/microros_ws/install/builtin_interfaces/include/builtin_interfaces/builtin_interfaces/msg/rosidl_typesupport_fastrtps_c__visibility_control.h
[6.961s] -- Installing: /home/abdelrhaman/microros_ws/install/builtin_interfaces/lib/libbuiltin_interfaces__rosidl_typesupport_fastrtps_c.so
[6.961s] -- Set runtime path of "/home/abdelrhaman/microros_ws/install/builtin_interfaces/lib/libbuiltin_interfaces__rosidl_typesupport_fastrtps_c.so" to ""
[6.961s] -- Up-to-date: /home/abdelrhaman/microros_ws/install/builtin_interfaces/include/builtin_interfaces/builtin_interfaces
[6.961s] -- Up-to-date: /home/abdelrhaman/microros_ws/install/builtin_interfaces/include/builtin_interfaces/builtin_interfaces/msg
[6.961s] -- Installing: /home/abdelrhaman/microros_ws/install/builtin_interfaces/include/builtin_interfaces/builtin_interfaces/msg/rosidl_typesupport_introspection_c__visibility_control.h
[6.961s] -- Up-to-date: /home/abdelrhaman/microros_ws/install/builtin_interfaces/include/builtin_interfaces/builtin_interfaces/msg/detail
[6.962s] -- Installing: /home/abdelrhaman/microros_ws/install/builtin_interfaces/include/builtin_interfaces/builtin_interfaces/msg/detail/time__type_support.c
[6.962s] -- Installing: /home/abdelrhaman/microros_ws/install/builtin_interfaces/include/builtin_interfaces/builtin_interfaces/msg/detail/time__rosidl_typesupport_introspection_c.h
[6.962s] -- Installing: /home/abdelrhaman/microros_ws/install/builtin_interfaces/include/builtin_interfaces/builtin_interfaces/msg/detail/duration__type_support.c
[6.962s] -- Installing: /home/abdelrhaman/microros_ws/install/builtin_interfaces/include/builtin_interfaces/builtin_interfaces/msg/detail/duration__rosidl_typesupport_introspection_c.h
[6.968s] -- Installing: /home/abdelrhaman/microros_ws/install/builtin_interfaces/lib/libbuiltin_interfaces__rosidl_typesupport_introspection_c.so
[6.968s] -- Set runtime path of "/home/abdelrhaman/microros_ws/install/builtin_interfaces/lib/libbuiltin_interfaces__rosidl_typesupport_introspection_c.so" to ""
[6.969s] -- Installing: /home/abdelrhaman/microros_ws/install/builtin_interfaces/lib/libbuiltin_interfaces__rosidl_typesupport_c.so
[6.969s] -- Set runtime path of "/home/abdelrhaman/microros_ws/install/builtin_interfaces/lib/libbuiltin_interfaces__rosidl_typesupport_c.so" to ""
[6.969s] -- Up-to-date: /home/abdelrhaman/microros_ws/install/builtin_interfaces/include/builtin_interfaces/builtin_interfaces
[6.969s] -- Up-to-date: /home/abdelrhaman/microros_ws/install/builtin_interfaces/include/builtin_interfaces/builtin_interfaces/msg
[6.969s] -- Up-to-date: /home/abdelrhaman/microros_ws/install/builtin_interfaces/include/builtin_interfaces/builtin_interfaces/msg/detail
[6.969s] -- Installing: /home/abdelrhaman/microros_ws/install/builtin_interfaces/include/builtin_interfaces/builtin_interfaces/msg/detail/duration__traits.hpp
[6.969s] -- Installing: /home/abdelrhaman/microros_ws/install/builtin_interfaces/include/builtin_interfaces/builtin_interfaces/msg/detail/time__builder.hpp
[6.969s] -- Installing: /home/abdelrhaman/microros_ws/install/builtin_interfaces/include/builtin_interfaces/builtin_interfaces/msg/detail/duration__builder.hpp
[6.969s] -- Installing: /home/abdelrhaman/microros_ws/install/builtin_interfaces/include/builtin_interfaces/builtin_interfaces/msg/detail/duration__struct.hpp
[6.971s] -- Installing: /home/abdelrhaman/microros_ws/install/builtin_interfaces/include/builtin_interfaces/builtin_interfaces/msg/detail/time__traits.hpp
[6.971s] -- Installing: /home/abdelrhaman/microros_ws/install/builtin_interfaces/include/builtin_interfaces/builtin_interfaces/msg/detail/time__struct.hpp
[6.971s] -- Installing: /home/abdelrhaman/microros_ws/install/builtin_interfaces/include/builtin_interfaces/builtin_interfaces/msg/time.hpp
[6.971s] -- Installing: /home/abdelrhaman/microros_ws/install/builtin_interfaces/include/builtin_interfaces/builtin_interfaces/msg/duration.hpp
[6.971s] -- Up-to-date: /home/abdelrhaman/microros_ws/install/builtin_interfaces/include/builtin_interfaces
[6.971s] -- Up-to-date: /home/abdelrhaman/microros_ws/install/builtin_interfaces/include/builtin_interfaces/msg
[6.971s] -- Up-to-date: /home/abdelrhaman/microros_ws/install/builtin_interfaces/include/builtin_interfaces/msg/detail
[6.971s] -- Installing: /home/abdelrhaman/microros_ws/install/builtin_interfaces/include/builtin_interfaces/msg/detail/time__rosidl_typesupport_microxrcedds_cpp.hpp
[6.971s] -- Up-to-date: /home/abdelrhaman/microros_ws/install/builtin_interfaces/include/builtin_interfaces/msg/detail/microxrcedds
[6.971s] -- Installing: /home/abdelrhaman/microros_ws/install/builtin_interfaces/include/builtin_interfaces/msg/detail/microxrcedds/time__type_support_cpp.cpp
[6.972s] -- Installing: /home/abdelrhaman/microros_ws/install/builtin_interfaces/include/builtin_interfaces/msg/detail/microxrcedds/duration__type_support_cpp.cpp
[6.972s] -- Installing: /home/abdelrhaman/microros_ws/install/builtin_interfaces/include/builtin_interfaces/msg/detail/duration__rosidl_typesupport_microxrcedds_cpp.hpp
[6.972s] -- Installing: /home/abdelrhaman/microros_ws/install/builtin_interfaces/include/builtin_interfaces/msg/rosidl_typesupport_microxrcedds_cpp__visibility_control.h
[6.972s] -- Installing: /home/abdelrhaman/microros_ws/install/builtin_interfaces/lib/libbuiltin_interfaces__rosidl_typesupport_microxrcedds_cpp.so
[6.972s] -- Set runtime path of "/home/abdelrhaman/microros_ws/install/builtin_interfaces/lib/libbuiltin_interfaces__rosidl_typesupport_microxrcedds_cpp.so" to ""
[6.972s] -- Up-to-date: /home/abdelrhaman/microros_ws/install/builtin_interfaces/include/builtin_interfaces/builtin_interfaces
[6.972s] -- Up-to-date: /home/abdelrhaman/microros_ws/install/builtin_interfaces/include/builtin_interfaces/builtin_interfaces/msg
[6.972s] -- Up-to-date: /home/abdelrhaman/microros_ws/install/builtin_interfaces/include/builtin_interfaces/builtin_interfaces/msg/detail
[6.972s] -- Installing: /home/abdelrhaman/microros_ws/install/builtin_interfaces/include/builtin_interfaces/builtin_interfaces/msg/detail/duration__rosidl_typesupport_fastrtps_cpp.hpp
[6.972s] -- Installing: /home/abdelrhaman/microros_ws/install/builtin_interfaces/include/builtin_interfaces/builtin_interfaces/msg/detail/dds_fastrtps
[6.972s] -- Installing: /home/abdelrhaman/microros_ws/install/builtin_interfaces/include/builtin_interfaces/builtin_interfaces/msg/detail/time__rosidl_typesupport_fastrtps_cpp.hpp
[6.972s] -- Installing: /home/abdelrhaman/microros_ws/install/builtin_interfaces/include/builtin_interfaces/builtin_interfaces/msg/rosidl_typesupport_fastrtps_cpp__visibility_control.h
[6.972s] -- Installing: /home/abdelrhaman/microros_ws/install/builtin_interfaces/lib/libbuiltin_interfaces__rosidl_typesupport_fastrtps_cpp.so
[6.972s] -- Set runtime path of "/home/abdelrhaman/microros_ws/install/builtin_interfaces/lib/libbuiltin_interfaces__rosidl_typesupport_fastrtps_cpp.so" to ""
[6.973s] -- Up-to-date: /home/abdelrhaman/microros_ws/install/builtin_interfaces/include/builtin_interfaces/builtin_interfaces
[6.973s] -- Up-to-date: /home/abdelrhaman/microros_ws/install/builtin_interfaces/include/builtin_interfaces/builtin_interfaces/msg
[6.973s] -- Up-to-date: /home/abdelrhaman/microros_ws/install/builtin_interfaces/include/builtin_interfaces/builtin_interfaces/msg/detail
[6.973s] -- Installing: /home/abdelrhaman/microros_ws/install/builtin_interfaces/include/builtin_interfaces/builtin_interfaces/msg/detail/duration__type_support.cpp
[6.973s] -- Installing: /home/abdelrhaman/microros_ws/install/builtin_interfaces/include/builtin_interfaces/builtin_interfaces/msg/detail/duration__rosidl_typesupport_introspection_cpp.hpp
[6.973s] -- Installing: /home/abdelrhaman/microros_ws/install/builtin_interfaces/include/builtin_interfaces/builtin_interfaces/msg/detail/time__rosidl_typesupport_introspection_cpp.hpp
[6.973s] -- Installing: /home/abdelrhaman/microros_ws/install/builtin_interfaces/include/builtin_interfaces/builtin_interfaces/msg/detail/time__type_support.cpp
[6.974s] -- Installing: /home/abdelrhaman/microros_ws/install/builtin_interfaces/lib/libbuiltin_interfaces__rosidl_typesupport_introspection_cpp.so
[6.974s] -- Set runtime path of "/home/abdelrhaman/microros_ws/install/builtin_interfaces/lib/libbuiltin_interfaces__rosidl_typesupport_introspection_cpp.so" to ""
[6.974s] -- Installing: /home/abdelrhaman/microros_ws/install/builtin_interfaces/lib/libbuiltin_interfaces__rosidl_typesupport_cpp.so
[6.974s] -- Set runtime path of "/home/abdelrhaman/microros_ws/install/builtin_interfaces/lib/libbuiltin_interfaces__rosidl_typesupport_cpp.so" to ""
[6.974s] -- Installing: /home/abdelrhaman/microros_ws/install/builtin_interfaces/share/builtin_interfaces/environment/pythonpath.sh
[6.974s] -- Installing: /home/abdelrhaman/microros_ws/install/builtin_interfaces/share/builtin_interfaces/environment/pythonpath.dsv
[6.974s] -- Installing: /home/abdelrhaman/microros_ws/install/builtin_interfaces/local/lib/python3.10/dist-packages/builtin_interfaces-1.2.1-py3.10.egg-info
[6.974s] -- Installing: /home/abdelrhaman/microros_ws/install/builtin_interfaces/local/lib/python3.10/dist-packages/builtin_interfaces-1.2.1-py3.10.egg-info/PKG-INFO
[6.974s] -- Installing: /home/abdelrhaman/microros_ws/install/builtin_interfaces/local/lib/python3.10/dist-packages/builtin_interfaces-1.2.1-py3.10.egg-info/SOURCES.txt
[6.974s] -- Installing: /home/abdelrhaman/microros_ws/install/builtin_interfaces/local/lib/python3.10/dist-packages/builtin_interfaces-1.2.1-py3.10.egg-info/top_level.txt
[6.974s] -- Installing: /home/abdelrhaman/microros_ws/install/builtin_interfaces/local/lib/python3.10/dist-packages/builtin_interfaces-1.2.1-py3.10.egg-info/dependency_links.txt
[6.974s] -- Installing: /home/abdelrhaman/microros_ws/install/builtin_interfaces/local/lib/python3.10/dist-packages/builtin_interfaces
[6.975s] -- Installing: /home/abdelrhaman/microros_ws/install/builtin_interfaces/local/lib/python3.10/dist-packages/builtin_interfaces/builtin_interfaces_s__rosidl_typesupport_fastrtps_c.cpython-310-x86_64-linux-gnu.so
[6.975s] -- Installing: /home/abdelrhaman/microros_ws/install/builtin_interfaces/local/lib/python3.10/dist-packages/builtin_interfaces/builtin_interfaces_s__rosidl_typesupport_microxrcedds_c.cpython-310-x86_64-linux-gnu.so
[6.975s] -- Installing: /home/abdelrhaman/microros_ws/install/builtin_interfaces/local/lib/python3.10/dist-packages/builtin_interfaces/_builtin_interfaces_s.ep.rosidl_typesupport_introspection_c.c
[6.975s] -- Installing: /home/abdelrhaman/microros_ws/install/builtin_interfaces/local/lib/python3.10/dist-packages/builtin_interfaces/libbuiltin_interfaces__rosidl_generator_py.so
[6.975s] -- Installing: /home/abdelrhaman/microros_ws/install/builtin_interfaces/local/lib/python3.10/dist-packages/builtin_interfaces/_builtin_interfaces_s.ep.rosidl_typesupport_c.c
[6.975s] -- Installing: /home/abdelrhaman/microros_ws/install/builtin_interfaces/local/lib/python3.10/dist-packages/builtin_interfaces/__init__.py
[6.975s] -- Installing: /home/abdelrhaman/microros_ws/install/builtin_interfaces/local/lib/python3.10/dist-packages/builtin_interfaces/builtin_interfaces_s__rosidl_typesupport_c.cpython-310-x86_64-linux-gnu.so
[6.975s] -- Installing: /home/abdelrhaman/microros_ws/install/builtin_interfaces/local/lib/python3.10/dist-packages/builtin_interfaces/builtin_interfaces_s__rosidl_typesupport_introspection_c.cpython-310-x86_64-linux-gnu.so
[6.977s] -- Installing: /home/abdelrhaman/microros_ws/install/builtin_interfaces/local/lib/python3.10/dist-packages/builtin_interfaces/msg
[6.977s] -- Installing: /home/abdelrhaman/microros_ws/install/builtin_interfaces/local/lib/python3.10/dist-packages/builtin_interfaces/msg/_time_s.c
[6.977s] -- Installing: /home/abdelrhaman/microros_ws/install/builtin_interfaces/local/lib/python3.10/dist-packages/builtin_interfaces/msg/_time.py
[6.977s] -- Installing: /home/abdelrhaman/microros_ws/install/builtin_interfaces/local/lib/python3.10/dist-packages/builtin_interfaces/msg/_duration.py
[6.978s] -- Installing: /home/abdelrhaman/microros_ws/install/builtin_interfaces/local/lib/python3.10/dist-packages/builtin_interfaces/msg/_duration_s.c
[6.978s] -- Installing: /home/abdelrhaman/microros_ws/install/builtin_interfaces/local/lib/python3.10/dist-packages/builtin_interfaces/msg/__init__.py
[6.978s] -- Installing: /home/abdelrhaman/microros_ws/install/builtin_interfaces/local/lib/python3.10/dist-packages/builtin_interfaces/_builtin_interfaces_s.ep.rosidl_typesupport_microxrcedds_c.c
[6.978s] -- Installing: /home/abdelrhaman/microros_ws/install/builtin_interfaces/local/lib/python3.10/dist-packages/builtin_interfaces/_builtin_interfaces_s.ep.rosidl_typesupport_fastrtps_c.c
[7.030s] Listing '/home/abdelrhaman/microros_ws/install/builtin_interfaces/local/lib/python3.10/dist-packages/builtin_interfaces'...
[7.031s] Compiling '/home/abdelrhaman/microros_ws/install/builtin_interfaces/local/lib/python3.10/dist-packages/builtin_interfaces/__init__.py'...
[7.031s] Listing '/home/abdelrhaman/microros_ws/install/builtin_interfaces/local/lib/python3.10/dist-packages/builtin_interfaces/msg'...
[7.031s] Compiling '/home/abdelrhaman/microros_ws/install/builtin_interfaces/local/lib/python3.10/dist-packages/builtin_interfaces/msg/__init__.py'...
[7.031s] Compiling '/home/abdelrhaman/microros_ws/install/builtin_interfaces/local/lib/python3.10/dist-packages/builtin_interfaces/msg/_duration.py'...
[7.031s] Compiling '/home/abdelrhaman/microros_ws/install/builtin_interfaces/local/lib/python3.10/dist-packages/builtin_interfaces/msg/_time.py'...
[7.035s] -- Installing: /home/abdelrhaman/microros_ws/install/builtin_interfaces/local/lib/python3.10/dist-packages/builtin_interfaces/builtin_interfaces_s__rosidl_typesupport_microxrcedds_c.cpython-310-x86_64-linux-gnu.so
[7.036s] -- Set runtime path of "/home/abdelrhaman/microros_ws/install/builtin_interfaces/local/lib/python3.10/dist-packages/builtin_interfaces/builtin_interfaces_s__rosidl_typesupport_microxrcedds_c.cpython-310-x86_64-linux-gnu.so" to ""
[7.036s] -- Installing: /home/abdelrhaman/microros_ws/install/builtin_interfaces/local/lib/python3.10/dist-packages/builtin_interfaces/builtin_interfaces_s__rosidl_typesupport_fastrtps_c.cpython-310-x86_64-linux-gnu.so
[7.036s] -- Set runtime path of "/home/abdelrhaman/microros_ws/install/builtin_interfaces/local/lib/python3.10/dist-packages/builtin_interfaces/builtin_interfaces_s__rosidl_typesupport_fastrtps_c.cpython-310-x86_64-linux-gnu.so" to ""
[7.036s] -- Installing: /home/abdelrhaman/microros_ws/install/builtin_interfaces/local/lib/python3.10/dist-packages/builtin_interfaces/builtin_interfaces_s__rosidl_typesupport_introspection_c.cpython-310-x86_64-linux-gnu.so
[7.036s] -- Set runtime path of "/home/abdelrhaman/microros_ws/install/builtin_interfaces/local/lib/python3.10/dist-packages/builtin_interfaces/builtin_interfaces_s__rosidl_typesupport_introspection_c.cpython-310-x86_64-linux-gnu.so" to ""
[7.037s] -- Installing: /home/abdelrhaman/microros_ws/install/builtin_interfaces/local/lib/python3.10/dist-packages/builtin_interfaces/builtin_interfaces_s__rosidl_typesupport_c.cpython-310-x86_64-linux-gnu.so
[7.039s] -- Set runtime path of "/home/abdelrhaman/microros_ws/install/builtin_interfaces/local/lib/python3.10/dist-packages/builtin_interfaces/builtin_interfaces_s__rosidl_typesupport_c.cpython-310-x86_64-linux-gnu.so" to ""
[7.043s] -- Installing: /home/abdelrhaman/microros_ws/install/builtin_interfaces/lib/libbuiltin_interfaces__rosidl_generator_py.so
[7.043s] -- Set runtime path of "/home/abdelrhaman/microros_ws/install/builtin_interfaces/lib/libbuiltin_interfaces__rosidl_generator_py.so" to ""
[7.043s] -- Installing: /home/abdelrhaman/microros_ws/install/builtin_interfaces/share/builtin_interfaces/msg/Duration.idl
[7.044s] -- Installing: /home/abdelrhaman/microros_ws/install/builtin_interfaces/share/builtin_interfaces/msg/Time.idl
[7.044s] -- Installing: /home/abdelrhaman/microros_ws/install/builtin_interfaces/share/builtin_interfaces/msg/Duration.msg
[7.044s] -- Installing: /home/abdelrhaman/microros_ws/install/builtin_interfaces/share/builtin_interfaces/msg/Time.msg
[7.044s] -- Installing: /home/abdelrhaman/microros_ws/install/builtin_interfaces/share/ament_index/resource_index/package_run_dependencies/builtin_interfaces
[7.045s] -- Installing: /home/abdelrhaman/microros_ws/install/builtin_interfaces/share/ament_index/resource_index/parent_prefix_path/builtin_interfaces
[7.045s] -- Installing: /home/abdelrhaman/microros_ws/install/builtin_interfaces/share/builtin_interfaces/environment/ament_prefix_path.sh
[7.045s] -- Installing: /home/abdelrhaman/microros_ws/install/builtin_interfaces/share/builtin_interfaces/environment/ament_prefix_path.dsv
[7.045s] -- Installing: /home/abdelrhaman/microros_ws/install/builtin_interfaces/share/builtin_interfaces/environment/path.sh
[7.045s] -- Installing: /home/abdelrhaman/microros_ws/install/builtin_interfaces/share/builtin_interfaces/environment/path.dsv
[7.045s] -- Installing: /home/abdelrhaman/microros_ws/install/builtin_interfaces/share/builtin_interfaces/local_setup.bash
[7.045s] -- Installing: /home/abdelrhaman/microros_ws/install/builtin_interfaces/share/builtin_interfaces/local_setup.sh
[7.054s] -- Installing: /home/abdelrhaman/microros_ws/install/builtin_interfaces/share/builtin_interfaces/local_setup.zsh
[7.054s] -- Installing: /home/abdelrhaman/microros_ws/install/builtin_interfaces/share/builtin_interfaces/local_setup.dsv
[7.054s] -- Installing: /home/abdelrhaman/microros_ws/install/builtin_interfaces/share/builtin_interfaces/package.dsv
[7.054s] -- Installing: /home/abdelrhaman/microros_ws/install/builtin_interfaces/share/ament_index/resource_index/packages/builtin_interfaces
[7.054s] -- Installing: /home/abdelrhaman/microros_ws/install/builtin_interfaces/share/builtin_interfaces/cmake/export_builtin_interfaces__rosidl_generator_cExport.cmake
[7.054s] -- Installing: /home/abdelrhaman/microros_ws/install/builtin_interfaces/share/builtin_interfaces/cmake/export_builtin_interfaces__rosidl_generator_cExport-noconfig.cmake
[7.054s] -- Installing: /home/abdelrhaman/microros_ws/install/builtin_interfaces/share/builtin_interfaces/cmake/export_builtin_interfaces__rosidl_typesupport_fastrtps_cExport.cmake
[7.054s] -- Installing: /home/abdelrhaman/microros_ws/install/builtin_interfaces/share/builtin_interfaces/cmake/export_builtin_interfaces__rosidl_typesupport_fastrtps_cExport-noconfig.cmake
[7.054s] -- Installing: /home/abdelrhaman/microros_ws/install/builtin_interfaces/share/builtin_interfaces/cmake/builtin_interfaces__rosidl_typesupport_introspection_cExport.cmake
[7.054s] -- Installing: /home/abdelrhaman/microros_ws/install/builtin_interfaces/share/builtin_interfaces/cmake/builtin_interfaces__rosidl_typesupport_introspection_cExport-noconfig.cmake
[7.054s] -- Installing: /home/abdelrhaman/microros_ws/install/builtin_interfaces/share/builtin_interfaces/cmake/builtin_interfaces__rosidl_typesupport_cExport.cmake
[7.055s] -- Installing: /home/abdelrhaman/microros_ws/install/builtin_interfaces/share/builtin_interfaces/cmake/builtin_interfaces__rosidl_typesupport_cExport-noconfig.cmake
[7.055s] -- Installing: /home/abdelrhaman/microros_ws/install/builtin_interfaces/share/builtin_interfaces/cmake/export_builtin_interfaces__rosidl_generator_cppExport.cmake
[7.055s] -- Installing: /home/abdelrhaman/microros_ws/install/builtin_interfaces/share/builtin_interfaces/cmake/export_builtin_interfaces__rosidl_typesupport_fastrtps_cppExport.cmake
[7.055s] -- Installing: /home/abdelrhaman/microros_ws/install/builtin_interfaces/share/builtin_interfaces/cmake/export_builtin_interfaces__rosidl_typesupport_fastrtps_cppExport-noconfig.cmake
[7.055s] -- Installing: /home/abdelrhaman/microros_ws/install/builtin_interfaces/share/builtin_interfaces/cmake/builtin_interfaces__rosidl_typesupport_introspection_cppExport.cmake
[7.055s] -- Installing: /home/abdelrhaman/microros_ws/install/builtin_interfaces/share/builtin_interfaces/cmake/builtin_interfaces__rosidl_typesupport_introspection_cppExport-noconfig.cmake
[7.055s] -- Installing: /home/abdelrhaman/microros_ws/install/builtin_interfaces/share/builtin_interfaces/cmake/builtin_interfaces__rosidl_typesupport_cppExport.cmake
[7.055s] -- Installing: /home/abdelrhaman/microros_ws/install/builtin_interfaces/share/builtin_interfaces/cmake/builtin_interfaces__rosidl_typesupport_cppExport-noconfig.cmake
[7.055s] -- Installing: /home/abdelrhaman/microros_ws/install/builtin_interfaces/share/builtin_interfaces/cmake/export_builtin_interfaces__rosidl_generator_pyExport.cmake
[7.055s] -- Installing: /home/abdelrhaman/microros_ws/install/builtin_interfaces/share/builtin_interfaces/cmake/export_builtin_interfaces__rosidl_generator_pyExport-noconfig.cmake
[7.055s] -- Installing: /home/abdelrhaman/microros_ws/install/builtin_interfaces/share/builtin_interfaces/cmake/rosidl_cmake-extras.cmake
[7.055s] -- Installing: /home/abdelrhaman/microros_ws/install/builtin_interfaces/share/builtin_interfaces/cmake/ament_cmake_export_include_directories-extras.cmake
[7.055s] -- Installing: /home/abdelrhaman/microros_ws/install/builtin_interfaces/share/builtin_interfaces/cmake/ament_cmake_export_libraries-extras.cmake
[7.055s] -- Installing: /home/abdelrhaman/microros_ws/install/builtin_interfaces/share/builtin_interfaces/cmake/ament_cmake_export_targets-extras.cmake
[7.056s] -- Installing: /home/abdelrhaman/microros_ws/install/builtin_interfaces/share/builtin_interfaces/cmake/rosidl_cmake_export_typesupport_targets-extras.cmake
[7.056s] -- Installing: /home/abdelrhaman/microros_ws/install/builtin_interfaces/share/builtin_interfaces/cmake/ament_cmake_export_dependencies-extras.cmake
[7.056s] -- Installing: /home/abdelrhaman/microros_ws/install/builtin_interfaces/share/builtin_interfaces/cmake/rosidl_cmake_export_typesupport_libraries-extras.cmake
[7.056s] -- Installing: /home/abdelrhaman/microros_ws/install/builtin_interfaces/share/builtin_interfaces/cmake/builtin_interfacesConfig.cmake
[7.056s] -- Installing: /home/abdelrhaman/microros_ws/install/builtin_interfaces/share/builtin_interfaces/cmake/builtin_interfacesConfig-version.cmake
[7.056s] -- Installing: /home/abdelrhaman/microros_ws/install/builtin_interfaces/share/builtin_interfaces/package.xml
[7.056s] Invoked command in '/home/abdelrhaman/microros_ws/build/builtin_interfaces' returned '0': CMAKE_PREFIX_PATH=${CMAKE_PREFIX_PATH}:/home/abdelrhaman/ros/install/my_robot_controller:/opt/ros/humble /usr/bin/cmake --install /home/abdelrhaman/microros_ws/build/builtin_interfaces
