[0.029s] Invoking command in '/home/abdelrhaman/microros_ws/build/builtin_interfaces': CMAKE_PREFIX_PATH=${CMAKE_PREFIX_PATH}:/home/abdelrhaman/microros_ws/install/sensor_msgs_py:/home/abdelrhaman/ros/install/my_robot_controller:/opt/ros/humble /usr/bin/cmake /home/abdelrhaman/microros_ws/src/ros2/rcl_interfaces/builtin_interfaces -DBUILD_TESTING=OFF -DBUILD_SHARED_LIBS=ON -DCMAKE_INSTALL_PREFIX=/home/abdelrhaman/microros_ws/install/builtin_interfaces
[0.045s] -- Found ament_cmake: 1.3.10 (/opt/ros/humble/share/ament_cmake/cmake)
[0.210s] -- Found rosidl_default_generators: 1.2.0 (/opt/ros/humble/share/rosidl_default_generators/cmake)
[0.215s] -- Using all available rosidl_typesupport_c: rosidl_typesupport_microxrcedds_c;rosidl_typesupport_fastrtps_c;rosidl_typesupport_introspection_c
[0.217s] -- Found rosidl_adapter: 3.1.5 (/opt/ros/humble/share/rosidl_adapter/cmake)
[0.243s] -- Using all available rosidl_typesupport_cpp: rosidl_typesupport_microxrcedds_cpp;rosidl_typesupport_fastrtps_cpp;rosidl_typesupport_introspection_cpp
[0.542s] -- Found ament_cmake_ros: 0.10.0 (/opt/ros/humble/share/ament_cmake_ros/cmake)
[0.789s] -- Using all available rosidl_typesupport_c: rosidl_typesupport_microxrcedds_c;rosidl_typesupport_fastrtps_c;rosidl_typesupport_introspection_c
[1.123s] -- Using all available rosidl_typesupport_cpp: rosidl_typesupport_microxrcedds_cpp;rosidl_typesupport_fastrtps_cpp;rosidl_typesupport_introspection_cpp
[1.147s] -- Found python_cmake_module: 0.10.0 (/opt/ros/humble/share/python_cmake_module/cmake)
[1.172s] -- Using PYTHON_EXECUTABLE: /usr/bin/python3
[1.172s] -- Using PYTHON_INCLUDE_DIRS: /usr/include/python3.10
[1.172s] -- Using PYTHON_LIBRARIES: /usr/lib/x86_64-linux-gnu/libpython3.10.so
[1.220s] -- Configuring done
[1.288s] -- Generating done
[1.292s] -- Build files have been written to: /home/abdelrhaman/microros_ws/build/builtin_interfaces
[1.301s] Invoked command in '/home/abdelrhaman/microros_ws/build/builtin_interfaces' returned '0': CMAKE_PREFIX_PATH=${CMAKE_PREFIX_PATH}:/home/abdelrhaman/microros_ws/install/sensor_msgs_py:/home/abdelrhaman/ros/install/my_robot_controller:/opt/ros/humble /usr/bin/cmake /home/abdelrhaman/microros_ws/src/ros2/rcl_interfaces/builtin_interfaces -DBUILD_TESTING=OFF -DBUILD_SHARED_LIBS=ON -DCMAKE_INSTALL_PREFIX=/home/abdelrhaman/microros_ws/install/builtin_interfaces
[1.303s] Invoking command in '/home/abdelrhaman/microros_ws/build/builtin_interfaces': CMAKE_PREFIX_PATH=${CMAKE_PREFIX_PATH}:/home/abdelrhaman/microros_ws/install/sensor_msgs_py:/home/abdelrhaman/ros/install/my_robot_controller:/opt/ros/humble /usr/bin/cmake --build /home/abdelrhaman/microros_ws/build/builtin_interfaces -- -j20 -l20
[1.344s] [35m[1mConsolidate compiler generated dependencies of target builtin_interfaces__rosidl_generator_c[0m
[1.349s] [  2%] Built target builtin_interfaces__cpp
[1.358s] [ 10%] Built target builtin_interfaces__rosidl_generator_c
[1.362s] [35m[1mConsolidate compiler generated dependencies of target builtin_interfaces__rosidl_typesupport_microxrcedds_cpp[0m
[1.364s] [35m[1mConsolidate compiler generated dependencies of target builtin_interfaces__rosidl_typesupport_fastrtps_cpp[0m
[1.364s] [ 12%] [34m[1mGenerating C++ type support dispatch for ROS interfaces[0m
[1.365s] [35m[1mConsolidate compiler generated dependencies of target builtin_interfaces__rosidl_typesupport_introspection_cpp[0m
[1.372s] [ 12%] Built target ament_cmake_python_copy_builtin_interfaces
[1.373s] [35m[1mConsolidate compiler generated dependencies of target builtin_interfaces__rosidl_typesupport_microxrcedds_c[0m
[1.373s] [35m[1mConsolidate compiler generated dependencies of target builtin_interfaces__rosidl_typesupport_fastrtps_c[0m
[1.374s] [35m[1mConsolidate compiler generated dependencies of target builtin_interfaces__rosidl_typesupport_introspection_c[0m
[1.380s] [ 16%] [34m[1mGenerating C type support dispatch for ROS interfaces[0m
[1.380s] [ 22%] Built target builtin_interfaces__rosidl_typesupport_fastrtps_cpp
[1.381s] [ 30%] Built target builtin_interfaces__rosidl_typesupport_microxrcedds_cpp
[1.384s] [ 38%] Built target builtin_interfaces__rosidl_typesupport_introspection_cpp
[1.392s] [ 55%] Built target builtin_interfaces__rosidl_typesupport_fastrtps_c
[1.392s] [ 55%] Built target builtin_interfaces__rosidl_typesupport_microxrcedds_c
[1.392s] [ 63%] Built target builtin_interfaces__rosidl_typesupport_introspection_c
[1.604s] [35m[1mConsolidate compiler generated dependencies of target builtin_interfaces__rosidl_typesupport_cpp[0m
[1.623s] [ 65%] [32mBuilding CXX object CMakeFiles/builtin_interfaces__rosidl_typesupport_cpp.dir/rosidl_typesupport_cpp/builtin_interfaces/msg/duration__type_support.cpp.o[0m
[1.623s] [ 67%] [32mBuilding CXX object CMakeFiles/builtin_interfaces__rosidl_typesupport_cpp.dir/rosidl_typesupport_cpp/builtin_interfaces/msg/time__type_support.cpp.o[0m
[1.693s] [35m[1mConsolidate compiler generated dependencies of target builtin_interfaces__rosidl_typesupport_c[0m
[1.717s] [ 69%] [32mBuilding CXX object CMakeFiles/builtin_interfaces__rosidl_typesupport_c.dir/rosidl_typesupport_c/builtin_interfaces/msg/duration__type_support.cpp.o[0m
[1.719s] [ 71%] [32mBuilding CXX object CMakeFiles/builtin_interfaces__rosidl_typesupport_c.dir/rosidl_typesupport_c/builtin_interfaces/msg/time__type_support.cpp.o[0m
[1.768s] [ 73%] [32m[1mLinking CXX shared library libbuiltin_interfaces__rosidl_typesupport_c.so[0m
[1.804s] [ 73%] Built target builtin_interfaces__rosidl_typesupport_c
[1.944s] running egg_info
[1.972s] [ 75%] [32m[1mLinking CXX shared library libbuiltin_interfaces__rosidl_typesupport_cpp.so[0m
[1.992s] writing builtin_interfaces.egg-info/PKG-INFO
[2.024s] [ 75%] Built target builtin_interfaces__rosidl_typesupport_cpp
[2.040s] writing dependency_links to builtin_interfaces.egg-info/dependency_links.txt
[2.041s] [ 75%] Built target builtin_interfaces
[2.068s] [ 77%] Built target builtin_interfaces__py
[2.078s] [35m[1mConsolidate compiler generated dependencies of target builtin_interfaces__rosidl_generator_py[0m
[2.089s] [ 79%] [32m[1mLinking C shared library rosidl_generator_py/builtin_interfaces/libbuiltin_interfaces__rosidl_generator_py.so[0m
[2.121s] [ 83%] Built target builtin_interfaces__rosidl_generator_py
[2.131s] [35m[1mConsolidate compiler generated dependencies of target builtin_interfaces__rosidl_typesupport_microxrcedds_c__pyext[0m
[2.131s] [35m[1mConsolidate compiler generated dependencies of target builtin_interfaces__rosidl_typesupport_c__pyext[0m
[2.132s] [35m[1mConsolidate compiler generated dependencies of target builtin_interfaces__rosidl_typesupport_introspection_c__pyext[0m
[2.134s] [35m[1mConsolidate compiler generated dependencies of target builtin_interfaces__rosidl_typesupport_fastrtps_c__pyext[0m
[2.142s] [ 85%] [32m[1mLinking C shared library rosidl_generator_py/builtin_interfaces/builtin_interfaces_s__rosidl_typesupport_c.cpython-310-x86_64-linux-gnu.so[0m
[2.143s] [ 87%] [32m[1mLinking C shared library rosidl_generator_py/builtin_interfaces/builtin_interfaces_s__rosidl_typesupport_introspection_c.cpython-310-x86_64-linux-gnu.so[0m
[2.147s] [ 89%] [32m[1mLinking C shared library rosidl_generator_py/builtin_interfaces/builtin_interfaces_s__rosidl_typesupport_microxrcedds_c.cpython-310-x86_64-linux-gnu.so[0m
[2.149s] [ 91%] [32m[1mLinking C shared library rosidl_generator_py/builtin_interfaces/builtin_interfaces_s__rosidl_typesupport_fastrtps_c.cpython-310-x86_64-linux-gnu.so[0m
[2.173s] [ 93%] Built target builtin_interfaces__rosidl_typesupport_introspection_c__pyext
[2.175s] [ 95%] Built target builtin_interfaces__rosidl_typesupport_fastrtps_c__pyext
[2.177s] [ 97%] Built target builtin_interfaces__rosidl_typesupport_c__pyext
[2.178s] [100%] Built target builtin_interfaces__rosidl_typesupport_microxrcedds_c__pyext
[2.242s] writing top-level names to builtin_interfaces.egg-info/top_level.txt
[2.333s] reading manifest file 'builtin_interfaces.egg-info/SOURCES.txt'
[2.334s] writing manifest file 'builtin_interfaces.egg-info/SOURCES.txt'
[2.407s] [100%] Built target ament_cmake_python_build_builtin_interfaces_egg
[2.437s] Invoked command in '/home/abdelrhaman/microros_ws/build/builtin_interfaces' returned '0': CMAKE_PREFIX_PATH=${CMAKE_PREFIX_PATH}:/home/abdelrhaman/microros_ws/install/sensor_msgs_py:/home/abdelrhaman/ros/install/my_robot_controller:/opt/ros/humble /usr/bin/cmake --build /home/abdelrhaman/microros_ws/build/builtin_interfaces -- -j20 -l20
[2.579s] Invoking command in '/home/abdelrhaman/microros_ws/build/builtin_interfaces': CMAKE_PREFIX_PATH=${CMAKE_PREFIX_PATH}:/home/abdelrhaman/microros_ws/install/sensor_msgs_py:/home/abdelrhaman/ros/install/my_robot_controller:/opt/ros/humble /usr/bin/cmake --install /home/abdelrhaman/microros_ws/build/builtin_interfaces
[2.589s] -- Install configuration: ""
[2.589s] -- Up-to-date: /home/abdelrhaman/microros_ws/install/builtin_interfaces/share/ament_index/resource_index/rosidl_interfaces/builtin_interfaces
[2.590s] -- Up-to-date: /home/abdelrhaman/microros_ws/install/builtin_interfaces/include/builtin_interfaces/builtin_interfaces
[2.590s] -- Up-to-date: /home/abdelrhaman/microros_ws/install/builtin_interfaces/include/builtin_interfaces/builtin_interfaces/msg
[2.590s] -- Up-to-date: /home/abdelrhaman/microros_ws/install/builtin_interfaces/include/builtin_interfaces/builtin_interfaces/msg/rosidl_generator_c__visibility_control.h
[2.590s] -- Up-to-date: /home/abdelrhaman/microros_ws/install/builtin_interfaces/include/builtin_interfaces/builtin_interfaces/msg/detail
[2.590s] -- Up-to-date: /home/abdelrhaman/microros_ws/install/builtin_interfaces/include/builtin_interfaces/builtin_interfaces/msg/detail/duration__functions.h
[2.590s] -- Up-to-date: /home/abdelrhaman/microros_ws/install/builtin_interfaces/include/builtin_interfaces/builtin_interfaces/msg/detail/time__type_support.h
[2.590s] -- Up-to-date: /home/abdelrhaman/microros_ws/install/builtin_interfaces/include/builtin_interfaces/builtin_interfaces/msg/detail/duration__type_support.h
[2.590s] -- Up-to-date: /home/abdelrhaman/microros_ws/install/builtin_interfaces/include/builtin_interfaces/builtin_interfaces/msg/detail/time__struct.h
[2.590s] -- Up-to-date: /home/abdelrhaman/microros_ws/install/builtin_interfaces/include/builtin_interfaces/builtin_interfaces/msg/detail/duration__struct.h
[2.590s] -- Up-to-date: /home/abdelrhaman/microros_ws/install/builtin_interfaces/include/builtin_interfaces/builtin_interfaces/msg/detail/duration__functions.c
[2.590s] -- Up-to-date: /home/abdelrhaman/microros_ws/install/builtin_interfaces/include/builtin_interfaces/builtin_interfaces/msg/detail/time__functions.h
[2.591s] -- Up-to-date: /home/abdelrhaman/microros_ws/install/builtin_interfaces/include/builtin_interfaces/builtin_interfaces/msg/detail/time__functions.c
[2.591s] -- Up-to-date: /home/abdelrhaman/microros_ws/install/builtin_interfaces/include/builtin_interfaces/builtin_interfaces/msg/duration.h
[2.591s] -- Up-to-date: /home/abdelrhaman/microros_ws/install/builtin_interfaces/include/builtin_interfaces/builtin_interfaces/msg/time.h
[2.591s] -- Up-to-date: /home/abdelrhaman/microros_ws/install/builtin_interfaces/share/builtin_interfaces/environment/library_path.sh
[2.591s] -- Installing: /home/abdelrhaman/microros_ws/install/builtin_interfaces/share/builtin_interfaces/environment/library_path.dsv
[2.591s] -- Up-to-date: /home/abdelrhaman/microros_ws/install/builtin_interfaces/lib/libbuiltin_interfaces__rosidl_generator_c.so
[2.591s] -- Up-to-date: /home/abdelrhaman/microros_ws/install/builtin_interfaces/include/builtin_interfaces
[2.591s] -- Up-to-date: /home/abdelrhaman/microros_ws/install/builtin_interfaces/include/builtin_interfaces/msg
[2.591s] -- Up-to-date: /home/abdelrhaman/microros_ws/install/builtin_interfaces/include/builtin_interfaces/msg/detail
[2.591s] -- Up-to-date: /home/abdelrhaman/microros_ws/install/builtin_interfaces/include/builtin_interfaces/msg/detail/duration__rosidl_typesupport_microxrcedds_c.h
[2.591s] -- Up-to-date: /home/abdelrhaman/microros_ws/install/builtin_interfaces/include/builtin_interfaces/msg/detail/time__rosidl_typesupport_microxrcedds_c.h
[2.591s] -- Up-to-date: /home/abdelrhaman/microros_ws/install/builtin_interfaces/include/builtin_interfaces/msg/detail/microxrcedds
[2.591s] -- Up-to-date: /home/abdelrhaman/microros_ws/install/builtin_interfaces/include/builtin_interfaces/msg/rosidl_typesupport_microxrcedds_c__visibility_control.h
[2.592s] -- Up-to-date: /home/abdelrhaman/microros_ws/install/builtin_interfaces/lib/libbuiltin_interfaces__rosidl_typesupport_microxrcedds_c.so
[2.592s] -- Up-to-date: /home/abdelrhaman/microros_ws/install/builtin_interfaces/include/builtin_interfaces/builtin_interfaces
[2.592s] -- Up-to-date: /home/abdelrhaman/microros_ws/install/builtin_interfaces/include/builtin_interfaces/builtin_interfaces/msg
[2.592s] -- Up-to-date: /home/abdelrhaman/microros_ws/install/builtin_interfaces/include/builtin_interfaces/builtin_interfaces/msg/detail
[2.592s] -- Up-to-date: /home/abdelrhaman/microros_ws/install/builtin_interfaces/include/builtin_interfaces/builtin_interfaces/msg/detail/time__rosidl_typesupport_fastrtps_c.h
[2.592s] -- Up-to-date: /home/abdelrhaman/microros_ws/install/builtin_interfaces/include/builtin_interfaces/builtin_interfaces/msg/detail/duration__rosidl_typesupport_fastrtps_c.h
[2.592s] -- Up-to-date: /home/abdelrhaman/microros_ws/install/builtin_interfaces/include/builtin_interfaces/builtin_interfaces/msg/rosidl_typesupport_fastrtps_c__visibility_control.h
[2.592s] -- Up-to-date: /home/abdelrhaman/microros_ws/install/builtin_interfaces/lib/libbuiltin_interfaces__rosidl_typesupport_fastrtps_c.so
[2.592s] -- Up-to-date: /home/abdelrhaman/microros_ws/install/builtin_interfaces/include/builtin_interfaces/builtin_interfaces
[2.592s] -- Up-to-date: /home/abdelrhaman/microros_ws/install/builtin_interfaces/include/builtin_interfaces/builtin_interfaces/msg
[2.592s] -- Up-to-date: /home/abdelrhaman/microros_ws/install/builtin_interfaces/include/builtin_interfaces/builtin_interfaces/msg/rosidl_typesupport_introspection_c__visibility_control.h
[2.592s] -- Up-to-date: /home/abdelrhaman/microros_ws/install/builtin_interfaces/include/builtin_interfaces/builtin_interfaces/msg/detail
[2.592s] -- Up-to-date: /home/abdelrhaman/microros_ws/install/builtin_interfaces/include/builtin_interfaces/builtin_interfaces/msg/detail/time__type_support.c
[2.592s] -- Up-to-date: /home/abdelrhaman/microros_ws/install/builtin_interfaces/include/builtin_interfaces/builtin_interfaces/msg/detail/time__rosidl_typesupport_introspection_c.h
[2.592s] -- Up-to-date: /home/abdelrhaman/microros_ws/install/builtin_interfaces/include/builtin_interfaces/builtin_interfaces/msg/detail/duration__type_support.c
[2.592s] -- Up-to-date: /home/abdelrhaman/microros_ws/install/builtin_interfaces/include/builtin_interfaces/builtin_interfaces/msg/detail/duration__rosidl_typesupport_introspection_c.h
[2.592s] -- Up-to-date: /home/abdelrhaman/microros_ws/install/builtin_interfaces/lib/libbuiltin_interfaces__rosidl_typesupport_introspection_c.so
[2.592s] -- Installing: /home/abdelrhaman/microros_ws/install/builtin_interfaces/lib/libbuiltin_interfaces__rosidl_typesupport_c.so
[2.592s] -- Set runtime path of "/home/abdelrhaman/microros_ws/install/builtin_interfaces/lib/libbuiltin_interfaces__rosidl_typesupport_c.so" to ""
[2.593s] -- Up-to-date: /home/abdelrhaman/microros_ws/install/builtin_interfaces/include/builtin_interfaces/builtin_interfaces
[2.593s] -- Up-to-date: /home/abdelrhaman/microros_ws/install/builtin_interfaces/include/builtin_interfaces/builtin_interfaces/msg
[2.593s] -- Up-to-date: /home/abdelrhaman/microros_ws/install/builtin_interfaces/include/builtin_interfaces/builtin_interfaces/msg/detail
[2.593s] -- Up-to-date: /home/abdelrhaman/microros_ws/install/builtin_interfaces/include/builtin_interfaces/builtin_interfaces/msg/detail/duration__traits.hpp
[2.593s] -- Up-to-date: /home/abdelrhaman/microros_ws/install/builtin_interfaces/include/builtin_interfaces/builtin_interfaces/msg/detail/time__builder.hpp
[2.593s] -- Up-to-date: /home/abdelrhaman/microros_ws/install/builtin_interfaces/include/builtin_interfaces/builtin_interfaces/msg/detail/duration__builder.hpp
[2.593s] -- Up-to-date: /home/abdelrhaman/microros_ws/install/builtin_interfaces/include/builtin_interfaces/builtin_interfaces/msg/detail/duration__struct.hpp
[2.593s] -- Up-to-date: /home/abdelrhaman/microros_ws/install/builtin_interfaces/include/builtin_interfaces/builtin_interfaces/msg/detail/time__traits.hpp
[2.593s] -- Up-to-date: /home/abdelrhaman/microros_ws/install/builtin_interfaces/include/builtin_interfaces/builtin_interfaces/msg/detail/time__struct.hpp
[2.593s] -- Up-to-date: /home/abdelrhaman/microros_ws/install/builtin_interfaces/include/builtin_interfaces/builtin_interfaces/msg/time.hpp
[2.593s] -- Up-to-date: /home/abdelrhaman/microros_ws/install/builtin_interfaces/include/builtin_interfaces/builtin_interfaces/msg/duration.hpp
[2.593s] -- Up-to-date: /home/abdelrhaman/microros_ws/install/builtin_interfaces/include/builtin_interfaces
[2.593s] -- Up-to-date: /home/abdelrhaman/microros_ws/install/builtin_interfaces/include/builtin_interfaces/msg
[2.593s] -- Up-to-date: /home/abdelrhaman/microros_ws/install/builtin_interfaces/include/builtin_interfaces/msg/detail
[2.593s] -- Up-to-date: /home/abdelrhaman/microros_ws/install/builtin_interfaces/include/builtin_interfaces/msg/detail/time__rosidl_typesupport_microxrcedds_cpp.hpp
[2.593s] -- Up-to-date: /home/abdelrhaman/microros_ws/install/builtin_interfaces/include/builtin_interfaces/msg/detail/microxrcedds
[2.593s] -- Up-to-date: /home/abdelrhaman/microros_ws/install/builtin_interfaces/include/builtin_interfaces/msg/detail/microxrcedds/time__type_support_cpp.cpp
[2.593s] -- Up-to-date: /home/abdelrhaman/microros_ws/install/builtin_interfaces/include/builtin_interfaces/msg/detail/microxrcedds/duration__type_support_cpp.cpp
[2.593s] -- Up-to-date: /home/abdelrhaman/microros_ws/install/builtin_interfaces/include/builtin_interfaces/msg/detail/duration__rosidl_typesupport_microxrcedds_cpp.hpp
[2.593s] -- Up-to-date: /home/abdelrhaman/microros_ws/install/builtin_interfaces/include/builtin_interfaces/msg/rosidl_typesupport_microxrcedds_cpp__visibility_control.h
[2.593s] -- Up-to-date: /home/abdelrhaman/microros_ws/install/builtin_interfaces/lib/libbuiltin_interfaces__rosidl_typesupport_microxrcedds_cpp.so
[2.593s] -- Up-to-date: /home/abdelrhaman/microros_ws/install/builtin_interfaces/include/builtin_interfaces/builtin_interfaces
[2.593s] -- Up-to-date: /home/abdelrhaman/microros_ws/install/builtin_interfaces/include/builtin_interfaces/builtin_interfaces/msg
[2.593s] -- Up-to-date: /home/abdelrhaman/microros_ws/install/builtin_interfaces/include/builtin_interfaces/builtin_interfaces/msg/detail
[2.593s] -- Up-to-date: /home/abdelrhaman/microros_ws/install/builtin_interfaces/include/builtin_interfaces/builtin_interfaces/msg/detail/duration__rosidl_typesupport_fastrtps_cpp.hpp
[2.593s] -- Up-to-date: /home/abdelrhaman/microros_ws/install/builtin_interfaces/include/builtin_interfaces/builtin_interfaces/msg/detail/dds_fastrtps
[2.593s] -- Up-to-date: /home/abdelrhaman/microros_ws/install/builtin_interfaces/include/builtin_interfaces/builtin_interfaces/msg/detail/time__rosidl_typesupport_fastrtps_cpp.hpp
[2.594s] -- Up-to-date: /home/abdelrhaman/microros_ws/install/builtin_interfaces/include/builtin_interfaces/builtin_interfaces/msg/rosidl_typesupport_fastrtps_cpp__visibility_control.h
[2.594s] -- Up-to-date: /home/abdelrhaman/microros_ws/install/builtin_interfaces/lib/libbuiltin_interfaces__rosidl_typesupport_fastrtps_cpp.so
[2.594s] -- Up-to-date: /home/abdelrhaman/microros_ws/install/builtin_interfaces/include/builtin_interfaces/builtin_interfaces
[2.594s] -- Up-to-date: /home/abdelrhaman/microros_ws/install/builtin_interfaces/include/builtin_interfaces/builtin_interfaces/msg
[2.594s] -- Up-to-date: /home/abdelrhaman/microros_ws/install/builtin_interfaces/include/builtin_interfaces/builtin_interfaces/msg/detail
[2.594s] -- Up-to-date: /home/abdelrhaman/microros_ws/install/builtin_interfaces/include/builtin_interfaces/builtin_interfaces/msg/detail/duration__type_support.cpp
[2.594s] -- Up-to-date: /home/abdelrhaman/microros_ws/install/builtin_interfaces/include/builtin_interfaces/builtin_interfaces/msg/detail/duration__rosidl_typesupport_introspection_cpp.hpp
[2.595s] -- Up-to-date: /home/abdelrhaman/microros_ws/install/builtin_interfaces/include/builtin_interfaces/builtin_interfaces/msg/detail/time__rosidl_typesupport_introspection_cpp.hpp
[2.595s] -- Up-to-date: /home/abdelrhaman/microros_ws/install/builtin_interfaces/include/builtin_interfaces/builtin_interfaces/msg/detail/time__type_support.cpp
[2.595s] -- Up-to-date: /home/abdelrhaman/microros_ws/install/builtin_interfaces/lib/libbuiltin_interfaces__rosidl_typesupport_introspection_cpp.so
[2.595s] -- Installing: /home/abdelrhaman/microros_ws/install/builtin_interfaces/lib/libbuiltin_interfaces__rosidl_typesupport_cpp.so
[2.595s] -- Set runtime path of "/home/abdelrhaman/microros_ws/install/builtin_interfaces/lib/libbuiltin_interfaces__rosidl_typesupport_cpp.so" to ""
[2.595s] -- Up-to-date: /home/abdelrhaman/microros_ws/install/builtin_interfaces/share/builtin_interfaces/environment/pythonpath.sh
[2.595s] -- Installing: /home/abdelrhaman/microros_ws/install/builtin_interfaces/share/builtin_interfaces/environment/pythonpath.dsv
[2.596s] -- Up-to-date: /home/abdelrhaman/microros_ws/install/builtin_interfaces/local/lib/python3.10/dist-packages/builtin_interfaces-1.2.1-py3.10.egg-info
[2.596s] -- Installing: /home/abdelrhaman/microros_ws/install/builtin_interfaces/local/lib/python3.10/dist-packages/builtin_interfaces-1.2.1-py3.10.egg-info/PKG-INFO
[2.596s] -- Installing: /home/abdelrhaman/microros_ws/install/builtin_interfaces/local/lib/python3.10/dist-packages/builtin_interfaces-1.2.1-py3.10.egg-info/SOURCES.txt
[2.596s] -- Installing: /home/abdelrhaman/microros_ws/install/builtin_interfaces/local/lib/python3.10/dist-packages/builtin_interfaces-1.2.1-py3.10.egg-info/top_level.txt
[2.596s] -- Installing: /home/abdelrhaman/microros_ws/install/builtin_interfaces/local/lib/python3.10/dist-packages/builtin_interfaces-1.2.1-py3.10.egg-info/dependency_links.txt
[2.596s] -- Up-to-date: /home/abdelrhaman/microros_ws/install/builtin_interfaces/local/lib/python3.10/dist-packages/builtin_interfaces
[2.596s] -- Installing: /home/abdelrhaman/microros_ws/install/builtin_interfaces/local/lib/python3.10/dist-packages/builtin_interfaces/builtin_interfaces_s__rosidl_typesupport_fastrtps_c.cpython-310-x86_64-linux-gnu.so
[2.596s] -- Installing: /home/abdelrhaman/microros_ws/install/builtin_interfaces/local/lib/python3.10/dist-packages/builtin_interfaces/builtin_interfaces_s__rosidl_typesupport_microxrcedds_c.cpython-310-x86_64-linux-gnu.so
[2.596s] -- Up-to-date: /home/abdelrhaman/microros_ws/install/builtin_interfaces/local/lib/python3.10/dist-packages/builtin_interfaces/_builtin_interfaces_s.ep.rosidl_typesupport_introspection_c.c
[2.596s] -- Installing: /home/abdelrhaman/microros_ws/install/builtin_interfaces/local/lib/python3.10/dist-packages/builtin_interfaces/libbuiltin_interfaces__rosidl_generator_py.so
[2.596s] -- Up-to-date: /home/abdelrhaman/microros_ws/install/builtin_interfaces/local/lib/python3.10/dist-packages/builtin_interfaces/_builtin_interfaces_s.ep.rosidl_typesupport_c.c
[2.596s] -- Installing: /home/abdelrhaman/microros_ws/install/builtin_interfaces/local/lib/python3.10/dist-packages/builtin_interfaces/__init__.py
[2.596s] -- Installing: /home/abdelrhaman/microros_ws/install/builtin_interfaces/local/lib/python3.10/dist-packages/builtin_interfaces/builtin_interfaces_s__rosidl_typesupport_c.cpython-310-x86_64-linux-gnu.so
[2.596s] -- Installing: /home/abdelrhaman/microros_ws/install/builtin_interfaces/local/lib/python3.10/dist-packages/builtin_interfaces/builtin_interfaces_s__rosidl_typesupport_introspection_c.cpython-310-x86_64-linux-gnu.so
[2.596s] -- Up-to-date: /home/abdelrhaman/microros_ws/install/builtin_interfaces/local/lib/python3.10/dist-packages/builtin_interfaces/msg
[2.596s] -- Up-to-date: /home/abdelrhaman/microros_ws/install/builtin_interfaces/local/lib/python3.10/dist-packages/builtin_interfaces/msg/_time_s.c
[2.596s] -- Up-to-date: /home/abdelrhaman/microros_ws/install/builtin_interfaces/local/lib/python3.10/dist-packages/builtin_interfaces/msg/_time.py
[2.596s] -- Up-to-date: /home/abdelrhaman/microros_ws/install/builtin_interfaces/local/lib/python3.10/dist-packages/builtin_interfaces/msg/_duration.py
[2.596s] -- Up-to-date: /home/abdelrhaman/microros_ws/install/builtin_interfaces/local/lib/python3.10/dist-packages/builtin_interfaces/msg/_duration_s.c
[2.596s] -- Up-to-date: /home/abdelrhaman/microros_ws/install/builtin_interfaces/local/lib/python3.10/dist-packages/builtin_interfaces/msg/__init__.py
[2.597s] -- Up-to-date: /home/abdelrhaman/microros_ws/install/builtin_interfaces/local/lib/python3.10/dist-packages/builtin_interfaces/_builtin_interfaces_s.ep.rosidl_typesupport_microxrcedds_c.c
[2.597s] -- Up-to-date: /home/abdelrhaman/microros_ws/install/builtin_interfaces/local/lib/python3.10/dist-packages/builtin_interfaces/_builtin_interfaces_s.ep.rosidl_typesupport_fastrtps_c.c
[2.624s] Listing '/home/abdelrhaman/microros_ws/install/builtin_interfaces/local/lib/python3.10/dist-packages/builtin_interfaces'...
[2.624s] Compiling '/home/abdelrhaman/microros_ws/install/builtin_interfaces/local/lib/python3.10/dist-packages/builtin_interfaces/__init__.py'...
[2.624s] Listing '/home/abdelrhaman/microros_ws/install/builtin_interfaces/local/lib/python3.10/dist-packages/builtin_interfaces/msg'...
[2.628s] -- Installing: /home/abdelrhaman/microros_ws/install/builtin_interfaces/local/lib/python3.10/dist-packages/builtin_interfaces/builtin_interfaces_s__rosidl_typesupport_microxrcedds_c.cpython-310-x86_64-linux-gnu.so
[2.628s] -- Set runtime path of "/home/abdelrhaman/microros_ws/install/builtin_interfaces/local/lib/python3.10/dist-packages/builtin_interfaces/builtin_interfaces_s__rosidl_typesupport_microxrcedds_c.cpython-310-x86_64-linux-gnu.so" to ""
[2.628s] -- Installing: /home/abdelrhaman/microros_ws/install/builtin_interfaces/local/lib/python3.10/dist-packages/builtin_interfaces/builtin_interfaces_s__rosidl_typesupport_fastrtps_c.cpython-310-x86_64-linux-gnu.so
[2.628s] -- Set runtime path of "/home/abdelrhaman/microros_ws/install/builtin_interfaces/local/lib/python3.10/dist-packages/builtin_interfaces/builtin_interfaces_s__rosidl_typesupport_fastrtps_c.cpython-310-x86_64-linux-gnu.so" to ""
[2.628s] -- Installing: /home/abdelrhaman/microros_ws/install/builtin_interfaces/local/lib/python3.10/dist-packages/builtin_interfaces/builtin_interfaces_s__rosidl_typesupport_introspection_c.cpython-310-x86_64-linux-gnu.so
[2.628s] -- Set runtime path of "/home/abdelrhaman/microros_ws/install/builtin_interfaces/local/lib/python3.10/dist-packages/builtin_interfaces/builtin_interfaces_s__rosidl_typesupport_introspection_c.cpython-310-x86_64-linux-gnu.so" to ""
[2.628s] -- Installing: /home/abdelrhaman/microros_ws/install/builtin_interfaces/local/lib/python3.10/dist-packages/builtin_interfaces/builtin_interfaces_s__rosidl_typesupport_c.cpython-310-x86_64-linux-gnu.so
[2.628s] -- Set runtime path of "/home/abdelrhaman/microros_ws/install/builtin_interfaces/local/lib/python3.10/dist-packages/builtin_interfaces/builtin_interfaces_s__rosidl_typesupport_c.cpython-310-x86_64-linux-gnu.so" to ""
[2.629s] -- Installing: /home/abdelrhaman/microros_ws/install/builtin_interfaces/lib/libbuiltin_interfaces__rosidl_generator_py.so
[2.629s] -- Set runtime path of "/home/abdelrhaman/microros_ws/install/builtin_interfaces/lib/libbuiltin_interfaces__rosidl_generator_py.so" to ""
[2.629s] -- Up-to-date: /home/abdelrhaman/microros_ws/install/builtin_interfaces/share/builtin_interfaces/msg/Duration.idl
[2.629s] -- Up-to-date: /home/abdelrhaman/microros_ws/install/builtin_interfaces/share/builtin_interfaces/msg/Time.idl
[2.629s] -- Up-to-date: /home/abdelrhaman/microros_ws/install/builtin_interfaces/share/builtin_interfaces/msg/Duration.msg
[2.629s] -- Up-to-date: /home/abdelrhaman/microros_ws/install/builtin_interfaces/share/builtin_interfaces/msg/Time.msg
[2.629s] -- Up-to-date: /home/abdelrhaman/microros_ws/install/builtin_interfaces/share/ament_index/resource_index/package_run_dependencies/builtin_interfaces
[2.630s] -- Installing: /home/abdelrhaman/microros_ws/install/builtin_interfaces/share/ament_index/resource_index/parent_prefix_path/builtin_interfaces
[2.630s] -- Up-to-date: /home/abdelrhaman/microros_ws/install/builtin_interfaces/share/builtin_interfaces/environment/ament_prefix_path.sh
[2.630s] -- Installing: /home/abdelrhaman/microros_ws/install/builtin_interfaces/share/builtin_interfaces/environment/ament_prefix_path.dsv
[2.630s] -- Up-to-date: /home/abdelrhaman/microros_ws/install/builtin_interfaces/share/builtin_interfaces/environment/path.sh
[2.630s] -- Installing: /home/abdelrhaman/microros_ws/install/builtin_interfaces/share/builtin_interfaces/environment/path.dsv
[2.630s] -- Up-to-date: /home/abdelrhaman/microros_ws/install/builtin_interfaces/share/builtin_interfaces/local_setup.bash
[2.630s] -- Up-to-date: /home/abdelrhaman/microros_ws/install/builtin_interfaces/share/builtin_interfaces/local_setup.sh
[2.631s] -- Up-to-date: /home/abdelrhaman/microros_ws/install/builtin_interfaces/share/builtin_interfaces/local_setup.zsh
[2.631s] -- Installing: /home/abdelrhaman/microros_ws/install/builtin_interfaces/share/builtin_interfaces/local_setup.dsv
[2.631s] -- Installing: /home/abdelrhaman/microros_ws/install/builtin_interfaces/share/builtin_interfaces/package.dsv
[2.631s] -- Up-to-date: /home/abdelrhaman/microros_ws/install/builtin_interfaces/share/ament_index/resource_index/packages/builtin_interfaces
[2.631s] -- Up-to-date: /home/abdelrhaman/microros_ws/install/builtin_interfaces/share/builtin_interfaces/cmake/export_builtin_interfaces__rosidl_generator_cExport.cmake
[2.631s] -- Up-to-date: /home/abdelrhaman/microros_ws/install/builtin_interfaces/share/builtin_interfaces/cmake/export_builtin_interfaces__rosidl_generator_cExport-noconfig.cmake
[2.631s] -- Up-to-date: /home/abdelrhaman/microros_ws/install/builtin_interfaces/share/builtin_interfaces/cmake/export_builtin_interfaces__rosidl_typesupport_fastrtps_cExport.cmake
[2.631s] -- Up-to-date: /home/abdelrhaman/microros_ws/install/builtin_interfaces/share/builtin_interfaces/cmake/export_builtin_interfaces__rosidl_typesupport_fastrtps_cExport-noconfig.cmake
[2.631s] -- Up-to-date: /home/abdelrhaman/microros_ws/install/builtin_interfaces/share/builtin_interfaces/cmake/builtin_interfaces__rosidl_typesupport_introspection_cExport.cmake
[2.631s] -- Up-to-date: /home/abdelrhaman/microros_ws/install/builtin_interfaces/share/builtin_interfaces/cmake/builtin_interfaces__rosidl_typesupport_introspection_cExport-noconfig.cmake
[2.632s] -- Up-to-date: /home/abdelrhaman/microros_ws/install/builtin_interfaces/share/builtin_interfaces/cmake/builtin_interfaces__rosidl_typesupport_cExport.cmake
[2.632s] -- Up-to-date: /home/abdelrhaman/microros_ws/install/builtin_interfaces/share/builtin_interfaces/cmake/builtin_interfaces__rosidl_typesupport_cExport-noconfig.cmake
[2.632s] -- Up-to-date: /home/abdelrhaman/microros_ws/install/builtin_interfaces/share/builtin_interfaces/cmake/export_builtin_interfaces__rosidl_generator_cppExport.cmake
[2.632s] -- Up-to-date: /home/abdelrhaman/microros_ws/install/builtin_interfaces/share/builtin_interfaces/cmake/export_builtin_interfaces__rosidl_typesupport_fastrtps_cppExport.cmake
[2.632s] -- Up-to-date: /home/abdelrhaman/microros_ws/install/builtin_interfaces/share/builtin_interfaces/cmake/export_builtin_interfaces__rosidl_typesupport_fastrtps_cppExport-noconfig.cmake
[2.632s] -- Up-to-date: /home/abdelrhaman/microros_ws/install/builtin_interfaces/share/builtin_interfaces/cmake/builtin_interfaces__rosidl_typesupport_introspection_cppExport.cmake
[2.633s] -- Up-to-date: /home/abdelrhaman/microros_ws/install/builtin_interfaces/share/builtin_interfaces/cmake/builtin_interfaces__rosidl_typesupport_introspection_cppExport-noconfig.cmake
[2.633s] -- Up-to-date: /home/abdelrhaman/microros_ws/install/builtin_interfaces/share/builtin_interfaces/cmake/builtin_interfaces__rosidl_typesupport_cppExport.cmake
[2.633s] -- Up-to-date: /home/abdelrhaman/microros_ws/install/builtin_interfaces/share/builtin_interfaces/cmake/builtin_interfaces__rosidl_typesupport_cppExport-noconfig.cmake
[2.635s] -- Up-to-date: /home/abdelrhaman/microros_ws/install/builtin_interfaces/share/builtin_interfaces/cmake/export_builtin_interfaces__rosidl_generator_pyExport.cmake
[2.635s] -- Up-to-date: /home/abdelrhaman/microros_ws/install/builtin_interfaces/share/builtin_interfaces/cmake/export_builtin_interfaces__rosidl_generator_pyExport-noconfig.cmake
[2.635s] -- Up-to-date: /home/abdelrhaman/microros_ws/install/builtin_interfaces/share/builtin_interfaces/cmake/rosidl_cmake-extras.cmake
[2.635s] -- Installing: /home/abdelrhaman/microros_ws/install/builtin_interfaces/share/builtin_interfaces/cmake/ament_cmake_export_include_directories-extras.cmake
[2.635s] -- Up-to-date: /home/abdelrhaman/microros_ws/install/builtin_interfaces/share/builtin_interfaces/cmake/ament_cmake_export_libraries-extras.cmake
[2.635s] -- Up-to-date: /home/abdelrhaman/microros_ws/install/builtin_interfaces/share/builtin_interfaces/cmake/ament_cmake_export_targets-extras.cmake
[2.635s] -- Up-to-date: /home/abdelrhaman/microros_ws/install/builtin_interfaces/share/builtin_interfaces/cmake/rosidl_cmake_export_typesupport_targets-extras.cmake
[2.635s] -- Up-to-date: /home/abdelrhaman/microros_ws/install/builtin_interfaces/share/builtin_interfaces/cmake/ament_cmake_export_dependencies-extras.cmake
[2.636s] -- Installing: /home/abdelrhaman/microros_ws/install/builtin_interfaces/share/builtin_interfaces/cmake/rosidl_cmake_export_typesupport_libraries-extras.cmake
[2.636s] -- Up-to-date: /home/abdelrhaman/microros_ws/install/builtin_interfaces/share/builtin_interfaces/cmake/builtin_interfacesConfig.cmake
[2.636s] -- Up-to-date: /home/abdelrhaman/microros_ws/install/builtin_interfaces/share/builtin_interfaces/cmake/builtin_interfacesConfig-version.cmake
[2.636s] -- Up-to-date: /home/abdelrhaman/microros_ws/install/builtin_interfaces/share/builtin_interfaces/package.xml
[2.636s] Invoked command in '/home/abdelrhaman/microros_ws/build/builtin_interfaces' returned '0': CMAKE_PREFIX_PATH=${CMAKE_PREFIX_PATH}:/home/abdelrhaman/microros_ws/install/sensor_msgs_py:/home/abdelrhaman/ros/install/my_robot_controller:/opt/ros/humble /usr/bin/cmake --install /home/abdelrhaman/microros_ws/build/builtin_interfaces
