[0.011s] Invoking command in '/home/abdelrhaman/microros_ws/build/builtin_interfaces': CMAKE_PREFIX_PATH=${CMAKE_PREFIX_PATH}:/home/abdelrhaman/microros_ws/install/sensor_msgs_py:/home/abdelrhaman/ros/install/my_robot_controller:/opt/ros/humble /usr/bin/cmake /home/abdelrhaman/microros_ws/src/ros2/rcl_interfaces/builtin_interfaces -DUAGENT_BUILD_EXECUTABLE=OFF -DUAGENT_P2P_PROFILE=OFF --no-warn-unused-cli -DCMAKE_INSTALL_PREFIX=/home/abdelrhaman/microros_ws/install/builtin_interfaces
[0.017s] Not searching for unused variables given on the command line.
[0.021s] -- Found ament_cmake: 1.3.10 (/opt/ros/humble/share/ament_cmake/cmake)
[0.136s] -- Found rosidl_default_generators: 1.2.0 (/opt/ros/humble/share/rosidl_default_generators/cmake)
[0.140s] -- Using all available rosidl_typesupport_c: rosidl_typesupport_microxrcedds_c;rosidl_typesupport_fastrtps_c;rosidl_typesupport_introspection_c
[0.141s] -- Found rosidl_adapter: 3.1.5 (/opt/ros/humble/share/rosidl_adapter/cmake)
[0.166s] -- Using all available rosidl_typesupport_cpp: rosidl_typesupport_microxrcedds_cpp;rosidl_typesupport_fastrtps_cpp;rosidl_typesupport_introspection_cpp
[0.390s] -- Found ament_cmake_ros: 0.10.0 (/opt/ros/humble/share/ament_cmake_ros/cmake)
[0.611s] -- Using all available rosidl_typesupport_c: rosidl_typesupport_microxrcedds_c;rosidl_typesupport_fastrtps_c;rosidl_typesupport_introspection_c
[0.882s] -- Using all available rosidl_typesupport_cpp: rosidl_typesupport_microxrcedds_cpp;rosidl_typesupport_fastrtps_cpp;rosidl_typesupport_introspection_cpp
[0.902s] -- Found python_cmake_module: 0.10.0 (/opt/ros/humble/share/python_cmake_module/cmake)
[0.927s] -- Using PYTHON_EXECUTABLE: /usr/bin/python3
[0.927s] -- Using PYTHON_INCLUDE_DIRS: /usr/include/python3.10
[0.927s] -- Using PYTHON_LIBRARIES: /usr/lib/x86_64-linux-gnu/libpython3.10.so
[0.948s] -- Configuring done
[0.967s] -- Generating done
[0.968s] -- Build files have been written to: /home/abdelrhaman/microros_ws/build/builtin_interfaces
[0.972s] Invoked command in '/home/abdelrhaman/microros_ws/build/builtin_interfaces' returned '0': CMAKE_PREFIX_PATH=${CMAKE_PREFIX_PATH}:/home/abdelrhaman/microros_ws/install/sensor_msgs_py:/home/abdelrhaman/ros/install/my_robot_controller:/opt/ros/humble /usr/bin/cmake /home/abdelrhaman/microros_ws/src/ros2/rcl_interfaces/builtin_interfaces -DUAGENT_BUILD_EXECUTABLE=OFF -DUAGENT_P2P_PROFILE=OFF --no-warn-unused-cli -DCMAKE_INSTALL_PREFIX=/home/abdelrhaman/microros_ws/install/builtin_interfaces
[0.974s] Invoking command in '/home/abdelrhaman/microros_ws/build/builtin_interfaces': CMAKE_PREFIX_PATH=${CMAKE_PREFIX_PATH}:/home/abdelrhaman/microros_ws/install/sensor_msgs_py:/home/abdelrhaman/ros/install/my_robot_controller:/opt/ros/humble /usr/bin/cmake --build /home/abdelrhaman/microros_ws/build/builtin_interfaces -- -j20 -l20
[1.021s] [35m[1mConsolidate compiler generated dependencies of target builtin_interfaces__rosidl_generator_c[0m
[1.032s] [  2%] Built target builtin_interfaces__cpp
[1.033s] [ 10%] Built target builtin_interfaces__rosidl_generator_c
[1.047s] [35m[1mConsolidate compiler generated dependencies of target builtin_interfaces__rosidl_typesupport_fastrtps_cpp[0m
[1.050s] [35m[1mConsolidate compiler generated dependencies of target builtin_interfaces__rosidl_typesupport_cpp[0m
[1.051s] [35m[1mConsolidate compiler generated dependencies of target builtin_interfaces__rosidl_typesupport_introspection_cpp[0m
[1.053s] [35m[1mConsolidate compiler generated dependencies of target builtin_interfaces__rosidl_typesupport_microxrcedds_cpp[0m
[1.055s] [ 10%] Built target ament_cmake_python_copy_builtin_interfaces
[1.088s] [ 18%] Built target builtin_interfaces__rosidl_typesupport_cpp
[1.089s] [ 26%] Built target builtin_interfaces__rosidl_typesupport_introspection_cpp
[1.092s] [35m[1mConsolidate compiler generated dependencies of target builtin_interfaces__rosidl_typesupport_introspection_c[0m
[1.093s] [ 34%] Built target builtin_interfaces__rosidl_typesupport_fastrtps_cpp
[1.093s] [35m[1mConsolidate compiler generated dependencies of target builtin_interfaces__rosidl_typesupport_microxrcedds_c[0m
[1.099s] [ 42%] Built target builtin_interfaces__rosidl_typesupport_microxrcedds_cpp
[1.099s] [35m[1mConsolidate compiler generated dependencies of target builtin_interfaces__rosidl_typesupport_fastrtps_c[0m
[1.100s] [35m[1mConsolidate compiler generated dependencies of target builtin_interfaces__rosidl_typesupport_c[0m
[1.113s] [ 51%] Built target builtin_interfaces__rosidl_typesupport_introspection_c
[1.113s] [ 59%] Built target builtin_interfaces__rosidl_typesupport_microxrcedds_c
[1.120s] [ 67%] Built target builtin_interfaces__rosidl_typesupport_c
[1.126s] [ 75%] Built target builtin_interfaces__rosidl_typesupport_fastrtps_c
[1.147s] [ 75%] Built target builtin_interfaces
[1.172s] [ 77%] Built target builtin_interfaces__py
[1.185s] [35m[1mConsolidate compiler generated dependencies of target builtin_interfaces__rosidl_generator_py[0m
[1.199s] [ 83%] Built target builtin_interfaces__rosidl_generator_py
[1.210s] [35m[1mConsolidate compiler generated dependencies of target builtin_interfaces__rosidl_typesupport_c__pyext[0m
[1.210s] [35m[1mConsolidate compiler generated dependencies of target builtin_interfaces__rosidl_typesupport_microxrcedds_c__pyext[0m
[1.213s] [35m[1mConsolidate compiler generated dependencies of target builtin_interfaces__rosidl_typesupport_fastrtps_c__pyext[0m
[1.213s] [35m[1mConsolidate compiler generated dependencies of target builtin_interfaces__rosidl_typesupport_introspection_c__pyext[0m
[1.220s] [ 91%] Built target builtin_interfaces__rosidl_typesupport_microxrcedds_c__pyext
[1.220s] [ 91%] Built target builtin_interfaces__rosidl_typesupport_c__pyext
[1.226s] [ 95%] Built target builtin_interfaces__rosidl_typesupport_fastrtps_c__pyext
[1.229s] [100%] Built target builtin_interfaces__rosidl_typesupport_introspection_c__pyext
[1.476s] running egg_info
[1.515s] writing builtin_interfaces.egg-info/PKG-INFO
[1.547s] writing dependency_links to builtin_interfaces.egg-info/dependency_links.txt
[1.736s] writing top-level names to builtin_interfaces.egg-info/top_level.txt
[1.790s] reading manifest file 'builtin_interfaces.egg-info/SOURCES.txt'
[1.790s] writing manifest file 'builtin_interfaces.egg-info/SOURCES.txt'
[1.815s] [100%] Built target ament_cmake_python_build_builtin_interfaces_egg
[1.830s] Invoked command in '/home/abdelrhaman/microros_ws/build/builtin_interfaces' returned '0': CMAKE_PREFIX_PATH=${CMAKE_PREFIX_PATH}:/home/abdelrhaman/microros_ws/install/sensor_msgs_py:/home/abdelrhaman/ros/install/my_robot_controller:/opt/ros/humble /usr/bin/cmake --build /home/abdelrhaman/microros_ws/build/builtin_interfaces -- -j20 -l20
[1.983s] Invoking command in '/home/abdelrhaman/microros_ws/build/builtin_interfaces': CMAKE_PREFIX_PATH=${CMAKE_PREFIX_PATH}:/home/abdelrhaman/microros_ws/install/sensor_msgs_py:/home/abdelrhaman/ros/install/my_robot_controller:/opt/ros/humble /usr/bin/cmake --install /home/abdelrhaman/microros_ws/build/builtin_interfaces
[1.992s] -- Install configuration: ""
[1.992s] -- Up-to-date: /home/abdelrhaman/microros_ws/install/builtin_interfaces/share/ament_index/resource_index/rosidl_interfaces/builtin_interfaces
[1.992s] -- Up-to-date: /home/abdelrhaman/microros_ws/install/builtin_interfaces/include/builtin_interfaces/builtin_interfaces
[1.992s] -- Up-to-date: /home/abdelrhaman/microros_ws/install/builtin_interfaces/include/builtin_interfaces/builtin_interfaces/msg
[1.992s] -- Up-to-date: /home/abdelrhaman/microros_ws/install/builtin_interfaces/include/builtin_interfaces/builtin_interfaces/msg/rosidl_generator_c__visibility_control.h
[1.992s] -- Up-to-date: /home/abdelrhaman/microros_ws/install/builtin_interfaces/include/builtin_interfaces/builtin_interfaces/msg/detail
[1.992s] -- Up-to-date: /home/abdelrhaman/microros_ws/install/builtin_interfaces/include/builtin_interfaces/builtin_interfaces/msg/detail/duration__functions.h
[1.992s] -- Up-to-date: /home/abdelrhaman/microros_ws/install/builtin_interfaces/include/builtin_interfaces/builtin_interfaces/msg/detail/time__type_support.h
[1.992s] -- Up-to-date: /home/abdelrhaman/microros_ws/install/builtin_interfaces/include/builtin_interfaces/builtin_interfaces/msg/detail/duration__type_support.h
[1.992s] -- Up-to-date: /home/abdelrhaman/microros_ws/install/builtin_interfaces/include/builtin_interfaces/builtin_interfaces/msg/detail/time__struct.h
[1.992s] -- Up-to-date: /home/abdelrhaman/microros_ws/install/builtin_interfaces/include/builtin_interfaces/builtin_interfaces/msg/detail/duration__struct.h
[1.992s] -- Up-to-date: /home/abdelrhaman/microros_ws/install/builtin_interfaces/include/builtin_interfaces/builtin_interfaces/msg/detail/duration__functions.c
[1.992s] -- Up-to-date: /home/abdelrhaman/microros_ws/install/builtin_interfaces/include/builtin_interfaces/builtin_interfaces/msg/detail/time__functions.h
[1.993s] -- Up-to-date: /home/abdelrhaman/microros_ws/install/builtin_interfaces/include/builtin_interfaces/builtin_interfaces/msg/detail/time__functions.c
[1.993s] -- Up-to-date: /home/abdelrhaman/microros_ws/install/builtin_interfaces/include/builtin_interfaces/builtin_interfaces/msg/duration.h
[1.993s] -- Up-to-date: /home/abdelrhaman/microros_ws/install/builtin_interfaces/include/builtin_interfaces/builtin_interfaces/msg/time.h
[1.993s] -- Up-to-date: /home/abdelrhaman/microros_ws/install/builtin_interfaces/share/builtin_interfaces/environment/library_path.sh
[1.993s] -- Installing: /home/abdelrhaman/microros_ws/install/builtin_interfaces/share/builtin_interfaces/environment/library_path.dsv
[1.993s] -- Up-to-date: /home/abdelrhaman/microros_ws/install/builtin_interfaces/lib/libbuiltin_interfaces__rosidl_generator_c.so
[1.993s] -- Up-to-date: /home/abdelrhaman/microros_ws/install/builtin_interfaces/include/builtin_interfaces
[1.993s] -- Up-to-date: /home/abdelrhaman/microros_ws/install/builtin_interfaces/include/builtin_interfaces/msg
[1.993s] -- Up-to-date: /home/abdelrhaman/microros_ws/install/builtin_interfaces/include/builtin_interfaces/msg/detail
[1.993s] -- Up-to-date: /home/abdelrhaman/microros_ws/install/builtin_interfaces/include/builtin_interfaces/msg/detail/duration__rosidl_typesupport_microxrcedds_c.h
[1.993s] -- Up-to-date: /home/abdelrhaman/microros_ws/install/builtin_interfaces/include/builtin_interfaces/msg/detail/time__rosidl_typesupport_microxrcedds_c.h
[1.993s] -- Up-to-date: /home/abdelrhaman/microros_ws/install/builtin_interfaces/include/builtin_interfaces/msg/detail/microxrcedds
[1.993s] -- Up-to-date: /home/abdelrhaman/microros_ws/install/builtin_interfaces/include/builtin_interfaces/msg/rosidl_typesupport_microxrcedds_c__visibility_control.h
[1.993s] -- Up-to-date: /home/abdelrhaman/microros_ws/install/builtin_interfaces/lib/libbuiltin_interfaces__rosidl_typesupport_microxrcedds_c.so
[1.993s] -- Up-to-date: /home/abdelrhaman/microros_ws/install/builtin_interfaces/include/builtin_interfaces/builtin_interfaces
[1.993s] -- Up-to-date: /home/abdelrhaman/microros_ws/install/builtin_interfaces/include/builtin_interfaces/builtin_interfaces/msg
[1.993s] -- Up-to-date: /home/abdelrhaman/microros_ws/install/builtin_interfaces/include/builtin_interfaces/builtin_interfaces/msg/detail
[1.993s] -- Up-to-date: /home/abdelrhaman/microros_ws/install/builtin_interfaces/include/builtin_interfaces/builtin_interfaces/msg/detail/time__rosidl_typesupport_fastrtps_c.h
[1.993s] -- Up-to-date: /home/abdelrhaman/microros_ws/install/builtin_interfaces/include/builtin_interfaces/builtin_interfaces/msg/detail/duration__rosidl_typesupport_fastrtps_c.h
[1.993s] -- Up-to-date: /home/abdelrhaman/microros_ws/install/builtin_interfaces/include/builtin_interfaces/builtin_interfaces/msg/rosidl_typesupport_fastrtps_c__visibility_control.h
[1.993s] -- Up-to-date: /home/abdelrhaman/microros_ws/install/builtin_interfaces/lib/libbuiltin_interfaces__rosidl_typesupport_fastrtps_c.so
[1.993s] -- Up-to-date: /home/abdelrhaman/microros_ws/install/builtin_interfaces/include/builtin_interfaces/builtin_interfaces
[1.993s] -- Up-to-date: /home/abdelrhaman/microros_ws/install/builtin_interfaces/include/builtin_interfaces/builtin_interfaces/msg
[1.993s] -- Up-to-date: /home/abdelrhaman/microros_ws/install/builtin_interfaces/include/builtin_interfaces/builtin_interfaces/msg/rosidl_typesupport_introspection_c__visibility_control.h
[1.993s] -- Up-to-date: /home/abdelrhaman/microros_ws/install/builtin_interfaces/include/builtin_interfaces/builtin_interfaces/msg/detail
[1.993s] -- Up-to-date: /home/abdelrhaman/microros_ws/install/builtin_interfaces/include/builtin_interfaces/builtin_interfaces/msg/detail/time__type_support.c
[1.993s] -- Up-to-date: /home/abdelrhaman/microros_ws/install/builtin_interfaces/include/builtin_interfaces/builtin_interfaces/msg/detail/time__rosidl_typesupport_introspection_c.h
[1.993s] -- Up-to-date: /home/abdelrhaman/microros_ws/install/builtin_interfaces/include/builtin_interfaces/builtin_interfaces/msg/detail/duration__type_support.c
[1.994s] -- Up-to-date: /home/abdelrhaman/microros_ws/install/builtin_interfaces/include/builtin_interfaces/builtin_interfaces/msg/detail/duration__rosidl_typesupport_introspection_c.h
[1.994s] -- Up-to-date: /home/abdelrhaman/microros_ws/install/builtin_interfaces/lib/libbuiltin_interfaces__rosidl_typesupport_introspection_c.so
[1.994s] -- Up-to-date: /home/abdelrhaman/microros_ws/install/builtin_interfaces/lib/libbuiltin_interfaces__rosidl_typesupport_c.so
[1.994s] -- Up-to-date: /home/abdelrhaman/microros_ws/install/builtin_interfaces/include/builtin_interfaces/builtin_interfaces
[1.994s] -- Up-to-date: /home/abdelrhaman/microros_ws/install/builtin_interfaces/include/builtin_interfaces/builtin_interfaces/msg
[1.994s] -- Up-to-date: /home/abdelrhaman/microros_ws/install/builtin_interfaces/include/builtin_interfaces/builtin_interfaces/msg/detail
[1.994s] -- Up-to-date: /home/abdelrhaman/microros_ws/install/builtin_interfaces/include/builtin_interfaces/builtin_interfaces/msg/detail/duration__traits.hpp
[1.994s] -- Up-to-date: /home/abdelrhaman/microros_ws/install/builtin_interfaces/include/builtin_interfaces/builtin_interfaces/msg/detail/time__builder.hpp
[1.994s] -- Up-to-date: /home/abdelrhaman/microros_ws/install/builtin_interfaces/include/builtin_interfaces/builtin_interfaces/msg/detail/duration__builder.hpp
[1.994s] -- Up-to-date: /home/abdelrhaman/microros_ws/install/builtin_interfaces/include/builtin_interfaces/builtin_interfaces/msg/detail/duration__struct.hpp
[1.994s] -- Up-to-date: /home/abdelrhaman/microros_ws/install/builtin_interfaces/include/builtin_interfaces/builtin_interfaces/msg/detail/time__traits.hpp
[1.994s] -- Up-to-date: /home/abdelrhaman/microros_ws/install/builtin_interfaces/include/builtin_interfaces/builtin_interfaces/msg/detail/time__struct.hpp
[1.994s] -- Up-to-date: /home/abdelrhaman/microros_ws/install/builtin_interfaces/include/builtin_interfaces/builtin_interfaces/msg/time.hpp
[1.994s] -- Up-to-date: /home/abdelrhaman/microros_ws/install/builtin_interfaces/include/builtin_interfaces/builtin_interfaces/msg/duration.hpp
[1.994s] -- Up-to-date: /home/abdelrhaman/microros_ws/install/builtin_interfaces/include/builtin_interfaces
[1.994s] -- Up-to-date: /home/abdelrhaman/microros_ws/install/builtin_interfaces/include/builtin_interfaces/msg
[1.994s] -- Up-to-date: /home/abdelrhaman/microros_ws/install/builtin_interfaces/include/builtin_interfaces/msg/detail
[1.994s] -- Up-to-date: /home/abdelrhaman/microros_ws/install/builtin_interfaces/include/builtin_interfaces/msg/detail/time__rosidl_typesupport_microxrcedds_cpp.hpp
[1.994s] -- Up-to-date: /home/abdelrhaman/microros_ws/install/builtin_interfaces/include/builtin_interfaces/msg/detail/microxrcedds
[1.994s] -- Up-to-date: /home/abdelrhaman/microros_ws/install/builtin_interfaces/include/builtin_interfaces/msg/detail/microxrcedds/time__type_support_cpp.cpp
[1.994s] -- Up-to-date: /home/abdelrhaman/microros_ws/install/builtin_interfaces/include/builtin_interfaces/msg/detail/microxrcedds/duration__type_support_cpp.cpp
[1.994s] -- Up-to-date: /home/abdelrhaman/microros_ws/install/builtin_interfaces/include/builtin_interfaces/msg/detail/duration__rosidl_typesupport_microxrcedds_cpp.hpp
[1.994s] -- Up-to-date: /home/abdelrhaman/microros_ws/install/builtin_interfaces/include/builtin_interfaces/msg/rosidl_typesupport_microxrcedds_cpp__visibility_control.h
[1.994s] -- Up-to-date: /home/abdelrhaman/microros_ws/install/builtin_interfaces/lib/libbuiltin_interfaces__rosidl_typesupport_microxrcedds_cpp.so
[1.994s] -- Up-to-date: /home/abdelrhaman/microros_ws/install/builtin_interfaces/include/builtin_interfaces/builtin_interfaces
[1.994s] -- Up-to-date: /home/abdelrhaman/microros_ws/install/builtin_interfaces/include/builtin_interfaces/builtin_interfaces/msg
[1.994s] -- Up-to-date: /home/abdelrhaman/microros_ws/install/builtin_interfaces/include/builtin_interfaces/builtin_interfaces/msg/detail
[1.994s] -- Up-to-date: /home/abdelrhaman/microros_ws/install/builtin_interfaces/include/builtin_interfaces/builtin_interfaces/msg/detail/duration__rosidl_typesupport_fastrtps_cpp.hpp
[1.994s] -- Up-to-date: /home/abdelrhaman/microros_ws/install/builtin_interfaces/include/builtin_interfaces/builtin_interfaces/msg/detail/dds_fastrtps
[1.994s] -- Up-to-date: /home/abdelrhaman/microros_ws/install/builtin_interfaces/include/builtin_interfaces/builtin_interfaces/msg/detail/time__rosidl_typesupport_fastrtps_cpp.hpp
[1.994s] -- Up-to-date: /home/abdelrhaman/microros_ws/install/builtin_interfaces/include/builtin_interfaces/builtin_interfaces/msg/rosidl_typesupport_fastrtps_cpp__visibility_control.h
[1.995s] -- Up-to-date: /home/abdelrhaman/microros_ws/install/builtin_interfaces/lib/libbuiltin_interfaces__rosidl_typesupport_fastrtps_cpp.so
[1.995s] -- Up-to-date: /home/abdelrhaman/microros_ws/install/builtin_interfaces/include/builtin_interfaces/builtin_interfaces
[1.995s] -- Up-to-date: /home/abdelrhaman/microros_ws/install/builtin_interfaces/include/builtin_interfaces/builtin_interfaces/msg
[1.995s] -- Up-to-date: /home/abdelrhaman/microros_ws/install/builtin_interfaces/include/builtin_interfaces/builtin_interfaces/msg/detail
[1.995s] -- Up-to-date: /home/abdelrhaman/microros_ws/install/builtin_interfaces/include/builtin_interfaces/builtin_interfaces/msg/detail/duration__type_support.cpp
[1.995s] -- Up-to-date: /home/abdelrhaman/microros_ws/install/builtin_interfaces/include/builtin_interfaces/builtin_interfaces/msg/detail/duration__rosidl_typesupport_introspection_cpp.hpp
[1.995s] -- Up-to-date: /home/abdelrhaman/microros_ws/install/builtin_interfaces/include/builtin_interfaces/builtin_interfaces/msg/detail/time__rosidl_typesupport_introspection_cpp.hpp
[1.995s] -- Up-to-date: /home/abdelrhaman/microros_ws/install/builtin_interfaces/include/builtin_interfaces/builtin_interfaces/msg/detail/time__type_support.cpp
[1.995s] -- Up-to-date: /home/abdelrhaman/microros_ws/install/builtin_interfaces/lib/libbuiltin_interfaces__rosidl_typesupport_introspection_cpp.so
[1.995s] -- Up-to-date: /home/abdelrhaman/microros_ws/install/builtin_interfaces/lib/libbuiltin_interfaces__rosidl_typesupport_cpp.so
[1.995s] -- Up-to-date: /home/abdelrhaman/microros_ws/install/builtin_interfaces/share/builtin_interfaces/environment/pythonpath.sh
[1.995s] -- Installing: /home/abdelrhaman/microros_ws/install/builtin_interfaces/share/builtin_interfaces/environment/pythonpath.dsv
[1.995s] -- Up-to-date: /home/abdelrhaman/microros_ws/install/builtin_interfaces/local/lib/python3.10/dist-packages/builtin_interfaces-1.2.1-py3.10.egg-info
[1.995s] -- Installing: /home/abdelrhaman/microros_ws/install/builtin_interfaces/local/lib/python3.10/dist-packages/builtin_interfaces-1.2.1-py3.10.egg-info/PKG-INFO
[1.995s] -- Installing: /home/abdelrhaman/microros_ws/install/builtin_interfaces/local/lib/python3.10/dist-packages/builtin_interfaces-1.2.1-py3.10.egg-info/SOURCES.txt
[1.995s] -- Installing: /home/abdelrhaman/microros_ws/install/builtin_interfaces/local/lib/python3.10/dist-packages/builtin_interfaces-1.2.1-py3.10.egg-info/top_level.txt
[1.995s] -- Installing: /home/abdelrhaman/microros_ws/install/builtin_interfaces/local/lib/python3.10/dist-packages/builtin_interfaces-1.2.1-py3.10.egg-info/dependency_links.txt
[1.995s] -- Up-to-date: /home/abdelrhaman/microros_ws/install/builtin_interfaces/local/lib/python3.10/dist-packages/builtin_interfaces
[1.995s] -- Up-to-date: /home/abdelrhaman/microros_ws/install/builtin_interfaces/local/lib/python3.10/dist-packages/builtin_interfaces/builtin_interfaces_s__rosidl_typesupport_fastrtps_c.cpython-310-x86_64-linux-gnu.so
[1.995s] -- Up-to-date: /home/abdelrhaman/microros_ws/install/builtin_interfaces/local/lib/python3.10/dist-packages/builtin_interfaces/builtin_interfaces_s__rosidl_typesupport_microxrcedds_c.cpython-310-x86_64-linux-gnu.so
[1.995s] -- Up-to-date: /home/abdelrhaman/microros_ws/install/builtin_interfaces/local/lib/python3.10/dist-packages/builtin_interfaces/_builtin_interfaces_s.ep.rosidl_typesupport_introspection_c.c
[1.995s] -- Up-to-date: /home/abdelrhaman/microros_ws/install/builtin_interfaces/local/lib/python3.10/dist-packages/builtin_interfaces/libbuiltin_interfaces__rosidl_generator_py.so
[1.995s] -- Up-to-date: /home/abdelrhaman/microros_ws/install/builtin_interfaces/local/lib/python3.10/dist-packages/builtin_interfaces/_builtin_interfaces_s.ep.rosidl_typesupport_c.c
[1.995s] -- Installing: /home/abdelrhaman/microros_ws/install/builtin_interfaces/local/lib/python3.10/dist-packages/builtin_interfaces/__init__.py
[1.995s] -- Up-to-date: /home/abdelrhaman/microros_ws/install/builtin_interfaces/local/lib/python3.10/dist-packages/builtin_interfaces/builtin_interfaces_s__rosidl_typesupport_c.cpython-310-x86_64-linux-gnu.so
[1.995s] -- Up-to-date: /home/abdelrhaman/microros_ws/install/builtin_interfaces/local/lib/python3.10/dist-packages/builtin_interfaces/builtin_interfaces_s__rosidl_typesupport_introspection_c.cpython-310-x86_64-linux-gnu.so
[1.995s] -- Up-to-date: /home/abdelrhaman/microros_ws/install/builtin_interfaces/local/lib/python3.10/dist-packages/builtin_interfaces/msg
[1.995s] -- Up-to-date: /home/abdelrhaman/microros_ws/install/builtin_interfaces/local/lib/python3.10/dist-packages/builtin_interfaces/msg/_time_s.c
[1.995s] -- Up-to-date: /home/abdelrhaman/microros_ws/install/builtin_interfaces/local/lib/python3.10/dist-packages/builtin_interfaces/msg/_time.py
[1.995s] -- Up-to-date: /home/abdelrhaman/microros_ws/install/builtin_interfaces/local/lib/python3.10/dist-packages/builtin_interfaces/msg/_duration.py
[1.995s] -- Up-to-date: /home/abdelrhaman/microros_ws/install/builtin_interfaces/local/lib/python3.10/dist-packages/builtin_interfaces/msg/_duration_s.c
[1.995s] -- Up-to-date: /home/abdelrhaman/microros_ws/install/builtin_interfaces/local/lib/python3.10/dist-packages/builtin_interfaces/msg/__init__.py
[1.995s] -- Up-to-date: /home/abdelrhaman/microros_ws/install/builtin_interfaces/local/lib/python3.10/dist-packages/builtin_interfaces/_builtin_interfaces_s.ep.rosidl_typesupport_microxrcedds_c.c
[1.996s] -- Up-to-date: /home/abdelrhaman/microros_ws/install/builtin_interfaces/local/lib/python3.10/dist-packages/builtin_interfaces/_builtin_interfaces_s.ep.rosidl_typesupport_fastrtps_c.c
[2.028s] Listing '/home/abdelrhaman/microros_ws/install/builtin_interfaces/local/lib/python3.10/dist-packages/builtin_interfaces'...
[2.028s] Compiling '/home/abdelrhaman/microros_ws/install/builtin_interfaces/local/lib/python3.10/dist-packages/builtin_interfaces/__init__.py'...
[2.028s] Listing '/home/abdelrhaman/microros_ws/install/builtin_interfaces/local/lib/python3.10/dist-packages/builtin_interfaces/msg'...
[2.033s] -- Up-to-date: /home/abdelrhaman/microros_ws/install/builtin_interfaces/local/lib/python3.10/dist-packages/builtin_interfaces/builtin_interfaces_s__rosidl_typesupport_microxrcedds_c.cpython-310-x86_64-linux-gnu.so
[2.033s] -- Up-to-date: /home/abdelrhaman/microros_ws/install/builtin_interfaces/local/lib/python3.10/dist-packages/builtin_interfaces/builtin_interfaces_s__rosidl_typesupport_fastrtps_c.cpython-310-x86_64-linux-gnu.so
[2.033s] -- Up-to-date: /home/abdelrhaman/microros_ws/install/builtin_interfaces/local/lib/python3.10/dist-packages/builtin_interfaces/builtin_interfaces_s__rosidl_typesupport_introspection_c.cpython-310-x86_64-linux-gnu.so
[2.033s] -- Up-to-date: /home/abdelrhaman/microros_ws/install/builtin_interfaces/local/lib/python3.10/dist-packages/builtin_interfaces/builtin_interfaces_s__rosidl_typesupport_c.cpython-310-x86_64-linux-gnu.so
[2.033s] -- Up-to-date: /home/abdelrhaman/microros_ws/install/builtin_interfaces/lib/libbuiltin_interfaces__rosidl_generator_py.so
[2.033s] -- Up-to-date: /home/abdelrhaman/microros_ws/install/builtin_interfaces/share/builtin_interfaces/msg/Duration.idl
[2.033s] -- Up-to-date: /home/abdelrhaman/microros_ws/install/builtin_interfaces/share/builtin_interfaces/msg/Time.idl
[2.033s] -- Up-to-date: /home/abdelrhaman/microros_ws/install/builtin_interfaces/share/builtin_interfaces/msg/Duration.msg
[2.033s] -- Up-to-date: /home/abdelrhaman/microros_ws/install/builtin_interfaces/share/builtin_interfaces/msg/Time.msg
[2.033s] -- Up-to-date: /home/abdelrhaman/microros_ws/install/builtin_interfaces/share/ament_index/resource_index/package_run_dependencies/builtin_interfaces
[2.033s] -- Installing: /home/abdelrhaman/microros_ws/install/builtin_interfaces/share/ament_index/resource_index/parent_prefix_path/builtin_interfaces
[2.033s] -- Up-to-date: /home/abdelrhaman/microros_ws/install/builtin_interfaces/share/builtin_interfaces/environment/ament_prefix_path.sh
[2.033s] -- Installing: /home/abdelrhaman/microros_ws/install/builtin_interfaces/share/builtin_interfaces/environment/ament_prefix_path.dsv
[2.033s] -- Up-to-date: /home/abdelrhaman/microros_ws/install/builtin_interfaces/share/builtin_interfaces/environment/path.sh
[2.033s] -- Installing: /home/abdelrhaman/microros_ws/install/builtin_interfaces/share/builtin_interfaces/environment/path.dsv
[2.033s] -- Up-to-date: /home/abdelrhaman/microros_ws/install/builtin_interfaces/share/builtin_interfaces/local_setup.bash
[2.033s] -- Up-to-date: /home/abdelrhaman/microros_ws/install/builtin_interfaces/share/builtin_interfaces/local_setup.sh
[2.033s] -- Up-to-date: /home/abdelrhaman/microros_ws/install/builtin_interfaces/share/builtin_interfaces/local_setup.zsh
[2.033s] -- Installing: /home/abdelrhaman/microros_ws/install/builtin_interfaces/share/builtin_interfaces/local_setup.dsv
[2.033s] -- Installing: /home/abdelrhaman/microros_ws/install/builtin_interfaces/share/builtin_interfaces/package.dsv
[2.033s] -- Up-to-date: /home/abdelrhaman/microros_ws/install/builtin_interfaces/share/ament_index/resource_index/packages/builtin_interfaces
[2.033s] -- Up-to-date: /home/abdelrhaman/microros_ws/install/builtin_interfaces/share/builtin_interfaces/cmake/export_builtin_interfaces__rosidl_generator_cExport.cmake
[2.033s] -- Up-to-date: /home/abdelrhaman/microros_ws/install/builtin_interfaces/share/builtin_interfaces/cmake/export_builtin_interfaces__rosidl_generator_cExport-noconfig.cmake
[2.033s] -- Up-to-date: /home/abdelrhaman/microros_ws/install/builtin_interfaces/share/builtin_interfaces/cmake/export_builtin_interfaces__rosidl_typesupport_fastrtps_cExport.cmake
[2.033s] -- Up-to-date: /home/abdelrhaman/microros_ws/install/builtin_interfaces/share/builtin_interfaces/cmake/export_builtin_interfaces__rosidl_typesupport_fastrtps_cExport-noconfig.cmake
[2.034s] -- Up-to-date: /home/abdelrhaman/microros_ws/install/builtin_interfaces/share/builtin_interfaces/cmake/builtin_interfaces__rosidl_typesupport_introspection_cExport.cmake
[2.034s] -- Up-to-date: /home/abdelrhaman/microros_ws/install/builtin_interfaces/share/builtin_interfaces/cmake/builtin_interfaces__rosidl_typesupport_introspection_cExport-noconfig.cmake
[2.034s] -- Up-to-date: /home/abdelrhaman/microros_ws/install/builtin_interfaces/share/builtin_interfaces/cmake/builtin_interfaces__rosidl_typesupport_cExport.cmake
[2.034s] -- Up-to-date: /home/abdelrhaman/microros_ws/install/builtin_interfaces/share/builtin_interfaces/cmake/builtin_interfaces__rosidl_typesupport_cExport-noconfig.cmake
[2.034s] -- Up-to-date: /home/abdelrhaman/microros_ws/install/builtin_interfaces/share/builtin_interfaces/cmake/export_builtin_interfaces__rosidl_generator_cppExport.cmake
[2.034s] -- Up-to-date: /home/abdelrhaman/microros_ws/install/builtin_interfaces/share/builtin_interfaces/cmake/export_builtin_interfaces__rosidl_typesupport_fastrtps_cppExport.cmake
[2.034s] -- Up-to-date: /home/abdelrhaman/microros_ws/install/builtin_interfaces/share/builtin_interfaces/cmake/export_builtin_interfaces__rosidl_typesupport_fastrtps_cppExport-noconfig.cmake
[2.034s] -- Up-to-date: /home/abdelrhaman/microros_ws/install/builtin_interfaces/share/builtin_interfaces/cmake/builtin_interfaces__rosidl_typesupport_introspection_cppExport.cmake
[2.034s] -- Up-to-date: /home/abdelrhaman/microros_ws/install/builtin_interfaces/share/builtin_interfaces/cmake/builtin_interfaces__rosidl_typesupport_introspection_cppExport-noconfig.cmake
[2.034s] -- Up-to-date: /home/abdelrhaman/microros_ws/install/builtin_interfaces/share/builtin_interfaces/cmake/builtin_interfaces__rosidl_typesupport_cppExport.cmake
[2.034s] -- Up-to-date: /home/abdelrhaman/microros_ws/install/builtin_interfaces/share/builtin_interfaces/cmake/builtin_interfaces__rosidl_typesupport_cppExport-noconfig.cmake
[2.034s] -- Up-to-date: /home/abdelrhaman/microros_ws/install/builtin_interfaces/share/builtin_interfaces/cmake/export_builtin_interfaces__rosidl_generator_pyExport.cmake
[2.034s] -- Up-to-date: /home/abdelrhaman/microros_ws/install/builtin_interfaces/share/builtin_interfaces/cmake/export_builtin_interfaces__rosidl_generator_pyExport-noconfig.cmake
[2.034s] -- Up-to-date: /home/abdelrhaman/microros_ws/install/builtin_interfaces/share/builtin_interfaces/cmake/rosidl_cmake-extras.cmake
[2.034s] -- Up-to-date: /home/abdelrhaman/microros_ws/install/builtin_interfaces/share/builtin_interfaces/cmake/ament_cmake_export_include_directories-extras.cmake
[2.034s] -- Up-to-date: /home/abdelrhaman/microros_ws/install/builtin_interfaces/share/builtin_interfaces/cmake/ament_cmake_export_libraries-extras.cmake
[2.034s] -- Up-to-date: /home/abdelrhaman/microros_ws/install/builtin_interfaces/share/builtin_interfaces/cmake/ament_cmake_export_targets-extras.cmake
[2.034s] -- Up-to-date: /home/abdelrhaman/microros_ws/install/builtin_interfaces/share/builtin_interfaces/cmake/rosidl_cmake_export_typesupport_targets-extras.cmake
[2.034s] -- Up-to-date: /home/abdelrhaman/microros_ws/install/builtin_interfaces/share/builtin_interfaces/cmake/ament_cmake_export_dependencies-extras.cmake
[2.034s] -- Up-to-date: /home/abdelrhaman/microros_ws/install/builtin_interfaces/share/builtin_interfaces/cmake/rosidl_cmake_export_typesupport_libraries-extras.cmake
[2.034s] -- Up-to-date: /home/abdelrhaman/microros_ws/install/builtin_interfaces/share/builtin_interfaces/cmake/builtin_interfacesConfig.cmake
[2.034s] -- Up-to-date: /home/abdelrhaman/microros_ws/install/builtin_interfaces/share/builtin_interfaces/cmake/builtin_interfacesConfig-version.cmake
[2.034s] -- Up-to-date: /home/abdelrhaman/microros_ws/install/builtin_interfaces/share/builtin_interfaces/package.xml
[2.036s] Invoked command in '/home/abdelrhaman/microros_ws/build/builtin_interfaces' returned '0': CMAKE_PREFIX_PATH=${CMAKE_PREFIX_PATH}:/home/abdelrhaman/microros_ws/install/sensor_msgs_py:/home/abdelrhaman/ros/install/my_robot_controller:/opt/ros/humble /usr/bin/cmake --install /home/abdelrhaman/microros_ws/build/builtin_interfaces
