[0.032s] Invoking command in '/home/abdelrhaman/microros_ws/build/shape_msgs': CMAKE_PREFIX_PATH=/home/abdelrhaman/microros_ws/install/geometry_msgs:/home/abdelrhaman/microros_ws/install/std_msgs:/home/abdelrhaman/microros_ws/install/builtin_interfaces:/home/abdelrhaman/microros_ws/install/micro_ros_demos_rclc:/home/abdelrhaman/microros_ws/install/common_interfaces:/home/abdelrhaman/microros_ws/install/visualization_msgs:/home/abdelrhaman/microros_ws/install/test_msgs:/home/abdelrhaman/microros_ws/install/example_interfaces:/home/abdelrhaman/microros_ws/install/action_msgs:/home/abdelrhaman/microros_ws/install/unique_identifier_msgs:/home/abdelrhaman/microros_ws/install/trajectory_msgs:/home/abdelrhaman/microros_ws/install/stereo_msgs:/home/abdelrhaman/microros_ws/install/std_srvs:/home/abdelrhaman/microros_ws/install/shape_msgs:/home/abdelrhaman/microros_ws/install/sensor_msgs:/home/abdelrhaman/microros_ws/install/nav_msgs:/home/abdelrhaman/microros_ws/install/diagnostic_msgs:/home/abdelrhaman/microros_ws/install/actionlib_msgs:/home/abdelrhaman/microros_ws/install/statistics_msgs:/home/abdelrhaman/microros_ws/install/rosidl_typesupport_microxrcedds_test_msg:/home/abdelrhaman/microros_ws/install/rosidl_typesupport_microxrcedds_cpp_tests:/home/abdelrhaman/microros_ws/install/rmw_microxrcedds:/home/abdelrhaman/microros_ws/install/rosidl_typesupport_microxrcedds_cpp:/home/abdelrhaman/microros_ws/install/rosidl_typesupport_microxrcedds_c_tests:/home/abdelrhaman/microros_ws/install/rosidl_typesupport_microxrcedds_c:/home/abdelrhaman/microros_ws/install/rosgraph_msgs:/home/abdelrhaman/microros_ws/install/rclc_parameter:/home/abdelrhaman/microros_ws/install/rclc:/home/abdelrhaman/microros_ws/install/composition_interfaces:/home/abdelrhaman/microros_ws/install/rcl_interfaces:/home/abdelrhaman/microros_ws/install/microxrcedds_client:/home/abdelrhaman/microros_ws/install/microcdr:/home/abdelrhaman/microros_ws/install/micro_ros_utilities:/home/abdelrhaman/microros_ws/install/micro_ros_setup:/home/abdelrhaman/microros_ws/install/micro_ros_agent:/home/abdelrhaman/microros_ws/install/micro_ros_msgs:/home/abdelrhaman/microros_ws/install/lifecycle_msgs:/home/abdelrhaman/microros_ws/install/complex_msgs:/home/abdelrhaman/microros_ws/install/sensor_msgs_py:/home/abdelrhaman/ros/install/my_robot_controller:/opt/ros/humble LD_LIBRARY_PATH=/home/abdelrhaman/microros_ws/install/geometry_msgs/lib:/home/abdelrhaman/microros_ws/install/std_msgs/lib:/home/abdelrhaman/microros_ws/install/builtin_interfaces/lib:/home/abdelrhaman/microros_ws/install/visualization_msgs/lib:/home/abdelrhaman/microros_ws/install/test_msgs/lib:/home/abdelrhaman/microros_ws/install/example_interfaces/lib:/home/abdelrhaman/microros_ws/install/action_msgs/lib:/home/abdelrhaman/microros_ws/install/unique_identifier_msgs/lib:/home/abdelrhaman/microros_ws/install/trajectory_msgs/lib:/home/abdelrhaman/microros_ws/install/stereo_msgs/lib:/home/abdelrhaman/microros_ws/install/std_srvs/lib:/home/abdelrhaman/microros_ws/install/shape_msgs/lib:/home/abdelrhaman/microros_ws/install/sensor_msgs/lib:/home/abdelrhaman/microros_ws/install/nav_msgs/lib:/home/abdelrhaman/microros_ws/install/diagnostic_msgs/lib:/home/abdelrhaman/microros_ws/install/actionlib_msgs/lib:/home/abdelrhaman/microros_ws/install/statistics_msgs/lib:/home/abdelrhaman/microros_ws/install/rmw_microxrcedds/lib:/home/abdelrhaman/microros_ws/install/rosidl_typesupport_microxrcedds_cpp/lib:/home/abdelrhaman/microros_ws/install/rosidl_typesupport_microxrcedds_c/lib:/home/abdelrhaman/microros_ws/install/rosgraph_msgs/lib:/home/abdelrhaman/microros_ws/install/rclc_parameter/lib:/home/abdelrhaman/microros_ws/install/rclc/lib:/home/abdelrhaman/microros_ws/install/composition_interfaces/lib:/home/abdelrhaman/microros_ws/install/rcl_interfaces/lib:/home/abdelrhaman/microros_ws/install/microxrcedds_client/lib:/home/abdelrhaman/microros_ws/install/microcdr/lib:/home/abdelrhaman/microros_ws/install/micro_ros_utilities/lib:/home/abdelrhaman/microros_ws/install/micro_ros_agent/lib:/home/abdelrhaman/microros_ws/install/micro_ros_msgs/lib:/home/abdelrhaman/microros_ws/install/lifecycle_msgs/lib:/home/abdelrhaman/microros_ws/install/complex_msgs/lib:/opt/ros/humble/opt/rviz_ogre_vendor/lib:/opt/ros/humble/lib/x86_64-linux-gnu:/opt/ros/humble/lib /usr/bin/cmake /home/abdelrhaman/microros_ws/src/ros2/common_interfaces/shape_msgs -DBUILD_TESTING=OFF -DBUILD_SHARED_LIBS=ON -DCMAKE_INSTALL_PREFIX=/home/abdelrhaman/microros_ws/install/shape_msgs
[0.044s] -- Found ament_cmake: 1.3.10 (/opt/ros/humble/share/ament_cmake/cmake)
[0.156s] -- Found geometry_msgs: 4.2.4 (/home/abdelrhaman/microros_ws/install/geometry_msgs/share/geometry_msgs/cmake)
[0.175s] -- Found rosidl_generator_c: 3.1.5 (/opt/ros/humble/share/rosidl_generator_c/cmake)
[0.176s] -- Found rosidl_adapter: 3.1.5 (/opt/ros/humble/share/rosidl_adapter/cmake)
[0.180s] -- Found rosidl_generator_cpp: 3.1.5 (/opt/ros/humble/share/rosidl_generator_cpp/cmake)
[0.186s] -- Using all available rosidl_typesupport_c: rosidl_typesupport_microxrcedds_c;rosidl_typesupport_fastrtps_c;rosidl_typesupport_introspection_c
[0.198s] -- Using all available rosidl_typesupport_cpp: rosidl_typesupport_microxrcedds_cpp;rosidl_typesupport_fastrtps_cpp;rosidl_typesupport_introspection_cpp
[0.226s] -- Found rosidl_default_generators: 1.2.0 (/opt/ros/humble/share/rosidl_default_generators/cmake)
[0.492s] -- Found ament_cmake_ros: 0.10.0 (/opt/ros/humble/share/ament_cmake_ros/cmake)
[0.906s] -- Using all available rosidl_typesupport_c: rosidl_typesupport_microxrcedds_c;rosidl_typesupport_fastrtps_c;rosidl_typesupport_introspection_c
[1.106s] -- Using all available rosidl_typesupport_cpp: rosidl_typesupport_microxrcedds_cpp;rosidl_typesupport_fastrtps_cpp;rosidl_typesupport_introspection_cpp
[1.133s] -- Found python_cmake_module: 0.10.0 (/opt/ros/humble/share/python_cmake_module/cmake)
[1.154s] -- Using PYTHON_EXECUTABLE: /usr/bin/python3
[1.154s] -- Using PYTHON_INCLUDE_DIRS: /usr/include/python3.10
[1.154s] -- Using PYTHON_LIBRARIES: /usr/lib/x86_64-linux-gnu/libpython3.10.so
[1.198s] -- Configuring done
[1.245s] -- Generating done
[1.249s] -- Build files have been written to: /home/abdelrhaman/microros_ws/build/shape_msgs
[1.258s] Invoked command in '/home/abdelrhaman/microros_ws/build/shape_msgs' returned '0': CMAKE_PREFIX_PATH=/home/abdelrhaman/microros_ws/install/geometry_msgs:/home/abdelrhaman/microros_ws/install/std_msgs:/home/abdelrhaman/microros_ws/install/builtin_interfaces:/home/abdelrhaman/microros_ws/install/micro_ros_demos_rclc:/home/abdelrhaman/microros_ws/install/common_interfaces:/home/abdelrhaman/microros_ws/install/visualization_msgs:/home/abdelrhaman/microros_ws/install/test_msgs:/home/abdelrhaman/microros_ws/install/example_interfaces:/home/abdelrhaman/microros_ws/install/action_msgs:/home/abdelrhaman/microros_ws/install/unique_identifier_msgs:/home/abdelrhaman/microros_ws/install/trajectory_msgs:/home/abdelrhaman/microros_ws/install/stereo_msgs:/home/abdelrhaman/microros_ws/install/std_srvs:/home/abdelrhaman/microros_ws/install/shape_msgs:/home/abdelrhaman/microros_ws/install/sensor_msgs:/home/abdelrhaman/microros_ws/install/nav_msgs:/home/abdelrhaman/microros_ws/install/diagnostic_msgs:/home/abdelrhaman/microros_ws/install/actionlib_msgs:/home/abdelrhaman/microros_ws/install/statistics_msgs:/home/abdelrhaman/microros_ws/install/rosidl_typesupport_microxrcedds_test_msg:/home/abdelrhaman/microros_ws/install/rosidl_typesupport_microxrcedds_cpp_tests:/home/abdelrhaman/microros_ws/install/rmw_microxrcedds:/home/abdelrhaman/microros_ws/install/rosidl_typesupport_microxrcedds_cpp:/home/abdelrhaman/microros_ws/install/rosidl_typesupport_microxrcedds_c_tests:/home/abdelrhaman/microros_ws/install/rosidl_typesupport_microxrcedds_c:/home/abdelrhaman/microros_ws/install/rosgraph_msgs:/home/abdelrhaman/microros_ws/install/rclc_parameter:/home/abdelrhaman/microros_ws/install/rclc:/home/abdelrhaman/microros_ws/install/composition_interfaces:/home/abdelrhaman/microros_ws/install/rcl_interfaces:/home/abdelrhaman/microros_ws/install/microxrcedds_client:/home/abdelrhaman/microros_ws/install/microcdr:/home/abdelrhaman/microros_ws/install/micro_ros_utilities:/home/abdelrhaman/microros_ws/install/micro_ros_setup:/home/abdelrhaman/microros_ws/install/micro_ros_agent:/home/abdelrhaman/microros_ws/install/micro_ros_msgs:/home/abdelrhaman/microros_ws/install/lifecycle_msgs:/home/abdelrhaman/microros_ws/install/complex_msgs:/home/abdelrhaman/microros_ws/install/sensor_msgs_py:/home/abdelrhaman/ros/install/my_robot_controller:/opt/ros/humble LD_LIBRARY_PATH=/home/abdelrhaman/microros_ws/install/geometry_msgs/lib:/home/abdelrhaman/microros_ws/install/std_msgs/lib:/home/abdelrhaman/microros_ws/install/builtin_interfaces/lib:/home/abdelrhaman/microros_ws/install/visualization_msgs/lib:/home/abdelrhaman/microros_ws/install/test_msgs/lib:/home/abdelrhaman/microros_ws/install/example_interfaces/lib:/home/abdelrhaman/microros_ws/install/action_msgs/lib:/home/abdelrhaman/microros_ws/install/unique_identifier_msgs/lib:/home/abdelrhaman/microros_ws/install/trajectory_msgs/lib:/home/abdelrhaman/microros_ws/install/stereo_msgs/lib:/home/abdelrhaman/microros_ws/install/std_srvs/lib:/home/abdelrhaman/microros_ws/install/shape_msgs/lib:/home/abdelrhaman/microros_ws/install/sensor_msgs/lib:/home/abdelrhaman/microros_ws/install/nav_msgs/lib:/home/abdelrhaman/microros_ws/install/diagnostic_msgs/lib:/home/abdelrhaman/microros_ws/install/actionlib_msgs/lib:/home/abdelrhaman/microros_ws/install/statistics_msgs/lib:/home/abdelrhaman/microros_ws/install/rmw_microxrcedds/lib:/home/abdelrhaman/microros_ws/install/rosidl_typesupport_microxrcedds_cpp/lib:/home/abdelrhaman/microros_ws/install/rosidl_typesupport_microxrcedds_c/lib:/home/abdelrhaman/microros_ws/install/rosgraph_msgs/lib:/home/abdelrhaman/microros_ws/install/rclc_parameter/lib:/home/abdelrhaman/microros_ws/install/rclc/lib:/home/abdelrhaman/microros_ws/install/composition_interfaces/lib:/home/abdelrhaman/microros_ws/install/rcl_interfaces/lib:/home/abdelrhaman/microros_ws/install/microxrcedds_client/lib:/home/abdelrhaman/microros_ws/install/microcdr/lib:/home/abdelrhaman/microros_ws/install/micro_ros_utilities/lib:/home/abdelrhaman/microros_ws/install/micro_ros_agent/lib:/home/abdelrhaman/microros_ws/install/micro_ros_msgs/lib:/home/abdelrhaman/microros_ws/install/lifecycle_msgs/lib:/home/abdelrhaman/microros_ws/install/complex_msgs/lib:/opt/ros/humble/opt/rviz_ogre_vendor/lib:/opt/ros/humble/lib/x86_64-linux-gnu:/opt/ros/humble/lib /usr/bin/cmake /home/abdelrhaman/microros_ws/src/ros2/common_interfaces/shape_msgs -DBUILD_TESTING=OFF -DBUILD_SHARED_LIBS=ON -DCMAKE_INSTALL_PREFIX=/home/abdelrhaman/microros_ws/install/shape_msgs
[1.259s] Invoking command in '/home/abdelrhaman/microros_ws/build/shape_msgs': CMAKE_PREFIX_PATH=/home/abdelrhaman/microros_ws/install/geometry_msgs:/home/abdelrhaman/microros_ws/install/std_msgs:/home/abdelrhaman/microros_ws/install/builtin_interfaces:/home/abdelrhaman/microros_ws/install/micro_ros_demos_rclc:/home/abdelrhaman/microros_ws/install/common_interfaces:/home/abdelrhaman/microros_ws/install/visualization_msgs:/home/abdelrhaman/microros_ws/install/test_msgs:/home/abdelrhaman/microros_ws/install/example_interfaces:/home/abdelrhaman/microros_ws/install/action_msgs:/home/abdelrhaman/microros_ws/install/unique_identifier_msgs:/home/abdelrhaman/microros_ws/install/trajectory_msgs:/home/abdelrhaman/microros_ws/install/stereo_msgs:/home/abdelrhaman/microros_ws/install/std_srvs:/home/abdelrhaman/microros_ws/install/shape_msgs:/home/abdelrhaman/microros_ws/install/sensor_msgs:/home/abdelrhaman/microros_ws/install/nav_msgs:/home/abdelrhaman/microros_ws/install/diagnostic_msgs:/home/abdelrhaman/microros_ws/install/actionlib_msgs:/home/abdelrhaman/microros_ws/install/statistics_msgs:/home/abdelrhaman/microros_ws/install/rosidl_typesupport_microxrcedds_test_msg:/home/abdelrhaman/microros_ws/install/rosidl_typesupport_microxrcedds_cpp_tests:/home/abdelrhaman/microros_ws/install/rmw_microxrcedds:/home/abdelrhaman/microros_ws/install/rosidl_typesupport_microxrcedds_cpp:/home/abdelrhaman/microros_ws/install/rosidl_typesupport_microxrcedds_c_tests:/home/abdelrhaman/microros_ws/install/rosidl_typesupport_microxrcedds_c:/home/abdelrhaman/microros_ws/install/rosgraph_msgs:/home/abdelrhaman/microros_ws/install/rclc_parameter:/home/abdelrhaman/microros_ws/install/rclc:/home/abdelrhaman/microros_ws/install/composition_interfaces:/home/abdelrhaman/microros_ws/install/rcl_interfaces:/home/abdelrhaman/microros_ws/install/microxrcedds_client:/home/abdelrhaman/microros_ws/install/microcdr:/home/abdelrhaman/microros_ws/install/micro_ros_utilities:/home/abdelrhaman/microros_ws/install/micro_ros_setup:/home/abdelrhaman/microros_ws/install/micro_ros_agent:/home/abdelrhaman/microros_ws/install/micro_ros_msgs:/home/abdelrhaman/microros_ws/install/lifecycle_msgs:/home/abdelrhaman/microros_ws/install/complex_msgs:/home/abdelrhaman/microros_ws/install/sensor_msgs_py:/home/abdelrhaman/ros/install/my_robot_controller:/opt/ros/humble LD_LIBRARY_PATH=/home/abdelrhaman/microros_ws/install/geometry_msgs/lib:/home/abdelrhaman/microros_ws/install/std_msgs/lib:/home/abdelrhaman/microros_ws/install/builtin_interfaces/lib:/home/abdelrhaman/microros_ws/install/visualization_msgs/lib:/home/abdelrhaman/microros_ws/install/test_msgs/lib:/home/abdelrhaman/microros_ws/install/example_interfaces/lib:/home/abdelrhaman/microros_ws/install/action_msgs/lib:/home/abdelrhaman/microros_ws/install/unique_identifier_msgs/lib:/home/abdelrhaman/microros_ws/install/trajectory_msgs/lib:/home/abdelrhaman/microros_ws/install/stereo_msgs/lib:/home/abdelrhaman/microros_ws/install/std_srvs/lib:/home/abdelrhaman/microros_ws/install/shape_msgs/lib:/home/abdelrhaman/microros_ws/install/sensor_msgs/lib:/home/abdelrhaman/microros_ws/install/nav_msgs/lib:/home/abdelrhaman/microros_ws/install/diagnostic_msgs/lib:/home/abdelrhaman/microros_ws/install/actionlib_msgs/lib:/home/abdelrhaman/microros_ws/install/statistics_msgs/lib:/home/abdelrhaman/microros_ws/install/rmw_microxrcedds/lib:/home/abdelrhaman/microros_ws/install/rosidl_typesupport_microxrcedds_cpp/lib:/home/abdelrhaman/microros_ws/install/rosidl_typesupport_microxrcedds_c/lib:/home/abdelrhaman/microros_ws/install/rosgraph_msgs/lib:/home/abdelrhaman/microros_ws/install/rclc_parameter/lib:/home/abdelrhaman/microros_ws/install/rclc/lib:/home/abdelrhaman/microros_ws/install/composition_interfaces/lib:/home/abdelrhaman/microros_ws/install/rcl_interfaces/lib:/home/abdelrhaman/microros_ws/install/microxrcedds_client/lib:/home/abdelrhaman/microros_ws/install/microcdr/lib:/home/abdelrhaman/microros_ws/install/micro_ros_utilities/lib:/home/abdelrhaman/microros_ws/install/micro_ros_agent/lib:/home/abdelrhaman/microros_ws/install/micro_ros_msgs/lib:/home/abdelrhaman/microros_ws/install/lifecycle_msgs/lib:/home/abdelrhaman/microros_ws/install/complex_msgs/lib:/opt/ros/humble/opt/rviz_ogre_vendor/lib:/opt/ros/humble/lib/x86_64-linux-gnu:/opt/ros/humble/lib /usr/bin/cmake --build /home/abdelrhaman/microros_ws/build/shape_msgs -- -j20 -l20
[1.299s] [35m[1mConsolidate compiler generated dependencies of target shape_msgs__rosidl_generator_c[0m
[1.309s] [  1%] Built target shape_msgs__cpp
[1.309s] [ 10%] Built target shape_msgs__rosidl_generator_c
[1.318s] [ 11%] [34m[1mGenerating C++ type support dispatch for ROS interfaces[0m
[1.319s] [35m[1mConsolidate compiler generated dependencies of target shape_msgs__rosidl_typesupport_introspection_cpp[0m
[1.325s] [ 11%] Built target ament_cmake_python_copy_shape_msgs
[1.326s] [35m[1mConsolidate compiler generated dependencies of target shape_msgs__rosidl_typesupport_fastrtps_cpp[0m
[1.327s] [35m[1mConsolidate compiler generated dependencies of target shape_msgs__rosidl_typesupport_microxrcedds_cpp[0m
[1.332s] [ 20%] Built target shape_msgs__rosidl_typesupport_introspection_cpp
[1.336s] [35m[1mConsolidate compiler generated dependencies of target shape_msgs__rosidl_typesupport_microxrcedds_c[0m
[1.337s] [35m[1mConsolidate compiler generated dependencies of target shape_msgs__rosidl_typesupport_fastrtps_c[0m
[1.338s] [ 28%] Built target shape_msgs__rosidl_typesupport_fastrtps_cpp
[1.338s] [ 30%] [34m[1mGenerating C type support dispatch for ROS interfaces[0m
[1.339s] [35m[1mConsolidate compiler generated dependencies of target shape_msgs__rosidl_typesupport_introspection_c[0m
[1.339s] [ 31%] [32m[1mLinking CXX shared library libshape_msgs__rosidl_typesupport_microxrcedds_cpp.so[0m
[1.350s] [ 33%] [32m[1mLinking C shared library libshape_msgs__rosidl_typesupport_microxrcedds_c.so[0m
[1.352s] [ 42%] Built target shape_msgs__rosidl_typesupport_fastrtps_c
[1.353s] [ 50%] Built target shape_msgs__rosidl_typesupport_introspection_c
[1.406s] [ 57%] Built target shape_msgs__rosidl_typesupport_microxrcedds_c
[1.438s] [ 65%] Built target shape_msgs__rosidl_typesupport_microxrcedds_cpp
[1.849s] running egg_info
[1.937s] writing shape_msgs.egg-info/PKG-INFO
[1.937s] [35m[1mConsolidate compiler generated dependencies of target shape_msgs__rosidl_typesupport_cpp[0m
[1.956s] [ 66%] [32mBuilding CXX object CMakeFiles/shape_msgs__rosidl_typesupport_cpp.dir/rosidl_typesupport_cpp/shape_msgs/msg/mesh__type_support.cpp.o[0m
[1.957s] [35m[1mConsolidate compiler generated dependencies of target shape_msgs__rosidl_typesupport_c[0m
[1.958s] [ 68%] [32mBuilding CXX object CMakeFiles/shape_msgs__rosidl_typesupport_cpp.dir/rosidl_typesupport_cpp/shape_msgs/msg/mesh_triangle__type_support.cpp.o[0m
[1.965s] [ 69%] [32mBuilding CXX object CMakeFiles/shape_msgs__rosidl_typesupport_cpp.dir/rosidl_typesupport_cpp/shape_msgs/msg/plane__type_support.cpp.o[0m
[1.965s] [ 71%] [32mBuilding CXX object CMakeFiles/shape_msgs__rosidl_typesupport_cpp.dir/rosidl_typesupport_cpp/shape_msgs/msg/solid_primitive__type_support.cpp.o[0m
[1.977s] [ 72%] [32mBuilding CXX object CMakeFiles/shape_msgs__rosidl_typesupport_c.dir/rosidl_typesupport_c/shape_msgs/msg/mesh_triangle__type_support.cpp.o[0m
[1.981s] [ 73%] [32mBuilding CXX object CMakeFiles/shape_msgs__rosidl_typesupport_c.dir/rosidl_typesupport_c/shape_msgs/msg/mesh__type_support.cpp.o[0m
[1.987s] [ 75%] [32mBuilding CXX object CMakeFiles/shape_msgs__rosidl_typesupport_c.dir/rosidl_typesupport_c/shape_msgs/msg/solid_primitive__type_support.cpp.o[0m
[1.994s] [ 76%] [32mBuilding CXX object CMakeFiles/shape_msgs__rosidl_typesupport_c.dir/rosidl_typesupport_c/shape_msgs/msg/plane__type_support.cpp.o[0m
[1.997s] writing dependency_links to shape_msgs.egg-info/dependency_links.txt
[2.050s] [ 78%] [32m[1mLinking CXX shared library libshape_msgs__rosidl_typesupport_c.so[0m
[2.092s] [ 78%] Built target shape_msgs__rosidl_typesupport_c
[2.317s] [ 79%] [32m[1mLinking CXX shared library libshape_msgs__rosidl_typesupport_cpp.so[0m
[2.370s] [ 79%] Built target shape_msgs__rosidl_typesupport_cpp
[2.387s] writing top-level names to shape_msgs.egg-info/top_level.txt
[2.393s] [ 79%] Built target shape_msgs
[2.437s] [ 81%] Built target shape_msgs__py
[2.457s] [35m[1mConsolidate compiler generated dependencies of target shape_msgs__rosidl_generator_py[0m
[2.480s] [ 82%] [32m[1mLinking C shared library rosidl_generator_py/shape_msgs/libshape_msgs__rosidl_generator_py.so[0m
[2.528s] reading manifest file 'shape_msgs.egg-info/SOURCES.txt'
[2.529s] writing manifest file 'shape_msgs.egg-info/SOURCES.txt'
[2.579s] [ 88%] Built target shape_msgs__rosidl_generator_py
[2.601s] [35m[1mConsolidate compiler generated dependencies of target shape_msgs__rosidl_typesupport_fastrtps_c__pyext[0m
[2.602s] [35m[1mConsolidate compiler generated dependencies of target shape_msgs__rosidl_typesupport_c__pyext[0m
[2.603s] [35m[1mConsolidate compiler generated dependencies of target shape_msgs__rosidl_typesupport_introspection_c__pyext[0m
[2.607s] [35m[1mConsolidate compiler generated dependencies of target shape_msgs__rosidl_typesupport_microxrcedds_c__pyext[0m
[2.612s] [ 88%] Built target ament_cmake_python_build_shape_msgs_egg
[2.618s] [ 91%] [32m[1mLinking C shared library rosidl_generator_py/shape_msgs/shape_msgs_s__rosidl_typesupport_c.cpython-310-x86_64-linux-gnu.so[0m
[2.618s] [ 91%] [32m[1mLinking C shared library rosidl_generator_py/shape_msgs/shape_msgs_s__rosidl_typesupport_introspection_c.cpython-310-x86_64-linux-gnu.so[0m
[2.618s] [ 92%] [32m[1mLinking C shared library rosidl_generator_py/shape_msgs/shape_msgs_s__rosidl_typesupport_fastrtps_c.cpython-310-x86_64-linux-gnu.so[0m
[2.621s] [ 94%] [32m[1mLinking C shared library rosidl_generator_py/shape_msgs/shape_msgs_s__rosidl_typesupport_microxrcedds_c.cpython-310-x86_64-linux-gnu.so[0m
[2.653s] [ 95%] Built target shape_msgs__rosidl_typesupport_c__pyext
[2.656s] [ 98%] Built target shape_msgs__rosidl_typesupport_microxrcedds_c__pyext
[2.656s] [ 98%] Built target shape_msgs__rosidl_typesupport_fastrtps_c__pyext
[2.656s] [100%] Built target shape_msgs__rosidl_typesupport_introspection_c__pyext
[2.666s] Invoked command in '/home/abdelrhaman/microros_ws/build/shape_msgs' returned '0': CMAKE_PREFIX_PATH=/home/abdelrhaman/microros_ws/install/geometry_msgs:/home/abdelrhaman/microros_ws/install/std_msgs:/home/abdelrhaman/microros_ws/install/builtin_interfaces:/home/abdelrhaman/microros_ws/install/micro_ros_demos_rclc:/home/abdelrhaman/microros_ws/install/common_interfaces:/home/abdelrhaman/microros_ws/install/visualization_msgs:/home/abdelrhaman/microros_ws/install/test_msgs:/home/abdelrhaman/microros_ws/install/example_interfaces:/home/abdelrhaman/microros_ws/install/action_msgs:/home/abdelrhaman/microros_ws/install/unique_identifier_msgs:/home/abdelrhaman/microros_ws/install/trajectory_msgs:/home/abdelrhaman/microros_ws/install/stereo_msgs:/home/abdelrhaman/microros_ws/install/std_srvs:/home/abdelrhaman/microros_ws/install/shape_msgs:/home/abdelrhaman/microros_ws/install/sensor_msgs:/home/abdelrhaman/microros_ws/install/nav_msgs:/home/abdelrhaman/microros_ws/install/diagnostic_msgs:/home/abdelrhaman/microros_ws/install/actionlib_msgs:/home/abdelrhaman/microros_ws/install/statistics_msgs:/home/abdelrhaman/microros_ws/install/rosidl_typesupport_microxrcedds_test_msg:/home/abdelrhaman/microros_ws/install/rosidl_typesupport_microxrcedds_cpp_tests:/home/abdelrhaman/microros_ws/install/rmw_microxrcedds:/home/abdelrhaman/microros_ws/install/rosidl_typesupport_microxrcedds_cpp:/home/abdelrhaman/microros_ws/install/rosidl_typesupport_microxrcedds_c_tests:/home/abdelrhaman/microros_ws/install/rosidl_typesupport_microxrcedds_c:/home/abdelrhaman/microros_ws/install/rosgraph_msgs:/home/abdelrhaman/microros_ws/install/rclc_parameter:/home/abdelrhaman/microros_ws/install/rclc:/home/abdelrhaman/microros_ws/install/composition_interfaces:/home/abdelrhaman/microros_ws/install/rcl_interfaces:/home/abdelrhaman/microros_ws/install/microxrcedds_client:/home/abdelrhaman/microros_ws/install/microcdr:/home/abdelrhaman/microros_ws/install/micro_ros_utilities:/home/abdelrhaman/microros_ws/install/micro_ros_setup:/home/abdelrhaman/microros_ws/install/micro_ros_agent:/home/abdelrhaman/microros_ws/install/micro_ros_msgs:/home/abdelrhaman/microros_ws/install/lifecycle_msgs:/home/abdelrhaman/microros_ws/install/complex_msgs:/home/abdelrhaman/microros_ws/install/sensor_msgs_py:/home/abdelrhaman/ros/install/my_robot_controller:/opt/ros/humble LD_LIBRARY_PATH=/home/abdelrhaman/microros_ws/install/geometry_msgs/lib:/home/abdelrhaman/microros_ws/install/std_msgs/lib:/home/abdelrhaman/microros_ws/install/builtin_interfaces/lib:/home/abdelrhaman/microros_ws/install/visualization_msgs/lib:/home/abdelrhaman/microros_ws/install/test_msgs/lib:/home/abdelrhaman/microros_ws/install/example_interfaces/lib:/home/abdelrhaman/microros_ws/install/action_msgs/lib:/home/abdelrhaman/microros_ws/install/unique_identifier_msgs/lib:/home/abdelrhaman/microros_ws/install/trajectory_msgs/lib:/home/abdelrhaman/microros_ws/install/stereo_msgs/lib:/home/abdelrhaman/microros_ws/install/std_srvs/lib:/home/abdelrhaman/microros_ws/install/shape_msgs/lib:/home/abdelrhaman/microros_ws/install/sensor_msgs/lib:/home/abdelrhaman/microros_ws/install/nav_msgs/lib:/home/abdelrhaman/microros_ws/install/diagnostic_msgs/lib:/home/abdelrhaman/microros_ws/install/actionlib_msgs/lib:/home/abdelrhaman/microros_ws/install/statistics_msgs/lib:/home/abdelrhaman/microros_ws/install/rmw_microxrcedds/lib:/home/abdelrhaman/microros_ws/install/rosidl_typesupport_microxrcedds_cpp/lib:/home/abdelrhaman/microros_ws/install/rosidl_typesupport_microxrcedds_c/lib:/home/abdelrhaman/microros_ws/install/rosgraph_msgs/lib:/home/abdelrhaman/microros_ws/install/rclc_parameter/lib:/home/abdelrhaman/microros_ws/install/rclc/lib:/home/abdelrhaman/microros_ws/install/composition_interfaces/lib:/home/abdelrhaman/microros_ws/install/rcl_interfaces/lib:/home/abdelrhaman/microros_ws/install/microxrcedds_client/lib:/home/abdelrhaman/microros_ws/install/microcdr/lib:/home/abdelrhaman/microros_ws/install/micro_ros_utilities/lib:/home/abdelrhaman/microros_ws/install/micro_ros_agent/lib:/home/abdelrhaman/microros_ws/install/micro_ros_msgs/lib:/home/abdelrhaman/microros_ws/install/lifecycle_msgs/lib:/home/abdelrhaman/microros_ws/install/complex_msgs/lib:/opt/ros/humble/opt/rviz_ogre_vendor/lib:/opt/ros/humble/lib/x86_64-linux-gnu:/opt/ros/humble/lib /usr/bin/cmake --build /home/abdelrhaman/microros_ws/build/shape_msgs -- -j20 -l20
[2.886s] Invoking command in '/home/abdelrhaman/microros_ws/build/shape_msgs': CMAKE_PREFIX_PATH=/home/abdelrhaman/microros_ws/install/geometry_msgs:/home/abdelrhaman/microros_ws/install/std_msgs:/home/abdelrhaman/microros_ws/install/builtin_interfaces:/home/abdelrhaman/microros_ws/install/micro_ros_demos_rclc:/home/abdelrhaman/microros_ws/install/common_interfaces:/home/abdelrhaman/microros_ws/install/visualization_msgs:/home/abdelrhaman/microros_ws/install/test_msgs:/home/abdelrhaman/microros_ws/install/example_interfaces:/home/abdelrhaman/microros_ws/install/action_msgs:/home/abdelrhaman/microros_ws/install/unique_identifier_msgs:/home/abdelrhaman/microros_ws/install/trajectory_msgs:/home/abdelrhaman/microros_ws/install/stereo_msgs:/home/abdelrhaman/microros_ws/install/std_srvs:/home/abdelrhaman/microros_ws/install/shape_msgs:/home/abdelrhaman/microros_ws/install/sensor_msgs:/home/abdelrhaman/microros_ws/install/nav_msgs:/home/abdelrhaman/microros_ws/install/diagnostic_msgs:/home/abdelrhaman/microros_ws/install/actionlib_msgs:/home/abdelrhaman/microros_ws/install/statistics_msgs:/home/abdelrhaman/microros_ws/install/rosidl_typesupport_microxrcedds_test_msg:/home/abdelrhaman/microros_ws/install/rosidl_typesupport_microxrcedds_cpp_tests:/home/abdelrhaman/microros_ws/install/rmw_microxrcedds:/home/abdelrhaman/microros_ws/install/rosidl_typesupport_microxrcedds_cpp:/home/abdelrhaman/microros_ws/install/rosidl_typesupport_microxrcedds_c_tests:/home/abdelrhaman/microros_ws/install/rosidl_typesupport_microxrcedds_c:/home/abdelrhaman/microros_ws/install/rosgraph_msgs:/home/abdelrhaman/microros_ws/install/rclc_parameter:/home/abdelrhaman/microros_ws/install/rclc:/home/abdelrhaman/microros_ws/install/composition_interfaces:/home/abdelrhaman/microros_ws/install/rcl_interfaces:/home/abdelrhaman/microros_ws/install/microxrcedds_client:/home/abdelrhaman/microros_ws/install/microcdr:/home/abdelrhaman/microros_ws/install/micro_ros_utilities:/home/abdelrhaman/microros_ws/install/micro_ros_setup:/home/abdelrhaman/microros_ws/install/micro_ros_agent:/home/abdelrhaman/microros_ws/install/micro_ros_msgs:/home/abdelrhaman/microros_ws/install/lifecycle_msgs:/home/abdelrhaman/microros_ws/install/complex_msgs:/home/abdelrhaman/microros_ws/install/sensor_msgs_py:/home/abdelrhaman/ros/install/my_robot_controller:/opt/ros/humble LD_LIBRARY_PATH=/home/abdelrhaman/microros_ws/install/geometry_msgs/lib:/home/abdelrhaman/microros_ws/install/std_msgs/lib:/home/abdelrhaman/microros_ws/install/builtin_interfaces/lib:/home/abdelrhaman/microros_ws/install/visualization_msgs/lib:/home/abdelrhaman/microros_ws/install/test_msgs/lib:/home/abdelrhaman/microros_ws/install/example_interfaces/lib:/home/abdelrhaman/microros_ws/install/action_msgs/lib:/home/abdelrhaman/microros_ws/install/unique_identifier_msgs/lib:/home/abdelrhaman/microros_ws/install/trajectory_msgs/lib:/home/abdelrhaman/microros_ws/install/stereo_msgs/lib:/home/abdelrhaman/microros_ws/install/std_srvs/lib:/home/abdelrhaman/microros_ws/install/shape_msgs/lib:/home/abdelrhaman/microros_ws/install/sensor_msgs/lib:/home/abdelrhaman/microros_ws/install/nav_msgs/lib:/home/abdelrhaman/microros_ws/install/diagnostic_msgs/lib:/home/abdelrhaman/microros_ws/install/actionlib_msgs/lib:/home/abdelrhaman/microros_ws/install/statistics_msgs/lib:/home/abdelrhaman/microros_ws/install/rmw_microxrcedds/lib:/home/abdelrhaman/microros_ws/install/rosidl_typesupport_microxrcedds_cpp/lib:/home/abdelrhaman/microros_ws/install/rosidl_typesupport_microxrcedds_c/lib:/home/abdelrhaman/microros_ws/install/rosgraph_msgs/lib:/home/abdelrhaman/microros_ws/install/rclc_parameter/lib:/home/abdelrhaman/microros_ws/install/rclc/lib:/home/abdelrhaman/microros_ws/install/composition_interfaces/lib:/home/abdelrhaman/microros_ws/install/rcl_interfaces/lib:/home/abdelrhaman/microros_ws/install/microxrcedds_client/lib:/home/abdelrhaman/microros_ws/install/microcdr/lib:/home/abdelrhaman/microros_ws/install/micro_ros_utilities/lib:/home/abdelrhaman/microros_ws/install/micro_ros_agent/lib:/home/abdelrhaman/microros_ws/install/micro_ros_msgs/lib:/home/abdelrhaman/microros_ws/install/lifecycle_msgs/lib:/home/abdelrhaman/microros_ws/install/complex_msgs/lib:/opt/ros/humble/opt/rviz_ogre_vendor/lib:/opt/ros/humble/lib/x86_64-linux-gnu:/opt/ros/humble/lib /usr/bin/cmake --install /home/abdelrhaman/microros_ws/build/shape_msgs
[2.892s] -- Install configuration: ""
[2.892s] -- Up-to-date: /home/abdelrhaman/microros_ws/install/shape_msgs/share/ament_index/resource_index/rosidl_interfaces/shape_msgs
[2.893s] -- Up-to-date: /home/abdelrhaman/microros_ws/install/shape_msgs/include/shape_msgs/shape_msgs
[2.893s] -- Up-to-date: /home/abdelrhaman/microros_ws/install/shape_msgs/include/shape_msgs/shape_msgs/msg
[2.893s] -- Up-to-date: /home/abdelrhaman/microros_ws/install/shape_msgs/include/shape_msgs/shape_msgs/msg/mesh_triangle.h
[2.893s] -- Up-to-date: /home/abdelrhaman/microros_ws/install/shape_msgs/include/shape_msgs/shape_msgs/msg/rosidl_generator_c__visibility_control.h
[2.893s] -- Up-to-date: /home/abdelrhaman/microros_ws/install/shape_msgs/include/shape_msgs/shape_msgs/msg/solid_primitive.h
[2.893s] -- Up-to-date: /home/abdelrhaman/microros_ws/install/shape_msgs/include/shape_msgs/shape_msgs/msg/detail
[2.893s] -- Up-to-date: /home/abdelrhaman/microros_ws/install/shape_msgs/include/shape_msgs/shape_msgs/msg/detail/solid_primitive__functions.h
[2.893s] -- Up-to-date: /home/abdelrhaman/microros_ws/install/shape_msgs/include/shape_msgs/shape_msgs/msg/detail/plane__functions.c
[2.893s] -- Up-to-date: /home/abdelrhaman/microros_ws/install/shape_msgs/include/shape_msgs/shape_msgs/msg/detail/mesh__struct.h
[2.893s] -- Up-to-date: /home/abdelrhaman/microros_ws/install/shape_msgs/include/shape_msgs/shape_msgs/msg/detail/solid_primitive__functions.c
[2.893s] -- Up-to-date: /home/abdelrhaman/microros_ws/install/shape_msgs/include/shape_msgs/shape_msgs/msg/detail/mesh_triangle__type_support.h
[2.893s] -- Up-to-date: /home/abdelrhaman/microros_ws/install/shape_msgs/include/shape_msgs/shape_msgs/msg/detail/mesh__type_support.h
[2.893s] -- Up-to-date: /home/abdelrhaman/microros_ws/install/shape_msgs/include/shape_msgs/shape_msgs/msg/detail/solid_primitive__type_support.h
[2.894s] -- Up-to-date: /home/abdelrhaman/microros_ws/install/shape_msgs/include/shape_msgs/shape_msgs/msg/detail/mesh_triangle__struct.h
[2.894s] -- Up-to-date: /home/abdelrhaman/microros_ws/install/shape_msgs/include/shape_msgs/shape_msgs/msg/detail/plane__struct.h
[2.894s] -- Up-to-date: /home/abdelrhaman/microros_ws/install/shape_msgs/include/shape_msgs/shape_msgs/msg/detail/mesh__functions.c
[2.894s] -- Up-to-date: /home/abdelrhaman/microros_ws/install/shape_msgs/include/shape_msgs/shape_msgs/msg/detail/plane__functions.h
[2.894s] -- Up-to-date: /home/abdelrhaman/microros_ws/install/shape_msgs/include/shape_msgs/shape_msgs/msg/detail/mesh__functions.h
[2.894s] -- Up-to-date: /home/abdelrhaman/microros_ws/install/shape_msgs/include/shape_msgs/shape_msgs/msg/detail/mesh_triangle__functions.c
[2.894s] -- Up-to-date: /home/abdelrhaman/microros_ws/install/shape_msgs/include/shape_msgs/shape_msgs/msg/detail/solid_primitive__struct.h
[2.894s] -- Up-to-date: /home/abdelrhaman/microros_ws/install/shape_msgs/include/shape_msgs/shape_msgs/msg/detail/mesh_triangle__functions.h
[2.894s] -- Up-to-date: /home/abdelrhaman/microros_ws/install/shape_msgs/include/shape_msgs/shape_msgs/msg/detail/plane__type_support.h
[2.894s] -- Up-to-date: /home/abdelrhaman/microros_ws/install/shape_msgs/include/shape_msgs/shape_msgs/msg/plane.h
[2.894s] -- Up-to-date: /home/abdelrhaman/microros_ws/install/shape_msgs/include/shape_msgs/shape_msgs/msg/mesh.h
[2.894s] -- Up-to-date: /home/abdelrhaman/microros_ws/install/shape_msgs/share/shape_msgs/environment/library_path.sh
[2.895s] -- Installing: /home/abdelrhaman/microros_ws/install/shape_msgs/share/shape_msgs/environment/library_path.dsv
[2.895s] -- Up-to-date: /home/abdelrhaman/microros_ws/install/shape_msgs/lib/libshape_msgs__rosidl_generator_c.so
[2.895s] -- Up-to-date: /home/abdelrhaman/microros_ws/install/shape_msgs/include/shape_msgs/shape_msgs
[2.895s] -- Up-to-date: /home/abdelrhaman/microros_ws/install/shape_msgs/include/shape_msgs/shape_msgs/msg
[2.895s] -- Up-to-date: /home/abdelrhaman/microros_ws/install/shape_msgs/include/shape_msgs/shape_msgs/msg/detail
[2.895s] -- Up-to-date: /home/abdelrhaman/microros_ws/install/shape_msgs/include/shape_msgs/shape_msgs/msg/detail/solid_primitive__rosidl_typesupport_fastrtps_c.h
[2.895s] -- Up-to-date: /home/abdelrhaman/microros_ws/install/shape_msgs/include/shape_msgs/shape_msgs/msg/detail/mesh__rosidl_typesupport_fastrtps_c.h
[2.895s] -- Up-to-date: /home/abdelrhaman/microros_ws/install/shape_msgs/include/shape_msgs/shape_msgs/msg/detail/plane__rosidl_typesupport_fastrtps_c.h
[2.895s] -- Up-to-date: /home/abdelrhaman/microros_ws/install/shape_msgs/include/shape_msgs/shape_msgs/msg/detail/mesh_triangle__rosidl_typesupport_fastrtps_c.h
[2.896s] -- Up-to-date: /home/abdelrhaman/microros_ws/install/shape_msgs/include/shape_msgs/shape_msgs/msg/rosidl_typesupport_fastrtps_c__visibility_control.h
[2.896s] -- Up-to-date: /home/abdelrhaman/microros_ws/install/shape_msgs/lib/libshape_msgs__rosidl_typesupport_fastrtps_c.so
[2.896s] -- Up-to-date: /home/abdelrhaman/microros_ws/install/shape_msgs/include/shape_msgs/shape_msgs
[2.896s] -- Up-to-date: /home/abdelrhaman/microros_ws/install/shape_msgs/include/shape_msgs/shape_msgs/msg
[2.896s] -- Up-to-date: /home/abdelrhaman/microros_ws/install/shape_msgs/include/shape_msgs/shape_msgs/msg/solid_primitive.hpp
[2.896s] -- Up-to-date: /home/abdelrhaman/microros_ws/install/shape_msgs/include/shape_msgs/shape_msgs/msg/detail
[2.896s] -- Up-to-date: /home/abdelrhaman/microros_ws/install/shape_msgs/include/shape_msgs/shape_msgs/msg/detail/mesh_triangle__traits.hpp
[2.896s] -- Up-to-date: /home/abdelrhaman/microros_ws/install/shape_msgs/include/shape_msgs/shape_msgs/msg/detail/mesh_triangle__struct.hpp
[2.897s] -- Up-to-date: /home/abdelrhaman/microros_ws/install/shape_msgs/include/shape_msgs/shape_msgs/msg/detail/plane__traits.hpp
[2.897s] -- Up-to-date: /home/abdelrhaman/microros_ws/install/shape_msgs/include/shape_msgs/shape_msgs/msg/detail/mesh__traits.hpp
[2.897s] -- Up-to-date: /home/abdelrhaman/microros_ws/install/shape_msgs/include/shape_msgs/shape_msgs/msg/detail/solid_primitive__traits.hpp
[2.897s] -- Up-to-date: /home/abdelrhaman/microros_ws/install/shape_msgs/include/shape_msgs/shape_msgs/msg/detail/mesh_triangle__builder.hpp
[2.897s] -- Up-to-date: /home/abdelrhaman/microros_ws/install/shape_msgs/include/shape_msgs/shape_msgs/msg/detail/solid_primitive__struct.hpp
[2.898s] -- Up-to-date: /home/abdelrhaman/microros_ws/install/shape_msgs/include/shape_msgs/shape_msgs/msg/detail/plane__struct.hpp
[2.898s] -- Up-to-date: /home/abdelrhaman/microros_ws/install/shape_msgs/include/shape_msgs/shape_msgs/msg/detail/mesh__builder.hpp
[2.898s] -- Up-to-date: /home/abdelrhaman/microros_ws/install/shape_msgs/include/shape_msgs/shape_msgs/msg/detail/plane__builder.hpp
[2.898s] -- Up-to-date: /home/abdelrhaman/microros_ws/install/shape_msgs/include/shape_msgs/shape_msgs/msg/detail/mesh__struct.hpp
[2.898s] -- Up-to-date: /home/abdelrhaman/microros_ws/install/shape_msgs/include/shape_msgs/shape_msgs/msg/detail/solid_primitive__builder.hpp
[2.898s] -- Up-to-date: /home/abdelrhaman/microros_ws/install/shape_msgs/include/shape_msgs/shape_msgs/msg/mesh.hpp
[2.898s] -- Up-to-date: /home/abdelrhaman/microros_ws/install/shape_msgs/include/shape_msgs/shape_msgs/msg/plane.hpp
[2.898s] -- Up-to-date: /home/abdelrhaman/microros_ws/install/shape_msgs/include/shape_msgs/shape_msgs/msg/mesh_triangle.hpp
[2.898s] -- Up-to-date: /home/abdelrhaman/microros_ws/install/shape_msgs/include/shape_msgs/shape_msgs
[2.898s] -- Up-to-date: /home/abdelrhaman/microros_ws/install/shape_msgs/include/shape_msgs/shape_msgs/msg
[2.898s] -- Up-to-date: /home/abdelrhaman/microros_ws/install/shape_msgs/include/shape_msgs/shape_msgs/msg/detail
[2.898s] -- Up-to-date: /home/abdelrhaman/microros_ws/install/shape_msgs/include/shape_msgs/shape_msgs/msg/detail/plane__rosidl_typesupport_fastrtps_cpp.hpp
[2.899s] -- Up-to-date: /home/abdelrhaman/microros_ws/install/shape_msgs/include/shape_msgs/shape_msgs/msg/detail/mesh_triangle__rosidl_typesupport_fastrtps_cpp.hpp
[2.899s] -- Up-to-date: /home/abdelrhaman/microros_ws/install/shape_msgs/include/shape_msgs/shape_msgs/msg/detail/dds_fastrtps
[2.899s] -- Up-to-date: /home/abdelrhaman/microros_ws/install/shape_msgs/include/shape_msgs/shape_msgs/msg/detail/solid_primitive__rosidl_typesupport_fastrtps_cpp.hpp
[2.899s] -- Up-to-date: /home/abdelrhaman/microros_ws/install/shape_msgs/include/shape_msgs/shape_msgs/msg/detail/mesh__rosidl_typesupport_fastrtps_cpp.hpp
[2.899s] -- Up-to-date: /home/abdelrhaman/microros_ws/install/shape_msgs/include/shape_msgs/shape_msgs/msg/rosidl_typesupport_fastrtps_cpp__visibility_control.h
[2.899s] -- Up-to-date: /home/abdelrhaman/microros_ws/install/shape_msgs/lib/libshape_msgs__rosidl_typesupport_fastrtps_cpp.so
[2.899s] -- Up-to-date: /home/abdelrhaman/microros_ws/install/shape_msgs/include/shape_msgs
[2.899s] -- Up-to-date: /home/abdelrhaman/microros_ws/install/shape_msgs/include/shape_msgs/msg
[2.900s] -- Up-to-date: /home/abdelrhaman/microros_ws/install/shape_msgs/include/shape_msgs/msg/detail
[2.900s] -- Up-to-date: /home/abdelrhaman/microros_ws/install/shape_msgs/include/shape_msgs/msg/detail/mesh_triangle__rosidl_typesupport_microxrcedds_c.h
[2.900s] -- Up-to-date: /home/abdelrhaman/microros_ws/install/shape_msgs/include/shape_msgs/msg/detail/plane__rosidl_typesupport_microxrcedds_c.h
[2.900s] -- Up-to-date: /home/abdelrhaman/microros_ws/install/shape_msgs/include/shape_msgs/msg/detail/solid_primitive__rosidl_typesupport_microxrcedds_c.h
[2.900s] -- Up-to-date: /home/abdelrhaman/microros_ws/install/shape_msgs/include/shape_msgs/msg/detail/mesh__rosidl_typesupport_microxrcedds_c.h
[2.900s] -- Up-to-date: /home/abdelrhaman/microros_ws/install/shape_msgs/include/shape_msgs/msg/detail/microxrcedds
[2.900s] -- Up-to-date: /home/abdelrhaman/microros_ws/install/shape_msgs/include/shape_msgs/msg/rosidl_typesupport_microxrcedds_c__visibility_control.h
[2.900s] -- Installing: /home/abdelrhaman/microros_ws/install/shape_msgs/lib/libshape_msgs__rosidl_typesupport_microxrcedds_c.so
[2.900s] -- Set runtime path of "/home/abdelrhaman/microros_ws/install/shape_msgs/lib/libshape_msgs__rosidl_typesupport_microxrcedds_c.so" to ""
[2.900s] -- Up-to-date: /home/abdelrhaman/microros_ws/install/shape_msgs/include/shape_msgs/shape_msgs
[2.900s] -- Up-to-date: /home/abdelrhaman/microros_ws/install/shape_msgs/include/shape_msgs/shape_msgs/msg
[2.900s] -- Up-to-date: /home/abdelrhaman/microros_ws/install/shape_msgs/include/shape_msgs/shape_msgs/msg/rosidl_typesupport_introspection_c__visibility_control.h
[2.900s] -- Up-to-date: /home/abdelrhaman/microros_ws/install/shape_msgs/include/shape_msgs/shape_msgs/msg/detail
[2.900s] -- Up-to-date: /home/abdelrhaman/microros_ws/install/shape_msgs/include/shape_msgs/shape_msgs/msg/detail/mesh_triangle__rosidl_typesupport_introspection_c.h
[2.901s] -- Up-to-date: /home/abdelrhaman/microros_ws/install/shape_msgs/include/shape_msgs/shape_msgs/msg/detail/plane__type_support.c
[2.901s] -- Up-to-date: /home/abdelrhaman/microros_ws/install/shape_msgs/include/shape_msgs/shape_msgs/msg/detail/mesh__type_support.c
[2.901s] -- Up-to-date: /home/abdelrhaman/microros_ws/install/shape_msgs/include/shape_msgs/shape_msgs/msg/detail/solid_primitive__rosidl_typesupport_introspection_c.h
[2.901s] -- Up-to-date: /home/abdelrhaman/microros_ws/install/shape_msgs/include/shape_msgs/shape_msgs/msg/detail/plane__rosidl_typesupport_introspection_c.h
[2.901s] -- Up-to-date: /home/abdelrhaman/microros_ws/install/shape_msgs/include/shape_msgs/shape_msgs/msg/detail/solid_primitive__type_support.c
[2.901s] -- Up-to-date: /home/abdelrhaman/microros_ws/install/shape_msgs/include/shape_msgs/shape_msgs/msg/detail/mesh__rosidl_typesupport_introspection_c.h
[2.901s] -- Up-to-date: /home/abdelrhaman/microros_ws/install/shape_msgs/include/shape_msgs/shape_msgs/msg/detail/mesh_triangle__type_support.c
[2.901s] -- Up-to-date: /home/abdelrhaman/microros_ws/install/shape_msgs/lib/libshape_msgs__rosidl_typesupport_introspection_c.so
[2.901s] -- Installing: /home/abdelrhaman/microros_ws/install/shape_msgs/lib/libshape_msgs__rosidl_typesupport_c.so
[2.901s] -- Set runtime path of "/home/abdelrhaman/microros_ws/install/shape_msgs/lib/libshape_msgs__rosidl_typesupport_c.so" to ""
[2.901s] -- Up-to-date: /home/abdelrhaman/microros_ws/install/shape_msgs/include/shape_msgs
[2.902s] -- Up-to-date: /home/abdelrhaman/microros_ws/install/shape_msgs/include/shape_msgs/msg
[2.902s] -- Up-to-date: /home/abdelrhaman/microros_ws/install/shape_msgs/include/shape_msgs/msg/detail
[2.902s] -- Up-to-date: /home/abdelrhaman/microros_ws/install/shape_msgs/include/shape_msgs/msg/detail/plane__rosidl_typesupport_microxrcedds_cpp.hpp
[2.902s] -- Up-to-date: /home/abdelrhaman/microros_ws/install/shape_msgs/include/shape_msgs/msg/detail/mesh__rosidl_typesupport_microxrcedds_cpp.hpp
[2.902s] -- Up-to-date: /home/abdelrhaman/microros_ws/install/shape_msgs/include/shape_msgs/msg/detail/solid_primitive__rosidl_typesupport_microxrcedds_cpp.hpp
[2.902s] -- Up-to-date: /home/abdelrhaman/microros_ws/install/shape_msgs/include/shape_msgs/msg/detail/mesh_triangle__rosidl_typesupport_microxrcedds_cpp.hpp
[2.902s] -- Up-to-date: /home/abdelrhaman/microros_ws/install/shape_msgs/include/shape_msgs/msg/detail/microxrcedds
[2.902s] -- Up-to-date: /home/abdelrhaman/microros_ws/install/shape_msgs/include/shape_msgs/msg/detail/microxrcedds/solid_primitive__type_support_cpp.cpp
[2.902s] -- Up-to-date: /home/abdelrhaman/microros_ws/install/shape_msgs/include/shape_msgs/msg/detail/microxrcedds/plane__type_support_cpp.cpp
[2.902s] -- Up-to-date: /home/abdelrhaman/microros_ws/install/shape_msgs/include/shape_msgs/msg/detail/microxrcedds/mesh_triangle__type_support_cpp.cpp
[2.902s] -- Up-to-date: /home/abdelrhaman/microros_ws/install/shape_msgs/include/shape_msgs/msg/detail/microxrcedds/mesh__type_support_cpp.cpp
[2.902s] -- Up-to-date: /home/abdelrhaman/microros_ws/install/shape_msgs/include/shape_msgs/msg/rosidl_typesupport_microxrcedds_cpp__visibility_control.h
[2.903s] -- Installing: /home/abdelrhaman/microros_ws/install/shape_msgs/lib/libshape_msgs__rosidl_typesupport_microxrcedds_cpp.so
[2.903s] -- Set runtime path of "/home/abdelrhaman/microros_ws/install/shape_msgs/lib/libshape_msgs__rosidl_typesupport_microxrcedds_cpp.so" to ""
[2.903s] -- Up-to-date: /home/abdelrhaman/microros_ws/install/shape_msgs/include/shape_msgs/shape_msgs
[2.903s] -- Up-to-date: /home/abdelrhaman/microros_ws/install/shape_msgs/include/shape_msgs/shape_msgs/msg
[2.903s] -- Up-to-date: /home/abdelrhaman/microros_ws/install/shape_msgs/include/shape_msgs/shape_msgs/msg/detail
[2.903s] -- Up-to-date: /home/abdelrhaman/microros_ws/install/shape_msgs/include/shape_msgs/shape_msgs/msg/detail/solid_primitive__type_support.cpp
[2.903s] -- Up-to-date: /home/abdelrhaman/microros_ws/install/shape_msgs/include/shape_msgs/shape_msgs/msg/detail/plane__rosidl_typesupport_introspection_cpp.hpp
[2.903s] -- Up-to-date: /home/abdelrhaman/microros_ws/install/shape_msgs/include/shape_msgs/shape_msgs/msg/detail/mesh__rosidl_typesupport_introspection_cpp.hpp
[2.903s] -- Up-to-date: /home/abdelrhaman/microros_ws/install/shape_msgs/include/shape_msgs/shape_msgs/msg/detail/mesh__type_support.cpp
[2.903s] -- Up-to-date: /home/abdelrhaman/microros_ws/install/shape_msgs/include/shape_msgs/shape_msgs/msg/detail/plane__type_support.cpp
[2.904s] -- Up-to-date: /home/abdelrhaman/microros_ws/install/shape_msgs/include/shape_msgs/shape_msgs/msg/detail/mesh_triangle__type_support.cpp
[2.904s] -- Up-to-date: /home/abdelrhaman/microros_ws/install/shape_msgs/include/shape_msgs/shape_msgs/msg/detail/solid_primitive__rosidl_typesupport_introspection_cpp.hpp
[2.904s] -- Up-to-date: /home/abdelrhaman/microros_ws/install/shape_msgs/include/shape_msgs/shape_msgs/msg/detail/mesh_triangle__rosidl_typesupport_introspection_cpp.hpp
[2.904s] -- Up-to-date: /home/abdelrhaman/microros_ws/install/shape_msgs/lib/libshape_msgs__rosidl_typesupport_introspection_cpp.so
[2.904s] -- Installing: /home/abdelrhaman/microros_ws/install/shape_msgs/lib/libshape_msgs__rosidl_typesupport_cpp.so
[2.904s] -- Set runtime path of "/home/abdelrhaman/microros_ws/install/shape_msgs/lib/libshape_msgs__rosidl_typesupport_cpp.so" to ""
[2.904s] -- Up-to-date: /home/abdelrhaman/microros_ws/install/shape_msgs/share/shape_msgs/environment/pythonpath.sh
[2.904s] -- Installing: /home/abdelrhaman/microros_ws/install/shape_msgs/share/shape_msgs/environment/pythonpath.dsv
[2.904s] -- Up-to-date: /home/abdelrhaman/microros_ws/install/shape_msgs/local/lib/python3.10/dist-packages/shape_msgs-4.2.4-py3.10.egg-info
[2.904s] -- Installing: /home/abdelrhaman/microros_ws/install/shape_msgs/local/lib/python3.10/dist-packages/shape_msgs-4.2.4-py3.10.egg-info/PKG-INFO
[2.904s] -- Installing: /home/abdelrhaman/microros_ws/install/shape_msgs/local/lib/python3.10/dist-packages/shape_msgs-4.2.4-py3.10.egg-info/SOURCES.txt
[2.904s] -- Installing: /home/abdelrhaman/microros_ws/install/shape_msgs/local/lib/python3.10/dist-packages/shape_msgs-4.2.4-py3.10.egg-info/top_level.txt
[2.905s] -- Installing: /home/abdelrhaman/microros_ws/install/shape_msgs/local/lib/python3.10/dist-packages/shape_msgs-4.2.4-py3.10.egg-info/dependency_links.txt
[2.905s] -- Up-to-date: /home/abdelrhaman/microros_ws/install/shape_msgs/local/lib/python3.10/dist-packages/shape_msgs
[2.905s] -- Up-to-date: /home/abdelrhaman/microros_ws/install/shape_msgs/local/lib/python3.10/dist-packages/shape_msgs/_shape_msgs_s.ep.rosidl_typesupport_fastrtps_c.c
[2.905s] -- Installing: /home/abdelrhaman/microros_ws/install/shape_msgs/local/lib/python3.10/dist-packages/shape_msgs/shape_msgs_s__rosidl_typesupport_introspection_c.cpython-310-x86_64-linux-gnu.so
[2.905s] -- Up-to-date: /home/abdelrhaman/microros_ws/install/shape_msgs/local/lib/python3.10/dist-packages/shape_msgs/_shape_msgs_s.ep.rosidl_typesupport_c.c
[2.905s] -- Installing: /home/abdelrhaman/microros_ws/install/shape_msgs/local/lib/python3.10/dist-packages/shape_msgs/__init__.py
[2.905s] -- Installing: /home/abdelrhaman/microros_ws/install/shape_msgs/local/lib/python3.10/dist-packages/shape_msgs/libshape_msgs__rosidl_generator_py.so
[2.905s] -- Installing: /home/abdelrhaman/microros_ws/install/shape_msgs/local/lib/python3.10/dist-packages/shape_msgs/shape_msgs_s__rosidl_typesupport_fastrtps_c.cpython-310-x86_64-linux-gnu.so
[2.905s] -- Installing: /home/abdelrhaman/microros_ws/install/shape_msgs/local/lib/python3.10/dist-packages/shape_msgs/shape_msgs_s__rosidl_typesupport_c.cpython-310-x86_64-linux-gnu.so
[2.905s] -- Up-to-date: /home/abdelrhaman/microros_ws/install/shape_msgs/local/lib/python3.10/dist-packages/shape_msgs/msg
[2.905s] -- Up-to-date: /home/abdelrhaman/microros_ws/install/shape_msgs/local/lib/python3.10/dist-packages/shape_msgs/msg/_mesh_triangle_s.c
[2.906s] -- Up-to-date: /home/abdelrhaman/microros_ws/install/shape_msgs/local/lib/python3.10/dist-packages/shape_msgs/msg/_mesh_s.c
[2.906s] -- Up-to-date: /home/abdelrhaman/microros_ws/install/shape_msgs/local/lib/python3.10/dist-packages/shape_msgs/msg/_plane_s.c
[2.906s] -- Up-to-date: /home/abdelrhaman/microros_ws/install/shape_msgs/local/lib/python3.10/dist-packages/shape_msgs/msg/_mesh.py
[2.906s] -- Up-to-date: /home/abdelrhaman/microros_ws/install/shape_msgs/local/lib/python3.10/dist-packages/shape_msgs/msg/_plane.py
[2.906s] -- Up-to-date: /home/abdelrhaman/microros_ws/install/shape_msgs/local/lib/python3.10/dist-packages/shape_msgs/msg/__init__.py
[2.906s] -- Up-to-date: /home/abdelrhaman/microros_ws/install/shape_msgs/local/lib/python3.10/dist-packages/shape_msgs/msg/_mesh_triangle.py
[2.906s] -- Up-to-date: /home/abdelrhaman/microros_ws/install/shape_msgs/local/lib/python3.10/dist-packages/shape_msgs/msg/_solid_primitive.py
[2.906s] -- Up-to-date: /home/abdelrhaman/microros_ws/install/shape_msgs/local/lib/python3.10/dist-packages/shape_msgs/msg/_solid_primitive_s.c
[2.906s] -- Up-to-date: /home/abdelrhaman/microros_ws/install/shape_msgs/local/lib/python3.10/dist-packages/shape_msgs/_shape_msgs_s.ep.rosidl_typesupport_introspection_c.c
[2.906s] -- Up-to-date: /home/abdelrhaman/microros_ws/install/shape_msgs/local/lib/python3.10/dist-packages/shape_msgs/_shape_msgs_s.ep.rosidl_typesupport_microxrcedds_c.c
[2.906s] -- Installing: /home/abdelrhaman/microros_ws/install/shape_msgs/local/lib/python3.10/dist-packages/shape_msgs/shape_msgs_s__rosidl_typesupport_microxrcedds_c.cpython-310-x86_64-linux-gnu.so
[2.928s] Listing '/home/abdelrhaman/microros_ws/install/shape_msgs/local/lib/python3.10/dist-packages/shape_msgs'...
[2.928s] Compiling '/home/abdelrhaman/microros_ws/install/shape_msgs/local/lib/python3.10/dist-packages/shape_msgs/__init__.py'...
[2.928s] Listing '/home/abdelrhaman/microros_ws/install/shape_msgs/local/lib/python3.10/dist-packages/shape_msgs/msg'...
[2.931s] -- Installing: /home/abdelrhaman/microros_ws/install/shape_msgs/local/lib/python3.10/dist-packages/shape_msgs/shape_msgs_s__rosidl_typesupport_microxrcedds_c.cpython-310-x86_64-linux-gnu.so
[2.931s] -- Set runtime path of "/home/abdelrhaman/microros_ws/install/shape_msgs/local/lib/python3.10/dist-packages/shape_msgs/shape_msgs_s__rosidl_typesupport_microxrcedds_c.cpython-310-x86_64-linux-gnu.so" to ""
[2.932s] -- Installing: /home/abdelrhaman/microros_ws/install/shape_msgs/local/lib/python3.10/dist-packages/shape_msgs/shape_msgs_s__rosidl_typesupport_fastrtps_c.cpython-310-x86_64-linux-gnu.so
[2.932s] -- Set runtime path of "/home/abdelrhaman/microros_ws/install/shape_msgs/local/lib/python3.10/dist-packages/shape_msgs/shape_msgs_s__rosidl_typesupport_fastrtps_c.cpython-310-x86_64-linux-gnu.so" to ""
[2.932s] -- Installing: /home/abdelrhaman/microros_ws/install/shape_msgs/local/lib/python3.10/dist-packages/shape_msgs/shape_msgs_s__rosidl_typesupport_introspection_c.cpython-310-x86_64-linux-gnu.so
[2.932s] -- Set runtime path of "/home/abdelrhaman/microros_ws/install/shape_msgs/local/lib/python3.10/dist-packages/shape_msgs/shape_msgs_s__rosidl_typesupport_introspection_c.cpython-310-x86_64-linux-gnu.so" to ""
[2.932s] -- Installing: /home/abdelrhaman/microros_ws/install/shape_msgs/local/lib/python3.10/dist-packages/shape_msgs/shape_msgs_s__rosidl_typesupport_c.cpython-310-x86_64-linux-gnu.so
[2.932s] -- Set runtime path of "/home/abdelrhaman/microros_ws/install/shape_msgs/local/lib/python3.10/dist-packages/shape_msgs/shape_msgs_s__rosidl_typesupport_c.cpython-310-x86_64-linux-gnu.so" to ""
[2.932s] -- Installing: /home/abdelrhaman/microros_ws/install/shape_msgs/lib/libshape_msgs__rosidl_generator_py.so
[2.932s] -- Set runtime path of "/home/abdelrhaman/microros_ws/install/shape_msgs/lib/libshape_msgs__rosidl_generator_py.so" to ""
[2.932s] -- Up-to-date: /home/abdelrhaman/microros_ws/install/shape_msgs/share/shape_msgs/msg/Mesh.idl
[2.932s] -- Up-to-date: /home/abdelrhaman/microros_ws/install/shape_msgs/share/shape_msgs/msg/MeshTriangle.idl
[2.932s] -- Up-to-date: /home/abdelrhaman/microros_ws/install/shape_msgs/share/shape_msgs/msg/Plane.idl
[2.932s] -- Up-to-date: /home/abdelrhaman/microros_ws/install/shape_msgs/share/shape_msgs/msg/SolidPrimitive.idl
[2.933s] -- Up-to-date: /home/abdelrhaman/microros_ws/install/shape_msgs/share/shape_msgs/msg/Mesh.msg
[2.933s] -- Up-to-date: /home/abdelrhaman/microros_ws/install/shape_msgs/share/shape_msgs/msg/MeshTriangle.msg
[2.933s] -- Up-to-date: /home/abdelrhaman/microros_ws/install/shape_msgs/share/shape_msgs/msg/Plane.msg
[2.933s] -- Up-to-date: /home/abdelrhaman/microros_ws/install/shape_msgs/share/shape_msgs/msg/SolidPrimitive.msg
[2.933s] -- Up-to-date: /home/abdelrhaman/microros_ws/install/shape_msgs/share/ament_index/resource_index/package_run_dependencies/shape_msgs
[2.933s] -- Installing: /home/abdelrhaman/microros_ws/install/shape_msgs/share/ament_index/resource_index/parent_prefix_path/shape_msgs
[2.933s] -- Up-to-date: /home/abdelrhaman/microros_ws/install/shape_msgs/share/shape_msgs/environment/ament_prefix_path.sh
[2.933s] -- Installing: /home/abdelrhaman/microros_ws/install/shape_msgs/share/shape_msgs/environment/ament_prefix_path.dsv
[2.933s] -- Up-to-date: /home/abdelrhaman/microros_ws/install/shape_msgs/share/shape_msgs/environment/path.sh
[2.933s] -- Installing: /home/abdelrhaman/microros_ws/install/shape_msgs/share/shape_msgs/environment/path.dsv
[2.933s] -- Up-to-date: /home/abdelrhaman/microros_ws/install/shape_msgs/share/shape_msgs/local_setup.bash
[2.933s] -- Up-to-date: /home/abdelrhaman/microros_ws/install/shape_msgs/share/shape_msgs/local_setup.sh
[2.933s] -- Up-to-date: /home/abdelrhaman/microros_ws/install/shape_msgs/share/shape_msgs/local_setup.zsh
[2.934s] -- Installing: /home/abdelrhaman/microros_ws/install/shape_msgs/share/shape_msgs/local_setup.dsv
[2.934s] -- Installing: /home/abdelrhaman/microros_ws/install/shape_msgs/share/shape_msgs/package.dsv
[2.934s] -- Up-to-date: /home/abdelrhaman/microros_ws/install/shape_msgs/share/ament_index/resource_index/packages/shape_msgs
[2.934s] -- Up-to-date: /home/abdelrhaman/microros_ws/install/shape_msgs/share/shape_msgs/cmake/export_shape_msgs__rosidl_generator_cExport.cmake
[2.934s] -- Up-to-date: /home/abdelrhaman/microros_ws/install/shape_msgs/share/shape_msgs/cmake/export_shape_msgs__rosidl_generator_cExport-noconfig.cmake
[2.934s] -- Up-to-date: /home/abdelrhaman/microros_ws/install/shape_msgs/share/shape_msgs/cmake/export_shape_msgs__rosidl_typesupport_fastrtps_cExport.cmake
[2.934s] -- Up-to-date: /home/abdelrhaman/microros_ws/install/shape_msgs/share/shape_msgs/cmake/export_shape_msgs__rosidl_typesupport_fastrtps_cExport-noconfig.cmake
[2.934s] -- Up-to-date: /home/abdelrhaman/microros_ws/install/shape_msgs/share/shape_msgs/cmake/export_shape_msgs__rosidl_generator_cppExport.cmake
[2.934s] -- Up-to-date: /home/abdelrhaman/microros_ws/install/shape_msgs/share/shape_msgs/cmake/export_shape_msgs__rosidl_typesupport_fastrtps_cppExport.cmake
[2.934s] -- Up-to-date: /home/abdelrhaman/microros_ws/install/shape_msgs/share/shape_msgs/cmake/export_shape_msgs__rosidl_typesupport_fastrtps_cppExport-noconfig.cmake
[2.934s] -- Up-to-date: /home/abdelrhaman/microros_ws/install/shape_msgs/share/shape_msgs/cmake/shape_msgs__rosidl_typesupport_introspection_cExport.cmake
[2.934s] -- Up-to-date: /home/abdelrhaman/microros_ws/install/shape_msgs/share/shape_msgs/cmake/shape_msgs__rosidl_typesupport_introspection_cExport-noconfig.cmake
[2.934s] -- Up-to-date: /home/abdelrhaman/microros_ws/install/shape_msgs/share/shape_msgs/cmake/shape_msgs__rosidl_typesupport_cExport.cmake
[2.934s] -- Up-to-date: /home/abdelrhaman/microros_ws/install/shape_msgs/share/shape_msgs/cmake/shape_msgs__rosidl_typesupport_cExport-noconfig.cmake
[2.934s] -- Up-to-date: /home/abdelrhaman/microros_ws/install/shape_msgs/share/shape_msgs/cmake/shape_msgs__rosidl_typesupport_introspection_cppExport.cmake
[2.934s] -- Up-to-date: /home/abdelrhaman/microros_ws/install/shape_msgs/share/shape_msgs/cmake/shape_msgs__rosidl_typesupport_introspection_cppExport-noconfig.cmake
[2.934s] -- Up-to-date: /home/abdelrhaman/microros_ws/install/shape_msgs/share/shape_msgs/cmake/shape_msgs__rosidl_typesupport_cppExport.cmake
[2.934s] -- Up-to-date: /home/abdelrhaman/microros_ws/install/shape_msgs/share/shape_msgs/cmake/shape_msgs__rosidl_typesupport_cppExport-noconfig.cmake
[2.934s] -- Up-to-date: /home/abdelrhaman/microros_ws/install/shape_msgs/share/shape_msgs/cmake/export_shape_msgs__rosidl_generator_pyExport.cmake
[2.935s] -- Up-to-date: /home/abdelrhaman/microros_ws/install/shape_msgs/share/shape_msgs/cmake/export_shape_msgs__rosidl_generator_pyExport-noconfig.cmake
[2.935s] -- Up-to-date: /home/abdelrhaman/microros_ws/install/shape_msgs/share/shape_msgs/cmake/rosidl_cmake-extras.cmake
[2.935s] -- Up-to-date: /home/abdelrhaman/microros_ws/install/shape_msgs/share/shape_msgs/cmake/ament_cmake_export_dependencies-extras.cmake
[2.935s] -- Installing: /home/abdelrhaman/microros_ws/install/shape_msgs/share/shape_msgs/cmake/ament_cmake_export_include_directories-extras.cmake
[2.935s] -- Up-to-date: /home/abdelrhaman/microros_ws/install/shape_msgs/share/shape_msgs/cmake/ament_cmake_export_libraries-extras.cmake
[2.935s] -- Up-to-date: /home/abdelrhaman/microros_ws/install/shape_msgs/share/shape_msgs/cmake/ament_cmake_export_targets-extras.cmake
[2.935s] -- Up-to-date: /home/abdelrhaman/microros_ws/install/shape_msgs/share/shape_msgs/cmake/rosidl_cmake_export_typesupport_targets-extras.cmake
[2.935s] -- Installing: /home/abdelrhaman/microros_ws/install/shape_msgs/share/shape_msgs/cmake/rosidl_cmake_export_typesupport_libraries-extras.cmake
[2.935s] -- Up-to-date: /home/abdelrhaman/microros_ws/install/shape_msgs/share/shape_msgs/cmake/shape_msgsConfig.cmake
[2.935s] -- Up-to-date: /home/abdelrhaman/microros_ws/install/shape_msgs/share/shape_msgs/cmake/shape_msgsConfig-version.cmake
[2.935s] -- Up-to-date: /home/abdelrhaman/microros_ws/install/shape_msgs/share/shape_msgs/package.xml
[2.937s] Invoked command in '/home/abdelrhaman/microros_ws/build/shape_msgs' returned '0': CMAKE_PREFIX_PATH=/home/abdelrhaman/microros_ws/install/geometry_msgs:/home/abdelrhaman/microros_ws/install/std_msgs:/home/abdelrhaman/microros_ws/install/builtin_interfaces:/home/abdelrhaman/microros_ws/install/micro_ros_demos_rclc:/home/abdelrhaman/microros_ws/install/common_interfaces:/home/abdelrhaman/microros_ws/install/visualization_msgs:/home/abdelrhaman/microros_ws/install/test_msgs:/home/abdelrhaman/microros_ws/install/example_interfaces:/home/abdelrhaman/microros_ws/install/action_msgs:/home/abdelrhaman/microros_ws/install/unique_identifier_msgs:/home/abdelrhaman/microros_ws/install/trajectory_msgs:/home/abdelrhaman/microros_ws/install/stereo_msgs:/home/abdelrhaman/microros_ws/install/std_srvs:/home/abdelrhaman/microros_ws/install/shape_msgs:/home/abdelrhaman/microros_ws/install/sensor_msgs:/home/abdelrhaman/microros_ws/install/nav_msgs:/home/abdelrhaman/microros_ws/install/diagnostic_msgs:/home/abdelrhaman/microros_ws/install/actionlib_msgs:/home/abdelrhaman/microros_ws/install/statistics_msgs:/home/abdelrhaman/microros_ws/install/rosidl_typesupport_microxrcedds_test_msg:/home/abdelrhaman/microros_ws/install/rosidl_typesupport_microxrcedds_cpp_tests:/home/abdelrhaman/microros_ws/install/rmw_microxrcedds:/home/abdelrhaman/microros_ws/install/rosidl_typesupport_microxrcedds_cpp:/home/abdelrhaman/microros_ws/install/rosidl_typesupport_microxrcedds_c_tests:/home/abdelrhaman/microros_ws/install/rosidl_typesupport_microxrcedds_c:/home/abdelrhaman/microros_ws/install/rosgraph_msgs:/home/abdelrhaman/microros_ws/install/rclc_parameter:/home/abdelrhaman/microros_ws/install/rclc:/home/abdelrhaman/microros_ws/install/composition_interfaces:/home/abdelrhaman/microros_ws/install/rcl_interfaces:/home/abdelrhaman/microros_ws/install/microxrcedds_client:/home/abdelrhaman/microros_ws/install/microcdr:/home/abdelrhaman/microros_ws/install/micro_ros_utilities:/home/abdelrhaman/microros_ws/install/micro_ros_setup:/home/abdelrhaman/microros_ws/install/micro_ros_agent:/home/abdelrhaman/microros_ws/install/micro_ros_msgs:/home/abdelrhaman/microros_ws/install/lifecycle_msgs:/home/abdelrhaman/microros_ws/install/complex_msgs:/home/abdelrhaman/microros_ws/install/sensor_msgs_py:/home/abdelrhaman/ros/install/my_robot_controller:/opt/ros/humble LD_LIBRARY_PATH=/home/abdelrhaman/microros_ws/install/geometry_msgs/lib:/home/abdelrhaman/microros_ws/install/std_msgs/lib:/home/abdelrhaman/microros_ws/install/builtin_interfaces/lib:/home/abdelrhaman/microros_ws/install/visualization_msgs/lib:/home/abdelrhaman/microros_ws/install/test_msgs/lib:/home/abdelrhaman/microros_ws/install/example_interfaces/lib:/home/abdelrhaman/microros_ws/install/action_msgs/lib:/home/abdelrhaman/microros_ws/install/unique_identifier_msgs/lib:/home/abdelrhaman/microros_ws/install/trajectory_msgs/lib:/home/abdelrhaman/microros_ws/install/stereo_msgs/lib:/home/abdelrhaman/microros_ws/install/std_srvs/lib:/home/abdelrhaman/microros_ws/install/shape_msgs/lib:/home/abdelrhaman/microros_ws/install/sensor_msgs/lib:/home/abdelrhaman/microros_ws/install/nav_msgs/lib:/home/abdelrhaman/microros_ws/install/diagnostic_msgs/lib:/home/abdelrhaman/microros_ws/install/actionlib_msgs/lib:/home/abdelrhaman/microros_ws/install/statistics_msgs/lib:/home/abdelrhaman/microros_ws/install/rmw_microxrcedds/lib:/home/abdelrhaman/microros_ws/install/rosidl_typesupport_microxrcedds_cpp/lib:/home/abdelrhaman/microros_ws/install/rosidl_typesupport_microxrcedds_c/lib:/home/abdelrhaman/microros_ws/install/rosgraph_msgs/lib:/home/abdelrhaman/microros_ws/install/rclc_parameter/lib:/home/abdelrhaman/microros_ws/install/rclc/lib:/home/abdelrhaman/microros_ws/install/composition_interfaces/lib:/home/abdelrhaman/microros_ws/install/rcl_interfaces/lib:/home/abdelrhaman/microros_ws/install/microxrcedds_client/lib:/home/abdelrhaman/microros_ws/install/microcdr/lib:/home/abdelrhaman/microros_ws/install/micro_ros_utilities/lib:/home/abdelrhaman/microros_ws/install/micro_ros_agent/lib:/home/abdelrhaman/microros_ws/install/micro_ros_msgs/lib:/home/abdelrhaman/microros_ws/install/lifecycle_msgs/lib:/home/abdelrhaman/microros_ws/install/complex_msgs/lib:/opt/ros/humble/opt/rviz_ogre_vendor/lib:/opt/ros/humble/lib/x86_64-linux-gnu:/opt/ros/humble/lib /usr/bin/cmake --install /home/abdelrhaman/microros_ws/build/shape_msgs
