[0.038s] Invoking command in '/home/abdelrhaman/microros_ws/build/nav_msgs': CMAKE_PREFIX_PATH=/home/abdelrhaman/microros_ws/install/geometry_msgs:/home/abdelrhaman/microros_ws/install/std_msgs:/home/abdelrhaman/microros_ws/install/builtin_interfaces:/home/abdelrhaman/microros_ws/install/micro_ros_demos_rclc:/home/abdelrhaman/microros_ws/install/common_interfaces:/home/abdelrhaman/microros_ws/install/visualization_msgs:/home/abdelrhaman/microros_ws/install/test_msgs:/home/abdelrhaman/microros_ws/install/example_interfaces:/home/abdelrhaman/microros_ws/install/action_msgs:/home/abdelrhaman/microros_ws/install/unique_identifier_msgs:/home/abdelrhaman/microros_ws/install/trajectory_msgs:/home/abdelrhaman/microros_ws/install/stereo_msgs:/home/abdelrhaman/microros_ws/install/std_srvs:/home/abdelrhaman/microros_ws/install/shape_msgs:/home/abdelrhaman/microros_ws/install/sensor_msgs:/home/abdelrhaman/microros_ws/install/nav_msgs:/home/abdelrhaman/microros_ws/install/diagnostic_msgs:/home/abdelrhaman/microros_ws/install/actionlib_msgs:/home/abdelrhaman/microros_ws/install/statistics_msgs:/home/abdelrhaman/microros_ws/install/rosidl_typesupport_microxrcedds_test_msg:/home/abdelrhaman/microros_ws/install/rosidl_typesupport_microxrcedds_cpp_tests:/home/abdelrhaman/microros_ws/install/rmw_microxrcedds:/home/abdelrhaman/microros_ws/install/rosidl_typesupport_microxrcedds_cpp:/home/abdelrhaman/microros_ws/install/rosidl_typesupport_microxrcedds_c_tests:/home/abdelrhaman/microros_ws/install/rosidl_typesupport_microxrcedds_c:/home/abdelrhaman/microros_ws/install/rosgraph_msgs:/home/abdelrhaman/microros_ws/install/rclc_parameter:/home/abdelrhaman/microros_ws/install/rclc:/home/abdelrhaman/microros_ws/install/composition_interfaces:/home/abdelrhaman/microros_ws/install/rcl_interfaces:/home/abdelrhaman/microros_ws/install/microxrcedds_client:/home/abdelrhaman/microros_ws/install/microcdr:/home/abdelrhaman/microros_ws/install/micro_ros_utilities:/home/abdelrhaman/microros_ws/install/micro_ros_setup:/home/abdelrhaman/microros_ws/install/micro_ros_agent:/home/abdelrhaman/microros_ws/install/micro_ros_msgs:/home/abdelrhaman/microros_ws/install/lifecycle_msgs:/home/abdelrhaman/microros_ws/install/complex_msgs:/home/abdelrhaman/microros_ws/install/sensor_msgs_py:/home/abdelrhaman/ros/install/my_robot_controller:/opt/ros/humble LD_LIBRARY_PATH=/home/abdelrhaman/microros_ws/install/geometry_msgs/lib:/home/abdelrhaman/microros_ws/install/std_msgs/lib:/home/abdelrhaman/microros_ws/install/builtin_interfaces/lib:/home/abdelrhaman/microros_ws/install/visualization_msgs/lib:/home/abdelrhaman/microros_ws/install/test_msgs/lib:/home/abdelrhaman/microros_ws/install/example_interfaces/lib:/home/abdelrhaman/microros_ws/install/action_msgs/lib:/home/abdelrhaman/microros_ws/install/unique_identifier_msgs/lib:/home/abdelrhaman/microros_ws/install/trajectory_msgs/lib:/home/abdelrhaman/microros_ws/install/stereo_msgs/lib:/home/abdelrhaman/microros_ws/install/std_srvs/lib:/home/abdelrhaman/microros_ws/install/shape_msgs/lib:/home/abdelrhaman/microros_ws/install/sensor_msgs/lib:/home/abdelrhaman/microros_ws/install/nav_msgs/lib:/home/abdelrhaman/microros_ws/install/diagnostic_msgs/lib:/home/abdelrhaman/microros_ws/install/actionlib_msgs/lib:/home/abdelrhaman/microros_ws/install/statistics_msgs/lib:/home/abdelrhaman/microros_ws/install/rmw_microxrcedds/lib:/home/abdelrhaman/microros_ws/install/rosidl_typesupport_microxrcedds_cpp/lib:/home/abdelrhaman/microros_ws/install/rosidl_typesupport_microxrcedds_c/lib:/home/abdelrhaman/microros_ws/install/rosgraph_msgs/lib:/home/abdelrhaman/microros_ws/install/rclc_parameter/lib:/home/abdelrhaman/microros_ws/install/rclc/lib:/home/abdelrhaman/microros_ws/install/composition_interfaces/lib:/home/abdelrhaman/microros_ws/install/rcl_interfaces/lib:/home/abdelrhaman/microros_ws/install/microxrcedds_client/lib:/home/abdelrhaman/microros_ws/install/microcdr/lib:/home/abdelrhaman/microros_ws/install/micro_ros_utilities/lib:/home/abdelrhaman/microros_ws/install/micro_ros_agent/lib:/home/abdelrhaman/microros_ws/install/micro_ros_msgs/lib:/home/abdelrhaman/microros_ws/install/lifecycle_msgs/lib:/home/abdelrhaman/microros_ws/install/complex_msgs/lib:/opt/ros/humble/opt/rviz_ogre_vendor/lib:/opt/ros/humble/lib/x86_64-linux-gnu:/opt/ros/humble/lib /usr/bin/cmake /home/abdelrhaman/microros_ws/src/ros2/common_interfaces/nav_msgs -DBUILD_TESTING=OFF -DBUILD_SHARED_LIBS=ON -DCMAKE_INSTALL_PREFIX=/home/abdelrhaman/microros_ws/install/nav_msgs
[0.047s] -- Found ament_cmake: 1.3.10 (/opt/ros/humble/share/ament_cmake/cmake)
[0.158s] -- Found builtin_interfaces: 1.2.1 (/home/abdelrhaman/microros_ws/install/builtin_interfaces/share/builtin_interfaces/cmake)
[0.173s] -- Found rosidl_generator_c: 3.1.5 (/opt/ros/humble/share/rosidl_generator_c/cmake)
[0.175s] -- Found rosidl_adapter: 3.1.5 (/opt/ros/humble/share/rosidl_adapter/cmake)
[0.178s] -- Found rosidl_generator_cpp: 3.1.5 (/opt/ros/humble/share/rosidl_generator_cpp/cmake)
[0.185s] -- Using all available rosidl_typesupport_c: rosidl_typesupport_microxrcedds_c;rosidl_typesupport_fastrtps_c;rosidl_typesupport_introspection_c
[0.197s] -- Using all available rosidl_typesupport_cpp: rosidl_typesupport_microxrcedds_cpp;rosidl_typesupport_fastrtps_cpp;rosidl_typesupport_introspection_cpp
[0.207s] -- Found geometry_msgs: 4.2.4 (/home/abdelrhaman/microros_ws/install/geometry_msgs/share/geometry_msgs/cmake)
[0.225s] -- Found rosidl_default_generators: 1.2.0 (/opt/ros/humble/share/rosidl_default_generators/cmake)
[0.538s] -- Found ament_cmake_ros: 0.10.0 (/opt/ros/humble/share/ament_cmake_ros/cmake)
[0.962s] -- Using all available rosidl_typesupport_c: rosidl_typesupport_microxrcedds_c;rosidl_typesupport_fastrtps_c;rosidl_typesupport_introspection_c
[1.178s] -- Using all available rosidl_typesupport_cpp: rosidl_typesupport_microxrcedds_cpp;rosidl_typesupport_fastrtps_cpp;rosidl_typesupport_introspection_cpp
[1.200s] -- Found python_cmake_module: 0.10.0 (/opt/ros/humble/share/python_cmake_module/cmake)
[1.222s] -- Using PYTHON_EXECUTABLE: /usr/bin/python3
[1.222s] -- Using PYTHON_INCLUDE_DIRS: /usr/include/python3.10
[1.222s] -- Using PYTHON_LIBRARIES: /usr/lib/x86_64-linux-gnu/libpython3.10.so
[1.313s] -- Configuring done
[1.384s] -- Generating done
[1.389s] -- Build files have been written to: /home/abdelrhaman/microros_ws/build/nav_msgs
[1.403s] Invoked command in '/home/abdelrhaman/microros_ws/build/nav_msgs' returned '0': CMAKE_PREFIX_PATH=/home/abdelrhaman/microros_ws/install/geometry_msgs:/home/abdelrhaman/microros_ws/install/std_msgs:/home/abdelrhaman/microros_ws/install/builtin_interfaces:/home/abdelrhaman/microros_ws/install/micro_ros_demos_rclc:/home/abdelrhaman/microros_ws/install/common_interfaces:/home/abdelrhaman/microros_ws/install/visualization_msgs:/home/abdelrhaman/microros_ws/install/test_msgs:/home/abdelrhaman/microros_ws/install/example_interfaces:/home/abdelrhaman/microros_ws/install/action_msgs:/home/abdelrhaman/microros_ws/install/unique_identifier_msgs:/home/abdelrhaman/microros_ws/install/trajectory_msgs:/home/abdelrhaman/microros_ws/install/stereo_msgs:/home/abdelrhaman/microros_ws/install/std_srvs:/home/abdelrhaman/microros_ws/install/shape_msgs:/home/abdelrhaman/microros_ws/install/sensor_msgs:/home/abdelrhaman/microros_ws/install/nav_msgs:/home/abdelrhaman/microros_ws/install/diagnostic_msgs:/home/abdelrhaman/microros_ws/install/actionlib_msgs:/home/abdelrhaman/microros_ws/install/statistics_msgs:/home/abdelrhaman/microros_ws/install/rosidl_typesupport_microxrcedds_test_msg:/home/abdelrhaman/microros_ws/install/rosidl_typesupport_microxrcedds_cpp_tests:/home/abdelrhaman/microros_ws/install/rmw_microxrcedds:/home/abdelrhaman/microros_ws/install/rosidl_typesupport_microxrcedds_cpp:/home/abdelrhaman/microros_ws/install/rosidl_typesupport_microxrcedds_c_tests:/home/abdelrhaman/microros_ws/install/rosidl_typesupport_microxrcedds_c:/home/abdelrhaman/microros_ws/install/rosgraph_msgs:/home/abdelrhaman/microros_ws/install/rclc_parameter:/home/abdelrhaman/microros_ws/install/rclc:/home/abdelrhaman/microros_ws/install/composition_interfaces:/home/abdelrhaman/microros_ws/install/rcl_interfaces:/home/abdelrhaman/microros_ws/install/microxrcedds_client:/home/abdelrhaman/microros_ws/install/microcdr:/home/abdelrhaman/microros_ws/install/micro_ros_utilities:/home/abdelrhaman/microros_ws/install/micro_ros_setup:/home/abdelrhaman/microros_ws/install/micro_ros_agent:/home/abdelrhaman/microros_ws/install/micro_ros_msgs:/home/abdelrhaman/microros_ws/install/lifecycle_msgs:/home/abdelrhaman/microros_ws/install/complex_msgs:/home/abdelrhaman/microros_ws/install/sensor_msgs_py:/home/abdelrhaman/ros/install/my_robot_controller:/opt/ros/humble LD_LIBRARY_PATH=/home/abdelrhaman/microros_ws/install/geometry_msgs/lib:/home/abdelrhaman/microros_ws/install/std_msgs/lib:/home/abdelrhaman/microros_ws/install/builtin_interfaces/lib:/home/abdelrhaman/microros_ws/install/visualization_msgs/lib:/home/abdelrhaman/microros_ws/install/test_msgs/lib:/home/abdelrhaman/microros_ws/install/example_interfaces/lib:/home/abdelrhaman/microros_ws/install/action_msgs/lib:/home/abdelrhaman/microros_ws/install/unique_identifier_msgs/lib:/home/abdelrhaman/microros_ws/install/trajectory_msgs/lib:/home/abdelrhaman/microros_ws/install/stereo_msgs/lib:/home/abdelrhaman/microros_ws/install/std_srvs/lib:/home/abdelrhaman/microros_ws/install/shape_msgs/lib:/home/abdelrhaman/microros_ws/install/sensor_msgs/lib:/home/abdelrhaman/microros_ws/install/nav_msgs/lib:/home/abdelrhaman/microros_ws/install/diagnostic_msgs/lib:/home/abdelrhaman/microros_ws/install/actionlib_msgs/lib:/home/abdelrhaman/microros_ws/install/statistics_msgs/lib:/home/abdelrhaman/microros_ws/install/rmw_microxrcedds/lib:/home/abdelrhaman/microros_ws/install/rosidl_typesupport_microxrcedds_cpp/lib:/home/abdelrhaman/microros_ws/install/rosidl_typesupport_microxrcedds_c/lib:/home/abdelrhaman/microros_ws/install/rosgraph_msgs/lib:/home/abdelrhaman/microros_ws/install/rclc_parameter/lib:/home/abdelrhaman/microros_ws/install/rclc/lib:/home/abdelrhaman/microros_ws/install/composition_interfaces/lib:/home/abdelrhaman/microros_ws/install/rcl_interfaces/lib:/home/abdelrhaman/microros_ws/install/microxrcedds_client/lib:/home/abdelrhaman/microros_ws/install/microcdr/lib:/home/abdelrhaman/microros_ws/install/micro_ros_utilities/lib:/home/abdelrhaman/microros_ws/install/micro_ros_agent/lib:/home/abdelrhaman/microros_ws/install/micro_ros_msgs/lib:/home/abdelrhaman/microros_ws/install/lifecycle_msgs/lib:/home/abdelrhaman/microros_ws/install/complex_msgs/lib:/opt/ros/humble/opt/rviz_ogre_vendor/lib:/opt/ros/humble/lib/x86_64-linux-gnu:/opt/ros/humble/lib /usr/bin/cmake /home/abdelrhaman/microros_ws/src/ros2/common_interfaces/nav_msgs -DBUILD_TESTING=OFF -DBUILD_SHARED_LIBS=ON -DCMAKE_INSTALL_PREFIX=/home/abdelrhaman/microros_ws/install/nav_msgs
[1.406s] Invoking command in '/home/abdelrhaman/microros_ws/build/nav_msgs': CMAKE_PREFIX_PATH=/home/abdelrhaman/microros_ws/install/geometry_msgs:/home/abdelrhaman/microros_ws/install/std_msgs:/home/abdelrhaman/microros_ws/install/builtin_interfaces:/home/abdelrhaman/microros_ws/install/micro_ros_demos_rclc:/home/abdelrhaman/microros_ws/install/common_interfaces:/home/abdelrhaman/microros_ws/install/visualization_msgs:/home/abdelrhaman/microros_ws/install/test_msgs:/home/abdelrhaman/microros_ws/install/example_interfaces:/home/abdelrhaman/microros_ws/install/action_msgs:/home/abdelrhaman/microros_ws/install/unique_identifier_msgs:/home/abdelrhaman/microros_ws/install/trajectory_msgs:/home/abdelrhaman/microros_ws/install/stereo_msgs:/home/abdelrhaman/microros_ws/install/std_srvs:/home/abdelrhaman/microros_ws/install/shape_msgs:/home/abdelrhaman/microros_ws/install/sensor_msgs:/home/abdelrhaman/microros_ws/install/nav_msgs:/home/abdelrhaman/microros_ws/install/diagnostic_msgs:/home/abdelrhaman/microros_ws/install/actionlib_msgs:/home/abdelrhaman/microros_ws/install/statistics_msgs:/home/abdelrhaman/microros_ws/install/rosidl_typesupport_microxrcedds_test_msg:/home/abdelrhaman/microros_ws/install/rosidl_typesupport_microxrcedds_cpp_tests:/home/abdelrhaman/microros_ws/install/rmw_microxrcedds:/home/abdelrhaman/microros_ws/install/rosidl_typesupport_microxrcedds_cpp:/home/abdelrhaman/microros_ws/install/rosidl_typesupport_microxrcedds_c_tests:/home/abdelrhaman/microros_ws/install/rosidl_typesupport_microxrcedds_c:/home/abdelrhaman/microros_ws/install/rosgraph_msgs:/home/abdelrhaman/microros_ws/install/rclc_parameter:/home/abdelrhaman/microros_ws/install/rclc:/home/abdelrhaman/microros_ws/install/composition_interfaces:/home/abdelrhaman/microros_ws/install/rcl_interfaces:/home/abdelrhaman/microros_ws/install/microxrcedds_client:/home/abdelrhaman/microros_ws/install/microcdr:/home/abdelrhaman/microros_ws/install/micro_ros_utilities:/home/abdelrhaman/microros_ws/install/micro_ros_setup:/home/abdelrhaman/microros_ws/install/micro_ros_agent:/home/abdelrhaman/microros_ws/install/micro_ros_msgs:/home/abdelrhaman/microros_ws/install/lifecycle_msgs:/home/abdelrhaman/microros_ws/install/complex_msgs:/home/abdelrhaman/microros_ws/install/sensor_msgs_py:/home/abdelrhaman/ros/install/my_robot_controller:/opt/ros/humble LD_LIBRARY_PATH=/home/abdelrhaman/microros_ws/install/geometry_msgs/lib:/home/abdelrhaman/microros_ws/install/std_msgs/lib:/home/abdelrhaman/microros_ws/install/builtin_interfaces/lib:/home/abdelrhaman/microros_ws/install/visualization_msgs/lib:/home/abdelrhaman/microros_ws/install/test_msgs/lib:/home/abdelrhaman/microros_ws/install/example_interfaces/lib:/home/abdelrhaman/microros_ws/install/action_msgs/lib:/home/abdelrhaman/microros_ws/install/unique_identifier_msgs/lib:/home/abdelrhaman/microros_ws/install/trajectory_msgs/lib:/home/abdelrhaman/microros_ws/install/stereo_msgs/lib:/home/abdelrhaman/microros_ws/install/std_srvs/lib:/home/abdelrhaman/microros_ws/install/shape_msgs/lib:/home/abdelrhaman/microros_ws/install/sensor_msgs/lib:/home/abdelrhaman/microros_ws/install/nav_msgs/lib:/home/abdelrhaman/microros_ws/install/diagnostic_msgs/lib:/home/abdelrhaman/microros_ws/install/actionlib_msgs/lib:/home/abdelrhaman/microros_ws/install/statistics_msgs/lib:/home/abdelrhaman/microros_ws/install/rmw_microxrcedds/lib:/home/abdelrhaman/microros_ws/install/rosidl_typesupport_microxrcedds_cpp/lib:/home/abdelrhaman/microros_ws/install/rosidl_typesupport_microxrcedds_c/lib:/home/abdelrhaman/microros_ws/install/rosgraph_msgs/lib:/home/abdelrhaman/microros_ws/install/rclc_parameter/lib:/home/abdelrhaman/microros_ws/install/rclc/lib:/home/abdelrhaman/microros_ws/install/composition_interfaces/lib:/home/abdelrhaman/microros_ws/install/rcl_interfaces/lib:/home/abdelrhaman/microros_ws/install/microxrcedds_client/lib:/home/abdelrhaman/microros_ws/install/microcdr/lib:/home/abdelrhaman/microros_ws/install/micro_ros_utilities/lib:/home/abdelrhaman/microros_ws/install/micro_ros_agent/lib:/home/abdelrhaman/microros_ws/install/micro_ros_msgs/lib:/home/abdelrhaman/microros_ws/install/lifecycle_msgs/lib:/home/abdelrhaman/microros_ws/install/complex_msgs/lib:/opt/ros/humble/opt/rviz_ogre_vendor/lib:/opt/ros/humble/lib/x86_64-linux-gnu:/opt/ros/humble/lib /usr/bin/cmake --build /home/abdelrhaman/microros_ws/build/nav_msgs -- -j20 -l20
[1.465s] [35m[1mConsolidate compiler generated dependencies of target nav_msgs__rosidl_generator_c[0m
[1.480s] [  0%] Built target nav_msgs__cpp
[1.484s] [  9%] Built target nav_msgs__rosidl_generator_c
[1.493s] [  9%] Built target ament_cmake_python_copy_nav_msgs
[1.494s] [ 10%] [34m[1mGenerating C++ type support dispatch for ROS interfaces[0m
[1.497s] [35m[1mConsolidate compiler generated dependencies of target nav_msgs__rosidl_typesupport_introspection_cpp[0m
[1.498s] [35m[1mConsolidate compiler generated dependencies of target nav_msgs__rosidl_typesupport_microxrcedds_c[0m
[1.498s] [35m[1mConsolidate compiler generated dependencies of target nav_msgs__rosidl_typesupport_fastrtps_cpp[0m
[1.500s] [35m[1mConsolidate compiler generated dependencies of target nav_msgs__rosidl_typesupport_fastrtps_c[0m
[1.500s] [35m[1mConsolidate compiler generated dependencies of target nav_msgs__rosidl_typesupport_introspection_c[0m
[1.502s] [35m[1mConsolidate compiler generated dependencies of target nav_msgs__rosidl_typesupport_microxrcedds_cpp[0m
[1.504s] [ 11%] [34m[1mGenerating C type support dispatch for ROS interfaces[0m
[1.514s] [ 12%] [32m[1mLinking C shared library libnav_msgs__rosidl_typesupport_microxrcedds_c.so[0m
[1.522s] [ 21%] Built target nav_msgs__rosidl_typesupport_fastrtps_cpp
[1.523s] [ 30%] Built target nav_msgs__rosidl_typesupport_introspection_cpp
[1.523s] [ 39%] Built target nav_msgs__rosidl_typesupport_introspection_c
[1.525s] [ 40%] [32m[1mLinking CXX shared library libnav_msgs__rosidl_typesupport_microxrcedds_cpp.so[0m
[1.530s] [ 49%] Built target nav_msgs__rosidl_typesupport_fastrtps_c
[1.564s] [ 58%] Built target nav_msgs__rosidl_typesupport_microxrcedds_c
[1.653s] [ 67%] Built target nav_msgs__rosidl_typesupport_microxrcedds_cpp
[2.300s] running egg_info
[2.312s] [35m[1mConsolidate compiler generated dependencies of target nav_msgs__rosidl_typesupport_cpp[0m
[2.326s] [ 67%] [32mBuilding CXX object CMakeFiles/nav_msgs__rosidl_typesupport_cpp.dir/rosidl_typesupport_cpp/nav_msgs/msg/grid_cells__type_support.cpp.o[0m
[2.329s] [ 67%] [32mBuilding CXX object CMakeFiles/nav_msgs__rosidl_typesupport_cpp.dir/rosidl_typesupport_cpp/nav_msgs/srv/get_plan__type_support.cpp.o[0m
[2.329s] [ 69%] [32mBuilding CXX object CMakeFiles/nav_msgs__rosidl_typesupport_cpp.dir/rosidl_typesupport_cpp/nav_msgs/srv/get_map__type_support.cpp.o[0m
[2.330s] [ 69%] [32mBuilding CXX object CMakeFiles/nav_msgs__rosidl_typesupport_cpp.dir/rosidl_typesupport_cpp/nav_msgs/msg/path__type_support.cpp.o[0m
[2.330s] [ 71%] [32mBuilding CXX object CMakeFiles/nav_msgs__rosidl_typesupport_cpp.dir/rosidl_typesupport_cpp/nav_msgs/srv/load_map__type_support.cpp.o[0m
[2.330s] [ 71%] [32mBuilding CXX object CMakeFiles/nav_msgs__rosidl_typesupport_cpp.dir/rosidl_typesupport_cpp/nav_msgs/msg/map_meta_data__type_support.cpp.o[0m
[2.330s] [ 72%] [32mBuilding CXX object CMakeFiles/nav_msgs__rosidl_typesupport_cpp.dir/rosidl_typesupport_cpp/nav_msgs/msg/odometry__type_support.cpp.o[0m
[2.330s] [ 73%] [32mBuilding CXX object CMakeFiles/nav_msgs__rosidl_typesupport_cpp.dir/rosidl_typesupport_cpp/nav_msgs/msg/occupancy_grid__type_support.cpp.o[0m
[2.334s] [ 74%] [32mBuilding CXX object CMakeFiles/nav_msgs__rosidl_typesupport_cpp.dir/rosidl_typesupport_cpp/nav_msgs/srv/set_map__type_support.cpp.o[0m
[2.382s] writing nav_msgs.egg-info/PKG-INFO
[2.446s] writing dependency_links to nav_msgs.egg-info/dependency_links.txt
[2.511s] [35m[1mConsolidate compiler generated dependencies of target nav_msgs__rosidl_typesupport_c[0m
[2.533s] [ 75%] [32mBuilding CXX object CMakeFiles/nav_msgs__rosidl_typesupport_c.dir/rosidl_typesupport_c/nav_msgs/msg/grid_cells__type_support.cpp.o[0m
[2.533s] [ 76%] [32mBuilding CXX object CMakeFiles/nav_msgs__rosidl_typesupport_c.dir/rosidl_typesupport_c/nav_msgs/msg/occupancy_grid__type_support.cpp.o[0m
[2.534s] [ 76%] [32mBuilding CXX object CMakeFiles/nav_msgs__rosidl_typesupport_c.dir/rosidl_typesupport_c/nav_msgs/msg/map_meta_data__type_support.cpp.o[0m
[2.547s] [ 77%] [32mBuilding CXX object CMakeFiles/nav_msgs__rosidl_typesupport_c.dir/rosidl_typesupport_c/nav_msgs/srv/get_map__type_support.cpp.o[0m
[2.550s] [ 78%] [32mBuilding CXX object CMakeFiles/nav_msgs__rosidl_typesupport_c.dir/rosidl_typesupport_c/nav_msgs/msg/odometry__type_support.cpp.o[0m
[2.552s] [ 79%] [32mBuilding CXX object CMakeFiles/nav_msgs__rosidl_typesupport_c.dir/rosidl_typesupport_c/nav_msgs/srv/get_plan__type_support.cpp.o[0m
[2.556s] [ 80%] [32mBuilding CXX object CMakeFiles/nav_msgs__rosidl_typesupport_c.dir/rosidl_typesupport_c/nav_msgs/msg/path__type_support.cpp.o[0m
[2.561s] [ 80%] [32mBuilding CXX object CMakeFiles/nav_msgs__rosidl_typesupport_c.dir/rosidl_typesupport_c/nav_msgs/srv/load_map__type_support.cpp.o[0m
[2.567s] [ 81%] [32mBuilding CXX object CMakeFiles/nav_msgs__rosidl_typesupport_c.dir/rosidl_typesupport_c/nav_msgs/srv/set_map__type_support.cpp.o[0m
[2.634s] [ 82%] [32m[1mLinking CXX shared library libnav_msgs__rosidl_typesupport_c.so[0m
[2.671s] [ 82%] Built target nav_msgs__rosidl_typesupport_c
[2.698s] [ 83%] [32m[1mLinking CXX shared library libnav_msgs__rosidl_typesupport_cpp.so[0m
[2.732s] [ 83%] Built target nav_msgs__rosidl_typesupport_cpp
[2.759s] [ 83%] Built target nav_msgs
[2.782s] [ 84%] Built target nav_msgs__py
[2.792s] [35m[1mConsolidate compiler generated dependencies of target nav_msgs__rosidl_generator_py[0m
[2.812s] [ 85%] [32m[1mLinking C shared library rosidl_generator_py/nav_msgs/libnav_msgs__rosidl_generator_py.so[0m
[2.826s] writing top-level names to nav_msgs.egg-info/top_level.txt
[2.865s] [ 93%] Built target nav_msgs__rosidl_generator_py
[2.875s] [35m[1mConsolidate compiler generated dependencies of target nav_msgs__rosidl_typesupport_introspection_c__pyext[0m
[2.875s] [35m[1mConsolidate compiler generated dependencies of target nav_msgs__rosidl_typesupport_microxrcedds_c__pyext[0m
[2.878s] [35m[1mConsolidate compiler generated dependencies of target nav_msgs__rosidl_typesupport_c__pyext[0m
[2.879s] [35m[1mConsolidate compiler generated dependencies of target nav_msgs__rosidl_typesupport_fastrtps_c__pyext[0m
[2.882s] reading manifest file 'nav_msgs.egg-info/SOURCES.txt'
[2.882s] writing manifest file 'nav_msgs.egg-info/SOURCES.txt'
[2.888s] [ 95%] [32m[1mLinking C shared library rosidl_generator_py/nav_msgs/nav_msgs_s__rosidl_typesupport_introspection_c.cpython-310-x86_64-linux-gnu.so[0m
[2.889s] [ 95%] [32m[1mLinking C shared library rosidl_generator_py/nav_msgs/nav_msgs_s__rosidl_typesupport_microxrcedds_c.cpython-310-x86_64-linux-gnu.so[0m
[2.889s] [ 96%] [32m[1mLinking C shared library rosidl_generator_py/nav_msgs/nav_msgs_s__rosidl_typesupport_c.cpython-310-x86_64-linux-gnu.so[0m
[2.896s] [ 97%] [32m[1mLinking C shared library rosidl_generator_py/nav_msgs/nav_msgs_s__rosidl_typesupport_fastrtps_c.cpython-310-x86_64-linux-gnu.so[0m
[2.915s] [ 97%] Built target ament_cmake_python_build_nav_msgs_egg
[2.933s] [ 98%] Built target nav_msgs__rosidl_typesupport_c__pyext
[2.934s] [100%] Built target nav_msgs__rosidl_typesupport_introspection_c__pyext
[2.935s] [100%] Built target nav_msgs__rosidl_typesupport_fastrtps_c__pyext
[2.939s] [100%] Built target nav_msgs__rosidl_typesupport_microxrcedds_c__pyext
[2.951s] Invoked command in '/home/abdelrhaman/microros_ws/build/nav_msgs' returned '0': CMAKE_PREFIX_PATH=/home/abdelrhaman/microros_ws/install/geometry_msgs:/home/abdelrhaman/microros_ws/install/std_msgs:/home/abdelrhaman/microros_ws/install/builtin_interfaces:/home/abdelrhaman/microros_ws/install/micro_ros_demos_rclc:/home/abdelrhaman/microros_ws/install/common_interfaces:/home/abdelrhaman/microros_ws/install/visualization_msgs:/home/abdelrhaman/microros_ws/install/test_msgs:/home/abdelrhaman/microros_ws/install/example_interfaces:/home/abdelrhaman/microros_ws/install/action_msgs:/home/abdelrhaman/microros_ws/install/unique_identifier_msgs:/home/abdelrhaman/microros_ws/install/trajectory_msgs:/home/abdelrhaman/microros_ws/install/stereo_msgs:/home/abdelrhaman/microros_ws/install/std_srvs:/home/abdelrhaman/microros_ws/install/shape_msgs:/home/abdelrhaman/microros_ws/install/sensor_msgs:/home/abdelrhaman/microros_ws/install/nav_msgs:/home/abdelrhaman/microros_ws/install/diagnostic_msgs:/home/abdelrhaman/microros_ws/install/actionlib_msgs:/home/abdelrhaman/microros_ws/install/statistics_msgs:/home/abdelrhaman/microros_ws/install/rosidl_typesupport_microxrcedds_test_msg:/home/abdelrhaman/microros_ws/install/rosidl_typesupport_microxrcedds_cpp_tests:/home/abdelrhaman/microros_ws/install/rmw_microxrcedds:/home/abdelrhaman/microros_ws/install/rosidl_typesupport_microxrcedds_cpp:/home/abdelrhaman/microros_ws/install/rosidl_typesupport_microxrcedds_c_tests:/home/abdelrhaman/microros_ws/install/rosidl_typesupport_microxrcedds_c:/home/abdelrhaman/microros_ws/install/rosgraph_msgs:/home/abdelrhaman/microros_ws/install/rclc_parameter:/home/abdelrhaman/microros_ws/install/rclc:/home/abdelrhaman/microros_ws/install/composition_interfaces:/home/abdelrhaman/microros_ws/install/rcl_interfaces:/home/abdelrhaman/microros_ws/install/microxrcedds_client:/home/abdelrhaman/microros_ws/install/microcdr:/home/abdelrhaman/microros_ws/install/micro_ros_utilities:/home/abdelrhaman/microros_ws/install/micro_ros_setup:/home/abdelrhaman/microros_ws/install/micro_ros_agent:/home/abdelrhaman/microros_ws/install/micro_ros_msgs:/home/abdelrhaman/microros_ws/install/lifecycle_msgs:/home/abdelrhaman/microros_ws/install/complex_msgs:/home/abdelrhaman/microros_ws/install/sensor_msgs_py:/home/abdelrhaman/ros/install/my_robot_controller:/opt/ros/humble LD_LIBRARY_PATH=/home/abdelrhaman/microros_ws/install/geometry_msgs/lib:/home/abdelrhaman/microros_ws/install/std_msgs/lib:/home/abdelrhaman/microros_ws/install/builtin_interfaces/lib:/home/abdelrhaman/microros_ws/install/visualization_msgs/lib:/home/abdelrhaman/microros_ws/install/test_msgs/lib:/home/abdelrhaman/microros_ws/install/example_interfaces/lib:/home/abdelrhaman/microros_ws/install/action_msgs/lib:/home/abdelrhaman/microros_ws/install/unique_identifier_msgs/lib:/home/abdelrhaman/microros_ws/install/trajectory_msgs/lib:/home/abdelrhaman/microros_ws/install/stereo_msgs/lib:/home/abdelrhaman/microros_ws/install/std_srvs/lib:/home/abdelrhaman/microros_ws/install/shape_msgs/lib:/home/abdelrhaman/microros_ws/install/sensor_msgs/lib:/home/abdelrhaman/microros_ws/install/nav_msgs/lib:/home/abdelrhaman/microros_ws/install/diagnostic_msgs/lib:/home/abdelrhaman/microros_ws/install/actionlib_msgs/lib:/home/abdelrhaman/microros_ws/install/statistics_msgs/lib:/home/abdelrhaman/microros_ws/install/rmw_microxrcedds/lib:/home/abdelrhaman/microros_ws/install/rosidl_typesupport_microxrcedds_cpp/lib:/home/abdelrhaman/microros_ws/install/rosidl_typesupport_microxrcedds_c/lib:/home/abdelrhaman/microros_ws/install/rosgraph_msgs/lib:/home/abdelrhaman/microros_ws/install/rclc_parameter/lib:/home/abdelrhaman/microros_ws/install/rclc/lib:/home/abdelrhaman/microros_ws/install/composition_interfaces/lib:/home/abdelrhaman/microros_ws/install/rcl_interfaces/lib:/home/abdelrhaman/microros_ws/install/microxrcedds_client/lib:/home/abdelrhaman/microros_ws/install/microcdr/lib:/home/abdelrhaman/microros_ws/install/micro_ros_utilities/lib:/home/abdelrhaman/microros_ws/install/micro_ros_agent/lib:/home/abdelrhaman/microros_ws/install/micro_ros_msgs/lib:/home/abdelrhaman/microros_ws/install/lifecycle_msgs/lib:/home/abdelrhaman/microros_ws/install/complex_msgs/lib:/opt/ros/humble/opt/rviz_ogre_vendor/lib:/opt/ros/humble/lib/x86_64-linux-gnu:/opt/ros/humble/lib /usr/bin/cmake --build /home/abdelrhaman/microros_ws/build/nav_msgs -- -j20 -l20
[3.361s] Invoking command in '/home/abdelrhaman/microros_ws/build/nav_msgs': CMAKE_PREFIX_PATH=/home/abdelrhaman/microros_ws/install/geometry_msgs:/home/abdelrhaman/microros_ws/install/std_msgs:/home/abdelrhaman/microros_ws/install/builtin_interfaces:/home/abdelrhaman/microros_ws/install/micro_ros_demos_rclc:/home/abdelrhaman/microros_ws/install/common_interfaces:/home/abdelrhaman/microros_ws/install/visualization_msgs:/home/abdelrhaman/microros_ws/install/test_msgs:/home/abdelrhaman/microros_ws/install/example_interfaces:/home/abdelrhaman/microros_ws/install/action_msgs:/home/abdelrhaman/microros_ws/install/unique_identifier_msgs:/home/abdelrhaman/microros_ws/install/trajectory_msgs:/home/abdelrhaman/microros_ws/install/stereo_msgs:/home/abdelrhaman/microros_ws/install/std_srvs:/home/abdelrhaman/microros_ws/install/shape_msgs:/home/abdelrhaman/microros_ws/install/sensor_msgs:/home/abdelrhaman/microros_ws/install/nav_msgs:/home/abdelrhaman/microros_ws/install/diagnostic_msgs:/home/abdelrhaman/microros_ws/install/actionlib_msgs:/home/abdelrhaman/microros_ws/install/statistics_msgs:/home/abdelrhaman/microros_ws/install/rosidl_typesupport_microxrcedds_test_msg:/home/abdelrhaman/microros_ws/install/rosidl_typesupport_microxrcedds_cpp_tests:/home/abdelrhaman/microros_ws/install/rmw_microxrcedds:/home/abdelrhaman/microros_ws/install/rosidl_typesupport_microxrcedds_cpp:/home/abdelrhaman/microros_ws/install/rosidl_typesupport_microxrcedds_c_tests:/home/abdelrhaman/microros_ws/install/rosidl_typesupport_microxrcedds_c:/home/abdelrhaman/microros_ws/install/rosgraph_msgs:/home/abdelrhaman/microros_ws/install/rclc_parameter:/home/abdelrhaman/microros_ws/install/rclc:/home/abdelrhaman/microros_ws/install/composition_interfaces:/home/abdelrhaman/microros_ws/install/rcl_interfaces:/home/abdelrhaman/microros_ws/install/microxrcedds_client:/home/abdelrhaman/microros_ws/install/microcdr:/home/abdelrhaman/microros_ws/install/micro_ros_utilities:/home/abdelrhaman/microros_ws/install/micro_ros_setup:/home/abdelrhaman/microros_ws/install/micro_ros_agent:/home/abdelrhaman/microros_ws/install/micro_ros_msgs:/home/abdelrhaman/microros_ws/install/lifecycle_msgs:/home/abdelrhaman/microros_ws/install/complex_msgs:/home/abdelrhaman/microros_ws/install/sensor_msgs_py:/home/abdelrhaman/ros/install/my_robot_controller:/opt/ros/humble LD_LIBRARY_PATH=/home/abdelrhaman/microros_ws/install/geometry_msgs/lib:/home/abdelrhaman/microros_ws/install/std_msgs/lib:/home/abdelrhaman/microros_ws/install/builtin_interfaces/lib:/home/abdelrhaman/microros_ws/install/visualization_msgs/lib:/home/abdelrhaman/microros_ws/install/test_msgs/lib:/home/abdelrhaman/microros_ws/install/example_interfaces/lib:/home/abdelrhaman/microros_ws/install/action_msgs/lib:/home/abdelrhaman/microros_ws/install/unique_identifier_msgs/lib:/home/abdelrhaman/microros_ws/install/trajectory_msgs/lib:/home/abdelrhaman/microros_ws/install/stereo_msgs/lib:/home/abdelrhaman/microros_ws/install/std_srvs/lib:/home/abdelrhaman/microros_ws/install/shape_msgs/lib:/home/abdelrhaman/microros_ws/install/sensor_msgs/lib:/home/abdelrhaman/microros_ws/install/nav_msgs/lib:/home/abdelrhaman/microros_ws/install/diagnostic_msgs/lib:/home/abdelrhaman/microros_ws/install/actionlib_msgs/lib:/home/abdelrhaman/microros_ws/install/statistics_msgs/lib:/home/abdelrhaman/microros_ws/install/rmw_microxrcedds/lib:/home/abdelrhaman/microros_ws/install/rosidl_typesupport_microxrcedds_cpp/lib:/home/abdelrhaman/microros_ws/install/rosidl_typesupport_microxrcedds_c/lib:/home/abdelrhaman/microros_ws/install/rosgraph_msgs/lib:/home/abdelrhaman/microros_ws/install/rclc_parameter/lib:/home/abdelrhaman/microros_ws/install/rclc/lib:/home/abdelrhaman/microros_ws/install/composition_interfaces/lib:/home/abdelrhaman/microros_ws/install/rcl_interfaces/lib:/home/abdelrhaman/microros_ws/install/microxrcedds_client/lib:/home/abdelrhaman/microros_ws/install/microcdr/lib:/home/abdelrhaman/microros_ws/install/micro_ros_utilities/lib:/home/abdelrhaman/microros_ws/install/micro_ros_agent/lib:/home/abdelrhaman/microros_ws/install/micro_ros_msgs/lib:/home/abdelrhaman/microros_ws/install/lifecycle_msgs/lib:/home/abdelrhaman/microros_ws/install/complex_msgs/lib:/opt/ros/humble/opt/rviz_ogre_vendor/lib:/opt/ros/humble/lib/x86_64-linux-gnu:/opt/ros/humble/lib /usr/bin/cmake --install /home/abdelrhaman/microros_ws/build/nav_msgs
[3.370s] -- Install configuration: ""
[3.370s] -- Up-to-date: /home/abdelrhaman/microros_ws/install/nav_msgs/share/ament_index/resource_index/rosidl_interfaces/nav_msgs
[3.370s] -- Up-to-date: /home/abdelrhaman/microros_ws/install/nav_msgs/include/nav_msgs/nav_msgs
[3.370s] -- Up-to-date: /home/abdelrhaman/microros_ws/install/nav_msgs/include/nav_msgs/nav_msgs/srv
[3.370s] -- Up-to-date: /home/abdelrhaman/microros_ws/install/nav_msgs/include/nav_msgs/nav_msgs/srv/get_plan.h
[3.370s] -- Up-to-date: /home/abdelrhaman/microros_ws/install/nav_msgs/include/nav_msgs/nav_msgs/srv/get_map.h
[3.370s] -- Up-to-date: /home/abdelrhaman/microros_ws/install/nav_msgs/include/nav_msgs/nav_msgs/srv/detail
[3.370s] -- Up-to-date: /home/abdelrhaman/microros_ws/install/nav_msgs/include/nav_msgs/nav_msgs/srv/detail/load_map__functions.h
[3.370s] -- Up-to-date: /home/abdelrhaman/microros_ws/install/nav_msgs/include/nav_msgs/nav_msgs/srv/detail/get_plan__functions.h
[3.370s] -- Up-to-date: /home/abdelrhaman/microros_ws/install/nav_msgs/include/nav_msgs/nav_msgs/srv/detail/get_map__struct.h
[3.370s] -- Up-to-date: /home/abdelrhaman/microros_ws/install/nav_msgs/include/nav_msgs/nav_msgs/srv/detail/load_map__functions.c
[3.370s] -- Up-to-date: /home/abdelrhaman/microros_ws/install/nav_msgs/include/nav_msgs/nav_msgs/srv/detail/get_plan__struct.h
[3.370s] -- Up-to-date: /home/abdelrhaman/microros_ws/install/nav_msgs/include/nav_msgs/nav_msgs/srv/detail/get_map__functions.h
[3.370s] -- Up-to-date: /home/abdelrhaman/microros_ws/install/nav_msgs/include/nav_msgs/nav_msgs/srv/detail/set_map__type_support.h
[3.370s] -- Up-to-date: /home/abdelrhaman/microros_ws/install/nav_msgs/include/nav_msgs/nav_msgs/srv/detail/get_plan__functions.c
[3.370s] -- Up-to-date: /home/abdelrhaman/microros_ws/install/nav_msgs/include/nav_msgs/nav_msgs/srv/detail/get_plan__type_support.h
[3.370s] -- Up-to-date: /home/abdelrhaman/microros_ws/install/nav_msgs/include/nav_msgs/nav_msgs/srv/detail/get_map__functions.c
[3.371s] -- Up-to-date: /home/abdelrhaman/microros_ws/install/nav_msgs/include/nav_msgs/nav_msgs/srv/detail/set_map__struct.h
[3.371s] -- Up-to-date: /home/abdelrhaman/microros_ws/install/nav_msgs/include/nav_msgs/nav_msgs/srv/detail/load_map__struct.h
[3.371s] -- Up-to-date: /home/abdelrhaman/microros_ws/install/nav_msgs/include/nav_msgs/nav_msgs/srv/detail/set_map__functions.h
[3.371s] -- Up-to-date: /home/abdelrhaman/microros_ws/install/nav_msgs/include/nav_msgs/nav_msgs/srv/detail/get_map__type_support.h
[3.371s] -- Up-to-date: /home/abdelrhaman/microros_ws/install/nav_msgs/include/nav_msgs/nav_msgs/srv/detail/set_map__functions.c
[3.371s] -- Up-to-date: /home/abdelrhaman/microros_ws/install/nav_msgs/include/nav_msgs/nav_msgs/srv/detail/load_map__type_support.h
[3.371s] -- Up-to-date: /home/abdelrhaman/microros_ws/install/nav_msgs/include/nav_msgs/nav_msgs/srv/load_map.h
[3.371s] -- Up-to-date: /home/abdelrhaman/microros_ws/install/nav_msgs/include/nav_msgs/nav_msgs/srv/set_map.h
[3.371s] -- Up-to-date: /home/abdelrhaman/microros_ws/install/nav_msgs/include/nav_msgs/nav_msgs/msg
[3.371s] -- Up-to-date: /home/abdelrhaman/microros_ws/install/nav_msgs/include/nav_msgs/nav_msgs/msg/path.h
[3.371s] -- Up-to-date: /home/abdelrhaman/microros_ws/install/nav_msgs/include/nav_msgs/nav_msgs/msg/grid_cells.h
[3.371s] -- Up-to-date: /home/abdelrhaman/microros_ws/install/nav_msgs/include/nav_msgs/nav_msgs/msg/rosidl_generator_c__visibility_control.h
[3.371s] -- Up-to-date: /home/abdelrhaman/microros_ws/install/nav_msgs/include/nav_msgs/nav_msgs/msg/detail
[3.371s] -- Up-to-date: /home/abdelrhaman/microros_ws/install/nav_msgs/include/nav_msgs/nav_msgs/msg/detail/path__type_support.h
[3.371s] -- Up-to-date: /home/abdelrhaman/microros_ws/install/nav_msgs/include/nav_msgs/nav_msgs/msg/detail/occupancy_grid__functions.h
[3.371s] -- Up-to-date: /home/abdelrhaman/microros_ws/install/nav_msgs/include/nav_msgs/nav_msgs/msg/detail/grid_cells__type_support.h
[3.371s] -- Up-to-date: /home/abdelrhaman/microros_ws/install/nav_msgs/include/nav_msgs/nav_msgs/msg/detail/grid_cells__functions.h
[3.371s] -- Up-to-date: /home/abdelrhaman/microros_ws/install/nav_msgs/include/nav_msgs/nav_msgs/msg/detail/map_meta_data__struct.h
[3.371s] -- Up-to-date: /home/abdelrhaman/microros_ws/install/nav_msgs/include/nav_msgs/nav_msgs/msg/detail/path__struct.h
[3.371s] -- Up-to-date: /home/abdelrhaman/microros_ws/install/nav_msgs/include/nav_msgs/nav_msgs/msg/detail/odometry__functions.c
[3.371s] -- Up-to-date: /home/abdelrhaman/microros_ws/install/nav_msgs/include/nav_msgs/nav_msgs/msg/detail/grid_cells__functions.c
[3.371s] -- Up-to-date: /home/abdelrhaman/microros_ws/install/nav_msgs/include/nav_msgs/nav_msgs/msg/detail/occupancy_grid__struct.h
[3.371s] -- Up-to-date: /home/abdelrhaman/microros_ws/install/nav_msgs/include/nav_msgs/nav_msgs/msg/detail/odometry__functions.h
[3.371s] -- Up-to-date: /home/abdelrhaman/microros_ws/install/nav_msgs/include/nav_msgs/nav_msgs/msg/detail/path__functions.h
[3.371s] -- Up-to-date: /home/abdelrhaman/microros_ws/install/nav_msgs/include/nav_msgs/nav_msgs/msg/detail/map_meta_data__functions.c
[3.372s] -- Up-to-date: /home/abdelrhaman/microros_ws/install/nav_msgs/include/nav_msgs/nav_msgs/msg/detail/path__functions.c
[3.372s] -- Up-to-date: /home/abdelrhaman/microros_ws/install/nav_msgs/include/nav_msgs/nav_msgs/msg/detail/odometry__struct.h
[3.372s] -- Up-to-date: /home/abdelrhaman/microros_ws/install/nav_msgs/include/nav_msgs/nav_msgs/msg/detail/odometry__type_support.h
[3.372s] -- Up-to-date: /home/abdelrhaman/microros_ws/install/nav_msgs/include/nav_msgs/nav_msgs/msg/detail/grid_cells__struct.h
[3.372s] -- Up-to-date: /home/abdelrhaman/microros_ws/install/nav_msgs/include/nav_msgs/nav_msgs/msg/detail/map_meta_data__functions.h
[3.372s] -- Up-to-date: /home/abdelrhaman/microros_ws/install/nav_msgs/include/nav_msgs/nav_msgs/msg/detail/map_meta_data__type_support.h
[3.372s] -- Up-to-date: /home/abdelrhaman/microros_ws/install/nav_msgs/include/nav_msgs/nav_msgs/msg/detail/occupancy_grid__type_support.h
[3.372s] -- Up-to-date: /home/abdelrhaman/microros_ws/install/nav_msgs/include/nav_msgs/nav_msgs/msg/detail/occupancy_grid__functions.c
[3.372s] -- Up-to-date: /home/abdelrhaman/microros_ws/install/nav_msgs/include/nav_msgs/nav_msgs/msg/map_meta_data.h
[3.372s] -- Up-to-date: /home/abdelrhaman/microros_ws/install/nav_msgs/include/nav_msgs/nav_msgs/msg/occupancy_grid.h
[3.372s] -- Up-to-date: /home/abdelrhaman/microros_ws/install/nav_msgs/include/nav_msgs/nav_msgs/msg/odometry.h
[3.372s] -- Up-to-date: /home/abdelrhaman/microros_ws/install/nav_msgs/share/nav_msgs/environment/library_path.sh
[3.372s] -- Installing: /home/abdelrhaman/microros_ws/install/nav_msgs/share/nav_msgs/environment/library_path.dsv
[3.372s] -- Up-to-date: /home/abdelrhaman/microros_ws/install/nav_msgs/lib/libnav_msgs__rosidl_generator_c.so
[3.372s] -- Up-to-date: /home/abdelrhaman/microros_ws/install/nav_msgs/include/nav_msgs/nav_msgs
[3.372s] -- Up-to-date: /home/abdelrhaman/microros_ws/install/nav_msgs/include/nav_msgs/nav_msgs/srv
[3.372s] -- Up-to-date: /home/abdelrhaman/microros_ws/install/nav_msgs/include/nav_msgs/nav_msgs/srv/detail
[3.372s] -- Up-to-date: /home/abdelrhaman/microros_ws/install/nav_msgs/include/nav_msgs/nav_msgs/srv/detail/get_plan__rosidl_typesupport_fastrtps_c.h
[3.372s] -- Up-to-date: /home/abdelrhaman/microros_ws/install/nav_msgs/include/nav_msgs/nav_msgs/srv/detail/set_map__rosidl_typesupport_fastrtps_c.h
[3.372s] -- Up-to-date: /home/abdelrhaman/microros_ws/install/nav_msgs/include/nav_msgs/nav_msgs/srv/detail/get_map__rosidl_typesupport_fastrtps_c.h
[3.372s] -- Up-to-date: /home/abdelrhaman/microros_ws/install/nav_msgs/include/nav_msgs/nav_msgs/srv/detail/load_map__rosidl_typesupport_fastrtps_c.h
[3.372s] -- Up-to-date: /home/abdelrhaman/microros_ws/install/nav_msgs/include/nav_msgs/nav_msgs/msg
[3.372s] -- Up-to-date: /home/abdelrhaman/microros_ws/install/nav_msgs/include/nav_msgs/nav_msgs/msg/detail
[3.372s] -- Up-to-date: /home/abdelrhaman/microros_ws/install/nav_msgs/include/nav_msgs/nav_msgs/msg/detail/path__rosidl_typesupport_fastrtps_c.h
[3.372s] -- Up-to-date: /home/abdelrhaman/microros_ws/install/nav_msgs/include/nav_msgs/nav_msgs/msg/detail/map_meta_data__rosidl_typesupport_fastrtps_c.h
[3.373s] -- Up-to-date: /home/abdelrhaman/microros_ws/install/nav_msgs/include/nav_msgs/nav_msgs/msg/detail/odometry__rosidl_typesupport_fastrtps_c.h
[3.373s] -- Up-to-date: /home/abdelrhaman/microros_ws/install/nav_msgs/include/nav_msgs/nav_msgs/msg/detail/occupancy_grid__rosidl_typesupport_fastrtps_c.h
[3.373s] -- Up-to-date: /home/abdelrhaman/microros_ws/install/nav_msgs/include/nav_msgs/nav_msgs/msg/detail/grid_cells__rosidl_typesupport_fastrtps_c.h
[3.373s] -- Up-to-date: /home/abdelrhaman/microros_ws/install/nav_msgs/include/nav_msgs/nav_msgs/msg/rosidl_typesupport_fastrtps_c__visibility_control.h
[3.373s] -- Up-to-date: /home/abdelrhaman/microros_ws/install/nav_msgs/lib/libnav_msgs__rosidl_typesupport_fastrtps_c.so
[3.373s] -- Up-to-date: /home/abdelrhaman/microros_ws/install/nav_msgs/include/nav_msgs/nav_msgs
[3.373s] -- Up-to-date: /home/abdelrhaman/microros_ws/install/nav_msgs/include/nav_msgs/nav_msgs/srv
[3.373s] -- Up-to-date: /home/abdelrhaman/microros_ws/install/nav_msgs/include/nav_msgs/nav_msgs/srv/load_map.hpp
[3.373s] -- Up-to-date: /home/abdelrhaman/microros_ws/install/nav_msgs/include/nav_msgs/nav_msgs/srv/detail
[3.373s] -- Up-to-date: /home/abdelrhaman/microros_ws/install/nav_msgs/include/nav_msgs/nav_msgs/srv/detail/set_map__traits.hpp
[3.373s] -- Up-to-date: /home/abdelrhaman/microros_ws/install/nav_msgs/include/nav_msgs/nav_msgs/srv/detail/get_plan__struct.hpp
[3.373s] -- Up-to-date: /home/abdelrhaman/microros_ws/install/nav_msgs/include/nav_msgs/nav_msgs/srv/detail/load_map__traits.hpp
[3.373s] -- Up-to-date: /home/abdelrhaman/microros_ws/install/nav_msgs/include/nav_msgs/nav_msgs/srv/detail/load_map__struct.hpp
[3.373s] -- Up-to-date: /home/abdelrhaman/microros_ws/install/nav_msgs/include/nav_msgs/nav_msgs/srv/detail/get_plan__builder.hpp
[3.373s] -- Up-to-date: /home/abdelrhaman/microros_ws/install/nav_msgs/include/nav_msgs/nav_msgs/srv/detail/load_map__builder.hpp
[3.373s] -- Up-to-date: /home/abdelrhaman/microros_ws/install/nav_msgs/include/nav_msgs/nav_msgs/srv/detail/get_map__traits.hpp
[3.373s] -- Up-to-date: /home/abdelrhaman/microros_ws/install/nav_msgs/include/nav_msgs/nav_msgs/srv/detail/get_map__builder.hpp
[3.373s] -- Up-to-date: /home/abdelrhaman/microros_ws/install/nav_msgs/include/nav_msgs/nav_msgs/srv/detail/set_map__struct.hpp
[3.373s] -- Up-to-date: /home/abdelrhaman/microros_ws/install/nav_msgs/include/nav_msgs/nav_msgs/srv/detail/set_map__builder.hpp
[3.373s] -- Up-to-date: /home/abdelrhaman/microros_ws/install/nav_msgs/include/nav_msgs/nav_msgs/srv/detail/get_plan__traits.hpp
[3.373s] -- Up-to-date: /home/abdelrhaman/microros_ws/install/nav_msgs/include/nav_msgs/nav_msgs/srv/detail/get_map__struct.hpp
[3.373s] -- Up-to-date: /home/abdelrhaman/microros_ws/install/nav_msgs/include/nav_msgs/nav_msgs/srv/set_map.hpp
[3.373s] -- Up-to-date: /home/abdelrhaman/microros_ws/install/nav_msgs/include/nav_msgs/nav_msgs/srv/get_map.hpp
[3.373s] -- Up-to-date: /home/abdelrhaman/microros_ws/install/nav_msgs/include/nav_msgs/nav_msgs/srv/get_plan.hpp
[3.373s] -- Up-to-date: /home/abdelrhaman/microros_ws/install/nav_msgs/include/nav_msgs/nav_msgs/msg
[3.374s] -- Up-to-date: /home/abdelrhaman/microros_ws/install/nav_msgs/include/nav_msgs/nav_msgs/msg/odometry.hpp
[3.374s] -- Up-to-date: /home/abdelrhaman/microros_ws/install/nav_msgs/include/nav_msgs/nav_msgs/msg/map_meta_data.hpp
[3.374s] -- Up-to-date: /home/abdelrhaman/microros_ws/install/nav_msgs/include/nav_msgs/nav_msgs/msg/occupancy_grid.hpp
[3.374s] -- Up-to-date: /home/abdelrhaman/microros_ws/install/nav_msgs/include/nav_msgs/nav_msgs/msg/detail
[3.374s] -- Up-to-date: /home/abdelrhaman/microros_ws/install/nav_msgs/include/nav_msgs/nav_msgs/msg/detail/path__struct.hpp
[3.374s] -- Up-to-date: /home/abdelrhaman/microros_ws/install/nav_msgs/include/nav_msgs/nav_msgs/msg/detail/occupancy_grid__builder.hpp
[3.374s] -- Up-to-date: /home/abdelrhaman/microros_ws/install/nav_msgs/include/nav_msgs/nav_msgs/msg/detail/odometry__builder.hpp
[3.374s] -- Up-to-date: /home/abdelrhaman/microros_ws/install/nav_msgs/include/nav_msgs/nav_msgs/msg/detail/map_meta_data__builder.hpp
[3.374s] -- Up-to-date: /home/abdelrhaman/microros_ws/install/nav_msgs/include/nav_msgs/nav_msgs/msg/detail/occupancy_grid__struct.hpp
[3.374s] -- Up-to-date: /home/abdelrhaman/microros_ws/install/nav_msgs/include/nav_msgs/nav_msgs/msg/detail/grid_cells__builder.hpp
[3.374s] -- Up-to-date: /home/abdelrhaman/microros_ws/install/nav_msgs/include/nav_msgs/nav_msgs/msg/detail/odometry__struct.hpp
[3.374s] -- Up-to-date: /home/abdelrhaman/microros_ws/install/nav_msgs/include/nav_msgs/nav_msgs/msg/detail/grid_cells__traits.hpp
[3.374s] -- Up-to-date: /home/abdelrhaman/microros_ws/install/nav_msgs/include/nav_msgs/nav_msgs/msg/detail/map_meta_data__traits.hpp
[3.374s] -- Up-to-date: /home/abdelrhaman/microros_ws/install/nav_msgs/include/nav_msgs/nav_msgs/msg/detail/map_meta_data__struct.hpp
[3.374s] -- Up-to-date: /home/abdelrhaman/microros_ws/install/nav_msgs/include/nav_msgs/nav_msgs/msg/detail/odometry__traits.hpp
[3.374s] -- Up-to-date: /home/abdelrhaman/microros_ws/install/nav_msgs/include/nav_msgs/nav_msgs/msg/detail/path__builder.hpp
[3.374s] -- Up-to-date: /home/abdelrhaman/microros_ws/install/nav_msgs/include/nav_msgs/nav_msgs/msg/detail/path__traits.hpp
[3.374s] -- Up-to-date: /home/abdelrhaman/microros_ws/install/nav_msgs/include/nav_msgs/nav_msgs/msg/detail/grid_cells__struct.hpp
[3.374s] -- Up-to-date: /home/abdelrhaman/microros_ws/install/nav_msgs/include/nav_msgs/nav_msgs/msg/detail/occupancy_grid__traits.hpp
[3.374s] -- Up-to-date: /home/abdelrhaman/microros_ws/install/nav_msgs/include/nav_msgs/nav_msgs/msg/grid_cells.hpp
[3.374s] -- Up-to-date: /home/abdelrhaman/microros_ws/install/nav_msgs/include/nav_msgs/nav_msgs/msg/path.hpp
[3.374s] -- Up-to-date: /home/abdelrhaman/microros_ws/install/nav_msgs/include/nav_msgs/nav_msgs
[3.375s] -- Up-to-date: /home/abdelrhaman/microros_ws/install/nav_msgs/include/nav_msgs/nav_msgs/srv
[3.375s] -- Up-to-date: /home/abdelrhaman/microros_ws/install/nav_msgs/include/nav_msgs/nav_msgs/srv/detail
[3.375s] -- Up-to-date: /home/abdelrhaman/microros_ws/install/nav_msgs/include/nav_msgs/nav_msgs/srv/detail/get_map__rosidl_typesupport_fastrtps_cpp.hpp
[3.375s] -- Up-to-date: /home/abdelrhaman/microros_ws/install/nav_msgs/include/nav_msgs/nav_msgs/srv/detail/load_map__rosidl_typesupport_fastrtps_cpp.hpp
[3.375s] -- Up-to-date: /home/abdelrhaman/microros_ws/install/nav_msgs/include/nav_msgs/nav_msgs/srv/detail/get_plan__rosidl_typesupport_fastrtps_cpp.hpp
[3.375s] -- Up-to-date: /home/abdelrhaman/microros_ws/install/nav_msgs/include/nav_msgs/nav_msgs/srv/detail/dds_fastrtps
[3.375s] -- Up-to-date: /home/abdelrhaman/microros_ws/install/nav_msgs/include/nav_msgs/nav_msgs/srv/detail/set_map__rosidl_typesupport_fastrtps_cpp.hpp
[3.375s] -- Up-to-date: /home/abdelrhaman/microros_ws/install/nav_msgs/include/nav_msgs/nav_msgs/msg
[3.375s] -- Up-to-date: /home/abdelrhaman/microros_ws/install/nav_msgs/include/nav_msgs/nav_msgs/msg/detail
[3.375s] -- Up-to-date: /home/abdelrhaman/microros_ws/install/nav_msgs/include/nav_msgs/nav_msgs/msg/detail/grid_cells__rosidl_typesupport_fastrtps_cpp.hpp
[3.375s] -- Up-to-date: /home/abdelrhaman/microros_ws/install/nav_msgs/include/nav_msgs/nav_msgs/msg/detail/occupancy_grid__rosidl_typesupport_fastrtps_cpp.hpp
[3.375s] -- Up-to-date: /home/abdelrhaman/microros_ws/install/nav_msgs/include/nav_msgs/nav_msgs/msg/detail/odometry__rosidl_typesupport_fastrtps_cpp.hpp
[3.375s] -- Up-to-date: /home/abdelrhaman/microros_ws/install/nav_msgs/include/nav_msgs/nav_msgs/msg/detail/map_meta_data__rosidl_typesupport_fastrtps_cpp.hpp
[3.375s] -- Up-to-date: /home/abdelrhaman/microros_ws/install/nav_msgs/include/nav_msgs/nav_msgs/msg/detail/path__rosidl_typesupport_fastrtps_cpp.hpp
[3.375s] -- Up-to-date: /home/abdelrhaman/microros_ws/install/nav_msgs/include/nav_msgs/nav_msgs/msg/detail/dds_fastrtps
[3.375s] -- Up-to-date: /home/abdelrhaman/microros_ws/install/nav_msgs/include/nav_msgs/nav_msgs/msg/rosidl_typesupport_fastrtps_cpp__visibility_control.h
[3.375s] -- Up-to-date: /home/abdelrhaman/microros_ws/install/nav_msgs/lib/libnav_msgs__rosidl_typesupport_fastrtps_cpp.so
[3.375s] -- Up-to-date: /home/abdelrhaman/microros_ws/install/nav_msgs/include/nav_msgs
[3.375s] -- Up-to-date: /home/abdelrhaman/microros_ws/install/nav_msgs/include/nav_msgs/srv
[3.375s] -- Up-to-date: /home/abdelrhaman/microros_ws/install/nav_msgs/include/nav_msgs/srv/detail
[3.375s] -- Up-to-date: /home/abdelrhaman/microros_ws/install/nav_msgs/include/nav_msgs/srv/detail/set_map__rosidl_typesupport_microxrcedds_c.h
[3.375s] -- Up-to-date: /home/abdelrhaman/microros_ws/install/nav_msgs/include/nav_msgs/srv/detail/get_plan__rosidl_typesupport_microxrcedds_c.h
[3.375s] -- Up-to-date: /home/abdelrhaman/microros_ws/install/nav_msgs/include/nav_msgs/srv/detail/load_map__rosidl_typesupport_microxrcedds_c.h
[3.375s] -- Up-to-date: /home/abdelrhaman/microros_ws/install/nav_msgs/include/nav_msgs/srv/detail/get_map__rosidl_typesupport_microxrcedds_c.h
[3.375s] -- Up-to-date: /home/abdelrhaman/microros_ws/install/nav_msgs/include/nav_msgs/srv/detail/microxrcedds
[3.375s] -- Up-to-date: /home/abdelrhaman/microros_ws/install/nav_msgs/include/nav_msgs/msg
[3.376s] -- Up-to-date: /home/abdelrhaman/microros_ws/install/nav_msgs/include/nav_msgs/msg/detail
[3.376s] -- Up-to-date: /home/abdelrhaman/microros_ws/install/nav_msgs/include/nav_msgs/msg/detail/path__rosidl_typesupport_microxrcedds_c.h
[3.376s] -- Up-to-date: /home/abdelrhaman/microros_ws/install/nav_msgs/include/nav_msgs/msg/detail/grid_cells__rosidl_typesupport_microxrcedds_c.h
[3.376s] -- Up-to-date: /home/abdelrhaman/microros_ws/install/nav_msgs/include/nav_msgs/msg/detail/occupancy_grid__rosidl_typesupport_microxrcedds_c.h
[3.376s] -- Up-to-date: /home/abdelrhaman/microros_ws/install/nav_msgs/include/nav_msgs/msg/detail/map_meta_data__rosidl_typesupport_microxrcedds_c.h
[3.376s] -- Up-to-date: /home/abdelrhaman/microros_ws/install/nav_msgs/include/nav_msgs/msg/detail/microxrcedds
[3.376s] -- Up-to-date: /home/abdelrhaman/microros_ws/install/nav_msgs/include/nav_msgs/msg/detail/odometry__rosidl_typesupport_microxrcedds_c.h
[3.376s] -- Up-to-date: /home/abdelrhaman/microros_ws/install/nav_msgs/include/nav_msgs/msg/rosidl_typesupport_microxrcedds_c__visibility_control.h
[3.376s] -- Installing: /home/abdelrhaman/microros_ws/install/nav_msgs/lib/libnav_msgs__rosidl_typesupport_microxrcedds_c.so
[3.376s] -- Set runtime path of "/home/abdelrhaman/microros_ws/install/nav_msgs/lib/libnav_msgs__rosidl_typesupport_microxrcedds_c.so" to ""
[3.376s] -- Up-to-date: /home/abdelrhaman/microros_ws/install/nav_msgs/include/nav_msgs/nav_msgs
[3.376s] -- Up-to-date: /home/abdelrhaman/microros_ws/install/nav_msgs/include/nav_msgs/nav_msgs/srv
[3.376s] -- Up-to-date: /home/abdelrhaman/microros_ws/install/nav_msgs/include/nav_msgs/nav_msgs/srv/detail
[3.376s] -- Up-to-date: /home/abdelrhaman/microros_ws/install/nav_msgs/include/nav_msgs/nav_msgs/srv/detail/get_plan__rosidl_typesupport_introspection_c.h
[3.376s] -- Up-to-date: /home/abdelrhaman/microros_ws/install/nav_msgs/include/nav_msgs/nav_msgs/srv/detail/set_map__type_support.c
[3.376s] -- Up-to-date: /home/abdelrhaman/microros_ws/install/nav_msgs/include/nav_msgs/nav_msgs/srv/detail/get_plan__type_support.c
[3.376s] -- Up-to-date: /home/abdelrhaman/microros_ws/install/nav_msgs/include/nav_msgs/nav_msgs/srv/detail/get_map__type_support.c
[3.376s] -- Up-to-date: /home/abdelrhaman/microros_ws/install/nav_msgs/include/nav_msgs/nav_msgs/srv/detail/load_map__type_support.c
[3.376s] -- Up-to-date: /home/abdelrhaman/microros_ws/install/nav_msgs/include/nav_msgs/nav_msgs/srv/detail/set_map__rosidl_typesupport_introspection_c.h
[3.376s] -- Up-to-date: /home/abdelrhaman/microros_ws/install/nav_msgs/include/nav_msgs/nav_msgs/srv/detail/load_map__rosidl_typesupport_introspection_c.h
[3.376s] -- Up-to-date: /home/abdelrhaman/microros_ws/install/nav_msgs/include/nav_msgs/nav_msgs/srv/detail/get_map__rosidl_typesupport_introspection_c.h
[3.376s] -- Up-to-date: /home/abdelrhaman/microros_ws/install/nav_msgs/include/nav_msgs/nav_msgs/msg
[3.376s] -- Up-to-date: /home/abdelrhaman/microros_ws/install/nav_msgs/include/nav_msgs/nav_msgs/msg/rosidl_typesupport_introspection_c__visibility_control.h
[3.376s] -- Up-to-date: /home/abdelrhaman/microros_ws/install/nav_msgs/include/nav_msgs/nav_msgs/msg/detail
[3.376s] -- Up-to-date: /home/abdelrhaman/microros_ws/install/nav_msgs/include/nav_msgs/nav_msgs/msg/detail/path__type_support.c
[3.376s] -- Up-to-date: /home/abdelrhaman/microros_ws/install/nav_msgs/include/nav_msgs/nav_msgs/msg/detail/path__rosidl_typesupport_introspection_c.h
[3.376s] -- Up-to-date: /home/abdelrhaman/microros_ws/install/nav_msgs/include/nav_msgs/nav_msgs/msg/detail/grid_cells__rosidl_typesupport_introspection_c.h
[3.376s] -- Up-to-date: /home/abdelrhaman/microros_ws/install/nav_msgs/include/nav_msgs/nav_msgs/msg/detail/grid_cells__type_support.c
[3.376s] -- Up-to-date: /home/abdelrhaman/microros_ws/install/nav_msgs/include/nav_msgs/nav_msgs/msg/detail/map_meta_data__rosidl_typesupport_introspection_c.h
[3.376s] -- Up-to-date: /home/abdelrhaman/microros_ws/install/nav_msgs/include/nav_msgs/nav_msgs/msg/detail/odometry__rosidl_typesupport_introspection_c.h
[3.376s] -- Up-to-date: /home/abdelrhaman/microros_ws/install/nav_msgs/include/nav_msgs/nav_msgs/msg/detail/odometry__type_support.c
[3.377s] -- Up-to-date: /home/abdelrhaman/microros_ws/install/nav_msgs/include/nav_msgs/nav_msgs/msg/detail/map_meta_data__type_support.c
[3.377s] -- Up-to-date: /home/abdelrhaman/microros_ws/install/nav_msgs/include/nav_msgs/nav_msgs/msg/detail/occupancy_grid__rosidl_typesupport_introspection_c.h
[3.377s] -- Up-to-date: /home/abdelrhaman/microros_ws/install/nav_msgs/include/nav_msgs/nav_msgs/msg/detail/occupancy_grid__type_support.c
[3.377s] -- Up-to-date: /home/abdelrhaman/microros_ws/install/nav_msgs/lib/libnav_msgs__rosidl_typesupport_introspection_c.so
[3.377s] -- Installing: /home/abdelrhaman/microros_ws/install/nav_msgs/lib/libnav_msgs__rosidl_typesupport_c.so
[3.377s] -- Set runtime path of "/home/abdelrhaman/microros_ws/install/nav_msgs/lib/libnav_msgs__rosidl_typesupport_c.so" to ""
[3.377s] -- Up-to-date: /home/abdelrhaman/microros_ws/install/nav_msgs/include/nav_msgs
[3.377s] -- Up-to-date: /home/abdelrhaman/microros_ws/install/nav_msgs/include/nav_msgs/srv
[3.377s] -- Up-to-date: /home/abdelrhaman/microros_ws/install/nav_msgs/include/nav_msgs/srv/detail
[3.377s] -- Up-to-date: /home/abdelrhaman/microros_ws/install/nav_msgs/include/nav_msgs/srv/detail/set_map__rosidl_typesupport_microxrcedds_cpp.hpp
[3.377s] -- Up-to-date: /home/abdelrhaman/microros_ws/install/nav_msgs/include/nav_msgs/srv/detail/get_plan__rosidl_typesupport_microxrcedds_cpp.hpp
[3.377s] -- Up-to-date: /home/abdelrhaman/microros_ws/install/nav_msgs/include/nav_msgs/srv/detail/get_map__rosidl_typesupport_microxrcedds_cpp.hpp
[3.377s] -- Up-to-date: /home/abdelrhaman/microros_ws/install/nav_msgs/include/nav_msgs/srv/detail/load_map__rosidl_typesupport_microxrcedds_cpp.hpp
[3.377s] -- Up-to-date: /home/abdelrhaman/microros_ws/install/nav_msgs/include/nav_msgs/srv/detail/microxrcedds
[3.377s] -- Up-to-date: /home/abdelrhaman/microros_ws/install/nav_msgs/include/nav_msgs/srv/detail/microxrcedds/load_map__type_support_cpp.cpp
[3.377s] -- Up-to-date: /home/abdelrhaman/microros_ws/install/nav_msgs/include/nav_msgs/srv/detail/microxrcedds/get_map__type_support_cpp.cpp
[3.377s] -- Up-to-date: /home/abdelrhaman/microros_ws/install/nav_msgs/include/nav_msgs/srv/detail/microxrcedds/set_map__type_support_cpp.cpp
[3.377s] -- Up-to-date: /home/abdelrhaman/microros_ws/install/nav_msgs/include/nav_msgs/srv/detail/microxrcedds/get_plan__type_support_cpp.cpp
[3.377s] -- Up-to-date: /home/abdelrhaman/microros_ws/install/nav_msgs/include/nav_msgs/msg
[3.377s] -- Up-to-date: /home/abdelrhaman/microros_ws/install/nav_msgs/include/nav_msgs/msg/detail
[3.377s] -- Up-to-date: /home/abdelrhaman/microros_ws/install/nav_msgs/include/nav_msgs/msg/detail/odometry__rosidl_typesupport_microxrcedds_cpp.hpp
[3.377s] -- Up-to-date: /home/abdelrhaman/microros_ws/install/nav_msgs/include/nav_msgs/msg/detail/occupancy_grid__rosidl_typesupport_microxrcedds_cpp.hpp
[3.377s] -- Up-to-date: /home/abdelrhaman/microros_ws/install/nav_msgs/include/nav_msgs/msg/detail/map_meta_data__rosidl_typesupport_microxrcedds_cpp.hpp
[3.377s] -- Up-to-date: /home/abdelrhaman/microros_ws/install/nav_msgs/include/nav_msgs/msg/detail/path__rosidl_typesupport_microxrcedds_cpp.hpp
[3.377s] -- Up-to-date: /home/abdelrhaman/microros_ws/install/nav_msgs/include/nav_msgs/msg/detail/microxrcedds
[3.377s] -- Up-to-date: /home/abdelrhaman/microros_ws/install/nav_msgs/include/nav_msgs/msg/detail/microxrcedds/grid_cells__type_support_cpp.cpp
[3.377s] -- Up-to-date: /home/abdelrhaman/microros_ws/install/nav_msgs/include/nav_msgs/msg/detail/microxrcedds/odometry__type_support_cpp.cpp
[3.377s] -- Up-to-date: /home/abdelrhaman/microros_ws/install/nav_msgs/include/nav_msgs/msg/detail/microxrcedds/occupancy_grid__type_support_cpp.cpp
[3.377s] -- Up-to-date: /home/abdelrhaman/microros_ws/install/nav_msgs/include/nav_msgs/msg/detail/microxrcedds/map_meta_data__type_support_cpp.cpp
[3.377s] -- Up-to-date: /home/abdelrhaman/microros_ws/install/nav_msgs/include/nav_msgs/msg/detail/microxrcedds/path__type_support_cpp.cpp
[3.377s] -- Up-to-date: /home/abdelrhaman/microros_ws/install/nav_msgs/include/nav_msgs/msg/detail/grid_cells__rosidl_typesupport_microxrcedds_cpp.hpp
[3.377s] -- Up-to-date: /home/abdelrhaman/microros_ws/install/nav_msgs/include/nav_msgs/msg/rosidl_typesupport_microxrcedds_cpp__visibility_control.h
[3.377s] -- Installing: /home/abdelrhaman/microros_ws/install/nav_msgs/lib/libnav_msgs__rosidl_typesupport_microxrcedds_cpp.so
[3.378s] -- Set runtime path of "/home/abdelrhaman/microros_ws/install/nav_msgs/lib/libnav_msgs__rosidl_typesupport_microxrcedds_cpp.so" to ""
[3.378s] -- Up-to-date: /home/abdelrhaman/microros_ws/install/nav_msgs/include/nav_msgs/nav_msgs
[3.378s] -- Up-to-date: /home/abdelrhaman/microros_ws/install/nav_msgs/include/nav_msgs/nav_msgs/srv
[3.378s] -- Up-to-date: /home/abdelrhaman/microros_ws/install/nav_msgs/include/nav_msgs/nav_msgs/srv/detail
[3.378s] -- Up-to-date: /home/abdelrhaman/microros_ws/install/nav_msgs/include/nav_msgs/nav_msgs/srv/detail/get_map__rosidl_typesupport_introspection_cpp.hpp
[3.378s] -- Up-to-date: /home/abdelrhaman/microros_ws/install/nav_msgs/include/nav_msgs/nav_msgs/srv/detail/load_map__rosidl_typesupport_introspection_cpp.hpp
[3.378s] -- Up-to-date: /home/abdelrhaman/microros_ws/install/nav_msgs/include/nav_msgs/nav_msgs/srv/detail/get_map__type_support.cpp
[3.378s] -- Up-to-date: /home/abdelrhaman/microros_ws/install/nav_msgs/include/nav_msgs/nav_msgs/srv/detail/get_plan__rosidl_typesupport_introspection_cpp.hpp
[3.378s] -- Up-to-date: /home/abdelrhaman/microros_ws/install/nav_msgs/include/nav_msgs/nav_msgs/srv/detail/set_map__type_support.cpp
[3.378s] -- Up-to-date: /home/abdelrhaman/microros_ws/install/nav_msgs/include/nav_msgs/nav_msgs/srv/detail/load_map__type_support.cpp
[3.378s] -- Up-to-date: /home/abdelrhaman/microros_ws/install/nav_msgs/include/nav_msgs/nav_msgs/srv/detail/set_map__rosidl_typesupport_introspection_cpp.hpp
[3.378s] -- Up-to-date: /home/abdelrhaman/microros_ws/install/nav_msgs/include/nav_msgs/nav_msgs/srv/detail/get_plan__type_support.cpp
[3.378s] -- Up-to-date: /home/abdelrhaman/microros_ws/install/nav_msgs/include/nav_msgs/nav_msgs/msg
[3.378s] -- Up-to-date: /home/abdelrhaman/microros_ws/install/nav_msgs/include/nav_msgs/nav_msgs/msg/detail
[3.378s] -- Up-to-date: /home/abdelrhaman/microros_ws/install/nav_msgs/include/nav_msgs/nav_msgs/msg/detail/occupancy_grid__type_support.cpp
[3.378s] -- Up-to-date: /home/abdelrhaman/microros_ws/install/nav_msgs/include/nav_msgs/nav_msgs/msg/detail/path__type_support.cpp
[3.378s] -- Up-to-date: /home/abdelrhaman/microros_ws/install/nav_msgs/include/nav_msgs/nav_msgs/msg/detail/path__rosidl_typesupport_introspection_cpp.hpp
[3.378s] -- Up-to-date: /home/abdelrhaman/microros_ws/install/nav_msgs/include/nav_msgs/nav_msgs/msg/detail/map_meta_data__rosidl_typesupport_introspection_cpp.hpp
[3.378s] -- Up-to-date: /home/abdelrhaman/microros_ws/install/nav_msgs/include/nav_msgs/nav_msgs/msg/detail/grid_cells__type_support.cpp
[3.378s] -- Up-to-date: /home/abdelrhaman/microros_ws/install/nav_msgs/include/nav_msgs/nav_msgs/msg/detail/occupancy_grid__rosidl_typesupport_introspection_cpp.hpp
[3.378s] -- Up-to-date: /home/abdelrhaman/microros_ws/install/nav_msgs/include/nav_msgs/nav_msgs/msg/detail/odometry__type_support.cpp
[3.378s] -- Up-to-date: /home/abdelrhaman/microros_ws/install/nav_msgs/include/nav_msgs/nav_msgs/msg/detail/grid_cells__rosidl_typesupport_introspection_cpp.hpp
[3.378s] -- Up-to-date: /home/abdelrhaman/microros_ws/install/nav_msgs/include/nav_msgs/nav_msgs/msg/detail/map_meta_data__type_support.cpp
[3.378s] -- Up-to-date: /home/abdelrhaman/microros_ws/install/nav_msgs/include/nav_msgs/nav_msgs/msg/detail/odometry__rosidl_typesupport_introspection_cpp.hpp
[3.378s] -- Up-to-date: /home/abdelrhaman/microros_ws/install/nav_msgs/lib/libnav_msgs__rosidl_typesupport_introspection_cpp.so
[3.378s] -- Installing: /home/abdelrhaman/microros_ws/install/nav_msgs/lib/libnav_msgs__rosidl_typesupport_cpp.so
[3.378s] -- Set runtime path of "/home/abdelrhaman/microros_ws/install/nav_msgs/lib/libnav_msgs__rosidl_typesupport_cpp.so" to ""
[3.378s] -- Up-to-date: /home/abdelrhaman/microros_ws/install/nav_msgs/share/nav_msgs/environment/pythonpath.sh
[3.378s] -- Installing: /home/abdelrhaman/microros_ws/install/nav_msgs/share/nav_msgs/environment/pythonpath.dsv
[3.378s] -- Up-to-date: /home/abdelrhaman/microros_ws/install/nav_msgs/local/lib/python3.10/dist-packages/nav_msgs-4.2.4-py3.10.egg-info
[3.378s] -- Installing: /home/abdelrhaman/microros_ws/install/nav_msgs/local/lib/python3.10/dist-packages/nav_msgs-4.2.4-py3.10.egg-info/PKG-INFO
[3.378s] -- Installing: /home/abdelrhaman/microros_ws/install/nav_msgs/local/lib/python3.10/dist-packages/nav_msgs-4.2.4-py3.10.egg-info/SOURCES.txt
[3.378s] -- Installing: /home/abdelrhaman/microros_ws/install/nav_msgs/local/lib/python3.10/dist-packages/nav_msgs-4.2.4-py3.10.egg-info/top_level.txt
[3.378s] -- Installing: /home/abdelrhaman/microros_ws/install/nav_msgs/local/lib/python3.10/dist-packages/nav_msgs-4.2.4-py3.10.egg-info/dependency_links.txt
[3.379s] -- Up-to-date: /home/abdelrhaman/microros_ws/install/nav_msgs/local/lib/python3.10/dist-packages/nav_msgs
[3.379s] -- Up-to-date: /home/abdelrhaman/microros_ws/install/nav_msgs/local/lib/python3.10/dist-packages/nav_msgs/_nav_msgs_s.ep.rosidl_typesupport_introspection_c.c
[3.379s] -- Up-to-date: /home/abdelrhaman/microros_ws/install/nav_msgs/local/lib/python3.10/dist-packages/nav_msgs/srv
[3.379s] -- Up-to-date: /home/abdelrhaman/microros_ws/install/nav_msgs/local/lib/python3.10/dist-packages/nav_msgs/srv/_get_map.py
[3.379s] -- Up-to-date: /home/abdelrhaman/microros_ws/install/nav_msgs/local/lib/python3.10/dist-packages/nav_msgs/srv/_load_map_s.c
[3.379s] -- Up-to-date: /home/abdelrhaman/microros_ws/install/nav_msgs/local/lib/python3.10/dist-packages/nav_msgs/srv/_get_map_s.c
[3.379s] -- Up-to-date: /home/abdelrhaman/microros_ws/install/nav_msgs/local/lib/python3.10/dist-packages/nav_msgs/srv/__init__.py
[3.379s] -- Up-to-date: /home/abdelrhaman/microros_ws/install/nav_msgs/local/lib/python3.10/dist-packages/nav_msgs/srv/_set_map_s.c
[3.379s] -- Up-to-date: /home/abdelrhaman/microros_ws/install/nav_msgs/local/lib/python3.10/dist-packages/nav_msgs/srv/_get_plan.py
[3.379s] -- Up-to-date: /home/abdelrhaman/microros_ws/install/nav_msgs/local/lib/python3.10/dist-packages/nav_msgs/srv/_load_map.py
[3.379s] -- Up-to-date: /home/abdelrhaman/microros_ws/install/nav_msgs/local/lib/python3.10/dist-packages/nav_msgs/srv/_get_plan_s.c
[3.379s] -- Up-to-date: /home/abdelrhaman/microros_ws/install/nav_msgs/local/lib/python3.10/dist-packages/nav_msgs/srv/_set_map.py
[3.379s] -- Installing: /home/abdelrhaman/microros_ws/install/nav_msgs/local/lib/python3.10/dist-packages/nav_msgs/libnav_msgs__rosidl_generator_py.so
[3.379s] -- Up-to-date: /home/abdelrhaman/microros_ws/install/nav_msgs/local/lib/python3.10/dist-packages/nav_msgs/_nav_msgs_s.ep.rosidl_typesupport_microxrcedds_c.c
[3.379s] -- Installing: /home/abdelrhaman/microros_ws/install/nav_msgs/local/lib/python3.10/dist-packages/nav_msgs/nav_msgs_s__rosidl_typesupport_fastrtps_c.cpython-310-x86_64-linux-gnu.so
[3.379s] -- Up-to-date: /home/abdelrhaman/microros_ws/install/nav_msgs/local/lib/python3.10/dist-packages/nav_msgs/_nav_msgs_s.ep.rosidl_typesupport_c.c
[3.379s] -- Installing: /home/abdelrhaman/microros_ws/install/nav_msgs/local/lib/python3.10/dist-packages/nav_msgs/__init__.py
[3.379s] -- Up-to-date: /home/abdelrhaman/microros_ws/install/nav_msgs/local/lib/python3.10/dist-packages/nav_msgs/msg
[3.379s] -- Up-to-date: /home/abdelrhaman/microros_ws/install/nav_msgs/local/lib/python3.10/dist-packages/nav_msgs/msg/_occupancy_grid_s.c
[3.379s] -- Up-to-date: /home/abdelrhaman/microros_ws/install/nav_msgs/local/lib/python3.10/dist-packages/nav_msgs/msg/_map_meta_data.py
[3.379s] -- Up-to-date: /home/abdelrhaman/microros_ws/install/nav_msgs/local/lib/python3.10/dist-packages/nav_msgs/msg/_grid_cells.py
[3.379s] -- Up-to-date: /home/abdelrhaman/microros_ws/install/nav_msgs/local/lib/python3.10/dist-packages/nav_msgs/msg/_path.py
[3.379s] -- Up-to-date: /home/abdelrhaman/microros_ws/install/nav_msgs/local/lib/python3.10/dist-packages/nav_msgs/msg/_grid_cells_s.c
[3.379s] -- Up-to-date: /home/abdelrhaman/microros_ws/install/nav_msgs/local/lib/python3.10/dist-packages/nav_msgs/msg/__init__.py
[3.379s] -- Up-to-date: /home/abdelrhaman/microros_ws/install/nav_msgs/local/lib/python3.10/dist-packages/nav_msgs/msg/_path_s.c
[3.379s] -- Up-to-date: /home/abdelrhaman/microros_ws/install/nav_msgs/local/lib/python3.10/dist-packages/nav_msgs/msg/_odometry_s.c
[3.379s] -- Up-to-date: /home/abdelrhaman/microros_ws/install/nav_msgs/local/lib/python3.10/dist-packages/nav_msgs/msg/_map_meta_data_s.c
[3.379s] -- Up-to-date: /home/abdelrhaman/microros_ws/install/nav_msgs/local/lib/python3.10/dist-packages/nav_msgs/msg/_odometry.py
[3.379s] -- Up-to-date: /home/abdelrhaman/microros_ws/install/nav_msgs/local/lib/python3.10/dist-packages/nav_msgs/msg/_occupancy_grid.py
[3.379s] -- Installing: /home/abdelrhaman/microros_ws/install/nav_msgs/local/lib/python3.10/dist-packages/nav_msgs/nav_msgs_s__rosidl_typesupport_c.cpython-310-x86_64-linux-gnu.so
[3.379s] -- Installing: /home/abdelrhaman/microros_ws/install/nav_msgs/local/lib/python3.10/dist-packages/nav_msgs/nav_msgs_s__rosidl_typesupport_microxrcedds_c.cpython-310-x86_64-linux-gnu.so
[3.379s] -- Up-to-date: /home/abdelrhaman/microros_ws/install/nav_msgs/local/lib/python3.10/dist-packages/nav_msgs/_nav_msgs_s.ep.rosidl_typesupport_fastrtps_c.c
[3.379s] -- Installing: /home/abdelrhaman/microros_ws/install/nav_msgs/local/lib/python3.10/dist-packages/nav_msgs/nav_msgs_s__rosidl_typesupport_introspection_c.cpython-310-x86_64-linux-gnu.so
[3.407s] Listing '/home/abdelrhaman/microros_ws/install/nav_msgs/local/lib/python3.10/dist-packages/nav_msgs'...
[3.407s] Compiling '/home/abdelrhaman/microros_ws/install/nav_msgs/local/lib/python3.10/dist-packages/nav_msgs/__init__.py'...
[3.407s] Listing '/home/abdelrhaman/microros_ws/install/nav_msgs/local/lib/python3.10/dist-packages/nav_msgs/msg'...
[3.407s] Listing '/home/abdelrhaman/microros_ws/install/nav_msgs/local/lib/python3.10/dist-packages/nav_msgs/srv'...
[3.410s] -- Installing: /home/abdelrhaman/microros_ws/install/nav_msgs/local/lib/python3.10/dist-packages/nav_msgs/nav_msgs_s__rosidl_typesupport_microxrcedds_c.cpython-310-x86_64-linux-gnu.so
[3.410s] -- Set runtime path of "/home/abdelrhaman/microros_ws/install/nav_msgs/local/lib/python3.10/dist-packages/nav_msgs/nav_msgs_s__rosidl_typesupport_microxrcedds_c.cpython-310-x86_64-linux-gnu.so" to ""
[3.410s] -- Installing: /home/abdelrhaman/microros_ws/install/nav_msgs/local/lib/python3.10/dist-packages/nav_msgs/nav_msgs_s__rosidl_typesupport_fastrtps_c.cpython-310-x86_64-linux-gnu.so
[3.411s] -- Set runtime path of "/home/abdelrhaman/microros_ws/install/nav_msgs/local/lib/python3.10/dist-packages/nav_msgs/nav_msgs_s__rosidl_typesupport_fastrtps_c.cpython-310-x86_64-linux-gnu.so" to ""
[3.411s] -- Installing: /home/abdelrhaman/microros_ws/install/nav_msgs/local/lib/python3.10/dist-packages/nav_msgs/nav_msgs_s__rosidl_typesupport_introspection_c.cpython-310-x86_64-linux-gnu.so
[3.411s] -- Set runtime path of "/home/abdelrhaman/microros_ws/install/nav_msgs/local/lib/python3.10/dist-packages/nav_msgs/nav_msgs_s__rosidl_typesupport_introspection_c.cpython-310-x86_64-linux-gnu.so" to ""
[3.411s] -- Installing: /home/abdelrhaman/microros_ws/install/nav_msgs/local/lib/python3.10/dist-packages/nav_msgs/nav_msgs_s__rosidl_typesupport_c.cpython-310-x86_64-linux-gnu.so
[3.411s] -- Set runtime path of "/home/abdelrhaman/microros_ws/install/nav_msgs/local/lib/python3.10/dist-packages/nav_msgs/nav_msgs_s__rosidl_typesupport_c.cpython-310-x86_64-linux-gnu.so" to ""
[3.411s] -- Installing: /home/abdelrhaman/microros_ws/install/nav_msgs/lib/libnav_msgs__rosidl_generator_py.so
[3.411s] -- Set runtime path of "/home/abdelrhaman/microros_ws/install/nav_msgs/lib/libnav_msgs__rosidl_generator_py.so" to ""
[3.411s] -- Up-to-date: /home/abdelrhaman/microros_ws/install/nav_msgs/share/nav_msgs/msg/GridCells.idl
[3.411s] -- Up-to-date: /home/abdelrhaman/microros_ws/install/nav_msgs/share/nav_msgs/msg/MapMetaData.idl
[3.411s] -- Up-to-date: /home/abdelrhaman/microros_ws/install/nav_msgs/share/nav_msgs/msg/OccupancyGrid.idl
[3.412s] -- Up-to-date: /home/abdelrhaman/microros_ws/install/nav_msgs/share/nav_msgs/msg/Odometry.idl
[3.412s] -- Up-to-date: /home/abdelrhaman/microros_ws/install/nav_msgs/share/nav_msgs/msg/Path.idl
[3.412s] -- Up-to-date: /home/abdelrhaman/microros_ws/install/nav_msgs/share/nav_msgs/srv/GetMap.idl
[3.412s] -- Up-to-date: /home/abdelrhaman/microros_ws/install/nav_msgs/share/nav_msgs/srv/GetPlan.idl
[3.412s] -- Up-to-date: /home/abdelrhaman/microros_ws/install/nav_msgs/share/nav_msgs/srv/LoadMap.idl
[3.412s] -- Up-to-date: /home/abdelrhaman/microros_ws/install/nav_msgs/share/nav_msgs/srv/SetMap.idl
[3.412s] -- Up-to-date: /home/abdelrhaman/microros_ws/install/nav_msgs/share/nav_msgs/msg/GridCells.msg
[3.412s] -- Up-to-date: /home/abdelrhaman/microros_ws/install/nav_msgs/share/nav_msgs/msg/MapMetaData.msg
[3.412s] -- Up-to-date: /home/abdelrhaman/microros_ws/install/nav_msgs/share/nav_msgs/msg/OccupancyGrid.msg
[3.412s] -- Up-to-date: /home/abdelrhaman/microros_ws/install/nav_msgs/share/nav_msgs/msg/Odometry.msg
[3.412s] -- Up-to-date: /home/abdelrhaman/microros_ws/install/nav_msgs/share/nav_msgs/msg/Path.msg
[3.412s] -- Up-to-date: /home/abdelrhaman/microros_ws/install/nav_msgs/share/nav_msgs/srv/GetMap.srv
[3.412s] -- Up-to-date: /home/abdelrhaman/microros_ws/install/nav_msgs/share/nav_msgs/srv/GetMap_Request.msg
[3.412s] -- Up-to-date: /home/abdelrhaman/microros_ws/install/nav_msgs/share/nav_msgs/srv/GetMap_Response.msg
[3.412s] -- Up-to-date: /home/abdelrhaman/microros_ws/install/nav_msgs/share/nav_msgs/srv/GetPlan.srv
[3.412s] -- Up-to-date: /home/abdelrhaman/microros_ws/install/nav_msgs/share/nav_msgs/srv/GetPlan_Request.msg
[3.412s] -- Up-to-date: /home/abdelrhaman/microros_ws/install/nav_msgs/share/nav_msgs/srv/GetPlan_Response.msg
[3.412s] -- Up-to-date: /home/abdelrhaman/microros_ws/install/nav_msgs/share/nav_msgs/srv/LoadMap.srv
[3.412s] -- Up-to-date: /home/abdelrhaman/microros_ws/install/nav_msgs/share/nav_msgs/srv/LoadMap_Request.msg
[3.412s] -- Up-to-date: /home/abdelrhaman/microros_ws/install/nav_msgs/share/nav_msgs/srv/LoadMap_Response.msg
[3.412s] -- Up-to-date: /home/abdelrhaman/microros_ws/install/nav_msgs/share/nav_msgs/srv/SetMap.srv
[3.412s] -- Up-to-date: /home/abdelrhaman/microros_ws/install/nav_msgs/share/nav_msgs/srv/SetMap_Request.msg
[3.412s] -- Up-to-date: /home/abdelrhaman/microros_ws/install/nav_msgs/share/nav_msgs/srv/SetMap_Response.msg
[3.412s] -- Up-to-date: /home/abdelrhaman/microros_ws/install/nav_msgs/share/ament_index/resource_index/package_run_dependencies/nav_msgs
[3.412s] -- Installing: /home/abdelrhaman/microros_ws/install/nav_msgs/share/ament_index/resource_index/parent_prefix_path/nav_msgs
[3.412s] -- Up-to-date: /home/abdelrhaman/microros_ws/install/nav_msgs/share/nav_msgs/environment/ament_prefix_path.sh
[3.412s] -- Installing: /home/abdelrhaman/microros_ws/install/nav_msgs/share/nav_msgs/environment/ament_prefix_path.dsv
[3.412s] -- Up-to-date: /home/abdelrhaman/microros_ws/install/nav_msgs/share/nav_msgs/environment/path.sh
[3.412s] -- Installing: /home/abdelrhaman/microros_ws/install/nav_msgs/share/nav_msgs/environment/path.dsv
[3.413s] -- Up-to-date: /home/abdelrhaman/microros_ws/install/nav_msgs/share/nav_msgs/local_setup.bash
[3.413s] -- Up-to-date: /home/abdelrhaman/microros_ws/install/nav_msgs/share/nav_msgs/local_setup.sh
[3.413s] -- Up-to-date: /home/abdelrhaman/microros_ws/install/nav_msgs/share/nav_msgs/local_setup.zsh
[3.413s] -- Installing: /home/abdelrhaman/microros_ws/install/nav_msgs/share/nav_msgs/local_setup.dsv
[3.413s] -- Installing: /home/abdelrhaman/microros_ws/install/nav_msgs/share/nav_msgs/package.dsv
[3.413s] -- Up-to-date: /home/abdelrhaman/microros_ws/install/nav_msgs/share/ament_index/resource_index/packages/nav_msgs
[3.413s] -- Up-to-date: /home/abdelrhaman/microros_ws/install/nav_msgs/share/nav_msgs/cmake/export_nav_msgs__rosidl_generator_cExport.cmake
[3.413s] -- Up-to-date: /home/abdelrhaman/microros_ws/install/nav_msgs/share/nav_msgs/cmake/export_nav_msgs__rosidl_generator_cExport-noconfig.cmake
[3.413s] -- Up-to-date: /home/abdelrhaman/microros_ws/install/nav_msgs/share/nav_msgs/cmake/export_nav_msgs__rosidl_typesupport_fastrtps_cExport.cmake
[3.413s] -- Up-to-date: /home/abdelrhaman/microros_ws/install/nav_msgs/share/nav_msgs/cmake/export_nav_msgs__rosidl_typesupport_fastrtps_cExport-noconfig.cmake
[3.413s] -- Up-to-date: /home/abdelrhaman/microros_ws/install/nav_msgs/share/nav_msgs/cmake/export_nav_msgs__rosidl_generator_cppExport.cmake
[3.413s] -- Up-to-date: /home/abdelrhaman/microros_ws/install/nav_msgs/share/nav_msgs/cmake/export_nav_msgs__rosidl_typesupport_fastrtps_cppExport.cmake
[3.413s] -- Up-to-date: /home/abdelrhaman/microros_ws/install/nav_msgs/share/nav_msgs/cmake/export_nav_msgs__rosidl_typesupport_fastrtps_cppExport-noconfig.cmake
[3.413s] -- Up-to-date: /home/abdelrhaman/microros_ws/install/nav_msgs/share/nav_msgs/cmake/nav_msgs__rosidl_typesupport_introspection_cExport.cmake
[3.413s] -- Up-to-date: /home/abdelrhaman/microros_ws/install/nav_msgs/share/nav_msgs/cmake/nav_msgs__rosidl_typesupport_introspection_cExport-noconfig.cmake
[3.413s] -- Up-to-date: /home/abdelrhaman/microros_ws/install/nav_msgs/share/nav_msgs/cmake/nav_msgs__rosidl_typesupport_cExport.cmake
[3.413s] -- Up-to-date: /home/abdelrhaman/microros_ws/install/nav_msgs/share/nav_msgs/cmake/nav_msgs__rosidl_typesupport_cExport-noconfig.cmake
[3.413s] -- Up-to-date: /home/abdelrhaman/microros_ws/install/nav_msgs/share/nav_msgs/cmake/nav_msgs__rosidl_typesupport_introspection_cppExport.cmake
[3.413s] -- Up-to-date: /home/abdelrhaman/microros_ws/install/nav_msgs/share/nav_msgs/cmake/nav_msgs__rosidl_typesupport_introspection_cppExport-noconfig.cmake
[3.413s] -- Up-to-date: /home/abdelrhaman/microros_ws/install/nav_msgs/share/nav_msgs/cmake/nav_msgs__rosidl_typesupport_cppExport.cmake
[3.413s] -- Up-to-date: /home/abdelrhaman/microros_ws/install/nav_msgs/share/nav_msgs/cmake/nav_msgs__rosidl_typesupport_cppExport-noconfig.cmake
[3.413s] -- Up-to-date: /home/abdelrhaman/microros_ws/install/nav_msgs/share/nav_msgs/cmake/export_nav_msgs__rosidl_generator_pyExport.cmake
[3.413s] -- Up-to-date: /home/abdelrhaman/microros_ws/install/nav_msgs/share/nav_msgs/cmake/export_nav_msgs__rosidl_generator_pyExport-noconfig.cmake
[3.413s] -- Up-to-date: /home/abdelrhaman/microros_ws/install/nav_msgs/share/nav_msgs/cmake/rosidl_cmake-extras.cmake
[3.413s] -- Up-to-date: /home/abdelrhaman/microros_ws/install/nav_msgs/share/nav_msgs/cmake/ament_cmake_export_dependencies-extras.cmake
[3.413s] -- Installing: /home/abdelrhaman/microros_ws/install/nav_msgs/share/nav_msgs/cmake/ament_cmake_export_include_directories-extras.cmake
[3.413s] -- Up-to-date: /home/abdelrhaman/microros_ws/install/nav_msgs/share/nav_msgs/cmake/ament_cmake_export_libraries-extras.cmake
[3.413s] -- Up-to-date: /home/abdelrhaman/microros_ws/install/nav_msgs/share/nav_msgs/cmake/ament_cmake_export_targets-extras.cmake
[3.413s] -- Up-to-date: /home/abdelrhaman/microros_ws/install/nav_msgs/share/nav_msgs/cmake/rosidl_cmake_export_typesupport_targets-extras.cmake
[3.413s] -- Installing: /home/abdelrhaman/microros_ws/install/nav_msgs/share/nav_msgs/cmake/rosidl_cmake_export_typesupport_libraries-extras.cmake
[3.413s] -- Up-to-date: /home/abdelrhaman/microros_ws/install/nav_msgs/share/nav_msgs/cmake/nav_msgsConfig.cmake
[3.414s] -- Up-to-date: /home/abdelrhaman/microros_ws/install/nav_msgs/share/nav_msgs/cmake/nav_msgsConfig-version.cmake
[3.414s] -- Up-to-date: /home/abdelrhaman/microros_ws/install/nav_msgs/share/nav_msgs/package.xml
[3.416s] Invoked command in '/home/abdelrhaman/microros_ws/build/nav_msgs' returned '0': CMAKE_PREFIX_PATH=/home/abdelrhaman/microros_ws/install/geometry_msgs:/home/abdelrhaman/microros_ws/install/std_msgs:/home/abdelrhaman/microros_ws/install/builtin_interfaces:/home/abdelrhaman/microros_ws/install/micro_ros_demos_rclc:/home/abdelrhaman/microros_ws/install/common_interfaces:/home/abdelrhaman/microros_ws/install/visualization_msgs:/home/abdelrhaman/microros_ws/install/test_msgs:/home/abdelrhaman/microros_ws/install/example_interfaces:/home/abdelrhaman/microros_ws/install/action_msgs:/home/abdelrhaman/microros_ws/install/unique_identifier_msgs:/home/abdelrhaman/microros_ws/install/trajectory_msgs:/home/abdelrhaman/microros_ws/install/stereo_msgs:/home/abdelrhaman/microros_ws/install/std_srvs:/home/abdelrhaman/microros_ws/install/shape_msgs:/home/abdelrhaman/microros_ws/install/sensor_msgs:/home/abdelrhaman/microros_ws/install/nav_msgs:/home/abdelrhaman/microros_ws/install/diagnostic_msgs:/home/abdelrhaman/microros_ws/install/actionlib_msgs:/home/abdelrhaman/microros_ws/install/statistics_msgs:/home/abdelrhaman/microros_ws/install/rosidl_typesupport_microxrcedds_test_msg:/home/abdelrhaman/microros_ws/install/rosidl_typesupport_microxrcedds_cpp_tests:/home/abdelrhaman/microros_ws/install/rmw_microxrcedds:/home/abdelrhaman/microros_ws/install/rosidl_typesupport_microxrcedds_cpp:/home/abdelrhaman/microros_ws/install/rosidl_typesupport_microxrcedds_c_tests:/home/abdelrhaman/microros_ws/install/rosidl_typesupport_microxrcedds_c:/home/abdelrhaman/microros_ws/install/rosgraph_msgs:/home/abdelrhaman/microros_ws/install/rclc_parameter:/home/abdelrhaman/microros_ws/install/rclc:/home/abdelrhaman/microros_ws/install/composition_interfaces:/home/abdelrhaman/microros_ws/install/rcl_interfaces:/home/abdelrhaman/microros_ws/install/microxrcedds_client:/home/abdelrhaman/microros_ws/install/microcdr:/home/abdelrhaman/microros_ws/install/micro_ros_utilities:/home/abdelrhaman/microros_ws/install/micro_ros_setup:/home/abdelrhaman/microros_ws/install/micro_ros_agent:/home/abdelrhaman/microros_ws/install/micro_ros_msgs:/home/abdelrhaman/microros_ws/install/lifecycle_msgs:/home/abdelrhaman/microros_ws/install/complex_msgs:/home/abdelrhaman/microros_ws/install/sensor_msgs_py:/home/abdelrhaman/ros/install/my_robot_controller:/opt/ros/humble LD_LIBRARY_PATH=/home/abdelrhaman/microros_ws/install/geometry_msgs/lib:/home/abdelrhaman/microros_ws/install/std_msgs/lib:/home/abdelrhaman/microros_ws/install/builtin_interfaces/lib:/home/abdelrhaman/microros_ws/install/visualization_msgs/lib:/home/abdelrhaman/microros_ws/install/test_msgs/lib:/home/abdelrhaman/microros_ws/install/example_interfaces/lib:/home/abdelrhaman/microros_ws/install/action_msgs/lib:/home/abdelrhaman/microros_ws/install/unique_identifier_msgs/lib:/home/abdelrhaman/microros_ws/install/trajectory_msgs/lib:/home/abdelrhaman/microros_ws/install/stereo_msgs/lib:/home/abdelrhaman/microros_ws/install/std_srvs/lib:/home/abdelrhaman/microros_ws/install/shape_msgs/lib:/home/abdelrhaman/microros_ws/install/sensor_msgs/lib:/home/abdelrhaman/microros_ws/install/nav_msgs/lib:/home/abdelrhaman/microros_ws/install/diagnostic_msgs/lib:/home/abdelrhaman/microros_ws/install/actionlib_msgs/lib:/home/abdelrhaman/microros_ws/install/statistics_msgs/lib:/home/abdelrhaman/microros_ws/install/rmw_microxrcedds/lib:/home/abdelrhaman/microros_ws/install/rosidl_typesupport_microxrcedds_cpp/lib:/home/abdelrhaman/microros_ws/install/rosidl_typesupport_microxrcedds_c/lib:/home/abdelrhaman/microros_ws/install/rosgraph_msgs/lib:/home/abdelrhaman/microros_ws/install/rclc_parameter/lib:/home/abdelrhaman/microros_ws/install/rclc/lib:/home/abdelrhaman/microros_ws/install/composition_interfaces/lib:/home/abdelrhaman/microros_ws/install/rcl_interfaces/lib:/home/abdelrhaman/microros_ws/install/microxrcedds_client/lib:/home/abdelrhaman/microros_ws/install/microcdr/lib:/home/abdelrhaman/microros_ws/install/micro_ros_utilities/lib:/home/abdelrhaman/microros_ws/install/micro_ros_agent/lib:/home/abdelrhaman/microros_ws/install/micro_ros_msgs/lib:/home/abdelrhaman/microros_ws/install/lifecycle_msgs/lib:/home/abdelrhaman/microros_ws/install/complex_msgs/lib:/opt/ros/humble/opt/rviz_ogre_vendor/lib:/opt/ros/humble/lib/x86_64-linux-gnu:/opt/ros/humble/lib /usr/bin/cmake --install /home/abdelrhaman/microros_ws/build/nav_msgs
