[0.023s] Invoking command in '/home/abdelrhaman/microros_ws/build/action_msgs': AMENT_PREFIX_PATH=/home/abdelrhaman/microros_ws/install/unique_identifier_msgs:/home/abdelrhaman/microros_ws/install/builtin_interfaces:${AMENT_PREFIX_PATH} CMAKE_PREFIX_PATH=/home/abdelrhaman/microros_ws/install/unique_identifier_msgs:/home/abdelrhaman/microros_ws/install/builtin_interfaces:/home/abdelrhaman/ros/install/my_robot_controller:/opt/ros/humble LD_LIBRARY_PATH=/home/abdelrhaman/microros_ws/install/unique_identifier_msgs/lib:/home/abdelrhaman/microros_ws/install/builtin_interfaces/lib:${LD_LIBRARY_PATH} PYTHONPATH=/home/abdelrhaman/microros_ws/install/unique_identifier_msgs/local/lib/python3.10/dist-packages:/home/abdelrhaman/microros_ws/install/builtin_interfaces/local/lib/python3.10/dist-packages:${PYTHONPATH} /usr/bin/cmake /home/abdelrhaman/microros_ws/src/ros2/rcl_interfaces/action_msgs -DCMAKE_INSTALL_PREFIX=/home/abdelrhaman/microros_ws/install/action_msgs
[0.033s] -- Found ament_cmake: 1.3.10 (/opt/ros/humble/share/ament_cmake/cmake)
[0.128s] -- Found builtin_interfaces: 1.2.1 (/home/abdelrhaman/microros_ws/install/builtin_interfaces/share/builtin_interfaces/cmake)
[0.153s] -- Found rosidl_generator_c: 3.1.5 (/opt/ros/humble/share/rosidl_generator_c/cmake)
[0.156s] -- Found rosidl_adapter: 3.1.5 (/opt/ros/humble/share/rosidl_adapter/cmake)
[0.163s] -- Found rosidl_generator_cpp: 3.1.5 (/opt/ros/humble/share/rosidl_generator_cpp/cmake)
[0.175s] -- Using all available rosidl_typesupport_c: rosidl_typesupport_fastrtps_c;rosidl_typesupport_introspection_c
[0.189s] -- Using all available rosidl_typesupport_cpp: rosidl_typesupport_fastrtps_cpp;rosidl_typesupport_introspection_cpp
[0.202s] -- Found rosidl_default_generators: 1.2.0 (/opt/ros/humble/share/rosidl_default_generators/cmake)
[0.209s] -- Found unique_identifier_msgs: 2.2.1 (/home/abdelrhaman/microros_ws/install/unique_identifier_msgs/share/unique_identifier_msgs/cmake)
[0.453s] -- Found ament_cmake_ros: 0.10.0 (/opt/ros/humble/share/ament_cmake_ros/cmake)
[0.724s] -- Using all available rosidl_typesupport_c: rosidl_typesupport_fastrtps_c;rosidl_typesupport_introspection_c
[0.821s] -- Using all available rosidl_typesupport_cpp: rosidl_typesupport_fastrtps_cpp;rosidl_typesupport_introspection_cpp
[0.848s] -- Found python_cmake_module: 0.10.0 (/opt/ros/humble/share/python_cmake_module/cmake)
[0.870s] -- Using PYTHON_EXECUTABLE: /usr/bin/python3
[0.870s] -- Using PYTHON_INCLUDE_DIRS: /usr/include/python3.10
[0.870s] -- Using PYTHON_LIBRARIES: /usr/lib/x86_64-linux-gnu/libpython3.10.so
[0.888s] -- Configuring done
[0.945s] -- Generating done
[0.949s] -- Build files have been written to: /home/abdelrhaman/microros_ws/build/action_msgs
[0.955s] Invoked command in '/home/abdelrhaman/microros_ws/build/action_msgs' returned '0': AMENT_PREFIX_PATH=/home/abdelrhaman/microros_ws/install/unique_identifier_msgs:/home/abdelrhaman/microros_ws/install/builtin_interfaces:${AMENT_PREFIX_PATH} CMAKE_PREFIX_PATH=/home/abdelrhaman/microros_ws/install/unique_identifier_msgs:/home/abdelrhaman/microros_ws/install/builtin_interfaces:/home/abdelrhaman/ros/install/my_robot_controller:/opt/ros/humble LD_LIBRARY_PATH=/home/abdelrhaman/microros_ws/install/unique_identifier_msgs/lib:/home/abdelrhaman/microros_ws/install/builtin_interfaces/lib:${LD_LIBRARY_PATH} PYTHONPATH=/home/abdelrhaman/microros_ws/install/unique_identifier_msgs/local/lib/python3.10/dist-packages:/home/abdelrhaman/microros_ws/install/builtin_interfaces/local/lib/python3.10/dist-packages:${PYTHONPATH} /usr/bin/cmake /home/abdelrhaman/microros_ws/src/ros2/rcl_interfaces/action_msgs -DCMAKE_INSTALL_PREFIX=/home/abdelrhaman/microros_ws/install/action_msgs
[0.957s] Invoking command in '/home/abdelrhaman/microros_ws/build/action_msgs': AMENT_PREFIX_PATH=/home/abdelrhaman/microros_ws/install/unique_identifier_msgs:/home/abdelrhaman/microros_ws/install/builtin_interfaces:${AMENT_PREFIX_PATH} CMAKE_PREFIX_PATH=/home/abdelrhaman/microros_ws/install/unique_identifier_msgs:/home/abdelrhaman/microros_ws/install/builtin_interfaces:/home/abdelrhaman/ros/install/my_robot_controller:/opt/ros/humble LD_LIBRARY_PATH=/home/abdelrhaman/microros_ws/install/unique_identifier_msgs/lib:/home/abdelrhaman/microros_ws/install/builtin_interfaces/lib:${LD_LIBRARY_PATH} PYTHONPATH=/home/abdelrhaman/microros_ws/install/unique_identifier_msgs/local/lib/python3.10/dist-packages:/home/abdelrhaman/microros_ws/install/builtin_interfaces/local/lib/python3.10/dist-packages:${PYTHONPATH} /usr/bin/cmake --build /home/abdelrhaman/microros_ws/build/action_msgs -- -j20 -l20
[0.991s] [35m[1mConsolidate compiler generated dependencies of target action_msgs__rosidl_generator_c[0m
[1.001s] [  1%] Built target action_msgs__cpp
[1.004s] [ 12%] Built target action_msgs__rosidl_generator_c
[1.013s] [ 12%] Built target ament_cmake_python_copy_action_msgs
[1.013s] [ 14%] [34m[1mGenerating C++ type support dispatch for ROS interfaces[0m
[1.013s] [35m[1mConsolidate compiler generated dependencies of target action_msgs__rosidl_typesupport_fastrtps_cpp[0m
[1.014s] [ 16%] [34m[1mGenerating C type support dispatch for ROS interfaces[0m
[1.016s] [35m[1mConsolidate compiler generated dependencies of target action_msgs__rosidl_typesupport_introspection_c[0m
[1.016s] [35m[1mConsolidate compiler generated dependencies of target action_msgs__rosidl_typesupport_introspection_cpp[0m
[1.017s] [35m[1mConsolidate compiler generated dependencies of target action_msgs__rosidl_typesupport_fastrtps_c[0m
[1.031s] [ 38%] Built target action_msgs__rosidl_typesupport_introspection_c
[1.031s] [ 38%] Built target action_msgs__rosidl_typesupport_fastrtps_cpp
[1.033s] [ 49%] Built target action_msgs__rosidl_typesupport_fastrtps_c
[1.033s] [ 60%] Built target action_msgs__rosidl_typesupport_introspection_cpp
[1.572s] [35m[1mConsolidate compiler generated dependencies of target action_msgs__rosidl_typesupport_cpp[0m
[1.590s] [ 61%] [32mBuilding CXX object CMakeFiles/action_msgs__rosidl_typesupport_cpp.dir/rosidl_typesupport_cpp/action_msgs/msg/goal_info__type_support.cpp.o[0m
[1.592s] [ 63%] [32mBuilding CXX object CMakeFiles/action_msgs__rosidl_typesupport_cpp.dir/rosidl_typesupport_cpp/action_msgs/msg/goal_status__type_support.cpp.o[0m
[1.598s] [ 65%] [32mBuilding CXX object CMakeFiles/action_msgs__rosidl_typesupport_cpp.dir/rosidl_typesupport_cpp/action_msgs/srv/cancel_goal__type_support.cpp.o[0m
[1.602s] [ 67%] [32mBuilding CXX object CMakeFiles/action_msgs__rosidl_typesupport_cpp.dir/rosidl_typesupport_cpp/action_msgs/msg/goal_status_array__type_support.cpp.o[0m
[1.642s] [35m[1mConsolidate compiler generated dependencies of target action_msgs__rosidl_typesupport_c[0m
[1.654s] [ 69%] [32mBuilding CXX object CMakeFiles/action_msgs__rosidl_typesupport_c.dir/rosidl_typesupport_c/action_msgs/msg/goal_info__type_support.cpp.o[0m
[1.659s] [ 70%] [32mBuilding CXX object CMakeFiles/action_msgs__rosidl_typesupport_c.dir/rosidl_typesupport_c/action_msgs/msg/goal_status__type_support.cpp.o[0m
[1.660s] [ 72%] [32mBuilding CXX object CMakeFiles/action_msgs__rosidl_typesupport_c.dir/rosidl_typesupport_c/action_msgs/msg/goal_status_array__type_support.cpp.o[0m
[1.669s] [ 74%] [32mBuilding CXX object CMakeFiles/action_msgs__rosidl_typesupport_c.dir/rosidl_typesupport_c/action_msgs/srv/cancel_goal__type_support.cpp.o[0m
[1.727s] [ 76%] [32m[1mLinking CXX shared library libaction_msgs__rosidl_typesupport_c.so[0m
[1.763s] running egg_info
[1.777s] [ 76%] Built target action_msgs__rosidl_typesupport_c
[1.849s] writing action_msgs.egg-info/PKG-INFO
[1.915s] writing dependency_links to action_msgs.egg-info/dependency_links.txt
[1.988s] [ 78%] [32m[1mLinking CXX shared library libaction_msgs__rosidl_typesupport_cpp.so[0m
[2.017s] [ 78%] Built target action_msgs__rosidl_typesupport_cpp
[2.031s] [ 78%] Built target action_msgs
[2.055s] [ 80%] Built target action_msgs__py
[2.063s] [35m[1mConsolidate compiler generated dependencies of target action_msgs__rosidl_generator_py[0m
[2.072s] [ 81%] [32m[1mLinking C shared library rosidl_generator_py/action_msgs/libaction_msgs__rosidl_generator_py.so[0m
[2.102s] [ 89%] Built target action_msgs__rosidl_generator_py
[2.110s] [35m[1mConsolidate compiler generated dependencies of target action_msgs__rosidl_typesupport_c__pyext[0m
[2.110s] [35m[1mConsolidate compiler generated dependencies of target action_msgs__rosidl_typesupport_fastrtps_c__pyext[0m
[2.112s] [35m[1mConsolidate compiler generated dependencies of target action_msgs__rosidl_typesupport_introspection_c__pyext[0m
[2.120s] [ 90%] [32m[1mLinking C shared library rosidl_generator_py/action_msgs/action_msgs_s__rosidl_typesupport_fastrtps_c.cpython-310-x86_64-linux-gnu.so[0m
[2.121s] [ 92%] [32m[1mLinking C shared library rosidl_generator_py/action_msgs/action_msgs_s__rosidl_typesupport_introspection_c.cpython-310-x86_64-linux-gnu.so[0m
[2.122s] [ 94%] [32m[1mLinking C shared library rosidl_generator_py/action_msgs/action_msgs_s__rosidl_typesupport_c.cpython-310-x86_64-linux-gnu.so[0m
[2.147s] [ 96%] Built target action_msgs__rosidl_typesupport_fastrtps_c__pyext
[2.148s] [ 98%] Built target action_msgs__rosidl_typesupport_introspection_c__pyext
[2.153s] [100%] Built target action_msgs__rosidl_typesupport_c__pyext
[2.178s] writing top-level names to action_msgs.egg-info/top_level.txt
[2.232s] reading manifest file 'action_msgs.egg-info/SOURCES.txt'
[2.232s] writing manifest file 'action_msgs.egg-info/SOURCES.txt'
[2.260s] [100%] Built target ament_cmake_python_build_action_msgs_egg
[2.270s] Invoked command in '/home/abdelrhaman/microros_ws/build/action_msgs' returned '0': AMENT_PREFIX_PATH=/home/abdelrhaman/microros_ws/install/unique_identifier_msgs:/home/abdelrhaman/microros_ws/install/builtin_interfaces:${AMENT_PREFIX_PATH} CMAKE_PREFIX_PATH=/home/abdelrhaman/microros_ws/install/unique_identifier_msgs:/home/abdelrhaman/microros_ws/install/builtin_interfaces:/home/abdelrhaman/ros/install/my_robot_controller:/opt/ros/humble LD_LIBRARY_PATH=/home/abdelrhaman/microros_ws/install/unique_identifier_msgs/lib:/home/abdelrhaman/microros_ws/install/builtin_interfaces/lib:${LD_LIBRARY_PATH} PYTHONPATH=/home/abdelrhaman/microros_ws/install/unique_identifier_msgs/local/lib/python3.10/dist-packages:/home/abdelrhaman/microros_ws/install/builtin_interfaces/local/lib/python3.10/dist-packages:${PYTHONPATH} /usr/bin/cmake --build /home/abdelrhaman/microros_ws/build/action_msgs -- -j20 -l20
[2.488s] Invoking command in '/home/abdelrhaman/microros_ws/build/action_msgs': AMENT_PREFIX_PATH=/home/abdelrhaman/microros_ws/install/unique_identifier_msgs:/home/abdelrhaman/microros_ws/install/builtin_interfaces:${AMENT_PREFIX_PATH} CMAKE_PREFIX_PATH=/home/abdelrhaman/microros_ws/install/unique_identifier_msgs:/home/abdelrhaman/microros_ws/install/builtin_interfaces:/home/abdelrhaman/ros/install/my_robot_controller:/opt/ros/humble LD_LIBRARY_PATH=/home/abdelrhaman/microros_ws/install/unique_identifier_msgs/lib:/home/abdelrhaman/microros_ws/install/builtin_interfaces/lib:${LD_LIBRARY_PATH} PYTHONPATH=/home/abdelrhaman/microros_ws/install/unique_identifier_msgs/local/lib/python3.10/dist-packages:/home/abdelrhaman/microros_ws/install/builtin_interfaces/local/lib/python3.10/dist-packages:${PYTHONPATH} /usr/bin/cmake --install /home/abdelrhaman/microros_ws/build/action_msgs
[2.507s] -- Install configuration: ""
[2.507s] -- Up-to-date: /home/abdelrhaman/microros_ws/install/action_msgs/share/ament_index/resource_index/rosidl_interfaces/action_msgs
[2.507s] -- Up-to-date: /home/abdelrhaman/microros_ws/install/action_msgs/include/action_msgs/action_msgs
[2.507s] -- Up-to-date: /home/abdelrhaman/microros_ws/install/action_msgs/include/action_msgs/action_msgs/srv
[2.507s] -- Up-to-date: /home/abdelrhaman/microros_ws/install/action_msgs/include/action_msgs/action_msgs/srv/detail
[2.507s] -- Up-to-date: /home/abdelrhaman/microros_ws/install/action_msgs/include/action_msgs/action_msgs/srv/detail/cancel_goal__struct.h
[2.507s] -- Up-to-date: /home/abdelrhaman/microros_ws/install/action_msgs/include/action_msgs/action_msgs/srv/detail/cancel_goal__functions.c
[2.508s] -- Up-to-date: /home/abdelrhaman/microros_ws/install/action_msgs/include/action_msgs/action_msgs/srv/detail/cancel_goal__type_support.h
[2.508s] -- Up-to-date: /home/abdelrhaman/microros_ws/install/action_msgs/include/action_msgs/action_msgs/srv/detail/cancel_goal__functions.h
[2.508s] -- Up-to-date: /home/abdelrhaman/microros_ws/install/action_msgs/include/action_msgs/action_msgs/srv/cancel_goal.h
[2.508s] -- Up-to-date: /home/abdelrhaman/microros_ws/install/action_msgs/include/action_msgs/action_msgs/msg
[2.508s] -- Up-to-date: /home/abdelrhaman/microros_ws/install/action_msgs/include/action_msgs/action_msgs/msg/rosidl_generator_c__visibility_control.h
[2.508s] -- Up-to-date: /home/abdelrhaman/microros_ws/install/action_msgs/include/action_msgs/action_msgs/msg/detail
[2.508s] -- Up-to-date: /home/abdelrhaman/microros_ws/install/action_msgs/include/action_msgs/action_msgs/msg/detail/goal_info__functions.c
[2.508s] -- Up-to-date: /home/abdelrhaman/microros_ws/install/action_msgs/include/action_msgs/action_msgs/msg/detail/goal_status_array__functions.c
[2.508s] -- Up-to-date: /home/abdelrhaman/microros_ws/install/action_msgs/include/action_msgs/action_msgs/msg/detail/goal_info__type_support.h
[2.508s] -- Up-to-date: /home/abdelrhaman/microros_ws/install/action_msgs/include/action_msgs/action_msgs/msg/detail/goal_status_array__type_support.h
[2.509s] -- Up-to-date: /home/abdelrhaman/microros_ws/install/action_msgs/include/action_msgs/action_msgs/msg/detail/goal_info__functions.h
[2.509s] -- Up-to-date: /home/abdelrhaman/microros_ws/install/action_msgs/include/action_msgs/action_msgs/msg/detail/goal_status__functions.c
[2.509s] -- Up-to-date: /home/abdelrhaman/microros_ws/install/action_msgs/include/action_msgs/action_msgs/msg/detail/goal_status__struct.h
[2.509s] -- Up-to-date: /home/abdelrhaman/microros_ws/install/action_msgs/include/action_msgs/action_msgs/msg/detail/goal_info__struct.h
[2.509s] -- Up-to-date: /home/abdelrhaman/microros_ws/install/action_msgs/include/action_msgs/action_msgs/msg/detail/goal_status_array__struct.h
[2.509s] -- Up-to-date: /home/abdelrhaman/microros_ws/install/action_msgs/include/action_msgs/action_msgs/msg/detail/goal_status__functions.h
[2.509s] -- Up-to-date: /home/abdelrhaman/microros_ws/install/action_msgs/include/action_msgs/action_msgs/msg/detail/goal_status__type_support.h
[2.509s] -- Up-to-date: /home/abdelrhaman/microros_ws/install/action_msgs/include/action_msgs/action_msgs/msg/detail/goal_status_array__functions.h
[2.509s] -- Up-to-date: /home/abdelrhaman/microros_ws/install/action_msgs/include/action_msgs/action_msgs/msg/goal_status_array.h
[2.510s] -- Up-to-date: /home/abdelrhaman/microros_ws/install/action_msgs/include/action_msgs/action_msgs/msg/goal_status.h
[2.510s] -- Up-to-date: /home/abdelrhaman/microros_ws/install/action_msgs/include/action_msgs/action_msgs/msg/goal_info.h
[2.510s] -- Up-to-date: /home/abdelrhaman/microros_ws/install/action_msgs/share/action_msgs/environment/library_path.sh
[2.510s] -- Installing: /home/abdelrhaman/microros_ws/install/action_msgs/share/action_msgs/environment/library_path.dsv
[2.510s] -- Up-to-date: /home/abdelrhaman/microros_ws/install/action_msgs/lib/libaction_msgs__rosidl_generator_c.so
[2.511s] -- Up-to-date: /home/abdelrhaman/microros_ws/install/action_msgs/include/action_msgs/action_msgs
[2.511s] -- Up-to-date: /home/abdelrhaman/microros_ws/install/action_msgs/include/action_msgs/action_msgs/srv
[2.511s] -- Up-to-date: /home/abdelrhaman/microros_ws/install/action_msgs/include/action_msgs/action_msgs/srv/detail
[2.511s] -- Up-to-date: /home/abdelrhaman/microros_ws/install/action_msgs/include/action_msgs/action_msgs/srv/detail/cancel_goal__rosidl_typesupport_fastrtps_c.h
[2.511s] -- Up-to-date: /home/abdelrhaman/microros_ws/install/action_msgs/include/action_msgs/action_msgs/msg
[2.511s] -- Up-to-date: /home/abdelrhaman/microros_ws/install/action_msgs/include/action_msgs/action_msgs/msg/detail
[2.511s] -- Up-to-date: /home/abdelrhaman/microros_ws/install/action_msgs/include/action_msgs/action_msgs/msg/detail/goal_info__rosidl_typesupport_fastrtps_c.h
[2.511s] -- Up-to-date: /home/abdelrhaman/microros_ws/install/action_msgs/include/action_msgs/action_msgs/msg/detail/goal_status_array__rosidl_typesupport_fastrtps_c.h
[2.513s] -- Up-to-date: /home/abdelrhaman/microros_ws/install/action_msgs/include/action_msgs/action_msgs/msg/detail/goal_status__rosidl_typesupport_fastrtps_c.h
[2.513s] -- Up-to-date: /home/abdelrhaman/microros_ws/install/action_msgs/include/action_msgs/action_msgs/msg/rosidl_typesupport_fastrtps_c__visibility_control.h
[2.513s] -- Up-to-date: /home/abdelrhaman/microros_ws/install/action_msgs/lib/libaction_msgs__rosidl_typesupport_fastrtps_c.so
[2.513s] -- Up-to-date: /home/abdelrhaman/microros_ws/install/action_msgs/include/action_msgs/action_msgs
[2.513s] -- Up-to-date: /home/abdelrhaman/microros_ws/install/action_msgs/include/action_msgs/action_msgs/srv
[2.513s] -- Up-to-date: /home/abdelrhaman/microros_ws/install/action_msgs/include/action_msgs/action_msgs/srv/cancel_goal.hpp
[2.513s] -- Up-to-date: /home/abdelrhaman/microros_ws/install/action_msgs/include/action_msgs/action_msgs/srv/detail
[2.514s] -- Up-to-date: /home/abdelrhaman/microros_ws/install/action_msgs/include/action_msgs/action_msgs/srv/detail/cancel_goal__struct.hpp
[2.514s] -- Up-to-date: /home/abdelrhaman/microros_ws/install/action_msgs/include/action_msgs/action_msgs/srv/detail/cancel_goal__traits.hpp
[2.514s] -- Up-to-date: /home/abdelrhaman/microros_ws/install/action_msgs/include/action_msgs/action_msgs/srv/detail/cancel_goal__builder.hpp
[2.514s] -- Up-to-date: /home/abdelrhaman/microros_ws/install/action_msgs/include/action_msgs/action_msgs/msg
[2.514s] -- Up-to-date: /home/abdelrhaman/microros_ws/install/action_msgs/include/action_msgs/action_msgs/msg/goal_status_array.hpp
[2.515s] -- Up-to-date: /home/abdelrhaman/microros_ws/install/action_msgs/include/action_msgs/action_msgs/msg/goal_info.hpp
[2.515s] -- Up-to-date: /home/abdelrhaman/microros_ws/install/action_msgs/include/action_msgs/action_msgs/msg/detail
[2.515s] -- Up-to-date: /home/abdelrhaman/microros_ws/install/action_msgs/include/action_msgs/action_msgs/msg/detail/goal_status_array__traits.hpp
[2.515s] -- Up-to-date: /home/abdelrhaman/microros_ws/install/action_msgs/include/action_msgs/action_msgs/msg/detail/goal_info__builder.hpp
[2.515s] -- Up-to-date: /home/abdelrhaman/microros_ws/install/action_msgs/include/action_msgs/action_msgs/msg/detail/goal_status__traits.hpp
[2.516s] -- Up-to-date: /home/abdelrhaman/microros_ws/install/action_msgs/include/action_msgs/action_msgs/msg/detail/goal_status_array__struct.hpp
[2.516s] -- Up-to-date: /home/abdelrhaman/microros_ws/install/action_msgs/include/action_msgs/action_msgs/msg/detail/goal_status__builder.hpp
[2.516s] -- Up-to-date: /home/abdelrhaman/microros_ws/install/action_msgs/include/action_msgs/action_msgs/msg/detail/goal_info__struct.hpp
[2.516s] -- Up-to-date: /home/abdelrhaman/microros_ws/install/action_msgs/include/action_msgs/action_msgs/msg/detail/goal_status_array__builder.hpp
[2.516s] -- Up-to-date: /home/abdelrhaman/microros_ws/install/action_msgs/include/action_msgs/action_msgs/msg/detail/goal_info__traits.hpp
[2.516s] -- Up-to-date: /home/abdelrhaman/microros_ws/install/action_msgs/include/action_msgs/action_msgs/msg/detail/goal_status__struct.hpp
[2.516s] -- Up-to-date: /home/abdelrhaman/microros_ws/install/action_msgs/include/action_msgs/action_msgs/msg/goal_status.hpp
[2.516s] -- Up-to-date: /home/abdelrhaman/microros_ws/install/action_msgs/include/action_msgs/action_msgs
[2.516s] -- Up-to-date: /home/abdelrhaman/microros_ws/install/action_msgs/include/action_msgs/action_msgs/srv
[2.516s] -- Up-to-date: /home/abdelrhaman/microros_ws/install/action_msgs/include/action_msgs/action_msgs/srv/detail
[2.516s] -- Up-to-date: /home/abdelrhaman/microros_ws/install/action_msgs/include/action_msgs/action_msgs/srv/detail/cancel_goal__rosidl_typesupport_fastrtps_cpp.hpp
[2.517s] -- Up-to-date: /home/abdelrhaman/microros_ws/install/action_msgs/include/action_msgs/action_msgs/srv/detail/dds_fastrtps
[2.517s] -- Up-to-date: /home/abdelrhaman/microros_ws/install/action_msgs/include/action_msgs/action_msgs/msg
[2.517s] -- Up-to-date: /home/abdelrhaman/microros_ws/install/action_msgs/include/action_msgs/action_msgs/msg/detail
[2.517s] -- Up-to-date: /home/abdelrhaman/microros_ws/install/action_msgs/include/action_msgs/action_msgs/msg/detail/goal_info__rosidl_typesupport_fastrtps_cpp.hpp
[2.517s] -- Up-to-date: /home/abdelrhaman/microros_ws/install/action_msgs/include/action_msgs/action_msgs/msg/detail/goal_status_array__rosidl_typesupport_fastrtps_cpp.hpp
[2.517s] -- Up-to-date: /home/abdelrhaman/microros_ws/install/action_msgs/include/action_msgs/action_msgs/msg/detail/dds_fastrtps
[2.517s] -- Up-to-date: /home/abdelrhaman/microros_ws/install/action_msgs/include/action_msgs/action_msgs/msg/detail/goal_status__rosidl_typesupport_fastrtps_cpp.hpp
[2.517s] -- Up-to-date: /home/abdelrhaman/microros_ws/install/action_msgs/include/action_msgs/action_msgs/msg/rosidl_typesupport_fastrtps_cpp__visibility_control.h
[2.518s] -- Up-to-date: /home/abdelrhaman/microros_ws/install/action_msgs/lib/libaction_msgs__rosidl_typesupport_fastrtps_cpp.so
[2.518s] -- Up-to-date: /home/abdelrhaman/microros_ws/install/action_msgs/include/action_msgs/action_msgs
[2.518s] -- Up-to-date: /home/abdelrhaman/microros_ws/install/action_msgs/include/action_msgs/action_msgs/srv
[2.518s] -- Up-to-date: /home/abdelrhaman/microros_ws/install/action_msgs/include/action_msgs/action_msgs/srv/detail
[2.518s] -- Up-to-date: /home/abdelrhaman/microros_ws/install/action_msgs/include/action_msgs/action_msgs/srv/detail/cancel_goal__type_support.c
[2.518s] -- Up-to-date: /home/abdelrhaman/microros_ws/install/action_msgs/include/action_msgs/action_msgs/srv/detail/cancel_goal__rosidl_typesupport_introspection_c.h
[2.518s] -- Up-to-date: /home/abdelrhaman/microros_ws/install/action_msgs/include/action_msgs/action_msgs/msg
[2.522s] -- Up-to-date: /home/abdelrhaman/microros_ws/install/action_msgs/include/action_msgs/action_msgs/msg/rosidl_typesupport_introspection_c__visibility_control.h
[2.522s] -- Up-to-date: /home/abdelrhaman/microros_ws/install/action_msgs/include/action_msgs/action_msgs/msg/detail
[2.525s] -- Up-to-date: /home/abdelrhaman/microros_ws/install/action_msgs/include/action_msgs/action_msgs/msg/detail/goal_info__type_support.c
[2.525s] -- Up-to-date: /home/abdelrhaman/microros_ws/install/action_msgs/include/action_msgs/action_msgs/msg/detail/goal_status_array__rosidl_typesupport_introspection_c.h
[2.525s] -- Up-to-date: /home/abdelrhaman/microros_ws/install/action_msgs/include/action_msgs/action_msgs/msg/detail/goal_status__rosidl_typesupport_introspection_c.h
[2.525s] -- Up-to-date: /home/abdelrhaman/microros_ws/install/action_msgs/include/action_msgs/action_msgs/msg/detail/goal_status_array__type_support.c
[2.525s] -- Up-to-date: /home/abdelrhaman/microros_ws/install/action_msgs/include/action_msgs/action_msgs/msg/detail/goal_info__rosidl_typesupport_introspection_c.h
[2.525s] -- Up-to-date: /home/abdelrhaman/microros_ws/install/action_msgs/include/action_msgs/action_msgs/msg/detail/goal_status__type_support.c
[2.526s] -- Up-to-date: /home/abdelrhaman/microros_ws/install/action_msgs/lib/libaction_msgs__rosidl_typesupport_introspection_c.so
[2.527s] -- Installing: /home/abdelrhaman/microros_ws/install/action_msgs/lib/libaction_msgs__rosidl_typesupport_c.so
[2.527s] -- Set runtime path of "/home/abdelrhaman/microros_ws/install/action_msgs/lib/libaction_msgs__rosidl_typesupport_c.so" to ""
[2.527s] -- Up-to-date: /home/abdelrhaman/microros_ws/install/action_msgs/include/action_msgs/action_msgs
[2.527s] -- Up-to-date: /home/abdelrhaman/microros_ws/install/action_msgs/include/action_msgs/action_msgs/srv
[2.527s] -- Up-to-date: /home/abdelrhaman/microros_ws/install/action_msgs/include/action_msgs/action_msgs/srv/detail
[2.527s] -- Up-to-date: /home/abdelrhaman/microros_ws/install/action_msgs/include/action_msgs/action_msgs/srv/detail/cancel_goal__type_support.cpp
[2.527s] -- Up-to-date: /home/abdelrhaman/microros_ws/install/action_msgs/include/action_msgs/action_msgs/srv/detail/cancel_goal__rosidl_typesupport_introspection_cpp.hpp
[2.527s] -- Up-to-date: /home/abdelrhaman/microros_ws/install/action_msgs/include/action_msgs/action_msgs/msg
[2.527s] -- Up-to-date: /home/abdelrhaman/microros_ws/install/action_msgs/include/action_msgs/action_msgs/msg/detail
[2.529s] -- Up-to-date: /home/abdelrhaman/microros_ws/install/action_msgs/include/action_msgs/action_msgs/msg/detail/goal_status_array__type_support.cpp
[2.529s] -- Up-to-date: /home/abdelrhaman/microros_ws/install/action_msgs/include/action_msgs/action_msgs/msg/detail/goal_info__type_support.cpp
[2.529s] -- Up-to-date: /home/abdelrhaman/microros_ws/install/action_msgs/include/action_msgs/action_msgs/msg/detail/goal_status_array__rosidl_typesupport_introspection_cpp.hpp
[2.529s] -- Up-to-date: /home/abdelrhaman/microros_ws/install/action_msgs/include/action_msgs/action_msgs/msg/detail/goal_info__rosidl_typesupport_introspection_cpp.hpp
[2.529s] -- Up-to-date: /home/abdelrhaman/microros_ws/install/action_msgs/include/action_msgs/action_msgs/msg/detail/goal_status__type_support.cpp
[2.529s] -- Up-to-date: /home/abdelrhaman/microros_ws/install/action_msgs/include/action_msgs/action_msgs/msg/detail/goal_status__rosidl_typesupport_introspection_cpp.hpp
[2.529s] -- Up-to-date: /home/abdelrhaman/microros_ws/install/action_msgs/lib/libaction_msgs__rosidl_typesupport_introspection_cpp.so
[2.529s] -- Installing: /home/abdelrhaman/microros_ws/install/action_msgs/lib/libaction_msgs__rosidl_typesupport_cpp.so
[2.530s] -- Set runtime path of "/home/abdelrhaman/microros_ws/install/action_msgs/lib/libaction_msgs__rosidl_typesupport_cpp.so" to ""
[2.530s] -- Up-to-date: /home/abdelrhaman/microros_ws/install/action_msgs/share/action_msgs/environment/pythonpath.sh
[2.530s] -- Installing: /home/abdelrhaman/microros_ws/install/action_msgs/share/action_msgs/environment/pythonpath.dsv
[2.531s] -- Up-to-date: /home/abdelrhaman/microros_ws/install/action_msgs/local/lib/python3.10/dist-packages/action_msgs-1.2.1-py3.10.egg-info
[2.531s] -- Installing: /home/abdelrhaman/microros_ws/install/action_msgs/local/lib/python3.10/dist-packages/action_msgs-1.2.1-py3.10.egg-info/PKG-INFO
[2.531s] -- Installing: /home/abdelrhaman/microros_ws/install/action_msgs/local/lib/python3.10/dist-packages/action_msgs-1.2.1-py3.10.egg-info/SOURCES.txt
[2.531s] -- Installing: /home/abdelrhaman/microros_ws/install/action_msgs/local/lib/python3.10/dist-packages/action_msgs-1.2.1-py3.10.egg-info/top_level.txt
[2.531s] -- Installing: /home/abdelrhaman/microros_ws/install/action_msgs/local/lib/python3.10/dist-packages/action_msgs-1.2.1-py3.10.egg-info/dependency_links.txt
[2.531s] -- Up-to-date: /home/abdelrhaman/microros_ws/install/action_msgs/local/lib/python3.10/dist-packages/action_msgs
[2.531s] -- Up-to-date: /home/abdelrhaman/microros_ws/install/action_msgs/local/lib/python3.10/dist-packages/action_msgs/_action_msgs_s.ep.rosidl_typesupport_fastrtps_c.c
[2.531s] -- Up-to-date: /home/abdelrhaman/microros_ws/install/action_msgs/local/lib/python3.10/dist-packages/action_msgs/srv
[2.531s] -- Up-to-date: /home/abdelrhaman/microros_ws/install/action_msgs/local/lib/python3.10/dist-packages/action_msgs/srv/_cancel_goal.py
[2.531s] -- Up-to-date: /home/abdelrhaman/microros_ws/install/action_msgs/local/lib/python3.10/dist-packages/action_msgs/srv/__init__.py
[2.531s] -- Up-to-date: /home/abdelrhaman/microros_ws/install/action_msgs/local/lib/python3.10/dist-packages/action_msgs/srv/_cancel_goal_s.c
[2.531s] -- Up-to-date: /home/abdelrhaman/microros_ws/install/action_msgs/local/lib/python3.10/dist-packages/action_msgs/_action_msgs_s.ep.rosidl_typesupport_introspection_c.c
[2.531s] -- Installing: /home/abdelrhaman/microros_ws/install/action_msgs/local/lib/python3.10/dist-packages/action_msgs/__init__.py
[2.532s] -- Installing: /home/abdelrhaman/microros_ws/install/action_msgs/local/lib/python3.10/dist-packages/action_msgs/action_msgs_s__rosidl_typesupport_fastrtps_c.cpython-310-x86_64-linux-gnu.so
[2.532s] -- Up-to-date: /home/abdelrhaman/microros_ws/install/action_msgs/local/lib/python3.10/dist-packages/action_msgs/action_msgs_s__rosidl_typesupport_microxrcedds_c.cpython-310-x86_64-linux-gnu.so
[2.536s] -- Up-to-date: /home/abdelrhaman/microros_ws/install/action_msgs/local/lib/python3.10/dist-packages/action_msgs/msg
[2.536s] -- Up-to-date: /home/abdelrhaman/microros_ws/install/action_msgs/local/lib/python3.10/dist-packages/action_msgs/msg/_goal_status_array.py
[2.536s] -- Up-to-date: /home/abdelrhaman/microros_ws/install/action_msgs/local/lib/python3.10/dist-packages/action_msgs/msg/_goal_info_s.c
[2.536s] -- Up-to-date: /home/abdelrhaman/microros_ws/install/action_msgs/local/lib/python3.10/dist-packages/action_msgs/msg/_goal_status_array_s.c
[2.536s] -- Up-to-date: /home/abdelrhaman/microros_ws/install/action_msgs/local/lib/python3.10/dist-packages/action_msgs/msg/_goal_status_s.c
[2.536s] -- Installing: /home/abdelrhaman/microros_ws/install/action_msgs/local/lib/python3.10/dist-packages/action_msgs/msg/_goal_status.py
[2.536s] -- Up-to-date: /home/abdelrhaman/microros_ws/install/action_msgs/local/lib/python3.10/dist-packages/action_msgs/msg/__init__.py
[2.536s] -- Installing: /home/abdelrhaman/microros_ws/install/action_msgs/local/lib/python3.10/dist-packages/action_msgs/msg/_goal_info.py
[2.536s] -- Installing: /home/abdelrhaman/microros_ws/install/action_msgs/local/lib/python3.10/dist-packages/action_msgs/action_msgs_s__rosidl_typesupport_introspection_c.cpython-310-x86_64-linux-gnu.so
[2.536s] -- Installing: /home/abdelrhaman/microros_ws/install/action_msgs/local/lib/python3.10/dist-packages/action_msgs/action_msgs_s__rosidl_typesupport_c.cpython-310-x86_64-linux-gnu.so
[2.536s] -- Up-to-date: /home/abdelrhaman/microros_ws/install/action_msgs/local/lib/python3.10/dist-packages/action_msgs/_action_msgs_s.ep.rosidl_typesupport_microxrcedds_c.c
[2.537s] -- Up-to-date: /home/abdelrhaman/microros_ws/install/action_msgs/local/lib/python3.10/dist-packages/action_msgs/_action_msgs_s.ep.rosidl_typesupport_c.c
[2.537s] -- Installing: /home/abdelrhaman/microros_ws/install/action_msgs/local/lib/python3.10/dist-packages/action_msgs/libaction_msgs__rosidl_generator_py.so
[2.638s] Listing '/home/abdelrhaman/microros_ws/install/action_msgs/local/lib/python3.10/dist-packages/action_msgs'...
[2.638s] Compiling '/home/abdelrhaman/microros_ws/install/action_msgs/local/lib/python3.10/dist-packages/action_msgs/__init__.py'...
[2.638s] Listing '/home/abdelrhaman/microros_ws/install/action_msgs/local/lib/python3.10/dist-packages/action_msgs/msg'...
[2.638s] Compiling '/home/abdelrhaman/microros_ws/install/action_msgs/local/lib/python3.10/dist-packages/action_msgs/msg/_goal_info.py'...
[2.638s] Compiling '/home/abdelrhaman/microros_ws/install/action_msgs/local/lib/python3.10/dist-packages/action_msgs/msg/_goal_status.py'...
[2.638s] Listing '/home/abdelrhaman/microros_ws/install/action_msgs/local/lib/python3.10/dist-packages/action_msgs/srv'...
[2.669s] -- Installing: /home/abdelrhaman/microros_ws/install/action_msgs/local/lib/python3.10/dist-packages/action_msgs/action_msgs_s__rosidl_typesupport_fastrtps_c.cpython-310-x86_64-linux-gnu.so
[2.669s] -- Set runtime path of "/home/abdelrhaman/microros_ws/install/action_msgs/local/lib/python3.10/dist-packages/action_msgs/action_msgs_s__rosidl_typesupport_fastrtps_c.cpython-310-x86_64-linux-gnu.so" to ""
[2.669s] -- Installing: /home/abdelrhaman/microros_ws/install/action_msgs/local/lib/python3.10/dist-packages/action_msgs/action_msgs_s__rosidl_typesupport_introspection_c.cpython-310-x86_64-linux-gnu.so
[2.669s] -- Set runtime path of "/home/abdelrhaman/microros_ws/install/action_msgs/local/lib/python3.10/dist-packages/action_msgs/action_msgs_s__rosidl_typesupport_introspection_c.cpython-310-x86_64-linux-gnu.so" to ""
[2.669s] -- Installing: /home/abdelrhaman/microros_ws/install/action_msgs/local/lib/python3.10/dist-packages/action_msgs/action_msgs_s__rosidl_typesupport_c.cpython-310-x86_64-linux-gnu.so
[2.670s] -- Set runtime path of "/home/abdelrhaman/microros_ws/install/action_msgs/local/lib/python3.10/dist-packages/action_msgs/action_msgs_s__rosidl_typesupport_c.cpython-310-x86_64-linux-gnu.so" to ""
[2.670s] -- Installing: /home/abdelrhaman/microros_ws/install/action_msgs/lib/libaction_msgs__rosidl_generator_py.so
[2.672s] -- Set runtime path of "/home/abdelrhaman/microros_ws/install/action_msgs/lib/libaction_msgs__rosidl_generator_py.so" to ""
[2.682s] -- Up-to-date: /home/abdelrhaman/microros_ws/install/action_msgs/share/action_msgs/msg/GoalInfo.idl
[2.683s] -- Up-to-date: /home/abdelrhaman/microros_ws/install/action_msgs/share/action_msgs/msg/GoalStatus.idl
[2.683s] -- Up-to-date: /home/abdelrhaman/microros_ws/install/action_msgs/share/action_msgs/msg/GoalStatusArray.idl
[2.684s] -- Up-to-date: /home/abdelrhaman/microros_ws/install/action_msgs/share/action_msgs/srv/CancelGoal.idl
[2.684s] -- Up-to-date: /home/abdelrhaman/microros_ws/install/action_msgs/share/action_msgs/msg/GoalInfo.msg
[2.684s] -- Up-to-date: /home/abdelrhaman/microros_ws/install/action_msgs/share/action_msgs/msg/GoalStatus.msg
[2.684s] -- Up-to-date: /home/abdelrhaman/microros_ws/install/action_msgs/share/action_msgs/msg/GoalStatusArray.msg
[2.684s] -- Up-to-date: /home/abdelrhaman/microros_ws/install/action_msgs/share/action_msgs/srv/CancelGoal.srv
[2.684s] -- Up-to-date: /home/abdelrhaman/microros_ws/install/action_msgs/share/action_msgs/srv/CancelGoal_Request.msg
[2.684s] -- Up-to-date: /home/abdelrhaman/microros_ws/install/action_msgs/share/action_msgs/srv/CancelGoal_Response.msg
[2.693s] -- Up-to-date: /home/abdelrhaman/microros_ws/install/action_msgs/share/ament_index/resource_index/package_run_dependencies/action_msgs
[2.694s] -- Installing: /home/abdelrhaman/microros_ws/install/action_msgs/share/ament_index/resource_index/parent_prefix_path/action_msgs
[2.694s] -- Up-to-date: /home/abdelrhaman/microros_ws/install/action_msgs/share/action_msgs/environment/ament_prefix_path.sh
[2.694s] -- Installing: /home/abdelrhaman/microros_ws/install/action_msgs/share/action_msgs/environment/ament_prefix_path.dsv
[2.694s] -- Up-to-date: /home/abdelrhaman/microros_ws/install/action_msgs/share/action_msgs/environment/path.sh
[2.694s] -- Installing: /home/abdelrhaman/microros_ws/install/action_msgs/share/action_msgs/environment/path.dsv
[2.694s] -- Up-to-date: /home/abdelrhaman/microros_ws/install/action_msgs/share/action_msgs/local_setup.bash
[2.694s] -- Up-to-date: /home/abdelrhaman/microros_ws/install/action_msgs/share/action_msgs/local_setup.sh
[2.694s] -- Up-to-date: /home/abdelrhaman/microros_ws/install/action_msgs/share/action_msgs/local_setup.zsh
[2.694s] -- Installing: /home/abdelrhaman/microros_ws/install/action_msgs/share/action_msgs/local_setup.dsv
[2.694s] -- Installing: /home/abdelrhaman/microros_ws/install/action_msgs/share/action_msgs/package.dsv
[2.694s] -- Up-to-date: /home/abdelrhaman/microros_ws/install/action_msgs/share/ament_index/resource_index/packages/action_msgs
[2.694s] -- Up-to-date: /home/abdelrhaman/microros_ws/install/action_msgs/share/action_msgs/cmake/export_action_msgs__rosidl_generator_cExport.cmake
[2.694s] -- Up-to-date: /home/abdelrhaman/microros_ws/install/action_msgs/share/action_msgs/cmake/export_action_msgs__rosidl_generator_cExport-noconfig.cmake
[2.694s] -- Up-to-date: /home/abdelrhaman/microros_ws/install/action_msgs/share/action_msgs/cmake/export_action_msgs__rosidl_typesupport_fastrtps_cExport.cmake
[2.694s] -- Up-to-date: /home/abdelrhaman/microros_ws/install/action_msgs/share/action_msgs/cmake/export_action_msgs__rosidl_typesupport_fastrtps_cExport-noconfig.cmake
[2.694s] -- Up-to-date: /home/abdelrhaman/microros_ws/install/action_msgs/share/action_msgs/cmake/export_action_msgs__rosidl_generator_cppExport.cmake
[2.694s] -- Up-to-date: /home/abdelrhaman/microros_ws/install/action_msgs/share/action_msgs/cmake/export_action_msgs__rosidl_typesupport_fastrtps_cppExport.cmake
[2.694s] -- Up-to-date: /home/abdelrhaman/microros_ws/install/action_msgs/share/action_msgs/cmake/export_action_msgs__rosidl_typesupport_fastrtps_cppExport-noconfig.cmake
[2.694s] -- Up-to-date: /home/abdelrhaman/microros_ws/install/action_msgs/share/action_msgs/cmake/action_msgs__rosidl_typesupport_introspection_cExport.cmake
[2.695s] -- Up-to-date: /home/abdelrhaman/microros_ws/install/action_msgs/share/action_msgs/cmake/action_msgs__rosidl_typesupport_introspection_cExport-noconfig.cmake
[2.695s] -- Up-to-date: /home/abdelrhaman/microros_ws/install/action_msgs/share/action_msgs/cmake/action_msgs__rosidl_typesupport_cExport.cmake
[2.695s] -- Up-to-date: /home/abdelrhaman/microros_ws/install/action_msgs/share/action_msgs/cmake/action_msgs__rosidl_typesupport_cExport-noconfig.cmake
[2.695s] -- Up-to-date: /home/abdelrhaman/microros_ws/install/action_msgs/share/action_msgs/cmake/action_msgs__rosidl_typesupport_introspection_cppExport.cmake
[2.695s] -- Up-to-date: /home/abdelrhaman/microros_ws/install/action_msgs/share/action_msgs/cmake/action_msgs__rosidl_typesupport_introspection_cppExport-noconfig.cmake
[2.695s] -- Up-to-date: /home/abdelrhaman/microros_ws/install/action_msgs/share/action_msgs/cmake/action_msgs__rosidl_typesupport_cppExport.cmake
[2.695s] -- Up-to-date: /home/abdelrhaman/microros_ws/install/action_msgs/share/action_msgs/cmake/action_msgs__rosidl_typesupport_cppExport-noconfig.cmake
[2.695s] -- Up-to-date: /home/abdelrhaman/microros_ws/install/action_msgs/share/action_msgs/cmake/export_action_msgs__rosidl_generator_pyExport.cmake
[2.699s] -- Up-to-date: /home/abdelrhaman/microros_ws/install/action_msgs/share/action_msgs/cmake/export_action_msgs__rosidl_generator_pyExport-noconfig.cmake
[2.699s] -- Up-to-date: /home/abdelrhaman/microros_ws/install/action_msgs/share/action_msgs/cmake/rosidl_cmake-extras.cmake
[2.699s] -- Up-to-date: /home/abdelrhaman/microros_ws/install/action_msgs/share/action_msgs/cmake/ament_cmake_export_dependencies-extras.cmake
[2.699s] -- Installing: /home/abdelrhaman/microros_ws/install/action_msgs/share/action_msgs/cmake/ament_cmake_export_include_directories-extras.cmake
[2.699s] -- Up-to-date: /home/abdelrhaman/microros_ws/install/action_msgs/share/action_msgs/cmake/ament_cmake_export_libraries-extras.cmake
[2.699s] -- Up-to-date: /home/abdelrhaman/microros_ws/install/action_msgs/share/action_msgs/cmake/ament_cmake_export_targets-extras.cmake
[2.699s] -- Up-to-date: /home/abdelrhaman/microros_ws/install/action_msgs/share/action_msgs/cmake/rosidl_cmake_export_typesupport_targets-extras.cmake
[2.699s] -- Installing: /home/abdelrhaman/microros_ws/install/action_msgs/share/action_msgs/cmake/rosidl_cmake_export_typesupport_libraries-extras.cmake
[2.699s] -- Up-to-date: /home/abdelrhaman/microros_ws/install/action_msgs/share/action_msgs/cmake/action_msgsConfig.cmake
[2.699s] -- Up-to-date: /home/abdelrhaman/microros_ws/install/action_msgs/share/action_msgs/cmake/action_msgsConfig-version.cmake
[2.699s] -- Up-to-date: /home/abdelrhaman/microros_ws/install/action_msgs/share/action_msgs/package.xml
[2.714s] Invoked command in '/home/abdelrhaman/microros_ws/build/action_msgs' returned '0': AMENT_PREFIX_PATH=/home/abdelrhaman/microros_ws/install/unique_identifier_msgs:/home/abdelrhaman/microros_ws/install/builtin_interfaces:${AMENT_PREFIX_PATH} CMAKE_PREFIX_PATH=/home/abdelrhaman/microros_ws/install/unique_identifier_msgs:/home/abdelrhaman/microros_ws/install/builtin_interfaces:/home/abdelrhaman/ros/install/my_robot_controller:/opt/ros/humble LD_LIBRARY_PATH=/home/abdelrhaman/microros_ws/install/unique_identifier_msgs/lib:/home/abdelrhaman/microros_ws/install/builtin_interfaces/lib:${LD_LIBRARY_PATH} PYTHONPATH=/home/abdelrhaman/microros_ws/install/unique_identifier_msgs/local/lib/python3.10/dist-packages:/home/abdelrhaman/microros_ws/install/builtin_interfaces/local/lib/python3.10/dist-packages:${PYTHONPATH} /usr/bin/cmake --install /home/abdelrhaman/microros_ws/build/action_msgs
