-- Found ament_cmake: 1.3.10 (/opt/ros/humble/share/ament_cmake/cmake)
-- Configuring done
-- Generating done
-- Build files have been written to: /home/abdelrhaman/microros_ws/build/micro_ros_demos_rclc
[  1%] [34m[1mPerforming build step for 'addtwoints_client'[0m
[  2%] [34m[1mPerforming build step for 'subscription_count'[0m
[  3%] [34m[1mPerforming build step for 'configured_subscriber'[0m
[  1%] [34m[1mPerforming build step for 'graph_visualizer'[0m
[  3%] [34m[1mPerforming build step for 'publisher_count'[0m
[  2%] [34m[1mPerforming build step for 'configured_publisher'[0m
[  3%] [34m[1mPerforming build step for 'int32_publisher'[0m
[  4%] [34m[1mPerforming build step for 'int32_subscriber'[0m
[  5%] [34m[1mPerforming build step for 'int32_multinode'[0m
[  5%] [34m[1mPerforming build step for 'addtwoints_server'[0m
[  6%] [34m[1mPerforming build step for 'ping_pong'[0m
[  6%] [34m[1mPerforming build step for 'fragmented_subscription'[0m
[  6%] [34m[1mPerforming build step for 'complex_msg_subscriber'[0m
[  7%] [34m[1mPerforming build step for 'ping_uros_agent'[0m
[  7%] [34m[1mPerforming build step for 'fibonacci_action_client'[0m
[  8%] [34m[1mPerforming build step for 'fibonacci_action_server'[0m
[  9%] [34m[1mPerforming build step for 'complex_msg_publisher'[0m
[  9%] [34m[1mPerforming build step for 'fragmented_publication'[0m
[  9%] [34m[1mPerforming build step for 'int32_publisher_subscriber'[0m
[ 10%] [34m[1mPerforming build step for 'timer'[0m
-- Found ament_cmake: 1.3.10 (/opt/ros/humble/share/ament_cmake/cmake)
-- Found ament_cmake: 1.3.10 (/opt/ros/humble/share/ament_cmake/cmake)
-- Found ament_cmake: 1.3.10 (/opt/ros/humble/share/ament_cmake/cmake)
-- Found ament_cmake: 1.3.10 (/opt/ros/humble/share/ament_cmake/cmake)
-- Found ament_cmake: 1.3.10 (/opt/ros/humble/share/ament_cmake/cmake)
-- Found ament_cmake: 1.3.10 (/opt/ros/humble/share/ament_cmake/cmake)
-- Found ament_cmake: 1.3.10 (/opt/ros/humble/share/ament_cmake/cmake)
-- Found ament_cmake: 1.3.10 (/opt/ros/humble/share/ament_cmake/cmake)
-- Found ament_cmake: 1.3.10 (/opt/ros/humble/share/ament_cmake/cmake)
-- Found ament_cmake: 1.3.10 (/opt/ros/humble/share/ament_cmake/cmake)
-- Found ament_cmake: 1.3.10 (/opt/ros/humble/share/ament_cmake/cmake)
-- Found ament_cmake: 1.3.10 (/opt/ros/humble/share/ament_cmake/cmake)
-- Found ament_cmake: 1.3.10 (/opt/ros/humble/share/ament_cmake/cmake)
-- Found ament_cmake: 1.3.10 (/opt/ros/humble/share/ament_cmake/cmake)
-- Found ament_cmake: 1.3.10 (/opt/ros/humble/share/ament_cmake/cmake)
-- Found ament_cmake: 1.3.10 (/opt/ros/humble/share/ament_cmake/cmake)
-- Found ament_cmake: 1.3.10 (/opt/ros/humble/share/ament_cmake/cmake)
-- Found ament_cmake: 1.3.10 (/opt/ros/humble/share/ament_cmake/cmake)
-- Found ament_cmake: 1.3.10 (/opt/ros/humble/share/ament_cmake/cmake)
-- Found ament_cmake: 1.3.10 (/opt/ros/humble/share/ament_cmake/cmake)
-- Found rcl: 5.3.9 (/opt/ros/humble/share/rcl/cmake)
-- Found rcl: 5.3.9 (/opt/ros/humble/share/rcl/cmake)
-- Found rcl: 5.3.9 (/opt/ros/humble/share/rcl/cmake)
-- Found rcl: 5.3.9 (/opt/ros/humble/share/rcl/cmake)
-- Found rcl: 5.3.9 (/opt/ros/humble/share/rcl/cmake)
-- Found rcl: 5.3.9 (/opt/ros/humble/share/rcl/cmake)
-- Found rcl: 5.3.9 (/opt/ros/humble/share/rcl/cmake)
-- Found rcl: 5.3.9 (/opt/ros/humble/share/rcl/cmake)
-- Found rosidl_generator_c: 3.1.5 (/opt/ros/humble/share/rosidl_generator_c/cmake)
-- Found rcl: 5.3.9 (/opt/ros/humble/share/rcl/cmake)
-- Found rcl: 5.3.9 (/opt/ros/humble/share/rcl/cmake)
-- Found rcl: 5.3.9 (/opt/ros/humble/share/rcl/cmake)
-- Found rosidl_adapter: 3.1.5 (/opt/ros/humble/share/rosidl_adapter/cmake)
-- Found rcl: 5.3.9 (/opt/ros/humble/share/rcl/cmake)
-- Found rosidl_generator_c: 3.1.5 (/opt/ros/humble/share/rosidl_generator_c/cmake)
-- Found rosidl_generator_cpp: 3.1.5 (/opt/ros/humble/share/rosidl_generator_cpp/cmake)
-- Found rosidl_adapter: 3.1.5 (/opt/ros/humble/share/rosidl_adapter/cmake)
-- Found rcl: 5.3.9 (/opt/ros/humble/share/rcl/cmake)
-- Found rosidl_generator_c: 3.1.5 (/opt/ros/humble/share/rosidl_generator_c/cmake)
-- Found rcl: 5.3.9 (/opt/ros/humble/share/rcl/cmake)
-- Found rcl: 5.3.9 (/opt/ros/humble/share/rcl/cmake)
-- Found rcl: 5.3.9 (/opt/ros/humble/share/rcl/cmake)
-- Found rosidl_adapter: 3.1.5 (/opt/ros/humble/share/rosidl_adapter/cmake)
-- Found rosidl_generator_c: 3.1.5 (/opt/ros/humble/share/rosidl_generator_c/cmake)
-- Found rcl: 5.3.9 (/opt/ros/humble/share/rcl/cmake)
-- Found rosidl_generator_cpp: 3.1.5 (/opt/ros/humble/share/rosidl_generator_cpp/cmake)
-- Found rosidl_adapter: 3.1.5 (/opt/ros/humble/share/rosidl_adapter/cmake)
-- Found rosidl_generator_cpp: 3.1.5 (/opt/ros/humble/share/rosidl_generator_cpp/cmake)
-- Using all available rosidl_typesupport_c: rosidl_typesupport_microxrcedds_c;rosidl_typesupport_fastrtps_c;rosidl_typesupport_introspection_c
-- Found rosidl_generator_cpp: 3.1.5 (/opt/ros/humble/share/rosidl_generator_cpp/cmake)
-- Using all available rosidl_typesupport_c: rosidl_typesupport_microxrcedds_c;rosidl_typesupport_fastrtps_c;rosidl_typesupport_introspection_c
-- Found rosidl_generator_c: 3.1.5 (/opt/ros/humble/share/rosidl_generator_c/cmake)
-- Found rosidl_generator_c: 3.1.5 (/opt/ros/humble/share/rosidl_generator_c/cmake)
-- Found rosidl_adapter: 3.1.5 (/opt/ros/humble/share/rosidl_adapter/cmake)
-- Found rosidl_adapter: 3.1.5 (/opt/ros/humble/share/rosidl_adapter/cmake)
-- Found rcl: 5.3.9 (/opt/ros/humble/share/rcl/cmake)
-- Found rosidl_generator_c: 3.1.5 (/opt/ros/humble/share/rosidl_generator_c/cmake)
-- Using all available rosidl_typesupport_c: rosidl_typesupport_microxrcedds_c;rosidl_typesupport_fastrtps_c;rosidl_typesupport_introspection_c
-- Found rosidl_adapter: 3.1.5 (/opt/ros/humble/share/rosidl_adapter/cmake)
-- Found rosidl_generator_cpp: 3.1.5 (/opt/ros/humble/share/rosidl_generator_cpp/cmake)
-- Found rosidl_generator_cpp: 3.1.5 (/opt/ros/humble/share/rosidl_generator_cpp/cmake)
-- Using all available rosidl_typesupport_c: rosidl_typesupport_microxrcedds_c;rosidl_typesupport_fastrtps_c;rosidl_typesupport_introspection_c
-- Found rosidl_generator_c: 3.1.5 (/opt/ros/humble/share/rosidl_generator_c/cmake)
-- Found rosidl_generator_c: 3.1.5 (/opt/ros/humble/share/rosidl_generator_c/cmake)
-- Found rosidl_generator_c: 3.1.5 (/opt/ros/humble/share/rosidl_generator_c/cmake)
-- Using all available rosidl_typesupport_cpp: rosidl_typesupport_microxrcedds_cpp;rosidl_typesupport_fastrtps_cpp;rosidl_typesupport_introspection_cpp
-- Found rosidl_adapter: 3.1.5 (/opt/ros/humble/share/rosidl_adapter/cmake)
-- Found rosidl_adapter: 3.1.5 (/opt/ros/humble/share/rosidl_adapter/cmake)
-- Found rosidl_generator_c: 3.1.5 (/opt/ros/humble/share/rosidl_generator_c/cmake)
-- Found rosidl_generator_cpp: 3.1.5 (/opt/ros/humble/share/rosidl_generator_cpp/cmake)
-- Found rosidl_adapter: 3.1.5 (/opt/ros/humble/share/rosidl_adapter/cmake)
-- Found rosidl_generator_c: 3.1.5 (/opt/ros/humble/share/rosidl_generator_c/cmake)
-- Found rosidl_adapter: 3.1.5 (/opt/ros/humble/share/rosidl_adapter/cmake)
-- Using all available rosidl_typesupport_cpp: rosidl_typesupport_microxrcedds_cpp;rosidl_typesupport_fastrtps_cpp;rosidl_typesupport_introspection_cpp
-- Found rosidl_generator_c: 3.1.5 (/opt/ros/humble/share/rosidl_generator_c/cmake)
-- Found rosidl_adapter: 3.1.5 (/opt/ros/humble/share/rosidl_adapter/cmake)
-- Found rosidl_generator_cpp: 3.1.5 (/opt/ros/humble/share/rosidl_generator_cpp/cmake)
-- Found rosidl_generator_cpp: 3.1.5 (/opt/ros/humble/share/rosidl_generator_cpp/cmake)
-- Found rosidl_generator_c: 3.1.5 (/opt/ros/humble/share/rosidl_generator_c/cmake)
-- Using all available rosidl_typesupport_c: rosidl_typesupport_microxrcedds_c;rosidl_typesupport_fastrtps_c;rosidl_typesupport_introspection_c
-- Using all available rosidl_typesupport_c: rosidl_typesupport_microxrcedds_c;rosidl_typesupport_fastrtps_c;rosidl_typesupport_introspection_c
-- Found rosidl_generator_cpp: 3.1.5 (/opt/ros/humble/share/rosidl_generator_cpp/cmake)
-- Found rosidl_adapter: 3.1.5 (/opt/ros/humble/share/rosidl_adapter/cmake)
-- Found rosidl_generator_c: 3.1.5 (/opt/ros/humble/share/rosidl_generator_c/cmake)
-- Found rosidl_generator_cpp: 3.1.5 (/opt/ros/humble/share/rosidl_generator_cpp/cmake)
-- Found rosidl_adapter: 3.1.5 (/opt/ros/humble/share/rosidl_adapter/cmake)
-- Found rosidl_adapter: 3.1.5 (/opt/ros/humble/share/rosidl_adapter/cmake)
-- Found rosidl_generator_cpp: 3.1.5 (/opt/ros/humble/share/rosidl_generator_cpp/cmake)
-- Using all available rosidl_typesupport_c: rosidl_typesupport_microxrcedds_c;rosidl_typesupport_fastrtps_c;rosidl_typesupport_introspection_c
-- Found rosidl_generator_c: 3.1.5 (/opt/ros/humble/share/rosidl_generator_c/cmake)
-- Using all available rosidl_typesupport_cpp: rosidl_typesupport_microxrcedds_cpp;rosidl_typesupport_fastrtps_cpp;rosidl_typesupport_introspection_cpp
-- Found rosidl_generator_cpp: 3.1.5 (/opt/ros/humble/share/rosidl_generator_cpp/cmake)
-- Found rosidl_adapter: 3.1.5 (/opt/ros/humble/share/rosidl_adapter/cmake)
-- Found rosidl_generator_cpp: 3.1.5 (/opt/ros/humble/share/rosidl_generator_cpp/cmake)
-- Using all available rosidl_typesupport_cpp: rosidl_typesupport_microxrcedds_cpp;rosidl_typesupport_fastrtps_cpp;rosidl_typesupport_introspection_cpp
-- Using all available rosidl_typesupport_c: rosidl_typesupport_microxrcedds_c;rosidl_typesupport_fastrtps_c;rosidl_typesupport_introspection_c
-- Found rosidl_generator_c: 3.1.5 (/opt/ros/humble/share/rosidl_generator_c/cmake)
-- Using all available rosidl_typesupport_c: rosidl_typesupport_microxrcedds_c;rosidl_typesupport_fastrtps_c;rosidl_typesupport_introspection_c
-- Found rosidl_generator_cpp: 3.1.5 (/opt/ros/humble/share/rosidl_generator_cpp/cmake)
-- Using all available rosidl_typesupport_c: rosidl_typesupport_microxrcedds_c;rosidl_typesupport_fastrtps_c;rosidl_typesupport_introspection_c
-- Found rosidl_generator_c: 3.1.5 (/opt/ros/humble/share/rosidl_generator_c/cmake)
-- Using all available rosidl_typesupport_c: rosidl_typesupport_microxrcedds_c;rosidl_typesupport_fastrtps_c;rosidl_typesupport_introspection_c
-- Using all available rosidl_typesupport_c: rosidl_typesupport_microxrcedds_c;rosidl_typesupport_fastrtps_c;rosidl_typesupport_introspection_c
-- Found rosidl_adapter: 3.1.5 (/opt/ros/humble/share/rosidl_adapter/cmake)
-- Found rosidl_adapter: 3.1.5 (/opt/ros/humble/share/rosidl_adapter/cmake)
-- Found rmw_implementation_cmake: 6.1.2 (/opt/ros/humble/share/rmw_implementation_cmake/cmake)
-- Found rmw_fastrtps_cpp: 6.2.7 (/opt/ros/humble/share/rmw_fastrtps_cpp/cmake)
-- Using all available rosidl_typesupport_cpp: rosidl_typesupport_microxrcedds_cpp;rosidl_typesupport_fastrtps_cpp;rosidl_typesupport_introspection_cpp
-- Using all available rosidl_typesupport_cpp: rosidl_typesupport_microxrcedds_cpp;rosidl_typesupport_fastrtps_cpp;rosidl_typesupport_introspection_cpp
-- Found rcl: 5.3.9 (/opt/ros/humble/share/rcl/cmake)
-- Found rcl: 5.3.9 (/opt/ros/humble/share/rcl/cmake)
-- Using all available rosidl_typesupport_c: rosidl_typesupport_microxrcedds_c;rosidl_typesupport_fastrtps_c;rosidl_typesupport_introspection_c
-- Using all available rosidl_typesupport_c: rosidl_typesupport_microxrcedds_c;rosidl_typesupport_fastrtps_c;rosidl_typesupport_introspection_c
-- Found rosidl_generator_cpp: 3.1.5 (/opt/ros/humble/share/rosidl_generator_cpp/cmake)
-- Found rosidl_generator_cpp: 3.1.5 (/opt/ros/humble/share/rosidl_generator_cpp/cmake)
-- Using all available rosidl_typesupport_c: rosidl_typesupport_microxrcedds_c;rosidl_typesupport_fastrtps_c;rosidl_typesupport_introspection_c
-- Using all available rosidl_typesupport_cpp: rosidl_typesupport_microxrcedds_cpp;rosidl_typesupport_fastrtps_cpp;rosidl_typesupport_introspection_cpp
-- Found rosidl_generator_cpp: 3.1.5 (/opt/ros/humble/share/rosidl_generator_cpp/cmake)
-- Using all available rosidl_typesupport_cpp: rosidl_typesupport_microxrcedds_cpp;rosidl_typesupport_fastrtps_cpp;rosidl_typesupport_introspection_cpp
-- Using all available rosidl_typesupport_cpp: rosidl_typesupport_microxrcedds_cpp;rosidl_typesupport_fastrtps_cpp;rosidl_typesupport_introspection_cpp
-- Using all available rosidl_typesupport_cpp: rosidl_typesupport_microxrcedds_cpp;rosidl_typesupport_fastrtps_cpp;rosidl_typesupport_introspection_cpp
-- Using all available rosidl_typesupport_cpp: rosidl_typesupport_microxrcedds_cpp;rosidl_typesupport_fastrtps_cpp;rosidl_typesupport_introspection_cpp
-- Using all available rosidl_typesupport_c: rosidl_typesupport_microxrcedds_c;rosidl_typesupport_fastrtps_c;rosidl_typesupport_introspection_c
-- Using all available rosidl_typesupport_cpp: rosidl_typesupport_microxrcedds_cpp;rosidl_typesupport_fastrtps_cpp;rosidl_typesupport_introspection_cpp
-- Using all available rosidl_typesupport_c: rosidl_typesupport_microxrcedds_c;rosidl_typesupport_fastrtps_c;rosidl_typesupport_introspection_c
-- Found rmw_implementation_cmake: 6.1.2 (/opt/ros/humble/share/rmw_implementation_cmake/cmake)
-- Found rmw_fastrtps_cpp: 6.2.7 (/opt/ros/humble/share/rmw_fastrtps_cpp/cmake)
-- Using all available rosidl_typesupport_c: rosidl_typesupport_microxrcedds_c;rosidl_typesupport_fastrtps_c;rosidl_typesupport_introspection_c
-- Using all available rosidl_typesupport_cpp: rosidl_typesupport_microxrcedds_cpp;rosidl_typesupport_fastrtps_cpp;rosidl_typesupport_introspection_cpp
-- Using all available rosidl_typesupport_cpp: rosidl_typesupport_microxrcedds_cpp;rosidl_typesupport_fastrtps_cpp;rosidl_typesupport_introspection_cpp
-- Using all available rosidl_typesupport_cpp: rosidl_typesupport_microxrcedds_cpp;rosidl_typesupport_fastrtps_cpp;rosidl_typesupport_introspection_cpp
-- Found rmw_implementation_cmake: 6.1.2 (/opt/ros/humble/share/rmw_implementation_cmake/cmake)
-- Found rmw_implementation_cmake: 6.1.2 (/opt/ros/humble/share/rmw_implementation_cmake/cmake)
-- Found rmw_fastrtps_cpp: 6.2.7 (/opt/ros/humble/share/rmw_fastrtps_cpp/cmake)
-- Found rosidl_generator_c: 3.1.5 (/opt/ros/humble/share/rosidl_generator_c/cmake)
-- Found rosidl_generator_c: 3.1.5 (/opt/ros/humble/share/rosidl_generator_c/cmake)
-- Found rmw_fastrtps_cpp: 6.2.7 (/opt/ros/humble/share/rmw_fastrtps_cpp/cmake)
-- Found rosidl_adapter: 3.1.5 (/opt/ros/humble/share/rosidl_adapter/cmake)
-- Found rosidl_adapter: 3.1.5 (/opt/ros/humble/share/rosidl_adapter/cmake)
-- Using all available rosidl_typesupport_cpp: rosidl_typesupport_microxrcedds_cpp;rosidl_typesupport_fastrtps_cpp;rosidl_typesupport_introspection_cpp
-- Using all available rosidl_typesupport_cpp: rosidl_typesupport_microxrcedds_cpp;rosidl_typesupport_fastrtps_cpp;rosidl_typesupport_introspection_cpp
-- Found rmw_implementation_cmake: 6.1.2 (/opt/ros/humble/share/rmw_implementation_cmake/cmake)
-- Found rmw_implementation_cmake: 6.1.2 (/opt/ros/humble/share/rmw_implementation_cmake/cmake)
-- Found rosidl_generator_cpp: 3.1.5 (/opt/ros/humble/share/rosidl_generator_cpp/cmake)
-- Found rosidl_generator_cpp: 3.1.5 (/opt/ros/humble/share/rosidl_generator_cpp/cmake)
-- Using all available rosidl_typesupport_cpp: rosidl_typesupport_microxrcedds_cpp;rosidl_typesupport_fastrtps_cpp;rosidl_typesupport_introspection_cpp
-- Found rmw_fastrtps_cpp: 6.2.7 (/opt/ros/humble/share/rmw_fastrtps_cpp/cmake)
-- Found rmw_fastrtps_cpp: 6.2.7 (/opt/ros/humble/share/rmw_fastrtps_cpp/cmake)
-- Found rmw_implementation_cmake: 6.1.2 (/opt/ros/humble/share/rmw_implementation_cmake/cmake)
-- Found rmw_fastrtps_cpp: 6.2.7 (/opt/ros/humble/share/rmw_fastrtps_cpp/cmake)
-- Found rmw_implementation_cmake: 6.1.2 (/opt/ros/humble/share/rmw_implementation_cmake/cmake)
-- Found rmw_implementation_cmake: 6.1.2 (/opt/ros/humble/share/rmw_implementation_cmake/cmake)
-- Found rmw_fastrtps_cpp: 6.2.7 (/opt/ros/humble/share/rmw_fastrtps_cpp/cmake)
-- Using all available rosidl_typesupport_c: rosidl_typesupport_microxrcedds_c;rosidl_typesupport_fastrtps_c;rosidl_typesupport_introspection_c
-- Using all available rosidl_typesupport_c: rosidl_typesupport_microxrcedds_c;rosidl_typesupport_fastrtps_c;rosidl_typesupport_introspection_c
-- Found rmw_implementation_cmake: 6.1.2 (/opt/ros/humble/share/rmw_implementation_cmake/cmake)
-- Found rmw_fastrtps_cpp: 6.2.7 (/opt/ros/humble/share/rmw_fastrtps_cpp/cmake)
-- Found rmw_implementation_cmake: 6.1.2 (/opt/ros/humble/share/rmw_implementation_cmake/cmake)
-- Found rmw_implementation_cmake: 6.1.2 (/opt/ros/humble/share/rmw_implementation_cmake/cmake)
-- Found rmw_fastrtps_cpp: 6.2.7 (/opt/ros/humble/share/rmw_fastrtps_cpp/cmake)
-- Found rmw_fastrtps_cpp: 6.2.7 (/opt/ros/humble/share/rmw_fastrtps_cpp/cmake)
-- Found rmw_fastrtps_cpp: 6.2.7 (/opt/ros/humble/share/rmw_fastrtps_cpp/cmake)
-- Found rmw_implementation_cmake: 6.1.2 (/opt/ros/humble/share/rmw_implementation_cmake/cmake)
-- Found rmw_implementation_cmake: 6.1.2 (/opt/ros/humble/share/rmw_implementation_cmake/cmake)
-- Found rmw_fastrtps_cpp: 6.2.7 (/opt/ros/humble/share/rmw_fastrtps_cpp/cmake)
-- Found rmw_fastrtps_cpp: 6.2.7 (/opt/ros/humble/share/rmw_fastrtps_cpp/cmake)
-- Using all available rosidl_typesupport_cpp: rosidl_typesupport_microxrcedds_cpp;rosidl_typesupport_fastrtps_cpp;rosidl_typesupport_introspection_cpp
-- Using all available rosidl_typesupport_cpp: rosidl_typesupport_microxrcedds_cpp;rosidl_typesupport_fastrtps_cpp;rosidl_typesupport_introspection_cpp
-- Found rmw_implementation_cmake: 6.1.2 (/opt/ros/humble/share/rmw_implementation_cmake/cmake)
-- Found rmw_implementation_cmake: 6.1.2 (/opt/ros/humble/share/rmw_implementation_cmake/cmake)
-- Found rmw_fastrtps_cpp: 6.2.7 (/opt/ros/humble/share/rmw_fastrtps_cpp/cmake)
-- Found rmw_fastrtps_cpp: 6.2.7 (/opt/ros/humble/share/rmw_fastrtps_cpp/cmake)
-- Found rmw_implementation_cmake: 6.1.2 (/opt/ros/humble/share/rmw_implementation_cmake/cmake)
-- Found rmw_implementation_cmake: 6.1.2 (/opt/ros/humble/share/rmw_implementation_cmake/cmake)
-- Found rmw_fastrtps_cpp: 6.2.7 (/opt/ros/humble/share/rmw_fastrtps_cpp/cmake)
-- Found rmw_fastrtps_cpp: 6.2.7 (/opt/ros/humble/share/rmw_fastrtps_cpp/cmake)
-- Using RMW implementation 'rmw_fastrtps_cpp' as default
-- Found rclc: 4.0.2 (/home/abdelrhaman/microros_ws/install/rclc/share/rclc/cmake)
-- Found rmw_implementation_cmake: 6.1.2 (/opt/ros/humble/share/rmw_implementation_cmake/cmake)
-- Found rmw_implementation_cmake: 6.1.2 (/opt/ros/humble/share/rmw_implementation_cmake/cmake)
-- Found rmw_fastrtps_cpp: 6.2.7 (/opt/ros/humble/share/rmw_fastrtps_cpp/cmake)
-- Found rmw_fastrtps_cpp: 6.2.7 (/opt/ros/humble/share/rmw_fastrtps_cpp/cmake)
-- Using RMW implementation 'rmw_fastrtps_cpp' as default
-- Found rclc: 4.0.2 (/home/abdelrhaman/microros_ws/install/rclc/share/rclc/cmake)
-- Using RMW implementation 'rmw_fastrtps_cpp' as default
-- Using RMW implementation 'rmw_fastrtps_cpp' as default
-- Found rclc: 4.0.2 (/home/abdelrhaman/microros_ws/install/rclc/share/rclc/cmake)
-- Found std_msgs: 4.2.4 (/home/abdelrhaman/microros_ws/install/std_msgs/share/std_msgs/cmake)
-- Found rclc: 4.0.2 (/home/abdelrhaman/microros_ws/install/rclc/share/rclc/cmake)
-- Using RMW implementation 'rmw_fastrtps_cpp' as default
-- Using RMW implementation 'rmw_fastrtps_cpp' as default
-- Using RMW implementation 'rmw_fastrtps_cpp' as default
-- Found rclc: 4.0.2 (/home/abdelrhaman/microros_ws/install/rclc/share/rclc/cmake)
-- Found rmw_microxrcedds: 3.0.3 (/home/abdelrhaman/microros_ws/install/rmw_microxrcedds/share/rmw_microxrcedds/cmake)
-- Found rclc: 4.0.2 (/home/abdelrhaman/microros_ws/install/rclc/share/rclc/cmake)
-- Found example_interfaces: 0.9.3 (/home/abdelrhaman/microros_ws/install/example_interfaces/share/example_interfaces/cmake)
-- Using RMW implementation 'rmw_fastrtps_cpp' as default
-- Using RMW implementation 'rmw_fastrtps_cpp' as default
-- Found rclc: 4.0.2 (/home/abdelrhaman/microros_ws/install/rclc/share/rclc/cmake)
-- Configuring done
-- Found rclc: 4.0.2 (/home/abdelrhaman/microros_ws/install/rclc/share/rclc/cmake)
-- Found rclc: 4.0.2 (/home/abdelrhaman/microros_ws/install/rclc/share/rclc/cmake)
-- Using RMW implementation 'rmw_fastrtps_cpp' as default
-- Found complex_msgs: 3.0.2 (/home/abdelrhaman/microros_ws/install/complex_msgs/share/complex_msgs/cmake)
-- Using RMW implementation 'rmw_fastrtps_cpp' as default
-- Found std_msgs: 4.2.4 (/home/abdelrhaman/microros_ws/install/std_msgs/share/std_msgs/cmake)
-- Generating done
-- Found rclc: 4.0.2 (/home/abdelrhaman/microros_ws/install/rclc/share/rclc/cmake)
-- Configuring done
-- Build files have been written to: /home/abdelrhaman/microros_ws/build/micro_ros_demos_rclc/ping_pong/src/ping_pong-build
-- Found rmw_microxrcedds: 3.0.3 (/home/abdelrhaman/microros_ws/install/rmw_microxrcedds/share/rmw_microxrcedds/cmake)
-- Found rclc: 4.0.2 (/home/abdelrhaman/microros_ws/install/rclc/share/rclc/cmake)
-- Found rmw_microxrcedds: 3.0.3 (/home/abdelrhaman/microros_ws/install/rmw_microxrcedds/share/rmw_microxrcedds/cmake)
-- Using RMW implementation 'rmw_fastrtps_cpp' as default
-- Generating done
-- Build files have been written to: /home/abdelrhaman/microros_ws/build/micro_ros_demos_rclc/fibonacci_action_client/src/fibonacci_action_client-build
-- Using RMW implementation 'rmw_fastrtps_cpp' as default
-- Found std_msgs: 4.2.4 (/home/abdelrhaman/microros_ws/install/std_msgs/share/std_msgs/cmake)
-- Configuring done
-- Found rclc: 4.0.2 (/home/abdelrhaman/microros_ws/install/rclc/share/rclc/cmake)
-- Configuring done
-- Configuring done
-- Using RMW implementation 'rmw_fastrtps_cpp' as default
-- Found rclc: 4.0.2 (/home/abdelrhaman/microros_ws/install/rclc/share/rclc/cmake)
-- Generating done
-- Found rmw_microxrcedds: 3.0.3 (/home/abdelrhaman/microros_ws/install/rmw_microxrcedds/share/rmw_microxrcedds/cmake)
-- Found example_interfaces: 0.9.3 (/home/abdelrhaman/microros_ws/install/example_interfaces/share/example_interfaces/cmake)
-- Build files have been written to: /home/abdelrhaman/microros_ws/build/micro_ros_demos_rclc/int32_multinode/src/int32_multinode-build
-- Generating done
-- Build files have been written to: /home/abdelrhaman/microros_ws/build/micro_ros_demos_rclc/graph_introspection/publisher_count/src/publisher_count-build
-- Using RMW implementation 'rmw_fastrtps_cpp' as default
-- Generating done
-- Found rclc: 4.0.2 (/home/abdelrhaman/microros_ws/install/rclc/share/rclc/cmake)
-- Found std_msgs: 4.2.4 (/home/abdelrhaman/microros_ws/install/std_msgs/share/std_msgs/cmake)
-- Build files have been written to: /home/abdelrhaman/microros_ws/build/micro_ros_demos_rclc/complex_msg_subscriber/src/complex_msg_subscriber-build
-- Using RMW implementation 'rmw_fastrtps_cpp' as default
-- Using RMW implementation 'rmw_fastrtps_cpp' as default
-- Found rclc: 4.0.2 (/home/abdelrhaman/microros_ws/install/rclc/share/rclc/cmake)
[35m[1mConsolidate compiler generated dependencies of target ping_pong[0m
-- Found std_msgs: 4.2.4 (/home/abdelrhaman/microros_ws/install/std_msgs/share/std_msgs/cmake)
-- Found complex_msgs: 3.0.2 (/home/abdelrhaman/microros_ws/install/complex_msgs/share/complex_msgs/cmake)
-- Found std_msgs: 4.2.4 (/home/abdelrhaman/microros_ws/install/std_msgs/share/std_msgs/cmake)
-- Found rclc: 4.0.2 (/home/abdelrhaman/microros_ws/install/rclc/share/rclc/cmake)
-- Found rclc: 4.0.2 (/home/abdelrhaman/microros_ws/install/rclc/share/rclc/cmake)
-- Found rmw_microxrcedds: 3.0.3 (/home/abdelrhaman/microros_ws/install/rmw_microxrcedds/share/rmw_microxrcedds/cmake)
-- Configuring done
[35m[1mConsolidate compiler generated dependencies of target fibonacci_action_client[0m
-- Configuring done
-- Using RMW implementation 'rmw_fastrtps_cpp' as default
-- Found rmw_microxrcedds: 3.0.3 (/home/abdelrhaman/microros_ws/install/rmw_microxrcedds/share/rmw_microxrcedds/cmake)
-- Using RMW implementation 'rmw_fastrtps_cpp' as default
[ 50%] [32mBuilding C object CMakeFiles/ping_pong.dir/main.c.o[0m
-- Found std_msgs: 4.2.4 (/home/abdelrhaman/microros_ws/install/std_msgs/share/std_msgs/cmake)
-- Found rmw_microxrcedds: 3.0.3 (/home/abdelrhaman/microros_ws/install/rmw_microxrcedds/share/rmw_microxrcedds/cmake)
-- Found rmw_microxrcedds: 3.0.3 (/home/abdelrhaman/microros_ws/install/rmw_microxrcedds/share/rmw_microxrcedds/cmake)
-- Generating done
-- Build files have been written to: /home/abdelrhaman/microros_ws/build/micro_ros_demos_rclc/fibonacci_action_server/src/fibonacci_action_server-build
-- Using RMW implementation 'rmw_fastrtps_cpp' as default
[35m[1mConsolidate compiler generated dependencies of target publisher_count[0m
[35m[1mConsolidate compiler generated dependencies of target int32_multinode[0m
-- Configuring done
-- Found rclc: 4.0.2 (/home/abdelrhaman/microros_ws/install/rclc/share/rclc/cmake)
[35m[1mConsolidate compiler generated dependencies of target complex_msg_subscriber[0m
[ 50%] [32mBuilding C object CMakeFiles/fibonacci_action_client.dir/main.c.o[0m
-- Generating done
-- Found rclc: 4.0.2 (/home/abdelrhaman/microros_ws/install/rclc/share/rclc/cmake)
-- Configuring done
-- Build files have been written to: /home/abdelrhaman/microros_ws/build/micro_ros_demos_rclc/configuration_example/configured_subscriber/src/configured_subscriber-build
-- Found std_msgs: 4.2.4 (/home/abdelrhaman/microros_ws/install/std_msgs/share/std_msgs/cmake)
-- Found rmw_microxrcedds: 3.0.3 (/home/abdelrhaman/microros_ws/install/rmw_microxrcedds/share/rmw_microxrcedds/cmake)
-- Configuring done
-- Found rclc: 4.0.2 (/home/abdelrhaman/microros_ws/install/rclc/share/rclc/cmake)
-- Configuring done
-- Found std_msgs: 4.2.4 (/home/abdelrhaman/microros_ws/install/std_msgs/share/std_msgs/cmake)
-- Generating done
[ 50%] [32mBuilding C object CMakeFiles/int32_multinode.dir/main.c.o[0m
[ 50%] [32m[1mLinking C executable complex_msg_subscriber[0m
[ 50%] [32m[1mLinking C executable publisher_count[0m
-- Build files have been written to: /home/abdelrhaman/microros_ws/build/micro_ros_demos_rclc/fragmented_subscription/src/fragmented_subscription-build
-- Generating done
-- Build files have been written to: /home/abdelrhaman/microros_ws/build/micro_ros_demos_rclc/int32_publisher/src/int32_publisher-build
-- Found rmw_microxrcedds: 3.0.3 (/home/abdelrhaman/microros_ws/install/rmw_microxrcedds/share/rmw_microxrcedds/cmake)
-- Found example_interfaces: 0.9.3 (/home/abdelrhaman/microros_ws/install/example_interfaces/share/example_interfaces/cmake)
-- Generating done
-- Generating done
-- Found std_msgs: 4.2.4 (/home/abdelrhaman/microros_ws/install/std_msgs/share/std_msgs/cmake)
-- Found rmw_microxrcedds: 3.0.3 (/home/abdelrhaman/microros_ws/install/rmw_microxrcedds/share/rmw_microxrcedds/cmake)
-- Build files have been written to: /home/abdelrhaman/microros_ws/build/micro_ros_demos_rclc/complex_msg_publisher/src/complex_msg_publisher-build
-- Build files have been written to: /home/abdelrhaman/microros_ws/build/micro_ros_demos_rclc/int32_publisher_subscriber/src/int32_publisher_subscriber-build
-- Configuring done
-- Found rmw_microxrcedds: 3.0.3 (/home/abdelrhaman/microros_ws/install/rmw_microxrcedds/share/rmw_microxrcedds/cmake)
[35m[1mConsolidate compiler generated dependencies of target fibonacci_action_server[0m
-- Found example_interfaces: 0.9.3 (/home/abdelrhaman/microros_ws/install/example_interfaces/share/example_interfaces/cmake)
-- Generating done
-- Found rmw_microxrcedds: 3.0.3 (/home/abdelrhaman/microros_ws/install/rmw_microxrcedds/share/rmw_microxrcedds/cmake)
-- Build files have been written to: /home/abdelrhaman/microros_ws/build/micro_ros_demos_rclc/timer/src/timer-build
-- Configuring done
-- Configuring done
-- Found std_msgs: 4.2.4 (/home/abdelrhaman/microros_ws/install/std_msgs/share/std_msgs/cmake)
-- Configuring done
[35m[1mConsolidate compiler generated dependencies of target configured_subscriber[0m
-- Configuring done
[35m[1mConsolidate compiler generated dependencies of target fragmented_subscription[0m
-- Generating done
-- Configuring done
-- Generating done
-- Build files have been written to: /home/abdelrhaman/microros_ws/build/micro_ros_demos_rclc/fragmented_publication/src/fragmented_publication-build
[ 50%] [32mBuilding C object CMakeFiles/fibonacci_action_server.dir/main.c.o[0m
-- Configuring done
-- Build files have been written to: /home/abdelrhaman/microros_ws/build/micro_ros_demos_rclc/graph_introspection/graph_visualizer/src/graph_visualizer-build
-- Generating done
-- Found rmw_microxrcedds: 3.0.3 (/home/abdelrhaman/microros_ws/install/rmw_microxrcedds/share/rmw_microxrcedds/cmake)
[35m[1mConsolidate compiler generated dependencies of target int32_publisher[0m
-- Build files have been written to: /home/abdelrhaman/microros_ws/build/micro_ros_demos_rclc/addtwoints_server/src/addtwoints_server-build
-- Generating done
-- Generating done
-- Found std_msgs: 4.2.4 (/home/abdelrhaman/microros_ws/install/std_msgs/share/std_msgs/cmake)
-- Build files have been written to: /home/abdelrhaman/microros_ws/build/micro_ros_demos_rclc/ping_uros_agent/src/ping_uros_agent-build
-- Build files have been written to: /home/abdelrhaman/microros_ws/build/micro_ros_demos_rclc/graph_introspection/subscription_count/src/subscription_count-build
-- Generating done
-- Build files have been written to: /home/abdelrhaman/microros_ws/build/micro_ros_demos_rclc/addtwoints_client/src/addtwoints_client-build
[ 50%] [32mBuilding C object CMakeFiles/fragmented_subscription.dir/main.c.o[0m
[35m[1mConsolidate compiler generated dependencies of target int32_publisher_subscriber[0m
[35m[1mConsolidate compiler generated dependencies of target complex_msg_publisher[0m
-- Configuring done
[ 50%] [32mBuilding C object CMakeFiles/configured_subscriber.dir/main.c.o[0m
[ 50%] [32mBuilding C object CMakeFiles/int32_publisher.dir/main.c.o[0m
-- Found rmw_microxrcedds: 3.0.3 (/home/abdelrhaman/microros_ws/install/rmw_microxrcedds/share/rmw_microxrcedds/cmake)
-- Generating done
-- Build files have been written to: /home/abdelrhaman/microros_ws/build/micro_ros_demos_rclc/configuration_example/configured_publisher/src/configured_publisher-build
[ 50%] [32mBuilding C object CMakeFiles/int32_publisher_subscriber.dir/main.c.o[0m
[100%] [32m[1mLinking C executable ping_pong[0m
[ 50%] [32m[1mLinking C executable complex_msg_publisher[0m
[35m[1mConsolidate compiler generated dependencies of target timer[0m
[35m[1mConsolidate compiler generated dependencies of target fragmented_publication[0m
[35m[1mConsolidate compiler generated dependencies of target graph_visualizer[0m
-- Configuring done
[35m[1mConsolidate compiler generated dependencies of target addtwoints_server[0m
[100%] [32m[1mLinking C executable fibonacci_action_client[0m
[35m[1mConsolidate compiler generated dependencies of target addtwoints_client[0m
[35m[1mConsolidate compiler generated dependencies of target ping_uros_agent[0m
-- Generating done
[35m[1mConsolidate compiler generated dependencies of target subscription_count[0m
-- Build files have been written to: /home/abdelrhaman/microros_ws/build/micro_ros_demos_rclc/int32_subscriber/src/int32_subscriber-build
[ 50%] [32mBuilding C object CMakeFiles/graph_visualizer.dir/main.c.o[0m
[ 50%] [32mBuilding C object CMakeFiles/fragmented_publication.dir/main.c.o[0m
[ 50%] [32mBuilding C object CMakeFiles/timer.dir/main.c.o[0m
[ 50%] [32mBuilding C object CMakeFiles/addtwoints_server.dir/main.c.o[0m
[ 50%] [32mBuilding C object CMakeFiles/ping_uros_agent.dir/main.c.o[0m
[35m[1mConsolidate compiler generated dependencies of target configured_publisher[0m
[100%] [32m[1mLinking C executable int32_multinode[0m
[ 50%] [32m[1mLinking C executable subscription_count[0m
[ 50%] [32mBuilding C object CMakeFiles/addtwoints_client.dir/main.c.o[0m
[100%] Built target complex_msg_subscriber
[100%] Built target publisher_count
[ 50%] [32mBuilding C object CMakeFiles/configured_publisher.dir/main.c.o[0m
[100%] [32m[1mLinking C executable fibonacci_action_server[0m
[35m[1mConsolidate compiler generated dependencies of target int32_subscriber[0m
[ 11%] [34m[1mPerforming install step for 'complex_msg_subscriber'[0m
[ 50%] [32mBuilding C object CMakeFiles/int32_subscriber.dir/main.c.o[0m
[ 12%] [34m[1mPerforming install step for 'publisher_count'[0m
[100%] [32m[1mLinking C executable configured_subscriber[0m
[100%] [32m[1mLinking C executable int32_publisher[0m
[100%] [32m[1mLinking C executable fragmented_subscription[0m
[100%] [32m[1mLinking C executable int32_publisher_subscriber[0m
[100%] [32m[1mLinking C executable timer[0m
[100%] [32m[1mLinking C executable addtwoints_client[0m
[100%] [32m[1mLinking C executable fragmented_publication[0m
[100%] [32m[1mLinking C executable graph_visualizer[0m
[100%] [32m[1mLinking C executable addtwoints_server[0m
[100%] Built target ping_pong
[100%] [32m[1mLinking C executable ping_uros_agent[0m
[100%] Built target complex_msg_subscriber
[100%] Built target publisher_count
[100%] Built target complex_msg_publisher
[100%] [32m[1mLinking C executable configured_publisher[0m
[ 12%] [34m[1mPerforming install step for 'ping_pong'[0m
[100%] Built target fibonacci_action_client
[100%] [32m[1mLinking C executable int32_subscriber[0m
[36mInstall the project...[0m
[ 13%] [34m[1mPerforming install step for 'complex_msg_publisher'[0m
[36mInstall the project...[0m
-- Install configuration: ""
-- Install configuration: ""
-- Installing: /home/abdelrhaman/microros_ws/build/micro_ros_demos_rclc/temp_install/publisher_count/publisher_count
-- Installing: /home/abdelrhaman/microros_ws/build/micro_ros_demos_rclc/temp_install/complex_msg_subscriber/complex_msg_subscriber
-- Set runtime path of "/home/abdelrhaman/microros_ws/build/micro_ros_demos_rclc/temp_install/publisher_count/publisher_count" to ""
[100%] Built target subscription_count
-- Set runtime path of "/home/abdelrhaman/microros_ws/build/micro_ros_demos_rclc/temp_install/complex_msg_subscriber/complex_msg_subscriber" to ""
[100%] Built target int32_multinode
[35m[1mConsolidate compiler generated dependencies of target ping_pong[0m
[ 13%] [34m[1mPerforming install step for 'fibonacci_action_client'[0m
[100%] Built target fibonacci_action_server
[ 13%] [34m[1mPerforming install step for 'subscription_count'[0m
[ 14%] [34m[1mCompleted 'publisher_count'[0m
[ 15%] [34m[1mCompleted 'complex_msg_subscriber'[0m
[ 15%] [34m[1mPerforming install step for 'int32_multinode'[0m
[100%] Built target ping_pong
[100%] Built target configured_subscriber
[ 15%] [34m[1mPerforming install step for 'fibonacci_action_server'[0m
[100%] Built target int32_publisher
[100%] Built target complex_msg_publisher
[100%] Built target int32_publisher_subscriber
[100%] Built target fragmented_subscription
[36mInstall the project...[0m
[35m[1mConsolidate compiler generated dependencies of target fibonacci_action_client[0m
[100%] Built target timer
[ 17%] [34m[1mPerforming install step for 'configured_subscriber'[0m
[ 19%] Built target publisher_count
[ 19%] Built target complex_msg_subscriber
-- Install configuration: ""
[ 20%] [34m[1mPerforming install step for 'int32_publisher'[0m
[100%] Built target graph_visualizer
-- Installing: /home/abdelrhaman/microros_ws/build/micro_ros_demos_rclc/temp_install/ping_pong/ping_pong
-- Set runtime path of "/home/abdelrhaman/microros_ws/build/micro_ros_demos_rclc/temp_install/ping_pong/ping_pong" to ""
[35m[1mConsolidate compiler generated dependencies of target int32_multinode[0m
[ 21%] [34m[1mPerforming install step for 'fragmented_subscription'[0m
[ 21%] [34m[1mPerforming install step for 'int32_publisher_subscriber'[0m
[100%] Built target addtwoints_client
[100%] Built target fragmented_publication
[36mInstall the project...[0m
[100%] Built target fibonacci_action_client
[100%] Built target subscription_count
[100%] Built target addtwoints_server
[ 21%] [34m[1mPerforming install step for 'timer'[0m
-- Install configuration: ""
-- Installing: /home/abdelrhaman/microros_ws/build/micro_ros_demos_rclc/temp_install/complex_msg_publisher/complex_msg_publisher
-- Set runtime path of "/home/abdelrhaman/microros_ws/build/micro_ros_demos_rclc/temp_install/complex_msg_publisher/complex_msg_publisher" to ""
[ 21%] [34m[1mPerforming build step for 'string_subscriber'[0m
[ 22%] [34m[1mPerforming build step for 'string_publisher'[0m
[100%] Built target int32_multinode
[35m[1mConsolidate compiler generated dependencies of target fibonacci_action_server[0m
[ 22%] [34m[1mCompleted 'ping_pong'[0m
[ 22%] [34m[1mPerforming install step for 'graph_visualizer'[0m
[100%] Built target ping_uros_agent
[100%] Built target configured_publisher
[ 23%] [34m[1mPerforming install step for 'fragmented_publication'[0m
[36mInstall the project...[0m
[ 24%] [34m[1mPerforming install step for 'addtwoints_server'[0m
[ 25%] [34m[1mPerforming install step for 'addtwoints_client'[0m
[36mInstall the project...[0m
-- Found ament_cmake: 1.3.10 (/opt/ros/humble/share/ament_cmake/cmake)
[35m[1mConsolidate compiler generated dependencies of target configured_subscriber[0m
[ 25%] [34m[1mCompleted 'complex_msg_publisher'[0m
-- Install configuration: ""
[100%] Built target int32_subscriber
-- Installing: /home/abdelrhaman/microros_ws/build/micro_ros_demos_rclc/temp_install/subscription_count/subscription_count
[100%] Built target fibonacci_action_server
-- Set runtime path of "/home/abdelrhaman/microros_ws/build/micro_ros_demos_rclc/temp_install/subscription_count/subscription_count" to ""
-- Found ament_cmake: 1.3.10 (/opt/ros/humble/share/ament_cmake/cmake)
-- Install configuration: ""
-- Installing: /home/abdelrhaman/microros_ws/build/micro_ros_demos_rclc/temp_install/fibonacci_action_client/fibonacci_action_client
-- Set runtime path of "/home/abdelrhaman/microros_ws/build/micro_ros_demos_rclc/temp_install/fibonacci_action_client/fibonacci_action_client" to ""
[36mInstall the project...[0m
[35m[1mConsolidate compiler generated dependencies of target int32_publisher[0m
[35m[1mConsolidate compiler generated dependencies of target int32_publisher_subscriber[0m
[35m[1mConsolidate compiler generated dependencies of target fragmented_subscription[0m
[ 25%] [34m[1mPerforming install step for 'configured_publisher'[0m
[ 26%] [34m[1mPerforming install step for 'ping_uros_agent'[0m
[35m[1mConsolidate compiler generated dependencies of target timer[0m
[100%] Built target configured_subscriber
-- Install configuration: ""
-- Installing: /home/abdelrhaman/microros_ws/build/micro_ros_demos_rclc/temp_install/int32_multinode/int32_multinode
[100%] Built target int32_publisher_subscriber
-- Set runtime path of "/home/abdelrhaman/microros_ws/build/micro_ros_demos_rclc/temp_install/int32_multinode/int32_multinode" to ""
[100%] Built target int32_publisher
[ 27%] [34m[1mCompleted 'subscription_count'[0m
[ 27%] [34m[1mPerforming install step for 'int32_subscriber'[0m
[100%] Built target fragmented_subscription
[ 30%] Built target ping_pong
[36mInstall the project...[0m
[35m[1mConsolidate compiler generated dependencies of target graph_visualizer[0m
[35m[1mConsolidate compiler generated dependencies of target fragmented_publication[0m
[100%] Built target timer
[ 31%] [34m[1mCompleted 'fibonacci_action_client'[0m
[ 32%] Built target complex_msg_publisher
-- Install configuration: ""
-- Installing: /home/abdelrhaman/microros_ws/build/micro_ros_demos_rclc/temp_install/fibonacci_action_server/fibonacci_action_server
-- Set runtime path of "/home/abdelrhaman/microros_ws/build/micro_ros_demos_rclc/temp_install/fibonacci_action_server/fibonacci_action_server" to ""
[35m[1mConsolidate compiler generated dependencies of target addtwoints_server[0m
[35m[1mConsolidate compiler generated dependencies of target addtwoints_client[0m
[100%] Built target graph_visualizer
[36mInstall the project...[0m
[ 32%] [34m[1mCompleted 'int32_multinode'[0m
[100%] Built target fragmented_publication
[35m[1mConsolidate compiler generated dependencies of target configured_publisher[0m
[36mInstall the project...[0m
[36mInstall the project...[0m
[36mInstall the project...[0m
-- Install configuration: ""
[36mInstall the project...[0m
-- Installing: /home/abdelrhaman/microros_ws/build/micro_ros_demos_rclc/temp_install/configured_subscriber/configured_subscriber
-- Set runtime path of "/home/abdelrhaman/microros_ws/build/micro_ros_demos_rclc/temp_install/configured_subscriber/configured_subscriber" to ""
[100%] Built target addtwoints_server
[35m[1mConsolidate compiler generated dependencies of target ping_uros_agent[0m
[ 33%] [34m[1mPerforming build step for 'autodiscover_agent'[0m
-- Install configuration: ""
-- Installing: /home/abdelrhaman/microros_ws/build/micro_ros_demos_rclc/temp_install/int32_publisher/int32_publisher
-- Set runtime path of "/home/abdelrhaman/microros_ws/build/micro_ros_demos_rclc/temp_install/int32_publisher/int32_publisher" to ""
-- Install configuration: ""
-- Install configuration: ""
-- Installing: /home/abdelrhaman/microros_ws/build/micro_ros_demos_rclc/temp_install/fragmented_subscription/fragmented_subscription
-- Installing: /home/abdelrhaman/microros_ws/build/micro_ros_demos_rclc/temp_install/int32_publisher_subscriber/int32_publisher_subscriber
-- Set runtime path of "/home/abdelrhaman/microros_ws/build/micro_ros_demos_rclc/temp_install/fragmented_subscription/fragmented_subscription" to ""
-- Set runtime path of "/home/abdelrhaman/microros_ws/build/micro_ros_demos_rclc/temp_install/int32_publisher_subscriber/int32_publisher_subscriber" to ""
[100%] Built target addtwoints_client
[100%] Built target configured_publisher
[ 34%] [34m[1mPerforming build step for 'static_type_handling'[0m
-- Install configuration: ""
[ 37%] Built target subscription_count
-- Installing: /home/abdelrhaman/microros_ws/build/micro_ros_demos_rclc/temp_install/timer/timer
-- Set runtime path of "/home/abdelrhaman/microros_ws/build/micro_ros_demos_rclc/temp_install/timer/timer" to ""
[ 37%] [34m[1mCompleted 'fibonacci_action_server'[0m
[36mInstall the project...[0m
[36mInstall the project...[0m
[ 40%] Built target fibonacci_action_client
[35m[1mConsolidate compiler generated dependencies of target int32_subscriber[0m
[ 40%] [34m[1mCompleted 'configured_subscriber'[0m
[100%] Built target ping_uros_agent
[36mInstall the project...[0m
-- Install configuration: ""
-- Installing: /home/abdelrhaman/microros_ws/build/micro_ros_demos_rclc/temp_install/fragmented_publication/fragmented_publication
-- Set runtime path of "/home/abdelrhaman/microros_ws/build/micro_ros_demos_rclc/temp_install/fragmented_publication/fragmented_publication" to ""
-- Found ament_cmake: 1.3.10 (/opt/ros/humble/share/ament_cmake/cmake)
-- Install configuration: ""
-- Installing: /home/abdelrhaman/microros_ws/build/micro_ros_demos_rclc/temp_install/graph_visualizer/graph_visualizer
-- Set runtime path of "/home/abdelrhaman/microros_ws/build/micro_ros_demos_rclc/temp_install/graph_visualizer/graph_visualizer" to ""
-- Found ament_cmake: 1.3.10 (/opt/ros/humble/share/ament_cmake/cmake)
[ 41%] [34m[1mCompleted 'fragmented_subscription'[0m
[ 42%] [34m[1mCompleted 'int32_publisher_subscriber'[0m
[36mInstall the project...[0m
[ 43%] [34m[1mCompleted 'int32_publisher'[0m
[ 43%] [34m[1mCompleted 'timer'[0m
[36mInstall the project...[0m
[100%] Built target int32_subscriber
-- Install configuration: ""
[ 45%] Built target int32_multinode
-- Installing: /home/abdelrhaman/microros_ws/build/micro_ros_demos_rclc/temp_install/addtwoints_server/addtwoints_server
-- Set runtime path of "/home/abdelrhaman/microros_ws/build/micro_ros_demos_rclc/temp_install/addtwoints_server/addtwoints_server" to ""
[ 45%] [34m[1mPerforming build step for 'epoch_synchronization'[0m
-- Install configuration: ""
-- Installing: /home/abdelrhaman/microros_ws/build/micro_ros_demos_rclc/temp_install/configured_publisher/configured_publisher
-- Set runtime path of "/home/abdelrhaman/microros_ws/build/micro_ros_demos_rclc/temp_install/configured_publisher/configured_publisher" to ""
[ 45%] [34m[1mPerforming build step for 'parameter_server'[0m
[36mInstall the project...[0m
-- Install configuration: ""
-- Installing: /home/abdelrhaman/microros_ws/build/micro_ros_demos_rclc/temp_install/addtwoints_client/addtwoints_client
-- Set runtime path of "/home/abdelrhaman/microros_ws/build/micro_ros_demos_rclc/temp_install/addtwoints_client/addtwoints_client" to ""
[ 45%] [34m[1mCompleted 'fragmented_publication'[0m
[ 45%] [34m[1mCompleted 'graph_visualizer'[0m
[ 48%] Built target fibonacci_action_server
[36mInstall the project...[0m
-- Install configuration: ""
-- Installing: /home/abdelrhaman/microros_ws/build/micro_ros_demos_rclc/temp_install/ping_uros_agent/ping_uros_agent
[ 50%] Built target configured_subscriber
-- Set runtime path of "/home/abdelrhaman/microros_ws/build/micro_ros_demos_rclc/temp_install/ping_uros_agent/ping_uros_agent" to ""
[ 50%] [34m[1mCompleted 'configured_publisher'[0m
[ 51%] [34m[1mCompleted 'addtwoints_server'[0m
-- Found ament_cmake: 1.3.10 (/opt/ros/humble/share/ament_cmake/cmake)
-- Found ament_cmake: 1.3.10 (/opt/ros/humble/share/ament_cmake/cmake)
[ 51%] [34m[1mPerforming build step for 'multithread_publisher_subscriber'[0m
-- Install configuration: ""
-- Installing: /home/abdelrhaman/microros_ws/build/micro_ros_demos_rclc/temp_install/int32_subscriber/int32_subscriber
-- Set runtime path of "/home/abdelrhaman/microros_ws/build/micro_ros_demos_rclc/temp_install/int32_subscriber/int32_subscriber" to ""
[ 54%] Built target int32_publisher_subscriber
[ 54%] [34m[1mCompleted 'addtwoints_client'[0m
[ 56%] Built target fragmented_subscription
[ 58%] Built target int32_publisher
[ 61%] Built target timer
[ 61%] [34m[1mCompleted 'int32_subscriber'[0m
[ 61%] [34m[1mCompleted 'ping_uros_agent'[0m
[ 64%] Built target graph_visualizer
[ 66%] Built target fragmented_publication
-- Found ament_cmake: 1.3.10 (/opt/ros/humble/share/ament_cmake/cmake)
[ 68%] Built target addtwoints_server
[ 71%] Built target configured_publisher
-- Found rcl: 5.3.9 (/opt/ros/humble/share/rcl/cmake)
[ 72%] Built target ping_uros_agent
[ 74%] Built target addtwoints_client
[ 76%] Built target int32_subscriber
-- Found rosidl_generator_c: 3.1.5 (/opt/ros/humble/share/rosidl_generator_c/cmake)
-- Found rosidl_adapter: 3.1.5 (/opt/ros/humble/share/rosidl_adapter/cmake)
-- Found rosidl_generator_cpp: 3.1.5 (/opt/ros/humble/share/rosidl_generator_cpp/cmake)
-- Using all available rosidl_typesupport_c: rosidl_typesupport_microxrcedds_c;rosidl_typesupport_fastrtps_c;rosidl_typesupport_introspection_c
-- Found rcl: 5.3.9 (/opt/ros/humble/share/rcl/cmake)
-- Using all available rosidl_typesupport_cpp: rosidl_typesupport_microxrcedds_cpp;rosidl_typesupport_fastrtps_cpp;rosidl_typesupport_introspection_cpp
-- Found rcl: 5.3.9 (/opt/ros/humble/share/rcl/cmake)
-- Found rcl: 5.3.9 (/opt/ros/humble/share/rcl/cmake)
-- Found rosidl_generator_c: 3.1.5 (/opt/ros/humble/share/rosidl_generator_c/cmake)
-- Found rosidl_adapter: 3.1.5 (/opt/ros/humble/share/rosidl_adapter/cmake)
-- Found rosidl_generator_c: 3.1.5 (/opt/ros/humble/share/rosidl_generator_c/cmake)
-- Found rmw_implementation_cmake: 6.1.2 (/opt/ros/humble/share/rmw_implementation_cmake/cmake)
-- Found rcl: 5.3.9 (/opt/ros/humble/share/rcl/cmake)
-- Found rosidl_generator_cpp: 3.1.5 (/opt/ros/humble/share/rosidl_generator_cpp/cmake)
-- Found rmw_fastrtps_cpp: 6.2.7 (/opt/ros/humble/share/rmw_fastrtps_cpp/cmake)
-- Found rosidl_adapter: 3.1.5 (/opt/ros/humble/share/rosidl_adapter/cmake)
-- Using all available rosidl_typesupport_c: rosidl_typesupport_microxrcedds_c;rosidl_typesupport_fastrtps_c;rosidl_typesupport_introspection_c
-- Found rosidl_generator_cpp: 3.1.5 (/opt/ros/humble/share/rosidl_generator_cpp/cmake)
-- Using all available rosidl_typesupport_cpp: rosidl_typesupport_microxrcedds_cpp;rosidl_typesupport_fastrtps_cpp;rosidl_typesupport_introspection_cpp
-- Using all available rosidl_typesupport_c: rosidl_typesupport_microxrcedds_c;rosidl_typesupport_fastrtps_c;rosidl_typesupport_introspection_c
-- Found rosidl_generator_c: 3.1.5 (/opt/ros/humble/share/rosidl_generator_c/cmake)
-- Found rosidl_adapter: 3.1.5 (/opt/ros/humble/share/rosidl_adapter/cmake)
-- Found rosidl_generator_cpp: 3.1.5 (/opt/ros/humble/share/rosidl_generator_cpp/cmake)
-- Found rosidl_generator_c: 3.1.5 (/opt/ros/humble/share/rosidl_generator_c/cmake)
-- Found rosidl_adapter: 3.1.5 (/opt/ros/humble/share/rosidl_adapter/cmake)
-- Using all available rosidl_typesupport_c: rosidl_typesupport_microxrcedds_c;rosidl_typesupport_fastrtps_c;rosidl_typesupport_introspection_c
-- Found rcl: 5.3.9 (/opt/ros/humble/share/rcl/cmake)
-- Found rosidl_generator_cpp: 3.1.5 (/opt/ros/humble/share/rosidl_generator_cpp/cmake)
-- Using all available rosidl_typesupport_cpp: rosidl_typesupport_microxrcedds_cpp;rosidl_typesupport_fastrtps_cpp;rosidl_typesupport_introspection_cpp
-- Found rmw_implementation_cmake: 6.1.2 (/opt/ros/humble/share/rmw_implementation_cmake/cmake)
-- Found rmw_fastrtps_cpp: 6.2.7 (/opt/ros/humble/share/rmw_fastrtps_cpp/cmake)
-- Using all available rosidl_typesupport_c: rosidl_typesupport_microxrcedds_c;rosidl_typesupport_fastrtps_c;rosidl_typesupport_introspection_c
-- Using all available rosidl_typesupport_cpp: rosidl_typesupport_microxrcedds_cpp;rosidl_typesupport_fastrtps_cpp;rosidl_typesupport_introspection_cpp
-- Found rcl: 5.3.9 (/opt/ros/humble/share/rcl/cmake)
-- Found rosidl_generator_c: 3.1.5 (/opt/ros/humble/share/rosidl_generator_c/cmake)
-- Found rosidl_adapter: 3.1.5 (/opt/ros/humble/share/rosidl_adapter/cmake)
-- Using all available rosidl_typesupport_cpp: rosidl_typesupport_microxrcedds_cpp;rosidl_typesupport_fastrtps_cpp;rosidl_typesupport_introspection_cpp
-- Found rosidl_generator_cpp: 3.1.5 (/opt/ros/humble/share/rosidl_generator_cpp/cmake)
-- Using all available rosidl_typesupport_c: rosidl_typesupport_microxrcedds_c;rosidl_typesupport_fastrtps_c;rosidl_typesupport_introspection_c
-- Found rmw_implementation_cmake: 6.1.2 (/opt/ros/humble/share/rmw_implementation_cmake/cmake)
-- Found rmw_fastrtps_cpp: 6.2.7 (/opt/ros/humble/share/rmw_fastrtps_cpp/cmake)
-- Found rmw_implementation_cmake: 6.1.2 (/opt/ros/humble/share/rmw_implementation_cmake/cmake)
-- Using all available rosidl_typesupport_cpp: rosidl_typesupport_microxrcedds_cpp;rosidl_typesupport_fastrtps_cpp;rosidl_typesupport_introspection_cpp
-- Found rosidl_generator_c: 3.1.5 (/opt/ros/humble/share/rosidl_generator_c/cmake)
-- Found rmw_implementation_cmake: 6.1.2 (/opt/ros/humble/share/rmw_implementation_cmake/cmake)
-- Found rmw_fastrtps_cpp: 6.2.7 (/opt/ros/humble/share/rmw_fastrtps_cpp/cmake)
-- Found rosidl_adapter: 3.1.5 (/opt/ros/humble/share/rosidl_adapter/cmake)
-- Found rmw_fastrtps_cpp: 6.2.7 (/opt/ros/humble/share/rmw_fastrtps_cpp/cmake)
-- Found rosidl_generator_cpp: 3.1.5 (/opt/ros/humble/share/rosidl_generator_cpp/cmake)
-- Using RMW implementation 'rmw_fastrtps_cpp' as default
-- Found rclc: 4.0.2 (/home/abdelrhaman/microros_ws/install/rclc/share/rclc/cmake)
-- Using all available rosidl_typesupport_c: rosidl_typesupport_microxrcedds_c;rosidl_typesupport_fastrtps_c;rosidl_typesupport_introspection_c
-- Found rmw_implementation_cmake: 6.1.2 (/opt/ros/humble/share/rmw_implementation_cmake/cmake)
-- Found rmw_fastrtps_cpp: 6.2.7 (/opt/ros/humble/share/rmw_fastrtps_cpp/cmake)
-- Found std_msgs: 4.2.4 (/home/abdelrhaman/microros_ws/install/std_msgs/share/std_msgs/cmake)
-- Using all available rosidl_typesupport_cpp: rosidl_typesupport_microxrcedds_cpp;rosidl_typesupport_fastrtps_cpp;rosidl_typesupport_introspection_cpp
-- Found rmw_microxrcedds: 3.0.3 (/home/abdelrhaman/microros_ws/install/rmw_microxrcedds/share/rmw_microxrcedds/cmake)
-- Configuring done
-- Using RMW implementation 'rmw_fastrtps_cpp' as default
-- Generating done
-- Build files have been written to: /home/abdelrhaman/microros_ws/build/micro_ros_demos_rclc/string_subscriber/src/string_subscriber-build
-- Found rclc: 4.0.2 (/home/abdelrhaman/microros_ws/install/rclc/share/rclc/cmake)
-- Using RMW implementation 'rmw_fastrtps_cpp' as default
-- Found rclc: 4.0.2 (/home/abdelrhaman/microros_ws/install/rclc/share/rclc/cmake)
-- Found std_msgs: 4.2.4 (/home/abdelrhaman/microros_ws/install/std_msgs/share/std_msgs/cmake)
-- Found rmw_implementation_cmake: 6.1.2 (/opt/ros/humble/share/rmw_implementation_cmake/cmake)
-- Using RMW implementation 'rmw_fastrtps_cpp' as default
[35m[1mConsolidate compiler generated dependencies of target string_subscriber[0m
-- Found rmw_fastrtps_cpp: 6.2.7 (/opt/ros/humble/share/rmw_fastrtps_cpp/cmake)
-- Found rmw_microxrcedds: 3.0.3 (/home/abdelrhaman/microros_ws/install/rmw_microxrcedds/share/rmw_microxrcedds/cmake)
-- Found rclc: 4.0.2 (/home/abdelrhaman/microros_ws/install/rclc/share/rclc/cmake)
-- Configuring done
[ 50%] [32mBuilding C object CMakeFiles/string_subscriber.dir/main.c.o[0m
-- Found visualization_msgs: 4.2.4 (/home/abdelrhaman/microros_ws/install/visualization_msgs/share/visualization_msgs/cmake)
-- Generating done
-- Build files have been written to: /home/abdelrhaman/microros_ws/build/micro_ros_demos_rclc/autodiscover_agent/src/autodiscover_agent-build
-- Using RMW implementation 'rmw_fastrtps_cpp' as default
-- Using RMW implementation 'rmw_fastrtps_cpp' as default
-- Found rclc: 4.0.2 (/home/abdelrhaman/microros_ws/install/rclc/share/rclc/cmake)
-- Found rclc: 4.0.2 (/home/abdelrhaman/microros_ws/install/rclc/share/rclc/cmake)
-- Found std_msgs: 4.2.4 (/home/abdelrhaman/microros_ws/install/std_msgs/share/std_msgs/cmake)
[35m[1mConsolidate compiler generated dependencies of target autodiscover_agent[0m
-- Found rclc_parameter: 4.0.2 (/home/abdelrhaman/microros_ws/install/rclc_parameter/share/rclc_parameter/cmake)
-- Found std_msgs: 4.2.4 (/home/abdelrhaman/microros_ws/install/std_msgs/share/std_msgs/cmake)
-- Found rmw_microxrcedds: 3.0.3 (/home/abdelrhaman/microros_ws/install/rmw_microxrcedds/share/rmw_microxrcedds/cmake)
-- Found std_msgs: 4.2.4 (/home/abdelrhaman/microros_ws/install/std_msgs/share/std_msgs/cmake)
-- Found rmw_microxrcedds: 3.0.3 (/home/abdelrhaman/microros_ws/install/rmw_microxrcedds/share/rmw_microxrcedds/cmake)
-- Configuring done
-- Found rmw_microxrcedds: 3.0.3 (/home/abdelrhaman/microros_ws/install/rmw_microxrcedds/share/rmw_microxrcedds/cmake)
[100%] [32m[1mLinking C executable string_subscriber[0m
[ 50%] [32mBuilding C object CMakeFiles/autodiscover_agent.dir/main.c.o[0m
-- Generating done
-- Configuring done
-- Build files have been written to: /home/abdelrhaman/microros_ws/build/micro_ros_demos_rclc/parameter_server/src/parameter_server-build
-- Configuring done
-- Generating done
-- Build files have been written to: /home/abdelrhaman/microros_ws/build/micro_ros_demos_rclc/string_publisher/src/string_publisher-build
-- Generating done
-- Build files have been written to: /home/abdelrhaman/microros_ws/build/micro_ros_demos_rclc/epoch_synchronization/src/epoch_synchronization-build
[35m[1mConsolidate compiler generated dependencies of target parameter_server[0m
[35m[1mConsolidate compiler generated dependencies of target epoch_synchronization[0m
[35m[1mConsolidate compiler generated dependencies of target string_publisher[0m
-- Using RMW implementation 'rmw_fastrtps_cpp' as default
-- Found rmw_microxrcedds: 3.0.3 (/home/abdelrhaman/microros_ws/install/rmw_microxrcedds/share/rmw_microxrcedds/cmake)
[ 50%] [32mBuilding C object CMakeFiles/parameter_server.dir/main.c.o[0m
-- Found rclc: 4.0.2 (/home/abdelrhaman/microros_ws/install/rclc/share/rclc/cmake)
-- Found micro_ros_utilities: 3.0.2 (/home/abdelrhaman/microros_ws/install/micro_ros_utilities/share/micro_ros_utilities/cmake)
[ 50%] [32mBuilding C object CMakeFiles/string_publisher.dir/main.c.o[0m
[ 50%] [32mBuilding C object CMakeFiles/epoch_synchronization.dir/main.c.o[0m
[100%] [32m[1mLinking C executable autodiscover_agent[0m
-- Configuring done
-- Found std_msgs: 4.2.4 (/home/abdelrhaman/microros_ws/install/std_msgs/share/std_msgs/cmake)
-- Found rmw_microxrcedds: 3.0.3 (/home/abdelrhaman/microros_ws/install/rmw_microxrcedds/share/rmw_microxrcedds/cmake)
-- Generating done
-- Build files have been written to: /home/abdelrhaman/microros_ws/build/micro_ros_demos_rclc/static_type_handling/src/static_type_handling-build
-- Found micro_ros_utilities: 3.0.2 (/home/abdelrhaman/microros_ws/install/micro_ros_utilities/share/micro_ros_utilities/cmake)
[100%] Built target string_subscriber
-- Configuring done
[100%] [32m[1mLinking C executable epoch_synchronization[0m
[100%] [32m[1mLinking C executable string_publisher[0m
[ 77%] [34m[1mPerforming install step for 'string_subscriber'[0m
[35m[1mConsolidate compiler generated dependencies of target static_type_handling[0m
-- Generating done
-- Build files have been written to: /home/abdelrhaman/microros_ws/build/micro_ros_demos_rclc/multithread_publisher_subscriber/src/multithread_publisher_subscriber-build
[100%] [32m[1mLinking C executable parameter_server[0m
[ 50%] [32m[1mLinking C executable static_type_handling[0m
[100%] Built target autodiscover_agent
[35m[1mConsolidate compiler generated dependencies of target multithread_publisher_subscriber[0m
[35m[1mConsolidate compiler generated dependencies of target string_subscriber[0m
[ 77%] [34m[1mPerforming install step for 'autodiscover_agent'[0m
[100%] Built target string_subscriber
[ 50%] [32mBuilding C object CMakeFiles/multithread_publisher_subscriber.dir/main.c.o[0m
[100%] Built target epoch_synchronization
[100%] Built target string_publisher
[36mInstall the project...[0m
[ 78%] [34m[1mPerforming install step for 'epoch_synchronization'[0m
-- Install configuration: ""
-- Installing: /home/abdelrhaman/microros_ws/build/micro_ros_demos_rclc/temp_install/string_subscriber/string_subscriber
-- Set runtime path of "/home/abdelrhaman/microros_ws/build/micro_ros_demos_rclc/temp_install/string_subscriber/string_subscriber" to ""
[35m[1mConsolidate compiler generated dependencies of target autodiscover_agent[0m
[ 78%] [34m[1mPerforming install step for 'string_publisher'[0m
[100%] Built target autodiscover_agent
[ 79%] [34m[1mCompleted 'string_subscriber'[0m
[100%] Built target static_type_handling
[100%] [32m[1mLinking C executable multithread_publisher_subscriber[0m
[35m[1mConsolidate compiler generated dependencies of target epoch_synchronization[0m
[100%] Built target parameter_server
[36mInstall the project...[0m
[35m[1mConsolidate compiler generated dependencies of target string_publisher[0m
[100%] Built target epoch_synchronization
[ 79%] [34m[1mPerforming install step for 'parameter_server'[0m
-- Install configuration: ""
-- Installing: /home/abdelrhaman/microros_ws/build/micro_ros_demos_rclc/temp_install/autodiscover_agent/autodiscover_agent
[ 79%] [34m[1mPerforming install step for 'static_type_handling'[0m
-- Set runtime path of "/home/abdelrhaman/microros_ws/build/micro_ros_demos_rclc/temp_install/autodiscover_agent/autodiscover_agent" to ""
[ 81%] Built target string_subscriber
[100%] Built target string_publisher
[ 81%] [34m[1mCompleted 'autodiscover_agent'[0m
[36mInstall the project...[0m
[36mInstall the project...[0m
-- Install configuration: ""
-- Installing: /home/abdelrhaman/microros_ws/build/micro_ros_demos_rclc/temp_install/epoch_synchronization/epoch_synchronization
-- Set runtime path of "/home/abdelrhaman/microros_ws/build/micro_ros_demos_rclc/temp_install/epoch_synchronization/epoch_synchronization" to ""
[35m[1mConsolidate compiler generated dependencies of target parameter_server[0m
-- Install configuration: ""
-- Installing: /home/abdelrhaman/microros_ws/build/micro_ros_demos_rclc/temp_install/string_publisher/string_publisher
-- Set runtime path of "/home/abdelrhaman/microros_ws/build/micro_ros_demos_rclc/temp_install/string_publisher/string_publisher" to ""
[ 82%] [34m[1mCompleted 'epoch_synchronization'[0m
[100%] Built target multithread_publisher_subscriber
[100%] Built target parameter_server
[ 82%] [34m[1mCompleted 'string_publisher'[0m
[ 85%] Built target autodiscover_agent
[100%] Built target static_type_handling
[ 86%] [34m[1mPerforming install step for 'multithread_publisher_subscriber'[0m
[36mInstall the project...[0m
[36mInstall the project...[0m
[ 88%] Built target epoch_synchronization
-- Install configuration: ""
-- Installing: /home/abdelrhaman/microros_ws/build/micro_ros_demos_rclc/temp_install/static_type_handling/static_type_handling
-- Set runtime path of "/home/abdelrhaman/microros_ws/build/micro_ros_demos_rclc/temp_install/static_type_handling/static_type_handling" to ""
-- Install configuration: ""
-- Installing: /home/abdelrhaman/microros_ws/build/micro_ros_demos_rclc/temp_install/parameter_server/parameter_server
-- Set runtime path of "/home/abdelrhaman/microros_ws/build/micro_ros_demos_rclc/temp_install/parameter_server/parameter_server" to ""
[ 90%] Built target string_publisher
[ 91%] [34m[1mCompleted 'parameter_server'[0m
[ 91%] [34m[1mCompleted 'static_type_handling'[0m
[35m[1mConsolidate compiler generated dependencies of target multithread_publisher_subscriber[0m
[100%] Built target multithread_publisher_subscriber
[ 94%] Built target parameter_server
[36mInstall the project...[0m
[ 97%] Built target static_type_handling
-- Install configuration: ""
-- Installing: /home/abdelrhaman/microros_ws/build/micro_ros_demos_rclc/temp_install/multithread_publisher_subscriber/multithread_publisher_subscriber
-- Set runtime path of "/home/abdelrhaman/microros_ws/build/micro_ros_demos_rclc/temp_install/multithread_publisher_subscriber/multithread_publisher_subscriber" to ""
[ 98%] [34m[1mCompleted 'multithread_publisher_subscriber'[0m
[100%] Built target multithread_publisher_subscriber
-- Install configuration: ""
-- Up-to-date: /home/abdelrhaman/microros_ws/install/micro_ros_demos_rclc/lib/micro_ros_demos_rclc
-- Up-to-date: /home/abdelrhaman/microros_ws/install/micro_ros_demos_rclc/lib/micro_ros_demos_rclc/multithread_publisher_subscriber
-- Installing: /home/abdelrhaman/microros_ws/install/micro_ros_demos_rclc/lib/micro_ros_demos_rclc/multithread_publisher_subscriber/multithread_publisher_subscriber
-- Up-to-date: /home/abdelrhaman/microros_ws/install/micro_ros_demos_rclc/lib/micro_ros_demos_rclc/addtwoints_server
-- Installing: /home/abdelrhaman/microros_ws/install/micro_ros_demos_rclc/lib/micro_ros_demos_rclc/addtwoints_server/addtwoints_server
-- Up-to-date: /home/abdelrhaman/microros_ws/install/micro_ros_demos_rclc/lib/micro_ros_demos_rclc/complex_msg_publisher
-- Installing: /home/abdelrhaman/microros_ws/install/micro_ros_demos_rclc/lib/micro_ros_demos_rclc/complex_msg_publisher/complex_msg_publisher
-- Up-to-date: /home/abdelrhaman/microros_ws/install/micro_ros_demos_rclc/lib/micro_ros_demos_rclc/epoch_synchronization
-- Installing: /home/abdelrhaman/microros_ws/install/micro_ros_demos_rclc/lib/micro_ros_demos_rclc/epoch_synchronization/epoch_synchronization
-- Up-to-date: /home/abdelrhaman/microros_ws/install/micro_ros_demos_rclc/lib/micro_ros_demos_rclc/subscription_count
-- Installing: /home/abdelrhaman/microros_ws/install/micro_ros_demos_rclc/lib/micro_ros_demos_rclc/subscription_count/subscription_count
-- Up-to-date: /home/abdelrhaman/microros_ws/install/micro_ros_demos_rclc/lib/micro_ros_demos_rclc/ping_pong
-- Installing: /home/abdelrhaman/microros_ws/install/micro_ros_demos_rclc/lib/micro_ros_demos_rclc/ping_pong/ping_pong
-- Up-to-date: /home/abdelrhaman/microros_ws/install/micro_ros_demos_rclc/lib/micro_ros_demos_rclc/parameter_server
-- Installing: /home/abdelrhaman/microros_ws/install/micro_ros_demos_rclc/lib/micro_ros_demos_rclc/parameter_server/parameter_server
-- Up-to-date: /home/abdelrhaman/microros_ws/install/micro_ros_demos_rclc/lib/micro_ros_demos_rclc/ping_uros_agent
-- Installing: /home/abdelrhaman/microros_ws/install/micro_ros_demos_rclc/lib/micro_ros_demos_rclc/ping_uros_agent/ping_uros_agent
-- Up-to-date: /home/abdelrhaman/microros_ws/install/micro_ros_demos_rclc/lib/micro_ros_demos_rclc/int32_multinode
-- Installing: /home/abdelrhaman/microros_ws/install/micro_ros_demos_rclc/lib/micro_ros_demos_rclc/int32_multinode/int32_multinode
-- Up-to-date: /home/abdelrhaman/microros_ws/install/micro_ros_demos_rclc/lib/micro_ros_demos_rclc/timer
-- Installing: /home/abdelrhaman/microros_ws/install/micro_ros_demos_rclc/lib/micro_ros_demos_rclc/timer/timer
-- Up-to-date: /home/abdelrhaman/microros_ws/install/micro_ros_demos_rclc/lib/micro_ros_demos_rclc/string_publisher
-- Installing: /home/abdelrhaman/microros_ws/install/micro_ros_demos_rclc/lib/micro_ros_demos_rclc/string_publisher/string_publisher
-- Up-to-date: /home/abdelrhaman/microros_ws/install/micro_ros_demos_rclc/lib/micro_ros_demos_rclc/static_type_handling
-- Installing: /home/abdelrhaman/microros_ws/install/micro_ros_demos_rclc/lib/micro_ros_demos_rclc/static_type_handling/static_type_handling
-- Up-to-date: /home/abdelrhaman/microros_ws/install/micro_ros_demos_rclc/lib/micro_ros_demos_rclc/fragmented_publication
-- Installing: /home/abdelrhaman/microros_ws/install/micro_ros_demos_rclc/lib/micro_ros_demos_rclc/fragmented_publication/fragmented_publication
-- Up-to-date: /home/abdelrhaman/microros_ws/install/micro_ros_demos_rclc/lib/micro_ros_demos_rclc/publisher_count
-- Installing: /home/abdelrhaman/microros_ws/install/micro_ros_demos_rclc/lib/micro_ros_demos_rclc/publisher_count/publisher_count
-- Up-to-date: /home/abdelrhaman/microros_ws/install/micro_ros_demos_rclc/lib/micro_ros_demos_rclc/fibonacci_action_server
-- Installing: /home/abdelrhaman/microros_ws/install/micro_ros_demos_rclc/lib/micro_ros_demos_rclc/fibonacci_action_server/fibonacci_action_server
-- Up-to-date: /home/abdelrhaman/microros_ws/install/micro_ros_demos_rclc/lib/micro_ros_demos_rclc/fragmented_subscription
-- Installing: /home/abdelrhaman/microros_ws/install/micro_ros_demos_rclc/lib/micro_ros_demos_rclc/fragmented_subscription/fragmented_subscription
-- Up-to-date: /home/abdelrhaman/microros_ws/install/micro_ros_demos_rclc/lib/micro_ros_demos_rclc/configured_subscriber
-- Installing: /home/abdelrhaman/microros_ws/install/micro_ros_demos_rclc/lib/micro_ros_demos_rclc/configured_subscriber/configured_subscriber
-- Up-to-date: /home/abdelrhaman/microros_ws/install/micro_ros_demos_rclc/lib/micro_ros_demos_rclc/addtwoints_client
-- Installing: /home/abdelrhaman/microros_ws/install/micro_ros_demos_rclc/lib/micro_ros_demos_rclc/addtwoints_client/addtwoints_client
-- Up-to-date: /home/abdelrhaman/microros_ws/install/micro_ros_demos_rclc/lib/micro_ros_demos_rclc/int32_subscriber
-- Installing: /home/abdelrhaman/microros_ws/install/micro_ros_demos_rclc/lib/micro_ros_demos_rclc/int32_subscriber/int32_subscriber
-- Up-to-date: /home/abdelrhaman/microros_ws/install/micro_ros_demos_rclc/lib/micro_ros_demos_rclc/configured_publisher
-- Installing: /home/abdelrhaman/microros_ws/install/micro_ros_demos_rclc/lib/micro_ros_demos_rclc/configured_publisher/configured_publisher
-- Up-to-date: /home/abdelrhaman/microros_ws/install/micro_ros_demos_rclc/lib/micro_ros_demos_rclc/fibonacci_action_client
-- Installing: /home/abdelrhaman/microros_ws/install/micro_ros_demos_rclc/lib/micro_ros_demos_rclc/fibonacci_action_client/fibonacci_action_client
-- Up-to-date: /home/abdelrhaman/microros_ws/install/micro_ros_demos_rclc/lib/micro_ros_demos_rclc/string_subscriber
-- Installing: /home/abdelrhaman/microros_ws/install/micro_ros_demos_rclc/lib/micro_ros_demos_rclc/string_subscriber/string_subscriber
-- Up-to-date: /home/abdelrhaman/microros_ws/install/micro_ros_demos_rclc/lib/micro_ros_demos_rclc/int32_publisher
-- Installing: /home/abdelrhaman/microros_ws/install/micro_ros_demos_rclc/lib/micro_ros_demos_rclc/int32_publisher/int32_publisher
-- Up-to-date: /home/abdelrhaman/microros_ws/install/micro_ros_demos_rclc/lib/micro_ros_demos_rclc/autodiscover_agent
-- Installing: /home/abdelrhaman/microros_ws/install/micro_ros_demos_rclc/lib/micro_ros_demos_rclc/autodiscover_agent/autodiscover_agent
-- Up-to-date: /home/abdelrhaman/microros_ws/install/micro_ros_demos_rclc/lib/micro_ros_demos_rclc/int32_publisher_subscriber
-- Installing: /home/abdelrhaman/microros_ws/install/micro_ros_demos_rclc/lib/micro_ros_demos_rclc/int32_publisher_subscriber/int32_publisher_subscriber
-- Up-to-date: /home/abdelrhaman/microros_ws/install/micro_ros_demos_rclc/lib/micro_ros_demos_rclc/complex_msg_subscriber
-- Installing: /home/abdelrhaman/microros_ws/install/micro_ros_demos_rclc/lib/micro_ros_demos_rclc/complex_msg_subscriber/complex_msg_subscriber
-- Up-to-date: /home/abdelrhaman/microros_ws/install/micro_ros_demos_rclc/lib/micro_ros_demos_rclc/graph_visualizer
-- Installing: /home/abdelrhaman/microros_ws/install/micro_ros_demos_rclc/lib/micro_ros_demos_rclc/graph_visualizer/graph_visualizer
-- Up-to-date: /home/abdelrhaman/microros_ws/install/micro_ros_demos_rclc/share/ament_index/resource_index/package_run_dependencies/micro_ros_demos_rclc
-- Installing: /home/abdelrhaman/microros_ws/install/micro_ros_demos_rclc/share/ament_index/resource_index/parent_prefix_path/micro_ros_demos_rclc
-- Up-to-date: /home/abdelrhaman/microros_ws/install/micro_ros_demos_rclc/share/micro_ros_demos_rclc/environment/ament_prefix_path.sh
-- Installing: /home/abdelrhaman/microros_ws/install/micro_ros_demos_rclc/share/micro_ros_demos_rclc/environment/ament_prefix_path.dsv
-- Up-to-date: /home/abdelrhaman/microros_ws/install/micro_ros_demos_rclc/share/micro_ros_demos_rclc/environment/path.sh
-- Installing: /home/abdelrhaman/microros_ws/install/micro_ros_demos_rclc/share/micro_ros_demos_rclc/environment/path.dsv
-- Up-to-date: /home/abdelrhaman/microros_ws/install/micro_ros_demos_rclc/share/micro_ros_demos_rclc/local_setup.bash
-- Up-to-date: /home/abdelrhaman/microros_ws/install/micro_ros_demos_rclc/share/micro_ros_demos_rclc/local_setup.sh
-- Up-to-date: /home/abdelrhaman/microros_ws/install/micro_ros_demos_rclc/share/micro_ros_demos_rclc/local_setup.zsh
-- Installing: /home/abdelrhaman/microros_ws/install/micro_ros_demos_rclc/share/micro_ros_demos_rclc/local_setup.dsv
-- Installing: /home/abdelrhaman/microros_ws/install/micro_ros_demos_rclc/share/micro_ros_demos_rclc/package.dsv
-- Up-to-date: /home/abdelrhaman/microros_ws/install/micro_ros_demos_rclc/share/ament_index/resource_index/packages/micro_ros_demos_rclc
-- Up-to-date: /home/abdelrhaman/microros_ws/install/micro_ros_demos_rclc/share/micro_ros_demos_rclc/cmake/micro_ros_demos_rclcConfig.cmake
-- Up-to-date: /home/abdelrhaman/microros_ws/install/micro_ros_demos_rclc/share/micro_ros_demos_rclc/cmake/micro_ros_demos_rclcConfig-version.cmake
-- Up-to-date: /home/abdelrhaman/microros_ws/install/micro_ros_demos_rclc/share/micro_ros_demos_rclc/package.xml
