[0.016s] Invoking command in '/home/abdelrhaman/microros_ws/build/composition_interfaces': CMAKE_PREFIX_PATH=/home/abdelrhaman/microros_ws/install/rcl_interfaces:/home/abdelrhaman/microros_ws/install/builtin_interfaces:/home/abdelrhaman/microros_ws/install/micro_ros_demos_rclc:/home/abdelrhaman/microros_ws/install/common_interfaces:/home/abdelrhaman/microros_ws/install/visualization_msgs:/home/abdelrhaman/microros_ws/install/test_msgs:/home/abdelrhaman/microros_ws/install/example_interfaces:/home/abdelrhaman/microros_ws/install/action_msgs:/home/abdelrhaman/microros_ws/install/unique_identifier_msgs:/home/abdelrhaman/microros_ws/install/trajectory_msgs:/home/abdelrhaman/microros_ws/install/stereo_msgs:/home/abdelrhaman/microros_ws/install/std_srvs:/home/abdelrhaman/microros_ws/install/shape_msgs:/home/abdelrhaman/microros_ws/install/sensor_msgs:/home/abdelrhaman/microros_ws/install/nav_msgs:/home/abdelrhaman/microros_ws/install/diagnostic_msgs:/home/abdelrhaman/microros_ws/install/geometry_msgs:/home/abdelrhaman/microros_ws/install/actionlib_msgs:/home/abdelrhaman/microros_ws/install/std_msgs:/home/abdelrhaman/microros_ws/install/statistics_msgs:/home/abdelrhaman/microros_ws/install/rosidl_typesupport_microxrcedds_test_msg:/home/abdelrhaman/microros_ws/install/rosidl_typesupport_microxrcedds_cpp_tests:/home/abdelrhaman/microros_ws/install/rmw_microxrcedds:/home/abdelrhaman/microros_ws/install/rosidl_typesupport_microxrcedds_cpp:/home/abdelrhaman/microros_ws/install/rosidl_typesupport_microxrcedds_c_tests:/home/abdelrhaman/microros_ws/install/rosidl_typesupport_microxrcedds_c:/home/abdelrhaman/microros_ws/install/rosgraph_msgs:/home/abdelrhaman/microros_ws/install/rclc_parameter:/home/abdelrhaman/microros_ws/install/rclc:/home/abdelrhaman/microros_ws/install/composition_interfaces:/home/abdelrhaman/microros_ws/install/microxrcedds_client:/home/abdelrhaman/microros_ws/install/microcdr:/home/abdelrhaman/microros_ws/install/micro_ros_utilities:/home/abdelrhaman/microros_ws/install/micro_ros_setup:/home/abdelrhaman/microros_ws/install/micro_ros_agent:/home/abdelrhaman/microros_ws/install/micro_ros_msgs:/home/abdelrhaman/microros_ws/install/lifecycle_msgs:/home/abdelrhaman/microros_ws/install/complex_msgs:/home/abdelrhaman/microros_ws/install/sensor_msgs_py:/home/abdelrhaman/ros/install/my_robot_controller:/opt/ros/humble LD_LIBRARY_PATH=/home/abdelrhaman/microros_ws/install/rcl_interfaces/lib:/home/abdelrhaman/microros_ws/install/builtin_interfaces/lib:/home/abdelrhaman/microros_ws/install/visualization_msgs/lib:/home/abdelrhaman/microros_ws/install/test_msgs/lib:/home/abdelrhaman/microros_ws/install/example_interfaces/lib:/home/abdelrhaman/microros_ws/install/action_msgs/lib:/home/abdelrhaman/microros_ws/install/unique_identifier_msgs/lib:/home/abdelrhaman/microros_ws/install/trajectory_msgs/lib:/home/abdelrhaman/microros_ws/install/stereo_msgs/lib:/home/abdelrhaman/microros_ws/install/std_srvs/lib:/home/abdelrhaman/microros_ws/install/shape_msgs/lib:/home/abdelrhaman/microros_ws/install/sensor_msgs/lib:/home/abdelrhaman/microros_ws/install/nav_msgs/lib:/home/abdelrhaman/microros_ws/install/diagnostic_msgs/lib:/home/abdelrhaman/microros_ws/install/geometry_msgs/lib:/home/abdelrhaman/microros_ws/install/actionlib_msgs/lib:/home/abdelrhaman/microros_ws/install/std_msgs/lib:/home/abdelrhaman/microros_ws/install/statistics_msgs/lib:/home/abdelrhaman/microros_ws/install/rmw_microxrcedds/lib:/home/abdelrhaman/microros_ws/install/rosidl_typesupport_microxrcedds_cpp/lib:/home/abdelrhaman/microros_ws/install/rosidl_typesupport_microxrcedds_c/lib:/home/abdelrhaman/microros_ws/install/rosgraph_msgs/lib:/home/abdelrhaman/microros_ws/install/rclc_parameter/lib:/home/abdelrhaman/microros_ws/install/rclc/lib:/home/abdelrhaman/microros_ws/install/composition_interfaces/lib:/home/abdelrhaman/microros_ws/install/microxrcedds_client/lib:/home/abdelrhaman/microros_ws/install/microcdr/lib:/home/abdelrhaman/microros_ws/install/micro_ros_utilities/lib:/home/abdelrhaman/microros_ws/install/micro_ros_agent/lib:/home/abdelrhaman/microros_ws/install/micro_ros_msgs/lib:/home/abdelrhaman/microros_ws/install/lifecycle_msgs/lib:/home/abdelrhaman/microros_ws/install/complex_msgs/lib:/opt/ros/humble/opt/rviz_ogre_vendor/lib:/opt/ros/humble/lib/x86_64-linux-gnu:/opt/ros/humble/lib /usr/bin/cmake /home/abdelrhaman/microros_ws/src/ros2/rcl_interfaces/composition_interfaces -DBUILD_TESTING=OFF -DBUILD_SHARED_LIBS=ON -DCMAKE_INSTALL_PREFIX=/home/abdelrhaman/microros_ws/install/composition_interfaces
[0.031s] -- Found ament_cmake: 1.3.10 (/opt/ros/humble/share/ament_cmake/cmake)
[0.160s] -- Found rosidl_default_generators: 1.2.0 (/opt/ros/humble/share/rosidl_default_generators/cmake)
[0.164s] -- Using all available rosidl_typesupport_c: rosidl_typesupport_microxrcedds_c;rosidl_typesupport_fastrtps_c;rosidl_typesupport_introspection_c
[0.166s] -- Found rosidl_adapter: 3.1.5 (/opt/ros/humble/share/rosidl_adapter/cmake)
[0.191s] -- Using all available rosidl_typesupport_cpp: rosidl_typesupport_microxrcedds_cpp;rosidl_typesupport_fastrtps_cpp;rosidl_typesupport_introspection_cpp
[0.208s] -- Found rcl_interfaces: 1.2.1 (/home/abdelrhaman/microros_ws/install/rcl_interfaces/share/rcl_interfaces/cmake)
[0.510s] -- Found ament_cmake_ros: 0.10.0 (/opt/ros/humble/share/ament_cmake_ros/cmake)
[0.830s] -- Using all available rosidl_typesupport_c: rosidl_typesupport_microxrcedds_c;rosidl_typesupport_fastrtps_c;rosidl_typesupport_introspection_c
[1.290s] -- Using all available rosidl_typesupport_cpp: rosidl_typesupport_microxrcedds_cpp;rosidl_typesupport_fastrtps_cpp;rosidl_typesupport_introspection_cpp
[1.339s] -- Found python_cmake_module: 0.10.0 (/opt/ros/humble/share/python_cmake_module/cmake)
[1.399s] -- Using PYTHON_EXECUTABLE: /usr/bin/python3
[1.399s] -- Using PYTHON_INCLUDE_DIRS: /usr/include/python3.10
[1.399s] -- Using PYTHON_LIBRARIES: /usr/lib/x86_64-linux-gnu/libpython3.10.so
[1.565s] -- Configuring done
[1.696s] -- Generating done
[1.709s] -- Build files have been written to: /home/abdelrhaman/microros_ws/build/composition_interfaces
[1.743s] Invoked command in '/home/abdelrhaman/microros_ws/build/composition_interfaces' returned '0': CMAKE_PREFIX_PATH=/home/abdelrhaman/microros_ws/install/rcl_interfaces:/home/abdelrhaman/microros_ws/install/builtin_interfaces:/home/abdelrhaman/microros_ws/install/micro_ros_demos_rclc:/home/abdelrhaman/microros_ws/install/common_interfaces:/home/abdelrhaman/microros_ws/install/visualization_msgs:/home/abdelrhaman/microros_ws/install/test_msgs:/home/abdelrhaman/microros_ws/install/example_interfaces:/home/abdelrhaman/microros_ws/install/action_msgs:/home/abdelrhaman/microros_ws/install/unique_identifier_msgs:/home/abdelrhaman/microros_ws/install/trajectory_msgs:/home/abdelrhaman/microros_ws/install/stereo_msgs:/home/abdelrhaman/microros_ws/install/std_srvs:/home/abdelrhaman/microros_ws/install/shape_msgs:/home/abdelrhaman/microros_ws/install/sensor_msgs:/home/abdelrhaman/microros_ws/install/nav_msgs:/home/abdelrhaman/microros_ws/install/diagnostic_msgs:/home/abdelrhaman/microros_ws/install/geometry_msgs:/home/abdelrhaman/microros_ws/install/actionlib_msgs:/home/abdelrhaman/microros_ws/install/std_msgs:/home/abdelrhaman/microros_ws/install/statistics_msgs:/home/abdelrhaman/microros_ws/install/rosidl_typesupport_microxrcedds_test_msg:/home/abdelrhaman/microros_ws/install/rosidl_typesupport_microxrcedds_cpp_tests:/home/abdelrhaman/microros_ws/install/rmw_microxrcedds:/home/abdelrhaman/microros_ws/install/rosidl_typesupport_microxrcedds_cpp:/home/abdelrhaman/microros_ws/install/rosidl_typesupport_microxrcedds_c_tests:/home/abdelrhaman/microros_ws/install/rosidl_typesupport_microxrcedds_c:/home/abdelrhaman/microros_ws/install/rosgraph_msgs:/home/abdelrhaman/microros_ws/install/rclc_parameter:/home/abdelrhaman/microros_ws/install/rclc:/home/abdelrhaman/microros_ws/install/composition_interfaces:/home/abdelrhaman/microros_ws/install/microxrcedds_client:/home/abdelrhaman/microros_ws/install/microcdr:/home/abdelrhaman/microros_ws/install/micro_ros_utilities:/home/abdelrhaman/microros_ws/install/micro_ros_setup:/home/abdelrhaman/microros_ws/install/micro_ros_agent:/home/abdelrhaman/microros_ws/install/micro_ros_msgs:/home/abdelrhaman/microros_ws/install/lifecycle_msgs:/home/abdelrhaman/microros_ws/install/complex_msgs:/home/abdelrhaman/microros_ws/install/sensor_msgs_py:/home/abdelrhaman/ros/install/my_robot_controller:/opt/ros/humble LD_LIBRARY_PATH=/home/abdelrhaman/microros_ws/install/rcl_interfaces/lib:/home/abdelrhaman/microros_ws/install/builtin_interfaces/lib:/home/abdelrhaman/microros_ws/install/visualization_msgs/lib:/home/abdelrhaman/microros_ws/install/test_msgs/lib:/home/abdelrhaman/microros_ws/install/example_interfaces/lib:/home/abdelrhaman/microros_ws/install/action_msgs/lib:/home/abdelrhaman/microros_ws/install/unique_identifier_msgs/lib:/home/abdelrhaman/microros_ws/install/trajectory_msgs/lib:/home/abdelrhaman/microros_ws/install/stereo_msgs/lib:/home/abdelrhaman/microros_ws/install/std_srvs/lib:/home/abdelrhaman/microros_ws/install/shape_msgs/lib:/home/abdelrhaman/microros_ws/install/sensor_msgs/lib:/home/abdelrhaman/microros_ws/install/nav_msgs/lib:/home/abdelrhaman/microros_ws/install/diagnostic_msgs/lib:/home/abdelrhaman/microros_ws/install/geometry_msgs/lib:/home/abdelrhaman/microros_ws/install/actionlib_msgs/lib:/home/abdelrhaman/microros_ws/install/std_msgs/lib:/home/abdelrhaman/microros_ws/install/statistics_msgs/lib:/home/abdelrhaman/microros_ws/install/rmw_microxrcedds/lib:/home/abdelrhaman/microros_ws/install/rosidl_typesupport_microxrcedds_cpp/lib:/home/abdelrhaman/microros_ws/install/rosidl_typesupport_microxrcedds_c/lib:/home/abdelrhaman/microros_ws/install/rosgraph_msgs/lib:/home/abdelrhaman/microros_ws/install/rclc_parameter/lib:/home/abdelrhaman/microros_ws/install/rclc/lib:/home/abdelrhaman/microros_ws/install/composition_interfaces/lib:/home/abdelrhaman/microros_ws/install/microxrcedds_client/lib:/home/abdelrhaman/microros_ws/install/microcdr/lib:/home/abdelrhaman/microros_ws/install/micro_ros_utilities/lib:/home/abdelrhaman/microros_ws/install/micro_ros_agent/lib:/home/abdelrhaman/microros_ws/install/micro_ros_msgs/lib:/home/abdelrhaman/microros_ws/install/lifecycle_msgs/lib:/home/abdelrhaman/microros_ws/install/complex_msgs/lib:/opt/ros/humble/opt/rviz_ogre_vendor/lib:/opt/ros/humble/lib/x86_64-linux-gnu:/opt/ros/humble/lib /usr/bin/cmake /home/abdelrhaman/microros_ws/src/ros2/rcl_interfaces/composition_interfaces -DBUILD_TESTING=OFF -DBUILD_SHARED_LIBS=ON -DCMAKE_INSTALL_PREFIX=/home/abdelrhaman/microros_ws/install/composition_interfaces
[1.743s] Invoking command in '/home/abdelrhaman/microros_ws/build/composition_interfaces': CMAKE_PREFIX_PATH=/home/abdelrhaman/microros_ws/install/rcl_interfaces:/home/abdelrhaman/microros_ws/install/builtin_interfaces:/home/abdelrhaman/microros_ws/install/micro_ros_demos_rclc:/home/abdelrhaman/microros_ws/install/common_interfaces:/home/abdelrhaman/microros_ws/install/visualization_msgs:/home/abdelrhaman/microros_ws/install/test_msgs:/home/abdelrhaman/microros_ws/install/example_interfaces:/home/abdelrhaman/microros_ws/install/action_msgs:/home/abdelrhaman/microros_ws/install/unique_identifier_msgs:/home/abdelrhaman/microros_ws/install/trajectory_msgs:/home/abdelrhaman/microros_ws/install/stereo_msgs:/home/abdelrhaman/microros_ws/install/std_srvs:/home/abdelrhaman/microros_ws/install/shape_msgs:/home/abdelrhaman/microros_ws/install/sensor_msgs:/home/abdelrhaman/microros_ws/install/nav_msgs:/home/abdelrhaman/microros_ws/install/diagnostic_msgs:/home/abdelrhaman/microros_ws/install/geometry_msgs:/home/abdelrhaman/microros_ws/install/actionlib_msgs:/home/abdelrhaman/microros_ws/install/std_msgs:/home/abdelrhaman/microros_ws/install/statistics_msgs:/home/abdelrhaman/microros_ws/install/rosidl_typesupport_microxrcedds_test_msg:/home/abdelrhaman/microros_ws/install/rosidl_typesupport_microxrcedds_cpp_tests:/home/abdelrhaman/microros_ws/install/rmw_microxrcedds:/home/abdelrhaman/microros_ws/install/rosidl_typesupport_microxrcedds_cpp:/home/abdelrhaman/microros_ws/install/rosidl_typesupport_microxrcedds_c_tests:/home/abdelrhaman/microros_ws/install/rosidl_typesupport_microxrcedds_c:/home/abdelrhaman/microros_ws/install/rosgraph_msgs:/home/abdelrhaman/microros_ws/install/rclc_parameter:/home/abdelrhaman/microros_ws/install/rclc:/home/abdelrhaman/microros_ws/install/composition_interfaces:/home/abdelrhaman/microros_ws/install/microxrcedds_client:/home/abdelrhaman/microros_ws/install/microcdr:/home/abdelrhaman/microros_ws/install/micro_ros_utilities:/home/abdelrhaman/microros_ws/install/micro_ros_setup:/home/abdelrhaman/microros_ws/install/micro_ros_agent:/home/abdelrhaman/microros_ws/install/micro_ros_msgs:/home/abdelrhaman/microros_ws/install/lifecycle_msgs:/home/abdelrhaman/microros_ws/install/complex_msgs:/home/abdelrhaman/microros_ws/install/sensor_msgs_py:/home/abdelrhaman/ros/install/my_robot_controller:/opt/ros/humble LD_LIBRARY_PATH=/home/abdelrhaman/microros_ws/install/rcl_interfaces/lib:/home/abdelrhaman/microros_ws/install/builtin_interfaces/lib:/home/abdelrhaman/microros_ws/install/visualization_msgs/lib:/home/abdelrhaman/microros_ws/install/test_msgs/lib:/home/abdelrhaman/microros_ws/install/example_interfaces/lib:/home/abdelrhaman/microros_ws/install/action_msgs/lib:/home/abdelrhaman/microros_ws/install/unique_identifier_msgs/lib:/home/abdelrhaman/microros_ws/install/trajectory_msgs/lib:/home/abdelrhaman/microros_ws/install/stereo_msgs/lib:/home/abdelrhaman/microros_ws/install/std_srvs/lib:/home/abdelrhaman/microros_ws/install/shape_msgs/lib:/home/abdelrhaman/microros_ws/install/sensor_msgs/lib:/home/abdelrhaman/microros_ws/install/nav_msgs/lib:/home/abdelrhaman/microros_ws/install/diagnostic_msgs/lib:/home/abdelrhaman/microros_ws/install/geometry_msgs/lib:/home/abdelrhaman/microros_ws/install/actionlib_msgs/lib:/home/abdelrhaman/microros_ws/install/std_msgs/lib:/home/abdelrhaman/microros_ws/install/statistics_msgs/lib:/home/abdelrhaman/microros_ws/install/rmw_microxrcedds/lib:/home/abdelrhaman/microros_ws/install/rosidl_typesupport_microxrcedds_cpp/lib:/home/abdelrhaman/microros_ws/install/rosidl_typesupport_microxrcedds_c/lib:/home/abdelrhaman/microros_ws/install/rosgraph_msgs/lib:/home/abdelrhaman/microros_ws/install/rclc_parameter/lib:/home/abdelrhaman/microros_ws/install/rclc/lib:/home/abdelrhaman/microros_ws/install/composition_interfaces/lib:/home/abdelrhaman/microros_ws/install/microxrcedds_client/lib:/home/abdelrhaman/microros_ws/install/microcdr/lib:/home/abdelrhaman/microros_ws/install/micro_ros_utilities/lib:/home/abdelrhaman/microros_ws/install/micro_ros_agent/lib:/home/abdelrhaman/microros_ws/install/micro_ros_msgs/lib:/home/abdelrhaman/microros_ws/install/lifecycle_msgs/lib:/home/abdelrhaman/microros_ws/install/complex_msgs/lib:/opt/ros/humble/opt/rviz_ogre_vendor/lib:/opt/ros/humble/lib/x86_64-linux-gnu:/opt/ros/humble/lib /usr/bin/cmake --build /home/abdelrhaman/microros_ws/build/composition_interfaces -- -j20 -l20
[1.865s] [35m[1mConsolidate compiler generated dependencies of target composition_interfaces__rosidl_generator_c[0m
[1.890s] [  1%] Built target composition_interfaces__cpp
[1.897s] [ 10%] Built target composition_interfaces__rosidl_generator_c
[1.916s] [ 10%] Built target ament_cmake_python_copy_composition_interfaces
[1.922s] [ 11%] [34m[1mGenerating C++ type support dispatch for ROS interfaces[0m
[1.929s] [35m[1mConsolidate compiler generated dependencies of target composition_interfaces__rosidl_typesupport_microxrcedds_cpp[0m
[1.937s] [35m[1mConsolidate compiler generated dependencies of target composition_interfaces__rosidl_typesupport_fastrtps_cpp[0m
[1.938s] [35m[1mConsolidate compiler generated dependencies of target composition_interfaces__rosidl_typesupport_introspection_cpp[0m
[1.946s] [35m[1mConsolidate compiler generated dependencies of target composition_interfaces__rosidl_typesupport_introspection_c[0m
[1.947s] [35m[1mConsolidate compiler generated dependencies of target composition_interfaces__rosidl_typesupport_microxrcedds_c[0m
[1.948s] [35m[1mConsolidate compiler generated dependencies of target composition_interfaces__rosidl_typesupport_fastrtps_c[0m
[1.956s] [ 13%] [34m[1mGenerating C type support dispatch for ROS interfaces[0m
[1.975s] [ 15%] [32m[1mLinking CXX shared library libcomposition_interfaces__rosidl_typesupport_microxrcedds_cpp.so[0m
[1.983s] [ 23%] Built target composition_interfaces__rosidl_typesupport_fastrtps_cpp
[1.985s] [ 25%] [32m[1mLinking C shared library libcomposition_interfaces__rosidl_typesupport_microxrcedds_c.so[0m
[1.993s] [ 33%] Built target composition_interfaces__rosidl_typesupport_introspection_cpp
[2.002s] [ 44%] Built target composition_interfaces__rosidl_typesupport_introspection_c
[2.002s] [ 50%] Built target composition_interfaces__rosidl_typesupport_fastrtps_c
[2.089s] [ 57%] Built target composition_interfaces__rosidl_typesupport_microxrcedds_c
[2.207s] [ 64%] Built target composition_interfaces__rosidl_typesupport_microxrcedds_cpp
[2.402s] [35m[1mConsolidate compiler generated dependencies of target composition_interfaces__rosidl_typesupport_c[0m
[2.417s] [ 67%] [32mBuilding CXX object CMakeFiles/composition_interfaces__rosidl_typesupport_c.dir/rosidl_typesupport_c/composition_interfaces/srv/load_node__type_support.cpp.o[0m
[2.417s] [ 67%] [32mBuilding CXX object CMakeFiles/composition_interfaces__rosidl_typesupport_c.dir/rosidl_typesupport_c/composition_interfaces/srv/list_nodes__type_support.cpp.o[0m
[2.417s] [ 69%] [32mBuilding CXX object CMakeFiles/composition_interfaces__rosidl_typesupport_c.dir/rosidl_typesupport_c/composition_interfaces/srv/unload_node__type_support.cpp.o[0m
[2.455s] [ 71%] [32m[1mLinking CXX shared library libcomposition_interfaces__rosidl_typesupport_c.so[0m
[2.490s] [35m[1mConsolidate compiler generated dependencies of target composition_interfaces__rosidl_typesupport_cpp[0m
[2.499s] [ 71%] Built target composition_interfaces__rosidl_typesupport_c
[2.502s] [ 72%] [32mBuilding CXX object CMakeFiles/composition_interfaces__rosidl_typesupport_cpp.dir/rosidl_typesupport_cpp/composition_interfaces/srv/load_node__type_support.cpp.o[0m
[2.502s] [ 74%] [32mBuilding CXX object CMakeFiles/composition_interfaces__rosidl_typesupport_cpp.dir/rosidl_typesupport_cpp/composition_interfaces/srv/list_nodes__type_support.cpp.o[0m
[2.508s] [ 76%] [32mBuilding CXX object CMakeFiles/composition_interfaces__rosidl_typesupport_cpp.dir/rosidl_typesupport_cpp/composition_interfaces/srv/unload_node__type_support.cpp.o[0m
[2.593s] running egg_info
[2.632s] writing composition_interfaces.egg-info/PKG-INFO
[2.663s] writing dependency_links to composition_interfaces.egg-info/dependency_links.txt
[2.800s] [ 77%] [32m[1mLinking CXX shared library libcomposition_interfaces__rosidl_typesupport_cpp.so[0m
[2.841s] [ 77%] Built target composition_interfaces__rosidl_typesupport_cpp
[2.847s] writing top-level names to composition_interfaces.egg-info/top_level.txt
[2.866s] [ 77%] Built target composition_interfaces
[2.889s] [ 79%] Built target composition_interfaces__py
[2.899s] [35m[1mConsolidate compiler generated dependencies of target composition_interfaces__rosidl_generator_py[0m
[2.901s] reading manifest file 'composition_interfaces.egg-info/SOURCES.txt'
[2.901s] writing manifest file 'composition_interfaces.egg-info/SOURCES.txt'
[2.914s] [ 81%] [32m[1mLinking C shared library rosidl_generator_py/composition_interfaces/libcomposition_interfaces__rosidl_generator_py.so[0m
[2.932s] [ 81%] Built target ament_cmake_python_build_composition_interfaces_egg
[2.950s] [ 86%] Built target composition_interfaces__rosidl_generator_py
[2.959s] [35m[1mConsolidate compiler generated dependencies of target composition_interfaces__rosidl_typesupport_c__pyext[0m
[2.959s] [35m[1mConsolidate compiler generated dependencies of target composition_interfaces__rosidl_typesupport_fastrtps_c__pyext[0m
[2.963s] [35m[1mConsolidate compiler generated dependencies of target composition_interfaces__rosidl_typesupport_introspection_c__pyext[0m
[2.964s] [35m[1mConsolidate compiler generated dependencies of target composition_interfaces__rosidl_typesupport_microxrcedds_c__pyext[0m
[2.970s] [ 88%] [32m[1mLinking C shared library rosidl_generator_py/composition_interfaces/composition_interfaces_s__rosidl_typesupport_fastrtps_c.cpython-310-x86_64-linux-gnu.so[0m
[2.972s] [ 89%] [32m[1mLinking C shared library rosidl_generator_py/composition_interfaces/composition_interfaces_s__rosidl_typesupport_c.cpython-310-x86_64-linux-gnu.so[0m
[2.975s] [ 91%] [32m[1mLinking C shared library rosidl_generator_py/composition_interfaces/composition_interfaces_s__rosidl_typesupport_introspection_c.cpython-310-x86_64-linux-gnu.so[0m
[2.978s] [ 93%] [32m[1mLinking C shared library rosidl_generator_py/composition_interfaces/composition_interfaces_s__rosidl_typesupport_microxrcedds_c.cpython-310-x86_64-linux-gnu.so[0m
[3.003s] [ 94%] Built target composition_interfaces__rosidl_typesupport_fastrtps_c__pyext
[3.004s] [ 96%] Built target composition_interfaces__rosidl_typesupport_c__pyext
[3.009s] [ 98%] Built target composition_interfaces__rosidl_typesupport_microxrcedds_c__pyext
[3.012s] [100%] Built target composition_interfaces__rosidl_typesupport_introspection_c__pyext
[3.023s] Invoked command in '/home/abdelrhaman/microros_ws/build/composition_interfaces' returned '0': CMAKE_PREFIX_PATH=/home/abdelrhaman/microros_ws/install/rcl_interfaces:/home/abdelrhaman/microros_ws/install/builtin_interfaces:/home/abdelrhaman/microros_ws/install/micro_ros_demos_rclc:/home/abdelrhaman/microros_ws/install/common_interfaces:/home/abdelrhaman/microros_ws/install/visualization_msgs:/home/abdelrhaman/microros_ws/install/test_msgs:/home/abdelrhaman/microros_ws/install/example_interfaces:/home/abdelrhaman/microros_ws/install/action_msgs:/home/abdelrhaman/microros_ws/install/unique_identifier_msgs:/home/abdelrhaman/microros_ws/install/trajectory_msgs:/home/abdelrhaman/microros_ws/install/stereo_msgs:/home/abdelrhaman/microros_ws/install/std_srvs:/home/abdelrhaman/microros_ws/install/shape_msgs:/home/abdelrhaman/microros_ws/install/sensor_msgs:/home/abdelrhaman/microros_ws/install/nav_msgs:/home/abdelrhaman/microros_ws/install/diagnostic_msgs:/home/abdelrhaman/microros_ws/install/geometry_msgs:/home/abdelrhaman/microros_ws/install/actionlib_msgs:/home/abdelrhaman/microros_ws/install/std_msgs:/home/abdelrhaman/microros_ws/install/statistics_msgs:/home/abdelrhaman/microros_ws/install/rosidl_typesupport_microxrcedds_test_msg:/home/abdelrhaman/microros_ws/install/rosidl_typesupport_microxrcedds_cpp_tests:/home/abdelrhaman/microros_ws/install/rmw_microxrcedds:/home/abdelrhaman/microros_ws/install/rosidl_typesupport_microxrcedds_cpp:/home/abdelrhaman/microros_ws/install/rosidl_typesupport_microxrcedds_c_tests:/home/abdelrhaman/microros_ws/install/rosidl_typesupport_microxrcedds_c:/home/abdelrhaman/microros_ws/install/rosgraph_msgs:/home/abdelrhaman/microros_ws/install/rclc_parameter:/home/abdelrhaman/microros_ws/install/rclc:/home/abdelrhaman/microros_ws/install/composition_interfaces:/home/abdelrhaman/microros_ws/install/microxrcedds_client:/home/abdelrhaman/microros_ws/install/microcdr:/home/abdelrhaman/microros_ws/install/micro_ros_utilities:/home/abdelrhaman/microros_ws/install/micro_ros_setup:/home/abdelrhaman/microros_ws/install/micro_ros_agent:/home/abdelrhaman/microros_ws/install/micro_ros_msgs:/home/abdelrhaman/microros_ws/install/lifecycle_msgs:/home/abdelrhaman/microros_ws/install/complex_msgs:/home/abdelrhaman/microros_ws/install/sensor_msgs_py:/home/abdelrhaman/ros/install/my_robot_controller:/opt/ros/humble LD_LIBRARY_PATH=/home/abdelrhaman/microros_ws/install/rcl_interfaces/lib:/home/abdelrhaman/microros_ws/install/builtin_interfaces/lib:/home/abdelrhaman/microros_ws/install/visualization_msgs/lib:/home/abdelrhaman/microros_ws/install/test_msgs/lib:/home/abdelrhaman/microros_ws/install/example_interfaces/lib:/home/abdelrhaman/microros_ws/install/action_msgs/lib:/home/abdelrhaman/microros_ws/install/unique_identifier_msgs/lib:/home/abdelrhaman/microros_ws/install/trajectory_msgs/lib:/home/abdelrhaman/microros_ws/install/stereo_msgs/lib:/home/abdelrhaman/microros_ws/install/std_srvs/lib:/home/abdelrhaman/microros_ws/install/shape_msgs/lib:/home/abdelrhaman/microros_ws/install/sensor_msgs/lib:/home/abdelrhaman/microros_ws/install/nav_msgs/lib:/home/abdelrhaman/microros_ws/install/diagnostic_msgs/lib:/home/abdelrhaman/microros_ws/install/geometry_msgs/lib:/home/abdelrhaman/microros_ws/install/actionlib_msgs/lib:/home/abdelrhaman/microros_ws/install/std_msgs/lib:/home/abdelrhaman/microros_ws/install/statistics_msgs/lib:/home/abdelrhaman/microros_ws/install/rmw_microxrcedds/lib:/home/abdelrhaman/microros_ws/install/rosidl_typesupport_microxrcedds_cpp/lib:/home/abdelrhaman/microros_ws/install/rosidl_typesupport_microxrcedds_c/lib:/home/abdelrhaman/microros_ws/install/rosgraph_msgs/lib:/home/abdelrhaman/microros_ws/install/rclc_parameter/lib:/home/abdelrhaman/microros_ws/install/rclc/lib:/home/abdelrhaman/microros_ws/install/composition_interfaces/lib:/home/abdelrhaman/microros_ws/install/microxrcedds_client/lib:/home/abdelrhaman/microros_ws/install/microcdr/lib:/home/abdelrhaman/microros_ws/install/micro_ros_utilities/lib:/home/abdelrhaman/microros_ws/install/micro_ros_agent/lib:/home/abdelrhaman/microros_ws/install/micro_ros_msgs/lib:/home/abdelrhaman/microros_ws/install/lifecycle_msgs/lib:/home/abdelrhaman/microros_ws/install/complex_msgs/lib:/opt/ros/humble/opt/rviz_ogre_vendor/lib:/opt/ros/humble/lib/x86_64-linux-gnu:/opt/ros/humble/lib /usr/bin/cmake --build /home/abdelrhaman/microros_ws/build/composition_interfaces -- -j20 -l20
[3.209s] Invoking command in '/home/abdelrhaman/microros_ws/build/composition_interfaces': CMAKE_PREFIX_PATH=/home/abdelrhaman/microros_ws/install/rcl_interfaces:/home/abdelrhaman/microros_ws/install/builtin_interfaces:/home/abdelrhaman/microros_ws/install/micro_ros_demos_rclc:/home/abdelrhaman/microros_ws/install/common_interfaces:/home/abdelrhaman/microros_ws/install/visualization_msgs:/home/abdelrhaman/microros_ws/install/test_msgs:/home/abdelrhaman/microros_ws/install/example_interfaces:/home/abdelrhaman/microros_ws/install/action_msgs:/home/abdelrhaman/microros_ws/install/unique_identifier_msgs:/home/abdelrhaman/microros_ws/install/trajectory_msgs:/home/abdelrhaman/microros_ws/install/stereo_msgs:/home/abdelrhaman/microros_ws/install/std_srvs:/home/abdelrhaman/microros_ws/install/shape_msgs:/home/abdelrhaman/microros_ws/install/sensor_msgs:/home/abdelrhaman/microros_ws/install/nav_msgs:/home/abdelrhaman/microros_ws/install/diagnostic_msgs:/home/abdelrhaman/microros_ws/install/geometry_msgs:/home/abdelrhaman/microros_ws/install/actionlib_msgs:/home/abdelrhaman/microros_ws/install/std_msgs:/home/abdelrhaman/microros_ws/install/statistics_msgs:/home/abdelrhaman/microros_ws/install/rosidl_typesupport_microxrcedds_test_msg:/home/abdelrhaman/microros_ws/install/rosidl_typesupport_microxrcedds_cpp_tests:/home/abdelrhaman/microros_ws/install/rmw_microxrcedds:/home/abdelrhaman/microros_ws/install/rosidl_typesupport_microxrcedds_cpp:/home/abdelrhaman/microros_ws/install/rosidl_typesupport_microxrcedds_c_tests:/home/abdelrhaman/microros_ws/install/rosidl_typesupport_microxrcedds_c:/home/abdelrhaman/microros_ws/install/rosgraph_msgs:/home/abdelrhaman/microros_ws/install/rclc_parameter:/home/abdelrhaman/microros_ws/install/rclc:/home/abdelrhaman/microros_ws/install/composition_interfaces:/home/abdelrhaman/microros_ws/install/microxrcedds_client:/home/abdelrhaman/microros_ws/install/microcdr:/home/abdelrhaman/microros_ws/install/micro_ros_utilities:/home/abdelrhaman/microros_ws/install/micro_ros_setup:/home/abdelrhaman/microros_ws/install/micro_ros_agent:/home/abdelrhaman/microros_ws/install/micro_ros_msgs:/home/abdelrhaman/microros_ws/install/lifecycle_msgs:/home/abdelrhaman/microros_ws/install/complex_msgs:/home/abdelrhaman/microros_ws/install/sensor_msgs_py:/home/abdelrhaman/ros/install/my_robot_controller:/opt/ros/humble LD_LIBRARY_PATH=/home/abdelrhaman/microros_ws/install/rcl_interfaces/lib:/home/abdelrhaman/microros_ws/install/builtin_interfaces/lib:/home/abdelrhaman/microros_ws/install/visualization_msgs/lib:/home/abdelrhaman/microros_ws/install/test_msgs/lib:/home/abdelrhaman/microros_ws/install/example_interfaces/lib:/home/abdelrhaman/microros_ws/install/action_msgs/lib:/home/abdelrhaman/microros_ws/install/unique_identifier_msgs/lib:/home/abdelrhaman/microros_ws/install/trajectory_msgs/lib:/home/abdelrhaman/microros_ws/install/stereo_msgs/lib:/home/abdelrhaman/microros_ws/install/std_srvs/lib:/home/abdelrhaman/microros_ws/install/shape_msgs/lib:/home/abdelrhaman/microros_ws/install/sensor_msgs/lib:/home/abdelrhaman/microros_ws/install/nav_msgs/lib:/home/abdelrhaman/microros_ws/install/diagnostic_msgs/lib:/home/abdelrhaman/microros_ws/install/geometry_msgs/lib:/home/abdelrhaman/microros_ws/install/actionlib_msgs/lib:/home/abdelrhaman/microros_ws/install/std_msgs/lib:/home/abdelrhaman/microros_ws/install/statistics_msgs/lib:/home/abdelrhaman/microros_ws/install/rmw_microxrcedds/lib:/home/abdelrhaman/microros_ws/install/rosidl_typesupport_microxrcedds_cpp/lib:/home/abdelrhaman/microros_ws/install/rosidl_typesupport_microxrcedds_c/lib:/home/abdelrhaman/microros_ws/install/rosgraph_msgs/lib:/home/abdelrhaman/microros_ws/install/rclc_parameter/lib:/home/abdelrhaman/microros_ws/install/rclc/lib:/home/abdelrhaman/microros_ws/install/composition_interfaces/lib:/home/abdelrhaman/microros_ws/install/microxrcedds_client/lib:/home/abdelrhaman/microros_ws/install/microcdr/lib:/home/abdelrhaman/microros_ws/install/micro_ros_utilities/lib:/home/abdelrhaman/microros_ws/install/micro_ros_agent/lib:/home/abdelrhaman/microros_ws/install/micro_ros_msgs/lib:/home/abdelrhaman/microros_ws/install/lifecycle_msgs/lib:/home/abdelrhaman/microros_ws/install/complex_msgs/lib:/opt/ros/humble/opt/rviz_ogre_vendor/lib:/opt/ros/humble/lib/x86_64-linux-gnu:/opt/ros/humble/lib /usr/bin/cmake --install /home/abdelrhaman/microros_ws/build/composition_interfaces
[3.220s] -- Install configuration: ""
[3.220s] -- Up-to-date: /home/abdelrhaman/microros_ws/install/composition_interfaces/share/ament_index/resource_index/rosidl_interfaces/composition_interfaces
[3.220s] -- Up-to-date: /home/abdelrhaman/microros_ws/install/composition_interfaces/include/composition_interfaces/composition_interfaces
[3.220s] -- Up-to-date: /home/abdelrhaman/microros_ws/install/composition_interfaces/include/composition_interfaces/composition_interfaces/srv
[3.221s] -- Up-to-date: /home/abdelrhaman/microros_ws/install/composition_interfaces/include/composition_interfaces/composition_interfaces/srv/detail
[3.221s] -- Up-to-date: /home/abdelrhaman/microros_ws/install/composition_interfaces/include/composition_interfaces/composition_interfaces/srv/detail/load_node__functions.h
[3.221s] -- Up-to-date: /home/abdelrhaman/microros_ws/install/composition_interfaces/include/composition_interfaces/composition_interfaces/srv/detail/list_nodes__struct.h
[3.221s] -- Up-to-date: /home/abdelrhaman/microros_ws/install/composition_interfaces/include/composition_interfaces/composition_interfaces/srv/detail/list_nodes__functions.h
[3.221s] -- Up-to-date: /home/abdelrhaman/microros_ws/install/composition_interfaces/include/composition_interfaces/composition_interfaces/srv/detail/unload_node__functions.h
[3.221s] -- Up-to-date: /home/abdelrhaman/microros_ws/install/composition_interfaces/include/composition_interfaces/composition_interfaces/srv/detail/list_nodes__type_support.h
[3.221s] -- Up-to-date: /home/abdelrhaman/microros_ws/install/composition_interfaces/include/composition_interfaces/composition_interfaces/srv/detail/load_node__functions.c
[3.221s] -- Up-to-date: /home/abdelrhaman/microros_ws/install/composition_interfaces/include/composition_interfaces/composition_interfaces/srv/detail/unload_node__type_support.h
[3.221s] -- Up-to-date: /home/abdelrhaman/microros_ws/install/composition_interfaces/include/composition_interfaces/composition_interfaces/srv/detail/load_node__struct.h
[3.221s] -- Up-to-date: /home/abdelrhaman/microros_ws/install/composition_interfaces/include/composition_interfaces/composition_interfaces/srv/detail/list_nodes__functions.c
[3.221s] -- Up-to-date: /home/abdelrhaman/microros_ws/install/composition_interfaces/include/composition_interfaces/composition_interfaces/srv/detail/unload_node__functions.c
[3.221s] -- Up-to-date: /home/abdelrhaman/microros_ws/install/composition_interfaces/include/composition_interfaces/composition_interfaces/srv/detail/unload_node__struct.h
[3.222s] -- Up-to-date: /home/abdelrhaman/microros_ws/install/composition_interfaces/include/composition_interfaces/composition_interfaces/srv/detail/load_node__type_support.h
[3.222s] -- Up-to-date: /home/abdelrhaman/microros_ws/install/composition_interfaces/include/composition_interfaces/composition_interfaces/srv/unload_node.h
[3.222s] -- Up-to-date: /home/abdelrhaman/microros_ws/install/composition_interfaces/include/composition_interfaces/composition_interfaces/srv/list_nodes.h
[3.222s] -- Up-to-date: /home/abdelrhaman/microros_ws/install/composition_interfaces/include/composition_interfaces/composition_interfaces/srv/load_node.h
[3.222s] -- Up-to-date: /home/abdelrhaman/microros_ws/install/composition_interfaces/include/composition_interfaces/composition_interfaces/msg
[3.222s] -- Up-to-date: /home/abdelrhaman/microros_ws/install/composition_interfaces/include/composition_interfaces/composition_interfaces/msg/rosidl_generator_c__visibility_control.h
[3.222s] -- Up-to-date: /home/abdelrhaman/microros_ws/install/composition_interfaces/share/composition_interfaces/environment/library_path.sh
[3.222s] -- Installing: /home/abdelrhaman/microros_ws/install/composition_interfaces/share/composition_interfaces/environment/library_path.dsv
[3.222s] -- Up-to-date: /home/abdelrhaman/microros_ws/install/composition_interfaces/lib/libcomposition_interfaces__rosidl_generator_c.so
[3.222s] -- Up-to-date: /home/abdelrhaman/microros_ws/install/composition_interfaces/include/composition_interfaces
[3.222s] -- Up-to-date: /home/abdelrhaman/microros_ws/install/composition_interfaces/include/composition_interfaces/srv
[3.223s] -- Up-to-date: /home/abdelrhaman/microros_ws/install/composition_interfaces/include/composition_interfaces/srv/detail
[3.223s] -- Up-to-date: /home/abdelrhaman/microros_ws/install/composition_interfaces/include/composition_interfaces/srv/detail/list_nodes__rosidl_typesupport_microxrcedds_c.h
[3.223s] -- Up-to-date: /home/abdelrhaman/microros_ws/install/composition_interfaces/include/composition_interfaces/srv/detail/load_node__rosidl_typesupport_microxrcedds_c.h
[3.223s] -- Up-to-date: /home/abdelrhaman/microros_ws/install/composition_interfaces/include/composition_interfaces/srv/detail/unload_node__rosidl_typesupport_microxrcedds_c.h
[3.223s] -- Up-to-date: /home/abdelrhaman/microros_ws/install/composition_interfaces/include/composition_interfaces/srv/detail/microxrcedds
[3.223s] -- Up-to-date: /home/abdelrhaman/microros_ws/install/composition_interfaces/include/composition_interfaces/msg
[3.223s] -- Up-to-date: /home/abdelrhaman/microros_ws/install/composition_interfaces/include/composition_interfaces/msg/rosidl_typesupport_microxrcedds_c__visibility_control.h
[3.223s] -- Installing: /home/abdelrhaman/microros_ws/install/composition_interfaces/lib/libcomposition_interfaces__rosidl_typesupport_microxrcedds_c.so
[3.223s] -- Set runtime path of "/home/abdelrhaman/microros_ws/install/composition_interfaces/lib/libcomposition_interfaces__rosidl_typesupport_microxrcedds_c.so" to ""
[3.223s] -- Up-to-date: /home/abdelrhaman/microros_ws/install/composition_interfaces/include/composition_interfaces/composition_interfaces
[3.224s] -- Up-to-date: /home/abdelrhaman/microros_ws/install/composition_interfaces/include/composition_interfaces/composition_interfaces/srv
[3.224s] -- Up-to-date: /home/abdelrhaman/microros_ws/install/composition_interfaces/include/composition_interfaces/composition_interfaces/srv/detail
[3.224s] -- Up-to-date: /home/abdelrhaman/microros_ws/install/composition_interfaces/include/composition_interfaces/composition_interfaces/srv/detail/list_nodes__rosidl_typesupport_fastrtps_c.h
[3.224s] -- Up-to-date: /home/abdelrhaman/microros_ws/install/composition_interfaces/include/composition_interfaces/composition_interfaces/srv/detail/unload_node__rosidl_typesupport_fastrtps_c.h
[3.224s] -- Up-to-date: /home/abdelrhaman/microros_ws/install/composition_interfaces/include/composition_interfaces/composition_interfaces/srv/detail/load_node__rosidl_typesupport_fastrtps_c.h
[3.224s] -- Up-to-date: /home/abdelrhaman/microros_ws/install/composition_interfaces/include/composition_interfaces/composition_interfaces/msg
[3.224s] -- Up-to-date: /home/abdelrhaman/microros_ws/install/composition_interfaces/include/composition_interfaces/composition_interfaces/msg/rosidl_typesupport_fastrtps_c__visibility_control.h
[3.224s] -- Up-to-date: /home/abdelrhaman/microros_ws/install/composition_interfaces/lib/libcomposition_interfaces__rosidl_typesupport_fastrtps_c.so
[3.224s] -- Up-to-date: /home/abdelrhaman/microros_ws/install/composition_interfaces/include/composition_interfaces/composition_interfaces
[3.225s] -- Up-to-date: /home/abdelrhaman/microros_ws/install/composition_interfaces/include/composition_interfaces/composition_interfaces/srv
[3.225s] -- Up-to-date: /home/abdelrhaman/microros_ws/install/composition_interfaces/include/composition_interfaces/composition_interfaces/srv/detail
[3.225s] -- Up-to-date: /home/abdelrhaman/microros_ws/install/composition_interfaces/include/composition_interfaces/composition_interfaces/srv/detail/list_nodes__type_support.c
[3.225s] -- Up-to-date: /home/abdelrhaman/microros_ws/install/composition_interfaces/include/composition_interfaces/composition_interfaces/srv/detail/load_node__type_support.c
[3.225s] -- Up-to-date: /home/abdelrhaman/microros_ws/install/composition_interfaces/include/composition_interfaces/composition_interfaces/srv/detail/unload_node__rosidl_typesupport_introspection_c.h
[3.225s] -- Up-to-date: /home/abdelrhaman/microros_ws/install/composition_interfaces/include/composition_interfaces/composition_interfaces/srv/detail/load_node__rosidl_typesupport_introspection_c.h
[3.225s] -- Up-to-date: /home/abdelrhaman/microros_ws/install/composition_interfaces/include/composition_interfaces/composition_interfaces/srv/detail/list_nodes__rosidl_typesupport_introspection_c.h
[3.225s] -- Up-to-date: /home/abdelrhaman/microros_ws/install/composition_interfaces/include/composition_interfaces/composition_interfaces/srv/detail/unload_node__type_support.c
[3.225s] -- Up-to-date: /home/abdelrhaman/microros_ws/install/composition_interfaces/include/composition_interfaces/composition_interfaces/msg
[3.225s] -- Up-to-date: /home/abdelrhaman/microros_ws/install/composition_interfaces/include/composition_interfaces/composition_interfaces/msg/rosidl_typesupport_introspection_c__visibility_control.h
[3.225s] -- Up-to-date: /home/abdelrhaman/microros_ws/install/composition_interfaces/lib/libcomposition_interfaces__rosidl_typesupport_introspection_c.so
[3.226s] -- Installing: /home/abdelrhaman/microros_ws/install/composition_interfaces/lib/libcomposition_interfaces__rosidl_typesupport_c.so
[3.226s] -- Set runtime path of "/home/abdelrhaman/microros_ws/install/composition_interfaces/lib/libcomposition_interfaces__rosidl_typesupport_c.so" to ""
[3.226s] -- Up-to-date: /home/abdelrhaman/microros_ws/install/composition_interfaces/include/composition_interfaces/composition_interfaces
[3.226s] -- Up-to-date: /home/abdelrhaman/microros_ws/install/composition_interfaces/include/composition_interfaces/composition_interfaces/srv
[3.226s] -- Up-to-date: /home/abdelrhaman/microros_ws/install/composition_interfaces/include/composition_interfaces/composition_interfaces/srv/detail
[3.226s] -- Up-to-date: /home/abdelrhaman/microros_ws/install/composition_interfaces/include/composition_interfaces/composition_interfaces/srv/detail/list_nodes__struct.hpp
[3.226s] -- Up-to-date: /home/abdelrhaman/microros_ws/install/composition_interfaces/include/composition_interfaces/composition_interfaces/srv/detail/load_node__builder.hpp
[3.226s] -- Up-to-date: /home/abdelrhaman/microros_ws/install/composition_interfaces/include/composition_interfaces/composition_interfaces/srv/detail/load_node__struct.hpp
[3.226s] -- Up-to-date: /home/abdelrhaman/microros_ws/install/composition_interfaces/include/composition_interfaces/composition_interfaces/srv/detail/list_nodes__traits.hpp
[3.227s] -- Up-to-date: /home/abdelrhaman/microros_ws/install/composition_interfaces/include/composition_interfaces/composition_interfaces/srv/detail/load_node__traits.hpp
[3.227s] -- Up-to-date: /home/abdelrhaman/microros_ws/install/composition_interfaces/include/composition_interfaces/composition_interfaces/srv/detail/unload_node__traits.hpp
[3.227s] -- Up-to-date: /home/abdelrhaman/microros_ws/install/composition_interfaces/include/composition_interfaces/composition_interfaces/srv/detail/unload_node__struct.hpp
[3.227s] -- Up-to-date: /home/abdelrhaman/microros_ws/install/composition_interfaces/include/composition_interfaces/composition_interfaces/srv/detail/list_nodes__builder.hpp
[3.227s] -- Up-to-date: /home/abdelrhaman/microros_ws/install/composition_interfaces/include/composition_interfaces/composition_interfaces/srv/detail/unload_node__builder.hpp
[3.227s] -- Up-to-date: /home/abdelrhaman/microros_ws/install/composition_interfaces/include/composition_interfaces/composition_interfaces/srv/load_node.hpp
[3.227s] -- Up-to-date: /home/abdelrhaman/microros_ws/install/composition_interfaces/include/composition_interfaces/composition_interfaces/srv/unload_node.hpp
[3.227s] -- Up-to-date: /home/abdelrhaman/microros_ws/install/composition_interfaces/include/composition_interfaces/composition_interfaces/srv/list_nodes.hpp
[3.227s] -- Up-to-date: /home/abdelrhaman/microros_ws/install/composition_interfaces/include/composition_interfaces
[3.227s] -- Up-to-date: /home/abdelrhaman/microros_ws/install/composition_interfaces/include/composition_interfaces/srv
[3.227s] -- Up-to-date: /home/abdelrhaman/microros_ws/install/composition_interfaces/include/composition_interfaces/srv/detail
[3.227s] -- Up-to-date: /home/abdelrhaman/microros_ws/install/composition_interfaces/include/composition_interfaces/srv/detail/unload_node__rosidl_typesupport_microxrcedds_cpp.hpp
[3.227s] -- Up-to-date: /home/abdelrhaman/microros_ws/install/composition_interfaces/include/composition_interfaces/srv/detail/microxrcedds
[3.227s] -- Up-to-date: /home/abdelrhaman/microros_ws/install/composition_interfaces/include/composition_interfaces/srv/detail/microxrcedds/load_node__type_support_cpp.cpp
[3.227s] -- Up-to-date: /home/abdelrhaman/microros_ws/install/composition_interfaces/include/composition_interfaces/srv/detail/microxrcedds/unload_node__type_support_cpp.cpp
[3.227s] -- Up-to-date: /home/abdelrhaman/microros_ws/install/composition_interfaces/include/composition_interfaces/srv/detail/microxrcedds/list_nodes__type_support_cpp.cpp
[3.227s] -- Up-to-date: /home/abdelrhaman/microros_ws/install/composition_interfaces/include/composition_interfaces/srv/detail/list_nodes__rosidl_typesupport_microxrcedds_cpp.hpp
[3.227s] -- Up-to-date: /home/abdelrhaman/microros_ws/install/composition_interfaces/include/composition_interfaces/srv/detail/load_node__rosidl_typesupport_microxrcedds_cpp.hpp
[3.227s] -- Up-to-date: /home/abdelrhaman/microros_ws/install/composition_interfaces/include/composition_interfaces/msg
[3.227s] -- Up-to-date: /home/abdelrhaman/microros_ws/install/composition_interfaces/include/composition_interfaces/msg/rosidl_typesupport_microxrcedds_cpp__visibility_control.h
[3.227s] -- Installing: /home/abdelrhaman/microros_ws/install/composition_interfaces/lib/libcomposition_interfaces__rosidl_typesupport_microxrcedds_cpp.so
[3.228s] -- Set runtime path of "/home/abdelrhaman/microros_ws/install/composition_interfaces/lib/libcomposition_interfaces__rosidl_typesupport_microxrcedds_cpp.so" to ""
[3.228s] -- Up-to-date: /home/abdelrhaman/microros_ws/install/composition_interfaces/include/composition_interfaces/composition_interfaces
[3.228s] -- Up-to-date: /home/abdelrhaman/microros_ws/install/composition_interfaces/include/composition_interfaces/composition_interfaces/srv
[3.228s] -- Up-to-date: /home/abdelrhaman/microros_ws/install/composition_interfaces/include/composition_interfaces/composition_interfaces/srv/detail
[3.228s] -- Up-to-date: /home/abdelrhaman/microros_ws/install/composition_interfaces/include/composition_interfaces/composition_interfaces/srv/detail/load_node__rosidl_typesupport_fastrtps_cpp.hpp
[3.228s] -- Up-to-date: /home/abdelrhaman/microros_ws/install/composition_interfaces/include/composition_interfaces/composition_interfaces/srv/detail/list_nodes__rosidl_typesupport_fastrtps_cpp.hpp
[3.228s] -- Up-to-date: /home/abdelrhaman/microros_ws/install/composition_interfaces/include/composition_interfaces/composition_interfaces/srv/detail/unload_node__rosidl_typesupport_fastrtps_cpp.hpp
[3.228s] -- Up-to-date: /home/abdelrhaman/microros_ws/install/composition_interfaces/include/composition_interfaces/composition_interfaces/srv/detail/dds_fastrtps
[3.228s] -- Up-to-date: /home/abdelrhaman/microros_ws/install/composition_interfaces/include/composition_interfaces/composition_interfaces/msg
[3.228s] -- Up-to-date: /home/abdelrhaman/microros_ws/install/composition_interfaces/include/composition_interfaces/composition_interfaces/msg/rosidl_typesupport_fastrtps_cpp__visibility_control.h
[3.228s] -- Up-to-date: /home/abdelrhaman/microros_ws/install/composition_interfaces/lib/libcomposition_interfaces__rosidl_typesupport_fastrtps_cpp.so
[3.228s] -- Up-to-date: /home/abdelrhaman/microros_ws/install/composition_interfaces/include/composition_interfaces/composition_interfaces
[3.228s] -- Up-to-date: /home/abdelrhaman/microros_ws/install/composition_interfaces/include/composition_interfaces/composition_interfaces/srv
[3.228s] -- Up-to-date: /home/abdelrhaman/microros_ws/install/composition_interfaces/include/composition_interfaces/composition_interfaces/srv/detail
[3.228s] -- Up-to-date: /home/abdelrhaman/microros_ws/install/composition_interfaces/include/composition_interfaces/composition_interfaces/srv/detail/unload_node__rosidl_typesupport_introspection_cpp.hpp
[3.228s] -- Up-to-date: /home/abdelrhaman/microros_ws/install/composition_interfaces/include/composition_interfaces/composition_interfaces/srv/detail/unload_node__type_support.cpp
[3.228s] -- Up-to-date: /home/abdelrhaman/microros_ws/install/composition_interfaces/include/composition_interfaces/composition_interfaces/srv/detail/load_node__rosidl_typesupport_introspection_cpp.hpp
[3.228s] -- Up-to-date: /home/abdelrhaman/microros_ws/install/composition_interfaces/include/composition_interfaces/composition_interfaces/srv/detail/load_node__type_support.cpp
[3.228s] -- Up-to-date: /home/abdelrhaman/microros_ws/install/composition_interfaces/include/composition_interfaces/composition_interfaces/srv/detail/list_nodes__type_support.cpp
[3.228s] -- Up-to-date: /home/abdelrhaman/microros_ws/install/composition_interfaces/include/composition_interfaces/composition_interfaces/srv/detail/list_nodes__rosidl_typesupport_introspection_cpp.hpp
[3.228s] -- Up-to-date: /home/abdelrhaman/microros_ws/install/composition_interfaces/lib/libcomposition_interfaces__rosidl_typesupport_introspection_cpp.so
[3.228s] -- Installing: /home/abdelrhaman/microros_ws/install/composition_interfaces/lib/libcomposition_interfaces__rosidl_typesupport_cpp.so
[3.228s] -- Set runtime path of "/home/abdelrhaman/microros_ws/install/composition_interfaces/lib/libcomposition_interfaces__rosidl_typesupport_cpp.so" to ""
[3.228s] -- Up-to-date: /home/abdelrhaman/microros_ws/install/composition_interfaces/share/composition_interfaces/environment/pythonpath.sh
[3.228s] -- Installing: /home/abdelrhaman/microros_ws/install/composition_interfaces/share/composition_interfaces/environment/pythonpath.dsv
[3.229s] -- Up-to-date: /home/abdelrhaman/microros_ws/install/composition_interfaces/local/lib/python3.10/dist-packages/composition_interfaces-1.2.1-py3.10.egg-info
[3.229s] -- Installing: /home/abdelrhaman/microros_ws/install/composition_interfaces/local/lib/python3.10/dist-packages/composition_interfaces-1.2.1-py3.10.egg-info/PKG-INFO
[3.229s] -- Installing: /home/abdelrhaman/microros_ws/install/composition_interfaces/local/lib/python3.10/dist-packages/composition_interfaces-1.2.1-py3.10.egg-info/SOURCES.txt
[3.229s] -- Installing: /home/abdelrhaman/microros_ws/install/composition_interfaces/local/lib/python3.10/dist-packages/composition_interfaces-1.2.1-py3.10.egg-info/top_level.txt
[3.229s] -- Installing: /home/abdelrhaman/microros_ws/install/composition_interfaces/local/lib/python3.10/dist-packages/composition_interfaces-1.2.1-py3.10.egg-info/dependency_links.txt
[3.229s] -- Up-to-date: /home/abdelrhaman/microros_ws/install/composition_interfaces/local/lib/python3.10/dist-packages/composition_interfaces
[3.229s] -- Up-to-date: /home/abdelrhaman/microros_ws/install/composition_interfaces/local/lib/python3.10/dist-packages/composition_interfaces/_composition_interfaces_s.ep.rosidl_typesupport_c.c
[3.229s] -- Installing: /home/abdelrhaman/microros_ws/install/composition_interfaces/local/lib/python3.10/dist-packages/composition_interfaces/composition_interfaces_s__rosidl_typesupport_c.cpython-310-x86_64-linux-gnu.so
[3.229s] -- Installing: /home/abdelrhaman/microros_ws/install/composition_interfaces/local/lib/python3.10/dist-packages/composition_interfaces/composition_interfaces_s__rosidl_typesupport_introspection_c.cpython-310-x86_64-linux-gnu.so
[3.229s] -- Up-to-date: /home/abdelrhaman/microros_ws/install/composition_interfaces/local/lib/python3.10/dist-packages/composition_interfaces/srv
[3.229s] -- Up-to-date: /home/abdelrhaman/microros_ws/install/composition_interfaces/local/lib/python3.10/dist-packages/composition_interfaces/srv/_load_node.py
[3.229s] -- Up-to-date: /home/abdelrhaman/microros_ws/install/composition_interfaces/local/lib/python3.10/dist-packages/composition_interfaces/srv/_unload_node.py
[3.229s] -- Up-to-date: /home/abdelrhaman/microros_ws/install/composition_interfaces/local/lib/python3.10/dist-packages/composition_interfaces/srv/_load_node_s.c
[3.229s] -- Up-to-date: /home/abdelrhaman/microros_ws/install/composition_interfaces/local/lib/python3.10/dist-packages/composition_interfaces/srv/__init__.py
[3.229s] -- Up-to-date: /home/abdelrhaman/microros_ws/install/composition_interfaces/local/lib/python3.10/dist-packages/composition_interfaces/srv/_list_nodes_s.c
[3.229s] -- Up-to-date: /home/abdelrhaman/microros_ws/install/composition_interfaces/local/lib/python3.10/dist-packages/composition_interfaces/srv/_list_nodes.py
[3.229s] -- Up-to-date: /home/abdelrhaman/microros_ws/install/composition_interfaces/local/lib/python3.10/dist-packages/composition_interfaces/srv/_unload_node_s.c
[3.229s] -- Installing: /home/abdelrhaman/microros_ws/install/composition_interfaces/local/lib/python3.10/dist-packages/composition_interfaces/composition_interfaces_s__rosidl_typesupport_fastrtps_c.cpython-310-x86_64-linux-gnu.so
[3.229s] -- Up-to-date: /home/abdelrhaman/microros_ws/install/composition_interfaces/local/lib/python3.10/dist-packages/composition_interfaces/_composition_interfaces_s.ep.rosidl_typesupport_microxrcedds_c.c
[3.229s] -- Up-to-date: /home/abdelrhaman/microros_ws/install/composition_interfaces/local/lib/python3.10/dist-packages/composition_interfaces/_composition_interfaces_s.ep.rosidl_typesupport_introspection_c.c
[3.229s] -- Installing: /home/abdelrhaman/microros_ws/install/composition_interfaces/local/lib/python3.10/dist-packages/composition_interfaces/libcomposition_interfaces__rosidl_generator_py.so
[3.230s] -- Up-to-date: /home/abdelrhaman/microros_ws/install/composition_interfaces/local/lib/python3.10/dist-packages/composition_interfaces/_composition_interfaces_s.ep.rosidl_typesupport_fastrtps_c.c
[3.230s] -- Installing: /home/abdelrhaman/microros_ws/install/composition_interfaces/local/lib/python3.10/dist-packages/composition_interfaces/composition_interfaces_s__rosidl_typesupport_microxrcedds_c.cpython-310-x86_64-linux-gnu.so
[3.230s] -- Installing: /home/abdelrhaman/microros_ws/install/composition_interfaces/local/lib/python3.10/dist-packages/composition_interfaces/__init__.py
[3.255s] Listing '/home/abdelrhaman/microros_ws/install/composition_interfaces/local/lib/python3.10/dist-packages/composition_interfaces'...
[3.255s] Compiling '/home/abdelrhaman/microros_ws/install/composition_interfaces/local/lib/python3.10/dist-packages/composition_interfaces/__init__.py'...
[3.255s] Listing '/home/abdelrhaman/microros_ws/install/composition_interfaces/local/lib/python3.10/dist-packages/composition_interfaces/srv'...
[3.258s] -- Installing: /home/abdelrhaman/microros_ws/install/composition_interfaces/local/lib/python3.10/dist-packages/composition_interfaces/composition_interfaces_s__rosidl_typesupport_microxrcedds_c.cpython-310-x86_64-linux-gnu.so
[3.259s] -- Set runtime path of "/home/abdelrhaman/microros_ws/install/composition_interfaces/local/lib/python3.10/dist-packages/composition_interfaces/composition_interfaces_s__rosidl_typesupport_microxrcedds_c.cpython-310-x86_64-linux-gnu.so" to ""
[3.259s] -- Installing: /home/abdelrhaman/microros_ws/install/composition_interfaces/local/lib/python3.10/dist-packages/composition_interfaces/composition_interfaces_s__rosidl_typesupport_fastrtps_c.cpython-310-x86_64-linux-gnu.so
[3.259s] -- Set runtime path of "/home/abdelrhaman/microros_ws/install/composition_interfaces/local/lib/python3.10/dist-packages/composition_interfaces/composition_interfaces_s__rosidl_typesupport_fastrtps_c.cpython-310-x86_64-linux-gnu.so" to ""
[3.259s] -- Installing: /home/abdelrhaman/microros_ws/install/composition_interfaces/local/lib/python3.10/dist-packages/composition_interfaces/composition_interfaces_s__rosidl_typesupport_introspection_c.cpython-310-x86_64-linux-gnu.so
[3.260s] -- Set runtime path of "/home/abdelrhaman/microros_ws/install/composition_interfaces/local/lib/python3.10/dist-packages/composition_interfaces/composition_interfaces_s__rosidl_typesupport_introspection_c.cpython-310-x86_64-linux-gnu.so" to ""
[3.260s] -- Installing: /home/abdelrhaman/microros_ws/install/composition_interfaces/local/lib/python3.10/dist-packages/composition_interfaces/composition_interfaces_s__rosidl_typesupport_c.cpython-310-x86_64-linux-gnu.so
[3.260s] -- Set runtime path of "/home/abdelrhaman/microros_ws/install/composition_interfaces/local/lib/python3.10/dist-packages/composition_interfaces/composition_interfaces_s__rosidl_typesupport_c.cpython-310-x86_64-linux-gnu.so" to ""
[3.260s] -- Installing: /home/abdelrhaman/microros_ws/install/composition_interfaces/lib/libcomposition_interfaces__rosidl_generator_py.so
[3.261s] -- Set runtime path of "/home/abdelrhaman/microros_ws/install/composition_interfaces/lib/libcomposition_interfaces__rosidl_generator_py.so" to ""
[3.261s] -- Up-to-date: /home/abdelrhaman/microros_ws/install/composition_interfaces/share/composition_interfaces/srv/LoadNode.idl
[3.261s] -- Up-to-date: /home/abdelrhaman/microros_ws/install/composition_interfaces/share/composition_interfaces/srv/ListNodes.idl
[3.261s] -- Up-to-date: /home/abdelrhaman/microros_ws/install/composition_interfaces/share/composition_interfaces/srv/UnloadNode.idl
[3.261s] -- Up-to-date: /home/abdelrhaman/microros_ws/install/composition_interfaces/share/composition_interfaces/srv/LoadNode.srv
[3.261s] -- Up-to-date: /home/abdelrhaman/microros_ws/install/composition_interfaces/share/composition_interfaces/srv/LoadNode_Request.msg
[3.262s] -- Up-to-date: /home/abdelrhaman/microros_ws/install/composition_interfaces/share/composition_interfaces/srv/LoadNode_Response.msg
[3.262s] -- Up-to-date: /home/abdelrhaman/microros_ws/install/composition_interfaces/share/composition_interfaces/srv/ListNodes.srv
[3.262s] -- Up-to-date: /home/abdelrhaman/microros_ws/install/composition_interfaces/share/composition_interfaces/srv/ListNodes_Request.msg
[3.262s] -- Up-to-date: /home/abdelrhaman/microros_ws/install/composition_interfaces/share/composition_interfaces/srv/ListNodes_Response.msg
[3.262s] -- Up-to-date: /home/abdelrhaman/microros_ws/install/composition_interfaces/share/composition_interfaces/srv/UnloadNode.srv
[3.262s] -- Up-to-date: /home/abdelrhaman/microros_ws/install/composition_interfaces/share/composition_interfaces/srv/UnloadNode_Request.msg
[3.262s] -- Up-to-date: /home/abdelrhaman/microros_ws/install/composition_interfaces/share/composition_interfaces/srv/UnloadNode_Response.msg
[3.262s] -- Up-to-date: /home/abdelrhaman/microros_ws/install/composition_interfaces/share/ament_index/resource_index/package_run_dependencies/composition_interfaces
[3.262s] -- Installing: /home/abdelrhaman/microros_ws/install/composition_interfaces/share/ament_index/resource_index/parent_prefix_path/composition_interfaces
[3.262s] -- Up-to-date: /home/abdelrhaman/microros_ws/install/composition_interfaces/share/composition_interfaces/environment/ament_prefix_path.sh
[3.262s] -- Installing: /home/abdelrhaman/microros_ws/install/composition_interfaces/share/composition_interfaces/environment/ament_prefix_path.dsv
[3.263s] -- Up-to-date: /home/abdelrhaman/microros_ws/install/composition_interfaces/share/composition_interfaces/environment/path.sh
[3.263s] -- Installing: /home/abdelrhaman/microros_ws/install/composition_interfaces/share/composition_interfaces/environment/path.dsv
[3.263s] -- Up-to-date: /home/abdelrhaman/microros_ws/install/composition_interfaces/share/composition_interfaces/local_setup.bash
[3.263s] -- Up-to-date: /home/abdelrhaman/microros_ws/install/composition_interfaces/share/composition_interfaces/local_setup.sh
[3.263s] -- Up-to-date: /home/abdelrhaman/microros_ws/install/composition_interfaces/share/composition_interfaces/local_setup.zsh
[3.263s] -- Installing: /home/abdelrhaman/microros_ws/install/composition_interfaces/share/composition_interfaces/local_setup.dsv
[3.263s] -- Installing: /home/abdelrhaman/microros_ws/install/composition_interfaces/share/composition_interfaces/package.dsv
[3.263s] -- Up-to-date: /home/abdelrhaman/microros_ws/install/composition_interfaces/share/ament_index/resource_index/packages/composition_interfaces
[3.263s] -- Up-to-date: /home/abdelrhaman/microros_ws/install/composition_interfaces/share/composition_interfaces/cmake/export_composition_interfaces__rosidl_generator_cExport.cmake
[3.263s] -- Up-to-date: /home/abdelrhaman/microros_ws/install/composition_interfaces/share/composition_interfaces/cmake/export_composition_interfaces__rosidl_generator_cExport-noconfig.cmake
[3.263s] -- Up-to-date: /home/abdelrhaman/microros_ws/install/composition_interfaces/share/composition_interfaces/cmake/export_composition_interfaces__rosidl_typesupport_fastrtps_cExport.cmake
[3.263s] -- Up-to-date: /home/abdelrhaman/microros_ws/install/composition_interfaces/share/composition_interfaces/cmake/export_composition_interfaces__rosidl_typesupport_fastrtps_cExport-noconfig.cmake
[3.264s] -- Up-to-date: /home/abdelrhaman/microros_ws/install/composition_interfaces/share/composition_interfaces/cmake/composition_interfaces__rosidl_typesupport_introspection_cExport.cmake
[3.264s] -- Up-to-date: /home/abdelrhaman/microros_ws/install/composition_interfaces/share/composition_interfaces/cmake/composition_interfaces__rosidl_typesupport_introspection_cExport-noconfig.cmake
[3.264s] -- Up-to-date: /home/abdelrhaman/microros_ws/install/composition_interfaces/share/composition_interfaces/cmake/composition_interfaces__rosidl_typesupport_cExport.cmake
[3.264s] -- Up-to-date: /home/abdelrhaman/microros_ws/install/composition_interfaces/share/composition_interfaces/cmake/composition_interfaces__rosidl_typesupport_cExport-noconfig.cmake
[3.264s] -- Up-to-date: /home/abdelrhaman/microros_ws/install/composition_interfaces/share/composition_interfaces/cmake/export_composition_interfaces__rosidl_generator_cppExport.cmake
[3.264s] -- Up-to-date: /home/abdelrhaman/microros_ws/install/composition_interfaces/share/composition_interfaces/cmake/export_composition_interfaces__rosidl_typesupport_fastrtps_cppExport.cmake
[3.264s] -- Up-to-date: /home/abdelrhaman/microros_ws/install/composition_interfaces/share/composition_interfaces/cmake/export_composition_interfaces__rosidl_typesupport_fastrtps_cppExport-noconfig.cmake
[3.264s] -- Up-to-date: /home/abdelrhaman/microros_ws/install/composition_interfaces/share/composition_interfaces/cmake/composition_interfaces__rosidl_typesupport_introspection_cppExport.cmake
[3.264s] -- Up-to-date: /home/abdelrhaman/microros_ws/install/composition_interfaces/share/composition_interfaces/cmake/composition_interfaces__rosidl_typesupport_introspection_cppExport-noconfig.cmake
[3.264s] -- Up-to-date: /home/abdelrhaman/microros_ws/install/composition_interfaces/share/composition_interfaces/cmake/composition_interfaces__rosidl_typesupport_cppExport.cmake
[3.264s] -- Up-to-date: /home/abdelrhaman/microros_ws/install/composition_interfaces/share/composition_interfaces/cmake/composition_interfaces__rosidl_typesupport_cppExport-noconfig.cmake
[3.265s] -- Up-to-date: /home/abdelrhaman/microros_ws/install/composition_interfaces/share/composition_interfaces/cmake/export_composition_interfaces__rosidl_generator_pyExport.cmake
[3.265s] -- Up-to-date: /home/abdelrhaman/microros_ws/install/composition_interfaces/share/composition_interfaces/cmake/export_composition_interfaces__rosidl_generator_pyExport-noconfig.cmake
[3.265s] -- Up-to-date: /home/abdelrhaman/microros_ws/install/composition_interfaces/share/composition_interfaces/cmake/rosidl_cmake-extras.cmake
[3.265s] -- Up-to-date: /home/abdelrhaman/microros_ws/install/composition_interfaces/share/composition_interfaces/cmake/ament_cmake_export_dependencies-extras.cmake
[3.265s] -- Installing: /home/abdelrhaman/microros_ws/install/composition_interfaces/share/composition_interfaces/cmake/ament_cmake_export_include_directories-extras.cmake
[3.265s] -- Up-to-date: /home/abdelrhaman/microros_ws/install/composition_interfaces/share/composition_interfaces/cmake/ament_cmake_export_libraries-extras.cmake
[3.265s] -- Up-to-date: /home/abdelrhaman/microros_ws/install/composition_interfaces/share/composition_interfaces/cmake/ament_cmake_export_targets-extras.cmake
[3.265s] -- Up-to-date: /home/abdelrhaman/microros_ws/install/composition_interfaces/share/composition_interfaces/cmake/rosidl_cmake_export_typesupport_targets-extras.cmake
[3.265s] -- Installing: /home/abdelrhaman/microros_ws/install/composition_interfaces/share/composition_interfaces/cmake/rosidl_cmake_export_typesupport_libraries-extras.cmake
[3.265s] -- Up-to-date: /home/abdelrhaman/microros_ws/install/composition_interfaces/share/composition_interfaces/cmake/composition_interfacesConfig.cmake
[3.265s] -- Up-to-date: /home/abdelrhaman/microros_ws/install/composition_interfaces/share/composition_interfaces/cmake/composition_interfacesConfig-version.cmake
[3.265s] -- Up-to-date: /home/abdelrhaman/microros_ws/install/composition_interfaces/share/composition_interfaces/package.xml
[3.268s] Invoked command in '/home/abdelrhaman/microros_ws/build/composition_interfaces' returned '0': CMAKE_PREFIX_PATH=/home/abdelrhaman/microros_ws/install/rcl_interfaces:/home/abdelrhaman/microros_ws/install/builtin_interfaces:/home/abdelrhaman/microros_ws/install/micro_ros_demos_rclc:/home/abdelrhaman/microros_ws/install/common_interfaces:/home/abdelrhaman/microros_ws/install/visualization_msgs:/home/abdelrhaman/microros_ws/install/test_msgs:/home/abdelrhaman/microros_ws/install/example_interfaces:/home/abdelrhaman/microros_ws/install/action_msgs:/home/abdelrhaman/microros_ws/install/unique_identifier_msgs:/home/abdelrhaman/microros_ws/install/trajectory_msgs:/home/abdelrhaman/microros_ws/install/stereo_msgs:/home/abdelrhaman/microros_ws/install/std_srvs:/home/abdelrhaman/microros_ws/install/shape_msgs:/home/abdelrhaman/microros_ws/install/sensor_msgs:/home/abdelrhaman/microros_ws/install/nav_msgs:/home/abdelrhaman/microros_ws/install/diagnostic_msgs:/home/abdelrhaman/microros_ws/install/geometry_msgs:/home/abdelrhaman/microros_ws/install/actionlib_msgs:/home/abdelrhaman/microros_ws/install/std_msgs:/home/abdelrhaman/microros_ws/install/statistics_msgs:/home/abdelrhaman/microros_ws/install/rosidl_typesupport_microxrcedds_test_msg:/home/abdelrhaman/microros_ws/install/rosidl_typesupport_microxrcedds_cpp_tests:/home/abdelrhaman/microros_ws/install/rmw_microxrcedds:/home/abdelrhaman/microros_ws/install/rosidl_typesupport_microxrcedds_cpp:/home/abdelrhaman/microros_ws/install/rosidl_typesupport_microxrcedds_c_tests:/home/abdelrhaman/microros_ws/install/rosidl_typesupport_microxrcedds_c:/home/abdelrhaman/microros_ws/install/rosgraph_msgs:/home/abdelrhaman/microros_ws/install/rclc_parameter:/home/abdelrhaman/microros_ws/install/rclc:/home/abdelrhaman/microros_ws/install/composition_interfaces:/home/abdelrhaman/microros_ws/install/microxrcedds_client:/home/abdelrhaman/microros_ws/install/microcdr:/home/abdelrhaman/microros_ws/install/micro_ros_utilities:/home/abdelrhaman/microros_ws/install/micro_ros_setup:/home/abdelrhaman/microros_ws/install/micro_ros_agent:/home/abdelrhaman/microros_ws/install/micro_ros_msgs:/home/abdelrhaman/microros_ws/install/lifecycle_msgs:/home/abdelrhaman/microros_ws/install/complex_msgs:/home/abdelrhaman/microros_ws/install/sensor_msgs_py:/home/abdelrhaman/ros/install/my_robot_controller:/opt/ros/humble LD_LIBRARY_PATH=/home/abdelrhaman/microros_ws/install/rcl_interfaces/lib:/home/abdelrhaman/microros_ws/install/builtin_interfaces/lib:/home/abdelrhaman/microros_ws/install/visualization_msgs/lib:/home/abdelrhaman/microros_ws/install/test_msgs/lib:/home/abdelrhaman/microros_ws/install/example_interfaces/lib:/home/abdelrhaman/microros_ws/install/action_msgs/lib:/home/abdelrhaman/microros_ws/install/unique_identifier_msgs/lib:/home/abdelrhaman/microros_ws/install/trajectory_msgs/lib:/home/abdelrhaman/microros_ws/install/stereo_msgs/lib:/home/abdelrhaman/microros_ws/install/std_srvs/lib:/home/abdelrhaman/microros_ws/install/shape_msgs/lib:/home/abdelrhaman/microros_ws/install/sensor_msgs/lib:/home/abdelrhaman/microros_ws/install/nav_msgs/lib:/home/abdelrhaman/microros_ws/install/diagnostic_msgs/lib:/home/abdelrhaman/microros_ws/install/geometry_msgs/lib:/home/abdelrhaman/microros_ws/install/actionlib_msgs/lib:/home/abdelrhaman/microros_ws/install/std_msgs/lib:/home/abdelrhaman/microros_ws/install/statistics_msgs/lib:/home/abdelrhaman/microros_ws/install/rmw_microxrcedds/lib:/home/abdelrhaman/microros_ws/install/rosidl_typesupport_microxrcedds_cpp/lib:/home/abdelrhaman/microros_ws/install/rosidl_typesupport_microxrcedds_c/lib:/home/abdelrhaman/microros_ws/install/rosgraph_msgs/lib:/home/abdelrhaman/microros_ws/install/rclc_parameter/lib:/home/abdelrhaman/microros_ws/install/rclc/lib:/home/abdelrhaman/microros_ws/install/composition_interfaces/lib:/home/abdelrhaman/microros_ws/install/microxrcedds_client/lib:/home/abdelrhaman/microros_ws/install/microcdr/lib:/home/abdelrhaman/microros_ws/install/micro_ros_utilities/lib:/home/abdelrhaman/microros_ws/install/micro_ros_agent/lib:/home/abdelrhaman/microros_ws/install/micro_ros_msgs/lib:/home/abdelrhaman/microros_ws/install/lifecycle_msgs/lib:/home/abdelrhaman/microros_ws/install/complex_msgs/lib:/opt/ros/humble/opt/rviz_ogre_vendor/lib:/opt/ros/humble/lib/x86_64-linux-gnu:/opt/ros/humble/lib /usr/bin/cmake --install /home/abdelrhaman/microros_ws/build/composition_interfaces
