[0.021s] Invoking command in '/home/abdelrhaman/microros_ws/build/lifecycle_msgs': CMAKE_PREFIX_PATH=${CMAKE_PREFIX_PATH}:/home/abdelrhaman/microros_ws/install/sensor_msgs_py:/home/abdelrhaman/ros/install/my_robot_controller:/opt/ros/humble /usr/bin/cmake /home/abdelrhaman/microros_ws/src/ros2/rcl_interfaces/lifecycle_msgs -DBUILD_TESTING=OFF -DBUILD_SHARED_LIBS=ON -DCMAKE_INSTALL_PREFIX=/home/abdelrhaman/microros_ws/install/lifecycle_msgs
[0.028s] -- Found ament_cmake: 1.3.10 (/opt/ros/humble/share/ament_cmake/cmake)
[0.145s] -- Found rosidl_default_generators: 1.2.0 (/opt/ros/humble/share/rosidl_default_generators/cmake)
[0.149s] -- Using all available rosidl_typesupport_c: rosidl_typesupport_microxrcedds_c;rosidl_typesupport_fastrtps_c;rosidl_typesupport_introspection_c
[0.151s] -- Found rosidl_adapter: 3.1.5 (/opt/ros/humble/share/rosidl_adapter/cmake)
[0.176s] -- Using all available rosidl_typesupport_cpp: rosidl_typesupport_microxrcedds_cpp;rosidl_typesupport_fastrtps_cpp;rosidl_typesupport_introspection_cpp
[0.434s] -- Found ament_cmake_ros: 0.10.0 (/opt/ros/humble/share/ament_cmake_ros/cmake)
[0.664s] -- Using all available rosidl_typesupport_c: rosidl_typesupport_microxrcedds_c;rosidl_typesupport_fastrtps_c;rosidl_typesupport_introspection_c
[0.981s] -- Using all available rosidl_typesupport_cpp: rosidl_typesupport_microxrcedds_cpp;rosidl_typesupport_fastrtps_cpp;rosidl_typesupport_introspection_cpp
[1.005s] -- Found python_cmake_module: 0.10.0 (/opt/ros/humble/share/python_cmake_module/cmake)
[1.025s] -- Using PYTHON_EXECUTABLE: /usr/bin/python3
[1.025s] -- Using PYTHON_INCLUDE_DIRS: /usr/include/python3.10
[1.025s] -- Using PYTHON_LIBRARIES: /usr/lib/x86_64-linux-gnu/libpython3.10.so
[1.051s] -- Configuring done
[1.095s] -- Generating done
[1.097s] -- Build files have been written to: /home/abdelrhaman/microros_ws/build/lifecycle_msgs
[1.101s] Invoked command in '/home/abdelrhaman/microros_ws/build/lifecycle_msgs' returned '0': CMAKE_PREFIX_PATH=${CMAKE_PREFIX_PATH}:/home/abdelrhaman/microros_ws/install/sensor_msgs_py:/home/abdelrhaman/ros/install/my_robot_controller:/opt/ros/humble /usr/bin/cmake /home/abdelrhaman/microros_ws/src/ros2/rcl_interfaces/lifecycle_msgs -DBUILD_TESTING=OFF -DBUILD_SHARED_LIBS=ON -DCMAKE_INSTALL_PREFIX=/home/abdelrhaman/microros_ws/install/lifecycle_msgs
[1.102s] Invoking command in '/home/abdelrhaman/microros_ws/build/lifecycle_msgs': CMAKE_PREFIX_PATH=${CMAKE_PREFIX_PATH}:/home/abdelrhaman/microros_ws/install/sensor_msgs_py:/home/abdelrhaman/ros/install/my_robot_controller:/opt/ros/humble /usr/bin/cmake --build /home/abdelrhaman/microros_ws/build/lifecycle_msgs -- -j20 -l20
[1.157s] [35m[1mConsolidate compiler generated dependencies of target lifecycle_msgs__rosidl_generator_c[0m
[1.164s] [  0%] Built target lifecycle_msgs__cpp
[1.170s] [ 10%] Built target lifecycle_msgs__rosidl_generator_c
[1.178s] [ 10%] Built target ament_cmake_python_copy_lifecycle_msgs
[1.178s] [ 11%] [34m[1mGenerating C++ type support dispatch for ROS interfaces[0m
[1.180s] [35m[1mConsolidate compiler generated dependencies of target lifecycle_msgs__rosidl_typesupport_introspection_cpp[0m
[1.185s] [35m[1mConsolidate compiler generated dependencies of target lifecycle_msgs__rosidl_typesupport_fastrtps_cpp[0m
[1.188s] [ 12%] [34m[1mGenerating C type support dispatch for ROS interfaces[0m
[1.192s] [35m[1mConsolidate compiler generated dependencies of target lifecycle_msgs__rosidl_typesupport_microxrcedds_cpp[0m
[1.197s] [35m[1mConsolidate compiler generated dependencies of target lifecycle_msgs__rosidl_typesupport_fastrtps_c[0m
[1.197s] [35m[1mConsolidate compiler generated dependencies of target lifecycle_msgs__rosidl_typesupport_introspection_c[0m
[1.208s] [35m[1mConsolidate compiler generated dependencies of target lifecycle_msgs__rosidl_typesupport_microxrcedds_c[0m
[1.210s] [ 21%] Built target lifecycle_msgs__rosidl_typesupport_introspection_cpp
[1.220s] [ 30%] Built target lifecycle_msgs__rosidl_typesupport_introspection_c
[1.220s] [ 39%] Built target lifecycle_msgs__rosidl_typesupport_fastrtps_c
[1.224s] [ 48%] Built target lifecycle_msgs__rosidl_typesupport_fastrtps_cpp
[1.228s] [ 58%] Built target lifecycle_msgs__rosidl_typesupport_microxrcedds_cpp
[1.228s] [ 67%] Built target lifecycle_msgs__rosidl_typesupport_microxrcedds_c
[1.674s] running egg_info
[1.756s] writing lifecycle_msgs.egg-info/PKG-INFO
[1.825s] writing dependency_links to lifecycle_msgs.egg-info/dependency_links.txt
[1.957s] [35m[1mConsolidate compiler generated dependencies of target lifecycle_msgs__rosidl_typesupport_c[0m
[1.971s] [ 69%] [32mBuilding CXX object CMakeFiles/lifecycle_msgs__rosidl_typesupport_c.dir/rosidl_typesupport_c/lifecycle_msgs/msg/transition__type_support.cpp.o[0m
[1.971s] [ 69%] [32mBuilding CXX object CMakeFiles/lifecycle_msgs__rosidl_typesupport_c.dir/rosidl_typesupport_c/lifecycle_msgs/srv/change_state__type_support.cpp.o[0m
[1.972s] [ 70%] [32mBuilding CXX object CMakeFiles/lifecycle_msgs__rosidl_typesupport_c.dir/rosidl_typesupport_c/lifecycle_msgs/srv/get_available_states__type_support.cpp.o[0m
[1.972s] [ 70%] [32mBuilding CXX object CMakeFiles/lifecycle_msgs__rosidl_typesupport_c.dir/rosidl_typesupport_c/lifecycle_msgs/msg/transition_description__type_support.cpp.o[0m
[1.972s] [ 72%] [32mBuilding CXX object CMakeFiles/lifecycle_msgs__rosidl_typesupport_c.dir/rosidl_typesupport_c/lifecycle_msgs/srv/get_state__type_support.cpp.o[0m
[1.972s] [ 72%] [32mBuilding CXX object CMakeFiles/lifecycle_msgs__rosidl_typesupport_c.dir/rosidl_typesupport_c/lifecycle_msgs/msg/state__type_support.cpp.o[0m
[1.972s] [ 73%] [32mBuilding CXX object CMakeFiles/lifecycle_msgs__rosidl_typesupport_c.dir/rosidl_typesupport_c/lifecycle_msgs/msg/transition_event__type_support.cpp.o[0m
[1.973s] [ 74%] [32mBuilding CXX object CMakeFiles/lifecycle_msgs__rosidl_typesupport_c.dir/rosidl_typesupport_c/lifecycle_msgs/srv/get_available_transitions__type_support.cpp.o[0m
[2.012s] [ 75%] [32m[1mLinking CXX shared library liblifecycle_msgs__rosidl_typesupport_c.so[0m
[2.064s] [ 75%] Built target lifecycle_msgs__rosidl_typesupport_c
[2.207s] writing top-level names to lifecycle_msgs.egg-info/top_level.txt
[2.245s] [35m[1mConsolidate compiler generated dependencies of target lifecycle_msgs__rosidl_typesupport_cpp[0m
[2.260s] [ 76%] [32mBuilding CXX object CMakeFiles/lifecycle_msgs__rosidl_typesupport_cpp.dir/rosidl_typesupport_cpp/lifecycle_msgs/msg/transition_description__type_support.cpp.o[0m
[2.260s] [ 76%] [32mBuilding CXX object CMakeFiles/lifecycle_msgs__rosidl_typesupport_cpp.dir/rosidl_typesupport_cpp/lifecycle_msgs/srv/get_state__type_support.cpp.o[0m
[2.261s] [ 77%] [32mBuilding CXX object CMakeFiles/lifecycle_msgs__rosidl_typesupport_cpp.dir/rosidl_typesupport_cpp/lifecycle_msgs/msg/transition__type_support.cpp.o[0m
[2.262s] [ 78%] [32mBuilding CXX object CMakeFiles/lifecycle_msgs__rosidl_typesupport_cpp.dir/rosidl_typesupport_cpp/lifecycle_msgs/msg/state__type_support.cpp.o[0m
[2.262s] [ 79%] [32mBuilding CXX object CMakeFiles/lifecycle_msgs__rosidl_typesupport_cpp.dir/rosidl_typesupport_cpp/lifecycle_msgs/srv/get_available_transitions__type_support.cpp.o[0m
[2.264s] [ 82%] [32mBuilding CXX object CMakeFiles/lifecycle_msgs__rosidl_typesupport_cpp.dir/rosidl_typesupport_cpp/lifecycle_msgs/srv/get_available_states__type_support.cpp.o[0m
[2.264s] [ 82%] [32mBuilding CXX object CMakeFiles/lifecycle_msgs__rosidl_typesupport_cpp.dir/rosidl_typesupport_cpp/lifecycle_msgs/srv/change_state__type_support.cpp.o[0m
[2.264s] [ 82%] [32mBuilding CXX object CMakeFiles/lifecycle_msgs__rosidl_typesupport_cpp.dir/rosidl_typesupport_cpp/lifecycle_msgs/msg/transition_event__type_support.cpp.o[0m
[2.328s] reading manifest file 'lifecycle_msgs.egg-info/SOURCES.txt'
[2.330s] writing manifest file 'lifecycle_msgs.egg-info/SOURCES.txt'
[2.406s] [ 82%] Built target ament_cmake_python_build_lifecycle_msgs_egg
[2.593s] [ 83%] [32m[1mLinking CXX shared library liblifecycle_msgs__rosidl_typesupport_cpp.so[0m
[2.631s] [ 83%] Built target lifecycle_msgs__rosidl_typesupport_cpp
[2.653s] [ 83%] Built target lifecycle_msgs
[2.678s] [ 84%] Built target lifecycle_msgs__py
[2.689s] [35m[1mConsolidate compiler generated dependencies of target lifecycle_msgs__rosidl_generator_py[0m
[2.703s] [ 85%] [32m[1mLinking C shared library rosidl_generator_py/lifecycle_msgs/liblifecycle_msgs__rosidl_generator_py.so[0m
[2.742s] [ 92%] Built target lifecycle_msgs__rosidl_generator_py
[2.756s] [35m[1mConsolidate compiler generated dependencies of target lifecycle_msgs__rosidl_typesupport_c__pyext[0m
[2.757s] [35m[1mConsolidate compiler generated dependencies of target lifecycle_msgs__rosidl_typesupport_microxrcedds_c__pyext[0m
[2.757s] [35m[1mConsolidate compiler generated dependencies of target lifecycle_msgs__rosidl_typesupport_introspection_c__pyext[0m
[2.763s] [35m[1mConsolidate compiler generated dependencies of target lifecycle_msgs__rosidl_typesupport_fastrtps_c__pyext[0m
[2.769s] [ 94%] [32m[1mLinking C shared library rosidl_generator_py/lifecycle_msgs/lifecycle_msgs_s__rosidl_typesupport_c.cpython-310-x86_64-linux-gnu.so[0m
[2.769s] [ 94%] [32m[1mLinking C shared library rosidl_generator_py/lifecycle_msgs/lifecycle_msgs_s__rosidl_typesupport_microxrcedds_c.cpython-310-x86_64-linux-gnu.so[0m
[2.771s] [ 95%] [32m[1mLinking C shared library rosidl_generator_py/lifecycle_msgs/lifecycle_msgs_s__rosidl_typesupport_introspection_c.cpython-310-x86_64-linux-gnu.so[0m
[2.783s] [ 96%] [32m[1mLinking C shared library rosidl_generator_py/lifecycle_msgs/lifecycle_msgs_s__rosidl_typesupport_fastrtps_c.cpython-310-x86_64-linux-gnu.so[0m
[2.802s] [ 97%] Built target lifecycle_msgs__rosidl_typesupport_c__pyext
[2.803s] [ 98%] Built target lifecycle_msgs__rosidl_typesupport_microxrcedds_c__pyext
[2.810s] [ 99%] Built target lifecycle_msgs__rosidl_typesupport_introspection_c__pyext
[2.823s] [100%] Built target lifecycle_msgs__rosidl_typesupport_fastrtps_c__pyext
[2.839s] Invoked command in '/home/abdelrhaman/microros_ws/build/lifecycle_msgs' returned '0': CMAKE_PREFIX_PATH=${CMAKE_PREFIX_PATH}:/home/abdelrhaman/microros_ws/install/sensor_msgs_py:/home/abdelrhaman/ros/install/my_robot_controller:/opt/ros/humble /usr/bin/cmake --build /home/abdelrhaman/microros_ws/build/lifecycle_msgs -- -j20 -l20
[3.185s] Invoking command in '/home/abdelrhaman/microros_ws/build/lifecycle_msgs': CMAKE_PREFIX_PATH=${CMAKE_PREFIX_PATH}:/home/abdelrhaman/microros_ws/install/sensor_msgs_py:/home/abdelrhaman/ros/install/my_robot_controller:/opt/ros/humble /usr/bin/cmake --install /home/abdelrhaman/microros_ws/build/lifecycle_msgs
[3.192s] -- Install configuration: ""
[3.192s] -- Up-to-date: /home/abdelrhaman/microros_ws/install/lifecycle_msgs/share/ament_index/resource_index/rosidl_interfaces/lifecycle_msgs
[3.192s] -- Up-to-date: /home/abdelrhaman/microros_ws/install/lifecycle_msgs/include/lifecycle_msgs/lifecycle_msgs
[3.192s] -- Up-to-date: /home/abdelrhaman/microros_ws/install/lifecycle_msgs/include/lifecycle_msgs/lifecycle_msgs/srv
[3.193s] -- Up-to-date: /home/abdelrhaman/microros_ws/install/lifecycle_msgs/include/lifecycle_msgs/lifecycle_msgs/srv/detail
[3.193s] -- Up-to-date: /home/abdelrhaman/microros_ws/install/lifecycle_msgs/include/lifecycle_msgs/lifecycle_msgs/srv/detail/get_available_transitions__functions.h
[3.193s] -- Up-to-date: /home/abdelrhaman/microros_ws/install/lifecycle_msgs/include/lifecycle_msgs/lifecycle_msgs/srv/detail/get_state__type_support.h
[3.193s] -- Up-to-date: /home/abdelrhaman/microros_ws/install/lifecycle_msgs/include/lifecycle_msgs/lifecycle_msgs/srv/detail/get_available_transitions__struct.h
[3.193s] -- Up-to-date: /home/abdelrhaman/microros_ws/install/lifecycle_msgs/include/lifecycle_msgs/lifecycle_msgs/srv/detail/get_available_states__struct.h
[3.193s] -- Up-to-date: /home/abdelrhaman/microros_ws/install/lifecycle_msgs/include/lifecycle_msgs/lifecycle_msgs/srv/detail/get_state__functions.h
[3.193s] -- Up-to-date: /home/abdelrhaman/microros_ws/install/lifecycle_msgs/include/lifecycle_msgs/lifecycle_msgs/srv/detail/get_available_transitions__type_support.h
[3.193s] -- Up-to-date: /home/abdelrhaman/microros_ws/install/lifecycle_msgs/include/lifecycle_msgs/lifecycle_msgs/srv/detail/change_state__functions.c
[3.193s] -- Up-to-date: /home/abdelrhaman/microros_ws/install/lifecycle_msgs/include/lifecycle_msgs/lifecycle_msgs/srv/detail/change_state__type_support.h
[3.193s] -- Up-to-date: /home/abdelrhaman/microros_ws/install/lifecycle_msgs/include/lifecycle_msgs/lifecycle_msgs/srv/detail/get_state__struct.h
[3.194s] -- Up-to-date: /home/abdelrhaman/microros_ws/install/lifecycle_msgs/include/lifecycle_msgs/lifecycle_msgs/srv/detail/get_available_states__type_support.h
[3.194s] -- Up-to-date: /home/abdelrhaman/microros_ws/install/lifecycle_msgs/include/lifecycle_msgs/lifecycle_msgs/srv/detail/get_available_states__functions.c
[3.194s] -- Up-to-date: /home/abdelrhaman/microros_ws/install/lifecycle_msgs/include/lifecycle_msgs/lifecycle_msgs/srv/detail/change_state__struct.h
[3.194s] -- Up-to-date: /home/abdelrhaman/microros_ws/install/lifecycle_msgs/include/lifecycle_msgs/lifecycle_msgs/srv/detail/get_available_transitions__functions.c
[3.194s] -- Up-to-date: /home/abdelrhaman/microros_ws/install/lifecycle_msgs/include/lifecycle_msgs/lifecycle_msgs/srv/detail/get_state__functions.c
[3.194s] -- Up-to-date: /home/abdelrhaman/microros_ws/install/lifecycle_msgs/include/lifecycle_msgs/lifecycle_msgs/srv/detail/get_available_states__functions.h
[3.194s] -- Up-to-date: /home/abdelrhaman/microros_ws/install/lifecycle_msgs/include/lifecycle_msgs/lifecycle_msgs/srv/detail/change_state__functions.h
[3.194s] -- Up-to-date: /home/abdelrhaman/microros_ws/install/lifecycle_msgs/include/lifecycle_msgs/lifecycle_msgs/srv/get_available_transitions.h
[3.194s] -- Up-to-date: /home/abdelrhaman/microros_ws/install/lifecycle_msgs/include/lifecycle_msgs/lifecycle_msgs/srv/get_available_states.h
[3.194s] -- Up-to-date: /home/abdelrhaman/microros_ws/install/lifecycle_msgs/include/lifecycle_msgs/lifecycle_msgs/srv/get_state.h
[3.194s] -- Up-to-date: /home/abdelrhaman/microros_ws/install/lifecycle_msgs/include/lifecycle_msgs/lifecycle_msgs/srv/change_state.h
[3.194s] -- Up-to-date: /home/abdelrhaman/microros_ws/install/lifecycle_msgs/include/lifecycle_msgs/lifecycle_msgs/msg
[3.195s] -- Up-to-date: /home/abdelrhaman/microros_ws/install/lifecycle_msgs/include/lifecycle_msgs/lifecycle_msgs/msg/transition_description.h
[3.195s] -- Up-to-date: /home/abdelrhaman/microros_ws/install/lifecycle_msgs/include/lifecycle_msgs/lifecycle_msgs/msg/rosidl_generator_c__visibility_control.h
[3.195s] -- Up-to-date: /home/abdelrhaman/microros_ws/install/lifecycle_msgs/include/lifecycle_msgs/lifecycle_msgs/msg/transition.h
[3.195s] -- Up-to-date: /home/abdelrhaman/microros_ws/install/lifecycle_msgs/include/lifecycle_msgs/lifecycle_msgs/msg/detail
[3.195s] -- Up-to-date: /home/abdelrhaman/microros_ws/install/lifecycle_msgs/include/lifecycle_msgs/lifecycle_msgs/msg/detail/state__struct.h
[3.195s] -- Up-to-date: /home/abdelrhaman/microros_ws/install/lifecycle_msgs/include/lifecycle_msgs/lifecycle_msgs/msg/detail/transition__functions.c
[3.195s] -- Up-to-date: /home/abdelrhaman/microros_ws/install/lifecycle_msgs/include/lifecycle_msgs/lifecycle_msgs/msg/detail/transition_event__functions.c
[3.195s] -- Up-to-date: /home/abdelrhaman/microros_ws/install/lifecycle_msgs/include/lifecycle_msgs/lifecycle_msgs/msg/detail/transition_event__type_support.h
[3.195s] -- Up-to-date: /home/abdelrhaman/microros_ws/install/lifecycle_msgs/include/lifecycle_msgs/lifecycle_msgs/msg/detail/transition_description__functions.h
[3.196s] -- Up-to-date: /home/abdelrhaman/microros_ws/install/lifecycle_msgs/include/lifecycle_msgs/lifecycle_msgs/msg/detail/transition_description__struct.h
[3.196s] -- Up-to-date: /home/abdelrhaman/microros_ws/install/lifecycle_msgs/include/lifecycle_msgs/lifecycle_msgs/msg/detail/transition__struct.h
[3.196s] -- Up-to-date: /home/abdelrhaman/microros_ws/install/lifecycle_msgs/include/lifecycle_msgs/lifecycle_msgs/msg/detail/state__functions.c
[3.196s] -- Up-to-date: /home/abdelrhaman/microros_ws/install/lifecycle_msgs/include/lifecycle_msgs/lifecycle_msgs/msg/detail/transition_description__functions.c
[3.196s] -- Up-to-date: /home/abdelrhaman/microros_ws/install/lifecycle_msgs/include/lifecycle_msgs/lifecycle_msgs/msg/detail/state__functions.h
[3.196s] -- Up-to-date: /home/abdelrhaman/microros_ws/install/lifecycle_msgs/include/lifecycle_msgs/lifecycle_msgs/msg/detail/transition__functions.h
[3.196s] -- Up-to-date: /home/abdelrhaman/microros_ws/install/lifecycle_msgs/include/lifecycle_msgs/lifecycle_msgs/msg/detail/transition_event__functions.h
[3.196s] -- Up-to-date: /home/abdelrhaman/microros_ws/install/lifecycle_msgs/include/lifecycle_msgs/lifecycle_msgs/msg/detail/transition__type_support.h
[3.196s] -- Up-to-date: /home/abdelrhaman/microros_ws/install/lifecycle_msgs/include/lifecycle_msgs/lifecycle_msgs/msg/detail/state__type_support.h
[3.196s] -- Up-to-date: /home/abdelrhaman/microros_ws/install/lifecycle_msgs/include/lifecycle_msgs/lifecycle_msgs/msg/detail/transition_event__struct.h
[3.196s] -- Up-to-date: /home/abdelrhaman/microros_ws/install/lifecycle_msgs/include/lifecycle_msgs/lifecycle_msgs/msg/detail/transition_description__type_support.h
[3.197s] -- Up-to-date: /home/abdelrhaman/microros_ws/install/lifecycle_msgs/include/lifecycle_msgs/lifecycle_msgs/msg/transition_event.h
[3.197s] -- Up-to-date: /home/abdelrhaman/microros_ws/install/lifecycle_msgs/include/lifecycle_msgs/lifecycle_msgs/msg/state.h
[3.197s] -- Up-to-date: /home/abdelrhaman/microros_ws/install/lifecycle_msgs/share/lifecycle_msgs/environment/library_path.sh
[3.197s] -- Installing: /home/abdelrhaman/microros_ws/install/lifecycle_msgs/share/lifecycle_msgs/environment/library_path.dsv
[3.197s] -- Up-to-date: /home/abdelrhaman/microros_ws/install/lifecycle_msgs/lib/liblifecycle_msgs__rosidl_generator_c.so
[3.197s] -- Up-to-date: /home/abdelrhaman/microros_ws/install/lifecycle_msgs/include/lifecycle_msgs
[3.197s] -- Up-to-date: /home/abdelrhaman/microros_ws/install/lifecycle_msgs/include/lifecycle_msgs/srv
[3.197s] -- Up-to-date: /home/abdelrhaman/microros_ws/install/lifecycle_msgs/include/lifecycle_msgs/srv/detail
[3.197s] -- Up-to-date: /home/abdelrhaman/microros_ws/install/lifecycle_msgs/include/lifecycle_msgs/srv/detail/get_state__rosidl_typesupport_microxrcedds_c.h
[3.197s] -- Up-to-date: /home/abdelrhaman/microros_ws/install/lifecycle_msgs/include/lifecycle_msgs/srv/detail/microxrcedds
[3.198s] -- Up-to-date: /home/abdelrhaman/microros_ws/install/lifecycle_msgs/include/lifecycle_msgs/srv/detail/get_available_transitions__rosidl_typesupport_microxrcedds_c.h
[3.198s] -- Up-to-date: /home/abdelrhaman/microros_ws/install/lifecycle_msgs/include/lifecycle_msgs/srv/detail/change_state__rosidl_typesupport_microxrcedds_c.h
[3.198s] -- Up-to-date: /home/abdelrhaman/microros_ws/install/lifecycle_msgs/include/lifecycle_msgs/srv/detail/get_available_states__rosidl_typesupport_microxrcedds_c.h
[3.198s] -- Up-to-date: /home/abdelrhaman/microros_ws/install/lifecycle_msgs/include/lifecycle_msgs/msg
[3.198s] -- Up-to-date: /home/abdelrhaman/microros_ws/install/lifecycle_msgs/include/lifecycle_msgs/msg/detail
[3.198s] -- Up-to-date: /home/abdelrhaman/microros_ws/install/lifecycle_msgs/include/lifecycle_msgs/msg/detail/transition__rosidl_typesupport_microxrcedds_c.h
[3.198s] -- Up-to-date: /home/abdelrhaman/microros_ws/install/lifecycle_msgs/include/lifecycle_msgs/msg/detail/transition_event__rosidl_typesupport_microxrcedds_c.h
[3.198s] -- Up-to-date: /home/abdelrhaman/microros_ws/install/lifecycle_msgs/include/lifecycle_msgs/msg/detail/state__rosidl_typesupport_microxrcedds_c.h
[3.198s] -- Up-to-date: /home/abdelrhaman/microros_ws/install/lifecycle_msgs/include/lifecycle_msgs/msg/detail/transition_description__rosidl_typesupport_microxrcedds_c.h
[3.198s] -- Up-to-date: /home/abdelrhaman/microros_ws/install/lifecycle_msgs/include/lifecycle_msgs/msg/detail/microxrcedds
[3.198s] -- Up-to-date: /home/abdelrhaman/microros_ws/install/lifecycle_msgs/include/lifecycle_msgs/msg/rosidl_typesupport_microxrcedds_c__visibility_control.h
[3.198s] -- Up-to-date: /home/abdelrhaman/microros_ws/install/lifecycle_msgs/lib/liblifecycle_msgs__rosidl_typesupport_microxrcedds_c.so
[3.198s] -- Up-to-date: /home/abdelrhaman/microros_ws/install/lifecycle_msgs/include/lifecycle_msgs/lifecycle_msgs
[3.198s] -- Up-to-date: /home/abdelrhaman/microros_ws/install/lifecycle_msgs/include/lifecycle_msgs/lifecycle_msgs/srv
[3.198s] -- Up-to-date: /home/abdelrhaman/microros_ws/install/lifecycle_msgs/include/lifecycle_msgs/lifecycle_msgs/srv/detail
[3.198s] -- Up-to-date: /home/abdelrhaman/microros_ws/install/lifecycle_msgs/include/lifecycle_msgs/lifecycle_msgs/srv/detail/change_state__rosidl_typesupport_fastrtps_c.h
[3.198s] -- Up-to-date: /home/abdelrhaman/microros_ws/install/lifecycle_msgs/include/lifecycle_msgs/lifecycle_msgs/srv/detail/get_state__rosidl_typesupport_fastrtps_c.h
[3.198s] -- Up-to-date: /home/abdelrhaman/microros_ws/install/lifecycle_msgs/include/lifecycle_msgs/lifecycle_msgs/srv/detail/get_available_states__rosidl_typesupport_fastrtps_c.h
[3.198s] -- Up-to-date: /home/abdelrhaman/microros_ws/install/lifecycle_msgs/include/lifecycle_msgs/lifecycle_msgs/srv/detail/get_available_transitions__rosidl_typesupport_fastrtps_c.h
[3.198s] -- Up-to-date: /home/abdelrhaman/microros_ws/install/lifecycle_msgs/include/lifecycle_msgs/lifecycle_msgs/msg
[3.198s] -- Up-to-date: /home/abdelrhaman/microros_ws/install/lifecycle_msgs/include/lifecycle_msgs/lifecycle_msgs/msg/detail
[3.198s] -- Up-to-date: /home/abdelrhaman/microros_ws/install/lifecycle_msgs/include/lifecycle_msgs/lifecycle_msgs/msg/detail/transition_description__rosidl_typesupport_fastrtps_c.h
[3.198s] -- Up-to-date: /home/abdelrhaman/microros_ws/install/lifecycle_msgs/include/lifecycle_msgs/lifecycle_msgs/msg/detail/transition__rosidl_typesupport_fastrtps_c.h
[3.198s] -- Up-to-date: /home/abdelrhaman/microros_ws/install/lifecycle_msgs/include/lifecycle_msgs/lifecycle_msgs/msg/detail/transition_event__rosidl_typesupport_fastrtps_c.h
[3.198s] -- Up-to-date: /home/abdelrhaman/microros_ws/install/lifecycle_msgs/include/lifecycle_msgs/lifecycle_msgs/msg/detail/state__rosidl_typesupport_fastrtps_c.h
[3.198s] -- Up-to-date: /home/abdelrhaman/microros_ws/install/lifecycle_msgs/include/lifecycle_msgs/lifecycle_msgs/msg/rosidl_typesupport_fastrtps_c__visibility_control.h
[3.198s] -- Up-to-date: /home/abdelrhaman/microros_ws/install/lifecycle_msgs/lib/liblifecycle_msgs__rosidl_typesupport_fastrtps_c.so
[3.198s] -- Up-to-date: /home/abdelrhaman/microros_ws/install/lifecycle_msgs/include/lifecycle_msgs/lifecycle_msgs
[3.198s] -- Up-to-date: /home/abdelrhaman/microros_ws/install/lifecycle_msgs/include/lifecycle_msgs/lifecycle_msgs/srv
[3.198s] -- Up-to-date: /home/abdelrhaman/microros_ws/install/lifecycle_msgs/include/lifecycle_msgs/lifecycle_msgs/srv/detail
[3.198s] -- Up-to-date: /home/abdelrhaman/microros_ws/install/lifecycle_msgs/include/lifecycle_msgs/lifecycle_msgs/srv/detail/get_available_transitions__rosidl_typesupport_introspection_c.h
[3.198s] -- Up-to-date: /home/abdelrhaman/microros_ws/install/lifecycle_msgs/include/lifecycle_msgs/lifecycle_msgs/srv/detail/change_state__type_support.c
[3.198s] -- Up-to-date: /home/abdelrhaman/microros_ws/install/lifecycle_msgs/include/lifecycle_msgs/lifecycle_msgs/srv/detail/get_state__rosidl_typesupport_introspection_c.h
[3.198s] -- Up-to-date: /home/abdelrhaman/microros_ws/install/lifecycle_msgs/include/lifecycle_msgs/lifecycle_msgs/srv/detail/change_state__rosidl_typesupport_introspection_c.h
[3.199s] -- Up-to-date: /home/abdelrhaman/microros_ws/install/lifecycle_msgs/include/lifecycle_msgs/lifecycle_msgs/srv/detail/get_available_transitions__type_support.c
[3.199s] -- Up-to-date: /home/abdelrhaman/microros_ws/install/lifecycle_msgs/include/lifecycle_msgs/lifecycle_msgs/srv/detail/get_available_states__rosidl_typesupport_introspection_c.h
[3.199s] -- Up-to-date: /home/abdelrhaman/microros_ws/install/lifecycle_msgs/include/lifecycle_msgs/lifecycle_msgs/srv/detail/get_available_states__type_support.c
[3.199s] -- Up-to-date: /home/abdelrhaman/microros_ws/install/lifecycle_msgs/include/lifecycle_msgs/lifecycle_msgs/srv/detail/get_state__type_support.c
[3.199s] -- Up-to-date: /home/abdelrhaman/microros_ws/install/lifecycle_msgs/include/lifecycle_msgs/lifecycle_msgs/msg
[3.199s] -- Up-to-date: /home/abdelrhaman/microros_ws/install/lifecycle_msgs/include/lifecycle_msgs/lifecycle_msgs/msg/rosidl_typesupport_introspection_c__visibility_control.h
[3.199s] -- Up-to-date: /home/abdelrhaman/microros_ws/install/lifecycle_msgs/include/lifecycle_msgs/lifecycle_msgs/msg/detail
[3.199s] -- Up-to-date: /home/abdelrhaman/microros_ws/install/lifecycle_msgs/include/lifecycle_msgs/lifecycle_msgs/msg/detail/state__rosidl_typesupport_introspection_c.h
[3.199s] -- Up-to-date: /home/abdelrhaman/microros_ws/install/lifecycle_msgs/include/lifecycle_msgs/lifecycle_msgs/msg/detail/state__type_support.c
[3.199s] -- Up-to-date: /home/abdelrhaman/microros_ws/install/lifecycle_msgs/include/lifecycle_msgs/lifecycle_msgs/msg/detail/transition_event__type_support.c
[3.199s] -- Up-to-date: /home/abdelrhaman/microros_ws/install/lifecycle_msgs/include/lifecycle_msgs/lifecycle_msgs/msg/detail/transition_description__rosidl_typesupport_introspection_c.h
[3.199s] -- Up-to-date: /home/abdelrhaman/microros_ws/install/lifecycle_msgs/include/lifecycle_msgs/lifecycle_msgs/msg/detail/transition__type_support.c
[3.199s] -- Up-to-date: /home/abdelrhaman/microros_ws/install/lifecycle_msgs/include/lifecycle_msgs/lifecycle_msgs/msg/detail/transition_description__type_support.c
[3.199s] -- Up-to-date: /home/abdelrhaman/microros_ws/install/lifecycle_msgs/include/lifecycle_msgs/lifecycle_msgs/msg/detail/transition_event__rosidl_typesupport_introspection_c.h
[3.199s] -- Up-to-date: /home/abdelrhaman/microros_ws/install/lifecycle_msgs/include/lifecycle_msgs/lifecycle_msgs/msg/detail/transition__rosidl_typesupport_introspection_c.h
[3.199s] -- Up-to-date: /home/abdelrhaman/microros_ws/install/lifecycle_msgs/lib/liblifecycle_msgs__rosidl_typesupport_introspection_c.so
[3.199s] -- Installing: /home/abdelrhaman/microros_ws/install/lifecycle_msgs/lib/liblifecycle_msgs__rosidl_typesupport_c.so
[3.199s] -- Set runtime path of "/home/abdelrhaman/microros_ws/install/lifecycle_msgs/lib/liblifecycle_msgs__rosidl_typesupport_c.so" to ""
[3.199s] -- Up-to-date: /home/abdelrhaman/microros_ws/install/lifecycle_msgs/include/lifecycle_msgs/lifecycle_msgs
[3.199s] -- Up-to-date: /home/abdelrhaman/microros_ws/install/lifecycle_msgs/include/lifecycle_msgs/lifecycle_msgs/srv
[3.199s] -- Up-to-date: /home/abdelrhaman/microros_ws/install/lifecycle_msgs/include/lifecycle_msgs/lifecycle_msgs/srv/get_available_transitions.hpp
[3.199s] -- Up-to-date: /home/abdelrhaman/microros_ws/install/lifecycle_msgs/include/lifecycle_msgs/lifecycle_msgs/srv/detail
[3.199s] -- Up-to-date: /home/abdelrhaman/microros_ws/install/lifecycle_msgs/include/lifecycle_msgs/lifecycle_msgs/srv/detail/change_state__traits.hpp
[3.199s] -- Up-to-date: /home/abdelrhaman/microros_ws/install/lifecycle_msgs/include/lifecycle_msgs/lifecycle_msgs/srv/detail/get_state__struct.hpp
[3.199s] -- Up-to-date: /home/abdelrhaman/microros_ws/install/lifecycle_msgs/include/lifecycle_msgs/lifecycle_msgs/srv/detail/get_available_transitions__struct.hpp
[3.199s] -- Up-to-date: /home/abdelrhaman/microros_ws/install/lifecycle_msgs/include/lifecycle_msgs/lifecycle_msgs/srv/detail/get_available_states__traits.hpp
[3.199s] -- Up-to-date: /home/abdelrhaman/microros_ws/install/lifecycle_msgs/include/lifecycle_msgs/lifecycle_msgs/srv/detail/get_state__traits.hpp
[3.199s] -- Up-to-date: /home/abdelrhaman/microros_ws/install/lifecycle_msgs/include/lifecycle_msgs/lifecycle_msgs/srv/detail/get_available_transitions__traits.hpp
[3.199s] -- Up-to-date: /home/abdelrhaman/microros_ws/install/lifecycle_msgs/include/lifecycle_msgs/lifecycle_msgs/srv/detail/get_state__builder.hpp
[3.199s] -- Up-to-date: /home/abdelrhaman/microros_ws/install/lifecycle_msgs/include/lifecycle_msgs/lifecycle_msgs/srv/detail/change_state__struct.hpp
[3.199s] -- Up-to-date: /home/abdelrhaman/microros_ws/install/lifecycle_msgs/include/lifecycle_msgs/lifecycle_msgs/srv/detail/get_available_states__builder.hpp
[3.199s] -- Up-to-date: /home/abdelrhaman/microros_ws/install/lifecycle_msgs/include/lifecycle_msgs/lifecycle_msgs/srv/detail/change_state__builder.hpp
[3.199s] -- Up-to-date: /home/abdelrhaman/microros_ws/install/lifecycle_msgs/include/lifecycle_msgs/lifecycle_msgs/srv/detail/get_available_transitions__builder.hpp
[3.199s] -- Up-to-date: /home/abdelrhaman/microros_ws/install/lifecycle_msgs/include/lifecycle_msgs/lifecycle_msgs/srv/detail/get_available_states__struct.hpp
[3.199s] -- Up-to-date: /home/abdelrhaman/microros_ws/install/lifecycle_msgs/include/lifecycle_msgs/lifecycle_msgs/srv/change_state.hpp
[3.199s] -- Up-to-date: /home/abdelrhaman/microros_ws/install/lifecycle_msgs/include/lifecycle_msgs/lifecycle_msgs/srv/get_available_states.hpp
[3.199s] -- Up-to-date: /home/abdelrhaman/microros_ws/install/lifecycle_msgs/include/lifecycle_msgs/lifecycle_msgs/srv/get_state.hpp
[3.199s] -- Up-to-date: /home/abdelrhaman/microros_ws/install/lifecycle_msgs/include/lifecycle_msgs/lifecycle_msgs/msg
[3.199s] -- Up-to-date: /home/abdelrhaman/microros_ws/install/lifecycle_msgs/include/lifecycle_msgs/lifecycle_msgs/msg/detail
[3.200s] -- Up-to-date: /home/abdelrhaman/microros_ws/install/lifecycle_msgs/include/lifecycle_msgs/lifecycle_msgs/msg/detail/transition_description__struct.hpp
[3.200s] -- Up-to-date: /home/abdelrhaman/microros_ws/install/lifecycle_msgs/include/lifecycle_msgs/lifecycle_msgs/msg/detail/transition_event__builder.hpp
[3.200s] -- Up-to-date: /home/abdelrhaman/microros_ws/install/lifecycle_msgs/include/lifecycle_msgs/lifecycle_msgs/msg/detail/transition__builder.hpp
[3.200s] -- Up-to-date: /home/abdelrhaman/microros_ws/install/lifecycle_msgs/include/lifecycle_msgs/lifecycle_msgs/msg/detail/transition_description__traits.hpp
[3.200s] -- Up-to-date: /home/abdelrhaman/microros_ws/install/lifecycle_msgs/include/lifecycle_msgs/lifecycle_msgs/msg/detail/transition__struct.hpp
[3.200s] -- Up-to-date: /home/abdelrhaman/microros_ws/install/lifecycle_msgs/include/lifecycle_msgs/lifecycle_msgs/msg/detail/transition__traits.hpp
[3.200s] -- Up-to-date: /home/abdelrhaman/microros_ws/install/lifecycle_msgs/include/lifecycle_msgs/lifecycle_msgs/msg/detail/transition_description__builder.hpp
[3.200s] -- Up-to-date: /home/abdelrhaman/microros_ws/install/lifecycle_msgs/include/lifecycle_msgs/lifecycle_msgs/msg/detail/transition_event__traits.hpp
[3.200s] -- Up-to-date: /home/abdelrhaman/microros_ws/install/lifecycle_msgs/include/lifecycle_msgs/lifecycle_msgs/msg/detail/state__traits.hpp
[3.200s] -- Up-to-date: /home/abdelrhaman/microros_ws/install/lifecycle_msgs/include/lifecycle_msgs/lifecycle_msgs/msg/detail/transition_event__struct.hpp
[3.200s] -- Up-to-date: /home/abdelrhaman/microros_ws/install/lifecycle_msgs/include/lifecycle_msgs/lifecycle_msgs/msg/detail/state__struct.hpp
[3.200s] -- Up-to-date: /home/abdelrhaman/microros_ws/install/lifecycle_msgs/include/lifecycle_msgs/lifecycle_msgs/msg/detail/state__builder.hpp
[3.200s] -- Up-to-date: /home/abdelrhaman/microros_ws/install/lifecycle_msgs/include/lifecycle_msgs/lifecycle_msgs/msg/state.hpp
[3.200s] -- Up-to-date: /home/abdelrhaman/microros_ws/install/lifecycle_msgs/include/lifecycle_msgs/lifecycle_msgs/msg/transition_description.hpp
[3.200s] -- Up-to-date: /home/abdelrhaman/microros_ws/install/lifecycle_msgs/include/lifecycle_msgs/lifecycle_msgs/msg/transition_event.hpp
[3.200s] -- Up-to-date: /home/abdelrhaman/microros_ws/install/lifecycle_msgs/include/lifecycle_msgs/lifecycle_msgs/msg/transition.hpp
[3.200s] -- Up-to-date: /home/abdelrhaman/microros_ws/install/lifecycle_msgs/include/lifecycle_msgs
[3.200s] -- Up-to-date: /home/abdelrhaman/microros_ws/install/lifecycle_msgs/include/lifecycle_msgs/srv
[3.200s] -- Up-to-date: /home/abdelrhaman/microros_ws/install/lifecycle_msgs/include/lifecycle_msgs/srv/detail
[3.200s] -- Up-to-date: /home/abdelrhaman/microros_ws/install/lifecycle_msgs/include/lifecycle_msgs/srv/detail/get_available_transitions__rosidl_typesupport_microxrcedds_cpp.hpp
[3.200s] -- Up-to-date: /home/abdelrhaman/microros_ws/install/lifecycle_msgs/include/lifecycle_msgs/srv/detail/get_available_states__rosidl_typesupport_microxrcedds_cpp.hpp
[3.200s] -- Up-to-date: /home/abdelrhaman/microros_ws/install/lifecycle_msgs/include/lifecycle_msgs/srv/detail/change_state__rosidl_typesupport_microxrcedds_cpp.hpp
[3.200s] -- Up-to-date: /home/abdelrhaman/microros_ws/install/lifecycle_msgs/include/lifecycle_msgs/srv/detail/get_state__rosidl_typesupport_microxrcedds_cpp.hpp
[3.200s] -- Up-to-date: /home/abdelrhaman/microros_ws/install/lifecycle_msgs/include/lifecycle_msgs/srv/detail/microxrcedds
[3.200s] -- Up-to-date: /home/abdelrhaman/microros_ws/install/lifecycle_msgs/include/lifecycle_msgs/srv/detail/microxrcedds/change_state__type_support_cpp.cpp
[3.200s] -- Up-to-date: /home/abdelrhaman/microros_ws/install/lifecycle_msgs/include/lifecycle_msgs/srv/detail/microxrcedds/get_available_states__type_support_cpp.cpp
[3.200s] -- Up-to-date: /home/abdelrhaman/microros_ws/install/lifecycle_msgs/include/lifecycle_msgs/srv/detail/microxrcedds/get_available_transitions__type_support_cpp.cpp
[3.200s] -- Up-to-date: /home/abdelrhaman/microros_ws/install/lifecycle_msgs/include/lifecycle_msgs/srv/detail/microxrcedds/get_state__type_support_cpp.cpp
[3.200s] -- Up-to-date: /home/abdelrhaman/microros_ws/install/lifecycle_msgs/include/lifecycle_msgs/msg
[3.200s] -- Up-to-date: /home/abdelrhaman/microros_ws/install/lifecycle_msgs/include/lifecycle_msgs/msg/detail
[3.200s] -- Up-to-date: /home/abdelrhaman/microros_ws/install/lifecycle_msgs/include/lifecycle_msgs/msg/detail/transition_event__rosidl_typesupport_microxrcedds_cpp.hpp
[3.200s] -- Up-to-date: /home/abdelrhaman/microros_ws/install/lifecycle_msgs/include/lifecycle_msgs/msg/detail/transition__rosidl_typesupport_microxrcedds_cpp.hpp
[3.200s] -- Up-to-date: /home/abdelrhaman/microros_ws/install/lifecycle_msgs/include/lifecycle_msgs/msg/detail/microxrcedds
[3.200s] -- Up-to-date: /home/abdelrhaman/microros_ws/install/lifecycle_msgs/include/lifecycle_msgs/msg/detail/microxrcedds/transition_event__type_support_cpp.cpp
[3.200s] -- Up-to-date: /home/abdelrhaman/microros_ws/install/lifecycle_msgs/include/lifecycle_msgs/msg/detail/microxrcedds/state__type_support_cpp.cpp
[3.201s] -- Up-to-date: /home/abdelrhaman/microros_ws/install/lifecycle_msgs/include/lifecycle_msgs/msg/detail/microxrcedds/transition__type_support_cpp.cpp
[3.201s] -- Up-to-date: /home/abdelrhaman/microros_ws/install/lifecycle_msgs/include/lifecycle_msgs/msg/detail/microxrcedds/transition_description__type_support_cpp.cpp
[3.201s] -- Up-to-date: /home/abdelrhaman/microros_ws/install/lifecycle_msgs/include/lifecycle_msgs/msg/detail/state__rosidl_typesupport_microxrcedds_cpp.hpp
[3.201s] -- Up-to-date: /home/abdelrhaman/microros_ws/install/lifecycle_msgs/include/lifecycle_msgs/msg/detail/transition_description__rosidl_typesupport_microxrcedds_cpp.hpp
[3.201s] -- Up-to-date: /home/abdelrhaman/microros_ws/install/lifecycle_msgs/include/lifecycle_msgs/msg/rosidl_typesupport_microxrcedds_cpp__visibility_control.h
[3.201s] -- Up-to-date: /home/abdelrhaman/microros_ws/install/lifecycle_msgs/lib/liblifecycle_msgs__rosidl_typesupport_microxrcedds_cpp.so
[3.201s] -- Up-to-date: /home/abdelrhaman/microros_ws/install/lifecycle_msgs/include/lifecycle_msgs/lifecycle_msgs
[3.201s] -- Up-to-date: /home/abdelrhaman/microros_ws/install/lifecycle_msgs/include/lifecycle_msgs/lifecycle_msgs/srv
[3.201s] -- Up-to-date: /home/abdelrhaman/microros_ws/install/lifecycle_msgs/include/lifecycle_msgs/lifecycle_msgs/srv/detail
[3.201s] -- Up-to-date: /home/abdelrhaman/microros_ws/install/lifecycle_msgs/include/lifecycle_msgs/lifecycle_msgs/srv/detail/get_state__rosidl_typesupport_fastrtps_cpp.hpp
[3.201s] -- Up-to-date: /home/abdelrhaman/microros_ws/install/lifecycle_msgs/include/lifecycle_msgs/lifecycle_msgs/srv/detail/change_state__rosidl_typesupport_fastrtps_cpp.hpp
[3.201s] -- Up-to-date: /home/abdelrhaman/microros_ws/install/lifecycle_msgs/include/lifecycle_msgs/lifecycle_msgs/srv/detail/get_available_states__rosidl_typesupport_fastrtps_cpp.hpp
[3.201s] -- Up-to-date: /home/abdelrhaman/microros_ws/install/lifecycle_msgs/include/lifecycle_msgs/lifecycle_msgs/srv/detail/dds_fastrtps
[3.201s] -- Up-to-date: /home/abdelrhaman/microros_ws/install/lifecycle_msgs/include/lifecycle_msgs/lifecycle_msgs/srv/detail/get_available_transitions__rosidl_typesupport_fastrtps_cpp.hpp
[3.201s] -- Up-to-date: /home/abdelrhaman/microros_ws/install/lifecycle_msgs/include/lifecycle_msgs/lifecycle_msgs/msg
[3.201s] -- Up-to-date: /home/abdelrhaman/microros_ws/install/lifecycle_msgs/include/lifecycle_msgs/lifecycle_msgs/msg/detail
[3.201s] -- Up-to-date: /home/abdelrhaman/microros_ws/install/lifecycle_msgs/include/lifecycle_msgs/lifecycle_msgs/msg/detail/transition_description__rosidl_typesupport_fastrtps_cpp.hpp
[3.201s] -- Up-to-date: /home/abdelrhaman/microros_ws/install/lifecycle_msgs/include/lifecycle_msgs/lifecycle_msgs/msg/detail/transition_event__rosidl_typesupport_fastrtps_cpp.hpp
[3.201s] -- Up-to-date: /home/abdelrhaman/microros_ws/install/lifecycle_msgs/include/lifecycle_msgs/lifecycle_msgs/msg/detail/transition__rosidl_typesupport_fastrtps_cpp.hpp
[3.201s] -- Up-to-date: /home/abdelrhaman/microros_ws/install/lifecycle_msgs/include/lifecycle_msgs/lifecycle_msgs/msg/detail/state__rosidl_typesupport_fastrtps_cpp.hpp
[3.201s] -- Up-to-date: /home/abdelrhaman/microros_ws/install/lifecycle_msgs/include/lifecycle_msgs/lifecycle_msgs/msg/detail/dds_fastrtps
[3.201s] -- Up-to-date: /home/abdelrhaman/microros_ws/install/lifecycle_msgs/include/lifecycle_msgs/lifecycle_msgs/msg/rosidl_typesupport_fastrtps_cpp__visibility_control.h
[3.201s] -- Up-to-date: /home/abdelrhaman/microros_ws/install/lifecycle_msgs/lib/liblifecycle_msgs__rosidl_typesupport_fastrtps_cpp.so
[3.201s] -- Up-to-date: /home/abdelrhaman/microros_ws/install/lifecycle_msgs/include/lifecycle_msgs/lifecycle_msgs
[3.201s] -- Up-to-date: /home/abdelrhaman/microros_ws/install/lifecycle_msgs/include/lifecycle_msgs/lifecycle_msgs/srv
[3.201s] -- Up-to-date: /home/abdelrhaman/microros_ws/install/lifecycle_msgs/include/lifecycle_msgs/lifecycle_msgs/srv/detail
[3.201s] -- Up-to-date: /home/abdelrhaman/microros_ws/install/lifecycle_msgs/include/lifecycle_msgs/lifecycle_msgs/srv/detail/change_state__rosidl_typesupport_introspection_cpp.hpp
[3.201s] -- Up-to-date: /home/abdelrhaman/microros_ws/install/lifecycle_msgs/include/lifecycle_msgs/lifecycle_msgs/srv/detail/get_state__type_support.cpp
[3.201s] -- Up-to-date: /home/abdelrhaman/microros_ws/install/lifecycle_msgs/include/lifecycle_msgs/lifecycle_msgs/srv/detail/get_state__rosidl_typesupport_introspection_cpp.hpp
[3.201s] -- Up-to-date: /home/abdelrhaman/microros_ws/install/lifecycle_msgs/include/lifecycle_msgs/lifecycle_msgs/srv/detail/get_available_transitions__type_support.cpp
[3.201s] -- Up-to-date: /home/abdelrhaman/microros_ws/install/lifecycle_msgs/include/lifecycle_msgs/lifecycle_msgs/srv/detail/get_available_states__type_support.cpp
[3.201s] -- Up-to-date: /home/abdelrhaman/microros_ws/install/lifecycle_msgs/include/lifecycle_msgs/lifecycle_msgs/srv/detail/change_state__type_support.cpp
[3.201s] -- Up-to-date: /home/abdelrhaman/microros_ws/install/lifecycle_msgs/include/lifecycle_msgs/lifecycle_msgs/srv/detail/get_available_transitions__rosidl_typesupport_introspection_cpp.hpp
[3.201s] -- Up-to-date: /home/abdelrhaman/microros_ws/install/lifecycle_msgs/include/lifecycle_msgs/lifecycle_msgs/srv/detail/get_available_states__rosidl_typesupport_introspection_cpp.hpp
[3.202s] -- Up-to-date: /home/abdelrhaman/microros_ws/install/lifecycle_msgs/include/lifecycle_msgs/lifecycle_msgs/msg
[3.202s] -- Up-to-date: /home/abdelrhaman/microros_ws/install/lifecycle_msgs/include/lifecycle_msgs/lifecycle_msgs/msg/detail
[3.202s] -- Up-to-date: /home/abdelrhaman/microros_ws/install/lifecycle_msgs/include/lifecycle_msgs/lifecycle_msgs/msg/detail/state__type_support.cpp
[3.202s] -- Up-to-date: /home/abdelrhaman/microros_ws/install/lifecycle_msgs/include/lifecycle_msgs/lifecycle_msgs/msg/detail/transition_event__type_support.cpp
[3.202s] -- Up-to-date: /home/abdelrhaman/microros_ws/install/lifecycle_msgs/include/lifecycle_msgs/lifecycle_msgs/msg/detail/transition__type_support.cpp
[3.202s] -- Up-to-date: /home/abdelrhaman/microros_ws/install/lifecycle_msgs/include/lifecycle_msgs/lifecycle_msgs/msg/detail/state__rosidl_typesupport_introspection_cpp.hpp
[3.202s] -- Up-to-date: /home/abdelrhaman/microros_ws/install/lifecycle_msgs/include/lifecycle_msgs/lifecycle_msgs/msg/detail/transition__rosidl_typesupport_introspection_cpp.hpp
[3.202s] -- Up-to-date: /home/abdelrhaman/microros_ws/install/lifecycle_msgs/include/lifecycle_msgs/lifecycle_msgs/msg/detail/transition_description__rosidl_typesupport_introspection_cpp.hpp
[3.202s] -- Up-to-date: /home/abdelrhaman/microros_ws/install/lifecycle_msgs/include/lifecycle_msgs/lifecycle_msgs/msg/detail/transition_event__rosidl_typesupport_introspection_cpp.hpp
[3.202s] -- Up-to-date: /home/abdelrhaman/microros_ws/install/lifecycle_msgs/include/lifecycle_msgs/lifecycle_msgs/msg/detail/transition_description__type_support.cpp
[3.202s] -- Up-to-date: /home/abdelrhaman/microros_ws/install/lifecycle_msgs/lib/liblifecycle_msgs__rosidl_typesupport_introspection_cpp.so
[3.202s] -- Installing: /home/abdelrhaman/microros_ws/install/lifecycle_msgs/lib/liblifecycle_msgs__rosidl_typesupport_cpp.so
[3.202s] -- Set runtime path of "/home/abdelrhaman/microros_ws/install/lifecycle_msgs/lib/liblifecycle_msgs__rosidl_typesupport_cpp.so" to ""
[3.202s] -- Up-to-date: /home/abdelrhaman/microros_ws/install/lifecycle_msgs/share/lifecycle_msgs/environment/pythonpath.sh
[3.202s] -- Installing: /home/abdelrhaman/microros_ws/install/lifecycle_msgs/share/lifecycle_msgs/environment/pythonpath.dsv
[3.202s] -- Up-to-date: /home/abdelrhaman/microros_ws/install/lifecycle_msgs/local/lib/python3.10/dist-packages/lifecycle_msgs-1.2.1-py3.10.egg-info
[3.202s] -- Installing: /home/abdelrhaman/microros_ws/install/lifecycle_msgs/local/lib/python3.10/dist-packages/lifecycle_msgs-1.2.1-py3.10.egg-info/PKG-INFO
[3.202s] -- Installing: /home/abdelrhaman/microros_ws/install/lifecycle_msgs/local/lib/python3.10/dist-packages/lifecycle_msgs-1.2.1-py3.10.egg-info/SOURCES.txt
[3.202s] -- Installing: /home/abdelrhaman/microros_ws/install/lifecycle_msgs/local/lib/python3.10/dist-packages/lifecycle_msgs-1.2.1-py3.10.egg-info/top_level.txt
[3.202s] -- Installing: /home/abdelrhaman/microros_ws/install/lifecycle_msgs/local/lib/python3.10/dist-packages/lifecycle_msgs-1.2.1-py3.10.egg-info/dependency_links.txt
[3.202s] -- Up-to-date: /home/abdelrhaman/microros_ws/install/lifecycle_msgs/local/lib/python3.10/dist-packages/lifecycle_msgs
[3.202s] -- Up-to-date: /home/abdelrhaman/microros_ws/install/lifecycle_msgs/local/lib/python3.10/dist-packages/lifecycle_msgs/_lifecycle_msgs_s.ep.rosidl_typesupport_microxrcedds_c.c
[3.202s] -- Up-to-date: /home/abdelrhaman/microros_ws/install/lifecycle_msgs/local/lib/python3.10/dist-packages/lifecycle_msgs/_lifecycle_msgs_s.ep.rosidl_typesupport_introspection_c.c
[3.202s] -- Up-to-date: /home/abdelrhaman/microros_ws/install/lifecycle_msgs/local/lib/python3.10/dist-packages/lifecycle_msgs/srv
[3.202s] -- Up-to-date: /home/abdelrhaman/microros_ws/install/lifecycle_msgs/local/lib/python3.10/dist-packages/lifecycle_msgs/srv/_change_state_s.c
[3.202s] -- Up-to-date: /home/abdelrhaman/microros_ws/install/lifecycle_msgs/local/lib/python3.10/dist-packages/lifecycle_msgs/srv/_get_available_states.py
[3.202s] -- Up-to-date: /home/abdelrhaman/microros_ws/install/lifecycle_msgs/local/lib/python3.10/dist-packages/lifecycle_msgs/srv/__init__.py
[3.202s] -- Up-to-date: /home/abdelrhaman/microros_ws/install/lifecycle_msgs/local/lib/python3.10/dist-packages/lifecycle_msgs/srv/_change_state.py
[3.202s] -- Up-to-date: /home/abdelrhaman/microros_ws/install/lifecycle_msgs/local/lib/python3.10/dist-packages/lifecycle_msgs/srv/_get_state.py
[3.202s] -- Up-to-date: /home/abdelrhaman/microros_ws/install/lifecycle_msgs/local/lib/python3.10/dist-packages/lifecycle_msgs/srv/_get_available_transitions.py
[3.202s] -- Up-to-date: /home/abdelrhaman/microros_ws/install/lifecycle_msgs/local/lib/python3.10/dist-packages/lifecycle_msgs/srv/_get_available_transitions_s.c
[3.202s] -- Up-to-date: /home/abdelrhaman/microros_ws/install/lifecycle_msgs/local/lib/python3.10/dist-packages/lifecycle_msgs/srv/_get_available_states_s.c
[3.202s] -- Up-to-date: /home/abdelrhaman/microros_ws/install/lifecycle_msgs/local/lib/python3.10/dist-packages/lifecycle_msgs/srv/_get_state_s.c
[3.202s] -- Installing: /home/abdelrhaman/microros_ws/install/lifecycle_msgs/local/lib/python3.10/dist-packages/lifecycle_msgs/lifecycle_msgs_s__rosidl_typesupport_microxrcedds_c.cpython-310-x86_64-linux-gnu.so
[3.202s] -- Installing: /home/abdelrhaman/microros_ws/install/lifecycle_msgs/local/lib/python3.10/dist-packages/lifecycle_msgs/liblifecycle_msgs__rosidl_generator_py.so
[3.202s] -- Up-to-date: /home/abdelrhaman/microros_ws/install/lifecycle_msgs/local/lib/python3.10/dist-packages/lifecycle_msgs/_lifecycle_msgs_s.ep.rosidl_typesupport_c.c
[3.203s] -- Installing: /home/abdelrhaman/microros_ws/install/lifecycle_msgs/local/lib/python3.10/dist-packages/lifecycle_msgs/__init__.py
[3.203s] -- Up-to-date: /home/abdelrhaman/microros_ws/install/lifecycle_msgs/local/lib/python3.10/dist-packages/lifecycle_msgs/msg
[3.203s] -- Up-to-date: /home/abdelrhaman/microros_ws/install/lifecycle_msgs/local/lib/python3.10/dist-packages/lifecycle_msgs/msg/_transition.py
[3.203s] -- Up-to-date: /home/abdelrhaman/microros_ws/install/lifecycle_msgs/local/lib/python3.10/dist-packages/lifecycle_msgs/msg/_transition_event_s.c
[3.203s] -- Up-to-date: /home/abdelrhaman/microros_ws/install/lifecycle_msgs/local/lib/python3.10/dist-packages/lifecycle_msgs/msg/_transition_description_s.c
[3.203s] -- Up-to-date: /home/abdelrhaman/microros_ws/install/lifecycle_msgs/local/lib/python3.10/dist-packages/lifecycle_msgs/msg/_state_s.c
[3.203s] -- Up-to-date: /home/abdelrhaman/microros_ws/install/lifecycle_msgs/local/lib/python3.10/dist-packages/lifecycle_msgs/msg/_state.py
[3.203s] -- Up-to-date: /home/abdelrhaman/microros_ws/install/lifecycle_msgs/local/lib/python3.10/dist-packages/lifecycle_msgs/msg/_transition_event.py
[3.203s] -- Up-to-date: /home/abdelrhaman/microros_ws/install/lifecycle_msgs/local/lib/python3.10/dist-packages/lifecycle_msgs/msg/__init__.py
[3.203s] -- Up-to-date: /home/abdelrhaman/microros_ws/install/lifecycle_msgs/local/lib/python3.10/dist-packages/lifecycle_msgs/msg/_transition_description.py
[3.203s] -- Up-to-date: /home/abdelrhaman/microros_ws/install/lifecycle_msgs/local/lib/python3.10/dist-packages/lifecycle_msgs/msg/_transition_s.c
[3.203s] -- Installing: /home/abdelrhaman/microros_ws/install/lifecycle_msgs/local/lib/python3.10/dist-packages/lifecycle_msgs/lifecycle_msgs_s__rosidl_typesupport_c.cpython-310-x86_64-linux-gnu.so
[3.203s] -- Installing: /home/abdelrhaman/microros_ws/install/lifecycle_msgs/local/lib/python3.10/dist-packages/lifecycle_msgs/lifecycle_msgs_s__rosidl_typesupport_introspection_c.cpython-310-x86_64-linux-gnu.so
[3.203s] -- Up-to-date: /home/abdelrhaman/microros_ws/install/lifecycle_msgs/local/lib/python3.10/dist-packages/lifecycle_msgs/_lifecycle_msgs_s.ep.rosidl_typesupport_fastrtps_c.c
[3.203s] -- Installing: /home/abdelrhaman/microros_ws/install/lifecycle_msgs/local/lib/python3.10/dist-packages/lifecycle_msgs/lifecycle_msgs_s__rosidl_typesupport_fastrtps_c.cpython-310-x86_64-linux-gnu.so
[3.252s] Listing '/home/abdelrhaman/microros_ws/install/lifecycle_msgs/local/lib/python3.10/dist-packages/lifecycle_msgs'...
[3.252s] Compiling '/home/abdelrhaman/microros_ws/install/lifecycle_msgs/local/lib/python3.10/dist-packages/lifecycle_msgs/__init__.py'...
[3.252s] Listing '/home/abdelrhaman/microros_ws/install/lifecycle_msgs/local/lib/python3.10/dist-packages/lifecycle_msgs/msg'...
[3.252s] Listing '/home/abdelrhaman/microros_ws/install/lifecycle_msgs/local/lib/python3.10/dist-packages/lifecycle_msgs/srv'...
[3.257s] -- Installing: /home/abdelrhaman/microros_ws/install/lifecycle_msgs/local/lib/python3.10/dist-packages/lifecycle_msgs/lifecycle_msgs_s__rosidl_typesupport_microxrcedds_c.cpython-310-x86_64-linux-gnu.so
[3.257s] -- Set runtime path of "/home/abdelrhaman/microros_ws/install/lifecycle_msgs/local/lib/python3.10/dist-packages/lifecycle_msgs/lifecycle_msgs_s__rosidl_typesupport_microxrcedds_c.cpython-310-x86_64-linux-gnu.so" to ""
[3.258s] -- Installing: /home/abdelrhaman/microros_ws/install/lifecycle_msgs/local/lib/python3.10/dist-packages/lifecycle_msgs/lifecycle_msgs_s__rosidl_typesupport_fastrtps_c.cpython-310-x86_64-linux-gnu.so
[3.258s] -- Set runtime path of "/home/abdelrhaman/microros_ws/install/lifecycle_msgs/local/lib/python3.10/dist-packages/lifecycle_msgs/lifecycle_msgs_s__rosidl_typesupport_fastrtps_c.cpython-310-x86_64-linux-gnu.so" to ""
[3.258s] -- Installing: /home/abdelrhaman/microros_ws/install/lifecycle_msgs/local/lib/python3.10/dist-packages/lifecycle_msgs/lifecycle_msgs_s__rosidl_typesupport_introspection_c.cpython-310-x86_64-linux-gnu.so
[3.259s] -- Set runtime path of "/home/abdelrhaman/microros_ws/install/lifecycle_msgs/local/lib/python3.10/dist-packages/lifecycle_msgs/lifecycle_msgs_s__rosidl_typesupport_introspection_c.cpython-310-x86_64-linux-gnu.so" to ""
[3.259s] -- Installing: /home/abdelrhaman/microros_ws/install/lifecycle_msgs/local/lib/python3.10/dist-packages/lifecycle_msgs/lifecycle_msgs_s__rosidl_typesupport_c.cpython-310-x86_64-linux-gnu.so
[3.259s] -- Set runtime path of "/home/abdelrhaman/microros_ws/install/lifecycle_msgs/local/lib/python3.10/dist-packages/lifecycle_msgs/lifecycle_msgs_s__rosidl_typesupport_c.cpython-310-x86_64-linux-gnu.so" to ""
[3.260s] -- Installing: /home/abdelrhaman/microros_ws/install/lifecycle_msgs/lib/liblifecycle_msgs__rosidl_generator_py.so
[3.260s] -- Set runtime path of "/home/abdelrhaman/microros_ws/install/lifecycle_msgs/lib/liblifecycle_msgs__rosidl_generator_py.so" to ""
[3.260s] -- Up-to-date: /home/abdelrhaman/microros_ws/install/lifecycle_msgs/share/lifecycle_msgs/msg/State.idl
[3.260s] -- Up-to-date: /home/abdelrhaman/microros_ws/install/lifecycle_msgs/share/lifecycle_msgs/msg/Transition.idl
[3.260s] -- Up-to-date: /home/abdelrhaman/microros_ws/install/lifecycle_msgs/share/lifecycle_msgs/msg/TransitionDescription.idl
[3.261s] -- Up-to-date: /home/abdelrhaman/microros_ws/install/lifecycle_msgs/share/lifecycle_msgs/msg/TransitionEvent.idl
[3.261s] -- Up-to-date: /home/abdelrhaman/microros_ws/install/lifecycle_msgs/share/lifecycle_msgs/srv/ChangeState.idl
[3.261s] -- Up-to-date: /home/abdelrhaman/microros_ws/install/lifecycle_msgs/share/lifecycle_msgs/srv/GetAvailableStates.idl
[3.261s] -- Up-to-date: /home/abdelrhaman/microros_ws/install/lifecycle_msgs/share/lifecycle_msgs/srv/GetAvailableTransitions.idl
[3.261s] -- Up-to-date: /home/abdelrhaman/microros_ws/install/lifecycle_msgs/share/lifecycle_msgs/srv/GetState.idl
[3.261s] -- Up-to-date: /home/abdelrhaman/microros_ws/install/lifecycle_msgs/share/lifecycle_msgs/msg/State.msg
[3.261s] -- Up-to-date: /home/abdelrhaman/microros_ws/install/lifecycle_msgs/share/lifecycle_msgs/msg/Transition.msg
[3.261s] -- Up-to-date: /home/abdelrhaman/microros_ws/install/lifecycle_msgs/share/lifecycle_msgs/msg/TransitionDescription.msg
[3.262s] -- Up-to-date: /home/abdelrhaman/microros_ws/install/lifecycle_msgs/share/lifecycle_msgs/msg/TransitionEvent.msg
[3.262s] -- Up-to-date: /home/abdelrhaman/microros_ws/install/lifecycle_msgs/share/lifecycle_msgs/srv/ChangeState.srv
[3.262s] -- Up-to-date: /home/abdelrhaman/microros_ws/install/lifecycle_msgs/share/lifecycle_msgs/srv/ChangeState_Request.msg
[3.262s] -- Up-to-date: /home/abdelrhaman/microros_ws/install/lifecycle_msgs/share/lifecycle_msgs/srv/ChangeState_Response.msg
[3.262s] -- Up-to-date: /home/abdelrhaman/microros_ws/install/lifecycle_msgs/share/lifecycle_msgs/srv/GetAvailableStates.srv
[3.262s] -- Up-to-date: /home/abdelrhaman/microros_ws/install/lifecycle_msgs/share/lifecycle_msgs/srv/GetAvailableStates_Request.msg
[3.262s] -- Up-to-date: /home/abdelrhaman/microros_ws/install/lifecycle_msgs/share/lifecycle_msgs/srv/GetAvailableStates_Response.msg
[3.262s] -- Up-to-date: /home/abdelrhaman/microros_ws/install/lifecycle_msgs/share/lifecycle_msgs/srv/GetAvailableTransitions.srv
[3.262s] -- Up-to-date: /home/abdelrhaman/microros_ws/install/lifecycle_msgs/share/lifecycle_msgs/srv/GetAvailableTransitions_Request.msg
[3.263s] -- Up-to-date: /home/abdelrhaman/microros_ws/install/lifecycle_msgs/share/lifecycle_msgs/srv/GetAvailableTransitions_Response.msg
[3.263s] -- Up-to-date: /home/abdelrhaman/microros_ws/install/lifecycle_msgs/share/lifecycle_msgs/srv/GetState.srv
[3.263s] -- Up-to-date: /home/abdelrhaman/microros_ws/install/lifecycle_msgs/share/lifecycle_msgs/srv/GetState_Request.msg
[3.263s] -- Up-to-date: /home/abdelrhaman/microros_ws/install/lifecycle_msgs/share/lifecycle_msgs/srv/GetState_Response.msg
[3.263s] -- Up-to-date: /home/abdelrhaman/microros_ws/install/lifecycle_msgs/share/ament_index/resource_index/package_run_dependencies/lifecycle_msgs
[3.263s] -- Installing: /home/abdelrhaman/microros_ws/install/lifecycle_msgs/share/ament_index/resource_index/parent_prefix_path/lifecycle_msgs
[3.263s] -- Up-to-date: /home/abdelrhaman/microros_ws/install/lifecycle_msgs/share/lifecycle_msgs/environment/ament_prefix_path.sh
[3.263s] -- Installing: /home/abdelrhaman/microros_ws/install/lifecycle_msgs/share/lifecycle_msgs/environment/ament_prefix_path.dsv
[3.263s] -- Up-to-date: /home/abdelrhaman/microros_ws/install/lifecycle_msgs/share/lifecycle_msgs/environment/path.sh
[3.264s] -- Installing: /home/abdelrhaman/microros_ws/install/lifecycle_msgs/share/lifecycle_msgs/environment/path.dsv
[3.264s] -- Up-to-date: /home/abdelrhaman/microros_ws/install/lifecycle_msgs/share/lifecycle_msgs/local_setup.bash
[3.264s] -- Up-to-date: /home/abdelrhaman/microros_ws/install/lifecycle_msgs/share/lifecycle_msgs/local_setup.sh
[3.264s] -- Up-to-date: /home/abdelrhaman/microros_ws/install/lifecycle_msgs/share/lifecycle_msgs/local_setup.zsh
[3.264s] -- Installing: /home/abdelrhaman/microros_ws/install/lifecycle_msgs/share/lifecycle_msgs/local_setup.dsv
[3.264s] -- Installing: /home/abdelrhaman/microros_ws/install/lifecycle_msgs/share/lifecycle_msgs/package.dsv
[3.264s] -- Up-to-date: /home/abdelrhaman/microros_ws/install/lifecycle_msgs/share/ament_index/resource_index/packages/lifecycle_msgs
[3.264s] -- Up-to-date: /home/abdelrhaman/microros_ws/install/lifecycle_msgs/share/lifecycle_msgs/cmake/export_lifecycle_msgs__rosidl_generator_cExport.cmake
[3.264s] -- Up-to-date: /home/abdelrhaman/microros_ws/install/lifecycle_msgs/share/lifecycle_msgs/cmake/export_lifecycle_msgs__rosidl_generator_cExport-noconfig.cmake
[3.264s] -- Up-to-date: /home/abdelrhaman/microros_ws/install/lifecycle_msgs/share/lifecycle_msgs/cmake/export_lifecycle_msgs__rosidl_typesupport_fastrtps_cExport.cmake
[3.264s] -- Up-to-date: /home/abdelrhaman/microros_ws/install/lifecycle_msgs/share/lifecycle_msgs/cmake/export_lifecycle_msgs__rosidl_typesupport_fastrtps_cExport-noconfig.cmake
[3.264s] -- Up-to-date: /home/abdelrhaman/microros_ws/install/lifecycle_msgs/share/lifecycle_msgs/cmake/lifecycle_msgs__rosidl_typesupport_introspection_cExport.cmake
[3.265s] -- Up-to-date: /home/abdelrhaman/microros_ws/install/lifecycle_msgs/share/lifecycle_msgs/cmake/lifecycle_msgs__rosidl_typesupport_introspection_cExport-noconfig.cmake
[3.265s] -- Up-to-date: /home/abdelrhaman/microros_ws/install/lifecycle_msgs/share/lifecycle_msgs/cmake/lifecycle_msgs__rosidl_typesupport_cExport.cmake
[3.265s] -- Up-to-date: /home/abdelrhaman/microros_ws/install/lifecycle_msgs/share/lifecycle_msgs/cmake/lifecycle_msgs__rosidl_typesupport_cExport-noconfig.cmake
[3.265s] -- Up-to-date: /home/abdelrhaman/microros_ws/install/lifecycle_msgs/share/lifecycle_msgs/cmake/export_lifecycle_msgs__rosidl_generator_cppExport.cmake
[3.265s] -- Up-to-date: /home/abdelrhaman/microros_ws/install/lifecycle_msgs/share/lifecycle_msgs/cmake/export_lifecycle_msgs__rosidl_typesupport_fastrtps_cppExport.cmake
[3.265s] -- Up-to-date: /home/abdelrhaman/microros_ws/install/lifecycle_msgs/share/lifecycle_msgs/cmake/export_lifecycle_msgs__rosidl_typesupport_fastrtps_cppExport-noconfig.cmake
[3.265s] -- Up-to-date: /home/abdelrhaman/microros_ws/install/lifecycle_msgs/share/lifecycle_msgs/cmake/lifecycle_msgs__rosidl_typesupport_introspection_cppExport.cmake
[3.265s] -- Up-to-date: /home/abdelrhaman/microros_ws/install/lifecycle_msgs/share/lifecycle_msgs/cmake/lifecycle_msgs__rosidl_typesupport_introspection_cppExport-noconfig.cmake
[3.265s] -- Up-to-date: /home/abdelrhaman/microros_ws/install/lifecycle_msgs/share/lifecycle_msgs/cmake/lifecycle_msgs__rosidl_typesupport_cppExport.cmake
[3.265s] -- Up-to-date: /home/abdelrhaman/microros_ws/install/lifecycle_msgs/share/lifecycle_msgs/cmake/lifecycle_msgs__rosidl_typesupport_cppExport-noconfig.cmake
[3.265s] -- Up-to-date: /home/abdelrhaman/microros_ws/install/lifecycle_msgs/share/lifecycle_msgs/cmake/export_lifecycle_msgs__rosidl_generator_pyExport.cmake
[3.265s] -- Up-to-date: /home/abdelrhaman/microros_ws/install/lifecycle_msgs/share/lifecycle_msgs/cmake/export_lifecycle_msgs__rosidl_generator_pyExport-noconfig.cmake
[3.265s] -- Up-to-date: /home/abdelrhaman/microros_ws/install/lifecycle_msgs/share/lifecycle_msgs/cmake/rosidl_cmake-extras.cmake
[3.266s] -- Installing: /home/abdelrhaman/microros_ws/install/lifecycle_msgs/share/lifecycle_msgs/cmake/ament_cmake_export_include_directories-extras.cmake
[3.266s] -- Up-to-date: /home/abdelrhaman/microros_ws/install/lifecycle_msgs/share/lifecycle_msgs/cmake/ament_cmake_export_libraries-extras.cmake
[3.266s] -- Up-to-date: /home/abdelrhaman/microros_ws/install/lifecycle_msgs/share/lifecycle_msgs/cmake/ament_cmake_export_targets-extras.cmake
[3.266s] -- Up-to-date: /home/abdelrhaman/microros_ws/install/lifecycle_msgs/share/lifecycle_msgs/cmake/rosidl_cmake_export_typesupport_targets-extras.cmake
[3.266s] -- Up-to-date: /home/abdelrhaman/microros_ws/install/lifecycle_msgs/share/lifecycle_msgs/cmake/ament_cmake_export_dependencies-extras.cmake
[3.266s] -- Installing: /home/abdelrhaman/microros_ws/install/lifecycle_msgs/share/lifecycle_msgs/cmake/rosidl_cmake_export_typesupport_libraries-extras.cmake
[3.266s] -- Up-to-date: /home/abdelrhaman/microros_ws/install/lifecycle_msgs/share/lifecycle_msgs/cmake/lifecycle_msgsConfig.cmake
[3.266s] -- Up-to-date: /home/abdelrhaman/microros_ws/install/lifecycle_msgs/share/lifecycle_msgs/cmake/lifecycle_msgsConfig-version.cmake
[3.266s] -- Up-to-date: /home/abdelrhaman/microros_ws/install/lifecycle_msgs/share/lifecycle_msgs/package.xml
[3.268s] Invoked command in '/home/abdelrhaman/microros_ws/build/lifecycle_msgs' returned '0': CMAKE_PREFIX_PATH=${CMAKE_PREFIX_PATH}:/home/abdelrhaman/microros_ws/install/sensor_msgs_py:/home/abdelrhaman/ros/install/my_robot_controller:/opt/ros/humble /usr/bin/cmake --install /home/abdelrhaman/microros_ws/build/lifecycle_msgs
