[1.036s] Invoking command in '/home/abdelrhaman/microros_ws/src/ros2/common_interfaces/sensor_msgs_py': AMENT_PREFIX_PATH=/home/abdelrhaman/microros_ws/install/sensor_msgs:/home/abdelrhaman/microros_ws/install/geometry_msgs:/home/abdelrhaman/microros_ws/install/std_msgs:/home/abdelrhaman/microros_ws/install/builtin_interfaces:${AMENT_PREFIX_PATH} CMAKE_PREFIX_PATH=/home/abdelrhaman/microros_ws/install/sensor_msgs:/home/abdelrhaman/microros_ws/install/geometry_msgs:/home/abdelrhaman/microros_ws/install/std_msgs:/home/abdelrhaman/microros_ws/install/builtin_interfaces:${CMAKE_PREFIX_PATH} LD_LIBRARY_PATH=/home/abdelrhaman/microros_ws/install/sensor_msgs/lib:/home/abdelrhaman/microros_ws/install/geometry_msgs/lib:/home/abdelrhaman/microros_ws/install/std_msgs/lib:/home/abdelrhaman/microros_ws/install/builtin_interfaces/lib:${LD_LIBRARY_PATH} PYTHONPATH=/home/abdelrhaman/microros_ws/build/sensor_msgs_py/prefix_override:/usr/lib/python3/dist-packages/colcon_core/task/python/colcon_distutils_commands:/home/abdelrhaman/microros_ws/install/sensor_msgs_py/lib/python3.10/site-packages:/home/abdelrhaman/microros_ws/install/sensor_msgs/local/lib/python3.10/dist-packages:/home/abdelrhaman/microros_ws/install/geometry_msgs/local/lib/python3.10/dist-packages:/home/abdelrhaman/microros_ws/install/std_msgs/local/lib/python3.10/dist-packages:/home/abdelrhaman/microros_ws/install/builtin_interfaces/local/lib/python3.10/dist-packages:${PYTHONPATH} /usr/bin/python3 -W ignore:setup.py install is deprecated setup.py egg_info --egg-base ../../../../build/sensor_msgs_py build --build-base /home/abdelrhaman/microros_ws/build/sensor_msgs_py/build install --record /home/abdelrhaman/microros_ws/build/sensor_msgs_py/install.log --single-version-externally-managed install_data
[1.521s] running egg_info
[1.521s] creating ../../../../build/sensor_msgs_py/sensor_msgs_py.egg-info
[1.559s] writing ../../../../build/sensor_msgs_py/sensor_msgs_py.egg-info/PKG-INFO
[1.589s] writing dependency_links to ../../../../build/sensor_msgs_py/sensor_msgs_py.egg-info/dependency_links.txt
[1.740s] writing requirements to ../../../../build/sensor_msgs_py/sensor_msgs_py.egg-info/requires.txt
[1.775s] writing top-level names to ../../../../build/sensor_msgs_py/sensor_msgs_py.egg-info/top_level.txt
[1.775s] writing manifest file '../../../../build/sensor_msgs_py/sensor_msgs_py.egg-info/SOURCES.txt'
[1.821s] reading manifest file '../../../../build/sensor_msgs_py/sensor_msgs_py.egg-info/SOURCES.txt'
[1.822s] adding license file 'LICENSE'
[1.822s] writing manifest file '../../../../build/sensor_msgs_py/sensor_msgs_py.egg-info/SOURCES.txt'
[1.822s] running build
[1.822s] running build_py
[1.822s] creating /home/abdelrhaman/microros_ws/build/sensor_msgs_py/build
[1.822s] creating /home/abdelrhaman/microros_ws/build/sensor_msgs_py/build/lib
[1.822s] creating /home/abdelrhaman/microros_ws/build/sensor_msgs_py/build/lib/sensor_msgs_py
[1.822s] copying sensor_msgs_py/numpy_compat.py -> /home/abdelrhaman/microros_ws/build/sensor_msgs_py/build/lib/sensor_msgs_py
[1.822s] copying sensor_msgs_py/__init__.py -> /home/abdelrhaman/microros_ws/build/sensor_msgs_py/build/lib/sensor_msgs_py
[1.822s] copying sensor_msgs_py/point_cloud2.py -> /home/abdelrhaman/microros_ws/build/sensor_msgs_py/build/lib/sensor_msgs_py
[1.822s] running install
[1.825s] running install_lib
[1.863s] creating /home/abdelrhaman/microros_ws/install/sensor_msgs_py/lib/python3.10/site-packages/sensor_msgs_py
[1.863s] copying /home/abdelrhaman/microros_ws/build/sensor_msgs_py/build/lib/sensor_msgs_py/numpy_compat.py -> /home/abdelrhaman/microros_ws/install/sensor_msgs_py/lib/python3.10/site-packages/sensor_msgs_py
[1.863s] copying /home/abdelrhaman/microros_ws/build/sensor_msgs_py/build/lib/sensor_msgs_py/__init__.py -> /home/abdelrhaman/microros_ws/install/sensor_msgs_py/lib/python3.10/site-packages/sensor_msgs_py
[1.863s] copying /home/abdelrhaman/microros_ws/build/sensor_msgs_py/build/lib/sensor_msgs_py/point_cloud2.py -> /home/abdelrhaman/microros_ws/install/sensor_msgs_py/lib/python3.10/site-packages/sensor_msgs_py
[1.863s] byte-compiling /home/abdelrhaman/microros_ws/install/sensor_msgs_py/lib/python3.10/site-packages/sensor_msgs_py/numpy_compat.py to numpy_compat.cpython-310.pyc
[1.864s] byte-compiling /home/abdelrhaman/microros_ws/install/sensor_msgs_py/lib/python3.10/site-packages/sensor_msgs_py/__init__.py to __init__.cpython-310.pyc
[1.864s] byte-compiling /home/abdelrhaman/microros_ws/install/sensor_msgs_py/lib/python3.10/site-packages/sensor_msgs_py/point_cloud2.py to point_cloud2.cpython-310.pyc
[1.865s] running install_data
[1.865s] creating /home/abdelrhaman/microros_ws/install/sensor_msgs_py/share/ament_index
[1.865s] creating /home/abdelrhaman/microros_ws/install/sensor_msgs_py/share/ament_index/resource_index
[1.865s] creating /home/abdelrhaman/microros_ws/install/sensor_msgs_py/share/ament_index/resource_index/packages
[1.865s] copying resource/sensor_msgs_py -> /home/abdelrhaman/microros_ws/install/sensor_msgs_py/share/ament_index/resource_index/packages
[1.865s] copying package.xml -> /home/abdelrhaman/microros_ws/install/sensor_msgs_py/share/sensor_msgs_py
[1.866s] running install_egg_info
[1.904s] Copying ../../../../build/sensor_msgs_py/sensor_msgs_py.egg-info to /home/abdelrhaman/microros_ws/install/sensor_msgs_py/lib/python3.10/site-packages/sensor_msgs_py-4.2.4-py3.10.egg-info
[1.904s] running install_scripts
[1.977s] writing list of installed files to '/home/abdelrhaman/microros_ws/build/sensor_msgs_py/install.log'
[2.000s] Invoked command in '/home/abdelrhaman/microros_ws/src/ros2/common_interfaces/sensor_msgs_py' returned '0': AMENT_PREFIX_PATH=/home/abdelrhaman/microros_ws/install/sensor_msgs:/home/abdelrhaman/microros_ws/install/geometry_msgs:/home/abdelrhaman/microros_ws/install/std_msgs:/home/abdelrhaman/microros_ws/install/builtin_interfaces:${AMENT_PREFIX_PATH} CMAKE_PREFIX_PATH=/home/abdelrhaman/microros_ws/install/sensor_msgs:/home/abdelrhaman/microros_ws/install/geometry_msgs:/home/abdelrhaman/microros_ws/install/std_msgs:/home/abdelrhaman/microros_ws/install/builtin_interfaces:${CMAKE_PREFIX_PATH} LD_LIBRARY_PATH=/home/abdelrhaman/microros_ws/install/sensor_msgs/lib:/home/abdelrhaman/microros_ws/install/geometry_msgs/lib:/home/abdelrhaman/microros_ws/install/std_msgs/lib:/home/abdelrhaman/microros_ws/install/builtin_interfaces/lib:${LD_LIBRARY_PATH} PYTHONPATH=/home/abdelrhaman/microros_ws/build/sensor_msgs_py/prefix_override:/usr/lib/python3/dist-packages/colcon_core/task/python/colcon_distutils_commands:/home/abdelrhaman/microros_ws/install/sensor_msgs_py/lib/python3.10/site-packages:/home/abdelrhaman/microros_ws/install/sensor_msgs/local/lib/python3.10/dist-packages:/home/abdelrhaman/microros_ws/install/geometry_msgs/local/lib/python3.10/dist-packages:/home/abdelrhaman/microros_ws/install/std_msgs/local/lib/python3.10/dist-packages:/home/abdelrhaman/microros_ws/install/builtin_interfaces/local/lib/python3.10/dist-packages:${PYTHONPATH} /usr/bin/python3 -W ignore:setup.py install is deprecated setup.py egg_info --egg-base ../../../../build/sensor_msgs_py build --build-base /home/abdelrhaman/microros_ws/build/sensor_msgs_py/build install --record /home/abdelrhaman/microros_ws/build/sensor_msgs_py/install.log --single-version-externally-managed install_data
