[0.011s] Invoking command in '/home/abdelrhaman/microros_ws/build/rosidl_typesupport_microxrcedds_c': CMAKE_PREFIX_PATH=/home/abdelrhaman/microros_ws/install/microcdr:/home/abdelrhaman/microros_ws/install/rosidl_typesupport_microxrcedds_cpp:/home/abdelrhaman/microros_ws/install/rosidl_typesupport_microxrcedds_c:/home/abdelrhaman/microros_ws/install/micro_ros_setup:/home/abdelrhaman/ros/install/my_robot_controller:/opt/ros/humble LD_LIBRARY_PATH=/home/abdelrhaman/microros_ws/install/microcdr/lib:/home/abdelrhaman/microros_ws/install/rosidl_typesupport_microxrcedds_cpp/lib:/home/abdelrhaman/microros_ws/install/rosidl_typesupport_microxrcedds_c/lib:/opt/ros/humble/opt/rviz_ogre_vendor/lib:/opt/ros/humble/lib/x86_64-linux-gnu:/opt/ros/humble/lib /usr/bin/cmake --build /home/abdelrhaman/microros_ws/build/rosidl_typesupport_microxrcedds_c -- -j20 -l20
[0.059s] [100%] Built target rosidl_typesupport_microxrcedds_c
[0.060s] [100%] Built target ament_cmake_python_copy_rosidl_typesupport_microxrcedds_c
[0.596s] running egg_info
[0.656s] writing rosidl_typesupport_microxrcedds_c.egg-info/PKG-INFO
[0.717s] writing dependency_links to rosidl_typesupport_microxrcedds_c.egg-info/dependency_links.txt
[1.084s] writing top-level names to rosidl_typesupport_microxrcedds_c.egg-info/top_level.txt
[1.140s] reading manifest file 'rosidl_typesupport_microxrcedds_c.egg-info/SOURCES.txt'
[1.140s] writing manifest file 'rosidl_typesupport_microxrcedds_c.egg-info/SOURCES.txt'
[1.173s] [100%] Built target ament_cmake_python_build_rosidl_typesupport_microxrcedds_c_egg
[1.184s] Invoked command in '/home/abdelrhaman/microros_ws/build/rosidl_typesupport_microxrcedds_c' returned '0': CMAKE_PREFIX_PATH=/home/abdelrhaman/microros_ws/install/microcdr:/home/abdelrhaman/microros_ws/install/rosidl_typesupport_microxrcedds_cpp:/home/abdelrhaman/microros_ws/install/rosidl_typesupport_microxrcedds_c:/home/abdelrhaman/microros_ws/install/micro_ros_setup:/home/abdelrhaman/ros/install/my_robot_controller:/opt/ros/humble LD_LIBRARY_PATH=/home/abdelrhaman/microros_ws/install/microcdr/lib:/home/abdelrhaman/microros_ws/install/rosidl_typesupport_microxrcedds_cpp/lib:/home/abdelrhaman/microros_ws/install/rosidl_typesupport_microxrcedds_c/lib:/opt/ros/humble/opt/rviz_ogre_vendor/lib:/opt/ros/humble/lib/x86_64-linux-gnu:/opt/ros/humble/lib /usr/bin/cmake --build /home/abdelrhaman/microros_ws/build/rosidl_typesupport_microxrcedds_c -- -j20 -l20
[1.209s] Invoking command in '/home/abdelrhaman/microros_ws/build/rosidl_typesupport_microxrcedds_c': CMAKE_PREFIX_PATH=/home/abdelrhaman/microros_ws/install/microcdr:/home/abdelrhaman/microros_ws/install/rosidl_typesupport_microxrcedds_cpp:/home/abdelrhaman/microros_ws/install/rosidl_typesupport_microxrcedds_c:/home/abdelrhaman/microros_ws/install/micro_ros_setup:/home/abdelrhaman/ros/install/my_robot_controller:/opt/ros/humble LD_LIBRARY_PATH=/home/abdelrhaman/microros_ws/install/microcdr/lib:/home/abdelrhaman/microros_ws/install/rosidl_typesupport_microxrcedds_cpp/lib:/home/abdelrhaman/microros_ws/install/rosidl_typesupport_microxrcedds_c/lib:/opt/ros/humble/opt/rviz_ogre_vendor/lib:/opt/ros/humble/lib/x86_64-linux-gnu:/opt/ros/humble/lib /usr/bin/cmake --install /home/abdelrhaman/microros_ws/build/rosidl_typesupport_microxrcedds_c
[1.216s] -- Install configuration: ""
[1.217s] -- Up-to-date: /home/abdelrhaman/microros_ws/install/rosidl_typesupport_microxrcedds_c/share/rosidl_typesupport_microxrcedds_c/environment/pythonpath.sh
[1.217s] -- Up-to-date: /home/abdelrhaman/microros_ws/install/rosidl_typesupport_microxrcedds_c/share/rosidl_typesupport_microxrcedds_c/environment/pythonpath.dsv
[1.217s] -- Up-to-date: /home/abdelrhaman/microros_ws/install/rosidl_typesupport_microxrcedds_c/local/lib/python3.10/dist-packages/rosidl_typesupport_microxrcedds_c-3.0.1-py3.10.egg-info
[1.217s] -- Installing: /home/abdelrhaman/microros_ws/install/rosidl_typesupport_microxrcedds_c/local/lib/python3.10/dist-packages/rosidl_typesupport_microxrcedds_c-3.0.1-py3.10.egg-info/PKG-INFO
[1.217s] -- Installing: /home/abdelrhaman/microros_ws/install/rosidl_typesupport_microxrcedds_c/local/lib/python3.10/dist-packages/rosidl_typesupport_microxrcedds_c-3.0.1-py3.10.egg-info/SOURCES.txt
[1.217s] -- Installing: /home/abdelrhaman/microros_ws/install/rosidl_typesupport_microxrcedds_c/local/lib/python3.10/dist-packages/rosidl_typesupport_microxrcedds_c-3.0.1-py3.10.egg-info/top_level.txt
[1.217s] -- Installing: /home/abdelrhaman/microros_ws/install/rosidl_typesupport_microxrcedds_c/local/lib/python3.10/dist-packages/rosidl_typesupport_microxrcedds_c-3.0.1-py3.10.egg-info/dependency_links.txt
[1.217s] -- Up-to-date: /home/abdelrhaman/microros_ws/install/rosidl_typesupport_microxrcedds_c/local/lib/python3.10/dist-packages/rosidl_typesupport_microxrcedds_c
[1.217s] -- Up-to-date: /home/abdelrhaman/microros_ws/install/rosidl_typesupport_microxrcedds_c/local/lib/python3.10/dist-packages/rosidl_typesupport_microxrcedds_c/__init__.py
[1.239s] Listing '/home/abdelrhaman/microros_ws/install/rosidl_typesupport_microxrcedds_c/local/lib/python3.10/dist-packages/rosidl_typesupport_microxrcedds_c'...
[1.243s] -- Up-to-date: /home/abdelrhaman/microros_ws/install/rosidl_typesupport_microxrcedds_c/share/rosidl_typesupport_microxrcedds_c/environment/library_path.sh
[1.243s] -- Up-to-date: /home/abdelrhaman/microros_ws/install/rosidl_typesupport_microxrcedds_c/share/rosidl_typesupport_microxrcedds_c/environment/library_path.dsv
[1.244s] -- Up-to-date: /home/abdelrhaman/microros_ws/install/rosidl_typesupport_microxrcedds_c/share/ament_index/resource_index/rosidl_typesupport_c/rosidl_typesupport_microxrcedds_c
[1.244s] -- Up-to-date: /home/abdelrhaman/microros_ws/install/rosidl_typesupport_microxrcedds_c/share/ament_index/resource_index/package_run_dependencies/rosidl_typesupport_microxrcedds_c
[1.244s] -- Up-to-date: /home/abdelrhaman/microros_ws/install/rosidl_typesupport_microxrcedds_c/share/ament_index/resource_index/parent_prefix_path/rosidl_typesupport_microxrcedds_c
[1.244s] -- Up-to-date: /home/abdelrhaman/microros_ws/install/rosidl_typesupport_microxrcedds_c/share/rosidl_typesupport_microxrcedds_c/environment/ament_prefix_path.sh
[1.244s] -- Up-to-date: /home/abdelrhaman/microros_ws/install/rosidl_typesupport_microxrcedds_c/share/rosidl_typesupport_microxrcedds_c/environment/ament_prefix_path.dsv
[1.244s] -- Up-to-date: /home/abdelrhaman/microros_ws/install/rosidl_typesupport_microxrcedds_c/share/rosidl_typesupport_microxrcedds_c/environment/path.sh
[1.244s] -- Up-to-date: /home/abdelrhaman/microros_ws/install/rosidl_typesupport_microxrcedds_c/share/rosidl_typesupport_microxrcedds_c/environment/path.dsv
[1.244s] -- Up-to-date: /home/abdelrhaman/microros_ws/install/rosidl_typesupport_microxrcedds_c/share/rosidl_typesupport_microxrcedds_c/local_setup.bash
[1.244s] -- Up-to-date: /home/abdelrhaman/microros_ws/install/rosidl_typesupport_microxrcedds_c/share/rosidl_typesupport_microxrcedds_c/local_setup.sh
[1.244s] -- Up-to-date: /home/abdelrhaman/microros_ws/install/rosidl_typesupport_microxrcedds_c/share/rosidl_typesupport_microxrcedds_c/local_setup.zsh
[1.244s] -- Up-to-date: /home/abdelrhaman/microros_ws/install/rosidl_typesupport_microxrcedds_c/share/rosidl_typesupport_microxrcedds_c/local_setup.dsv
[1.245s] -- Installing: /home/abdelrhaman/microros_ws/install/rosidl_typesupport_microxrcedds_c/share/rosidl_typesupport_microxrcedds_c/package.dsv
[1.245s] -- Up-to-date: /home/abdelrhaman/microros_ws/install/rosidl_typesupport_microxrcedds_c/share/ament_index/resource_index/packages/rosidl_typesupport_microxrcedds_c
[1.245s] -- Up-to-date: /home/abdelrhaman/microros_ws/install/rosidl_typesupport_microxrcedds_c/share/rosidl_typesupport_microxrcedds_c/cmake/rosidl_typesupport_microxrcedds_cExport.cmake
[1.245s] -- Up-to-date: /home/abdelrhaman/microros_ws/install/rosidl_typesupport_microxrcedds_c/share/rosidl_typesupport_microxrcedds_c/cmake/rosidl_typesupport_microxrcedds_cExport-noconfig.cmake
[1.245s] -- Up-to-date: /home/abdelrhaman/microros_ws/install/rosidl_typesupport_microxrcedds_c/share/rosidl_typesupport_microxrcedds_c/cmake/rosidl_typesupport_microxrcedds_c-extras.cmake
[1.245s] -- Up-to-date: /home/abdelrhaman/microros_ws/install/rosidl_typesupport_microxrcedds_c/share/rosidl_typesupport_microxrcedds_c/cmake/ament_cmake_export_dependencies-extras.cmake
[1.245s] -- Up-to-date: /home/abdelrhaman/microros_ws/install/rosidl_typesupport_microxrcedds_c/share/rosidl_typesupport_microxrcedds_c/cmake/ament_cmake_export_include_directories-extras.cmake
[1.245s] -- Up-to-date: /home/abdelrhaman/microros_ws/install/rosidl_typesupport_microxrcedds_c/share/rosidl_typesupport_microxrcedds_c/cmake/ament_cmake_export_libraries-extras.cmake
[1.245s] -- Up-to-date: /home/abdelrhaman/microros_ws/install/rosidl_typesupport_microxrcedds_c/share/rosidl_typesupport_microxrcedds_c/cmake/ament_cmake_export_targets-extras.cmake
[1.245s] -- Up-to-date: /home/abdelrhaman/microros_ws/install/rosidl_typesupport_microxrcedds_c/share/rosidl_typesupport_microxrcedds_c/cmake/rosidl_typesupport_microxrcedds_cConfig.cmake
[1.245s] -- Up-to-date: /home/abdelrhaman/microros_ws/install/rosidl_typesupport_microxrcedds_c/share/rosidl_typesupport_microxrcedds_c/cmake/rosidl_typesupport_microxrcedds_cConfig-version.cmake
[1.245s] -- Up-to-date: /home/abdelrhaman/microros_ws/install/rosidl_typesupport_microxrcedds_c/share/rosidl_typesupport_microxrcedds_c/package.xml
[1.245s] -- Up-to-date: /home/abdelrhaman/microros_ws/install/rosidl_typesupport_microxrcedds_c/lib/rosidl_typesupport_microxrcedds_c/rosidl_typesupport_microxrcedds_c
[1.245s] -- Up-to-date: /home/abdelrhaman/microros_ws/install/rosidl_typesupport_microxrcedds_c/share/rosidl_typesupport_microxrcedds_c/cmake
[1.246s] -- Up-to-date: /home/abdelrhaman/microros_ws/install/rosidl_typesupport_microxrcedds_c/share/rosidl_typesupport_microxrcedds_c/cmake/rosidl_typesupport_microxrcedds_c_generate_interfaces.cmake
[1.246s] -- Up-to-date: /home/abdelrhaman/microros_ws/install/rosidl_typesupport_microxrcedds_c/share/rosidl_typesupport_microxrcedds_c/resource
[1.246s] -- Up-to-date: /home/abdelrhaman/microros_ws/install/rosidl_typesupport_microxrcedds_c/share/rosidl_typesupport_microxrcedds_c/resource/srv__type_support_c.c.em
[1.246s] -- Up-to-date: /home/abdelrhaman/microros_ws/install/rosidl_typesupport_microxrcedds_c/share/rosidl_typesupport_microxrcedds_c/resource/idl__type_support_c.c.em
[1.246s] -- Up-to-date: /home/abdelrhaman/microros_ws/install/rosidl_typesupport_microxrcedds_c/share/rosidl_typesupport_microxrcedds_c/resource/rosidl_typesupport_microxrcedds_c__visibility_control.h.in
[1.246s] -- Up-to-date: /home/abdelrhaman/microros_ws/install/rosidl_typesupport_microxrcedds_c/share/rosidl_typesupport_microxrcedds_c/resource/idl__rosidl_typesupport_microxrcedds_c.h.em
[1.246s] -- Up-to-date: /home/abdelrhaman/microros_ws/install/rosidl_typesupport_microxrcedds_c/share/rosidl_typesupport_microxrcedds_c/resource/srv__rosidl_typesupport_microxrcedds_c.h.em
[1.246s] -- Up-to-date: /home/abdelrhaman/microros_ws/install/rosidl_typesupport_microxrcedds_c/share/rosidl_typesupport_microxrcedds_c/resource/msg__rosidl_typesupport_microxrcedds_c.h.em
[1.246s] -- Up-to-date: /home/abdelrhaman/microros_ws/install/rosidl_typesupport_microxrcedds_c/share/rosidl_typesupport_microxrcedds_c/resource/msg__type_support_c.c.em
[1.247s] -- Up-to-date: /home/abdelrhaman/microros_ws/install/rosidl_typesupport_microxrcedds_c/include
[1.247s] -- Up-to-date: /home/abdelrhaman/microros_ws/install/rosidl_typesupport_microxrcedds_c/include/rosidl_typesupport_microxrcedds_c
[1.247s] -- Up-to-date: /home/abdelrhaman/microros_ws/install/rosidl_typesupport_microxrcedds_c/include/rosidl_typesupport_microxrcedds_c/identifier.h
[1.247s] -- Up-to-date: /home/abdelrhaman/microros_ws/install/rosidl_typesupport_microxrcedds_c/include/rosidl_typesupport_microxrcedds_c/message_type_support.h
[1.248s] -- Up-to-date: /home/abdelrhaman/microros_ws/install/rosidl_typesupport_microxrcedds_c/include/rosidl_typesupport_microxrcedds_c/visibility_control.h
[1.248s] -- Up-to-date: /home/abdelrhaman/microros_ws/install/rosidl_typesupport_microxrcedds_c/include/rosidl_typesupport_microxrcedds_c/service_type_support.h
[1.248s] -- Up-to-date: /home/abdelrhaman/microros_ws/install/rosidl_typesupport_microxrcedds_c/lib/librosidl_typesupport_microxrcedds_c.so
[1.248s] Invoked command in '/home/abdelrhaman/microros_ws/build/rosidl_typesupport_microxrcedds_c' returned '0': CMAKE_PREFIX_PATH=/home/abdelrhaman/microros_ws/install/microcdr:/home/abdelrhaman/microros_ws/install/rosidl_typesupport_microxrcedds_cpp:/home/abdelrhaman/microros_ws/install/rosidl_typesupport_microxrcedds_c:/home/abdelrhaman/microros_ws/install/micro_ros_setup:/home/abdelrhaman/ros/install/my_robot_controller:/opt/ros/humble LD_LIBRARY_PATH=/home/abdelrhaman/microros_ws/install/microcdr/lib:/home/abdelrhaman/microros_ws/install/rosidl_typesupport_microxrcedds_cpp/lib:/home/abdelrhaman/microros_ws/install/rosidl_typesupport_microxrcedds_c/lib:/opt/ros/humble/opt/rviz_ogre_vendor/lib:/opt/ros/humble/lib/x86_64-linux-gnu:/opt/ros/humble/lib /usr/bin/cmake --install /home/abdelrhaman/microros_ws/build/rosidl_typesupport_microxrcedds_c
