[0.009s] Invoking command in '/home/abdelrhaman/microros_ws/build/micro_ros_msgs': CMAKE_PREFIX_PATH=${CMAKE_PREFIX_PATH}:/home/abdelrhaman/microros_ws/install/sensor_msgs_py:/home/abdelrhaman/ros/install/my_robot_controller:/opt/ros/humble /usr/bin/cmake /home/abdelrhaman/microros_ws/src/uros/micro_ros_msgs -DUAGENT_BUILD_EXECUTABLE=OFF -DUAGENT_P2P_PROFILE=OFF --no-warn-unused-cli -DCMAKE_INSTALL_PREFIX=/home/abdelrhaman/microros_ws/install/micro_ros_msgs
[0.018s] Not searching for unused variables given on the command line.
[0.021s] -- Found ament_cmake: 1.3.10 (/opt/ros/humble/share/ament_cmake/cmake)
[0.134s] -- Found rosidl_default_generators: 1.2.0 (/opt/ros/humble/share/rosidl_default_generators/cmake)
[0.138s] -- Using all available rosidl_typesupport_c: rosidl_typesupport_microxrcedds_c;rosidl_typesupport_fastrtps_c;rosidl_typesupport_introspection_c
[0.139s] -- Found rosidl_adapter: 3.1.5 (/opt/ros/humble/share/rosidl_adapter/cmake)
[0.164s] -- Using all available rosidl_typesupport_cpp: rosidl_typesupport_microxrcedds_cpp;rosidl_typesupport_fastrtps_cpp;rosidl_typesupport_introspection_cpp
[0.396s] -- Found ament_cmake_ros: 0.10.0 (/opt/ros/humble/share/ament_cmake_ros/cmake)
[0.625s] -- Using all available rosidl_typesupport_c: rosidl_typesupport_microxrcedds_c;rosidl_typesupport_fastrtps_c;rosidl_typesupport_introspection_c
[0.895s] -- Using all available rosidl_typesupport_cpp: rosidl_typesupport_microxrcedds_cpp;rosidl_typesupport_fastrtps_cpp;rosidl_typesupport_introspection_cpp
[0.918s] -- Found python_cmake_module: 0.10.0 (/opt/ros/humble/share/python_cmake_module/cmake)
[0.945s] -- Using PYTHON_EXECUTABLE: /usr/bin/python3
[0.945s] -- Using PYTHON_INCLUDE_DIRS: /usr/include/python3.10
[0.945s] -- Using PYTHON_LIBRARIES: /usr/lib/x86_64-linux-gnu/libpython3.10.so
[0.966s] -- Configuring done
[0.986s] -- Generating done
[0.988s] -- Build files have been written to: /home/abdelrhaman/microros_ws/build/micro_ros_msgs
[0.993s] Invoked command in '/home/abdelrhaman/microros_ws/build/micro_ros_msgs' returned '0': CMAKE_PREFIX_PATH=${CMAKE_PREFIX_PATH}:/home/abdelrhaman/microros_ws/install/sensor_msgs_py:/home/abdelrhaman/ros/install/my_robot_controller:/opt/ros/humble /usr/bin/cmake /home/abdelrhaman/microros_ws/src/uros/micro_ros_msgs -DUAGENT_BUILD_EXECUTABLE=OFF -DUAGENT_P2P_PROFILE=OFF --no-warn-unused-cli -DCMAKE_INSTALL_PREFIX=/home/abdelrhaman/microros_ws/install/micro_ros_msgs
[0.994s] Invoking command in '/home/abdelrhaman/microros_ws/build/micro_ros_msgs': CMAKE_PREFIX_PATH=${CMAKE_PREFIX_PATH}:/home/abdelrhaman/microros_ws/install/sensor_msgs_py:/home/abdelrhaman/ros/install/my_robot_controller:/opt/ros/humble /usr/bin/cmake --build /home/abdelrhaman/microros_ws/build/micro_ros_msgs -- -j20 -l20
[1.035s] [35m[1mConsolidate compiler generated dependencies of target micro_ros_msgs__rosidl_generator_c[0m
[1.065s] [  8%] Built target micro_ros_msgs__rosidl_generator_c
[1.069s] [ 10%] Built target micro_ros_msgs__cpp
[1.094s] [ 10%] Built target ament_cmake_python_copy_micro_ros_msgs
[1.098s] [35m[1mConsolidate compiler generated dependencies of target micro_ros_msgs__rosidl_typesupport_microxrcedds_c[0m
[1.099s] [35m[1mConsolidate compiler generated dependencies of target micro_ros_msgs__rosidl_typesupport_fastrtps_c[0m
[1.100s] [35m[1mConsolidate compiler generated dependencies of target micro_ros_msgs__rosidl_typesupport_introspection_cpp[0m
[1.100s] [35m[1mConsolidate compiler generated dependencies of target micro_ros_msgs__rosidl_typesupport_cpp[0m
[1.101s] [35m[1mConsolidate compiler generated dependencies of target micro_ros_msgs__rosidl_typesupport_c[0m
[1.101s] [35m[1mConsolidate compiler generated dependencies of target micro_ros_msgs__rosidl_typesupport_fastrtps_cpp[0m
[1.103s] [35m[1mConsolidate compiler generated dependencies of target micro_ros_msgs__rosidl_typesupport_introspection_c[0m
[1.105s] [35m[1mConsolidate compiler generated dependencies of target micro_ros_msgs__rosidl_typesupport_microxrcedds_cpp[0m
[1.117s] [ 18%] Built target micro_ros_msgs__rosidl_typesupport_cpp
[1.118s] [ 30%] Built target micro_ros_msgs__rosidl_typesupport_fastrtps_c
[1.118s] [ 35%] Built target micro_ros_msgs__rosidl_typesupport_c
[1.118s] [ 44%] Built target micro_ros_msgs__rosidl_typesupport_introspection_c
[1.121s] [ 52%] Built target micro_ros_msgs__rosidl_typesupport_microxrcedds_c
[1.121s] [ 61%] Built target micro_ros_msgs__rosidl_typesupport_introspection_cpp
[1.122s] [ 69%] Built target micro_ros_msgs__rosidl_typesupport_fastrtps_cpp
[1.124s] [ 77%] Built target micro_ros_msgs__rosidl_typesupport_microxrcedds_cpp
[1.147s] [ 77%] Built target micro_ros_msgs
[1.169s] [ 79%] Built target micro_ros_msgs__py
[1.181s] [35m[1mConsolidate compiler generated dependencies of target micro_ros_msgs__rosidl_generator_py[0m
[1.196s] [ 86%] Built target micro_ros_msgs__rosidl_generator_py
[1.206s] [35m[1mConsolidate compiler generated dependencies of target micro_ros_msgs__rosidl_typesupport_introspection_c__pyext[0m
[1.206s] [35m[1mConsolidate compiler generated dependencies of target micro_ros_msgs__rosidl_typesupport_c__pyext[0m
[1.209s] [35m[1mConsolidate compiler generated dependencies of target micro_ros_msgs__rosidl_typesupport_microxrcedds_c__pyext[0m
[1.209s] [35m[1mConsolidate compiler generated dependencies of target micro_ros_msgs__rosidl_typesupport_fastrtps_c__pyext[0m
[1.216s] [ 93%] Built target micro_ros_msgs__rosidl_typesupport_introspection_c__pyext
[1.216s] [ 93%] Built target micro_ros_msgs__rosidl_typesupport_c__pyext
[1.223s] [ 96%] Built target micro_ros_msgs__rosidl_typesupport_fastrtps_c__pyext
[1.224s] [100%] Built target micro_ros_msgs__rosidl_typesupport_microxrcedds_c__pyext
[1.488s] running egg_info
[1.527s] writing micro_ros_msgs.egg-info/PKG-INFO
[1.559s] writing dependency_links to micro_ros_msgs.egg-info/dependency_links.txt
[1.747s] writing top-level names to micro_ros_msgs.egg-info/top_level.txt
[1.801s] reading manifest file 'micro_ros_msgs.egg-info/SOURCES.txt'
[1.802s] writing manifest file 'micro_ros_msgs.egg-info/SOURCES.txt'
[1.826s] [100%] Built target ament_cmake_python_build_micro_ros_msgs_egg
[1.838s] Invoked command in '/home/abdelrhaman/microros_ws/build/micro_ros_msgs' returned '0': CMAKE_PREFIX_PATH=${CMAKE_PREFIX_PATH}:/home/abdelrhaman/microros_ws/install/sensor_msgs_py:/home/abdelrhaman/ros/install/my_robot_controller:/opt/ros/humble /usr/bin/cmake --build /home/abdelrhaman/microros_ws/build/micro_ros_msgs -- -j20 -l20
[2.016s] Invoking command in '/home/abdelrhaman/microros_ws/build/micro_ros_msgs': CMAKE_PREFIX_PATH=${CMAKE_PREFIX_PATH}:/home/abdelrhaman/microros_ws/install/sensor_msgs_py:/home/abdelrhaman/ros/install/my_robot_controller:/opt/ros/humble /usr/bin/cmake --install /home/abdelrhaman/microros_ws/build/micro_ros_msgs
[2.024s] -- Install configuration: ""
[2.024s] -- Up-to-date: /home/abdelrhaman/microros_ws/install/micro_ros_msgs/share/ament_index/resource_index/rosidl_interfaces/micro_ros_msgs
[2.024s] -- Up-to-date: /home/abdelrhaman/microros_ws/install/micro_ros_msgs/include/micro_ros_msgs/micro_ros_msgs
[2.024s] -- Up-to-date: /home/abdelrhaman/microros_ws/install/micro_ros_msgs/include/micro_ros_msgs/micro_ros_msgs/msg
[2.024s] -- Up-to-date: /home/abdelrhaman/microros_ws/install/micro_ros_msgs/include/micro_ros_msgs/micro_ros_msgs/msg/rosidl_generator_c__visibility_control.h
[2.024s] -- Up-to-date: /home/abdelrhaman/microros_ws/install/micro_ros_msgs/include/micro_ros_msgs/micro_ros_msgs/msg/graph.h
[2.024s] -- Up-to-date: /home/abdelrhaman/microros_ws/install/micro_ros_msgs/include/micro_ros_msgs/micro_ros_msgs/msg/detail
[2.024s] -- Up-to-date: /home/abdelrhaman/microros_ws/install/micro_ros_msgs/include/micro_ros_msgs/micro_ros_msgs/msg/detail/node__functions.c
[2.024s] -- Up-to-date: /home/abdelrhaman/microros_ws/install/micro_ros_msgs/include/micro_ros_msgs/micro_ros_msgs/msg/detail/graph__struct.h
[2.024s] -- Up-to-date: /home/abdelrhaman/microros_ws/install/micro_ros_msgs/include/micro_ros_msgs/micro_ros_msgs/msg/detail/entity__functions.c
[2.024s] -- Up-to-date: /home/abdelrhaman/microros_ws/install/micro_ros_msgs/include/micro_ros_msgs/micro_ros_msgs/msg/detail/entity__struct.h
[2.024s] -- Up-to-date: /home/abdelrhaman/microros_ws/install/micro_ros_msgs/include/micro_ros_msgs/micro_ros_msgs/msg/detail/graph__functions.h
[2.024s] -- Up-to-date: /home/abdelrhaman/microros_ws/install/micro_ros_msgs/include/micro_ros_msgs/micro_ros_msgs/msg/detail/node__type_support.h
[2.024s] -- Up-to-date: /home/abdelrhaman/microros_ws/install/micro_ros_msgs/include/micro_ros_msgs/micro_ros_msgs/msg/detail/graph__type_support.h
[2.024s] -- Up-to-date: /home/abdelrhaman/microros_ws/install/micro_ros_msgs/include/micro_ros_msgs/micro_ros_msgs/msg/detail/entity__type_support.h
[2.024s] -- Up-to-date: /home/abdelrhaman/microros_ws/install/micro_ros_msgs/include/micro_ros_msgs/micro_ros_msgs/msg/detail/entity__functions.h
[2.024s] -- Up-to-date: /home/abdelrhaman/microros_ws/install/micro_ros_msgs/include/micro_ros_msgs/micro_ros_msgs/msg/detail/graph__functions.c
[2.025s] -- Up-to-date: /home/abdelrhaman/microros_ws/install/micro_ros_msgs/include/micro_ros_msgs/micro_ros_msgs/msg/detail/node__struct.h
[2.025s] -- Up-to-date: /home/abdelrhaman/microros_ws/install/micro_ros_msgs/include/micro_ros_msgs/micro_ros_msgs/msg/detail/node__functions.h
[2.025s] -- Up-to-date: /home/abdelrhaman/microros_ws/install/micro_ros_msgs/include/micro_ros_msgs/micro_ros_msgs/msg/node.h
[2.025s] -- Up-to-date: /home/abdelrhaman/microros_ws/install/micro_ros_msgs/include/micro_ros_msgs/micro_ros_msgs/msg/entity.h
[2.025s] -- Up-to-date: /home/abdelrhaman/microros_ws/install/micro_ros_msgs/share/micro_ros_msgs/environment/library_path.sh
[2.025s] -- Installing: /home/abdelrhaman/microros_ws/install/micro_ros_msgs/share/micro_ros_msgs/environment/library_path.dsv
[2.025s] -- Up-to-date: /home/abdelrhaman/microros_ws/install/micro_ros_msgs/lib/libmicro_ros_msgs__rosidl_generator_c.so
[2.025s] -- Up-to-date: /home/abdelrhaman/microros_ws/install/micro_ros_msgs/include/micro_ros_msgs
[2.025s] -- Up-to-date: /home/abdelrhaman/microros_ws/install/micro_ros_msgs/include/micro_ros_msgs/msg
[2.025s] -- Up-to-date: /home/abdelrhaman/microros_ws/install/micro_ros_msgs/include/micro_ros_msgs/msg/detail
[2.025s] -- Up-to-date: /home/abdelrhaman/microros_ws/install/micro_ros_msgs/include/micro_ros_msgs/msg/detail/entity__rosidl_typesupport_microxrcedds_c.h
[2.025s] -- Up-to-date: /home/abdelrhaman/microros_ws/install/micro_ros_msgs/include/micro_ros_msgs/msg/detail/microxrcedds
[2.025s] -- Up-to-date: /home/abdelrhaman/microros_ws/install/micro_ros_msgs/include/micro_ros_msgs/msg/detail/graph__rosidl_typesupport_microxrcedds_c.h
[2.025s] -- Up-to-date: /home/abdelrhaman/microros_ws/install/micro_ros_msgs/include/micro_ros_msgs/msg/detail/node__rosidl_typesupport_microxrcedds_c.h
[2.025s] -- Up-to-date: /home/abdelrhaman/microros_ws/install/micro_ros_msgs/include/micro_ros_msgs/msg/rosidl_typesupport_microxrcedds_c__visibility_control.h
[2.025s] -- Up-to-date: /home/abdelrhaman/microros_ws/install/micro_ros_msgs/lib/libmicro_ros_msgs__rosidl_typesupport_microxrcedds_c.so
[2.025s] -- Up-to-date: /home/abdelrhaman/microros_ws/install/micro_ros_msgs/include/micro_ros_msgs/micro_ros_msgs
[2.025s] -- Up-to-date: /home/abdelrhaman/microros_ws/install/micro_ros_msgs/include/micro_ros_msgs/micro_ros_msgs/msg
[2.025s] -- Up-to-date: /home/abdelrhaman/microros_ws/install/micro_ros_msgs/include/micro_ros_msgs/micro_ros_msgs/msg/detail
[2.025s] -- Up-to-date: /home/abdelrhaman/microros_ws/install/micro_ros_msgs/include/micro_ros_msgs/micro_ros_msgs/msg/detail/entity__rosidl_typesupport_fastrtps_c.h
[2.025s] -- Up-to-date: /home/abdelrhaman/microros_ws/install/micro_ros_msgs/include/micro_ros_msgs/micro_ros_msgs/msg/detail/node__rosidl_typesupport_fastrtps_c.h
[2.025s] -- Up-to-date: /home/abdelrhaman/microros_ws/install/micro_ros_msgs/include/micro_ros_msgs/micro_ros_msgs/msg/detail/graph__rosidl_typesupport_fastrtps_c.h
[2.025s] -- Up-to-date: /home/abdelrhaman/microros_ws/install/micro_ros_msgs/include/micro_ros_msgs/micro_ros_msgs/msg/rosidl_typesupport_fastrtps_c__visibility_control.h
[2.025s] -- Up-to-date: /home/abdelrhaman/microros_ws/install/micro_ros_msgs/lib/libmicro_ros_msgs__rosidl_typesupport_fastrtps_c.so
[2.025s] -- Up-to-date: /home/abdelrhaman/microros_ws/install/micro_ros_msgs/include/micro_ros_msgs/micro_ros_msgs
[2.025s] -- Up-to-date: /home/abdelrhaman/microros_ws/install/micro_ros_msgs/include/micro_ros_msgs/micro_ros_msgs/msg
[2.025s] -- Up-to-date: /home/abdelrhaman/microros_ws/install/micro_ros_msgs/include/micro_ros_msgs/micro_ros_msgs/msg/rosidl_typesupport_introspection_c__visibility_control.h
[2.026s] -- Up-to-date: /home/abdelrhaman/microros_ws/install/micro_ros_msgs/include/micro_ros_msgs/micro_ros_msgs/msg/detail
[2.026s] -- Up-to-date: /home/abdelrhaman/microros_ws/install/micro_ros_msgs/include/micro_ros_msgs/micro_ros_msgs/msg/detail/node__rosidl_typesupport_introspection_c.h
[2.026s] -- Up-to-date: /home/abdelrhaman/microros_ws/install/micro_ros_msgs/include/micro_ros_msgs/micro_ros_msgs/msg/detail/node__type_support.c
[2.026s] -- Up-to-date: /home/abdelrhaman/microros_ws/install/micro_ros_msgs/include/micro_ros_msgs/micro_ros_msgs/msg/detail/entity__type_support.c
[2.026s] -- Up-to-date: /home/abdelrhaman/microros_ws/install/micro_ros_msgs/include/micro_ros_msgs/micro_ros_msgs/msg/detail/entity__rosidl_typesupport_introspection_c.h
[2.026s] -- Up-to-date: /home/abdelrhaman/microros_ws/install/micro_ros_msgs/include/micro_ros_msgs/micro_ros_msgs/msg/detail/graph__type_support.c
[2.026s] -- Up-to-date: /home/abdelrhaman/microros_ws/install/micro_ros_msgs/include/micro_ros_msgs/micro_ros_msgs/msg/detail/graph__rosidl_typesupport_introspection_c.h
[2.026s] -- Up-to-date: /home/abdelrhaman/microros_ws/install/micro_ros_msgs/lib/libmicro_ros_msgs__rosidl_typesupport_introspection_c.so
[2.026s] -- Up-to-date: /home/abdelrhaman/microros_ws/install/micro_ros_msgs/lib/libmicro_ros_msgs__rosidl_typesupport_c.so
[2.026s] -- Up-to-date: /home/abdelrhaman/microros_ws/install/micro_ros_msgs/include/micro_ros_msgs/micro_ros_msgs
[2.026s] -- Up-to-date: /home/abdelrhaman/microros_ws/install/micro_ros_msgs/include/micro_ros_msgs/micro_ros_msgs/msg
[2.026s] -- Up-to-date: /home/abdelrhaman/microros_ws/install/micro_ros_msgs/include/micro_ros_msgs/micro_ros_msgs/msg/node.hpp
[2.026s] -- Up-to-date: /home/abdelrhaman/microros_ws/install/micro_ros_msgs/include/micro_ros_msgs/micro_ros_msgs/msg/detail
[2.026s] -- Up-to-date: /home/abdelrhaman/microros_ws/install/micro_ros_msgs/include/micro_ros_msgs/micro_ros_msgs/msg/detail/node__builder.hpp
[2.026s] -- Up-to-date: /home/abdelrhaman/microros_ws/install/micro_ros_msgs/include/micro_ros_msgs/micro_ros_msgs/msg/detail/node__traits.hpp
[2.026s] -- Up-to-date: /home/abdelrhaman/microros_ws/install/micro_ros_msgs/include/micro_ros_msgs/micro_ros_msgs/msg/detail/graph__builder.hpp
[2.026s] -- Up-to-date: /home/abdelrhaman/microros_ws/install/micro_ros_msgs/include/micro_ros_msgs/micro_ros_msgs/msg/detail/graph__traits.hpp
[2.026s] -- Up-to-date: /home/abdelrhaman/microros_ws/install/micro_ros_msgs/include/micro_ros_msgs/micro_ros_msgs/msg/detail/entity__traits.hpp
[2.026s] -- Up-to-date: /home/abdelrhaman/microros_ws/install/micro_ros_msgs/include/micro_ros_msgs/micro_ros_msgs/msg/detail/entity__builder.hpp
[2.026s] -- Up-to-date: /home/abdelrhaman/microros_ws/install/micro_ros_msgs/include/micro_ros_msgs/micro_ros_msgs/msg/detail/graph__struct.hpp
[2.026s] -- Up-to-date: /home/abdelrhaman/microros_ws/install/micro_ros_msgs/include/micro_ros_msgs/micro_ros_msgs/msg/detail/node__struct.hpp
[2.026s] -- Up-to-date: /home/abdelrhaman/microros_ws/install/micro_ros_msgs/include/micro_ros_msgs/micro_ros_msgs/msg/detail/entity__struct.hpp
[2.026s] -- Up-to-date: /home/abdelrhaman/microros_ws/install/micro_ros_msgs/include/micro_ros_msgs/micro_ros_msgs/msg/entity.hpp
[2.026s] -- Up-to-date: /home/abdelrhaman/microros_ws/install/micro_ros_msgs/include/micro_ros_msgs/micro_ros_msgs/msg/graph.hpp
[2.026s] -- Up-to-date: /home/abdelrhaman/microros_ws/install/micro_ros_msgs/include/micro_ros_msgs
[2.026s] -- Up-to-date: /home/abdelrhaman/microros_ws/install/micro_ros_msgs/include/micro_ros_msgs/msg
[2.026s] -- Up-to-date: /home/abdelrhaman/microros_ws/install/micro_ros_msgs/include/micro_ros_msgs/msg/detail
[2.026s] -- Up-to-date: /home/abdelrhaman/microros_ws/install/micro_ros_msgs/include/micro_ros_msgs/msg/detail/entity__rosidl_typesupport_microxrcedds_cpp.hpp
[2.026s] -- Up-to-date: /home/abdelrhaman/microros_ws/install/micro_ros_msgs/include/micro_ros_msgs/msg/detail/microxrcedds
[2.027s] -- Up-to-date: /home/abdelrhaman/microros_ws/install/micro_ros_msgs/include/micro_ros_msgs/msg/detail/microxrcedds/node__type_support_cpp.cpp
[2.027s] -- Up-to-date: /home/abdelrhaman/microros_ws/install/micro_ros_msgs/include/micro_ros_msgs/msg/detail/microxrcedds/graph__type_support_cpp.cpp
[2.027s] -- Up-to-date: /home/abdelrhaman/microros_ws/install/micro_ros_msgs/include/micro_ros_msgs/msg/detail/microxrcedds/entity__type_support_cpp.cpp
[2.027s] -- Up-to-date: /home/abdelrhaman/microros_ws/install/micro_ros_msgs/include/micro_ros_msgs/msg/detail/node__rosidl_typesupport_microxrcedds_cpp.hpp
[2.027s] -- Up-to-date: /home/abdelrhaman/microros_ws/install/micro_ros_msgs/include/micro_ros_msgs/msg/detail/graph__rosidl_typesupport_microxrcedds_cpp.hpp
[2.027s] -- Up-to-date: /home/abdelrhaman/microros_ws/install/micro_ros_msgs/include/micro_ros_msgs/msg/rosidl_typesupport_microxrcedds_cpp__visibility_control.h
[2.027s] -- Up-to-date: /home/abdelrhaman/microros_ws/install/micro_ros_msgs/lib/libmicro_ros_msgs__rosidl_typesupport_microxrcedds_cpp.so
[2.027s] -- Up-to-date: /home/abdelrhaman/microros_ws/install/micro_ros_msgs/include/micro_ros_msgs/micro_ros_msgs
[2.027s] -- Up-to-date: /home/abdelrhaman/microros_ws/install/micro_ros_msgs/include/micro_ros_msgs/micro_ros_msgs/msg
[2.027s] -- Up-to-date: /home/abdelrhaman/microros_ws/install/micro_ros_msgs/include/micro_ros_msgs/micro_ros_msgs/msg/detail
[2.027s] -- Up-to-date: /home/abdelrhaman/microros_ws/install/micro_ros_msgs/include/micro_ros_msgs/micro_ros_msgs/msg/detail/graph__rosidl_typesupport_fastrtps_cpp.hpp
[2.027s] -- Up-to-date: /home/abdelrhaman/microros_ws/install/micro_ros_msgs/include/micro_ros_msgs/micro_ros_msgs/msg/detail/node__rosidl_typesupport_fastrtps_cpp.hpp
[2.027s] -- Up-to-date: /home/abdelrhaman/microros_ws/install/micro_ros_msgs/include/micro_ros_msgs/micro_ros_msgs/msg/detail/dds_fastrtps
[2.027s] -- Up-to-date: /home/abdelrhaman/microros_ws/install/micro_ros_msgs/include/micro_ros_msgs/micro_ros_msgs/msg/detail/entity__rosidl_typesupport_fastrtps_cpp.hpp
[2.027s] -- Up-to-date: /home/abdelrhaman/microros_ws/install/micro_ros_msgs/include/micro_ros_msgs/micro_ros_msgs/msg/rosidl_typesupport_fastrtps_cpp__visibility_control.h
[2.027s] -- Up-to-date: /home/abdelrhaman/microros_ws/install/micro_ros_msgs/lib/libmicro_ros_msgs__rosidl_typesupport_fastrtps_cpp.so
[2.027s] -- Up-to-date: /home/abdelrhaman/microros_ws/install/micro_ros_msgs/include/micro_ros_msgs/micro_ros_msgs
[2.027s] -- Up-to-date: /home/abdelrhaman/microros_ws/install/micro_ros_msgs/include/micro_ros_msgs/micro_ros_msgs/msg
[2.027s] -- Up-to-date: /home/abdelrhaman/microros_ws/install/micro_ros_msgs/include/micro_ros_msgs/micro_ros_msgs/msg/detail
[2.027s] -- Up-to-date: /home/abdelrhaman/microros_ws/install/micro_ros_msgs/include/micro_ros_msgs/micro_ros_msgs/msg/detail/graph__type_support.cpp
[2.027s] -- Up-to-date: /home/abdelrhaman/microros_ws/install/micro_ros_msgs/include/micro_ros_msgs/micro_ros_msgs/msg/detail/node__rosidl_typesupport_introspection_cpp.hpp
[2.027s] -- Up-to-date: /home/abdelrhaman/microros_ws/install/micro_ros_msgs/include/micro_ros_msgs/micro_ros_msgs/msg/detail/entity__rosidl_typesupport_introspection_cpp.hpp
[2.027s] -- Up-to-date: /home/abdelrhaman/microros_ws/install/micro_ros_msgs/include/micro_ros_msgs/micro_ros_msgs/msg/detail/entity__type_support.cpp
[2.027s] -- Up-to-date: /home/abdelrhaman/microros_ws/install/micro_ros_msgs/include/micro_ros_msgs/micro_ros_msgs/msg/detail/graph__rosidl_typesupport_introspection_cpp.hpp
[2.027s] -- Up-to-date: /home/abdelrhaman/microros_ws/install/micro_ros_msgs/include/micro_ros_msgs/micro_ros_msgs/msg/detail/node__type_support.cpp
[2.027s] -- Up-to-date: /home/abdelrhaman/microros_ws/install/micro_ros_msgs/lib/libmicro_ros_msgs__rosidl_typesupport_introspection_cpp.so
[2.027s] -- Up-to-date: /home/abdelrhaman/microros_ws/install/micro_ros_msgs/lib/libmicro_ros_msgs__rosidl_typesupport_cpp.so
[2.027s] -- Up-to-date: /home/abdelrhaman/microros_ws/install/micro_ros_msgs/share/micro_ros_msgs/environment/pythonpath.sh
[2.027s] -- Installing: /home/abdelrhaman/microros_ws/install/micro_ros_msgs/share/micro_ros_msgs/environment/pythonpath.dsv
[2.028s] -- Up-to-date: /home/abdelrhaman/microros_ws/install/micro_ros_msgs/local/lib/python3.10/dist-packages/micro_ros_msgs-3.0.1-py3.10.egg-info
[2.028s] -- Installing: /home/abdelrhaman/microros_ws/install/micro_ros_msgs/local/lib/python3.10/dist-packages/micro_ros_msgs-3.0.1-py3.10.egg-info/PKG-INFO
[2.028s] -- Installing: /home/abdelrhaman/microros_ws/install/micro_ros_msgs/local/lib/python3.10/dist-packages/micro_ros_msgs-3.0.1-py3.10.egg-info/SOURCES.txt
[2.028s] -- Installing: /home/abdelrhaman/microros_ws/install/micro_ros_msgs/local/lib/python3.10/dist-packages/micro_ros_msgs-3.0.1-py3.10.egg-info/top_level.txt
[2.028s] -- Installing: /home/abdelrhaman/microros_ws/install/micro_ros_msgs/local/lib/python3.10/dist-packages/micro_ros_msgs-3.0.1-py3.10.egg-info/dependency_links.txt
[2.028s] -- Up-to-date: /home/abdelrhaman/microros_ws/install/micro_ros_msgs/local/lib/python3.10/dist-packages/micro_ros_msgs
[2.028s] -- Up-to-date: /home/abdelrhaman/microros_ws/install/micro_ros_msgs/local/lib/python3.10/dist-packages/micro_ros_msgs/libmicro_ros_msgs__rosidl_generator_py.so
[2.028s] -- Up-to-date: /home/abdelrhaman/microros_ws/install/micro_ros_msgs/local/lib/python3.10/dist-packages/micro_ros_msgs/_micro_ros_msgs_s.ep.rosidl_typesupport_microxrcedds_c.c
[2.028s] -- Up-to-date: /home/abdelrhaman/microros_ws/install/micro_ros_msgs/local/lib/python3.10/dist-packages/micro_ros_msgs/_micro_ros_msgs_s.ep.rosidl_typesupport_fastrtps_c.c
[2.028s] -- Up-to-date: /home/abdelrhaman/microros_ws/install/micro_ros_msgs/local/lib/python3.10/dist-packages/micro_ros_msgs/_micro_ros_msgs_s.ep.rosidl_typesupport_c.c
[2.028s] -- Up-to-date: /home/abdelrhaman/microros_ws/install/micro_ros_msgs/local/lib/python3.10/dist-packages/micro_ros_msgs/_micro_ros_msgs_s.ep.rosidl_typesupport_introspection_c.c
[2.028s] -- Up-to-date: /home/abdelrhaman/microros_ws/install/micro_ros_msgs/local/lib/python3.10/dist-packages/micro_ros_msgs/micro_ros_msgs_s__rosidl_typesupport_microxrcedds_c.cpython-310-x86_64-linux-gnu.so
[2.028s] -- Installing: /home/abdelrhaman/microros_ws/install/micro_ros_msgs/local/lib/python3.10/dist-packages/micro_ros_msgs/__init__.py
[2.028s] -- Up-to-date: /home/abdelrhaman/microros_ws/install/micro_ros_msgs/local/lib/python3.10/dist-packages/micro_ros_msgs/micro_ros_msgs_s__rosidl_typesupport_fastrtps_c.cpython-310-x86_64-linux-gnu.so
[2.028s] -- Up-to-date: /home/abdelrhaman/microros_ws/install/micro_ros_msgs/local/lib/python3.10/dist-packages/micro_ros_msgs/micro_ros_msgs_s__rosidl_typesupport_introspection_c.cpython-310-x86_64-linux-gnu.so
[2.028s] -- Up-to-date: /home/abdelrhaman/microros_ws/install/micro_ros_msgs/local/lib/python3.10/dist-packages/micro_ros_msgs/msg
[2.028s] -- Up-to-date: /home/abdelrhaman/microros_ws/install/micro_ros_msgs/local/lib/python3.10/dist-packages/micro_ros_msgs/msg/_graph_s.c
[2.028s] -- Up-to-date: /home/abdelrhaman/microros_ws/install/micro_ros_msgs/local/lib/python3.10/dist-packages/micro_ros_msgs/msg/_entity.py
[2.028s] -- Up-to-date: /home/abdelrhaman/microros_ws/install/micro_ros_msgs/local/lib/python3.10/dist-packages/micro_ros_msgs/msg/_node_s.c
[2.028s] -- Up-to-date: /home/abdelrhaman/microros_ws/install/micro_ros_msgs/local/lib/python3.10/dist-packages/micro_ros_msgs/msg/_graph.py
[2.028s] -- Up-to-date: /home/abdelrhaman/microros_ws/install/micro_ros_msgs/local/lib/python3.10/dist-packages/micro_ros_msgs/msg/__init__.py
[2.028s] -- Up-to-date: /home/abdelrhaman/microros_ws/install/micro_ros_msgs/local/lib/python3.10/dist-packages/micro_ros_msgs/msg/_entity_s.c
[2.028s] -- Up-to-date: /home/abdelrhaman/microros_ws/install/micro_ros_msgs/local/lib/python3.10/dist-packages/micro_ros_msgs/msg/_node.py
[2.028s] -- Up-to-date: /home/abdelrhaman/microros_ws/install/micro_ros_msgs/local/lib/python3.10/dist-packages/micro_ros_msgs/micro_ros_msgs_s__rosidl_typesupport_c.cpython-310-x86_64-linux-gnu.so
[2.056s] Listing '/home/abdelrhaman/microros_ws/install/micro_ros_msgs/local/lib/python3.10/dist-packages/micro_ros_msgs'...
[2.056s] Compiling '/home/abdelrhaman/microros_ws/install/micro_ros_msgs/local/lib/python3.10/dist-packages/micro_ros_msgs/__init__.py'...
[2.056s] Listing '/home/abdelrhaman/microros_ws/install/micro_ros_msgs/local/lib/python3.10/dist-packages/micro_ros_msgs/msg'...
[2.059s] -- Up-to-date: /home/abdelrhaman/microros_ws/install/micro_ros_msgs/local/lib/python3.10/dist-packages/micro_ros_msgs/micro_ros_msgs_s__rosidl_typesupport_microxrcedds_c.cpython-310-x86_64-linux-gnu.so
[2.059s] -- Up-to-date: /home/abdelrhaman/microros_ws/install/micro_ros_msgs/local/lib/python3.10/dist-packages/micro_ros_msgs/micro_ros_msgs_s__rosidl_typesupport_fastrtps_c.cpython-310-x86_64-linux-gnu.so
[2.059s] -- Up-to-date: /home/abdelrhaman/microros_ws/install/micro_ros_msgs/local/lib/python3.10/dist-packages/micro_ros_msgs/micro_ros_msgs_s__rosidl_typesupport_introspection_c.cpython-310-x86_64-linux-gnu.so
[2.059s] -- Up-to-date: /home/abdelrhaman/microros_ws/install/micro_ros_msgs/local/lib/python3.10/dist-packages/micro_ros_msgs/micro_ros_msgs_s__rosidl_typesupport_c.cpython-310-x86_64-linux-gnu.so
[2.059s] -- Up-to-date: /home/abdelrhaman/microros_ws/install/micro_ros_msgs/lib/libmicro_ros_msgs__rosidl_generator_py.so
[2.059s] -- Up-to-date: /home/abdelrhaman/microros_ws/install/micro_ros_msgs/share/micro_ros_msgs/msg/Graph.idl
[2.060s] -- Up-to-date: /home/abdelrhaman/microros_ws/install/micro_ros_msgs/share/micro_ros_msgs/msg/Node.idl
[2.060s] -- Up-to-date: /home/abdelrhaman/microros_ws/install/micro_ros_msgs/share/micro_ros_msgs/msg/Entity.idl
[2.060s] -- Up-to-date: /home/abdelrhaman/microros_ws/install/micro_ros_msgs/share/micro_ros_msgs/msg/Graph.msg
[2.060s] -- Up-to-date: /home/abdelrhaman/microros_ws/install/micro_ros_msgs/share/micro_ros_msgs/msg/Node.msg
[2.060s] -- Up-to-date: /home/abdelrhaman/microros_ws/install/micro_ros_msgs/share/micro_ros_msgs/msg/Entity.msg
[2.060s] -- Up-to-date: /home/abdelrhaman/microros_ws/install/micro_ros_msgs/share/ament_index/resource_index/package_run_dependencies/micro_ros_msgs
[2.060s] -- Installing: /home/abdelrhaman/microros_ws/install/micro_ros_msgs/share/ament_index/resource_index/parent_prefix_path/micro_ros_msgs
[2.060s] -- Up-to-date: /home/abdelrhaman/microros_ws/install/micro_ros_msgs/share/micro_ros_msgs/environment/ament_prefix_path.sh
[2.060s] -- Installing: /home/abdelrhaman/microros_ws/install/micro_ros_msgs/share/micro_ros_msgs/environment/ament_prefix_path.dsv
[2.060s] -- Up-to-date: /home/abdelrhaman/microros_ws/install/micro_ros_msgs/share/micro_ros_msgs/environment/path.sh
[2.060s] -- Installing: /home/abdelrhaman/microros_ws/install/micro_ros_msgs/share/micro_ros_msgs/environment/path.dsv
[2.060s] -- Up-to-date: /home/abdelrhaman/microros_ws/install/micro_ros_msgs/share/micro_ros_msgs/local_setup.bash
[2.060s] -- Up-to-date: /home/abdelrhaman/microros_ws/install/micro_ros_msgs/share/micro_ros_msgs/local_setup.sh
[2.061s] -- Up-to-date: /home/abdelrhaman/microros_ws/install/micro_ros_msgs/share/micro_ros_msgs/local_setup.zsh
[2.061s] -- Installing: /home/abdelrhaman/microros_ws/install/micro_ros_msgs/share/micro_ros_msgs/local_setup.dsv
[2.061s] -- Installing: /home/abdelrhaman/microros_ws/install/micro_ros_msgs/share/micro_ros_msgs/package.dsv
[2.061s] -- Up-to-date: /home/abdelrhaman/microros_ws/install/micro_ros_msgs/share/ament_index/resource_index/packages/micro_ros_msgs
[2.061s] -- Up-to-date: /home/abdelrhaman/microros_ws/install/micro_ros_msgs/share/micro_ros_msgs/cmake/export_micro_ros_msgs__rosidl_generator_cExport.cmake
[2.061s] -- Up-to-date: /home/abdelrhaman/microros_ws/install/micro_ros_msgs/share/micro_ros_msgs/cmake/export_micro_ros_msgs__rosidl_generator_cExport-noconfig.cmake
[2.061s] -- Up-to-date: /home/abdelrhaman/microros_ws/install/micro_ros_msgs/share/micro_ros_msgs/cmake/export_micro_ros_msgs__rosidl_typesupport_fastrtps_cExport.cmake
[2.061s] -- Up-to-date: /home/abdelrhaman/microros_ws/install/micro_ros_msgs/share/micro_ros_msgs/cmake/export_micro_ros_msgs__rosidl_typesupport_fastrtps_cExport-noconfig.cmake
[2.061s] -- Up-to-date: /home/abdelrhaman/microros_ws/install/micro_ros_msgs/share/micro_ros_msgs/cmake/micro_ros_msgs__rosidl_typesupport_introspection_cExport.cmake
[2.061s] -- Up-to-date: /home/abdelrhaman/microros_ws/install/micro_ros_msgs/share/micro_ros_msgs/cmake/micro_ros_msgs__rosidl_typesupport_introspection_cExport-noconfig.cmake
[2.061s] -- Up-to-date: /home/abdelrhaman/microros_ws/install/micro_ros_msgs/share/micro_ros_msgs/cmake/micro_ros_msgs__rosidl_typesupport_cExport.cmake
[2.061s] -- Up-to-date: /home/abdelrhaman/microros_ws/install/micro_ros_msgs/share/micro_ros_msgs/cmake/micro_ros_msgs__rosidl_typesupport_cExport-noconfig.cmake
[2.061s] -- Up-to-date: /home/abdelrhaman/microros_ws/install/micro_ros_msgs/share/micro_ros_msgs/cmake/export_micro_ros_msgs__rosidl_generator_cppExport.cmake
[2.061s] -- Up-to-date: /home/abdelrhaman/microros_ws/install/micro_ros_msgs/share/micro_ros_msgs/cmake/export_micro_ros_msgs__rosidl_typesupport_fastrtps_cppExport.cmake
[2.061s] -- Up-to-date: /home/abdelrhaman/microros_ws/install/micro_ros_msgs/share/micro_ros_msgs/cmake/export_micro_ros_msgs__rosidl_typesupport_fastrtps_cppExport-noconfig.cmake
[2.061s] -- Up-to-date: /home/abdelrhaman/microros_ws/install/micro_ros_msgs/share/micro_ros_msgs/cmake/micro_ros_msgs__rosidl_typesupport_introspection_cppExport.cmake
[2.062s] -- Up-to-date: /home/abdelrhaman/microros_ws/install/micro_ros_msgs/share/micro_ros_msgs/cmake/micro_ros_msgs__rosidl_typesupport_introspection_cppExport-noconfig.cmake
[2.062s] -- Up-to-date: /home/abdelrhaman/microros_ws/install/micro_ros_msgs/share/micro_ros_msgs/cmake/micro_ros_msgs__rosidl_typesupport_cppExport.cmake
[2.062s] -- Up-to-date: /home/abdelrhaman/microros_ws/install/micro_ros_msgs/share/micro_ros_msgs/cmake/micro_ros_msgs__rosidl_typesupport_cppExport-noconfig.cmake
[2.062s] -- Up-to-date: /home/abdelrhaman/microros_ws/install/micro_ros_msgs/share/micro_ros_msgs/cmake/export_micro_ros_msgs__rosidl_generator_pyExport.cmake
[2.062s] -- Up-to-date: /home/abdelrhaman/microros_ws/install/micro_ros_msgs/share/micro_ros_msgs/cmake/export_micro_ros_msgs__rosidl_generator_pyExport-noconfig.cmake
[2.062s] -- Up-to-date: /home/abdelrhaman/microros_ws/install/micro_ros_msgs/share/micro_ros_msgs/cmake/rosidl_cmake-extras.cmake
[2.062s] -- Up-to-date: /home/abdelrhaman/microros_ws/install/micro_ros_msgs/share/micro_ros_msgs/cmake/ament_cmake_export_include_directories-extras.cmake
[2.062s] -- Up-to-date: /home/abdelrhaman/microros_ws/install/micro_ros_msgs/share/micro_ros_msgs/cmake/ament_cmake_export_libraries-extras.cmake
[2.062s] -- Up-to-date: /home/abdelrhaman/microros_ws/install/micro_ros_msgs/share/micro_ros_msgs/cmake/ament_cmake_export_targets-extras.cmake
[2.062s] -- Up-to-date: /home/abdelrhaman/microros_ws/install/micro_ros_msgs/share/micro_ros_msgs/cmake/rosidl_cmake_export_typesupport_targets-extras.cmake
[2.062s] -- Up-to-date: /home/abdelrhaman/microros_ws/install/micro_ros_msgs/share/micro_ros_msgs/cmake/ament_cmake_export_dependencies-extras.cmake
[2.062s] -- Up-to-date: /home/abdelrhaman/microros_ws/install/micro_ros_msgs/share/micro_ros_msgs/cmake/rosidl_cmake_export_typesupport_libraries-extras.cmake
[2.062s] -- Up-to-date: /home/abdelrhaman/microros_ws/install/micro_ros_msgs/share/micro_ros_msgs/cmake/micro_ros_msgsConfig.cmake
[2.062s] -- Up-to-date: /home/abdelrhaman/microros_ws/install/micro_ros_msgs/share/micro_ros_msgs/cmake/micro_ros_msgsConfig-version.cmake
[2.062s] -- Up-to-date: /home/abdelrhaman/microros_ws/install/micro_ros_msgs/share/micro_ros_msgs/package.xml
[2.064s] Invoked command in '/home/abdelrhaman/microros_ws/build/micro_ros_msgs' returned '0': CMAKE_PREFIX_PATH=${CMAKE_PREFIX_PATH}:/home/abdelrhaman/microros_ws/install/sensor_msgs_py:/home/abdelrhaman/ros/install/my_robot_controller:/opt/ros/humble /usr/bin/cmake --install /home/abdelrhaman/microros_ws/build/micro_ros_msgs
