-- Found ament_cmake: 1.3.10 (/opt/ros/humble/share/ament_cmake/cmake)
-- Found rosidl_default_generators: 1.2.0 (/opt/ros/humble/share/rosidl_default_generators/cmake)
-- Using all available rosidl_typesupport_c: rosidl_typesupport_fastrtps_c;rosidl_typesupport_introspection_c
-- Found rosidl_adapter: 3.1.5 (/opt/ros/humble/share/rosidl_adapter/cmake)
-- Using all available rosidl_typesupport_cpp: rosidl_typesupport_fastrtps_cpp;rosidl_typesupport_introspection_cpp
-- Found sensor_msgs: 4.2.4 (/home/abdelrhaman/microros_ws/install/sensor_msgs/share/sensor_msgs/cmake)
-- Found ament_cmake_ros: 0.10.0 (/opt/ros/humble/share/ament_cmake_ros/cmake)
-- Using all available rosidl_typesupport_c: rosidl_typesupport_fastrtps_c;rosidl_typesupport_introspection_c
-- Using all available rosidl_typesupport_cpp: rosidl_typesupport_fastrtps_cpp;rosidl_typesupport_introspection_cpp
-- Found python_cmake_module: 0.10.0 (/opt/ros/humble/share/python_cmake_module/cmake)
-- Using PYTHON_EXECUTABLE: /usr/bin/python3
-- Using PYTHON_INCLUDE_DIRS: /usr/include/python3.10
-- Using PYTHON_LIBRARIES: /usr/lib/x86_64-linux-gnu/libpython3.10.so
-- Configuring done
-- Generating done
-- Build files have been written to: /home/abdelrhaman/microros_ws/build/stereo_msgs
[35m[1mConsolidate compiler generated dependencies of target stereo_msgs__rosidl_generator_c[0m
[  3%] Built target stereo_msgs__cpp
[ 12%] Built target stereo_msgs__rosidl_generator_c
[ 16%] [34m[1mGenerating C++ type support dispatch for ROS interfaces[0m
[35m[1mConsolidate compiler generated dependencies of target stereo_msgs__rosidl_typesupport_introspection_cpp[0m
[35m[1mConsolidate compiler generated dependencies of target stereo_msgs__rosidl_typesupport_fastrtps_cpp[0m
[35m[1mConsolidate compiler generated dependencies of target stereo_msgs__rosidl_typesupport_introspection_c[0m
[35m[1mConsolidate compiler generated dependencies of target stereo_msgs__rosidl_typesupport_fastrtps_c[0m
[ 19%] [34m[1mGenerating C type support dispatch for ROS interfaces[0m
[ 19%] Built target ament_cmake_python_copy_stereo_msgs
[ 29%] Built target stereo_msgs__rosidl_typesupport_introspection_c
[ 48%] Built target stereo_msgs__rosidl_typesupport_fastrtps_c
[ 48%] Built target stereo_msgs__rosidl_typesupport_fastrtps_cpp
[ 58%] Built target stereo_msgs__rosidl_typesupport_introspection_cpp
[35m[1mConsolidate compiler generated dependencies of target stereo_msgs__rosidl_typesupport_cpp[0m
[35m[1mConsolidate compiler generated dependencies of target stereo_msgs__rosidl_typesupport_c[0m
[ 61%] [32mBuilding CXX object CMakeFiles/stereo_msgs__rosidl_typesupport_cpp.dir/rosidl_typesupport_cpp/stereo_msgs/msg/disparity_image__type_support.cpp.o[0m
[ 64%] [32mBuilding CXX object CMakeFiles/stereo_msgs__rosidl_typesupport_c.dir/rosidl_typesupport_c/stereo_msgs/msg/disparity_image__type_support.cpp.o[0m
[ 67%] [32m[1mLinking CXX shared library libstereo_msgs__rosidl_typesupport_c.so[0m
[ 67%] Built target stereo_msgs__rosidl_typesupport_c
[ 70%] [32m[1mLinking CXX shared library libstereo_msgs__rosidl_typesupport_cpp.so[0m
running egg_info
[ 70%] Built target stereo_msgs__rosidl_typesupport_cpp
[ 70%] Built target stereo_msgs
writing stereo_msgs.egg-info/PKG-INFO
[ 74%] Built target stereo_msgs__py
writing dependency_links to stereo_msgs.egg-info/dependency_links.txt
[35m[1mConsolidate compiler generated dependencies of target stereo_msgs__rosidl_generator_py[0m
[ 77%] [32m[1mLinking C shared library rosidl_generator_py/stereo_msgs/libstereo_msgs__rosidl_generator_py.so[0m
[ 80%] Built target stereo_msgs__rosidl_generator_py
[35m[1mConsolidate compiler generated dependencies of target stereo_msgs__rosidl_typesupport_c__pyext[0m
[35m[1mConsolidate compiler generated dependencies of target stereo_msgs__rosidl_typesupport_introspection_c__pyext[0m
[35m[1mConsolidate compiler generated dependencies of target stereo_msgs__rosidl_typesupport_fastrtps_c__pyext[0m
[ 83%] [32m[1mLinking C shared library rosidl_generator_py/stereo_msgs/stereo_msgs_s__rosidl_typesupport_fastrtps_c.cpython-310-x86_64-linux-gnu.so[0m
[ 87%] [32m[1mLinking C shared library rosidl_generator_py/stereo_msgs/stereo_msgs_s__rosidl_typesupport_c.cpython-310-x86_64-linux-gnu.so[0m
[ 90%] [32m[1mLinking C shared library rosidl_generator_py/stereo_msgs/stereo_msgs_s__rosidl_typesupport_introspection_c.cpython-310-x86_64-linux-gnu.so[0m
[ 93%] Built target stereo_msgs__rosidl_typesupport_c__pyext
[100%] Built target stereo_msgs__rosidl_typesupport_fastrtps_c__pyext
[100%] Built target stereo_msgs__rosidl_typesupport_introspection_c__pyext
writing top-level names to stereo_msgs.egg-info/top_level.txt
reading manifest file 'stereo_msgs.egg-info/SOURCES.txt'
writing manifest file 'stereo_msgs.egg-info/SOURCES.txt'
[100%] Built target ament_cmake_python_build_stereo_msgs_egg
-- Install configuration: ""
-- Up-to-date: /home/abdelrhaman/microros_ws/install/stereo_msgs/share/ament_index/resource_index/rosidl_interfaces/stereo_msgs
-- Up-to-date: /home/abdelrhaman/microros_ws/install/stereo_msgs/include/stereo_msgs/stereo_msgs
-- Up-to-date: /home/abdelrhaman/microros_ws/install/stereo_msgs/include/stereo_msgs/stereo_msgs/msg
-- Up-to-date: /home/abdelrhaman/microros_ws/install/stereo_msgs/include/stereo_msgs/stereo_msgs/msg/rosidl_generator_c__visibility_control.h
-- Up-to-date: /home/abdelrhaman/microros_ws/install/stereo_msgs/include/stereo_msgs/stereo_msgs/msg/detail
-- Up-to-date: /home/abdelrhaman/microros_ws/install/stereo_msgs/include/stereo_msgs/stereo_msgs/msg/detail/disparity_image__functions.c
-- Up-to-date: /home/abdelrhaman/microros_ws/install/stereo_msgs/include/stereo_msgs/stereo_msgs/msg/detail/disparity_image__functions.h
-- Up-to-date: /home/abdelrhaman/microros_ws/install/stereo_msgs/include/stereo_msgs/stereo_msgs/msg/detail/disparity_image__type_support.h
-- Up-to-date: /home/abdelrhaman/microros_ws/install/stereo_msgs/include/stereo_msgs/stereo_msgs/msg/detail/disparity_image__struct.h
-- Up-to-date: /home/abdelrhaman/microros_ws/install/stereo_msgs/include/stereo_msgs/stereo_msgs/msg/disparity_image.h
-- Up-to-date: /home/abdelrhaman/microros_ws/install/stereo_msgs/share/stereo_msgs/environment/library_path.sh
-- Installing: /home/abdelrhaman/microros_ws/install/stereo_msgs/share/stereo_msgs/environment/library_path.dsv
-- Up-to-date: /home/abdelrhaman/microros_ws/install/stereo_msgs/lib/libstereo_msgs__rosidl_generator_c.so
-- Up-to-date: /home/abdelrhaman/microros_ws/install/stereo_msgs/include/stereo_msgs/stereo_msgs
-- Up-to-date: /home/abdelrhaman/microros_ws/install/stereo_msgs/include/stereo_msgs/stereo_msgs/msg
-- Up-to-date: /home/abdelrhaman/microros_ws/install/stereo_msgs/include/stereo_msgs/stereo_msgs/msg/detail
-- Up-to-date: /home/abdelrhaman/microros_ws/install/stereo_msgs/include/stereo_msgs/stereo_msgs/msg/detail/disparity_image__rosidl_typesupport_fastrtps_c.h
-- Up-to-date: /home/abdelrhaman/microros_ws/install/stereo_msgs/include/stereo_msgs/stereo_msgs/msg/rosidl_typesupport_fastrtps_c__visibility_control.h
-- Up-to-date: /home/abdelrhaman/microros_ws/install/stereo_msgs/lib/libstereo_msgs__rosidl_typesupport_fastrtps_c.so
-- Up-to-date: /home/abdelrhaman/microros_ws/install/stereo_msgs/include/stereo_msgs/stereo_msgs
-- Up-to-date: /home/abdelrhaman/microros_ws/install/stereo_msgs/include/stereo_msgs/stereo_msgs/msg
-- Up-to-date: /home/abdelrhaman/microros_ws/install/stereo_msgs/include/stereo_msgs/stereo_msgs/msg/rosidl_typesupport_introspection_c__visibility_control.h
-- Up-to-date: /home/abdelrhaman/microros_ws/install/stereo_msgs/include/stereo_msgs/stereo_msgs/msg/detail
-- Up-to-date: /home/abdelrhaman/microros_ws/install/stereo_msgs/include/stereo_msgs/stereo_msgs/msg/detail/disparity_image__type_support.c
-- Up-to-date: /home/abdelrhaman/microros_ws/install/stereo_msgs/include/stereo_msgs/stereo_msgs/msg/detail/disparity_image__rosidl_typesupport_introspection_c.h
-- Up-to-date: /home/abdelrhaman/microros_ws/install/stereo_msgs/lib/libstereo_msgs__rosidl_typesupport_introspection_c.so
-- Installing: /home/abdelrhaman/microros_ws/install/stereo_msgs/lib/libstereo_msgs__rosidl_typesupport_c.so
-- Set runtime path of "/home/abdelrhaman/microros_ws/install/stereo_msgs/lib/libstereo_msgs__rosidl_typesupport_c.so" to ""
-- Up-to-date: /home/abdelrhaman/microros_ws/install/stereo_msgs/include/stereo_msgs/stereo_msgs
-- Up-to-date: /home/abdelrhaman/microros_ws/install/stereo_msgs/include/stereo_msgs/stereo_msgs/msg
-- Up-to-date: /home/abdelrhaman/microros_ws/install/stereo_msgs/include/stereo_msgs/stereo_msgs/msg/detail
-- Up-to-date: /home/abdelrhaman/microros_ws/install/stereo_msgs/include/stereo_msgs/stereo_msgs/msg/detail/disparity_image__struct.hpp
-- Up-to-date: /home/abdelrhaman/microros_ws/install/stereo_msgs/include/stereo_msgs/stereo_msgs/msg/detail/disparity_image__traits.hpp
-- Up-to-date: /home/abdelrhaman/microros_ws/install/stereo_msgs/include/stereo_msgs/stereo_msgs/msg/detail/disparity_image__builder.hpp
-- Up-to-date: /home/abdelrhaman/microros_ws/install/stereo_msgs/include/stereo_msgs/stereo_msgs/msg/disparity_image.hpp
-- Up-to-date: /home/abdelrhaman/microros_ws/install/stereo_msgs/include/stereo_msgs/stereo_msgs
-- Up-to-date: /home/abdelrhaman/microros_ws/install/stereo_msgs/include/stereo_msgs/stereo_msgs/msg
-- Up-to-date: /home/abdelrhaman/microros_ws/install/stereo_msgs/include/stereo_msgs/stereo_msgs/msg/detail
-- Up-to-date: /home/abdelrhaman/microros_ws/install/stereo_msgs/include/stereo_msgs/stereo_msgs/msg/detail/disparity_image__rosidl_typesupport_fastrtps_cpp.hpp
-- Up-to-date: /home/abdelrhaman/microros_ws/install/stereo_msgs/include/stereo_msgs/stereo_msgs/msg/detail/dds_fastrtps
-- Up-to-date: /home/abdelrhaman/microros_ws/install/stereo_msgs/include/stereo_msgs/stereo_msgs/msg/rosidl_typesupport_fastrtps_cpp__visibility_control.h
-- Up-to-date: /home/abdelrhaman/microros_ws/install/stereo_msgs/lib/libstereo_msgs__rosidl_typesupport_fastrtps_cpp.so
-- Up-to-date: /home/abdelrhaman/microros_ws/install/stereo_msgs/include/stereo_msgs/stereo_msgs
-- Up-to-date: /home/abdelrhaman/microros_ws/install/stereo_msgs/include/stereo_msgs/stereo_msgs/msg
-- Up-to-date: /home/abdelrhaman/microros_ws/install/stereo_msgs/include/stereo_msgs/stereo_msgs/msg/detail
-- Up-to-date: /home/abdelrhaman/microros_ws/install/stereo_msgs/include/stereo_msgs/stereo_msgs/msg/detail/disparity_image__type_support.cpp
-- Up-to-date: /home/abdelrhaman/microros_ws/install/stereo_msgs/include/stereo_msgs/stereo_msgs/msg/detail/disparity_image__rosidl_typesupport_introspection_cpp.hpp
-- Up-to-date: /home/abdelrhaman/microros_ws/install/stereo_msgs/lib/libstereo_msgs__rosidl_typesupport_introspection_cpp.so
-- Installing: /home/abdelrhaman/microros_ws/install/stereo_msgs/lib/libstereo_msgs__rosidl_typesupport_cpp.so
-- Set runtime path of "/home/abdelrhaman/microros_ws/install/stereo_msgs/lib/libstereo_msgs__rosidl_typesupport_cpp.so" to ""
-- Up-to-date: /home/abdelrhaman/microros_ws/install/stereo_msgs/share/stereo_msgs/environment/pythonpath.sh
-- Installing: /home/abdelrhaman/microros_ws/install/stereo_msgs/share/stereo_msgs/environment/pythonpath.dsv
-- Up-to-date: /home/abdelrhaman/microros_ws/install/stereo_msgs/local/lib/python3.10/dist-packages/stereo_msgs-4.2.4-py3.10.egg-info
-- Installing: /home/abdelrhaman/microros_ws/install/stereo_msgs/local/lib/python3.10/dist-packages/stereo_msgs-4.2.4-py3.10.egg-info/PKG-INFO
-- Installing: /home/abdelrhaman/microros_ws/install/stereo_msgs/local/lib/python3.10/dist-packages/stereo_msgs-4.2.4-py3.10.egg-info/SOURCES.txt
-- Installing: /home/abdelrhaman/microros_ws/install/stereo_msgs/local/lib/python3.10/dist-packages/stereo_msgs-4.2.4-py3.10.egg-info/top_level.txt
-- Installing: /home/abdelrhaman/microros_ws/install/stereo_msgs/local/lib/python3.10/dist-packages/stereo_msgs-4.2.4-py3.10.egg-info/dependency_links.txt
-- Up-to-date: /home/abdelrhaman/microros_ws/install/stereo_msgs/local/lib/python3.10/dist-packages/stereo_msgs
-- Installing: /home/abdelrhaman/microros_ws/install/stereo_msgs/local/lib/python3.10/dist-packages/stereo_msgs/stereo_msgs_s__rosidl_typesupport_introspection_c.cpython-310-x86_64-linux-gnu.so
-- Up-to-date: /home/abdelrhaman/microros_ws/install/stereo_msgs/local/lib/python3.10/dist-packages/stereo_msgs/_stereo_msgs_s.ep.rosidl_typesupport_fastrtps_c.c
-- Installing: /home/abdelrhaman/microros_ws/install/stereo_msgs/local/lib/python3.10/dist-packages/stereo_msgs/stereo_msgs_s__rosidl_typesupport_fastrtps_c.cpython-310-x86_64-linux-gnu.so
-- Up-to-date: /home/abdelrhaman/microros_ws/install/stereo_msgs/local/lib/python3.10/dist-packages/stereo_msgs/stereo_msgs_s__rosidl_typesupport_microxrcedds_c.cpython-310-x86_64-linux-gnu.so
-- Up-to-date: /home/abdelrhaman/microros_ws/install/stereo_msgs/local/lib/python3.10/dist-packages/stereo_msgs/_stereo_msgs_s.ep.rosidl_typesupport_introspection_c.c
-- Up-to-date: /home/abdelrhaman/microros_ws/install/stereo_msgs/local/lib/python3.10/dist-packages/stereo_msgs/_stereo_msgs_s.ep.rosidl_typesupport_microxrcedds_c.c
-- Installing: /home/abdelrhaman/microros_ws/install/stereo_msgs/local/lib/python3.10/dist-packages/stereo_msgs/__init__.py
-- Up-to-date: /home/abdelrhaman/microros_ws/install/stereo_msgs/local/lib/python3.10/dist-packages/stereo_msgs/msg
-- Installing: /home/abdelrhaman/microros_ws/install/stereo_msgs/local/lib/python3.10/dist-packages/stereo_msgs/msg/_disparity_image.py
-- Up-to-date: /home/abdelrhaman/microros_ws/install/stereo_msgs/local/lib/python3.10/dist-packages/stereo_msgs/msg/__init__.py
-- Up-to-date: /home/abdelrhaman/microros_ws/install/stereo_msgs/local/lib/python3.10/dist-packages/stereo_msgs/msg/_disparity_image_s.c
-- Installing: /home/abdelrhaman/microros_ws/install/stereo_msgs/local/lib/python3.10/dist-packages/stereo_msgs/libstereo_msgs__rosidl_generator_py.so
-- Installing: /home/abdelrhaman/microros_ws/install/stereo_msgs/local/lib/python3.10/dist-packages/stereo_msgs/stereo_msgs_s__rosidl_typesupport_c.cpython-310-x86_64-linux-gnu.so
-- Up-to-date: /home/abdelrhaman/microros_ws/install/stereo_msgs/local/lib/python3.10/dist-packages/stereo_msgs/_stereo_msgs_s.ep.rosidl_typesupport_c.c
Listing '/home/abdelrhaman/microros_ws/install/stereo_msgs/local/lib/python3.10/dist-packages/stereo_msgs'...
Compiling '/home/abdelrhaman/microros_ws/install/stereo_msgs/local/lib/python3.10/dist-packages/stereo_msgs/__init__.py'...
Listing '/home/abdelrhaman/microros_ws/install/stereo_msgs/local/lib/python3.10/dist-packages/stereo_msgs/msg'...
Compiling '/home/abdelrhaman/microros_ws/install/stereo_msgs/local/lib/python3.10/dist-packages/stereo_msgs/msg/_disparity_image.py'...
-- Installing: /home/abdelrhaman/microros_ws/install/stereo_msgs/local/lib/python3.10/dist-packages/stereo_msgs/stereo_msgs_s__rosidl_typesupport_fastrtps_c.cpython-310-x86_64-linux-gnu.so
-- Set runtime path of "/home/abdelrhaman/microros_ws/install/stereo_msgs/local/lib/python3.10/dist-packages/stereo_msgs/stereo_msgs_s__rosidl_typesupport_fastrtps_c.cpython-310-x86_64-linux-gnu.so" to ""
-- Installing: /home/abdelrhaman/microros_ws/install/stereo_msgs/local/lib/python3.10/dist-packages/stereo_msgs/stereo_msgs_s__rosidl_typesupport_introspection_c.cpython-310-x86_64-linux-gnu.so
-- Set runtime path of "/home/abdelrhaman/microros_ws/install/stereo_msgs/local/lib/python3.10/dist-packages/stereo_msgs/stereo_msgs_s__rosidl_typesupport_introspection_c.cpython-310-x86_64-linux-gnu.so" to ""
-- Installing: /home/abdelrhaman/microros_ws/install/stereo_msgs/local/lib/python3.10/dist-packages/stereo_msgs/stereo_msgs_s__rosidl_typesupport_c.cpython-310-x86_64-linux-gnu.so
-- Set runtime path of "/home/abdelrhaman/microros_ws/install/stereo_msgs/local/lib/python3.10/dist-packages/stereo_msgs/stereo_msgs_s__rosidl_typesupport_c.cpython-310-x86_64-linux-gnu.so" to ""
-- Installing: /home/abdelrhaman/microros_ws/install/stereo_msgs/lib/libstereo_msgs__rosidl_generator_py.so
-- Set runtime path of "/home/abdelrhaman/microros_ws/install/stereo_msgs/lib/libstereo_msgs__rosidl_generator_py.so" to ""
-- Up-to-date: /home/abdelrhaman/microros_ws/install/stereo_msgs/share/stereo_msgs/msg/DisparityImage.idl
-- Up-to-date: /home/abdelrhaman/microros_ws/install/stereo_msgs/share/stereo_msgs/msg/DisparityImage.msg
-- Up-to-date: /home/abdelrhaman/microros_ws/install/stereo_msgs/share/ament_index/resource_index/package_run_dependencies/stereo_msgs
-- Installing: /home/abdelrhaman/microros_ws/install/stereo_msgs/share/ament_index/resource_index/parent_prefix_path/stereo_msgs
-- Up-to-date: /home/abdelrhaman/microros_ws/install/stereo_msgs/share/stereo_msgs/environment/ament_prefix_path.sh
-- Installing: /home/abdelrhaman/microros_ws/install/stereo_msgs/share/stereo_msgs/environment/ament_prefix_path.dsv
-- Up-to-date: /home/abdelrhaman/microros_ws/install/stereo_msgs/share/stereo_msgs/environment/path.sh
-- Installing: /home/abdelrhaman/microros_ws/install/stereo_msgs/share/stereo_msgs/environment/path.dsv
-- Up-to-date: /home/abdelrhaman/microros_ws/install/stereo_msgs/share/stereo_msgs/local_setup.bash
-- Up-to-date: /home/abdelrhaman/microros_ws/install/stereo_msgs/share/stereo_msgs/local_setup.sh
-- Up-to-date: /home/abdelrhaman/microros_ws/install/stereo_msgs/share/stereo_msgs/local_setup.zsh
-- Installing: /home/abdelrhaman/microros_ws/install/stereo_msgs/share/stereo_msgs/local_setup.dsv
-- Installing: /home/abdelrhaman/microros_ws/install/stereo_msgs/share/stereo_msgs/package.dsv
-- Up-to-date: /home/abdelrhaman/microros_ws/install/stereo_msgs/share/ament_index/resource_index/packages/stereo_msgs
-- Up-to-date: /home/abdelrhaman/microros_ws/install/stereo_msgs/share/stereo_msgs/cmake/export_stereo_msgs__rosidl_generator_cExport.cmake
-- Up-to-date: /home/abdelrhaman/microros_ws/install/stereo_msgs/share/stereo_msgs/cmake/export_stereo_msgs__rosidl_generator_cExport-noconfig.cmake
-- Up-to-date: /home/abdelrhaman/microros_ws/install/stereo_msgs/share/stereo_msgs/cmake/export_stereo_msgs__rosidl_typesupport_fastrtps_cExport.cmake
-- Up-to-date: /home/abdelrhaman/microros_ws/install/stereo_msgs/share/stereo_msgs/cmake/export_stereo_msgs__rosidl_typesupport_fastrtps_cExport-noconfig.cmake
-- Up-to-date: /home/abdelrhaman/microros_ws/install/stereo_msgs/share/stereo_msgs/cmake/stereo_msgs__rosidl_typesupport_introspection_cExport.cmake
-- Up-to-date: /home/abdelrhaman/microros_ws/install/stereo_msgs/share/stereo_msgs/cmake/stereo_msgs__rosidl_typesupport_introspection_cExport-noconfig.cmake
-- Up-to-date: /home/abdelrhaman/microros_ws/install/stereo_msgs/share/stereo_msgs/cmake/stereo_msgs__rosidl_typesupport_cExport.cmake
-- Up-to-date: /home/abdelrhaman/microros_ws/install/stereo_msgs/share/stereo_msgs/cmake/stereo_msgs__rosidl_typesupport_cExport-noconfig.cmake
-- Up-to-date: /home/abdelrhaman/microros_ws/install/stereo_msgs/share/stereo_msgs/cmake/export_stereo_msgs__rosidl_generator_cppExport.cmake
-- Up-to-date: /home/abdelrhaman/microros_ws/install/stereo_msgs/share/stereo_msgs/cmake/export_stereo_msgs__rosidl_typesupport_fastrtps_cppExport.cmake
-- Up-to-date: /home/abdelrhaman/microros_ws/install/stereo_msgs/share/stereo_msgs/cmake/export_stereo_msgs__rosidl_typesupport_fastrtps_cppExport-noconfig.cmake
-- Up-to-date: /home/abdelrhaman/microros_ws/install/stereo_msgs/share/stereo_msgs/cmake/stereo_msgs__rosidl_typesupport_introspection_cppExport.cmake
-- Up-to-date: /home/abdelrhaman/microros_ws/install/stereo_msgs/share/stereo_msgs/cmake/stereo_msgs__rosidl_typesupport_introspection_cppExport-noconfig.cmake
-- Up-to-date: /home/abdelrhaman/microros_ws/install/stereo_msgs/share/stereo_msgs/cmake/stereo_msgs__rosidl_typesupport_cppExport.cmake
-- Up-to-date: /home/abdelrhaman/microros_ws/install/stereo_msgs/share/stereo_msgs/cmake/stereo_msgs__rosidl_typesupport_cppExport-noconfig.cmake
-- Up-to-date: /home/abdelrhaman/microros_ws/install/stereo_msgs/share/stereo_msgs/cmake/export_stereo_msgs__rosidl_generator_pyExport.cmake
-- Up-to-date: /home/abdelrhaman/microros_ws/install/stereo_msgs/share/stereo_msgs/cmake/export_stereo_msgs__rosidl_generator_pyExport-noconfig.cmake
-- Up-to-date: /home/abdelrhaman/microros_ws/install/stereo_msgs/share/stereo_msgs/cmake/rosidl_cmake-extras.cmake
-- Up-to-date: /home/abdelrhaman/microros_ws/install/stereo_msgs/share/stereo_msgs/cmake/ament_cmake_export_dependencies-extras.cmake
-- Installing: /home/abdelrhaman/microros_ws/install/stereo_msgs/share/stereo_msgs/cmake/ament_cmake_export_include_directories-extras.cmake
-- Up-to-date: /home/abdelrhaman/microros_ws/install/stereo_msgs/share/stereo_msgs/cmake/ament_cmake_export_libraries-extras.cmake
-- Up-to-date: /home/abdelrhaman/microros_ws/install/stereo_msgs/share/stereo_msgs/cmake/ament_cmake_export_targets-extras.cmake
-- Up-to-date: /home/abdelrhaman/microros_ws/install/stereo_msgs/share/stereo_msgs/cmake/rosidl_cmake_export_typesupport_targets-extras.cmake
-- Installing: /home/abdelrhaman/microros_ws/install/stereo_msgs/share/stereo_msgs/cmake/rosidl_cmake_export_typesupport_libraries-extras.cmake
-- Up-to-date: /home/abdelrhaman/microros_ws/install/stereo_msgs/share/stereo_msgs/cmake/stereo_msgsConfig.cmake
-- Up-to-date: /home/abdelrhaman/microros_ws/install/stereo_msgs/share/stereo_msgs/cmake/stereo_msgsConfig-version.cmake
-- Up-to-date: /home/abdelrhaman/microros_ws/install/stereo_msgs/share/stereo_msgs/package.xml
