[0.023s] Invoking command in '/home/abdelrhaman/microros_ws/build/stereo_msgs': AMENT_PREFIX_PATH=/home/abdelrhaman/microros_ws/install/sensor_msgs:/home/abdelrhaman/microros_ws/install/geometry_msgs:/home/abdelrhaman/microros_ws/install/std_msgs:/home/abdelrhaman/microros_ws/install/builtin_interfaces:${AMENT_PREFIX_PATH} CMAKE_PREFIX_PATH=/home/abdelrhaman/microros_ws/install/sensor_msgs:/home/abdelrhaman/microros_ws/install/geometry_msgs:/home/abdelrhaman/microros_ws/install/std_msgs:/home/abdelrhaman/microros_ws/install/builtin_interfaces:/home/abdelrhaman/ros/install/my_robot_controller:/opt/ros/humble LD_LIBRARY_PATH=/home/abdelrhaman/microros_ws/install/sensor_msgs/lib:/home/abdelrhaman/microros_ws/install/geometry_msgs/lib:/home/abdelrhaman/microros_ws/install/std_msgs/lib:/home/abdelrhaman/microros_ws/install/builtin_interfaces/lib:${LD_LIBRARY_PATH} PYTHONPATH=/home/abdelrhaman/microros_ws/install/sensor_msgs/local/lib/python3.10/dist-packages:/home/abdelrhaman/microros_ws/install/geometry_msgs/local/lib/python3.10/dist-packages:/home/abdelrhaman/microros_ws/install/std_msgs/local/lib/python3.10/dist-packages:/home/abdelrhaman/microros_ws/install/builtin_interfaces/local/lib/python3.10/dist-packages:${PYTHONPATH} /usr/bin/cmake /home/abdelrhaman/microros_ws/src/ros2/common_interfaces/stereo_msgs -DCMAKE_INSTALL_PREFIX=/home/abdelrhaman/microros_ws/install/stereo_msgs
[0.035s] -- Found ament_cmake: 1.3.10 (/opt/ros/humble/share/ament_cmake/cmake)
[0.121s] -- Found rosidl_default_generators: 1.2.0 (/opt/ros/humble/share/rosidl_default_generators/cmake)
[0.123s] -- Using all available rosidl_typesupport_c: rosidl_typesupport_fastrtps_c;rosidl_typesupport_introspection_c
[0.124s] -- Found rosidl_adapter: 3.1.5 (/opt/ros/humble/share/rosidl_adapter/cmake)
[0.143s] -- Using all available rosidl_typesupport_cpp: rosidl_typesupport_fastrtps_cpp;rosidl_typesupport_introspection_cpp
[0.159s] -- Found sensor_msgs: 4.2.4 (/home/abdelrhaman/microros_ws/install/sensor_msgs/share/sensor_msgs/cmake)
[0.429s] -- Found ament_cmake_ros: 0.10.0 (/opt/ros/humble/share/ament_cmake_ros/cmake)
[0.632s] -- Using all available rosidl_typesupport_c: rosidl_typesupport_fastrtps_c;rosidl_typesupport_introspection_c
[0.911s] -- Using all available rosidl_typesupport_cpp: rosidl_typesupport_fastrtps_cpp;rosidl_typesupport_introspection_cpp
[0.931s] -- Found python_cmake_module: 0.10.0 (/opt/ros/humble/share/python_cmake_module/cmake)
[0.951s] -- Using PYTHON_EXECUTABLE: /usr/bin/python3
[0.951s] -- Using PYTHON_INCLUDE_DIRS: /usr/include/python3.10
[0.951s] -- Using PYTHON_LIBRARIES: /usr/lib/x86_64-linux-gnu/libpython3.10.so
[0.990s] -- Configuring done
[1.024s] -- Generating done
[1.026s] -- Build files have been written to: /home/abdelrhaman/microros_ws/build/stereo_msgs
[1.030s] Invoked command in '/home/abdelrhaman/microros_ws/build/stereo_msgs' returned '0': AMENT_PREFIX_PATH=/home/abdelrhaman/microros_ws/install/sensor_msgs:/home/abdelrhaman/microros_ws/install/geometry_msgs:/home/abdelrhaman/microros_ws/install/std_msgs:/home/abdelrhaman/microros_ws/install/builtin_interfaces:${AMENT_PREFIX_PATH} CMAKE_PREFIX_PATH=/home/abdelrhaman/microros_ws/install/sensor_msgs:/home/abdelrhaman/microros_ws/install/geometry_msgs:/home/abdelrhaman/microros_ws/install/std_msgs:/home/abdelrhaman/microros_ws/install/builtin_interfaces:/home/abdelrhaman/ros/install/my_robot_controller:/opt/ros/humble LD_LIBRARY_PATH=/home/abdelrhaman/microros_ws/install/sensor_msgs/lib:/home/abdelrhaman/microros_ws/install/geometry_msgs/lib:/home/abdelrhaman/microros_ws/install/std_msgs/lib:/home/abdelrhaman/microros_ws/install/builtin_interfaces/lib:${LD_LIBRARY_PATH} PYTHONPATH=/home/abdelrhaman/microros_ws/install/sensor_msgs/local/lib/python3.10/dist-packages:/home/abdelrhaman/microros_ws/install/geometry_msgs/local/lib/python3.10/dist-packages:/home/abdelrhaman/microros_ws/install/std_msgs/local/lib/python3.10/dist-packages:/home/abdelrhaman/microros_ws/install/builtin_interfaces/local/lib/python3.10/dist-packages:${PYTHONPATH} /usr/bin/cmake /home/abdelrhaman/microros_ws/src/ros2/common_interfaces/stereo_msgs -DCMAKE_INSTALL_PREFIX=/home/abdelrhaman/microros_ws/install/stereo_msgs
[1.032s] Invoking command in '/home/abdelrhaman/microros_ws/build/stereo_msgs': AMENT_PREFIX_PATH=/home/abdelrhaman/microros_ws/install/sensor_msgs:/home/abdelrhaman/microros_ws/install/geometry_msgs:/home/abdelrhaman/microros_ws/install/std_msgs:/home/abdelrhaman/microros_ws/install/builtin_interfaces:${AMENT_PREFIX_PATH} CMAKE_PREFIX_PATH=/home/abdelrhaman/microros_ws/install/sensor_msgs:/home/abdelrhaman/microros_ws/install/geometry_msgs:/home/abdelrhaman/microros_ws/install/std_msgs:/home/abdelrhaman/microros_ws/install/builtin_interfaces:/home/abdelrhaman/ros/install/my_robot_controller:/opt/ros/humble LD_LIBRARY_PATH=/home/abdelrhaman/microros_ws/install/sensor_msgs/lib:/home/abdelrhaman/microros_ws/install/geometry_msgs/lib:/home/abdelrhaman/microros_ws/install/std_msgs/lib:/home/abdelrhaman/microros_ws/install/builtin_interfaces/lib:${LD_LIBRARY_PATH} PYTHONPATH=/home/abdelrhaman/microros_ws/install/sensor_msgs/local/lib/python3.10/dist-packages:/home/abdelrhaman/microros_ws/install/geometry_msgs/local/lib/python3.10/dist-packages:/home/abdelrhaman/microros_ws/install/std_msgs/local/lib/python3.10/dist-packages:/home/abdelrhaman/microros_ws/install/builtin_interfaces/local/lib/python3.10/dist-packages:${PYTHONPATH} /usr/bin/cmake --build /home/abdelrhaman/microros_ws/build/stereo_msgs -- -j20 -l20
[1.070s] [35m[1mConsolidate compiler generated dependencies of target stereo_msgs__rosidl_generator_c[0m
[1.076s] [  3%] Built target stereo_msgs__cpp
[1.081s] [ 12%] Built target stereo_msgs__rosidl_generator_c
[1.083s] [ 16%] [34m[1mGenerating C++ type support dispatch for ROS interfaces[0m
[1.084s] [35m[1mConsolidate compiler generated dependencies of target stereo_msgs__rosidl_typesupport_introspection_cpp[0m
[1.087s] [35m[1mConsolidate compiler generated dependencies of target stereo_msgs__rosidl_typesupport_fastrtps_cpp[0m
[1.088s] [35m[1mConsolidate compiler generated dependencies of target stereo_msgs__rosidl_typesupport_introspection_c[0m
[1.088s] [35m[1mConsolidate compiler generated dependencies of target stereo_msgs__rosidl_typesupport_fastrtps_c[0m
[1.089s] [ 19%] [34m[1mGenerating C type support dispatch for ROS interfaces[0m
[1.090s] [ 19%] Built target ament_cmake_python_copy_stereo_msgs
[1.095s] [ 29%] Built target stereo_msgs__rosidl_typesupport_introspection_c
[1.095s] [ 48%] Built target stereo_msgs__rosidl_typesupport_fastrtps_c
[1.096s] [ 48%] Built target stereo_msgs__rosidl_typesupport_fastrtps_cpp
[1.096s] [ 58%] Built target stereo_msgs__rosidl_typesupport_introspection_cpp
[1.261s] [35m[1mConsolidate compiler generated dependencies of target stereo_msgs__rosidl_typesupport_cpp[0m
[1.270s] [35m[1mConsolidate compiler generated dependencies of target stereo_msgs__rosidl_typesupport_c[0m
[1.274s] [ 61%] [32mBuilding CXX object CMakeFiles/stereo_msgs__rosidl_typesupport_cpp.dir/rosidl_typesupport_cpp/stereo_msgs/msg/disparity_image__type_support.cpp.o[0m
[1.281s] [ 64%] [32mBuilding CXX object CMakeFiles/stereo_msgs__rosidl_typesupport_c.dir/rosidl_typesupport_c/stereo_msgs/msg/disparity_image__type_support.cpp.o[0m
[1.313s] [ 67%] [32m[1mLinking CXX shared library libstereo_msgs__rosidl_typesupport_c.so[0m
[1.353s] [ 67%] Built target stereo_msgs__rosidl_typesupport_c
[1.431s] [ 70%] [32m[1mLinking CXX shared library libstereo_msgs__rosidl_typesupport_cpp.so[0m
[1.451s] running egg_info
[1.474s] [ 70%] Built target stereo_msgs__rosidl_typesupport_cpp
[1.492s] [ 70%] Built target stereo_msgs
[1.494s] writing stereo_msgs.egg-info/PKG-INFO
[1.518s] [ 74%] Built target stereo_msgs__py
[1.526s] writing dependency_links to stereo_msgs.egg-info/dependency_links.txt
[1.528s] [35m[1mConsolidate compiler generated dependencies of target stereo_msgs__rosidl_generator_py[0m
[1.538s] [ 77%] [32m[1mLinking C shared library rosidl_generator_py/stereo_msgs/libstereo_msgs__rosidl_generator_py.so[0m
[1.577s] [ 80%] Built target stereo_msgs__rosidl_generator_py
[1.588s] [35m[1mConsolidate compiler generated dependencies of target stereo_msgs__rosidl_typesupport_c__pyext[0m
[1.589s] [35m[1mConsolidate compiler generated dependencies of target stereo_msgs__rosidl_typesupport_introspection_c__pyext[0m
[1.589s] [35m[1mConsolidate compiler generated dependencies of target stereo_msgs__rosidl_typesupport_fastrtps_c__pyext[0m
[1.600s] [ 83%] [32m[1mLinking C shared library rosidl_generator_py/stereo_msgs/stereo_msgs_s__rosidl_typesupport_fastrtps_c.cpython-310-x86_64-linux-gnu.so[0m
[1.601s] [ 87%] [32m[1mLinking C shared library rosidl_generator_py/stereo_msgs/stereo_msgs_s__rosidl_typesupport_c.cpython-310-x86_64-linux-gnu.so[0m
[1.601s] [ 90%] [32m[1mLinking C shared library rosidl_generator_py/stereo_msgs/stereo_msgs_s__rosidl_typesupport_introspection_c.cpython-310-x86_64-linux-gnu.so[0m
[1.640s] [ 93%] Built target stereo_msgs__rosidl_typesupport_c__pyext
[1.648s] [100%] Built target stereo_msgs__rosidl_typesupport_fastrtps_c__pyext
[1.648s] [100%] Built target stereo_msgs__rosidl_typesupport_introspection_c__pyext
[1.713s] writing top-level names to stereo_msgs.egg-info/top_level.txt
[1.766s] reading manifest file 'stereo_msgs.egg-info/SOURCES.txt'
[1.767s] writing manifest file 'stereo_msgs.egg-info/SOURCES.txt'
[1.795s] [100%] Built target ament_cmake_python_build_stereo_msgs_egg
[1.806s] Invoked command in '/home/abdelrhaman/microros_ws/build/stereo_msgs' returned '0': AMENT_PREFIX_PATH=/home/abdelrhaman/microros_ws/install/sensor_msgs:/home/abdelrhaman/microros_ws/install/geometry_msgs:/home/abdelrhaman/microros_ws/install/std_msgs:/home/abdelrhaman/microros_ws/install/builtin_interfaces:${AMENT_PREFIX_PATH} CMAKE_PREFIX_PATH=/home/abdelrhaman/microros_ws/install/sensor_msgs:/home/abdelrhaman/microros_ws/install/geometry_msgs:/home/abdelrhaman/microros_ws/install/std_msgs:/home/abdelrhaman/microros_ws/install/builtin_interfaces:/home/abdelrhaman/ros/install/my_robot_controller:/opt/ros/humble LD_LIBRARY_PATH=/home/abdelrhaman/microros_ws/install/sensor_msgs/lib:/home/abdelrhaman/microros_ws/install/geometry_msgs/lib:/home/abdelrhaman/microros_ws/install/std_msgs/lib:/home/abdelrhaman/microros_ws/install/builtin_interfaces/lib:${LD_LIBRARY_PATH} PYTHONPATH=/home/abdelrhaman/microros_ws/install/sensor_msgs/local/lib/python3.10/dist-packages:/home/abdelrhaman/microros_ws/install/geometry_msgs/local/lib/python3.10/dist-packages:/home/abdelrhaman/microros_ws/install/std_msgs/local/lib/python3.10/dist-packages:/home/abdelrhaman/microros_ws/install/builtin_interfaces/local/lib/python3.10/dist-packages:${PYTHONPATH} /usr/bin/cmake --build /home/abdelrhaman/microros_ws/build/stereo_msgs -- -j20 -l20
[1.861s] Invoking command in '/home/abdelrhaman/microros_ws/build/stereo_msgs': AMENT_PREFIX_PATH=/home/abdelrhaman/microros_ws/install/sensor_msgs:/home/abdelrhaman/microros_ws/install/geometry_msgs:/home/abdelrhaman/microros_ws/install/std_msgs:/home/abdelrhaman/microros_ws/install/builtin_interfaces:${AMENT_PREFIX_PATH} CMAKE_PREFIX_PATH=/home/abdelrhaman/microros_ws/install/sensor_msgs:/home/abdelrhaman/microros_ws/install/geometry_msgs:/home/abdelrhaman/microros_ws/install/std_msgs:/home/abdelrhaman/microros_ws/install/builtin_interfaces:/home/abdelrhaman/ros/install/my_robot_controller:/opt/ros/humble LD_LIBRARY_PATH=/home/abdelrhaman/microros_ws/install/sensor_msgs/lib:/home/abdelrhaman/microros_ws/install/geometry_msgs/lib:/home/abdelrhaman/microros_ws/install/std_msgs/lib:/home/abdelrhaman/microros_ws/install/builtin_interfaces/lib:${LD_LIBRARY_PATH} PYTHONPATH=/home/abdelrhaman/microros_ws/install/sensor_msgs/local/lib/python3.10/dist-packages:/home/abdelrhaman/microros_ws/install/geometry_msgs/local/lib/python3.10/dist-packages:/home/abdelrhaman/microros_ws/install/std_msgs/local/lib/python3.10/dist-packages:/home/abdelrhaman/microros_ws/install/builtin_interfaces/local/lib/python3.10/dist-packages:${PYTHONPATH} /usr/bin/cmake --install /home/abdelrhaman/microros_ws/build/stereo_msgs
[1.869s] -- Install configuration: ""
[1.869s] -- Up-to-date: /home/abdelrhaman/microros_ws/install/stereo_msgs/share/ament_index/resource_index/rosidl_interfaces/stereo_msgs
[1.870s] -- Up-to-date: /home/abdelrhaman/microros_ws/install/stereo_msgs/include/stereo_msgs/stereo_msgs
[1.870s] -- Up-to-date: /home/abdelrhaman/microros_ws/install/stereo_msgs/include/stereo_msgs/stereo_msgs/msg
[1.870s] -- Up-to-date: /home/abdelrhaman/microros_ws/install/stereo_msgs/include/stereo_msgs/stereo_msgs/msg/rosidl_generator_c__visibility_control.h
[1.870s] -- Up-to-date: /home/abdelrhaman/microros_ws/install/stereo_msgs/include/stereo_msgs/stereo_msgs/msg/detail
[1.870s] -- Up-to-date: /home/abdelrhaman/microros_ws/install/stereo_msgs/include/stereo_msgs/stereo_msgs/msg/detail/disparity_image__functions.c
[1.870s] -- Up-to-date: /home/abdelrhaman/microros_ws/install/stereo_msgs/include/stereo_msgs/stereo_msgs/msg/detail/disparity_image__functions.h
[1.870s] -- Up-to-date: /home/abdelrhaman/microros_ws/install/stereo_msgs/include/stereo_msgs/stereo_msgs/msg/detail/disparity_image__type_support.h
[1.870s] -- Up-to-date: /home/abdelrhaman/microros_ws/install/stereo_msgs/include/stereo_msgs/stereo_msgs/msg/detail/disparity_image__struct.h
[1.870s] -- Up-to-date: /home/abdelrhaman/microros_ws/install/stereo_msgs/include/stereo_msgs/stereo_msgs/msg/disparity_image.h
[1.870s] -- Up-to-date: /home/abdelrhaman/microros_ws/install/stereo_msgs/share/stereo_msgs/environment/library_path.sh
[1.870s] -- Installing: /home/abdelrhaman/microros_ws/install/stereo_msgs/share/stereo_msgs/environment/library_path.dsv
[1.871s] -- Up-to-date: /home/abdelrhaman/microros_ws/install/stereo_msgs/lib/libstereo_msgs__rosidl_generator_c.so
[1.871s] -- Up-to-date: /home/abdelrhaman/microros_ws/install/stereo_msgs/include/stereo_msgs/stereo_msgs
[1.871s] -- Up-to-date: /home/abdelrhaman/microros_ws/install/stereo_msgs/include/stereo_msgs/stereo_msgs/msg
[1.871s] -- Up-to-date: /home/abdelrhaman/microros_ws/install/stereo_msgs/include/stereo_msgs/stereo_msgs/msg/detail
[1.871s] -- Up-to-date: /home/abdelrhaman/microros_ws/install/stereo_msgs/include/stereo_msgs/stereo_msgs/msg/detail/disparity_image__rosidl_typesupport_fastrtps_c.h
[1.871s] -- Up-to-date: /home/abdelrhaman/microros_ws/install/stereo_msgs/include/stereo_msgs/stereo_msgs/msg/rosidl_typesupport_fastrtps_c__visibility_control.h
[1.871s] -- Up-to-date: /home/abdelrhaman/microros_ws/install/stereo_msgs/lib/libstereo_msgs__rosidl_typesupport_fastrtps_c.so
[1.871s] -- Up-to-date: /home/abdelrhaman/microros_ws/install/stereo_msgs/include/stereo_msgs/stereo_msgs
[1.871s] -- Up-to-date: /home/abdelrhaman/microros_ws/install/stereo_msgs/include/stereo_msgs/stereo_msgs/msg
[1.871s] -- Up-to-date: /home/abdelrhaman/microros_ws/install/stereo_msgs/include/stereo_msgs/stereo_msgs/msg/rosidl_typesupport_introspection_c__visibility_control.h
[1.871s] -- Up-to-date: /home/abdelrhaman/microros_ws/install/stereo_msgs/include/stereo_msgs/stereo_msgs/msg/detail
[1.871s] -- Up-to-date: /home/abdelrhaman/microros_ws/install/stereo_msgs/include/stereo_msgs/stereo_msgs/msg/detail/disparity_image__type_support.c
[1.871s] -- Up-to-date: /home/abdelrhaman/microros_ws/install/stereo_msgs/include/stereo_msgs/stereo_msgs/msg/detail/disparity_image__rosidl_typesupport_introspection_c.h
[1.871s] -- Up-to-date: /home/abdelrhaman/microros_ws/install/stereo_msgs/lib/libstereo_msgs__rosidl_typesupport_introspection_c.so
[1.872s] -- Installing: /home/abdelrhaman/microros_ws/install/stereo_msgs/lib/libstereo_msgs__rosidl_typesupport_c.so
[1.872s] -- Set runtime path of "/home/abdelrhaman/microros_ws/install/stereo_msgs/lib/libstereo_msgs__rosidl_typesupport_c.so" to ""
[1.872s] -- Up-to-date: /home/abdelrhaman/microros_ws/install/stereo_msgs/include/stereo_msgs/stereo_msgs
[1.872s] -- Up-to-date: /home/abdelrhaman/microros_ws/install/stereo_msgs/include/stereo_msgs/stereo_msgs/msg
[1.872s] -- Up-to-date: /home/abdelrhaman/microros_ws/install/stereo_msgs/include/stereo_msgs/stereo_msgs/msg/detail
[1.872s] -- Up-to-date: /home/abdelrhaman/microros_ws/install/stereo_msgs/include/stereo_msgs/stereo_msgs/msg/detail/disparity_image__struct.hpp
[1.872s] -- Up-to-date: /home/abdelrhaman/microros_ws/install/stereo_msgs/include/stereo_msgs/stereo_msgs/msg/detail/disparity_image__traits.hpp
[1.872s] -- Up-to-date: /home/abdelrhaman/microros_ws/install/stereo_msgs/include/stereo_msgs/stereo_msgs/msg/detail/disparity_image__builder.hpp
[1.872s] -- Up-to-date: /home/abdelrhaman/microros_ws/install/stereo_msgs/include/stereo_msgs/stereo_msgs/msg/disparity_image.hpp
[1.872s] -- Up-to-date: /home/abdelrhaman/microros_ws/install/stereo_msgs/include/stereo_msgs/stereo_msgs
[1.872s] -- Up-to-date: /home/abdelrhaman/microros_ws/install/stereo_msgs/include/stereo_msgs/stereo_msgs/msg
[1.872s] -- Up-to-date: /home/abdelrhaman/microros_ws/install/stereo_msgs/include/stereo_msgs/stereo_msgs/msg/detail
[1.872s] -- Up-to-date: /home/abdelrhaman/microros_ws/install/stereo_msgs/include/stereo_msgs/stereo_msgs/msg/detail/disparity_image__rosidl_typesupport_fastrtps_cpp.hpp
[1.872s] -- Up-to-date: /home/abdelrhaman/microros_ws/install/stereo_msgs/include/stereo_msgs/stereo_msgs/msg/detail/dds_fastrtps
[1.872s] -- Up-to-date: /home/abdelrhaman/microros_ws/install/stereo_msgs/include/stereo_msgs/stereo_msgs/msg/rosidl_typesupport_fastrtps_cpp__visibility_control.h
[1.872s] -- Up-to-date: /home/abdelrhaman/microros_ws/install/stereo_msgs/lib/libstereo_msgs__rosidl_typesupport_fastrtps_cpp.so
[1.872s] -- Up-to-date: /home/abdelrhaman/microros_ws/install/stereo_msgs/include/stereo_msgs/stereo_msgs
[1.872s] -- Up-to-date: /home/abdelrhaman/microros_ws/install/stereo_msgs/include/stereo_msgs/stereo_msgs/msg
[1.872s] -- Up-to-date: /home/abdelrhaman/microros_ws/install/stereo_msgs/include/stereo_msgs/stereo_msgs/msg/detail
[1.872s] -- Up-to-date: /home/abdelrhaman/microros_ws/install/stereo_msgs/include/stereo_msgs/stereo_msgs/msg/detail/disparity_image__type_support.cpp
[1.872s] -- Up-to-date: /home/abdelrhaman/microros_ws/install/stereo_msgs/include/stereo_msgs/stereo_msgs/msg/detail/disparity_image__rosidl_typesupport_introspection_cpp.hpp
[1.873s] -- Up-to-date: /home/abdelrhaman/microros_ws/install/stereo_msgs/lib/libstereo_msgs__rosidl_typesupport_introspection_cpp.so
[1.873s] -- Installing: /home/abdelrhaman/microros_ws/install/stereo_msgs/lib/libstereo_msgs__rosidl_typesupport_cpp.so
[1.873s] -- Set runtime path of "/home/abdelrhaman/microros_ws/install/stereo_msgs/lib/libstereo_msgs__rosidl_typesupport_cpp.so" to ""
[1.873s] -- Up-to-date: /home/abdelrhaman/microros_ws/install/stereo_msgs/share/stereo_msgs/environment/pythonpath.sh
[1.873s] -- Installing: /home/abdelrhaman/microros_ws/install/stereo_msgs/share/stereo_msgs/environment/pythonpath.dsv
[1.873s] -- Up-to-date: /home/abdelrhaman/microros_ws/install/stereo_msgs/local/lib/python3.10/dist-packages/stereo_msgs-4.2.4-py3.10.egg-info
[1.874s] -- Installing: /home/abdelrhaman/microros_ws/install/stereo_msgs/local/lib/python3.10/dist-packages/stereo_msgs-4.2.4-py3.10.egg-info/PKG-INFO
[1.874s] -- Installing: /home/abdelrhaman/microros_ws/install/stereo_msgs/local/lib/python3.10/dist-packages/stereo_msgs-4.2.4-py3.10.egg-info/SOURCES.txt
[1.874s] -- Installing: /home/abdelrhaman/microros_ws/install/stereo_msgs/local/lib/python3.10/dist-packages/stereo_msgs-4.2.4-py3.10.egg-info/top_level.txt
[1.874s] -- Installing: /home/abdelrhaman/microros_ws/install/stereo_msgs/local/lib/python3.10/dist-packages/stereo_msgs-4.2.4-py3.10.egg-info/dependency_links.txt
[1.874s] -- Up-to-date: /home/abdelrhaman/microros_ws/install/stereo_msgs/local/lib/python3.10/dist-packages/stereo_msgs
[1.874s] -- Installing: /home/abdelrhaman/microros_ws/install/stereo_msgs/local/lib/python3.10/dist-packages/stereo_msgs/stereo_msgs_s__rosidl_typesupport_introspection_c.cpython-310-x86_64-linux-gnu.so
[1.874s] -- Up-to-date: /home/abdelrhaman/microros_ws/install/stereo_msgs/local/lib/python3.10/dist-packages/stereo_msgs/_stereo_msgs_s.ep.rosidl_typesupport_fastrtps_c.c
[1.874s] -- Installing: /home/abdelrhaman/microros_ws/install/stereo_msgs/local/lib/python3.10/dist-packages/stereo_msgs/stereo_msgs_s__rosidl_typesupport_fastrtps_c.cpython-310-x86_64-linux-gnu.so
[1.874s] -- Up-to-date: /home/abdelrhaman/microros_ws/install/stereo_msgs/local/lib/python3.10/dist-packages/stereo_msgs/stereo_msgs_s__rosidl_typesupport_microxrcedds_c.cpython-310-x86_64-linux-gnu.so
[1.874s] -- Up-to-date: /home/abdelrhaman/microros_ws/install/stereo_msgs/local/lib/python3.10/dist-packages/stereo_msgs/_stereo_msgs_s.ep.rosidl_typesupport_introspection_c.c
[1.874s] -- Up-to-date: /home/abdelrhaman/microros_ws/install/stereo_msgs/local/lib/python3.10/dist-packages/stereo_msgs/_stereo_msgs_s.ep.rosidl_typesupport_microxrcedds_c.c
[1.874s] -- Installing: /home/abdelrhaman/microros_ws/install/stereo_msgs/local/lib/python3.10/dist-packages/stereo_msgs/__init__.py
[1.874s] -- Up-to-date: /home/abdelrhaman/microros_ws/install/stereo_msgs/local/lib/python3.10/dist-packages/stereo_msgs/msg
[1.874s] -- Installing: /home/abdelrhaman/microros_ws/install/stereo_msgs/local/lib/python3.10/dist-packages/stereo_msgs/msg/_disparity_image.py
[1.874s] -- Up-to-date: /home/abdelrhaman/microros_ws/install/stereo_msgs/local/lib/python3.10/dist-packages/stereo_msgs/msg/__init__.py
[1.874s] -- Up-to-date: /home/abdelrhaman/microros_ws/install/stereo_msgs/local/lib/python3.10/dist-packages/stereo_msgs/msg/_disparity_image_s.c
[1.874s] -- Installing: /home/abdelrhaman/microros_ws/install/stereo_msgs/local/lib/python3.10/dist-packages/stereo_msgs/libstereo_msgs__rosidl_generator_py.so
[1.874s] -- Installing: /home/abdelrhaman/microros_ws/install/stereo_msgs/local/lib/python3.10/dist-packages/stereo_msgs/stereo_msgs_s__rosidl_typesupport_c.cpython-310-x86_64-linux-gnu.so
[1.874s] -- Up-to-date: /home/abdelrhaman/microros_ws/install/stereo_msgs/local/lib/python3.10/dist-packages/stereo_msgs/_stereo_msgs_s.ep.rosidl_typesupport_c.c
[1.907s] Listing '/home/abdelrhaman/microros_ws/install/stereo_msgs/local/lib/python3.10/dist-packages/stereo_msgs'...
[1.908s] Compiling '/home/abdelrhaman/microros_ws/install/stereo_msgs/local/lib/python3.10/dist-packages/stereo_msgs/__init__.py'...
[1.908s] Listing '/home/abdelrhaman/microros_ws/install/stereo_msgs/local/lib/python3.10/dist-packages/stereo_msgs/msg'...
[1.908s] Compiling '/home/abdelrhaman/microros_ws/install/stereo_msgs/local/lib/python3.10/dist-packages/stereo_msgs/msg/_disparity_image.py'...
[1.911s] -- Installing: /home/abdelrhaman/microros_ws/install/stereo_msgs/local/lib/python3.10/dist-packages/stereo_msgs/stereo_msgs_s__rosidl_typesupport_fastrtps_c.cpython-310-x86_64-linux-gnu.so
[1.911s] -- Set runtime path of "/home/abdelrhaman/microros_ws/install/stereo_msgs/local/lib/python3.10/dist-packages/stereo_msgs/stereo_msgs_s__rosidl_typesupport_fastrtps_c.cpython-310-x86_64-linux-gnu.so" to ""
[1.911s] -- Installing: /home/abdelrhaman/microros_ws/install/stereo_msgs/local/lib/python3.10/dist-packages/stereo_msgs/stereo_msgs_s__rosidl_typesupport_introspection_c.cpython-310-x86_64-linux-gnu.so
[1.911s] -- Set runtime path of "/home/abdelrhaman/microros_ws/install/stereo_msgs/local/lib/python3.10/dist-packages/stereo_msgs/stereo_msgs_s__rosidl_typesupport_introspection_c.cpython-310-x86_64-linux-gnu.so" to ""
[1.911s] -- Installing: /home/abdelrhaman/microros_ws/install/stereo_msgs/local/lib/python3.10/dist-packages/stereo_msgs/stereo_msgs_s__rosidl_typesupport_c.cpython-310-x86_64-linux-gnu.so
[1.911s] -- Set runtime path of "/home/abdelrhaman/microros_ws/install/stereo_msgs/local/lib/python3.10/dist-packages/stereo_msgs/stereo_msgs_s__rosidl_typesupport_c.cpython-310-x86_64-linux-gnu.so" to ""
[1.911s] -- Installing: /home/abdelrhaman/microros_ws/install/stereo_msgs/lib/libstereo_msgs__rosidl_generator_py.so
[1.912s] -- Set runtime path of "/home/abdelrhaman/microros_ws/install/stereo_msgs/lib/libstereo_msgs__rosidl_generator_py.so" to ""
[1.912s] -- Up-to-date: /home/abdelrhaman/microros_ws/install/stereo_msgs/share/stereo_msgs/msg/DisparityImage.idl
[1.912s] -- Up-to-date: /home/abdelrhaman/microros_ws/install/stereo_msgs/share/stereo_msgs/msg/DisparityImage.msg
[1.912s] -- Up-to-date: /home/abdelrhaman/microros_ws/install/stereo_msgs/share/ament_index/resource_index/package_run_dependencies/stereo_msgs
[1.912s] -- Installing: /home/abdelrhaman/microros_ws/install/stereo_msgs/share/ament_index/resource_index/parent_prefix_path/stereo_msgs
[1.912s] -- Up-to-date: /home/abdelrhaman/microros_ws/install/stereo_msgs/share/stereo_msgs/environment/ament_prefix_path.sh
[1.912s] -- Installing: /home/abdelrhaman/microros_ws/install/stereo_msgs/share/stereo_msgs/environment/ament_prefix_path.dsv
[1.912s] -- Up-to-date: /home/abdelrhaman/microros_ws/install/stereo_msgs/share/stereo_msgs/environment/path.sh
[1.912s] -- Installing: /home/abdelrhaman/microros_ws/install/stereo_msgs/share/stereo_msgs/environment/path.dsv
[1.912s] -- Up-to-date: /home/abdelrhaman/microros_ws/install/stereo_msgs/share/stereo_msgs/local_setup.bash
[1.912s] -- Up-to-date: /home/abdelrhaman/microros_ws/install/stereo_msgs/share/stereo_msgs/local_setup.sh
[1.913s] -- Up-to-date: /home/abdelrhaman/microros_ws/install/stereo_msgs/share/stereo_msgs/local_setup.zsh
[1.913s] -- Installing: /home/abdelrhaman/microros_ws/install/stereo_msgs/share/stereo_msgs/local_setup.dsv
[1.913s] -- Installing: /home/abdelrhaman/microros_ws/install/stereo_msgs/share/stereo_msgs/package.dsv
[1.913s] -- Up-to-date: /home/abdelrhaman/microros_ws/install/stereo_msgs/share/ament_index/resource_index/packages/stereo_msgs
[1.913s] -- Up-to-date: /home/abdelrhaman/microros_ws/install/stereo_msgs/share/stereo_msgs/cmake/export_stereo_msgs__rosidl_generator_cExport.cmake
[1.913s] -- Up-to-date: /home/abdelrhaman/microros_ws/install/stereo_msgs/share/stereo_msgs/cmake/export_stereo_msgs__rosidl_generator_cExport-noconfig.cmake
[1.913s] -- Up-to-date: /home/abdelrhaman/microros_ws/install/stereo_msgs/share/stereo_msgs/cmake/export_stereo_msgs__rosidl_typesupport_fastrtps_cExport.cmake
[1.913s] -- Up-to-date: /home/abdelrhaman/microros_ws/install/stereo_msgs/share/stereo_msgs/cmake/export_stereo_msgs__rosidl_typesupport_fastrtps_cExport-noconfig.cmake
[1.913s] -- Up-to-date: /home/abdelrhaman/microros_ws/install/stereo_msgs/share/stereo_msgs/cmake/stereo_msgs__rosidl_typesupport_introspection_cExport.cmake
[1.913s] -- Up-to-date: /home/abdelrhaman/microros_ws/install/stereo_msgs/share/stereo_msgs/cmake/stereo_msgs__rosidl_typesupport_introspection_cExport-noconfig.cmake
[1.913s] -- Up-to-date: /home/abdelrhaman/microros_ws/install/stereo_msgs/share/stereo_msgs/cmake/stereo_msgs__rosidl_typesupport_cExport.cmake
[1.913s] -- Up-to-date: /home/abdelrhaman/microros_ws/install/stereo_msgs/share/stereo_msgs/cmake/stereo_msgs__rosidl_typesupport_cExport-noconfig.cmake
[1.913s] -- Up-to-date: /home/abdelrhaman/microros_ws/install/stereo_msgs/share/stereo_msgs/cmake/export_stereo_msgs__rosidl_generator_cppExport.cmake
[1.914s] -- Up-to-date: /home/abdelrhaman/microros_ws/install/stereo_msgs/share/stereo_msgs/cmake/export_stereo_msgs__rosidl_typesupport_fastrtps_cppExport.cmake
[1.914s] -- Up-to-date: /home/abdelrhaman/microros_ws/install/stereo_msgs/share/stereo_msgs/cmake/export_stereo_msgs__rosidl_typesupport_fastrtps_cppExport-noconfig.cmake
[1.914s] -- Up-to-date: /home/abdelrhaman/microros_ws/install/stereo_msgs/share/stereo_msgs/cmake/stereo_msgs__rosidl_typesupport_introspection_cppExport.cmake
[1.914s] -- Up-to-date: /home/abdelrhaman/microros_ws/install/stereo_msgs/share/stereo_msgs/cmake/stereo_msgs__rosidl_typesupport_introspection_cppExport-noconfig.cmake
[1.914s] -- Up-to-date: /home/abdelrhaman/microros_ws/install/stereo_msgs/share/stereo_msgs/cmake/stereo_msgs__rosidl_typesupport_cppExport.cmake
[1.914s] -- Up-to-date: /home/abdelrhaman/microros_ws/install/stereo_msgs/share/stereo_msgs/cmake/stereo_msgs__rosidl_typesupport_cppExport-noconfig.cmake
[1.914s] -- Up-to-date: /home/abdelrhaman/microros_ws/install/stereo_msgs/share/stereo_msgs/cmake/export_stereo_msgs__rosidl_generator_pyExport.cmake
[1.914s] -- Up-to-date: /home/abdelrhaman/microros_ws/install/stereo_msgs/share/stereo_msgs/cmake/export_stereo_msgs__rosidl_generator_pyExport-noconfig.cmake
[1.914s] -- Up-to-date: /home/abdelrhaman/microros_ws/install/stereo_msgs/share/stereo_msgs/cmake/rosidl_cmake-extras.cmake
[1.914s] -- Up-to-date: /home/abdelrhaman/microros_ws/install/stereo_msgs/share/stereo_msgs/cmake/ament_cmake_export_dependencies-extras.cmake
[1.914s] -- Installing: /home/abdelrhaman/microros_ws/install/stereo_msgs/share/stereo_msgs/cmake/ament_cmake_export_include_directories-extras.cmake
[1.914s] -- Up-to-date: /home/abdelrhaman/microros_ws/install/stereo_msgs/share/stereo_msgs/cmake/ament_cmake_export_libraries-extras.cmake
[1.915s] -- Up-to-date: /home/abdelrhaman/microros_ws/install/stereo_msgs/share/stereo_msgs/cmake/ament_cmake_export_targets-extras.cmake
[1.915s] -- Up-to-date: /home/abdelrhaman/microros_ws/install/stereo_msgs/share/stereo_msgs/cmake/rosidl_cmake_export_typesupport_targets-extras.cmake
[1.915s] -- Installing: /home/abdelrhaman/microros_ws/install/stereo_msgs/share/stereo_msgs/cmake/rosidl_cmake_export_typesupport_libraries-extras.cmake
[1.915s] -- Up-to-date: /home/abdelrhaman/microros_ws/install/stereo_msgs/share/stereo_msgs/cmake/stereo_msgsConfig.cmake
[1.915s] -- Up-to-date: /home/abdelrhaman/microros_ws/install/stereo_msgs/share/stereo_msgs/cmake/stereo_msgsConfig-version.cmake
[1.915s] -- Up-to-date: /home/abdelrhaman/microros_ws/install/stereo_msgs/share/stereo_msgs/package.xml
[1.916s] Invoked command in '/home/abdelrhaman/microros_ws/build/stereo_msgs' returned '0': AMENT_PREFIX_PATH=/home/abdelrhaman/microros_ws/install/sensor_msgs:/home/abdelrhaman/microros_ws/install/geometry_msgs:/home/abdelrhaman/microros_ws/install/std_msgs:/home/abdelrhaman/microros_ws/install/builtin_interfaces:${AMENT_PREFIX_PATH} CMAKE_PREFIX_PATH=/home/abdelrhaman/microros_ws/install/sensor_msgs:/home/abdelrhaman/microros_ws/install/geometry_msgs:/home/abdelrhaman/microros_ws/install/std_msgs:/home/abdelrhaman/microros_ws/install/builtin_interfaces:/home/abdelrhaman/ros/install/my_robot_controller:/opt/ros/humble LD_LIBRARY_PATH=/home/abdelrhaman/microros_ws/install/sensor_msgs/lib:/home/abdelrhaman/microros_ws/install/geometry_msgs/lib:/home/abdelrhaman/microros_ws/install/std_msgs/lib:/home/abdelrhaman/microros_ws/install/builtin_interfaces/lib:${LD_LIBRARY_PATH} PYTHONPATH=/home/abdelrhaman/microros_ws/install/sensor_msgs/local/lib/python3.10/dist-packages:/home/abdelrhaman/microros_ws/install/geometry_msgs/local/lib/python3.10/dist-packages:/home/abdelrhaman/microros_ws/install/std_msgs/local/lib/python3.10/dist-packages:/home/abdelrhaman/microros_ws/install/builtin_interfaces/local/lib/python3.10/dist-packages:${PYTHONPATH} /usr/bin/cmake --install /home/abdelrhaman/microros_ws/build/stereo_msgs
