[0.041s] Invoking command in '/home/abdelrhaman/microros_ws/build/diagnostic_msgs': CMAKE_PREFIX_PATH=/home/abdelrhaman/microros_ws/install/geometry_msgs:/home/abdelrhaman/microros_ws/install/std_msgs:/home/abdelrhaman/microros_ws/install/builtin_interfaces:/home/abdelrhaman/microros_ws/install/micro_ros_demos_rclc:/home/abdelrhaman/microros_ws/install/common_interfaces:/home/abdelrhaman/microros_ws/install/visualization_msgs:/home/abdelrhaman/microros_ws/install/test_msgs:/home/abdelrhaman/microros_ws/install/example_interfaces:/home/abdelrhaman/microros_ws/install/action_msgs:/home/abdelrhaman/microros_ws/install/unique_identifier_msgs:/home/abdelrhaman/microros_ws/install/trajectory_msgs:/home/abdelrhaman/microros_ws/install/stereo_msgs:/home/abdelrhaman/microros_ws/install/std_srvs:/home/abdelrhaman/microros_ws/install/shape_msgs:/home/abdelrhaman/microros_ws/install/sensor_msgs:/home/abdelrhaman/microros_ws/install/nav_msgs:/home/abdelrhaman/microros_ws/install/diagnostic_msgs:/home/abdelrhaman/microros_ws/install/actionlib_msgs:/home/abdelrhaman/microros_ws/install/statistics_msgs:/home/abdelrhaman/microros_ws/install/rosidl_typesupport_microxrcedds_test_msg:/home/abdelrhaman/microros_ws/install/rosidl_typesupport_microxrcedds_cpp_tests:/home/abdelrhaman/microros_ws/install/rmw_microxrcedds:/home/abdelrhaman/microros_ws/install/rosidl_typesupport_microxrcedds_cpp:/home/abdelrhaman/microros_ws/install/rosidl_typesupport_microxrcedds_c_tests:/home/abdelrhaman/microros_ws/install/rosidl_typesupport_microxrcedds_c:/home/abdelrhaman/microros_ws/install/rosgraph_msgs:/home/abdelrhaman/microros_ws/install/rclc_parameter:/home/abdelrhaman/microros_ws/install/rclc:/home/abdelrhaman/microros_ws/install/composition_interfaces:/home/abdelrhaman/microros_ws/install/rcl_interfaces:/home/abdelrhaman/microros_ws/install/microxrcedds_client:/home/abdelrhaman/microros_ws/install/microcdr:/home/abdelrhaman/microros_ws/install/micro_ros_utilities:/home/abdelrhaman/microros_ws/install/micro_ros_setup:/home/abdelrhaman/microros_ws/install/micro_ros_agent:/home/abdelrhaman/microros_ws/install/micro_ros_msgs:/home/abdelrhaman/microros_ws/install/lifecycle_msgs:/home/abdelrhaman/microros_ws/install/complex_msgs:/home/abdelrhaman/microros_ws/install/sensor_msgs_py:/home/abdelrhaman/ros/install/my_robot_controller:/opt/ros/humble LD_LIBRARY_PATH=/home/abdelrhaman/microros_ws/install/geometry_msgs/lib:/home/abdelrhaman/microros_ws/install/std_msgs/lib:/home/abdelrhaman/microros_ws/install/builtin_interfaces/lib:/home/abdelrhaman/microros_ws/install/visualization_msgs/lib:/home/abdelrhaman/microros_ws/install/test_msgs/lib:/home/abdelrhaman/microros_ws/install/example_interfaces/lib:/home/abdelrhaman/microros_ws/install/action_msgs/lib:/home/abdelrhaman/microros_ws/install/unique_identifier_msgs/lib:/home/abdelrhaman/microros_ws/install/trajectory_msgs/lib:/home/abdelrhaman/microros_ws/install/stereo_msgs/lib:/home/abdelrhaman/microros_ws/install/std_srvs/lib:/home/abdelrhaman/microros_ws/install/shape_msgs/lib:/home/abdelrhaman/microros_ws/install/sensor_msgs/lib:/home/abdelrhaman/microros_ws/install/nav_msgs/lib:/home/abdelrhaman/microros_ws/install/diagnostic_msgs/lib:/home/abdelrhaman/microros_ws/install/actionlib_msgs/lib:/home/abdelrhaman/microros_ws/install/statistics_msgs/lib:/home/abdelrhaman/microros_ws/install/rmw_microxrcedds/lib:/home/abdelrhaman/microros_ws/install/rosidl_typesupport_microxrcedds_cpp/lib:/home/abdelrhaman/microros_ws/install/rosidl_typesupport_microxrcedds_c/lib:/home/abdelrhaman/microros_ws/install/rosgraph_msgs/lib:/home/abdelrhaman/microros_ws/install/rclc_parameter/lib:/home/abdelrhaman/microros_ws/install/rclc/lib:/home/abdelrhaman/microros_ws/install/composition_interfaces/lib:/home/abdelrhaman/microros_ws/install/rcl_interfaces/lib:/home/abdelrhaman/microros_ws/install/microxrcedds_client/lib:/home/abdelrhaman/microros_ws/install/microcdr/lib:/home/abdelrhaman/microros_ws/install/micro_ros_utilities/lib:/home/abdelrhaman/microros_ws/install/micro_ros_agent/lib:/home/abdelrhaman/microros_ws/install/micro_ros_msgs/lib:/home/abdelrhaman/microros_ws/install/lifecycle_msgs/lib:/home/abdelrhaman/microros_ws/install/complex_msgs/lib:/opt/ros/humble/opt/rviz_ogre_vendor/lib:/opt/ros/humble/lib/x86_64-linux-gnu:/opt/ros/humble/lib /usr/bin/cmake /home/abdelrhaman/microros_ws/src/ros2/common_interfaces/diagnostic_msgs -DBUILD_TESTING=OFF -DBUILD_SHARED_LIBS=ON -DCMAKE_INSTALL_PREFIX=/home/abdelrhaman/microros_ws/install/diagnostic_msgs
[0.051s] -- Found ament_cmake: 1.3.10 (/opt/ros/humble/share/ament_cmake/cmake)
[0.157s] -- Found rosidl_default_generators: 1.2.0 (/opt/ros/humble/share/rosidl_default_generators/cmake)
[0.162s] -- Using all available rosidl_typesupport_c: rosidl_typesupport_microxrcedds_c;rosidl_typesupport_fastrtps_c;rosidl_typesupport_introspection_c
[0.163s] -- Found rosidl_adapter: 3.1.5 (/opt/ros/humble/share/rosidl_adapter/cmake)
[0.188s] -- Using all available rosidl_typesupport_cpp: rosidl_typesupport_microxrcedds_cpp;rosidl_typesupport_fastrtps_cpp;rosidl_typesupport_introspection_cpp
[0.205s] -- Found std_msgs: 4.2.4 (/home/abdelrhaman/microros_ws/install/std_msgs/share/std_msgs/cmake)
[0.481s] -- Found ament_cmake_ros: 0.10.0 (/opt/ros/humble/share/ament_cmake_ros/cmake)
[0.744s] -- Using all available rosidl_typesupport_c: rosidl_typesupport_microxrcedds_c;rosidl_typesupport_fastrtps_c;rosidl_typesupport_introspection_c
[1.068s] -- Using all available rosidl_typesupport_cpp: rosidl_typesupport_microxrcedds_cpp;rosidl_typesupport_fastrtps_cpp;rosidl_typesupport_introspection_cpp
[1.089s] -- Found python_cmake_module: 0.10.0 (/opt/ros/humble/share/python_cmake_module/cmake)
[1.109s] -- Using PYTHON_EXECUTABLE: /usr/bin/python3
[1.109s] -- Using PYTHON_INCLUDE_DIRS: /usr/include/python3.10
[1.109s] -- Using PYTHON_LIBRARIES: /usr/lib/x86_64-linux-gnu/libpython3.10.so
[1.147s] -- Configuring done
[1.179s] -- Generating done
[1.181s] -- Build files have been written to: /home/abdelrhaman/microros_ws/build/diagnostic_msgs
[1.186s] Invoked command in '/home/abdelrhaman/microros_ws/build/diagnostic_msgs' returned '0': CMAKE_PREFIX_PATH=/home/abdelrhaman/microros_ws/install/geometry_msgs:/home/abdelrhaman/microros_ws/install/std_msgs:/home/abdelrhaman/microros_ws/install/builtin_interfaces:/home/abdelrhaman/microros_ws/install/micro_ros_demos_rclc:/home/abdelrhaman/microros_ws/install/common_interfaces:/home/abdelrhaman/microros_ws/install/visualization_msgs:/home/abdelrhaman/microros_ws/install/test_msgs:/home/abdelrhaman/microros_ws/install/example_interfaces:/home/abdelrhaman/microros_ws/install/action_msgs:/home/abdelrhaman/microros_ws/install/unique_identifier_msgs:/home/abdelrhaman/microros_ws/install/trajectory_msgs:/home/abdelrhaman/microros_ws/install/stereo_msgs:/home/abdelrhaman/microros_ws/install/std_srvs:/home/abdelrhaman/microros_ws/install/shape_msgs:/home/abdelrhaman/microros_ws/install/sensor_msgs:/home/abdelrhaman/microros_ws/install/nav_msgs:/home/abdelrhaman/microros_ws/install/diagnostic_msgs:/home/abdelrhaman/microros_ws/install/actionlib_msgs:/home/abdelrhaman/microros_ws/install/statistics_msgs:/home/abdelrhaman/microros_ws/install/rosidl_typesupport_microxrcedds_test_msg:/home/abdelrhaman/microros_ws/install/rosidl_typesupport_microxrcedds_cpp_tests:/home/abdelrhaman/microros_ws/install/rmw_microxrcedds:/home/abdelrhaman/microros_ws/install/rosidl_typesupport_microxrcedds_cpp:/home/abdelrhaman/microros_ws/install/rosidl_typesupport_microxrcedds_c_tests:/home/abdelrhaman/microros_ws/install/rosidl_typesupport_microxrcedds_c:/home/abdelrhaman/microros_ws/install/rosgraph_msgs:/home/abdelrhaman/microros_ws/install/rclc_parameter:/home/abdelrhaman/microros_ws/install/rclc:/home/abdelrhaman/microros_ws/install/composition_interfaces:/home/abdelrhaman/microros_ws/install/rcl_interfaces:/home/abdelrhaman/microros_ws/install/microxrcedds_client:/home/abdelrhaman/microros_ws/install/microcdr:/home/abdelrhaman/microros_ws/install/micro_ros_utilities:/home/abdelrhaman/microros_ws/install/micro_ros_setup:/home/abdelrhaman/microros_ws/install/micro_ros_agent:/home/abdelrhaman/microros_ws/install/micro_ros_msgs:/home/abdelrhaman/microros_ws/install/lifecycle_msgs:/home/abdelrhaman/microros_ws/install/complex_msgs:/home/abdelrhaman/microros_ws/install/sensor_msgs_py:/home/abdelrhaman/ros/install/my_robot_controller:/opt/ros/humble LD_LIBRARY_PATH=/home/abdelrhaman/microros_ws/install/geometry_msgs/lib:/home/abdelrhaman/microros_ws/install/std_msgs/lib:/home/abdelrhaman/microros_ws/install/builtin_interfaces/lib:/home/abdelrhaman/microros_ws/install/visualization_msgs/lib:/home/abdelrhaman/microros_ws/install/test_msgs/lib:/home/abdelrhaman/microros_ws/install/example_interfaces/lib:/home/abdelrhaman/microros_ws/install/action_msgs/lib:/home/abdelrhaman/microros_ws/install/unique_identifier_msgs/lib:/home/abdelrhaman/microros_ws/install/trajectory_msgs/lib:/home/abdelrhaman/microros_ws/install/stereo_msgs/lib:/home/abdelrhaman/microros_ws/install/std_srvs/lib:/home/abdelrhaman/microros_ws/install/shape_msgs/lib:/home/abdelrhaman/microros_ws/install/sensor_msgs/lib:/home/abdelrhaman/microros_ws/install/nav_msgs/lib:/home/abdelrhaman/microros_ws/install/diagnostic_msgs/lib:/home/abdelrhaman/microros_ws/install/actionlib_msgs/lib:/home/abdelrhaman/microros_ws/install/statistics_msgs/lib:/home/abdelrhaman/microros_ws/install/rmw_microxrcedds/lib:/home/abdelrhaman/microros_ws/install/rosidl_typesupport_microxrcedds_cpp/lib:/home/abdelrhaman/microros_ws/install/rosidl_typesupport_microxrcedds_c/lib:/home/abdelrhaman/microros_ws/install/rosgraph_msgs/lib:/home/abdelrhaman/microros_ws/install/rclc_parameter/lib:/home/abdelrhaman/microros_ws/install/rclc/lib:/home/abdelrhaman/microros_ws/install/composition_interfaces/lib:/home/abdelrhaman/microros_ws/install/rcl_interfaces/lib:/home/abdelrhaman/microros_ws/install/microxrcedds_client/lib:/home/abdelrhaman/microros_ws/install/microcdr/lib:/home/abdelrhaman/microros_ws/install/micro_ros_utilities/lib:/home/abdelrhaman/microros_ws/install/micro_ros_agent/lib:/home/abdelrhaman/microros_ws/install/micro_ros_msgs/lib:/home/abdelrhaman/microros_ws/install/lifecycle_msgs/lib:/home/abdelrhaman/microros_ws/install/complex_msgs/lib:/opt/ros/humble/opt/rviz_ogre_vendor/lib:/opt/ros/humble/lib/x86_64-linux-gnu:/opt/ros/humble/lib /usr/bin/cmake /home/abdelrhaman/microros_ws/src/ros2/common_interfaces/diagnostic_msgs -DBUILD_TESTING=OFF -DBUILD_SHARED_LIBS=ON -DCMAKE_INSTALL_PREFIX=/home/abdelrhaman/microros_ws/install/diagnostic_msgs
[1.187s] Invoking command in '/home/abdelrhaman/microros_ws/build/diagnostic_msgs': CMAKE_PREFIX_PATH=/home/abdelrhaman/microros_ws/install/geometry_msgs:/home/abdelrhaman/microros_ws/install/std_msgs:/home/abdelrhaman/microros_ws/install/builtin_interfaces:/home/abdelrhaman/microros_ws/install/micro_ros_demos_rclc:/home/abdelrhaman/microros_ws/install/common_interfaces:/home/abdelrhaman/microros_ws/install/visualization_msgs:/home/abdelrhaman/microros_ws/install/test_msgs:/home/abdelrhaman/microros_ws/install/example_interfaces:/home/abdelrhaman/microros_ws/install/action_msgs:/home/abdelrhaman/microros_ws/install/unique_identifier_msgs:/home/abdelrhaman/microros_ws/install/trajectory_msgs:/home/abdelrhaman/microros_ws/install/stereo_msgs:/home/abdelrhaman/microros_ws/install/std_srvs:/home/abdelrhaman/microros_ws/install/shape_msgs:/home/abdelrhaman/microros_ws/install/sensor_msgs:/home/abdelrhaman/microros_ws/install/nav_msgs:/home/abdelrhaman/microros_ws/install/diagnostic_msgs:/home/abdelrhaman/microros_ws/install/actionlib_msgs:/home/abdelrhaman/microros_ws/install/statistics_msgs:/home/abdelrhaman/microros_ws/install/rosidl_typesupport_microxrcedds_test_msg:/home/abdelrhaman/microros_ws/install/rosidl_typesupport_microxrcedds_cpp_tests:/home/abdelrhaman/microros_ws/install/rmw_microxrcedds:/home/abdelrhaman/microros_ws/install/rosidl_typesupport_microxrcedds_cpp:/home/abdelrhaman/microros_ws/install/rosidl_typesupport_microxrcedds_c_tests:/home/abdelrhaman/microros_ws/install/rosidl_typesupport_microxrcedds_c:/home/abdelrhaman/microros_ws/install/rosgraph_msgs:/home/abdelrhaman/microros_ws/install/rclc_parameter:/home/abdelrhaman/microros_ws/install/rclc:/home/abdelrhaman/microros_ws/install/composition_interfaces:/home/abdelrhaman/microros_ws/install/rcl_interfaces:/home/abdelrhaman/microros_ws/install/microxrcedds_client:/home/abdelrhaman/microros_ws/install/microcdr:/home/abdelrhaman/microros_ws/install/micro_ros_utilities:/home/abdelrhaman/microros_ws/install/micro_ros_setup:/home/abdelrhaman/microros_ws/install/micro_ros_agent:/home/abdelrhaman/microros_ws/install/micro_ros_msgs:/home/abdelrhaman/microros_ws/install/lifecycle_msgs:/home/abdelrhaman/microros_ws/install/complex_msgs:/home/abdelrhaman/microros_ws/install/sensor_msgs_py:/home/abdelrhaman/ros/install/my_robot_controller:/opt/ros/humble LD_LIBRARY_PATH=/home/abdelrhaman/microros_ws/install/geometry_msgs/lib:/home/abdelrhaman/microros_ws/install/std_msgs/lib:/home/abdelrhaman/microros_ws/install/builtin_interfaces/lib:/home/abdelrhaman/microros_ws/install/visualization_msgs/lib:/home/abdelrhaman/microros_ws/install/test_msgs/lib:/home/abdelrhaman/microros_ws/install/example_interfaces/lib:/home/abdelrhaman/microros_ws/install/action_msgs/lib:/home/abdelrhaman/microros_ws/install/unique_identifier_msgs/lib:/home/abdelrhaman/microros_ws/install/trajectory_msgs/lib:/home/abdelrhaman/microros_ws/install/stereo_msgs/lib:/home/abdelrhaman/microros_ws/install/std_srvs/lib:/home/abdelrhaman/microros_ws/install/shape_msgs/lib:/home/abdelrhaman/microros_ws/install/sensor_msgs/lib:/home/abdelrhaman/microros_ws/install/nav_msgs/lib:/home/abdelrhaman/microros_ws/install/diagnostic_msgs/lib:/home/abdelrhaman/microros_ws/install/actionlib_msgs/lib:/home/abdelrhaman/microros_ws/install/statistics_msgs/lib:/home/abdelrhaman/microros_ws/install/rmw_microxrcedds/lib:/home/abdelrhaman/microros_ws/install/rosidl_typesupport_microxrcedds_cpp/lib:/home/abdelrhaman/microros_ws/install/rosidl_typesupport_microxrcedds_c/lib:/home/abdelrhaman/microros_ws/install/rosgraph_msgs/lib:/home/abdelrhaman/microros_ws/install/rclc_parameter/lib:/home/abdelrhaman/microros_ws/install/rclc/lib:/home/abdelrhaman/microros_ws/install/composition_interfaces/lib:/home/abdelrhaman/microros_ws/install/rcl_interfaces/lib:/home/abdelrhaman/microros_ws/install/microxrcedds_client/lib:/home/abdelrhaman/microros_ws/install/microcdr/lib:/home/abdelrhaman/microros_ws/install/micro_ros_utilities/lib:/home/abdelrhaman/microros_ws/install/micro_ros_agent/lib:/home/abdelrhaman/microros_ws/install/micro_ros_msgs/lib:/home/abdelrhaman/microros_ws/install/lifecycle_msgs/lib:/home/abdelrhaman/microros_ws/install/complex_msgs/lib:/opt/ros/humble/opt/rviz_ogre_vendor/lib:/opt/ros/humble/lib/x86_64-linux-gnu:/opt/ros/humble/lib /usr/bin/cmake --build /home/abdelrhaman/microros_ws/build/diagnostic_msgs -- -j20 -l20
[1.231s] [35m[1mConsolidate compiler generated dependencies of target diagnostic_msgs__rosidl_generator_c[0m
[1.241s] [  1%] Built target diagnostic_msgs__cpp
[1.242s] [ 10%] Built target diagnostic_msgs__rosidl_generator_c
[1.249s] [ 10%] Built target ament_cmake_python_copy_diagnostic_msgs
[1.249s] [ 11%] [34m[1mGenerating C++ type support dispatch for ROS interfaces[0m
[1.250s] [35m[1mConsolidate compiler generated dependencies of target diagnostic_msgs__rosidl_typesupport_fastrtps_cpp[0m
[1.251s] [35m[1mConsolidate compiler generated dependencies of target diagnostic_msgs__rosidl_typesupport_introspection_c[0m
[1.251s] [35m[1mConsolidate compiler generated dependencies of target diagnostic_msgs__rosidl_typesupport_microxrcedds_cpp[0m
[1.251s] [35m[1mConsolidate compiler generated dependencies of target diagnostic_msgs__rosidl_typesupport_introspection_cpp[0m
[1.254s] [35m[1mConsolidate compiler generated dependencies of target diagnostic_msgs__rosidl_typesupport_fastrtps_c[0m
[1.256s] [ 12%] [34m[1mGenerating C type support dispatch for ROS interfaces[0m
[1.258s] [35m[1mConsolidate compiler generated dependencies of target diagnostic_msgs__rosidl_typesupport_microxrcedds_c[0m
[1.262s] [ 36%] Built target diagnostic_msgs__rosidl_typesupport_introspection_cpp
[1.262s] [ 36%] Built target diagnostic_msgs__rosidl_typesupport_fastrtps_cpp
[1.262s] [ 39%] Built target diagnostic_msgs__rosidl_typesupport_introspection_c
[1.266s] [ 48%] Built target diagnostic_msgs__rosidl_typesupport_fastrtps_c
[1.267s] [ 49%] [32m[1mLinking CXX shared library libdiagnostic_msgs__rosidl_typesupport_microxrcedds_cpp.so[0m
[1.275s] [ 50%] [32m[1mLinking C shared library libdiagnostic_msgs__rosidl_typesupport_microxrcedds_c.so[0m
[1.324s] [ 58%] Built target diagnostic_msgs__rosidl_typesupport_microxrcedds_c
[1.351s] [ 65%] Built target diagnostic_msgs__rosidl_typesupport_microxrcedds_cpp
[1.608s] [35m[1mConsolidate compiler generated dependencies of target diagnostic_msgs__rosidl_typesupport_cpp[0m
[1.625s] [ 68%] [32mBuilding CXX object CMakeFiles/diagnostic_msgs__rosidl_typesupport_cpp.dir/rosidl_typesupport_cpp/diagnostic_msgs/msg/diagnostic_array__type_support.cpp.o[0m
[1.625s] [ 68%] [32mBuilding CXX object CMakeFiles/diagnostic_msgs__rosidl_typesupport_cpp.dir/rosidl_typesupport_cpp/diagnostic_msgs/msg/key_value__type_support.cpp.o[0m
[1.626s] [ 69%] [32mBuilding CXX object CMakeFiles/diagnostic_msgs__rosidl_typesupport_cpp.dir/rosidl_typesupport_cpp/diagnostic_msgs/srv/self_test__type_support.cpp.o[0m
[1.627s] [ 72%] [32mBuilding CXX object CMakeFiles/diagnostic_msgs__rosidl_typesupport_cpp.dir/rosidl_typesupport_cpp/diagnostic_msgs/msg/diagnostic_status__type_support.cpp.o[0m
[1.628s] [ 72%] [32mBuilding CXX object CMakeFiles/diagnostic_msgs__rosidl_typesupport_cpp.dir/rosidl_typesupport_cpp/diagnostic_msgs/srv/add_diagnostics__type_support.cpp.o[0m
[1.752s] running egg_info
[1.826s] writing diagnostic_msgs.egg-info/PKG-INFO
[1.837s] [35m[1mConsolidate compiler generated dependencies of target diagnostic_msgs__rosidl_typesupport_c[0m
[1.872s] [ 73%] [32mBuilding CXX object CMakeFiles/diagnostic_msgs__rosidl_typesupport_c.dir/rosidl_typesupport_c/diagnostic_msgs/srv/self_test__type_support.cpp.o[0m
[1.873s] [ 74%] [32mBuilding CXX object CMakeFiles/diagnostic_msgs__rosidl_typesupport_c.dir/rosidl_typesupport_c/diagnostic_msgs/msg/diagnostic_status__type_support.cpp.o[0m
[1.877s] [ 75%] [32mBuilding CXX object CMakeFiles/diagnostic_msgs__rosidl_typesupport_c.dir/rosidl_typesupport_c/diagnostic_msgs/msg/diagnostic_array__type_support.cpp.o[0m
[1.878s] [ 77%] [32mBuilding CXX object CMakeFiles/diagnostic_msgs__rosidl_typesupport_c.dir/rosidl_typesupport_c/diagnostic_msgs/srv/add_diagnostics__type_support.cpp.o[0m
[1.880s] [ 78%] [32mBuilding CXX object CMakeFiles/diagnostic_msgs__rosidl_typesupport_c.dir/rosidl_typesupport_c/diagnostic_msgs/msg/key_value__type_support.cpp.o[0m
[1.893s] writing dependency_links to diagnostic_msgs.egg-info/dependency_links.txt
[1.971s] [ 79%] [32m[1mLinking CXX shared library libdiagnostic_msgs__rosidl_typesupport_c.so[0m
[2.017s] [ 81%] [32m[1mLinking CXX shared library libdiagnostic_msgs__rosidl_typesupport_cpp.so[0m
[2.047s] [ 81%] Built target diagnostic_msgs__rosidl_typesupport_c
[2.077s] [ 81%] Built target diagnostic_msgs__rosidl_typesupport_cpp
[2.108s] [ 81%] Built target diagnostic_msgs
[2.140s] [ 82%] Built target diagnostic_msgs__py
[2.158s] [35m[1mConsolidate compiler generated dependencies of target diagnostic_msgs__rosidl_generator_py[0m
[2.178s] [ 83%] [32m[1mLinking C shared library rosidl_generator_py/diagnostic_msgs/libdiagnostic_msgs__rosidl_generator_py.so[0m
[2.224s] writing top-level names to diagnostic_msgs.egg-info/top_level.txt
[2.231s] [ 89%] Built target diagnostic_msgs__rosidl_generator_py
[2.243s] [35m[1mConsolidate compiler generated dependencies of target diagnostic_msgs__rosidl_typesupport_fastrtps_c__pyext[0m
[2.243s] [35m[1mConsolidate compiler generated dependencies of target diagnostic_msgs__rosidl_typesupport_microxrcedds_c__pyext[0m
[2.243s] [35m[1mConsolidate compiler generated dependencies of target diagnostic_msgs__rosidl_typesupport_c__pyext[0m
[2.245s] [35m[1mConsolidate compiler generated dependencies of target diagnostic_msgs__rosidl_typesupport_introspection_c__pyext[0m
[2.259s] [ 94%] [32m[1mLinking C shared library rosidl_generator_py/diagnostic_msgs/diagnostic_msgs_s__rosidl_typesupport_microxrcedds_c.cpython-310-x86_64-linux-gnu.so[0m
[2.259s] [ 94%] [32m[1mLinking C shared library rosidl_generator_py/diagnostic_msgs/diagnostic_msgs_s__rosidl_typesupport_introspection_c.cpython-310-x86_64-linux-gnu.so[0m
[2.259s] [ 94%] [32m[1mLinking C shared library rosidl_generator_py/diagnostic_msgs/diagnostic_msgs_s__rosidl_typesupport_c.cpython-310-x86_64-linux-gnu.so[0m
[2.259s] [ 94%] [32m[1mLinking C shared library rosidl_generator_py/diagnostic_msgs/diagnostic_msgs_s__rosidl_typesupport_fastrtps_c.cpython-310-x86_64-linux-gnu.so[0m
[2.290s] reading manifest file 'diagnostic_msgs.egg-info/SOURCES.txt'
[2.291s] writing manifest file 'diagnostic_msgs.egg-info/SOURCES.txt'
[2.304s] [ 96%] Built target diagnostic_msgs__rosidl_typesupport_fastrtps_c__pyext
[2.305s] [ 97%] Built target diagnostic_msgs__rosidl_typesupport_c__pyext
[2.309s] [ 98%] Built target diagnostic_msgs__rosidl_typesupport_microxrcedds_c__pyext
[2.313s] [100%] Built target diagnostic_msgs__rosidl_typesupport_introspection_c__pyext
[2.334s] [100%] Built target ament_cmake_python_build_diagnostic_msgs_egg
[2.355s] Invoked command in '/home/abdelrhaman/microros_ws/build/diagnostic_msgs' returned '0': CMAKE_PREFIX_PATH=/home/abdelrhaman/microros_ws/install/geometry_msgs:/home/abdelrhaman/microros_ws/install/std_msgs:/home/abdelrhaman/microros_ws/install/builtin_interfaces:/home/abdelrhaman/microros_ws/install/micro_ros_demos_rclc:/home/abdelrhaman/microros_ws/install/common_interfaces:/home/abdelrhaman/microros_ws/install/visualization_msgs:/home/abdelrhaman/microros_ws/install/test_msgs:/home/abdelrhaman/microros_ws/install/example_interfaces:/home/abdelrhaman/microros_ws/install/action_msgs:/home/abdelrhaman/microros_ws/install/unique_identifier_msgs:/home/abdelrhaman/microros_ws/install/trajectory_msgs:/home/abdelrhaman/microros_ws/install/stereo_msgs:/home/abdelrhaman/microros_ws/install/std_srvs:/home/abdelrhaman/microros_ws/install/shape_msgs:/home/abdelrhaman/microros_ws/install/sensor_msgs:/home/abdelrhaman/microros_ws/install/nav_msgs:/home/abdelrhaman/microros_ws/install/diagnostic_msgs:/home/abdelrhaman/microros_ws/install/actionlib_msgs:/home/abdelrhaman/microros_ws/install/statistics_msgs:/home/abdelrhaman/microros_ws/install/rosidl_typesupport_microxrcedds_test_msg:/home/abdelrhaman/microros_ws/install/rosidl_typesupport_microxrcedds_cpp_tests:/home/abdelrhaman/microros_ws/install/rmw_microxrcedds:/home/abdelrhaman/microros_ws/install/rosidl_typesupport_microxrcedds_cpp:/home/abdelrhaman/microros_ws/install/rosidl_typesupport_microxrcedds_c_tests:/home/abdelrhaman/microros_ws/install/rosidl_typesupport_microxrcedds_c:/home/abdelrhaman/microros_ws/install/rosgraph_msgs:/home/abdelrhaman/microros_ws/install/rclc_parameter:/home/abdelrhaman/microros_ws/install/rclc:/home/abdelrhaman/microros_ws/install/composition_interfaces:/home/abdelrhaman/microros_ws/install/rcl_interfaces:/home/abdelrhaman/microros_ws/install/microxrcedds_client:/home/abdelrhaman/microros_ws/install/microcdr:/home/abdelrhaman/microros_ws/install/micro_ros_utilities:/home/abdelrhaman/microros_ws/install/micro_ros_setup:/home/abdelrhaman/microros_ws/install/micro_ros_agent:/home/abdelrhaman/microros_ws/install/micro_ros_msgs:/home/abdelrhaman/microros_ws/install/lifecycle_msgs:/home/abdelrhaman/microros_ws/install/complex_msgs:/home/abdelrhaman/microros_ws/install/sensor_msgs_py:/home/abdelrhaman/ros/install/my_robot_controller:/opt/ros/humble LD_LIBRARY_PATH=/home/abdelrhaman/microros_ws/install/geometry_msgs/lib:/home/abdelrhaman/microros_ws/install/std_msgs/lib:/home/abdelrhaman/microros_ws/install/builtin_interfaces/lib:/home/abdelrhaman/microros_ws/install/visualization_msgs/lib:/home/abdelrhaman/microros_ws/install/test_msgs/lib:/home/abdelrhaman/microros_ws/install/example_interfaces/lib:/home/abdelrhaman/microros_ws/install/action_msgs/lib:/home/abdelrhaman/microros_ws/install/unique_identifier_msgs/lib:/home/abdelrhaman/microros_ws/install/trajectory_msgs/lib:/home/abdelrhaman/microros_ws/install/stereo_msgs/lib:/home/abdelrhaman/microros_ws/install/std_srvs/lib:/home/abdelrhaman/microros_ws/install/shape_msgs/lib:/home/abdelrhaman/microros_ws/install/sensor_msgs/lib:/home/abdelrhaman/microros_ws/install/nav_msgs/lib:/home/abdelrhaman/microros_ws/install/diagnostic_msgs/lib:/home/abdelrhaman/microros_ws/install/actionlib_msgs/lib:/home/abdelrhaman/microros_ws/install/statistics_msgs/lib:/home/abdelrhaman/microros_ws/install/rmw_microxrcedds/lib:/home/abdelrhaman/microros_ws/install/rosidl_typesupport_microxrcedds_cpp/lib:/home/abdelrhaman/microros_ws/install/rosidl_typesupport_microxrcedds_c/lib:/home/abdelrhaman/microros_ws/install/rosgraph_msgs/lib:/home/abdelrhaman/microros_ws/install/rclc_parameter/lib:/home/abdelrhaman/microros_ws/install/rclc/lib:/home/abdelrhaman/microros_ws/install/composition_interfaces/lib:/home/abdelrhaman/microros_ws/install/rcl_interfaces/lib:/home/abdelrhaman/microros_ws/install/microxrcedds_client/lib:/home/abdelrhaman/microros_ws/install/microcdr/lib:/home/abdelrhaman/microros_ws/install/micro_ros_utilities/lib:/home/abdelrhaman/microros_ws/install/micro_ros_agent/lib:/home/abdelrhaman/microros_ws/install/micro_ros_msgs/lib:/home/abdelrhaman/microros_ws/install/lifecycle_msgs/lib:/home/abdelrhaman/microros_ws/install/complex_msgs/lib:/opt/ros/humble/opt/rviz_ogre_vendor/lib:/opt/ros/humble/lib/x86_64-linux-gnu:/opt/ros/humble/lib /usr/bin/cmake --build /home/abdelrhaman/microros_ws/build/diagnostic_msgs -- -j20 -l20
[2.739s] Invoking command in '/home/abdelrhaman/microros_ws/build/diagnostic_msgs': CMAKE_PREFIX_PATH=/home/abdelrhaman/microros_ws/install/geometry_msgs:/home/abdelrhaman/microros_ws/install/std_msgs:/home/abdelrhaman/microros_ws/install/builtin_interfaces:/home/abdelrhaman/microros_ws/install/micro_ros_demos_rclc:/home/abdelrhaman/microros_ws/install/common_interfaces:/home/abdelrhaman/microros_ws/install/visualization_msgs:/home/abdelrhaman/microros_ws/install/test_msgs:/home/abdelrhaman/microros_ws/install/example_interfaces:/home/abdelrhaman/microros_ws/install/action_msgs:/home/abdelrhaman/microros_ws/install/unique_identifier_msgs:/home/abdelrhaman/microros_ws/install/trajectory_msgs:/home/abdelrhaman/microros_ws/install/stereo_msgs:/home/abdelrhaman/microros_ws/install/std_srvs:/home/abdelrhaman/microros_ws/install/shape_msgs:/home/abdelrhaman/microros_ws/install/sensor_msgs:/home/abdelrhaman/microros_ws/install/nav_msgs:/home/abdelrhaman/microros_ws/install/diagnostic_msgs:/home/abdelrhaman/microros_ws/install/actionlib_msgs:/home/abdelrhaman/microros_ws/install/statistics_msgs:/home/abdelrhaman/microros_ws/install/rosidl_typesupport_microxrcedds_test_msg:/home/abdelrhaman/microros_ws/install/rosidl_typesupport_microxrcedds_cpp_tests:/home/abdelrhaman/microros_ws/install/rmw_microxrcedds:/home/abdelrhaman/microros_ws/install/rosidl_typesupport_microxrcedds_cpp:/home/abdelrhaman/microros_ws/install/rosidl_typesupport_microxrcedds_c_tests:/home/abdelrhaman/microros_ws/install/rosidl_typesupport_microxrcedds_c:/home/abdelrhaman/microros_ws/install/rosgraph_msgs:/home/abdelrhaman/microros_ws/install/rclc_parameter:/home/abdelrhaman/microros_ws/install/rclc:/home/abdelrhaman/microros_ws/install/composition_interfaces:/home/abdelrhaman/microros_ws/install/rcl_interfaces:/home/abdelrhaman/microros_ws/install/microxrcedds_client:/home/abdelrhaman/microros_ws/install/microcdr:/home/abdelrhaman/microros_ws/install/micro_ros_utilities:/home/abdelrhaman/microros_ws/install/micro_ros_setup:/home/abdelrhaman/microros_ws/install/micro_ros_agent:/home/abdelrhaman/microros_ws/install/micro_ros_msgs:/home/abdelrhaman/microros_ws/install/lifecycle_msgs:/home/abdelrhaman/microros_ws/install/complex_msgs:/home/abdelrhaman/microros_ws/install/sensor_msgs_py:/home/abdelrhaman/ros/install/my_robot_controller:/opt/ros/humble LD_LIBRARY_PATH=/home/abdelrhaman/microros_ws/install/geometry_msgs/lib:/home/abdelrhaman/microros_ws/install/std_msgs/lib:/home/abdelrhaman/microros_ws/install/builtin_interfaces/lib:/home/abdelrhaman/microros_ws/install/visualization_msgs/lib:/home/abdelrhaman/microros_ws/install/test_msgs/lib:/home/abdelrhaman/microros_ws/install/example_interfaces/lib:/home/abdelrhaman/microros_ws/install/action_msgs/lib:/home/abdelrhaman/microros_ws/install/unique_identifier_msgs/lib:/home/abdelrhaman/microros_ws/install/trajectory_msgs/lib:/home/abdelrhaman/microros_ws/install/stereo_msgs/lib:/home/abdelrhaman/microros_ws/install/std_srvs/lib:/home/abdelrhaman/microros_ws/install/shape_msgs/lib:/home/abdelrhaman/microros_ws/install/sensor_msgs/lib:/home/abdelrhaman/microros_ws/install/nav_msgs/lib:/home/abdelrhaman/microros_ws/install/diagnostic_msgs/lib:/home/abdelrhaman/microros_ws/install/actionlib_msgs/lib:/home/abdelrhaman/microros_ws/install/statistics_msgs/lib:/home/abdelrhaman/microros_ws/install/rmw_microxrcedds/lib:/home/abdelrhaman/microros_ws/install/rosidl_typesupport_microxrcedds_cpp/lib:/home/abdelrhaman/microros_ws/install/rosidl_typesupport_microxrcedds_c/lib:/home/abdelrhaman/microros_ws/install/rosgraph_msgs/lib:/home/abdelrhaman/microros_ws/install/rclc_parameter/lib:/home/abdelrhaman/microros_ws/install/rclc/lib:/home/abdelrhaman/microros_ws/install/composition_interfaces/lib:/home/abdelrhaman/microros_ws/install/rcl_interfaces/lib:/home/abdelrhaman/microros_ws/install/microxrcedds_client/lib:/home/abdelrhaman/microros_ws/install/microcdr/lib:/home/abdelrhaman/microros_ws/install/micro_ros_utilities/lib:/home/abdelrhaman/microros_ws/install/micro_ros_agent/lib:/home/abdelrhaman/microros_ws/install/micro_ros_msgs/lib:/home/abdelrhaman/microros_ws/install/lifecycle_msgs/lib:/home/abdelrhaman/microros_ws/install/complex_msgs/lib:/opt/ros/humble/opt/rviz_ogre_vendor/lib:/opt/ros/humble/lib/x86_64-linux-gnu:/opt/ros/humble/lib /usr/bin/cmake --install /home/abdelrhaman/microros_ws/build/diagnostic_msgs
[2.746s] -- Install configuration: ""
[2.746s] -- Up-to-date: /home/abdelrhaman/microros_ws/install/diagnostic_msgs/share/ament_index/resource_index/rosidl_interfaces/diagnostic_msgs
[2.746s] -- Up-to-date: /home/abdelrhaman/microros_ws/install/diagnostic_msgs/include/diagnostic_msgs/diagnostic_msgs
[2.746s] -- Up-to-date: /home/abdelrhaman/microros_ws/install/diagnostic_msgs/include/diagnostic_msgs/diagnostic_msgs/srv
[2.746s] -- Up-to-date: /home/abdelrhaman/microros_ws/install/diagnostic_msgs/include/diagnostic_msgs/diagnostic_msgs/srv/detail
[2.746s] -- Up-to-date: /home/abdelrhaman/microros_ws/install/diagnostic_msgs/include/diagnostic_msgs/diagnostic_msgs/srv/detail/add_diagnostics__functions.h
[2.747s] -- Up-to-date: /home/abdelrhaman/microros_ws/install/diagnostic_msgs/include/diagnostic_msgs/diagnostic_msgs/srv/detail/add_diagnostics__functions.c
[2.747s] -- Up-to-date: /home/abdelrhaman/microros_ws/install/diagnostic_msgs/include/diagnostic_msgs/diagnostic_msgs/srv/detail/self_test__functions.h
[2.747s] -- Up-to-date: /home/abdelrhaman/microros_ws/install/diagnostic_msgs/include/diagnostic_msgs/diagnostic_msgs/srv/detail/add_diagnostics__type_support.h
[2.747s] -- Up-to-date: /home/abdelrhaman/microros_ws/install/diagnostic_msgs/include/diagnostic_msgs/diagnostic_msgs/srv/detail/self_test__functions.c
[2.747s] -- Up-to-date: /home/abdelrhaman/microros_ws/install/diagnostic_msgs/include/diagnostic_msgs/diagnostic_msgs/srv/detail/self_test__type_support.h
[2.747s] -- Up-to-date: /home/abdelrhaman/microros_ws/install/diagnostic_msgs/include/diagnostic_msgs/diagnostic_msgs/srv/detail/add_diagnostics__struct.h
[2.747s] -- Up-to-date: /home/abdelrhaman/microros_ws/install/diagnostic_msgs/include/diagnostic_msgs/diagnostic_msgs/srv/detail/self_test__struct.h
[2.747s] -- Up-to-date: /home/abdelrhaman/microros_ws/install/diagnostic_msgs/include/diagnostic_msgs/diagnostic_msgs/srv/add_diagnostics.h
[2.747s] -- Up-to-date: /home/abdelrhaman/microros_ws/install/diagnostic_msgs/include/diagnostic_msgs/diagnostic_msgs/srv/self_test.h
[2.747s] -- Up-to-date: /home/abdelrhaman/microros_ws/install/diagnostic_msgs/include/diagnostic_msgs/diagnostic_msgs/msg
[2.747s] -- Up-to-date: /home/abdelrhaman/microros_ws/install/diagnostic_msgs/include/diagnostic_msgs/diagnostic_msgs/msg/key_value.h
[2.748s] -- Up-to-date: /home/abdelrhaman/microros_ws/install/diagnostic_msgs/include/diagnostic_msgs/diagnostic_msgs/msg/diagnostic_status.h
[2.748s] -- Up-to-date: /home/abdelrhaman/microros_ws/install/diagnostic_msgs/include/diagnostic_msgs/diagnostic_msgs/msg/rosidl_generator_c__visibility_control.h
[2.748s] -- Up-to-date: /home/abdelrhaman/microros_ws/install/diagnostic_msgs/include/diagnostic_msgs/diagnostic_msgs/msg/detail
[2.748s] -- Up-to-date: /home/abdelrhaman/microros_ws/install/diagnostic_msgs/include/diagnostic_msgs/diagnostic_msgs/msg/detail/key_value__type_support.h
[2.748s] -- Up-to-date: /home/abdelrhaman/microros_ws/install/diagnostic_msgs/include/diagnostic_msgs/diagnostic_msgs/msg/detail/diagnostic_status__type_support.h
[2.748s] -- Up-to-date: /home/abdelrhaman/microros_ws/install/diagnostic_msgs/include/diagnostic_msgs/diagnostic_msgs/msg/detail/diagnostic_status__functions.h
[2.748s] -- Up-to-date: /home/abdelrhaman/microros_ws/install/diagnostic_msgs/include/diagnostic_msgs/diagnostic_msgs/msg/detail/diagnostic_array__struct.h
[2.748s] -- Up-to-date: /home/abdelrhaman/microros_ws/install/diagnostic_msgs/include/diagnostic_msgs/diagnostic_msgs/msg/detail/key_value__functions.c
[2.748s] -- Up-to-date: /home/abdelrhaman/microros_ws/install/diagnostic_msgs/include/diagnostic_msgs/diagnostic_msgs/msg/detail/diagnostic_array__functions.h
[2.748s] -- Up-to-date: /home/abdelrhaman/microros_ws/install/diagnostic_msgs/include/diagnostic_msgs/diagnostic_msgs/msg/detail/diagnostic_array__type_support.h
[2.748s] -- Up-to-date: /home/abdelrhaman/microros_ws/install/diagnostic_msgs/include/diagnostic_msgs/diagnostic_msgs/msg/detail/diagnostic_array__functions.c
[2.748s] -- Up-to-date: /home/abdelrhaman/microros_ws/install/diagnostic_msgs/include/diagnostic_msgs/diagnostic_msgs/msg/detail/key_value__functions.h
[2.748s] -- Up-to-date: /home/abdelrhaman/microros_ws/install/diagnostic_msgs/include/diagnostic_msgs/diagnostic_msgs/msg/detail/diagnostic_status__functions.c
[2.748s] -- Up-to-date: /home/abdelrhaman/microros_ws/install/diagnostic_msgs/include/diagnostic_msgs/diagnostic_msgs/msg/detail/key_value__struct.h
[2.748s] -- Up-to-date: /home/abdelrhaman/microros_ws/install/diagnostic_msgs/include/diagnostic_msgs/diagnostic_msgs/msg/detail/diagnostic_status__struct.h
[2.748s] -- Up-to-date: /home/abdelrhaman/microros_ws/install/diagnostic_msgs/include/diagnostic_msgs/diagnostic_msgs/msg/diagnostic_array.h
[2.748s] -- Up-to-date: /home/abdelrhaman/microros_ws/install/diagnostic_msgs/share/diagnostic_msgs/environment/library_path.sh
[2.749s] -- Installing: /home/abdelrhaman/microros_ws/install/diagnostic_msgs/share/diagnostic_msgs/environment/library_path.dsv
[2.749s] -- Up-to-date: /home/abdelrhaman/microros_ws/install/diagnostic_msgs/lib/libdiagnostic_msgs__rosidl_generator_c.so
[2.749s] -- Up-to-date: /home/abdelrhaman/microros_ws/install/diagnostic_msgs/include/diagnostic_msgs
[2.749s] -- Up-to-date: /home/abdelrhaman/microros_ws/install/diagnostic_msgs/include/diagnostic_msgs/srv
[2.749s] -- Up-to-date: /home/abdelrhaman/microros_ws/install/diagnostic_msgs/include/diagnostic_msgs/srv/detail
[2.749s] -- Up-to-date: /home/abdelrhaman/microros_ws/install/diagnostic_msgs/include/diagnostic_msgs/srv/detail/self_test__rosidl_typesupport_microxrcedds_c.h
[2.749s] -- Up-to-date: /home/abdelrhaman/microros_ws/install/diagnostic_msgs/include/diagnostic_msgs/srv/detail/add_diagnostics__rosidl_typesupport_microxrcedds_c.h
[2.749s] -- Up-to-date: /home/abdelrhaman/microros_ws/install/diagnostic_msgs/include/diagnostic_msgs/srv/detail/microxrcedds
[2.749s] -- Up-to-date: /home/abdelrhaman/microros_ws/install/diagnostic_msgs/include/diagnostic_msgs/msg
[2.749s] -- Up-to-date: /home/abdelrhaman/microros_ws/install/diagnostic_msgs/include/diagnostic_msgs/msg/detail
[2.749s] -- Up-to-date: /home/abdelrhaman/microros_ws/install/diagnostic_msgs/include/diagnostic_msgs/msg/detail/diagnostic_array__rosidl_typesupport_microxrcedds_c.h
[2.749s] -- Up-to-date: /home/abdelrhaman/microros_ws/install/diagnostic_msgs/include/diagnostic_msgs/msg/detail/diagnostic_status__rosidl_typesupport_microxrcedds_c.h
[2.749s] -- Up-to-date: /home/abdelrhaman/microros_ws/install/diagnostic_msgs/include/diagnostic_msgs/msg/detail/key_value__rosidl_typesupport_microxrcedds_c.h
[2.749s] -- Up-to-date: /home/abdelrhaman/microros_ws/install/diagnostic_msgs/include/diagnostic_msgs/msg/detail/microxrcedds
[2.749s] -- Up-to-date: /home/abdelrhaman/microros_ws/install/diagnostic_msgs/include/diagnostic_msgs/msg/rosidl_typesupport_microxrcedds_c__visibility_control.h
[2.749s] -- Installing: /home/abdelrhaman/microros_ws/install/diagnostic_msgs/lib/libdiagnostic_msgs__rosidl_typesupport_microxrcedds_c.so
[2.750s] -- Set runtime path of "/home/abdelrhaman/microros_ws/install/diagnostic_msgs/lib/libdiagnostic_msgs__rosidl_typesupport_microxrcedds_c.so" to ""
[2.750s] -- Up-to-date: /home/abdelrhaman/microros_ws/install/diagnostic_msgs/include/diagnostic_msgs/diagnostic_msgs
[2.750s] -- Up-to-date: /home/abdelrhaman/microros_ws/install/diagnostic_msgs/include/diagnostic_msgs/diagnostic_msgs/srv
[2.750s] -- Up-to-date: /home/abdelrhaman/microros_ws/install/diagnostic_msgs/include/diagnostic_msgs/diagnostic_msgs/srv/detail
[2.750s] -- Up-to-date: /home/abdelrhaman/microros_ws/install/diagnostic_msgs/include/diagnostic_msgs/diagnostic_msgs/srv/detail/self_test__rosidl_typesupport_fastrtps_c.h
[2.750s] -- Up-to-date: /home/abdelrhaman/microros_ws/install/diagnostic_msgs/include/diagnostic_msgs/diagnostic_msgs/srv/detail/add_diagnostics__rosidl_typesupport_fastrtps_c.h
[2.750s] -- Up-to-date: /home/abdelrhaman/microros_ws/install/diagnostic_msgs/include/diagnostic_msgs/diagnostic_msgs/msg
[2.750s] -- Up-to-date: /home/abdelrhaman/microros_ws/install/diagnostic_msgs/include/diagnostic_msgs/diagnostic_msgs/msg/detail
[2.750s] -- Up-to-date: /home/abdelrhaman/microros_ws/install/diagnostic_msgs/include/diagnostic_msgs/diagnostic_msgs/msg/detail/diagnostic_array__rosidl_typesupport_fastrtps_c.h
[2.750s] -- Up-to-date: /home/abdelrhaman/microros_ws/install/diagnostic_msgs/include/diagnostic_msgs/diagnostic_msgs/msg/detail/diagnostic_status__rosidl_typesupport_fastrtps_c.h
[2.750s] -- Up-to-date: /home/abdelrhaman/microros_ws/install/diagnostic_msgs/include/diagnostic_msgs/diagnostic_msgs/msg/detail/key_value__rosidl_typesupport_fastrtps_c.h
[2.750s] -- Up-to-date: /home/abdelrhaman/microros_ws/install/diagnostic_msgs/include/diagnostic_msgs/diagnostic_msgs/msg/rosidl_typesupport_fastrtps_c__visibility_control.h
[2.750s] -- Up-to-date: /home/abdelrhaman/microros_ws/install/diagnostic_msgs/lib/libdiagnostic_msgs__rosidl_typesupport_fastrtps_c.so
[2.750s] -- Up-to-date: /home/abdelrhaman/microros_ws/install/diagnostic_msgs/include/diagnostic_msgs/diagnostic_msgs
[2.750s] -- Up-to-date: /home/abdelrhaman/microros_ws/install/diagnostic_msgs/include/diagnostic_msgs/diagnostic_msgs/srv
[2.750s] -- Up-to-date: /home/abdelrhaman/microros_ws/install/diagnostic_msgs/include/diagnostic_msgs/diagnostic_msgs/srv/detail
[2.750s] -- Up-to-date: /home/abdelrhaman/microros_ws/install/diagnostic_msgs/include/diagnostic_msgs/diagnostic_msgs/srv/detail/add_diagnostics__rosidl_typesupport_introspection_c.h
[2.750s] -- Up-to-date: /home/abdelrhaman/microros_ws/install/diagnostic_msgs/include/diagnostic_msgs/diagnostic_msgs/srv/detail/self_test__type_support.c
[2.750s] -- Up-to-date: /home/abdelrhaman/microros_ws/install/diagnostic_msgs/include/diagnostic_msgs/diagnostic_msgs/srv/detail/add_diagnostics__type_support.c
[2.750s] -- Up-to-date: /home/abdelrhaman/microros_ws/install/diagnostic_msgs/include/diagnostic_msgs/diagnostic_msgs/srv/detail/self_test__rosidl_typesupport_introspection_c.h
[2.750s] -- Up-to-date: /home/abdelrhaman/microros_ws/install/diagnostic_msgs/include/diagnostic_msgs/diagnostic_msgs/msg
[2.750s] -- Up-to-date: /home/abdelrhaman/microros_ws/install/diagnostic_msgs/include/diagnostic_msgs/diagnostic_msgs/msg/rosidl_typesupport_introspection_c__visibility_control.h
[2.751s] -- Up-to-date: /home/abdelrhaman/microros_ws/install/diagnostic_msgs/include/diagnostic_msgs/diagnostic_msgs/msg/detail
[2.751s] -- Up-to-date: /home/abdelrhaman/microros_ws/install/diagnostic_msgs/include/diagnostic_msgs/diagnostic_msgs/msg/detail/diagnostic_status__type_support.c
[2.751s] -- Up-to-date: /home/abdelrhaman/microros_ws/install/diagnostic_msgs/include/diagnostic_msgs/diagnostic_msgs/msg/detail/key_value__rosidl_typesupport_introspection_c.h
[2.751s] -- Up-to-date: /home/abdelrhaman/microros_ws/install/diagnostic_msgs/include/diagnostic_msgs/diagnostic_msgs/msg/detail/diagnostic_array__rosidl_typesupport_introspection_c.h
[2.751s] -- Up-to-date: /home/abdelrhaman/microros_ws/install/diagnostic_msgs/include/diagnostic_msgs/diagnostic_msgs/msg/detail/diagnostic_array__type_support.c
[2.751s] -- Up-to-date: /home/abdelrhaman/microros_ws/install/diagnostic_msgs/include/diagnostic_msgs/diagnostic_msgs/msg/detail/key_value__type_support.c
[2.751s] -- Up-to-date: /home/abdelrhaman/microros_ws/install/diagnostic_msgs/include/diagnostic_msgs/diagnostic_msgs/msg/detail/diagnostic_status__rosidl_typesupport_introspection_c.h
[2.751s] -- Up-to-date: /home/abdelrhaman/microros_ws/install/diagnostic_msgs/lib/libdiagnostic_msgs__rosidl_typesupport_introspection_c.so
[2.751s] -- Installing: /home/abdelrhaman/microros_ws/install/diagnostic_msgs/lib/libdiagnostic_msgs__rosidl_typesupport_c.so
[2.751s] -- Set runtime path of "/home/abdelrhaman/microros_ws/install/diagnostic_msgs/lib/libdiagnostic_msgs__rosidl_typesupport_c.so" to ""
[2.751s] -- Up-to-date: /home/abdelrhaman/microros_ws/install/diagnostic_msgs/include/diagnostic_msgs/diagnostic_msgs
[2.751s] -- Up-to-date: /home/abdelrhaman/microros_ws/install/diagnostic_msgs/include/diagnostic_msgs/diagnostic_msgs/srv
[2.751s] -- Up-to-date: /home/abdelrhaman/microros_ws/install/diagnostic_msgs/include/diagnostic_msgs/diagnostic_msgs/srv/add_diagnostics.hpp
[2.751s] -- Up-to-date: /home/abdelrhaman/microros_ws/install/diagnostic_msgs/include/diagnostic_msgs/diagnostic_msgs/srv/detail
[2.751s] -- Up-to-date: /home/abdelrhaman/microros_ws/install/diagnostic_msgs/include/diagnostic_msgs/diagnostic_msgs/srv/detail/add_diagnostics__builder.hpp
[2.751s] -- Up-to-date: /home/abdelrhaman/microros_ws/install/diagnostic_msgs/include/diagnostic_msgs/diagnostic_msgs/srv/detail/self_test__traits.hpp
[2.751s] -- Up-to-date: /home/abdelrhaman/microros_ws/install/diagnostic_msgs/include/diagnostic_msgs/diagnostic_msgs/srv/detail/self_test__struct.hpp
[2.751s] -- Up-to-date: /home/abdelrhaman/microros_ws/install/diagnostic_msgs/include/diagnostic_msgs/diagnostic_msgs/srv/detail/add_diagnostics__struct.hpp
[2.751s] -- Up-to-date: /home/abdelrhaman/microros_ws/install/diagnostic_msgs/include/diagnostic_msgs/diagnostic_msgs/srv/detail/add_diagnostics__traits.hpp
[2.751s] -- Up-to-date: /home/abdelrhaman/microros_ws/install/diagnostic_msgs/include/diagnostic_msgs/diagnostic_msgs/srv/detail/self_test__builder.hpp
[2.751s] -- Up-to-date: /home/abdelrhaman/microros_ws/install/diagnostic_msgs/include/diagnostic_msgs/diagnostic_msgs/srv/self_test.hpp
[2.752s] -- Up-to-date: /home/abdelrhaman/microros_ws/install/diagnostic_msgs/include/diagnostic_msgs/diagnostic_msgs/msg
[2.752s] -- Up-to-date: /home/abdelrhaman/microros_ws/install/diagnostic_msgs/include/diagnostic_msgs/diagnostic_msgs/msg/detail
[2.752s] -- Up-to-date: /home/abdelrhaman/microros_ws/install/diagnostic_msgs/include/diagnostic_msgs/diagnostic_msgs/msg/detail/key_value__builder.hpp
[2.752s] -- Up-to-date: /home/abdelrhaman/microros_ws/install/diagnostic_msgs/include/diagnostic_msgs/diagnostic_msgs/msg/detail/diagnostic_array__traits.hpp
[2.752s] -- Up-to-date: /home/abdelrhaman/microros_ws/install/diagnostic_msgs/include/diagnostic_msgs/diagnostic_msgs/msg/detail/diagnostic_status__struct.hpp
[2.752s] -- Up-to-date: /home/abdelrhaman/microros_ws/install/diagnostic_msgs/include/diagnostic_msgs/diagnostic_msgs/msg/detail/diagnostic_status__traits.hpp
[2.752s] -- Up-to-date: /home/abdelrhaman/microros_ws/install/diagnostic_msgs/include/diagnostic_msgs/diagnostic_msgs/msg/detail/diagnostic_array__builder.hpp
[2.752s] -- Up-to-date: /home/abdelrhaman/microros_ws/install/diagnostic_msgs/include/diagnostic_msgs/diagnostic_msgs/msg/detail/key_value__struct.hpp
[2.752s] -- Up-to-date: /home/abdelrhaman/microros_ws/install/diagnostic_msgs/include/diagnostic_msgs/diagnostic_msgs/msg/detail/diagnostic_array__struct.hpp
[2.752s] -- Up-to-date: /home/abdelrhaman/microros_ws/install/diagnostic_msgs/include/diagnostic_msgs/diagnostic_msgs/msg/detail/key_value__traits.hpp
[2.752s] -- Up-to-date: /home/abdelrhaman/microros_ws/install/diagnostic_msgs/include/diagnostic_msgs/diagnostic_msgs/msg/detail/diagnostic_status__builder.hpp
[2.752s] -- Up-to-date: /home/abdelrhaman/microros_ws/install/diagnostic_msgs/include/diagnostic_msgs/diagnostic_msgs/msg/diagnostic_array.hpp
[2.752s] -- Up-to-date: /home/abdelrhaman/microros_ws/install/diagnostic_msgs/include/diagnostic_msgs/diagnostic_msgs/msg/key_value.hpp
[2.752s] -- Up-to-date: /home/abdelrhaman/microros_ws/install/diagnostic_msgs/include/diagnostic_msgs/diagnostic_msgs/msg/diagnostic_status.hpp
[2.752s] -- Up-to-date: /home/abdelrhaman/microros_ws/install/diagnostic_msgs/include/diagnostic_msgs
[2.752s] -- Up-to-date: /home/abdelrhaman/microros_ws/install/diagnostic_msgs/include/diagnostic_msgs/srv
[2.752s] -- Up-to-date: /home/abdelrhaman/microros_ws/install/diagnostic_msgs/include/diagnostic_msgs/srv/detail
[2.752s] -- Up-to-date: /home/abdelrhaman/microros_ws/install/diagnostic_msgs/include/diagnostic_msgs/srv/detail/self_test__rosidl_typesupport_microxrcedds_cpp.hpp
[2.752s] -- Up-to-date: /home/abdelrhaman/microros_ws/install/diagnostic_msgs/include/diagnostic_msgs/srv/detail/add_diagnostics__rosidl_typesupport_microxrcedds_cpp.hpp
[2.753s] -- Up-to-date: /home/abdelrhaman/microros_ws/install/diagnostic_msgs/include/diagnostic_msgs/srv/detail/microxrcedds
[2.753s] -- Up-to-date: /home/abdelrhaman/microros_ws/install/diagnostic_msgs/include/diagnostic_msgs/srv/detail/microxrcedds/add_diagnostics__type_support_cpp.cpp
[2.753s] -- Up-to-date: /home/abdelrhaman/microros_ws/install/diagnostic_msgs/include/diagnostic_msgs/srv/detail/microxrcedds/self_test__type_support_cpp.cpp
[2.753s] -- Up-to-date: /home/abdelrhaman/microros_ws/install/diagnostic_msgs/include/diagnostic_msgs/msg
[2.753s] -- Up-to-date: /home/abdelrhaman/microros_ws/install/diagnostic_msgs/include/diagnostic_msgs/msg/detail
[2.753s] -- Up-to-date: /home/abdelrhaman/microros_ws/install/diagnostic_msgs/include/diagnostic_msgs/msg/detail/key_value__rosidl_typesupport_microxrcedds_cpp.hpp
[2.753s] -- Up-to-date: /home/abdelrhaman/microros_ws/install/diagnostic_msgs/include/diagnostic_msgs/msg/detail/diagnostic_array__rosidl_typesupport_microxrcedds_cpp.hpp
[2.753s] -- Up-to-date: /home/abdelrhaman/microros_ws/install/diagnostic_msgs/include/diagnostic_msgs/msg/detail/microxrcedds
[2.753s] -- Up-to-date: /home/abdelrhaman/microros_ws/install/diagnostic_msgs/include/diagnostic_msgs/msg/detail/microxrcedds/diagnostic_array__type_support_cpp.cpp
[2.753s] -- Up-to-date: /home/abdelrhaman/microros_ws/install/diagnostic_msgs/include/diagnostic_msgs/msg/detail/microxrcedds/key_value__type_support_cpp.cpp
[2.753s] -- Up-to-date: /home/abdelrhaman/microros_ws/install/diagnostic_msgs/include/diagnostic_msgs/msg/detail/microxrcedds/diagnostic_status__type_support_cpp.cpp
[2.753s] -- Up-to-date: /home/abdelrhaman/microros_ws/install/diagnostic_msgs/include/diagnostic_msgs/msg/detail/diagnostic_status__rosidl_typesupport_microxrcedds_cpp.hpp
[2.753s] -- Up-to-date: /home/abdelrhaman/microros_ws/install/diagnostic_msgs/include/diagnostic_msgs/msg/rosidl_typesupport_microxrcedds_cpp__visibility_control.h
[2.753s] -- Installing: /home/abdelrhaman/microros_ws/install/diagnostic_msgs/lib/libdiagnostic_msgs__rosidl_typesupport_microxrcedds_cpp.so
[2.753s] -- Set runtime path of "/home/abdelrhaman/microros_ws/install/diagnostic_msgs/lib/libdiagnostic_msgs__rosidl_typesupport_microxrcedds_cpp.so" to ""
[2.753s] -- Up-to-date: /home/abdelrhaman/microros_ws/install/diagnostic_msgs/include/diagnostic_msgs/diagnostic_msgs
[2.753s] -- Up-to-date: /home/abdelrhaman/microros_ws/install/diagnostic_msgs/include/diagnostic_msgs/diagnostic_msgs/srv
[2.754s] -- Up-to-date: /home/abdelrhaman/microros_ws/install/diagnostic_msgs/include/diagnostic_msgs/diagnostic_msgs/srv/detail
[2.754s] -- Up-to-date: /home/abdelrhaman/microros_ws/install/diagnostic_msgs/include/diagnostic_msgs/diagnostic_msgs/srv/detail/add_diagnostics__rosidl_typesupport_fastrtps_cpp.hpp
[2.754s] -- Up-to-date: /home/abdelrhaman/microros_ws/install/diagnostic_msgs/include/diagnostic_msgs/diagnostic_msgs/srv/detail/dds_fastrtps
[2.754s] -- Up-to-date: /home/abdelrhaman/microros_ws/install/diagnostic_msgs/include/diagnostic_msgs/diagnostic_msgs/srv/detail/self_test__rosidl_typesupport_fastrtps_cpp.hpp
[2.754s] -- Up-to-date: /home/abdelrhaman/microros_ws/install/diagnostic_msgs/include/diagnostic_msgs/diagnostic_msgs/msg
[2.754s] -- Up-to-date: /home/abdelrhaman/microros_ws/install/diagnostic_msgs/include/diagnostic_msgs/diagnostic_msgs/msg/detail
[2.754s] -- Up-to-date: /home/abdelrhaman/microros_ws/install/diagnostic_msgs/include/diagnostic_msgs/diagnostic_msgs/msg/detail/key_value__rosidl_typesupport_fastrtps_cpp.hpp
[2.754s] -- Up-to-date: /home/abdelrhaman/microros_ws/install/diagnostic_msgs/include/diagnostic_msgs/diagnostic_msgs/msg/detail/dds_fastrtps
[2.754s] -- Up-to-date: /home/abdelrhaman/microros_ws/install/diagnostic_msgs/include/diagnostic_msgs/diagnostic_msgs/msg/detail/diagnostic_array__rosidl_typesupport_fastrtps_cpp.hpp
[2.754s] -- Up-to-date: /home/abdelrhaman/microros_ws/install/diagnostic_msgs/include/diagnostic_msgs/diagnostic_msgs/msg/detail/diagnostic_status__rosidl_typesupport_fastrtps_cpp.hpp
[2.754s] -- Up-to-date: /home/abdelrhaman/microros_ws/install/diagnostic_msgs/include/diagnostic_msgs/diagnostic_msgs/msg/rosidl_typesupport_fastrtps_cpp__visibility_control.h
[2.754s] -- Up-to-date: /home/abdelrhaman/microros_ws/install/diagnostic_msgs/lib/libdiagnostic_msgs__rosidl_typesupport_fastrtps_cpp.so
[2.755s] -- Up-to-date: /home/abdelrhaman/microros_ws/install/diagnostic_msgs/include/diagnostic_msgs/diagnostic_msgs
[2.755s] -- Up-to-date: /home/abdelrhaman/microros_ws/install/diagnostic_msgs/include/diagnostic_msgs/diagnostic_msgs/srv
[2.755s] -- Up-to-date: /home/abdelrhaman/microros_ws/install/diagnostic_msgs/include/diagnostic_msgs/diagnostic_msgs/srv/detail
[2.755s] -- Up-to-date: /home/abdelrhaman/microros_ws/install/diagnostic_msgs/include/diagnostic_msgs/diagnostic_msgs/srv/detail/add_diagnostics__rosidl_typesupport_introspection_cpp.hpp
[2.755s] -- Up-to-date: /home/abdelrhaman/microros_ws/install/diagnostic_msgs/include/diagnostic_msgs/diagnostic_msgs/srv/detail/self_test__rosidl_typesupport_introspection_cpp.hpp
[2.755s] -- Up-to-date: /home/abdelrhaman/microros_ws/install/diagnostic_msgs/include/diagnostic_msgs/diagnostic_msgs/srv/detail/add_diagnostics__type_support.cpp
[2.755s] -- Up-to-date: /home/abdelrhaman/microros_ws/install/diagnostic_msgs/include/diagnostic_msgs/diagnostic_msgs/srv/detail/self_test__type_support.cpp
[2.755s] -- Up-to-date: /home/abdelrhaman/microros_ws/install/diagnostic_msgs/include/diagnostic_msgs/diagnostic_msgs/msg
[2.755s] -- Up-to-date: /home/abdelrhaman/microros_ws/install/diagnostic_msgs/include/diagnostic_msgs/diagnostic_msgs/msg/detail
[2.755s] -- Up-to-date: /home/abdelrhaman/microros_ws/install/diagnostic_msgs/include/diagnostic_msgs/diagnostic_msgs/msg/detail/diagnostic_array__rosidl_typesupport_introspection_cpp.hpp
[2.755s] -- Up-to-date: /home/abdelrhaman/microros_ws/install/diagnostic_msgs/include/diagnostic_msgs/diagnostic_msgs/msg/detail/diagnostic_status__type_support.cpp
[2.755s] -- Up-to-date: /home/abdelrhaman/microros_ws/install/diagnostic_msgs/include/diagnostic_msgs/diagnostic_msgs/msg/detail/key_value__rosidl_typesupport_introspection_cpp.hpp
[2.755s] -- Up-to-date: /home/abdelrhaman/microros_ws/install/diagnostic_msgs/include/diagnostic_msgs/diagnostic_msgs/msg/detail/diagnostic_status__rosidl_typesupport_introspection_cpp.hpp
[2.755s] -- Up-to-date: /home/abdelrhaman/microros_ws/install/diagnostic_msgs/include/diagnostic_msgs/diagnostic_msgs/msg/detail/diagnostic_array__type_support.cpp
[2.756s] -- Up-to-date: /home/abdelrhaman/microros_ws/install/diagnostic_msgs/include/diagnostic_msgs/diagnostic_msgs/msg/detail/key_value__type_support.cpp
[2.756s] -- Up-to-date: /home/abdelrhaman/microros_ws/install/diagnostic_msgs/lib/libdiagnostic_msgs__rosidl_typesupport_introspection_cpp.so
[2.756s] -- Installing: /home/abdelrhaman/microros_ws/install/diagnostic_msgs/lib/libdiagnostic_msgs__rosidl_typesupport_cpp.so
[2.756s] -- Set runtime path of "/home/abdelrhaman/microros_ws/install/diagnostic_msgs/lib/libdiagnostic_msgs__rosidl_typesupport_cpp.so" to ""
[2.756s] -- Up-to-date: /home/abdelrhaman/microros_ws/install/diagnostic_msgs/share/diagnostic_msgs/environment/pythonpath.sh
[2.756s] -- Installing: /home/abdelrhaman/microros_ws/install/diagnostic_msgs/share/diagnostic_msgs/environment/pythonpath.dsv
[2.756s] -- Up-to-date: /home/abdelrhaman/microros_ws/install/diagnostic_msgs/local/lib/python3.10/dist-packages/diagnostic_msgs-4.2.4-py3.10.egg-info
[2.756s] -- Installing: /home/abdelrhaman/microros_ws/install/diagnostic_msgs/local/lib/python3.10/dist-packages/diagnostic_msgs-4.2.4-py3.10.egg-info/PKG-INFO
[2.756s] -- Installing: /home/abdelrhaman/microros_ws/install/diagnostic_msgs/local/lib/python3.10/dist-packages/diagnostic_msgs-4.2.4-py3.10.egg-info/SOURCES.txt
[2.756s] -- Installing: /home/abdelrhaman/microros_ws/install/diagnostic_msgs/local/lib/python3.10/dist-packages/diagnostic_msgs-4.2.4-py3.10.egg-info/top_level.txt
[2.756s] -- Installing: /home/abdelrhaman/microros_ws/install/diagnostic_msgs/local/lib/python3.10/dist-packages/diagnostic_msgs-4.2.4-py3.10.egg-info/dependency_links.txt
[2.756s] -- Up-to-date: /home/abdelrhaman/microros_ws/install/diagnostic_msgs/local/lib/python3.10/dist-packages/diagnostic_msgs
[2.756s] -- Installing: /home/abdelrhaman/microros_ws/install/diagnostic_msgs/local/lib/python3.10/dist-packages/diagnostic_msgs/diagnostic_msgs_s__rosidl_typesupport_introspection_c.cpython-310-x86_64-linux-gnu.so
[2.756s] -- Up-to-date: /home/abdelrhaman/microros_ws/install/diagnostic_msgs/local/lib/python3.10/dist-packages/diagnostic_msgs/_diagnostic_msgs_s.ep.rosidl_typesupport_c.c
[2.757s] -- Installing: /home/abdelrhaman/microros_ws/install/diagnostic_msgs/local/lib/python3.10/dist-packages/diagnostic_msgs/diagnostic_msgs_s__rosidl_typesupport_microxrcedds_c.cpython-310-x86_64-linux-gnu.so
[2.757s] -- Up-to-date: /home/abdelrhaman/microros_ws/install/diagnostic_msgs/local/lib/python3.10/dist-packages/diagnostic_msgs/_diagnostic_msgs_s.ep.rosidl_typesupport_introspection_c.c
[2.757s] -- Up-to-date: /home/abdelrhaman/microros_ws/install/diagnostic_msgs/local/lib/python3.10/dist-packages/diagnostic_msgs/_diagnostic_msgs_s.ep.rosidl_typesupport_microxrcedds_c.c
[2.757s] -- Up-to-date: /home/abdelrhaman/microros_ws/install/diagnostic_msgs/local/lib/python3.10/dist-packages/diagnostic_msgs/srv
[2.757s] -- Up-to-date: /home/abdelrhaman/microros_ws/install/diagnostic_msgs/local/lib/python3.10/dist-packages/diagnostic_msgs/srv/_add_diagnostics_s.c
[2.757s] -- Up-to-date: /home/abdelrhaman/microros_ws/install/diagnostic_msgs/local/lib/python3.10/dist-packages/diagnostic_msgs/srv/_add_diagnostics.py
[2.757s] -- Up-to-date: /home/abdelrhaman/microros_ws/install/diagnostic_msgs/local/lib/python3.10/dist-packages/diagnostic_msgs/srv/__init__.py
[2.757s] -- Up-to-date: /home/abdelrhaman/microros_ws/install/diagnostic_msgs/local/lib/python3.10/dist-packages/diagnostic_msgs/srv/_self_test_s.c
[2.757s] -- Up-to-date: /home/abdelrhaman/microros_ws/install/diagnostic_msgs/local/lib/python3.10/dist-packages/diagnostic_msgs/srv/_self_test.py
[2.757s] -- Installing: /home/abdelrhaman/microros_ws/install/diagnostic_msgs/local/lib/python3.10/dist-packages/diagnostic_msgs/diagnostic_msgs_s__rosidl_typesupport_c.cpython-310-x86_64-linux-gnu.so
[2.757s] -- Up-to-date: /home/abdelrhaman/microros_ws/install/diagnostic_msgs/local/lib/python3.10/dist-packages/diagnostic_msgs/_diagnostic_msgs_s.ep.rosidl_typesupport_fastrtps_c.c
[2.757s] -- Installing: /home/abdelrhaman/microros_ws/install/diagnostic_msgs/local/lib/python3.10/dist-packages/diagnostic_msgs/diagnostic_msgs_s__rosidl_typesupport_fastrtps_c.cpython-310-x86_64-linux-gnu.so
[2.757s] -- Installing: /home/abdelrhaman/microros_ws/install/diagnostic_msgs/local/lib/python3.10/dist-packages/diagnostic_msgs/__init__.py
[2.758s] -- Up-to-date: /home/abdelrhaman/microros_ws/install/diagnostic_msgs/local/lib/python3.10/dist-packages/diagnostic_msgs/msg
[2.758s] -- Up-to-date: /home/abdelrhaman/microros_ws/install/diagnostic_msgs/local/lib/python3.10/dist-packages/diagnostic_msgs/msg/_key_value.py
[2.758s] -- Up-to-date: /home/abdelrhaman/microros_ws/install/diagnostic_msgs/local/lib/python3.10/dist-packages/diagnostic_msgs/msg/_key_value_s.c
[2.758s] -- Up-to-date: /home/abdelrhaman/microros_ws/install/diagnostic_msgs/local/lib/python3.10/dist-packages/diagnostic_msgs/msg/_diagnostic_array_s.c
[2.758s] -- Up-to-date: /home/abdelrhaman/microros_ws/install/diagnostic_msgs/local/lib/python3.10/dist-packages/diagnostic_msgs/msg/_diagnostic_status_s.c
[2.758s] -- Up-to-date: /home/abdelrhaman/microros_ws/install/diagnostic_msgs/local/lib/python3.10/dist-packages/diagnostic_msgs/msg/__init__.py
[2.758s] -- Up-to-date: /home/abdelrhaman/microros_ws/install/diagnostic_msgs/local/lib/python3.10/dist-packages/diagnostic_msgs/msg/_diagnostic_array.py
[2.758s] -- Up-to-date: /home/abdelrhaman/microros_ws/install/diagnostic_msgs/local/lib/python3.10/dist-packages/diagnostic_msgs/msg/_diagnostic_status.py
[2.758s] -- Installing: /home/abdelrhaman/microros_ws/install/diagnostic_msgs/local/lib/python3.10/dist-packages/diagnostic_msgs/libdiagnostic_msgs__rosidl_generator_py.so
[2.784s] Listing '/home/abdelrhaman/microros_ws/install/diagnostic_msgs/local/lib/python3.10/dist-packages/diagnostic_msgs'...
[2.784s] Compiling '/home/abdelrhaman/microros_ws/install/diagnostic_msgs/local/lib/python3.10/dist-packages/diagnostic_msgs/__init__.py'...
[2.784s] Listing '/home/abdelrhaman/microros_ws/install/diagnostic_msgs/local/lib/python3.10/dist-packages/diagnostic_msgs/msg'...
[2.784s] Listing '/home/abdelrhaman/microros_ws/install/diagnostic_msgs/local/lib/python3.10/dist-packages/diagnostic_msgs/srv'...
[2.787s] -- Installing: /home/abdelrhaman/microros_ws/install/diagnostic_msgs/local/lib/python3.10/dist-packages/diagnostic_msgs/diagnostic_msgs_s__rosidl_typesupport_microxrcedds_c.cpython-310-x86_64-linux-gnu.so
[2.787s] -- Set runtime path of "/home/abdelrhaman/microros_ws/install/diagnostic_msgs/local/lib/python3.10/dist-packages/diagnostic_msgs/diagnostic_msgs_s__rosidl_typesupport_microxrcedds_c.cpython-310-x86_64-linux-gnu.so" to ""
[2.787s] -- Installing: /home/abdelrhaman/microros_ws/install/diagnostic_msgs/local/lib/python3.10/dist-packages/diagnostic_msgs/diagnostic_msgs_s__rosidl_typesupport_fastrtps_c.cpython-310-x86_64-linux-gnu.so
[2.787s] -- Set runtime path of "/home/abdelrhaman/microros_ws/install/diagnostic_msgs/local/lib/python3.10/dist-packages/diagnostic_msgs/diagnostic_msgs_s__rosidl_typesupport_fastrtps_c.cpython-310-x86_64-linux-gnu.so" to ""
[2.787s] -- Installing: /home/abdelrhaman/microros_ws/install/diagnostic_msgs/local/lib/python3.10/dist-packages/diagnostic_msgs/diagnostic_msgs_s__rosidl_typesupport_introspection_c.cpython-310-x86_64-linux-gnu.so
[2.787s] -- Set runtime path of "/home/abdelrhaman/microros_ws/install/diagnostic_msgs/local/lib/python3.10/dist-packages/diagnostic_msgs/diagnostic_msgs_s__rosidl_typesupport_introspection_c.cpython-310-x86_64-linux-gnu.so" to ""
[2.788s] -- Installing: /home/abdelrhaman/microros_ws/install/diagnostic_msgs/local/lib/python3.10/dist-packages/diagnostic_msgs/diagnostic_msgs_s__rosidl_typesupport_c.cpython-310-x86_64-linux-gnu.so
[2.788s] -- Set runtime path of "/home/abdelrhaman/microros_ws/install/diagnostic_msgs/local/lib/python3.10/dist-packages/diagnostic_msgs/diagnostic_msgs_s__rosidl_typesupport_c.cpython-310-x86_64-linux-gnu.so" to ""
[2.788s] -- Installing: /home/abdelrhaman/microros_ws/install/diagnostic_msgs/lib/libdiagnostic_msgs__rosidl_generator_py.so
[2.788s] -- Set runtime path of "/home/abdelrhaman/microros_ws/install/diagnostic_msgs/lib/libdiagnostic_msgs__rosidl_generator_py.so" to ""
[2.788s] -- Up-to-date: /home/abdelrhaman/microros_ws/install/diagnostic_msgs/share/diagnostic_msgs/msg/DiagnosticArray.idl
[2.788s] -- Up-to-date: /home/abdelrhaman/microros_ws/install/diagnostic_msgs/share/diagnostic_msgs/msg/DiagnosticStatus.idl
[2.788s] -- Up-to-date: /home/abdelrhaman/microros_ws/install/diagnostic_msgs/share/diagnostic_msgs/msg/KeyValue.idl
[2.789s] -- Up-to-date: /home/abdelrhaman/microros_ws/install/diagnostic_msgs/share/diagnostic_msgs/srv/AddDiagnostics.idl
[2.789s] -- Up-to-date: /home/abdelrhaman/microros_ws/install/diagnostic_msgs/share/diagnostic_msgs/srv/SelfTest.idl
[2.789s] -- Up-to-date: /home/abdelrhaman/microros_ws/install/diagnostic_msgs/share/diagnostic_msgs/msg/DiagnosticArray.msg
[2.789s] -- Up-to-date: /home/abdelrhaman/microros_ws/install/diagnostic_msgs/share/diagnostic_msgs/msg/DiagnosticStatus.msg
[2.789s] -- Up-to-date: /home/abdelrhaman/microros_ws/install/diagnostic_msgs/share/diagnostic_msgs/msg/KeyValue.msg
[2.789s] -- Up-to-date: /home/abdelrhaman/microros_ws/install/diagnostic_msgs/share/diagnostic_msgs/srv/AddDiagnostics.srv
[2.789s] -- Up-to-date: /home/abdelrhaman/microros_ws/install/diagnostic_msgs/share/diagnostic_msgs/srv/AddDiagnostics_Request.msg
[2.789s] -- Up-to-date: /home/abdelrhaman/microros_ws/install/diagnostic_msgs/share/diagnostic_msgs/srv/AddDiagnostics_Response.msg
[2.789s] -- Up-to-date: /home/abdelrhaman/microros_ws/install/diagnostic_msgs/share/diagnostic_msgs/srv/SelfTest.srv
[2.789s] -- Up-to-date: /home/abdelrhaman/microros_ws/install/diagnostic_msgs/share/diagnostic_msgs/srv/SelfTest_Request.msg
[2.789s] -- Up-to-date: /home/abdelrhaman/microros_ws/install/diagnostic_msgs/share/diagnostic_msgs/srv/SelfTest_Response.msg
[2.789s] -- Up-to-date: /home/abdelrhaman/microros_ws/install/diagnostic_msgs/share/ament_index/resource_index/package_run_dependencies/diagnostic_msgs
[2.789s] -- Installing: /home/abdelrhaman/microros_ws/install/diagnostic_msgs/share/ament_index/resource_index/parent_prefix_path/diagnostic_msgs
[2.789s] -- Up-to-date: /home/abdelrhaman/microros_ws/install/diagnostic_msgs/share/diagnostic_msgs/environment/ament_prefix_path.sh
[2.789s] -- Installing: /home/abdelrhaman/microros_ws/install/diagnostic_msgs/share/diagnostic_msgs/environment/ament_prefix_path.dsv
[2.789s] -- Up-to-date: /home/abdelrhaman/microros_ws/install/diagnostic_msgs/share/diagnostic_msgs/environment/path.sh
[2.789s] -- Installing: /home/abdelrhaman/microros_ws/install/diagnostic_msgs/share/diagnostic_msgs/environment/path.dsv
[2.789s] -- Up-to-date: /home/abdelrhaman/microros_ws/install/diagnostic_msgs/share/diagnostic_msgs/local_setup.bash
[2.789s] -- Up-to-date: /home/abdelrhaman/microros_ws/install/diagnostic_msgs/share/diagnostic_msgs/local_setup.sh
[2.789s] -- Up-to-date: /home/abdelrhaman/microros_ws/install/diagnostic_msgs/share/diagnostic_msgs/local_setup.zsh
[2.789s] -- Installing: /home/abdelrhaman/microros_ws/install/diagnostic_msgs/share/diagnostic_msgs/local_setup.dsv
[2.789s] -- Installing: /home/abdelrhaman/microros_ws/install/diagnostic_msgs/share/diagnostic_msgs/package.dsv
[2.789s] -- Up-to-date: /home/abdelrhaman/microros_ws/install/diagnostic_msgs/share/ament_index/resource_index/packages/diagnostic_msgs
[2.789s] -- Up-to-date: /home/abdelrhaman/microros_ws/install/diagnostic_msgs/share/diagnostic_msgs/cmake/export_diagnostic_msgs__rosidl_generator_cExport.cmake
[2.789s] -- Up-to-date: /home/abdelrhaman/microros_ws/install/diagnostic_msgs/share/diagnostic_msgs/cmake/export_diagnostic_msgs__rosidl_generator_cExport-noconfig.cmake
[2.789s] -- Up-to-date: /home/abdelrhaman/microros_ws/install/diagnostic_msgs/share/diagnostic_msgs/cmake/export_diagnostic_msgs__rosidl_typesupport_fastrtps_cExport.cmake
[2.789s] -- Up-to-date: /home/abdelrhaman/microros_ws/install/diagnostic_msgs/share/diagnostic_msgs/cmake/export_diagnostic_msgs__rosidl_typesupport_fastrtps_cExport-noconfig.cmake
[2.789s] -- Up-to-date: /home/abdelrhaman/microros_ws/install/diagnostic_msgs/share/diagnostic_msgs/cmake/diagnostic_msgs__rosidl_typesupport_introspection_cExport.cmake
[2.789s] -- Up-to-date: /home/abdelrhaman/microros_ws/install/diagnostic_msgs/share/diagnostic_msgs/cmake/diagnostic_msgs__rosidl_typesupport_introspection_cExport-noconfig.cmake
[2.789s] -- Up-to-date: /home/abdelrhaman/microros_ws/install/diagnostic_msgs/share/diagnostic_msgs/cmake/diagnostic_msgs__rosidl_typesupport_cExport.cmake
[2.790s] -- Up-to-date: /home/abdelrhaman/microros_ws/install/diagnostic_msgs/share/diagnostic_msgs/cmake/diagnostic_msgs__rosidl_typesupport_cExport-noconfig.cmake
[2.790s] -- Up-to-date: /home/abdelrhaman/microros_ws/install/diagnostic_msgs/share/diagnostic_msgs/cmake/export_diagnostic_msgs__rosidl_generator_cppExport.cmake
[2.790s] -- Up-to-date: /home/abdelrhaman/microros_ws/install/diagnostic_msgs/share/diagnostic_msgs/cmake/export_diagnostic_msgs__rosidl_typesupport_fastrtps_cppExport.cmake
[2.790s] -- Up-to-date: /home/abdelrhaman/microros_ws/install/diagnostic_msgs/share/diagnostic_msgs/cmake/export_diagnostic_msgs__rosidl_typesupport_fastrtps_cppExport-noconfig.cmake
[2.790s] -- Up-to-date: /home/abdelrhaman/microros_ws/install/diagnostic_msgs/share/diagnostic_msgs/cmake/diagnostic_msgs__rosidl_typesupport_introspection_cppExport.cmake
[2.790s] -- Up-to-date: /home/abdelrhaman/microros_ws/install/diagnostic_msgs/share/diagnostic_msgs/cmake/diagnostic_msgs__rosidl_typesupport_introspection_cppExport-noconfig.cmake
[2.790s] -- Up-to-date: /home/abdelrhaman/microros_ws/install/diagnostic_msgs/share/diagnostic_msgs/cmake/diagnostic_msgs__rosidl_typesupport_cppExport.cmake
[2.790s] -- Up-to-date: /home/abdelrhaman/microros_ws/install/diagnostic_msgs/share/diagnostic_msgs/cmake/diagnostic_msgs__rosidl_typesupport_cppExport-noconfig.cmake
[2.790s] -- Up-to-date: /home/abdelrhaman/microros_ws/install/diagnostic_msgs/share/diagnostic_msgs/cmake/export_diagnostic_msgs__rosidl_generator_pyExport.cmake
[2.790s] -- Up-to-date: /home/abdelrhaman/microros_ws/install/diagnostic_msgs/share/diagnostic_msgs/cmake/export_diagnostic_msgs__rosidl_generator_pyExport-noconfig.cmake
[2.790s] -- Up-to-date: /home/abdelrhaman/microros_ws/install/diagnostic_msgs/share/diagnostic_msgs/cmake/rosidl_cmake-extras.cmake
[2.790s] -- Up-to-date: /home/abdelrhaman/microros_ws/install/diagnostic_msgs/share/diagnostic_msgs/cmake/ament_cmake_export_dependencies-extras.cmake
[2.790s] -- Installing: /home/abdelrhaman/microros_ws/install/diagnostic_msgs/share/diagnostic_msgs/cmake/ament_cmake_export_include_directories-extras.cmake
[2.790s] -- Up-to-date: /home/abdelrhaman/microros_ws/install/diagnostic_msgs/share/diagnostic_msgs/cmake/ament_cmake_export_libraries-extras.cmake
[2.790s] -- Up-to-date: /home/abdelrhaman/microros_ws/install/diagnostic_msgs/share/diagnostic_msgs/cmake/ament_cmake_export_targets-extras.cmake
[2.790s] -- Up-to-date: /home/abdelrhaman/microros_ws/install/diagnostic_msgs/share/diagnostic_msgs/cmake/rosidl_cmake_export_typesupport_targets-extras.cmake
[2.790s] -- Installing: /home/abdelrhaman/microros_ws/install/diagnostic_msgs/share/diagnostic_msgs/cmake/rosidl_cmake_export_typesupport_libraries-extras.cmake
[2.790s] -- Up-to-date: /home/abdelrhaman/microros_ws/install/diagnostic_msgs/share/diagnostic_msgs/cmake/diagnostic_msgsConfig.cmake
[2.790s] -- Up-to-date: /home/abdelrhaman/microros_ws/install/diagnostic_msgs/share/diagnostic_msgs/cmake/diagnostic_msgsConfig-version.cmake
[2.790s] -- Up-to-date: /home/abdelrhaman/microros_ws/install/diagnostic_msgs/share/diagnostic_msgs/package.xml
[2.792s] Invoked command in '/home/abdelrhaman/microros_ws/build/diagnostic_msgs' returned '0': CMAKE_PREFIX_PATH=/home/abdelrhaman/microros_ws/install/geometry_msgs:/home/abdelrhaman/microros_ws/install/std_msgs:/home/abdelrhaman/microros_ws/install/builtin_interfaces:/home/abdelrhaman/microros_ws/install/micro_ros_demos_rclc:/home/abdelrhaman/microros_ws/install/common_interfaces:/home/abdelrhaman/microros_ws/install/visualization_msgs:/home/abdelrhaman/microros_ws/install/test_msgs:/home/abdelrhaman/microros_ws/install/example_interfaces:/home/abdelrhaman/microros_ws/install/action_msgs:/home/abdelrhaman/microros_ws/install/unique_identifier_msgs:/home/abdelrhaman/microros_ws/install/trajectory_msgs:/home/abdelrhaman/microros_ws/install/stereo_msgs:/home/abdelrhaman/microros_ws/install/std_srvs:/home/abdelrhaman/microros_ws/install/shape_msgs:/home/abdelrhaman/microros_ws/install/sensor_msgs:/home/abdelrhaman/microros_ws/install/nav_msgs:/home/abdelrhaman/microros_ws/install/diagnostic_msgs:/home/abdelrhaman/microros_ws/install/actionlib_msgs:/home/abdelrhaman/microros_ws/install/statistics_msgs:/home/abdelrhaman/microros_ws/install/rosidl_typesupport_microxrcedds_test_msg:/home/abdelrhaman/microros_ws/install/rosidl_typesupport_microxrcedds_cpp_tests:/home/abdelrhaman/microros_ws/install/rmw_microxrcedds:/home/abdelrhaman/microros_ws/install/rosidl_typesupport_microxrcedds_cpp:/home/abdelrhaman/microros_ws/install/rosidl_typesupport_microxrcedds_c_tests:/home/abdelrhaman/microros_ws/install/rosidl_typesupport_microxrcedds_c:/home/abdelrhaman/microros_ws/install/rosgraph_msgs:/home/abdelrhaman/microros_ws/install/rclc_parameter:/home/abdelrhaman/microros_ws/install/rclc:/home/abdelrhaman/microros_ws/install/composition_interfaces:/home/abdelrhaman/microros_ws/install/rcl_interfaces:/home/abdelrhaman/microros_ws/install/microxrcedds_client:/home/abdelrhaman/microros_ws/install/microcdr:/home/abdelrhaman/microros_ws/install/micro_ros_utilities:/home/abdelrhaman/microros_ws/install/micro_ros_setup:/home/abdelrhaman/microros_ws/install/micro_ros_agent:/home/abdelrhaman/microros_ws/install/micro_ros_msgs:/home/abdelrhaman/microros_ws/install/lifecycle_msgs:/home/abdelrhaman/microros_ws/install/complex_msgs:/home/abdelrhaman/microros_ws/install/sensor_msgs_py:/home/abdelrhaman/ros/install/my_robot_controller:/opt/ros/humble LD_LIBRARY_PATH=/home/abdelrhaman/microros_ws/install/geometry_msgs/lib:/home/abdelrhaman/microros_ws/install/std_msgs/lib:/home/abdelrhaman/microros_ws/install/builtin_interfaces/lib:/home/abdelrhaman/microros_ws/install/visualization_msgs/lib:/home/abdelrhaman/microros_ws/install/test_msgs/lib:/home/abdelrhaman/microros_ws/install/example_interfaces/lib:/home/abdelrhaman/microros_ws/install/action_msgs/lib:/home/abdelrhaman/microros_ws/install/unique_identifier_msgs/lib:/home/abdelrhaman/microros_ws/install/trajectory_msgs/lib:/home/abdelrhaman/microros_ws/install/stereo_msgs/lib:/home/abdelrhaman/microros_ws/install/std_srvs/lib:/home/abdelrhaman/microros_ws/install/shape_msgs/lib:/home/abdelrhaman/microros_ws/install/sensor_msgs/lib:/home/abdelrhaman/microros_ws/install/nav_msgs/lib:/home/abdelrhaman/microros_ws/install/diagnostic_msgs/lib:/home/abdelrhaman/microros_ws/install/actionlib_msgs/lib:/home/abdelrhaman/microros_ws/install/statistics_msgs/lib:/home/abdelrhaman/microros_ws/install/rmw_microxrcedds/lib:/home/abdelrhaman/microros_ws/install/rosidl_typesupport_microxrcedds_cpp/lib:/home/abdelrhaman/microros_ws/install/rosidl_typesupport_microxrcedds_c/lib:/home/abdelrhaman/microros_ws/install/rosgraph_msgs/lib:/home/abdelrhaman/microros_ws/install/rclc_parameter/lib:/home/abdelrhaman/microros_ws/install/rclc/lib:/home/abdelrhaman/microros_ws/install/composition_interfaces/lib:/home/abdelrhaman/microros_ws/install/rcl_interfaces/lib:/home/abdelrhaman/microros_ws/install/microxrcedds_client/lib:/home/abdelrhaman/microros_ws/install/microcdr/lib:/home/abdelrhaman/microros_ws/install/micro_ros_utilities/lib:/home/abdelrhaman/microros_ws/install/micro_ros_agent/lib:/home/abdelrhaman/microros_ws/install/micro_ros_msgs/lib:/home/abdelrhaman/microros_ws/install/lifecycle_msgs/lib:/home/abdelrhaman/microros_ws/install/complex_msgs/lib:/opt/ros/humble/opt/rviz_ogre_vendor/lib:/opt/ros/humble/lib/x86_64-linux-gnu:/opt/ros/humble/lib /usr/bin/cmake --install /home/abdelrhaman/microros_ws/build/diagnostic_msgs
