[0.023s] Invoking command in '/home/abdelrhaman/microros_ws/build/rcl_interfaces': AMENT_PREFIX_PATH=/home/abdelrhaman/microros_ws/install/builtin_interfaces:${AMENT_PREFIX_PATH} CMAKE_PREFIX_PATH=/home/abdelrhaman/microros_ws/install/builtin_interfaces:/home/abdelrhaman/ros/install/my_robot_controller:/opt/ros/humble LD_LIBRARY_PATH=/home/abdelrhaman/microros_ws/install/builtin_interfaces/lib:${LD_LIBRARY_PATH} PYTHONPATH=/home/abdelrhaman/microros_ws/install/builtin_interfaces/local/lib/python3.10/dist-packages:${PYTHONPATH} /usr/bin/cmake /home/abdelrhaman/microros_ws/src/ros2/rcl_interfaces/rcl_interfaces -DCMAKE_INSTALL_PREFIX=/home/abdelrhaman/microros_ws/install/rcl_interfaces
[0.033s] -- Found ament_cmake: 1.3.10 (/opt/ros/humble/share/ament_cmake/cmake)
[0.127s] -- Found rosidl_default_generators: 1.2.0 (/opt/ros/humble/share/rosidl_default_generators/cmake)
[0.130s] -- Using all available rosidl_typesupport_c: rosidl_typesupport_fastrtps_c;rosidl_typesupport_introspection_c
[0.133s] -- Found rosidl_adapter: 3.1.5 (/opt/ros/humble/share/rosidl_adapter/cmake)
[0.166s] -- Using all available rosidl_typesupport_cpp: rosidl_typesupport_fastrtps_cpp;rosidl_typesupport_introspection_cpp
[0.194s] -- Found builtin_interfaces: 1.2.1 (/home/abdelrhaman/microros_ws/install/builtin_interfaces/share/builtin_interfaces/cmake)
[0.480s] -- Found ament_cmake_ros: 0.10.0 (/opt/ros/humble/share/ament_cmake_ros/cmake)
[0.667s] -- Using all available rosidl_typesupport_c: rosidl_typesupport_fastrtps_c;rosidl_typesupport_introspection_c
[0.881s] -- Using all available rosidl_typesupport_cpp: rosidl_typesupport_fastrtps_cpp;rosidl_typesupport_introspection_cpp
[0.897s] -- Found python_cmake_module: 0.10.0 (/opt/ros/humble/share/python_cmake_module/cmake)
[0.920s] -- Using PYTHON_EXECUTABLE: /usr/bin/python3
[0.921s] -- Using PYTHON_INCLUDE_DIRS: /usr/include/python3.10
[0.921s] -- Using PYTHON_LIBRARIES: /usr/lib/x86_64-linux-gnu/libpython3.10.so
[0.952s] -- Configuring done
[1.048s] -- Generating done
[1.051s] -- Build files have been written to: /home/abdelrhaman/microros_ws/build/rcl_interfaces
[1.060s] Invoked command in '/home/abdelrhaman/microros_ws/build/rcl_interfaces' returned '0': AMENT_PREFIX_PATH=/home/abdelrhaman/microros_ws/install/builtin_interfaces:${AMENT_PREFIX_PATH} CMAKE_PREFIX_PATH=/home/abdelrhaman/microros_ws/install/builtin_interfaces:/home/abdelrhaman/ros/install/my_robot_controller:/opt/ros/humble LD_LIBRARY_PATH=/home/abdelrhaman/microros_ws/install/builtin_interfaces/lib:${LD_LIBRARY_PATH} PYTHONPATH=/home/abdelrhaman/microros_ws/install/builtin_interfaces/local/lib/python3.10/dist-packages:${PYTHONPATH} /usr/bin/cmake /home/abdelrhaman/microros_ws/src/ros2/rcl_interfaces/rcl_interfaces -DCMAKE_INSTALL_PREFIX=/home/abdelrhaman/microros_ws/install/rcl_interfaces
[1.062s] Invoking command in '/home/abdelrhaman/microros_ws/build/rcl_interfaces': AMENT_PREFIX_PATH=/home/abdelrhaman/microros_ws/install/builtin_interfaces:${AMENT_PREFIX_PATH} CMAKE_PREFIX_PATH=/home/abdelrhaman/microros_ws/install/builtin_interfaces:/home/abdelrhaman/ros/install/my_robot_controller:/opt/ros/humble LD_LIBRARY_PATH=/home/abdelrhaman/microros_ws/install/builtin_interfaces/lib:${LD_LIBRARY_PATH} PYTHONPATH=/home/abdelrhaman/microros_ws/install/builtin_interfaces/local/lib/python3.10/dist-packages:${PYTHONPATH} /usr/bin/cmake --build /home/abdelrhaman/microros_ws/build/rcl_interfaces -- -j20 -l20
[1.100s] [35m[1mConsolidate compiler generated dependencies of target rcl_interfaces__rosidl_generator_c[0m
[1.104s] [  0%] Built target rcl_interfaces__cpp
[1.118s] [  1%] [34m[1mGenerating C++ type support dispatch for ROS interfaces[0m
[1.118s] [ 13%] Built target rcl_interfaces__rosidl_generator_c
[1.126s] [35m[1mConsolidate compiler generated dependencies of target rcl_interfaces__rosidl_typesupport_introspection_cpp[0m
[1.127s] [ 13%] Built target ament_cmake_python_copy_rcl_interfaces
[1.127s] [35m[1mConsolidate compiler generated dependencies of target rcl_interfaces__rosidl_typesupport_fastrtps_cpp[0m
[1.127s] [ 14%] [34m[1mGenerating C type support dispatch for ROS interfaces[0m
[1.130s] [35m[1mConsolidate compiler generated dependencies of target rcl_interfaces__rosidl_typesupport_introspection_c[0m
[1.143s] [35m[1mConsolidate compiler generated dependencies of target rcl_interfaces__rosidl_typesupport_fastrtps_c[0m
[1.151s] [ 26%] Built target rcl_interfaces__rosidl_typesupport_introspection_c
[1.151s] [ 39%] Built target rcl_interfaces__rosidl_typesupport_fastrtps_cpp
[1.151s] [ 50%] Built target rcl_interfaces__rosidl_typesupport_introspection_cpp
[1.165s] [ 62%] Built target rcl_interfaces__rosidl_typesupport_fastrtps_c
[1.884s] running egg_info
[1.968s] writing rcl_interfaces.egg-info/PKG-INFO
[2.029s] writing dependency_links to rcl_interfaces.egg-info/dependency_links.txt
[2.311s] [35m[1mConsolidate compiler generated dependencies of target rcl_interfaces__rosidl_typesupport_cpp[0m
[2.328s] [ 62%] [32mBuilding CXX object CMakeFiles/rcl_interfaces__rosidl_typesupport_cpp.dir/rosidl_typesupport_cpp/rcl_interfaces/msg/floating_point_range__type_support.cpp.o[0m
[2.329s] [ 63%] [32mBuilding CXX object CMakeFiles/rcl_interfaces__rosidl_typesupport_cpp.dir/rosidl_typesupport_cpp/rcl_interfaces/msg/integer_range__type_support.cpp.o[0m
[2.329s] [ 65%] [32mBuilding CXX object CMakeFiles/rcl_interfaces__rosidl_typesupport_cpp.dir/rosidl_typesupport_cpp/rcl_interfaces/msg/parameter_event_descriptors__type_support.cpp.o[0m
[2.329s] [ 64%] [32mBuilding CXX object CMakeFiles/rcl_interfaces__rosidl_typesupport_cpp.dir/rosidl_typesupport_cpp/rcl_interfaces/msg/parameter_descriptor__type_support.cpp.o[0m
[2.329s] [ 66%] [32mBuilding CXX object CMakeFiles/rcl_interfaces__rosidl_typesupport_cpp.dir/rosidl_typesupport_cpp/rcl_interfaces/msg/list_parameters_result__type_support.cpp.o[0m
[2.329s] [ 66%] [32mBuilding CXX object CMakeFiles/rcl_interfaces__rosidl_typesupport_cpp.dir/rosidl_typesupport_cpp/rcl_interfaces/msg/log__type_support.cpp.o[0m
[2.329s] [ 67%] [32mBuilding CXX object CMakeFiles/rcl_interfaces__rosidl_typesupport_cpp.dir/rosidl_typesupport_cpp/rcl_interfaces/msg/parameter__type_support.cpp.o[0m
[2.329s] [ 68%] [32mBuilding CXX object CMakeFiles/rcl_interfaces__rosidl_typesupport_cpp.dir/rosidl_typesupport_cpp/rcl_interfaces/msg/set_parameters_result__type_support.cpp.o[0m
[2.329s] [ 68%] [32mBuilding CXX object CMakeFiles/rcl_interfaces__rosidl_typesupport_cpp.dir/rosidl_typesupport_cpp/rcl_interfaces/msg/parameter_value__type_support.cpp.o[0m
[2.329s] [ 68%] [32mBuilding CXX object CMakeFiles/rcl_interfaces__rosidl_typesupport_cpp.dir/rosidl_typesupport_cpp/rcl_interfaces/msg/parameter_event__type_support.cpp.o[0m
[2.336s] [ 69%] [32mBuilding CXX object CMakeFiles/rcl_interfaces__rosidl_typesupport_cpp.dir/rosidl_typesupport_cpp/rcl_interfaces/msg/parameter_type__type_support.cpp.o[0m
[2.336s] [ 69%] [32mBuilding CXX object CMakeFiles/rcl_interfaces__rosidl_typesupport_cpp.dir/rosidl_typesupport_cpp/rcl_interfaces/srv/describe_parameters__type_support.cpp.o[0m
[2.337s] [ 71%] [32mBuilding CXX object CMakeFiles/rcl_interfaces__rosidl_typesupport_cpp.dir/rosidl_typesupport_cpp/rcl_interfaces/srv/get_parameters__type_support.cpp.o[0m
[2.337s] [ 71%] [32mBuilding CXX object CMakeFiles/rcl_interfaces__rosidl_typesupport_cpp.dir/rosidl_typesupport_cpp/rcl_interfaces/srv/get_parameter_types__type_support.cpp.o[0m
[2.337s] [ 71%] [32mBuilding CXX object CMakeFiles/rcl_interfaces__rosidl_typesupport_cpp.dir/rosidl_typesupport_cpp/rcl_interfaces/srv/list_parameters__type_support.cpp.o[0m
[2.345s] [ 72%] [32mBuilding CXX object CMakeFiles/rcl_interfaces__rosidl_typesupport_cpp.dir/rosidl_typesupport_cpp/rcl_interfaces/srv/set_parameters_atomically__type_support.cpp.o[0m
[2.358s] [ 73%] [32mBuilding CXX object CMakeFiles/rcl_interfaces__rosidl_typesupport_cpp.dir/rosidl_typesupport_cpp/rcl_interfaces/srv/set_parameters__type_support.cpp.o[0m
[2.360s] writing top-level names to rcl_interfaces.egg-info/top_level.txt
[2.493s] reading manifest file 'rcl_interfaces.egg-info/SOURCES.txt'
[2.494s] writing manifest file 'rcl_interfaces.egg-info/SOURCES.txt'
[2.562s] [35m[1mConsolidate compiler generated dependencies of target rcl_interfaces__rosidl_typesupport_c[0m
[2.594s] [ 74%] [32mBuilding CXX object CMakeFiles/rcl_interfaces__rosidl_typesupport_c.dir/rosidl_typesupport_c/rcl_interfaces/msg/integer_range__type_support.cpp.o[0m
[2.595s] [ 74%] [32mBuilding CXX object CMakeFiles/rcl_interfaces__rosidl_typesupport_c.dir/rosidl_typesupport_c/rcl_interfaces/msg/floating_point_range__type_support.cpp.o[0m
[2.652s] [ 75%] [32mBuilding CXX object CMakeFiles/rcl_interfaces__rosidl_typesupport_c.dir/rosidl_typesupport_c/rcl_interfaces/msg/list_parameters_result__type_support.cpp.o[0m
[2.655s] [ 75%] [32mBuilding CXX object CMakeFiles/rcl_interfaces__rosidl_typesupport_c.dir/rosidl_typesupport_c/rcl_interfaces/msg/log__type_support.cpp.o[0m
[2.666s] [ 76%] [32mBuilding CXX object CMakeFiles/rcl_interfaces__rosidl_typesupport_c.dir/rosidl_typesupport_c/rcl_interfaces/msg/parameter_descriptor__type_support.cpp.o[0m
[2.677s] [ 77%] [32mBuilding CXX object CMakeFiles/rcl_interfaces__rosidl_typesupport_c.dir/rosidl_typesupport_c/rcl_interfaces/msg/parameter_event__type_support.cpp.o[0m
[2.693s] [ 77%] [32mBuilding CXX object CMakeFiles/rcl_interfaces__rosidl_typesupport_c.dir/rosidl_typesupport_c/rcl_interfaces/msg/parameter_event_descriptors__type_support.cpp.o[0m
[2.697s] [ 78%] [32mBuilding CXX object CMakeFiles/rcl_interfaces__rosidl_typesupport_c.dir/rosidl_typesupport_c/rcl_interfaces/msg/parameter__type_support.cpp.o[0m
[2.702s] [ 78%] Built target ament_cmake_python_build_rcl_interfaces_egg
[2.703s] [ 78%] [32mBuilding CXX object CMakeFiles/rcl_interfaces__rosidl_typesupport_c.dir/rosidl_typesupport_c/rcl_interfaces/msg/parameter_type__type_support.cpp.o[0m
[2.703s] [ 79%] [32mBuilding CXX object CMakeFiles/rcl_interfaces__rosidl_typesupport_c.dir/rosidl_typesupport_c/rcl_interfaces/msg/set_parameters_result__type_support.cpp.o[0m
[2.703s] [ 80%] [32mBuilding CXX object CMakeFiles/rcl_interfaces__rosidl_typesupport_c.dir/rosidl_typesupport_c/rcl_interfaces/msg/parameter_value__type_support.cpp.o[0m
[2.718s] [ 80%] [32mBuilding CXX object CMakeFiles/rcl_interfaces__rosidl_typesupport_c.dir/rosidl_typesupport_c/rcl_interfaces/srv/describe_parameters__type_support.cpp.o[0m
[2.718s] [ 81%] [32mBuilding CXX object CMakeFiles/rcl_interfaces__rosidl_typesupport_c.dir/rosidl_typesupport_c/rcl_interfaces/srv/get_parameters__type_support.cpp.o[0m
[2.727s] [ 81%] [32mBuilding CXX object CMakeFiles/rcl_interfaces__rosidl_typesupport_c.dir/rosidl_typesupport_c/rcl_interfaces/srv/get_parameter_types__type_support.cpp.o[0m
[2.732s] [ 82%] [32mBuilding CXX object CMakeFiles/rcl_interfaces__rosidl_typesupport_c.dir/rosidl_typesupport_c/rcl_interfaces/srv/list_parameters__type_support.cpp.o[0m
[2.735s] [ 82%] [32mBuilding CXX object CMakeFiles/rcl_interfaces__rosidl_typesupport_c.dir/rosidl_typesupport_c/rcl_interfaces/srv/set_parameters__type_support.cpp.o[0m
[2.738s] [ 83%] [32mBuilding CXX object CMakeFiles/rcl_interfaces__rosidl_typesupport_c.dir/rosidl_typesupport_c/rcl_interfaces/srv/set_parameters_atomically__type_support.cpp.o[0m
[2.798s] [ 84%] [32m[1mLinking CXX shared library librcl_interfaces__rosidl_typesupport_c.so[0m
[2.806s] [ 84%] [32m[1mLinking CXX shared library librcl_interfaces__rosidl_typesupport_cpp.so[0m
[2.863s] [ 84%] Built target rcl_interfaces__rosidl_typesupport_cpp
[2.925s] [ 84%] Built target rcl_interfaces__rosidl_typesupport_c
[2.964s] [ 84%] Built target rcl_interfaces
[3.019s] [ 85%] Built target rcl_interfaces__py
[3.049s] [35m[1mConsolidate compiler generated dependencies of target rcl_interfaces__rosidl_generator_py[0m
[3.078s] [ 86%] [32m[1mLinking C shared library rosidl_generator_py/rcl_interfaces/librcl_interfaces__rosidl_generator_py.so[0m
[3.147s] [ 96%] Built target rcl_interfaces__rosidl_generator_py
[3.164s] [35m[1mConsolidate compiler generated dependencies of target rcl_interfaces__rosidl_typesupport_c__pyext[0m
[3.173s] [35m[1mConsolidate compiler generated dependencies of target rcl_interfaces__rosidl_typesupport_fastrtps_c__pyext[0m
[3.175s] [35m[1mConsolidate compiler generated dependencies of target rcl_interfaces__rosidl_typesupport_introspection_c__pyext[0m
[3.186s] [ 96%] [32m[1mLinking C shared library rosidl_generator_py/rcl_interfaces/rcl_interfaces_s__rosidl_typesupport_c.cpython-310-x86_64-linux-gnu.so[0m
[3.193s] [ 97%] [32m[1mLinking C shared library rosidl_generator_py/rcl_interfaces/rcl_interfaces_s__rosidl_typesupport_introspection_c.cpython-310-x86_64-linux-gnu.so[0m
[3.194s] [ 97%] [32m[1mLinking C shared library rosidl_generator_py/rcl_interfaces/rcl_interfaces_s__rosidl_typesupport_fastrtps_c.cpython-310-x86_64-linux-gnu.so[0m
[3.268s] [ 98%] Built target rcl_interfaces__rosidl_typesupport_introspection_c__pyext
[3.272s] [ 99%] Built target rcl_interfaces__rosidl_typesupport_fastrtps_c__pyext
[3.288s] [100%] Built target rcl_interfaces__rosidl_typesupport_c__pyext
[3.306s] Invoked command in '/home/abdelrhaman/microros_ws/build/rcl_interfaces' returned '0': AMENT_PREFIX_PATH=/home/abdelrhaman/microros_ws/install/builtin_interfaces:${AMENT_PREFIX_PATH} CMAKE_PREFIX_PATH=/home/abdelrhaman/microros_ws/install/builtin_interfaces:/home/abdelrhaman/ros/install/my_robot_controller:/opt/ros/humble LD_LIBRARY_PATH=/home/abdelrhaman/microros_ws/install/builtin_interfaces/lib:${LD_LIBRARY_PATH} PYTHONPATH=/home/abdelrhaman/microros_ws/install/builtin_interfaces/local/lib/python3.10/dist-packages:${PYTHONPATH} /usr/bin/cmake --build /home/abdelrhaman/microros_ws/build/rcl_interfaces -- -j20 -l20
[3.586s] Invoking command in '/home/abdelrhaman/microros_ws/build/rcl_interfaces': AMENT_PREFIX_PATH=/home/abdelrhaman/microros_ws/install/builtin_interfaces:${AMENT_PREFIX_PATH} CMAKE_PREFIX_PATH=/home/abdelrhaman/microros_ws/install/builtin_interfaces:/home/abdelrhaman/ros/install/my_robot_controller:/opt/ros/humble LD_LIBRARY_PATH=/home/abdelrhaman/microros_ws/install/builtin_interfaces/lib:${LD_LIBRARY_PATH} PYTHONPATH=/home/abdelrhaman/microros_ws/install/builtin_interfaces/local/lib/python3.10/dist-packages:${PYTHONPATH} /usr/bin/cmake --install /home/abdelrhaman/microros_ws/build/rcl_interfaces
[3.594s] -- Install configuration: ""
[3.594s] -- Up-to-date: /home/abdelrhaman/microros_ws/install/rcl_interfaces/share/ament_index/resource_index/rosidl_interfaces/rcl_interfaces
[3.594s] -- Up-to-date: /home/abdelrhaman/microros_ws/install/rcl_interfaces/include/rcl_interfaces/rcl_interfaces
[3.595s] -- Up-to-date: /home/abdelrhaman/microros_ws/install/rcl_interfaces/include/rcl_interfaces/rcl_interfaces/srv
[3.595s] -- Up-to-date: /home/abdelrhaman/microros_ws/install/rcl_interfaces/include/rcl_interfaces/rcl_interfaces/srv/get_parameter_types.h
[3.595s] -- Up-to-date: /home/abdelrhaman/microros_ws/install/rcl_interfaces/include/rcl_interfaces/rcl_interfaces/srv/describe_parameters.h
[3.595s] -- Up-to-date: /home/abdelrhaman/microros_ws/install/rcl_interfaces/include/rcl_interfaces/rcl_interfaces/srv/detail
[3.595s] -- Up-to-date: /home/abdelrhaman/microros_ws/install/rcl_interfaces/include/rcl_interfaces/rcl_interfaces/srv/detail/set_parameters_atomically__functions.h
[3.595s] -- Up-to-date: /home/abdelrhaman/microros_ws/install/rcl_interfaces/include/rcl_interfaces/rcl_interfaces/srv/detail/list_parameters__type_support.h
[3.595s] -- Up-to-date: /home/abdelrhaman/microros_ws/install/rcl_interfaces/include/rcl_interfaces/rcl_interfaces/srv/detail/get_parameter_types__functions.c
[3.595s] -- Up-to-date: /home/abdelrhaman/microros_ws/install/rcl_interfaces/include/rcl_interfaces/rcl_interfaces/srv/detail/set_parameters__struct.h
[3.596s] -- Up-to-date: /home/abdelrhaman/microros_ws/install/rcl_interfaces/include/rcl_interfaces/rcl_interfaces/srv/detail/describe_parameters__functions.c
[3.596s] -- Up-to-date: /home/abdelrhaman/microros_ws/install/rcl_interfaces/include/rcl_interfaces/rcl_interfaces/srv/detail/set_parameters__type_support.h
[3.596s] -- Up-to-date: /home/abdelrhaman/microros_ws/install/rcl_interfaces/include/rcl_interfaces/rcl_interfaces/srv/detail/describe_parameters__struct.h
[3.596s] -- Up-to-date: /home/abdelrhaman/microros_ws/install/rcl_interfaces/include/rcl_interfaces/rcl_interfaces/srv/detail/get_parameters__type_support.h
[3.596s] -- Up-to-date: /home/abdelrhaman/microros_ws/install/rcl_interfaces/include/rcl_interfaces/rcl_interfaces/srv/detail/set_parameters_atomically__functions.c
[3.596s] -- Up-to-date: /home/abdelrhaman/microros_ws/install/rcl_interfaces/include/rcl_interfaces/rcl_interfaces/srv/detail/list_parameters__struct.h
[3.596s] -- Up-to-date: /home/abdelrhaman/microros_ws/install/rcl_interfaces/include/rcl_interfaces/rcl_interfaces/srv/detail/get_parameters__struct.h
[3.596s] -- Up-to-date: /home/abdelrhaman/microros_ws/install/rcl_interfaces/include/rcl_interfaces/rcl_interfaces/srv/detail/list_parameters__functions.c
[3.596s] -- Up-to-date: /home/abdelrhaman/microros_ws/install/rcl_interfaces/include/rcl_interfaces/rcl_interfaces/srv/detail/get_parameters__functions.h
[3.596s] -- Up-to-date: /home/abdelrhaman/microros_ws/install/rcl_interfaces/include/rcl_interfaces/rcl_interfaces/srv/detail/set_parameters__functions.h
[3.596s] -- Up-to-date: /home/abdelrhaman/microros_ws/install/rcl_interfaces/include/rcl_interfaces/rcl_interfaces/srv/detail/describe_parameters__functions.h
[3.596s] -- Up-to-date: /home/abdelrhaman/microros_ws/install/rcl_interfaces/include/rcl_interfaces/rcl_interfaces/srv/detail/set_parameters__functions.c
[3.597s] -- Up-to-date: /home/abdelrhaman/microros_ws/install/rcl_interfaces/include/rcl_interfaces/rcl_interfaces/srv/detail/get_parameter_types__type_support.h
[3.597s] -- Up-to-date: /home/abdelrhaman/microros_ws/install/rcl_interfaces/include/rcl_interfaces/rcl_interfaces/srv/detail/get_parameters__functions.c
[3.597s] -- Up-to-date: /home/abdelrhaman/microros_ws/install/rcl_interfaces/include/rcl_interfaces/rcl_interfaces/srv/detail/get_parameter_types__functions.h
[3.597s] -- Up-to-date: /home/abdelrhaman/microros_ws/install/rcl_interfaces/include/rcl_interfaces/rcl_interfaces/srv/detail/set_parameters_atomically__struct.h
[3.597s] -- Up-to-date: /home/abdelrhaman/microros_ws/install/rcl_interfaces/include/rcl_interfaces/rcl_interfaces/srv/detail/get_parameter_types__struct.h
[3.597s] -- Up-to-date: /home/abdelrhaman/microros_ws/install/rcl_interfaces/include/rcl_interfaces/rcl_interfaces/srv/detail/set_parameters_atomically__type_support.h
[3.597s] -- Up-to-date: /home/abdelrhaman/microros_ws/install/rcl_interfaces/include/rcl_interfaces/rcl_interfaces/srv/detail/describe_parameters__type_support.h
[3.597s] -- Up-to-date: /home/abdelrhaman/microros_ws/install/rcl_interfaces/include/rcl_interfaces/rcl_interfaces/srv/detail/list_parameters__functions.h
[3.597s] -- Up-to-date: /home/abdelrhaman/microros_ws/install/rcl_interfaces/include/rcl_interfaces/rcl_interfaces/srv/get_parameters.h
[3.597s] -- Up-to-date: /home/abdelrhaman/microros_ws/install/rcl_interfaces/include/rcl_interfaces/rcl_interfaces/srv/list_parameters.h
[3.597s] -- Up-to-date: /home/abdelrhaman/microros_ws/install/rcl_interfaces/include/rcl_interfaces/rcl_interfaces/srv/set_parameters.h
[3.597s] -- Up-to-date: /home/abdelrhaman/microros_ws/install/rcl_interfaces/include/rcl_interfaces/rcl_interfaces/srv/set_parameters_atomically.h
[3.597s] -- Up-to-date: /home/abdelrhaman/microros_ws/install/rcl_interfaces/include/rcl_interfaces/rcl_interfaces/msg
[3.598s] -- Up-to-date: /home/abdelrhaman/microros_ws/install/rcl_interfaces/include/rcl_interfaces/rcl_interfaces/msg/integer_range.h
[3.598s] -- Up-to-date: /home/abdelrhaman/microros_ws/install/rcl_interfaces/include/rcl_interfaces/rcl_interfaces/msg/rosidl_generator_c__visibility_control.h
[3.598s] -- Up-to-date: /home/abdelrhaman/microros_ws/install/rcl_interfaces/include/rcl_interfaces/rcl_interfaces/msg/parameter.h
[3.598s] -- Up-to-date: /home/abdelrhaman/microros_ws/install/rcl_interfaces/include/rcl_interfaces/rcl_interfaces/msg/set_parameters_result.h
[3.598s] -- Up-to-date: /home/abdelrhaman/microros_ws/install/rcl_interfaces/include/rcl_interfaces/rcl_interfaces/msg/list_parameters_result.h
[3.598s] -- Up-to-date: /home/abdelrhaman/microros_ws/install/rcl_interfaces/include/rcl_interfaces/rcl_interfaces/msg/detail
[3.598s] -- Up-to-date: /home/abdelrhaman/microros_ws/install/rcl_interfaces/include/rcl_interfaces/rcl_interfaces/msg/detail/parameter_descriptor__functions.h
[3.598s] -- Up-to-date: /home/abdelrhaman/microros_ws/install/rcl_interfaces/include/rcl_interfaces/rcl_interfaces/msg/detail/parameter__functions.c
[3.598s] -- Up-to-date: /home/abdelrhaman/microros_ws/install/rcl_interfaces/include/rcl_interfaces/rcl_interfaces/msg/detail/parameter_type__type_support.h
[3.598s] -- Up-to-date: /home/abdelrhaman/microros_ws/install/rcl_interfaces/include/rcl_interfaces/rcl_interfaces/msg/detail/integer_range__type_support.h
[3.598s] -- Up-to-date: /home/abdelrhaman/microros_ws/install/rcl_interfaces/include/rcl_interfaces/rcl_interfaces/msg/detail/parameter_event__type_support.h
[3.598s] -- Up-to-date: /home/abdelrhaman/microros_ws/install/rcl_interfaces/include/rcl_interfaces/rcl_interfaces/msg/detail/list_parameters_result__struct.h
[3.598s] -- Up-to-date: /home/abdelrhaman/microros_ws/install/rcl_interfaces/include/rcl_interfaces/rcl_interfaces/msg/detail/parameter_value__struct.h
[3.599s] -- Up-to-date: /home/abdelrhaman/microros_ws/install/rcl_interfaces/include/rcl_interfaces/rcl_interfaces/msg/detail/parameter__struct.h
[3.599s] -- Up-to-date: /home/abdelrhaman/microros_ws/install/rcl_interfaces/include/rcl_interfaces/rcl_interfaces/msg/detail/log__functions.h
[3.599s] -- Up-to-date: /home/abdelrhaman/microros_ws/install/rcl_interfaces/include/rcl_interfaces/rcl_interfaces/msg/detail/parameter_descriptor__struct.h
[3.599s] -- Up-to-date: /home/abdelrhaman/microros_ws/install/rcl_interfaces/include/rcl_interfaces/rcl_interfaces/msg/detail/parameter_value__type_support.h
[3.599s] -- Up-to-date: /home/abdelrhaman/microros_ws/install/rcl_interfaces/include/rcl_interfaces/rcl_interfaces/msg/detail/set_parameters_result__functions.c
[3.599s] -- Up-to-date: /home/abdelrhaman/microros_ws/install/rcl_interfaces/include/rcl_interfaces/rcl_interfaces/msg/detail/parameter_type__functions.c
[3.599s] -- Up-to-date: /home/abdelrhaman/microros_ws/install/rcl_interfaces/include/rcl_interfaces/rcl_interfaces/msg/detail/parameter_descriptor__type_support.h
[3.599s] -- Up-to-date: /home/abdelrhaman/microros_ws/install/rcl_interfaces/include/rcl_interfaces/rcl_interfaces/msg/detail/set_parameters_result__functions.h
[3.599s] -- Up-to-date: /home/abdelrhaman/microros_ws/install/rcl_interfaces/include/rcl_interfaces/rcl_interfaces/msg/detail/log__type_support.h
[3.599s] -- Up-to-date: /home/abdelrhaman/microros_ws/install/rcl_interfaces/include/rcl_interfaces/rcl_interfaces/msg/detail/set_parameters_result__struct.h
[3.599s] -- Up-to-date: /home/abdelrhaman/microros_ws/install/rcl_interfaces/include/rcl_interfaces/rcl_interfaces/msg/detail/floating_point_range__functions.c
[3.599s] -- Up-to-date: /home/abdelrhaman/microros_ws/install/rcl_interfaces/include/rcl_interfaces/rcl_interfaces/msg/detail/log__struct.h
[3.599s] -- Up-to-date: /home/abdelrhaman/microros_ws/install/rcl_interfaces/include/rcl_interfaces/rcl_interfaces/msg/detail/parameter_event_descriptors__functions.h
[3.599s] -- Up-to-date: /home/abdelrhaman/microros_ws/install/rcl_interfaces/include/rcl_interfaces/rcl_interfaces/msg/detail/set_parameters_result__type_support.h
[3.599s] -- Up-to-date: /home/abdelrhaman/microros_ws/install/rcl_interfaces/include/rcl_interfaces/rcl_interfaces/msg/detail/parameter_event__struct.h
[3.599s] -- Up-to-date: /home/abdelrhaman/microros_ws/install/rcl_interfaces/include/rcl_interfaces/rcl_interfaces/msg/detail/log__functions.c
[3.599s] -- Up-to-date: /home/abdelrhaman/microros_ws/install/rcl_interfaces/include/rcl_interfaces/rcl_interfaces/msg/detail/parameter_event_descriptors__type_support.h
[3.599s] -- Up-to-date: /home/abdelrhaman/microros_ws/install/rcl_interfaces/include/rcl_interfaces/rcl_interfaces/msg/detail/floating_point_range__functions.h
[3.599s] -- Up-to-date: /home/abdelrhaman/microros_ws/install/rcl_interfaces/include/rcl_interfaces/rcl_interfaces/msg/detail/list_parameters_result__type_support.h
[3.599s] -- Up-to-date: /home/abdelrhaman/microros_ws/install/rcl_interfaces/include/rcl_interfaces/rcl_interfaces/msg/detail/parameter_event_descriptors__functions.c
[3.599s] -- Up-to-date: /home/abdelrhaman/microros_ws/install/rcl_interfaces/include/rcl_interfaces/rcl_interfaces/msg/detail/integer_range__struct.h
[3.599s] -- Up-to-date: /home/abdelrhaman/microros_ws/install/rcl_interfaces/include/rcl_interfaces/rcl_interfaces/msg/detail/parameter_value__functions.c
[3.599s] -- Up-to-date: /home/abdelrhaman/microros_ws/install/rcl_interfaces/include/rcl_interfaces/rcl_interfaces/msg/detail/parameter_event__functions.h
[3.599s] -- Up-to-date: /home/abdelrhaman/microros_ws/install/rcl_interfaces/include/rcl_interfaces/rcl_interfaces/msg/detail/parameter_descriptor__functions.c
[3.599s] -- Up-to-date: /home/abdelrhaman/microros_ws/install/rcl_interfaces/include/rcl_interfaces/rcl_interfaces/msg/detail/parameter__functions.h
[3.599s] -- Up-to-date: /home/abdelrhaman/microros_ws/install/rcl_interfaces/include/rcl_interfaces/rcl_interfaces/msg/detail/integer_range__functions.c
[3.599s] -- Up-to-date: /home/abdelrhaman/microros_ws/install/rcl_interfaces/include/rcl_interfaces/rcl_interfaces/msg/detail/parameter__type_support.h
[3.600s] -- Up-to-date: /home/abdelrhaman/microros_ws/install/rcl_interfaces/include/rcl_interfaces/rcl_interfaces/msg/detail/parameter_value__functions.h
[3.600s] -- Up-to-date: /home/abdelrhaman/microros_ws/install/rcl_interfaces/include/rcl_interfaces/rcl_interfaces/msg/detail/parameter_type__functions.h
[3.600s] -- Up-to-date: /home/abdelrhaman/microros_ws/install/rcl_interfaces/include/rcl_interfaces/rcl_interfaces/msg/detail/floating_point_range__struct.h
[3.600s] -- Up-to-date: /home/abdelrhaman/microros_ws/install/rcl_interfaces/include/rcl_interfaces/rcl_interfaces/msg/detail/floating_point_range__type_support.h
[3.600s] -- Up-to-date: /home/abdelrhaman/microros_ws/install/rcl_interfaces/include/rcl_interfaces/rcl_interfaces/msg/detail/parameter_type__struct.h
[3.600s] -- Up-to-date: /home/abdelrhaman/microros_ws/install/rcl_interfaces/include/rcl_interfaces/rcl_interfaces/msg/detail/parameter_event_descriptors__struct.h
[3.600s] -- Up-to-date: /home/abdelrhaman/microros_ws/install/rcl_interfaces/include/rcl_interfaces/rcl_interfaces/msg/detail/list_parameters_result__functions.c
[3.600s] -- Up-to-date: /home/abdelrhaman/microros_ws/install/rcl_interfaces/include/rcl_interfaces/rcl_interfaces/msg/detail/parameter_event__functions.c
[3.600s] -- Up-to-date: /home/abdelrhaman/microros_ws/install/rcl_interfaces/include/rcl_interfaces/rcl_interfaces/msg/detail/integer_range__functions.h
[3.600s] -- Up-to-date: /home/abdelrhaman/microros_ws/install/rcl_interfaces/include/rcl_interfaces/rcl_interfaces/msg/detail/list_parameters_result__functions.h
[3.600s] -- Up-to-date: /home/abdelrhaman/microros_ws/install/rcl_interfaces/include/rcl_interfaces/rcl_interfaces/msg/log.h
[3.600s] -- Up-to-date: /home/abdelrhaman/microros_ws/install/rcl_interfaces/include/rcl_interfaces/rcl_interfaces/msg/parameter_event.h
[3.600s] -- Up-to-date: /home/abdelrhaman/microros_ws/install/rcl_interfaces/include/rcl_interfaces/rcl_interfaces/msg/floating_point_range.h
[3.600s] -- Up-to-date: /home/abdelrhaman/microros_ws/install/rcl_interfaces/include/rcl_interfaces/rcl_interfaces/msg/parameter_descriptor.h
[3.600s] -- Up-to-date: /home/abdelrhaman/microros_ws/install/rcl_interfaces/include/rcl_interfaces/rcl_interfaces/msg/parameter_event_descriptors.h
[3.600s] -- Up-to-date: /home/abdelrhaman/microros_ws/install/rcl_interfaces/include/rcl_interfaces/rcl_interfaces/msg/parameter_type.h
[3.600s] -- Up-to-date: /home/abdelrhaman/microros_ws/install/rcl_interfaces/include/rcl_interfaces/rcl_interfaces/msg/parameter_value.h
[3.600s] -- Up-to-date: /home/abdelrhaman/microros_ws/install/rcl_interfaces/share/rcl_interfaces/environment/library_path.sh
[3.600s] -- Installing: /home/abdelrhaman/microros_ws/install/rcl_interfaces/share/rcl_interfaces/environment/library_path.dsv
[3.600s] -- Up-to-date: /home/abdelrhaman/microros_ws/install/rcl_interfaces/lib/librcl_interfaces__rosidl_generator_c.so
[3.600s] -- Up-to-date: /home/abdelrhaman/microros_ws/install/rcl_interfaces/include/rcl_interfaces/rcl_interfaces
[3.600s] -- Up-to-date: /home/abdelrhaman/microros_ws/install/rcl_interfaces/include/rcl_interfaces/rcl_interfaces/srv
[3.600s] -- Up-to-date: /home/abdelrhaman/microros_ws/install/rcl_interfaces/include/rcl_interfaces/rcl_interfaces/srv/detail
[3.600s] -- Up-to-date: /home/abdelrhaman/microros_ws/install/rcl_interfaces/include/rcl_interfaces/rcl_interfaces/srv/detail/set_parameters_atomically__rosidl_typesupport_fastrtps_c.h
[3.600s] -- Up-to-date: /home/abdelrhaman/microros_ws/install/rcl_interfaces/include/rcl_interfaces/rcl_interfaces/srv/detail/list_parameters__rosidl_typesupport_fastrtps_c.h
[3.600s] -- Up-to-date: /home/abdelrhaman/microros_ws/install/rcl_interfaces/include/rcl_interfaces/rcl_interfaces/srv/detail/get_parameters__rosidl_typesupport_fastrtps_c.h
[3.600s] -- Up-to-date: /home/abdelrhaman/microros_ws/install/rcl_interfaces/include/rcl_interfaces/rcl_interfaces/srv/detail/get_parameter_types__rosidl_typesupport_fastrtps_c.h
[3.600s] -- Up-to-date: /home/abdelrhaman/microros_ws/install/rcl_interfaces/include/rcl_interfaces/rcl_interfaces/srv/detail/describe_parameters__rosidl_typesupport_fastrtps_c.h
[3.600s] -- Up-to-date: /home/abdelrhaman/microros_ws/install/rcl_interfaces/include/rcl_interfaces/rcl_interfaces/srv/detail/set_parameters__rosidl_typesupport_fastrtps_c.h
[3.600s] -- Up-to-date: /home/abdelrhaman/microros_ws/install/rcl_interfaces/include/rcl_interfaces/rcl_interfaces/msg
[3.600s] -- Up-to-date: /home/abdelrhaman/microros_ws/install/rcl_interfaces/include/rcl_interfaces/rcl_interfaces/msg/detail
[3.600s] -- Up-to-date: /home/abdelrhaman/microros_ws/install/rcl_interfaces/include/rcl_interfaces/rcl_interfaces/msg/detail/parameter__rosidl_typesupport_fastrtps_c.h
[3.600s] -- Up-to-date: /home/abdelrhaman/microros_ws/install/rcl_interfaces/include/rcl_interfaces/rcl_interfaces/msg/detail/list_parameters_result__rosidl_typesupport_fastrtps_c.h
[3.600s] -- Up-to-date: /home/abdelrhaman/microros_ws/install/rcl_interfaces/include/rcl_interfaces/rcl_interfaces/msg/detail/parameter_event__rosidl_typesupport_fastrtps_c.h
[3.600s] -- Up-to-date: /home/abdelrhaman/microros_ws/install/rcl_interfaces/include/rcl_interfaces/rcl_interfaces/msg/detail/parameter_event_descriptors__rosidl_typesupport_fastrtps_c.h
[3.600s] -- Up-to-date: /home/abdelrhaman/microros_ws/install/rcl_interfaces/include/rcl_interfaces/rcl_interfaces/msg/detail/integer_range__rosidl_typesupport_fastrtps_c.h
[3.601s] -- Up-to-date: /home/abdelrhaman/microros_ws/install/rcl_interfaces/include/rcl_interfaces/rcl_interfaces/msg/detail/floating_point_range__rosidl_typesupport_fastrtps_c.h
[3.601s] -- Up-to-date: /home/abdelrhaman/microros_ws/install/rcl_interfaces/include/rcl_interfaces/rcl_interfaces/msg/detail/parameter_type__rosidl_typesupport_fastrtps_c.h
[3.601s] -- Up-to-date: /home/abdelrhaman/microros_ws/install/rcl_interfaces/include/rcl_interfaces/rcl_interfaces/msg/detail/parameter_descriptor__rosidl_typesupport_fastrtps_c.h
[3.601s] -- Up-to-date: /home/abdelrhaman/microros_ws/install/rcl_interfaces/include/rcl_interfaces/rcl_interfaces/msg/detail/set_parameters_result__rosidl_typesupport_fastrtps_c.h
[3.601s] -- Up-to-date: /home/abdelrhaman/microros_ws/install/rcl_interfaces/include/rcl_interfaces/rcl_interfaces/msg/detail/log__rosidl_typesupport_fastrtps_c.h
[3.601s] -- Up-to-date: /home/abdelrhaman/microros_ws/install/rcl_interfaces/include/rcl_interfaces/rcl_interfaces/msg/detail/parameter_value__rosidl_typesupport_fastrtps_c.h
[3.601s] -- Up-to-date: /home/abdelrhaman/microros_ws/install/rcl_interfaces/include/rcl_interfaces/rcl_interfaces/msg/rosidl_typesupport_fastrtps_c__visibility_control.h
[3.601s] -- Up-to-date: /home/abdelrhaman/microros_ws/install/rcl_interfaces/lib/librcl_interfaces__rosidl_typesupport_fastrtps_c.so
[3.601s] -- Up-to-date: /home/abdelrhaman/microros_ws/install/rcl_interfaces/include/rcl_interfaces/rcl_interfaces
[3.601s] -- Up-to-date: /home/abdelrhaman/microros_ws/install/rcl_interfaces/include/rcl_interfaces/rcl_interfaces/srv
[3.601s] -- Up-to-date: /home/abdelrhaman/microros_ws/install/rcl_interfaces/include/rcl_interfaces/rcl_interfaces/srv/detail
[3.601s] -- Up-to-date: /home/abdelrhaman/microros_ws/install/rcl_interfaces/include/rcl_interfaces/rcl_interfaces/srv/detail/describe_parameters__rosidl_typesupport_introspection_c.h
[3.601s] -- Up-to-date: /home/abdelrhaman/microros_ws/install/rcl_interfaces/include/rcl_interfaces/rcl_interfaces/srv/detail/get_parameters__rosidl_typesupport_introspection_c.h
[3.601s] -- Up-to-date: /home/abdelrhaman/microros_ws/install/rcl_interfaces/include/rcl_interfaces/rcl_interfaces/srv/detail/get_parameter_types__rosidl_typesupport_introspection_c.h
[3.601s] -- Up-to-date: /home/abdelrhaman/microros_ws/install/rcl_interfaces/include/rcl_interfaces/rcl_interfaces/srv/detail/set_parameters__rosidl_typesupport_introspection_c.h
[3.601s] -- Up-to-date: /home/abdelrhaman/microros_ws/install/rcl_interfaces/include/rcl_interfaces/rcl_interfaces/srv/detail/set_parameters_atomically__rosidl_typesupport_introspection_c.h
[3.601s] -- Up-to-date: /home/abdelrhaman/microros_ws/install/rcl_interfaces/include/rcl_interfaces/rcl_interfaces/srv/detail/list_parameters__rosidl_typesupport_introspection_c.h
[3.601s] -- Up-to-date: /home/abdelrhaman/microros_ws/install/rcl_interfaces/include/rcl_interfaces/rcl_interfaces/srv/detail/set_parameters__type_support.c
[3.601s] -- Up-to-date: /home/abdelrhaman/microros_ws/install/rcl_interfaces/include/rcl_interfaces/rcl_interfaces/srv/detail/describe_parameters__type_support.c
[3.601s] -- Up-to-date: /home/abdelrhaman/microros_ws/install/rcl_interfaces/include/rcl_interfaces/rcl_interfaces/srv/detail/get_parameter_types__type_support.c
[3.601s] -- Up-to-date: /home/abdelrhaman/microros_ws/install/rcl_interfaces/include/rcl_interfaces/rcl_interfaces/srv/detail/list_parameters__type_support.c
[3.601s] -- Up-to-date: /home/abdelrhaman/microros_ws/install/rcl_interfaces/include/rcl_interfaces/rcl_interfaces/srv/detail/set_parameters_atomically__type_support.c
[3.601s] -- Up-to-date: /home/abdelrhaman/microros_ws/install/rcl_interfaces/include/rcl_interfaces/rcl_interfaces/srv/detail/get_parameters__type_support.c
[3.602s] -- Up-to-date: /home/abdelrhaman/microros_ws/install/rcl_interfaces/include/rcl_interfaces/rcl_interfaces/msg
[3.602s] -- Up-to-date: /home/abdelrhaman/microros_ws/install/rcl_interfaces/include/rcl_interfaces/rcl_interfaces/msg/rosidl_typesupport_introspection_c__visibility_control.h
[3.602s] -- Up-to-date: /home/abdelrhaman/microros_ws/install/rcl_interfaces/include/rcl_interfaces/rcl_interfaces/msg/detail
[3.602s] -- Up-to-date: /home/abdelrhaman/microros_ws/install/rcl_interfaces/include/rcl_interfaces/rcl_interfaces/msg/detail/log__rosidl_typesupport_introspection_c.h
[3.602s] -- Up-to-date: /home/abdelrhaman/microros_ws/install/rcl_interfaces/include/rcl_interfaces/rcl_interfaces/msg/detail/parameter_descriptor__type_support.c
[3.602s] -- Up-to-date: /home/abdelrhaman/microros_ws/install/rcl_interfaces/include/rcl_interfaces/rcl_interfaces/msg/detail/set_parameters_result__type_support.c
[3.602s] -- Up-to-date: /home/abdelrhaman/microros_ws/install/rcl_interfaces/include/rcl_interfaces/rcl_interfaces/msg/detail/log__type_support.c
[3.602s] -- Up-to-date: /home/abdelrhaman/microros_ws/install/rcl_interfaces/include/rcl_interfaces/rcl_interfaces/msg/detail/parameter__rosidl_typesupport_introspection_c.h
[3.602s] -- Up-to-date: /home/abdelrhaman/microros_ws/install/rcl_interfaces/include/rcl_interfaces/rcl_interfaces/msg/detail/list_parameters_result__rosidl_typesupport_introspection_c.h
[3.602s] -- Up-to-date: /home/abdelrhaman/microros_ws/install/rcl_interfaces/include/rcl_interfaces/rcl_interfaces/msg/detail/parameter_event__type_support.c
[3.602s] -- Up-to-date: /home/abdelrhaman/microros_ws/install/rcl_interfaces/include/rcl_interfaces/rcl_interfaces/msg/detail/set_parameters_result__rosidl_typesupport_introspection_c.h
[3.602s] -- Up-to-date: /home/abdelrhaman/microros_ws/install/rcl_interfaces/include/rcl_interfaces/rcl_interfaces/msg/detail/parameter_value__type_support.c
[3.602s] -- Up-to-date: /home/abdelrhaman/microros_ws/install/rcl_interfaces/include/rcl_interfaces/rcl_interfaces/msg/detail/floating_point_range__rosidl_typesupport_introspection_c.h
[3.602s] -- Up-to-date: /home/abdelrhaman/microros_ws/install/rcl_interfaces/include/rcl_interfaces/rcl_interfaces/msg/detail/parameter_type__type_support.c
[3.602s] -- Up-to-date: /home/abdelrhaman/microros_ws/install/rcl_interfaces/include/rcl_interfaces/rcl_interfaces/msg/detail/parameter__type_support.c
[3.602s] -- Up-to-date: /home/abdelrhaman/microros_ws/install/rcl_interfaces/include/rcl_interfaces/rcl_interfaces/msg/detail/parameter_event_descriptors__type_support.c
[3.602s] -- Up-to-date: /home/abdelrhaman/microros_ws/install/rcl_interfaces/include/rcl_interfaces/rcl_interfaces/msg/detail/parameter_event_descriptors__rosidl_typesupport_introspection_c.h
[3.602s] -- Up-to-date: /home/abdelrhaman/microros_ws/install/rcl_interfaces/include/rcl_interfaces/rcl_interfaces/msg/detail/parameter_event__rosidl_typesupport_introspection_c.h
[3.602s] -- Up-to-date: /home/abdelrhaman/microros_ws/install/rcl_interfaces/include/rcl_interfaces/rcl_interfaces/msg/detail/parameter_descriptor__rosidl_typesupport_introspection_c.h
[3.602s] -- Up-to-date: /home/abdelrhaman/microros_ws/install/rcl_interfaces/include/rcl_interfaces/rcl_interfaces/msg/detail/parameter_type__rosidl_typesupport_introspection_c.h
[3.602s] -- Up-to-date: /home/abdelrhaman/microros_ws/install/rcl_interfaces/include/rcl_interfaces/rcl_interfaces/msg/detail/parameter_value__rosidl_typesupport_introspection_c.h
[3.602s] -- Up-to-date: /home/abdelrhaman/microros_ws/install/rcl_interfaces/include/rcl_interfaces/rcl_interfaces/msg/detail/integer_range__type_support.c
[3.602s] -- Up-to-date: /home/abdelrhaman/microros_ws/install/rcl_interfaces/include/rcl_interfaces/rcl_interfaces/msg/detail/list_parameters_result__type_support.c
[3.602s] -- Up-to-date: /home/abdelrhaman/microros_ws/install/rcl_interfaces/include/rcl_interfaces/rcl_interfaces/msg/detail/integer_range__rosidl_typesupport_introspection_c.h
[3.602s] -- Up-to-date: /home/abdelrhaman/microros_ws/install/rcl_interfaces/include/rcl_interfaces/rcl_interfaces/msg/detail/floating_point_range__type_support.c
[3.602s] -- Up-to-date: /home/abdelrhaman/microros_ws/install/rcl_interfaces/lib/librcl_interfaces__rosidl_typesupport_introspection_c.so
[3.603s] -- Installing: /home/abdelrhaman/microros_ws/install/rcl_interfaces/lib/librcl_interfaces__rosidl_typesupport_c.so
[3.603s] -- Set runtime path of "/home/abdelrhaman/microros_ws/install/rcl_interfaces/lib/librcl_interfaces__rosidl_typesupport_c.so" to ""
[3.603s] -- Up-to-date: /home/abdelrhaman/microros_ws/install/rcl_interfaces/include/rcl_interfaces/rcl_interfaces
[3.603s] -- Up-to-date: /home/abdelrhaman/microros_ws/install/rcl_interfaces/include/rcl_interfaces/rcl_interfaces/srv
[3.603s] -- Up-to-date: /home/abdelrhaman/microros_ws/install/rcl_interfaces/include/rcl_interfaces/rcl_interfaces/srv/detail
[3.603s] -- Up-to-date: /home/abdelrhaman/microros_ws/install/rcl_interfaces/include/rcl_interfaces/rcl_interfaces/srv/detail/get_parameters__struct.hpp
[3.603s] -- Up-to-date: /home/abdelrhaman/microros_ws/install/rcl_interfaces/include/rcl_interfaces/rcl_interfaces/srv/detail/describe_parameters__struct.hpp
[3.604s] -- Up-to-date: /home/abdelrhaman/microros_ws/install/rcl_interfaces/include/rcl_interfaces/rcl_interfaces/srv/detail/set_parameters_atomically__struct.hpp
[3.604s] -- Up-to-date: /home/abdelrhaman/microros_ws/install/rcl_interfaces/include/rcl_interfaces/rcl_interfaces/srv/detail/list_parameters__struct.hpp
[3.604s] -- Up-to-date: /home/abdelrhaman/microros_ws/install/rcl_interfaces/include/rcl_interfaces/rcl_interfaces/srv/detail/get_parameter_types__builder.hpp
[3.604s] -- Up-to-date: /home/abdelrhaman/microros_ws/install/rcl_interfaces/include/rcl_interfaces/rcl_interfaces/srv/detail/get_parameter_types__traits.hpp
[3.604s] -- Up-to-date: /home/abdelrhaman/microros_ws/install/rcl_interfaces/include/rcl_interfaces/rcl_interfaces/srv/detail/set_parameters_atomically__builder.hpp
[3.604s] -- Up-to-date: /home/abdelrhaman/microros_ws/install/rcl_interfaces/include/rcl_interfaces/rcl_interfaces/srv/detail/set_parameters__struct.hpp
[3.604s] -- Up-to-date: /home/abdelrhaman/microros_ws/install/rcl_interfaces/include/rcl_interfaces/rcl_interfaces/srv/detail/list_parameters__traits.hpp
[3.604s] -- Up-to-date: /home/abdelrhaman/microros_ws/install/rcl_interfaces/include/rcl_interfaces/rcl_interfaces/srv/detail/set_parameters_atomically__traits.hpp
[3.604s] -- Up-to-date: /home/abdelrhaman/microros_ws/install/rcl_interfaces/include/rcl_interfaces/rcl_interfaces/srv/detail/get_parameter_types__struct.hpp
[3.604s] -- Up-to-date: /home/abdelrhaman/microros_ws/install/rcl_interfaces/include/rcl_interfaces/rcl_interfaces/srv/detail/set_parameters__traits.hpp
[3.604s] -- Up-to-date: /home/abdelrhaman/microros_ws/install/rcl_interfaces/include/rcl_interfaces/rcl_interfaces/srv/detail/describe_parameters__traits.hpp
[3.604s] -- Up-to-date: /home/abdelrhaman/microros_ws/install/rcl_interfaces/include/rcl_interfaces/rcl_interfaces/srv/detail/get_parameters__builder.hpp
[3.604s] -- Up-to-date: /home/abdelrhaman/microros_ws/install/rcl_interfaces/include/rcl_interfaces/rcl_interfaces/srv/detail/list_parameters__builder.hpp
[3.604s] -- Up-to-date: /home/abdelrhaman/microros_ws/install/rcl_interfaces/include/rcl_interfaces/rcl_interfaces/srv/detail/set_parameters__builder.hpp
[3.604s] -- Up-to-date: /home/abdelrhaman/microros_ws/install/rcl_interfaces/include/rcl_interfaces/rcl_interfaces/srv/detail/describe_parameters__builder.hpp
[3.604s] -- Up-to-date: /home/abdelrhaman/microros_ws/install/rcl_interfaces/include/rcl_interfaces/rcl_interfaces/srv/detail/get_parameters__traits.hpp
[3.604s] -- Up-to-date: /home/abdelrhaman/microros_ws/install/rcl_interfaces/include/rcl_interfaces/rcl_interfaces/srv/set_parameters_atomically.hpp
[3.604s] -- Up-to-date: /home/abdelrhaman/microros_ws/install/rcl_interfaces/include/rcl_interfaces/rcl_interfaces/srv/get_parameters.hpp
[3.604s] -- Up-to-date: /home/abdelrhaman/microros_ws/install/rcl_interfaces/include/rcl_interfaces/rcl_interfaces/srv/describe_parameters.hpp
[3.604s] -- Up-to-date: /home/abdelrhaman/microros_ws/install/rcl_interfaces/include/rcl_interfaces/rcl_interfaces/srv/set_parameters.hpp
[3.604s] -- Up-to-date: /home/abdelrhaman/microros_ws/install/rcl_interfaces/include/rcl_interfaces/rcl_interfaces/srv/list_parameters.hpp
[3.605s] -- Up-to-date: /home/abdelrhaman/microros_ws/install/rcl_interfaces/include/rcl_interfaces/rcl_interfaces/srv/get_parameter_types.hpp
[3.605s] -- Up-to-date: /home/abdelrhaman/microros_ws/install/rcl_interfaces/include/rcl_interfaces/rcl_interfaces/msg
[3.605s] -- Up-to-date: /home/abdelrhaman/microros_ws/install/rcl_interfaces/include/rcl_interfaces/rcl_interfaces/msg/parameter_descriptor.hpp
[3.605s] -- Up-to-date: /home/abdelrhaman/microros_ws/install/rcl_interfaces/include/rcl_interfaces/rcl_interfaces/msg/list_parameters_result.hpp
[3.605s] -- Up-to-date: /home/abdelrhaman/microros_ws/install/rcl_interfaces/include/rcl_interfaces/rcl_interfaces/msg/parameter_event_descriptors.hpp
[3.605s] -- Up-to-date: /home/abdelrhaman/microros_ws/install/rcl_interfaces/include/rcl_interfaces/rcl_interfaces/msg/detail
[3.605s] -- Up-to-date: /home/abdelrhaman/microros_ws/install/rcl_interfaces/include/rcl_interfaces/rcl_interfaces/msg/detail/floating_point_range__struct.hpp
[3.605s] -- Up-to-date: /home/abdelrhaman/microros_ws/install/rcl_interfaces/include/rcl_interfaces/rcl_interfaces/msg/detail/floating_point_range__traits.hpp
[3.605s] -- Up-to-date: /home/abdelrhaman/microros_ws/install/rcl_interfaces/include/rcl_interfaces/rcl_interfaces/msg/detail/list_parameters_result__builder.hpp
[3.605s] -- Up-to-date: /home/abdelrhaman/microros_ws/install/rcl_interfaces/include/rcl_interfaces/rcl_interfaces/msg/detail/integer_range__builder.hpp
[3.605s] -- Up-to-date: /home/abdelrhaman/microros_ws/install/rcl_interfaces/include/rcl_interfaces/rcl_interfaces/msg/detail/parameter__builder.hpp
[3.605s] -- Up-to-date: /home/abdelrhaman/microros_ws/install/rcl_interfaces/include/rcl_interfaces/rcl_interfaces/msg/detail/parameter_descriptor__struct.hpp
[3.605s] -- Up-to-date: /home/abdelrhaman/microros_ws/install/rcl_interfaces/include/rcl_interfaces/rcl_interfaces/msg/detail/parameter_event__struct.hpp
[3.605s] -- Up-to-date: /home/abdelrhaman/microros_ws/install/rcl_interfaces/include/rcl_interfaces/rcl_interfaces/msg/detail/parameter_descriptor__traits.hpp
[3.605s] -- Up-to-date: /home/abdelrhaman/microros_ws/install/rcl_interfaces/include/rcl_interfaces/rcl_interfaces/msg/detail/parameter_type__struct.hpp
[3.605s] -- Up-to-date: /home/abdelrhaman/microros_ws/install/rcl_interfaces/include/rcl_interfaces/rcl_interfaces/msg/detail/parameter_event__builder.hpp
[3.605s] -- Up-to-date: /home/abdelrhaman/microros_ws/install/rcl_interfaces/include/rcl_interfaces/rcl_interfaces/msg/detail/parameter_value__traits.hpp
[3.605s] -- Up-to-date: /home/abdelrhaman/microros_ws/install/rcl_interfaces/include/rcl_interfaces/rcl_interfaces/msg/detail/parameter__traits.hpp
[3.605s] -- Up-to-date: /home/abdelrhaman/microros_ws/install/rcl_interfaces/include/rcl_interfaces/rcl_interfaces/msg/detail/list_parameters_result__traits.hpp
[3.605s] -- Up-to-date: /home/abdelrhaman/microros_ws/install/rcl_interfaces/include/rcl_interfaces/rcl_interfaces/msg/detail/log__struct.hpp
[3.605s] -- Up-to-date: /home/abdelrhaman/microros_ws/install/rcl_interfaces/include/rcl_interfaces/rcl_interfaces/msg/detail/integer_range__traits.hpp
[3.606s] -- Up-to-date: /home/abdelrhaman/microros_ws/install/rcl_interfaces/include/rcl_interfaces/rcl_interfaces/msg/detail/parameter__struct.hpp
[3.606s] -- Up-to-date: /home/abdelrhaman/microros_ws/install/rcl_interfaces/include/rcl_interfaces/rcl_interfaces/msg/detail/parameter_event_descriptors__struct.hpp
[3.606s] -- Up-to-date: /home/abdelrhaman/microros_ws/install/rcl_interfaces/include/rcl_interfaces/rcl_interfaces/msg/detail/floating_point_range__builder.hpp
[3.606s] -- Up-to-date: /home/abdelrhaman/microros_ws/install/rcl_interfaces/include/rcl_interfaces/rcl_interfaces/msg/detail/parameter_value__struct.hpp
[3.606s] -- Up-to-date: /home/abdelrhaman/microros_ws/install/rcl_interfaces/include/rcl_interfaces/rcl_interfaces/msg/detail/log__builder.hpp
[3.606s] -- Up-to-date: /home/abdelrhaman/microros_ws/install/rcl_interfaces/include/rcl_interfaces/rcl_interfaces/msg/detail/parameter_value__builder.hpp
[3.606s] -- Up-to-date: /home/abdelrhaman/microros_ws/install/rcl_interfaces/include/rcl_interfaces/rcl_interfaces/msg/detail/set_parameters_result__builder.hpp
[3.606s] -- Up-to-date: /home/abdelrhaman/microros_ws/install/rcl_interfaces/include/rcl_interfaces/rcl_interfaces/msg/detail/parameter_type__builder.hpp
[3.606s] -- Up-to-date: /home/abdelrhaman/microros_ws/install/rcl_interfaces/include/rcl_interfaces/rcl_interfaces/msg/detail/parameter_type__traits.hpp
[3.606s] -- Up-to-date: /home/abdelrhaman/microros_ws/install/rcl_interfaces/include/rcl_interfaces/rcl_interfaces/msg/detail/parameter_event_descriptors__builder.hpp
[3.606s] -- Up-to-date: /home/abdelrhaman/microros_ws/install/rcl_interfaces/include/rcl_interfaces/rcl_interfaces/msg/detail/list_parameters_result__struct.hpp
[3.606s] -- Up-to-date: /home/abdelrhaman/microros_ws/install/rcl_interfaces/include/rcl_interfaces/rcl_interfaces/msg/detail/parameter_descriptor__builder.hpp
[3.606s] -- Up-to-date: /home/abdelrhaman/microros_ws/install/rcl_interfaces/include/rcl_interfaces/rcl_interfaces/msg/detail/integer_range__struct.hpp
[3.607s] -- Up-to-date: /home/abdelrhaman/microros_ws/install/rcl_interfaces/include/rcl_interfaces/rcl_interfaces/msg/detail/parameter_event__traits.hpp
[3.607s] -- Up-to-date: /home/abdelrhaman/microros_ws/install/rcl_interfaces/include/rcl_interfaces/rcl_interfaces/msg/detail/set_parameters_result__traits.hpp
[3.607s] -- Up-to-date: /home/abdelrhaman/microros_ws/install/rcl_interfaces/include/rcl_interfaces/rcl_interfaces/msg/detail/set_parameters_result__struct.hpp
[3.607s] -- Up-to-date: /home/abdelrhaman/microros_ws/install/rcl_interfaces/include/rcl_interfaces/rcl_interfaces/msg/detail/parameter_event_descriptors__traits.hpp
[3.607s] -- Up-to-date: /home/abdelrhaman/microros_ws/install/rcl_interfaces/include/rcl_interfaces/rcl_interfaces/msg/detail/log__traits.hpp
[3.607s] -- Up-to-date: /home/abdelrhaman/microros_ws/install/rcl_interfaces/include/rcl_interfaces/rcl_interfaces/msg/integer_range.hpp
[3.607s] -- Up-to-date: /home/abdelrhaman/microros_ws/install/rcl_interfaces/include/rcl_interfaces/rcl_interfaces/msg/floating_point_range.hpp
[3.607s] -- Up-to-date: /home/abdelrhaman/microros_ws/install/rcl_interfaces/include/rcl_interfaces/rcl_interfaces/msg/parameter_value.hpp
[3.607s] -- Up-to-date: /home/abdelrhaman/microros_ws/install/rcl_interfaces/include/rcl_interfaces/rcl_interfaces/msg/parameter_event.hpp
[3.607s] -- Up-to-date: /home/abdelrhaman/microros_ws/install/rcl_interfaces/include/rcl_interfaces/rcl_interfaces/msg/set_parameters_result.hpp
[3.607s] -- Up-to-date: /home/abdelrhaman/microros_ws/install/rcl_interfaces/include/rcl_interfaces/rcl_interfaces/msg/log.hpp
[3.607s] -- Up-to-date: /home/abdelrhaman/microros_ws/install/rcl_interfaces/include/rcl_interfaces/rcl_interfaces/msg/parameter.hpp
[3.607s] -- Up-to-date: /home/abdelrhaman/microros_ws/install/rcl_interfaces/include/rcl_interfaces/rcl_interfaces/msg/parameter_type.hpp
[3.607s] -- Up-to-date: /home/abdelrhaman/microros_ws/install/rcl_interfaces/include/rcl_interfaces/rcl_interfaces
[3.607s] -- Up-to-date: /home/abdelrhaman/microros_ws/install/rcl_interfaces/include/rcl_interfaces/rcl_interfaces/srv
[3.607s] -- Up-to-date: /home/abdelrhaman/microros_ws/install/rcl_interfaces/include/rcl_interfaces/rcl_interfaces/srv/detail
[3.607s] -- Up-to-date: /home/abdelrhaman/microros_ws/install/rcl_interfaces/include/rcl_interfaces/rcl_interfaces/srv/detail/set_parameters__rosidl_typesupport_fastrtps_cpp.hpp
[3.607s] -- Up-to-date: /home/abdelrhaman/microros_ws/install/rcl_interfaces/include/rcl_interfaces/rcl_interfaces/srv/detail/list_parameters__rosidl_typesupport_fastrtps_cpp.hpp
[3.607s] -- Up-to-date: /home/abdelrhaman/microros_ws/install/rcl_interfaces/include/rcl_interfaces/rcl_interfaces/srv/detail/describe_parameters__rosidl_typesupport_fastrtps_cpp.hpp
[3.607s] -- Up-to-date: /home/abdelrhaman/microros_ws/install/rcl_interfaces/include/rcl_interfaces/rcl_interfaces/srv/detail/get_parameter_types__rosidl_typesupport_fastrtps_cpp.hpp
[3.607s] -- Up-to-date: /home/abdelrhaman/microros_ws/install/rcl_interfaces/include/rcl_interfaces/rcl_interfaces/srv/detail/dds_fastrtps
[3.607s] -- Up-to-date: /home/abdelrhaman/microros_ws/install/rcl_interfaces/include/rcl_interfaces/rcl_interfaces/srv/detail/get_parameters__rosidl_typesupport_fastrtps_cpp.hpp
[3.607s] -- Up-to-date: /home/abdelrhaman/microros_ws/install/rcl_interfaces/include/rcl_interfaces/rcl_interfaces/srv/detail/set_parameters_atomically__rosidl_typesupport_fastrtps_cpp.hpp
[3.607s] -- Up-to-date: /home/abdelrhaman/microros_ws/install/rcl_interfaces/include/rcl_interfaces/rcl_interfaces/msg
[3.607s] -- Up-to-date: /home/abdelrhaman/microros_ws/install/rcl_interfaces/include/rcl_interfaces/rcl_interfaces/msg/detail
[3.607s] -- Up-to-date: /home/abdelrhaman/microros_ws/install/rcl_interfaces/include/rcl_interfaces/rcl_interfaces/msg/detail/set_parameters_result__rosidl_typesupport_fastrtps_cpp.hpp
[3.607s] -- Up-to-date: /home/abdelrhaman/microros_ws/install/rcl_interfaces/include/rcl_interfaces/rcl_interfaces/msg/detail/parameter_descriptor__rosidl_typesupport_fastrtps_cpp.hpp
[3.607s] -- Up-to-date: /home/abdelrhaman/microros_ws/install/rcl_interfaces/include/rcl_interfaces/rcl_interfaces/msg/detail/log__rosidl_typesupport_fastrtps_cpp.hpp
[3.607s] -- Up-to-date: /home/abdelrhaman/microros_ws/install/rcl_interfaces/include/rcl_interfaces/rcl_interfaces/msg/detail/floating_point_range__rosidl_typesupport_fastrtps_cpp.hpp
[3.607s] -- Up-to-date: /home/abdelrhaman/microros_ws/install/rcl_interfaces/include/rcl_interfaces/rcl_interfaces/msg/detail/parameter_value__rosidl_typesupport_fastrtps_cpp.hpp
[3.607s] -- Up-to-date: /home/abdelrhaman/microros_ws/install/rcl_interfaces/include/rcl_interfaces/rcl_interfaces/msg/detail/parameter__rosidl_typesupport_fastrtps_cpp.hpp
[3.608s] -- Up-to-date: /home/abdelrhaman/microros_ws/install/rcl_interfaces/include/rcl_interfaces/rcl_interfaces/msg/detail/dds_fastrtps
[3.608s] -- Up-to-date: /home/abdelrhaman/microros_ws/install/rcl_interfaces/include/rcl_interfaces/rcl_interfaces/msg/detail/integer_range__rosidl_typesupport_fastrtps_cpp.hpp
[3.608s] -- Up-to-date: /home/abdelrhaman/microros_ws/install/rcl_interfaces/include/rcl_interfaces/rcl_interfaces/msg/detail/parameter_type__rosidl_typesupport_fastrtps_cpp.hpp
[3.608s] -- Up-to-date: /home/abdelrhaman/microros_ws/install/rcl_interfaces/include/rcl_interfaces/rcl_interfaces/msg/detail/parameter_event_descriptors__rosidl_typesupport_fastrtps_cpp.hpp
[3.608s] -- Up-to-date: /home/abdelrhaman/microros_ws/install/rcl_interfaces/include/rcl_interfaces/rcl_interfaces/msg/detail/parameter_event__rosidl_typesupport_fastrtps_cpp.hpp
[3.608s] -- Up-to-date: /home/abdelrhaman/microros_ws/install/rcl_interfaces/include/rcl_interfaces/rcl_interfaces/msg/detail/list_parameters_result__rosidl_typesupport_fastrtps_cpp.hpp
[3.608s] -- Up-to-date: /home/abdelrhaman/microros_ws/install/rcl_interfaces/include/rcl_interfaces/rcl_interfaces/msg/rosidl_typesupport_fastrtps_cpp__visibility_control.h
[3.608s] -- Up-to-date: /home/abdelrhaman/microros_ws/install/rcl_interfaces/lib/librcl_interfaces__rosidl_typesupport_fastrtps_cpp.so
[3.608s] -- Up-to-date: /home/abdelrhaman/microros_ws/install/rcl_interfaces/include/rcl_interfaces/rcl_interfaces
[3.608s] -- Up-to-date: /home/abdelrhaman/microros_ws/install/rcl_interfaces/include/rcl_interfaces/rcl_interfaces/srv
[3.608s] -- Up-to-date: /home/abdelrhaman/microros_ws/install/rcl_interfaces/include/rcl_interfaces/rcl_interfaces/srv/detail
[3.608s] -- Up-to-date: /home/abdelrhaman/microros_ws/install/rcl_interfaces/include/rcl_interfaces/rcl_interfaces/srv/detail/set_parameters__rosidl_typesupport_introspection_cpp.hpp
[3.608s] -- Up-to-date: /home/abdelrhaman/microros_ws/install/rcl_interfaces/include/rcl_interfaces/rcl_interfaces/srv/detail/list_parameters__rosidl_typesupport_introspection_cpp.hpp
[3.608s] -- Up-to-date: /home/abdelrhaman/microros_ws/install/rcl_interfaces/include/rcl_interfaces/rcl_interfaces/srv/detail/list_parameters__type_support.cpp
[3.608s] -- Up-to-date: /home/abdelrhaman/microros_ws/install/rcl_interfaces/include/rcl_interfaces/rcl_interfaces/srv/detail/get_parameter_types__type_support.cpp
[3.608s] -- Up-to-date: /home/abdelrhaman/microros_ws/install/rcl_interfaces/include/rcl_interfaces/rcl_interfaces/srv/detail/get_parameters__rosidl_typesupport_introspection_cpp.hpp
[3.608s] -- Up-to-date: /home/abdelrhaman/microros_ws/install/rcl_interfaces/include/rcl_interfaces/rcl_interfaces/srv/detail/get_parameters__type_support.cpp
[3.608s] -- Up-to-date: /home/abdelrhaman/microros_ws/install/rcl_interfaces/include/rcl_interfaces/rcl_interfaces/srv/detail/set_parameters__type_support.cpp
[3.608s] -- Up-to-date: /home/abdelrhaman/microros_ws/install/rcl_interfaces/include/rcl_interfaces/rcl_interfaces/srv/detail/describe_parameters__rosidl_typesupport_introspection_cpp.hpp
[3.608s] -- Up-to-date: /home/abdelrhaman/microros_ws/install/rcl_interfaces/include/rcl_interfaces/rcl_interfaces/srv/detail/describe_parameters__type_support.cpp
[3.608s] -- Up-to-date: /home/abdelrhaman/microros_ws/install/rcl_interfaces/include/rcl_interfaces/rcl_interfaces/srv/detail/set_parameters_atomically__rosidl_typesupport_introspection_cpp.hpp
[3.608s] -- Up-to-date: /home/abdelrhaman/microros_ws/install/rcl_interfaces/include/rcl_interfaces/rcl_interfaces/srv/detail/set_parameters_atomically__type_support.cpp
[3.608s] -- Up-to-date: /home/abdelrhaman/microros_ws/install/rcl_interfaces/include/rcl_interfaces/rcl_interfaces/srv/detail/get_parameter_types__rosidl_typesupport_introspection_cpp.hpp
[3.608s] -- Up-to-date: /home/abdelrhaman/microros_ws/install/rcl_interfaces/include/rcl_interfaces/rcl_interfaces/msg
[3.608s] -- Up-to-date: /home/abdelrhaman/microros_ws/install/rcl_interfaces/include/rcl_interfaces/rcl_interfaces/msg/detail
[3.608s] -- Up-to-date: /home/abdelrhaman/microros_ws/install/rcl_interfaces/include/rcl_interfaces/rcl_interfaces/msg/detail/list_parameters_result__type_support.cpp
[3.608s] -- Up-to-date: /home/abdelrhaman/microros_ws/install/rcl_interfaces/include/rcl_interfaces/rcl_interfaces/msg/detail/integer_range__rosidl_typesupport_introspection_cpp.hpp
[3.608s] -- Up-to-date: /home/abdelrhaman/microros_ws/install/rcl_interfaces/include/rcl_interfaces/rcl_interfaces/msg/detail/parameter_descriptor__rosidl_typesupport_introspection_cpp.hpp
[3.608s] -- Up-to-date: /home/abdelrhaman/microros_ws/install/rcl_interfaces/include/rcl_interfaces/rcl_interfaces/msg/detail/parameter_value__type_support.cpp
[3.608s] -- Up-to-date: /home/abdelrhaman/microros_ws/install/rcl_interfaces/include/rcl_interfaces/rcl_interfaces/msg/detail/parameter_type__type_support.cpp
[3.608s] -- Up-to-date: /home/abdelrhaman/microros_ws/install/rcl_interfaces/include/rcl_interfaces/rcl_interfaces/msg/detail/parameter_value__rosidl_typesupport_introspection_cpp.hpp
[3.608s] -- Up-to-date: /home/abdelrhaman/microros_ws/install/rcl_interfaces/include/rcl_interfaces/rcl_interfaces/msg/detail/floating_point_range__type_support.cpp
[3.608s] -- Up-to-date: /home/abdelrhaman/microros_ws/install/rcl_interfaces/include/rcl_interfaces/rcl_interfaces/msg/detail/parameter_descriptor__type_support.cpp
[3.608s] -- Up-to-date: /home/abdelrhaman/microros_ws/install/rcl_interfaces/include/rcl_interfaces/rcl_interfaces/msg/detail/parameter__type_support.cpp
[3.608s] -- Up-to-date: /home/abdelrhaman/microros_ws/install/rcl_interfaces/include/rcl_interfaces/rcl_interfaces/msg/detail/parameter_event__rosidl_typesupport_introspection_cpp.hpp
[3.608s] -- Up-to-date: /home/abdelrhaman/microros_ws/install/rcl_interfaces/include/rcl_interfaces/rcl_interfaces/msg/detail/parameter_event_descriptors__rosidl_typesupport_introspection_cpp.hpp
[3.609s] -- Up-to-date: /home/abdelrhaman/microros_ws/install/rcl_interfaces/include/rcl_interfaces/rcl_interfaces/msg/detail/floating_point_range__rosidl_typesupport_introspection_cpp.hpp
[3.609s] -- Up-to-date: /home/abdelrhaman/microros_ws/install/rcl_interfaces/include/rcl_interfaces/rcl_interfaces/msg/detail/log__rosidl_typesupport_introspection_cpp.hpp
[3.609s] -- Up-to-date: /home/abdelrhaman/microros_ws/install/rcl_interfaces/include/rcl_interfaces/rcl_interfaces/msg/detail/parameter_event_descriptors__type_support.cpp
[3.609s] -- Up-to-date: /home/abdelrhaman/microros_ws/install/rcl_interfaces/include/rcl_interfaces/rcl_interfaces/msg/detail/parameter__rosidl_typesupport_introspection_cpp.hpp
[3.609s] -- Up-to-date: /home/abdelrhaman/microros_ws/install/rcl_interfaces/include/rcl_interfaces/rcl_interfaces/msg/detail/integer_range__type_support.cpp
[3.609s] -- Up-to-date: /home/abdelrhaman/microros_ws/install/rcl_interfaces/include/rcl_interfaces/rcl_interfaces/msg/detail/set_parameters_result__rosidl_typesupport_introspection_cpp.hpp
[3.609s] -- Up-to-date: /home/abdelrhaman/microros_ws/install/rcl_interfaces/include/rcl_interfaces/rcl_interfaces/msg/detail/list_parameters_result__rosidl_typesupport_introspection_cpp.hpp
[3.609s] -- Up-to-date: /home/abdelrhaman/microros_ws/install/rcl_interfaces/include/rcl_interfaces/rcl_interfaces/msg/detail/parameter_type__rosidl_typesupport_introspection_cpp.hpp
[3.609s] -- Up-to-date: /home/abdelrhaman/microros_ws/install/rcl_interfaces/include/rcl_interfaces/rcl_interfaces/msg/detail/parameter_event__type_support.cpp
[3.609s] -- Up-to-date: /home/abdelrhaman/microros_ws/install/rcl_interfaces/include/rcl_interfaces/rcl_interfaces/msg/detail/log__type_support.cpp
[3.609s] -- Up-to-date: /home/abdelrhaman/microros_ws/install/rcl_interfaces/include/rcl_interfaces/rcl_interfaces/msg/detail/set_parameters_result__type_support.cpp
[3.609s] -- Up-to-date: /home/abdelrhaman/microros_ws/install/rcl_interfaces/lib/librcl_interfaces__rosidl_typesupport_introspection_cpp.so
[3.609s] -- Installing: /home/abdelrhaman/microros_ws/install/rcl_interfaces/lib/librcl_interfaces__rosidl_typesupport_cpp.so
[3.609s] -- Set runtime path of "/home/abdelrhaman/microros_ws/install/rcl_interfaces/lib/librcl_interfaces__rosidl_typesupport_cpp.so" to ""
[3.609s] -- Up-to-date: /home/abdelrhaman/microros_ws/install/rcl_interfaces/share/rcl_interfaces/environment/pythonpath.sh
[3.609s] -- Installing: /home/abdelrhaman/microros_ws/install/rcl_interfaces/share/rcl_interfaces/environment/pythonpath.dsv
[3.609s] -- Up-to-date: /home/abdelrhaman/microros_ws/install/rcl_interfaces/local/lib/python3.10/dist-packages/rcl_interfaces-1.2.1-py3.10.egg-info
[3.609s] -- Installing: /home/abdelrhaman/microros_ws/install/rcl_interfaces/local/lib/python3.10/dist-packages/rcl_interfaces-1.2.1-py3.10.egg-info/PKG-INFO
[3.609s] -- Installing: /home/abdelrhaman/microros_ws/install/rcl_interfaces/local/lib/python3.10/dist-packages/rcl_interfaces-1.2.1-py3.10.egg-info/SOURCES.txt
[3.609s] -- Installing: /home/abdelrhaman/microros_ws/install/rcl_interfaces/local/lib/python3.10/dist-packages/rcl_interfaces-1.2.1-py3.10.egg-info/top_level.txt
[3.609s] -- Installing: /home/abdelrhaman/microros_ws/install/rcl_interfaces/local/lib/python3.10/dist-packages/rcl_interfaces-1.2.1-py3.10.egg-info/dependency_links.txt
[3.609s] -- Up-to-date: /home/abdelrhaman/microros_ws/install/rcl_interfaces/local/lib/python3.10/dist-packages/rcl_interfaces
[3.609s] -- Up-to-date: /home/abdelrhaman/microros_ws/install/rcl_interfaces/local/lib/python3.10/dist-packages/rcl_interfaces/srv
[3.609s] -- Up-to-date: /home/abdelrhaman/microros_ws/install/rcl_interfaces/local/lib/python3.10/dist-packages/rcl_interfaces/srv/_get_parameters_s.c
[3.609s] -- Up-to-date: /home/abdelrhaman/microros_ws/install/rcl_interfaces/local/lib/python3.10/dist-packages/rcl_interfaces/srv/_describe_parameters_s.c
[3.609s] -- Up-to-date: /home/abdelrhaman/microros_ws/install/rcl_interfaces/local/lib/python3.10/dist-packages/rcl_interfaces/srv/_set_parameters_atomically_s.c
[3.609s] -- Up-to-date: /home/abdelrhaman/microros_ws/install/rcl_interfaces/local/lib/python3.10/dist-packages/rcl_interfaces/srv/_list_parameters_s.c
[3.610s] -- Up-to-date: /home/abdelrhaman/microros_ws/install/rcl_interfaces/local/lib/python3.10/dist-packages/rcl_interfaces/srv/_set_parameters.py
[3.610s] -- Up-to-date: /home/abdelrhaman/microros_ws/install/rcl_interfaces/local/lib/python3.10/dist-packages/rcl_interfaces/srv/_describe_parameters.py
[3.610s] -- Up-to-date: /home/abdelrhaman/microros_ws/install/rcl_interfaces/local/lib/python3.10/dist-packages/rcl_interfaces/srv/_get_parameter_types_s.c
[3.610s] -- Up-to-date: /home/abdelrhaman/microros_ws/install/rcl_interfaces/local/lib/python3.10/dist-packages/rcl_interfaces/srv/_get_parameter_types.py
[3.610s] -- Up-to-date: /home/abdelrhaman/microros_ws/install/rcl_interfaces/local/lib/python3.10/dist-packages/rcl_interfaces/srv/_set_parameters_atomically.py
[3.610s] -- Up-to-date: /home/abdelrhaman/microros_ws/install/rcl_interfaces/local/lib/python3.10/dist-packages/rcl_interfaces/srv/__init__.py
[3.610s] -- Up-to-date: /home/abdelrhaman/microros_ws/install/rcl_interfaces/local/lib/python3.10/dist-packages/rcl_interfaces/srv/_set_parameters_s.c
[3.610s] -- Up-to-date: /home/abdelrhaman/microros_ws/install/rcl_interfaces/local/lib/python3.10/dist-packages/rcl_interfaces/srv/_list_parameters.py
[3.610s] -- Up-to-date: /home/abdelrhaman/microros_ws/install/rcl_interfaces/local/lib/python3.10/dist-packages/rcl_interfaces/srv/_get_parameters.py
[3.610s] -- Installing: /home/abdelrhaman/microros_ws/install/rcl_interfaces/local/lib/python3.10/dist-packages/rcl_interfaces/librcl_interfaces__rosidl_generator_py.so
[3.610s] -- Up-to-date: /home/abdelrhaman/microros_ws/install/rcl_interfaces/local/lib/python3.10/dist-packages/rcl_interfaces/_rcl_interfaces_s.ep.rosidl_typesupport_introspection_c.c
[3.610s] -- Up-to-date: /home/abdelrhaman/microros_ws/install/rcl_interfaces/local/lib/python3.10/dist-packages/rcl_interfaces/_rcl_interfaces_s.ep.rosidl_typesupport_microxrcedds_c.c
[3.610s] -- Installing: /home/abdelrhaman/microros_ws/install/rcl_interfaces/local/lib/python3.10/dist-packages/rcl_interfaces/rcl_interfaces_s__rosidl_typesupport_c.cpython-310-x86_64-linux-gnu.so
[3.610s] -- Installing: /home/abdelrhaman/microros_ws/install/rcl_interfaces/local/lib/python3.10/dist-packages/rcl_interfaces/__init__.py
[3.610s] -- Up-to-date: /home/abdelrhaman/microros_ws/install/rcl_interfaces/local/lib/python3.10/dist-packages/rcl_interfaces/_rcl_interfaces_s.ep.rosidl_typesupport_fastrtps_c.c
[3.611s] -- Up-to-date: /home/abdelrhaman/microros_ws/install/rcl_interfaces/local/lib/python3.10/dist-packages/rcl_interfaces/msg
[3.611s] -- Up-to-date: /home/abdelrhaman/microros_ws/install/rcl_interfaces/local/lib/python3.10/dist-packages/rcl_interfaces/msg/_parameter_s.c
[3.611s] -- Up-to-date: /home/abdelrhaman/microros_ws/install/rcl_interfaces/local/lib/python3.10/dist-packages/rcl_interfaces/msg/_set_parameters_result_s.c
[3.611s] -- Up-to-date: /home/abdelrhaman/microros_ws/install/rcl_interfaces/local/lib/python3.10/dist-packages/rcl_interfaces/msg/_parameter_event_descriptors.py
[3.611s] -- Up-to-date: /home/abdelrhaman/microros_ws/install/rcl_interfaces/local/lib/python3.10/dist-packages/rcl_interfaces/msg/_integer_range.py
[3.611s] -- Up-to-date: /home/abdelrhaman/microros_ws/install/rcl_interfaces/local/lib/python3.10/dist-packages/rcl_interfaces/msg/_parameter_value.py
[3.611s] -- Up-to-date: /home/abdelrhaman/microros_ws/install/rcl_interfaces/local/lib/python3.10/dist-packages/rcl_interfaces/msg/_log.py
[3.611s] -- Up-to-date: /home/abdelrhaman/microros_ws/install/rcl_interfaces/local/lib/python3.10/dist-packages/rcl_interfaces/msg/_parameter_descriptor.py
[3.611s] -- Up-to-date: /home/abdelrhaman/microros_ws/install/rcl_interfaces/local/lib/python3.10/dist-packages/rcl_interfaces/msg/_floating_point_range_s.c
[3.611s] -- Up-to-date: /home/abdelrhaman/microros_ws/install/rcl_interfaces/local/lib/python3.10/dist-packages/rcl_interfaces/msg/_list_parameters_result.py
[3.611s] -- Up-to-date: /home/abdelrhaman/microros_ws/install/rcl_interfaces/local/lib/python3.10/dist-packages/rcl_interfaces/msg/_parameter_descriptor_s.c
[3.612s] -- Up-to-date: /home/abdelrhaman/microros_ws/install/rcl_interfaces/local/lib/python3.10/dist-packages/rcl_interfaces/msg/_parameter_type.py
[3.612s] -- Up-to-date: /home/abdelrhaman/microros_ws/install/rcl_interfaces/local/lib/python3.10/dist-packages/rcl_interfaces/msg/_log_s.c
[3.612s] -- Up-to-date: /home/abdelrhaman/microros_ws/install/rcl_interfaces/local/lib/python3.10/dist-packages/rcl_interfaces/msg/_parameter_type_s.c
[3.612s] -- Up-to-date: /home/abdelrhaman/microros_ws/install/rcl_interfaces/local/lib/python3.10/dist-packages/rcl_interfaces/msg/_parameter_event_descriptors_s.c
[3.612s] -- Up-to-date: /home/abdelrhaman/microros_ws/install/rcl_interfaces/local/lib/python3.10/dist-packages/rcl_interfaces/msg/_floating_point_range.py
[3.612s] -- Up-to-date: /home/abdelrhaman/microros_ws/install/rcl_interfaces/local/lib/python3.10/dist-packages/rcl_interfaces/msg/__init__.py
[3.612s] -- Up-to-date: /home/abdelrhaman/microros_ws/install/rcl_interfaces/local/lib/python3.10/dist-packages/rcl_interfaces/msg/_integer_range_s.c
[3.612s] -- Up-to-date: /home/abdelrhaman/microros_ws/install/rcl_interfaces/local/lib/python3.10/dist-packages/rcl_interfaces/msg/_parameter.py
[3.612s] -- Up-to-date: /home/abdelrhaman/microros_ws/install/rcl_interfaces/local/lib/python3.10/dist-packages/rcl_interfaces/msg/_list_parameters_result_s.c
[3.612s] -- Up-to-date: /home/abdelrhaman/microros_ws/install/rcl_interfaces/local/lib/python3.10/dist-packages/rcl_interfaces/msg/_parameter_value_s.c
[3.612s] -- Up-to-date: /home/abdelrhaman/microros_ws/install/rcl_interfaces/local/lib/python3.10/dist-packages/rcl_interfaces/msg/_parameter_event_s.c
[3.612s] -- Up-to-date: /home/abdelrhaman/microros_ws/install/rcl_interfaces/local/lib/python3.10/dist-packages/rcl_interfaces/msg/_set_parameters_result.py
[3.612s] -- Up-to-date: /home/abdelrhaman/microros_ws/install/rcl_interfaces/local/lib/python3.10/dist-packages/rcl_interfaces/msg/_parameter_event.py
[3.613s] -- Installing: /home/abdelrhaman/microros_ws/install/rcl_interfaces/local/lib/python3.10/dist-packages/rcl_interfaces/rcl_interfaces_s__rosidl_typesupport_introspection_c.cpython-310-x86_64-linux-gnu.so
[3.613s] -- Up-to-date: /home/abdelrhaman/microros_ws/install/rcl_interfaces/local/lib/python3.10/dist-packages/rcl_interfaces/rcl_interfaces_s__rosidl_typesupport_microxrcedds_c.cpython-310-x86_64-linux-gnu.so
[3.613s] -- Installing: /home/abdelrhaman/microros_ws/install/rcl_interfaces/local/lib/python3.10/dist-packages/rcl_interfaces/rcl_interfaces_s__rosidl_typesupport_fastrtps_c.cpython-310-x86_64-linux-gnu.so
[3.613s] -- Up-to-date: /home/abdelrhaman/microros_ws/install/rcl_interfaces/local/lib/python3.10/dist-packages/rcl_interfaces/_rcl_interfaces_s.ep.rosidl_typesupport_c.c
[3.636s] Listing '/home/abdelrhaman/microros_ws/install/rcl_interfaces/local/lib/python3.10/dist-packages/rcl_interfaces'...
[3.637s] Compiling '/home/abdelrhaman/microros_ws/install/rcl_interfaces/local/lib/python3.10/dist-packages/rcl_interfaces/__init__.py'...
[3.637s] Listing '/home/abdelrhaman/microros_ws/install/rcl_interfaces/local/lib/python3.10/dist-packages/rcl_interfaces/msg'...
[3.637s] Listing '/home/abdelrhaman/microros_ws/install/rcl_interfaces/local/lib/python3.10/dist-packages/rcl_interfaces/srv'...
[3.639s] -- Installing: /home/abdelrhaman/microros_ws/install/rcl_interfaces/local/lib/python3.10/dist-packages/rcl_interfaces/rcl_interfaces_s__rosidl_typesupport_fastrtps_c.cpython-310-x86_64-linux-gnu.so
[3.640s] -- Set runtime path of "/home/abdelrhaman/microros_ws/install/rcl_interfaces/local/lib/python3.10/dist-packages/rcl_interfaces/rcl_interfaces_s__rosidl_typesupport_fastrtps_c.cpython-310-x86_64-linux-gnu.so" to ""
[3.640s] -- Installing: /home/abdelrhaman/microros_ws/install/rcl_interfaces/local/lib/python3.10/dist-packages/rcl_interfaces/rcl_interfaces_s__rosidl_typesupport_introspection_c.cpython-310-x86_64-linux-gnu.so
[3.640s] -- Set runtime path of "/home/abdelrhaman/microros_ws/install/rcl_interfaces/local/lib/python3.10/dist-packages/rcl_interfaces/rcl_interfaces_s__rosidl_typesupport_introspection_c.cpython-310-x86_64-linux-gnu.so" to ""
[3.640s] -- Installing: /home/abdelrhaman/microros_ws/install/rcl_interfaces/local/lib/python3.10/dist-packages/rcl_interfaces/rcl_interfaces_s__rosidl_typesupport_c.cpython-310-x86_64-linux-gnu.so
[3.640s] -- Set runtime path of "/home/abdelrhaman/microros_ws/install/rcl_interfaces/local/lib/python3.10/dist-packages/rcl_interfaces/rcl_interfaces_s__rosidl_typesupport_c.cpython-310-x86_64-linux-gnu.so" to ""
[3.640s] -- Installing: /home/abdelrhaman/microros_ws/install/rcl_interfaces/lib/librcl_interfaces__rosidl_generator_py.so
[3.641s] -- Set runtime path of "/home/abdelrhaman/microros_ws/install/rcl_interfaces/lib/librcl_interfaces__rosidl_generator_py.so" to ""
[3.641s] -- Up-to-date: /home/abdelrhaman/microros_ws/install/rcl_interfaces/share/rcl_interfaces/msg/FloatingPointRange.idl
[3.641s] -- Up-to-date: /home/abdelrhaman/microros_ws/install/rcl_interfaces/share/rcl_interfaces/msg/IntegerRange.idl
[3.641s] -- Up-to-date: /home/abdelrhaman/microros_ws/install/rcl_interfaces/share/rcl_interfaces/msg/ListParametersResult.idl
[3.641s] -- Up-to-date: /home/abdelrhaman/microros_ws/install/rcl_interfaces/share/rcl_interfaces/msg/Log.idl
[3.641s] -- Up-to-date: /home/abdelrhaman/microros_ws/install/rcl_interfaces/share/rcl_interfaces/msg/ParameterDescriptor.idl
[3.641s] -- Up-to-date: /home/abdelrhaman/microros_ws/install/rcl_interfaces/share/rcl_interfaces/msg/ParameterEventDescriptors.idl
[3.641s] -- Up-to-date: /home/abdelrhaman/microros_ws/install/rcl_interfaces/share/rcl_interfaces/msg/ParameterEvent.idl
[3.641s] -- Up-to-date: /home/abdelrhaman/microros_ws/install/rcl_interfaces/share/rcl_interfaces/msg/Parameter.idl
[3.642s] -- Up-to-date: /home/abdelrhaman/microros_ws/install/rcl_interfaces/share/rcl_interfaces/msg/ParameterType.idl
[3.642s] -- Up-to-date: /home/abdelrhaman/microros_ws/install/rcl_interfaces/share/rcl_interfaces/msg/ParameterValue.idl
[3.642s] -- Up-to-date: /home/abdelrhaman/microros_ws/install/rcl_interfaces/share/rcl_interfaces/msg/SetParametersResult.idl
[3.642s] -- Up-to-date: /home/abdelrhaman/microros_ws/install/rcl_interfaces/share/rcl_interfaces/srv/DescribeParameters.idl
[3.642s] -- Up-to-date: /home/abdelrhaman/microros_ws/install/rcl_interfaces/share/rcl_interfaces/srv/GetParameters.idl
[3.642s] -- Up-to-date: /home/abdelrhaman/microros_ws/install/rcl_interfaces/share/rcl_interfaces/srv/GetParameterTypes.idl
[3.642s] -- Up-to-date: /home/abdelrhaman/microros_ws/install/rcl_interfaces/share/rcl_interfaces/srv/ListParameters.idl
[3.642s] -- Up-to-date: /home/abdelrhaman/microros_ws/install/rcl_interfaces/share/rcl_interfaces/srv/SetParametersAtomically.idl
[3.642s] -- Up-to-date: /home/abdelrhaman/microros_ws/install/rcl_interfaces/share/rcl_interfaces/srv/SetParameters.idl
[3.642s] -- Up-to-date: /home/abdelrhaman/microros_ws/install/rcl_interfaces/share/rcl_interfaces/msg/FloatingPointRange.msg
[3.642s] -- Up-to-date: /home/abdelrhaman/microros_ws/install/rcl_interfaces/share/rcl_interfaces/msg/IntegerRange.msg
[3.643s] -- Up-to-date: /home/abdelrhaman/microros_ws/install/rcl_interfaces/share/rcl_interfaces/msg/ListParametersResult.msg
[3.643s] -- Up-to-date: /home/abdelrhaman/microros_ws/install/rcl_interfaces/share/rcl_interfaces/msg/Log.msg
[3.643s] -- Up-to-date: /home/abdelrhaman/microros_ws/install/rcl_interfaces/share/rcl_interfaces/msg/ParameterDescriptor.msg
[3.643s] -- Up-to-date: /home/abdelrhaman/microros_ws/install/rcl_interfaces/share/rcl_interfaces/msg/ParameterEventDescriptors.msg
[3.643s] -- Up-to-date: /home/abdelrhaman/microros_ws/install/rcl_interfaces/share/rcl_interfaces/msg/ParameterEvent.msg
[3.643s] -- Up-to-date: /home/abdelrhaman/microros_ws/install/rcl_interfaces/share/rcl_interfaces/msg/Parameter.msg
[3.643s] -- Up-to-date: /home/abdelrhaman/microros_ws/install/rcl_interfaces/share/rcl_interfaces/msg/ParameterType.msg
[3.643s] -- Up-to-date: /home/abdelrhaman/microros_ws/install/rcl_interfaces/share/rcl_interfaces/msg/ParameterValue.msg
[3.643s] -- Up-to-date: /home/abdelrhaman/microros_ws/install/rcl_interfaces/share/rcl_interfaces/msg/SetParametersResult.msg
[3.643s] -- Up-to-date: /home/abdelrhaman/microros_ws/install/rcl_interfaces/share/rcl_interfaces/srv/DescribeParameters.srv
[3.643s] -- Up-to-date: /home/abdelrhaman/microros_ws/install/rcl_interfaces/share/rcl_interfaces/srv/DescribeParameters_Request.msg
[3.643s] -- Up-to-date: /home/abdelrhaman/microros_ws/install/rcl_interfaces/share/rcl_interfaces/srv/DescribeParameters_Response.msg
[3.643s] -- Up-to-date: /home/abdelrhaman/microros_ws/install/rcl_interfaces/share/rcl_interfaces/srv/GetParameters.srv
[3.643s] -- Up-to-date: /home/abdelrhaman/microros_ws/install/rcl_interfaces/share/rcl_interfaces/srv/GetParameters_Request.msg
[3.643s] -- Up-to-date: /home/abdelrhaman/microros_ws/install/rcl_interfaces/share/rcl_interfaces/srv/GetParameters_Response.msg
[3.643s] -- Up-to-date: /home/abdelrhaman/microros_ws/install/rcl_interfaces/share/rcl_interfaces/srv/GetParameterTypes.srv
[3.643s] -- Up-to-date: /home/abdelrhaman/microros_ws/install/rcl_interfaces/share/rcl_interfaces/srv/GetParameterTypes_Request.msg
[3.643s] -- Up-to-date: /home/abdelrhaman/microros_ws/install/rcl_interfaces/share/rcl_interfaces/srv/GetParameterTypes_Response.msg
[3.643s] -- Up-to-date: /home/abdelrhaman/microros_ws/install/rcl_interfaces/share/rcl_interfaces/srv/ListParameters.srv
[3.643s] -- Up-to-date: /home/abdelrhaman/microros_ws/install/rcl_interfaces/share/rcl_interfaces/srv/ListParameters_Request.msg
[3.643s] -- Up-to-date: /home/abdelrhaman/microros_ws/install/rcl_interfaces/share/rcl_interfaces/srv/ListParameters_Response.msg
[3.643s] -- Up-to-date: /home/abdelrhaman/microros_ws/install/rcl_interfaces/share/rcl_interfaces/srv/SetParametersAtomically.srv
[3.643s] -- Up-to-date: /home/abdelrhaman/microros_ws/install/rcl_interfaces/share/rcl_interfaces/srv/SetParametersAtomically_Request.msg
[3.643s] -- Up-to-date: /home/abdelrhaman/microros_ws/install/rcl_interfaces/share/rcl_interfaces/srv/SetParametersAtomically_Response.msg
[3.644s] -- Up-to-date: /home/abdelrhaman/microros_ws/install/rcl_interfaces/share/rcl_interfaces/srv/SetParameters.srv
[3.644s] -- Up-to-date: /home/abdelrhaman/microros_ws/install/rcl_interfaces/share/rcl_interfaces/srv/SetParameters_Request.msg
[3.644s] -- Up-to-date: /home/abdelrhaman/microros_ws/install/rcl_interfaces/share/rcl_interfaces/srv/SetParameters_Response.msg
[3.644s] -- Up-to-date: /home/abdelrhaman/microros_ws/install/rcl_interfaces/share/rcl_interfaces/mapping_rules.yaml
[3.644s] -- Up-to-date: /home/abdelrhaman/microros_ws/install/rcl_interfaces/share/ament_index/resource_index/package_run_dependencies/rcl_interfaces
[3.644s] -- Installing: /home/abdelrhaman/microros_ws/install/rcl_interfaces/share/ament_index/resource_index/parent_prefix_path/rcl_interfaces
[3.644s] -- Up-to-date: /home/abdelrhaman/microros_ws/install/rcl_interfaces/share/rcl_interfaces/environment/ament_prefix_path.sh
[3.644s] -- Installing: /home/abdelrhaman/microros_ws/install/rcl_interfaces/share/rcl_interfaces/environment/ament_prefix_path.dsv
[3.644s] -- Up-to-date: /home/abdelrhaman/microros_ws/install/rcl_interfaces/share/rcl_interfaces/environment/path.sh
[3.644s] -- Installing: /home/abdelrhaman/microros_ws/install/rcl_interfaces/share/rcl_interfaces/environment/path.dsv
[3.644s] -- Up-to-date: /home/abdelrhaman/microros_ws/install/rcl_interfaces/share/rcl_interfaces/local_setup.bash
[3.644s] -- Up-to-date: /home/abdelrhaman/microros_ws/install/rcl_interfaces/share/rcl_interfaces/local_setup.sh
[3.644s] -- Up-to-date: /home/abdelrhaman/microros_ws/install/rcl_interfaces/share/rcl_interfaces/local_setup.zsh
[3.644s] -- Installing: /home/abdelrhaman/microros_ws/install/rcl_interfaces/share/rcl_interfaces/local_setup.dsv
[3.644s] -- Installing: /home/abdelrhaman/microros_ws/install/rcl_interfaces/share/rcl_interfaces/package.dsv
[3.644s] -- Up-to-date: /home/abdelrhaman/microros_ws/install/rcl_interfaces/share/ament_index/resource_index/packages/rcl_interfaces
[3.644s] -- Up-to-date: /home/abdelrhaman/microros_ws/install/rcl_interfaces/share/rcl_interfaces/cmake/export_rcl_interfaces__rosidl_generator_cExport.cmake
[3.644s] -- Up-to-date: /home/abdelrhaman/microros_ws/install/rcl_interfaces/share/rcl_interfaces/cmake/export_rcl_interfaces__rosidl_generator_cExport-noconfig.cmake
[3.644s] -- Up-to-date: /home/abdelrhaman/microros_ws/install/rcl_interfaces/share/rcl_interfaces/cmake/export_rcl_interfaces__rosidl_typesupport_fastrtps_cExport.cmake
[3.644s] -- Up-to-date: /home/abdelrhaman/microros_ws/install/rcl_interfaces/share/rcl_interfaces/cmake/export_rcl_interfaces__rosidl_typesupport_fastrtps_cExport-noconfig.cmake
[3.644s] -- Up-to-date: /home/abdelrhaman/microros_ws/install/rcl_interfaces/share/rcl_interfaces/cmake/rcl_interfaces__rosidl_typesupport_introspection_cExport.cmake
[3.644s] -- Up-to-date: /home/abdelrhaman/microros_ws/install/rcl_interfaces/share/rcl_interfaces/cmake/rcl_interfaces__rosidl_typesupport_introspection_cExport-noconfig.cmake
[3.644s] -- Up-to-date: /home/abdelrhaman/microros_ws/install/rcl_interfaces/share/rcl_interfaces/cmake/rcl_interfaces__rosidl_typesupport_cExport.cmake
[3.644s] -- Up-to-date: /home/abdelrhaman/microros_ws/install/rcl_interfaces/share/rcl_interfaces/cmake/rcl_interfaces__rosidl_typesupport_cExport-noconfig.cmake
[3.644s] -- Up-to-date: /home/abdelrhaman/microros_ws/install/rcl_interfaces/share/rcl_interfaces/cmake/export_rcl_interfaces__rosidl_generator_cppExport.cmake
[3.644s] -- Up-to-date: /home/abdelrhaman/microros_ws/install/rcl_interfaces/share/rcl_interfaces/cmake/export_rcl_interfaces__rosidl_typesupport_fastrtps_cppExport.cmake
[3.644s] -- Up-to-date: /home/abdelrhaman/microros_ws/install/rcl_interfaces/share/rcl_interfaces/cmake/export_rcl_interfaces__rosidl_typesupport_fastrtps_cppExport-noconfig.cmake
[3.645s] -- Up-to-date: /home/abdelrhaman/microros_ws/install/rcl_interfaces/share/rcl_interfaces/cmake/rcl_interfaces__rosidl_typesupport_introspection_cppExport.cmake
[3.645s] -- Up-to-date: /home/abdelrhaman/microros_ws/install/rcl_interfaces/share/rcl_interfaces/cmake/rcl_interfaces__rosidl_typesupport_introspection_cppExport-noconfig.cmake
[3.645s] -- Up-to-date: /home/abdelrhaman/microros_ws/install/rcl_interfaces/share/rcl_interfaces/cmake/rcl_interfaces__rosidl_typesupport_cppExport.cmake
[3.645s] -- Up-to-date: /home/abdelrhaman/microros_ws/install/rcl_interfaces/share/rcl_interfaces/cmake/rcl_interfaces__rosidl_typesupport_cppExport-noconfig.cmake
[3.645s] -- Up-to-date: /home/abdelrhaman/microros_ws/install/rcl_interfaces/share/rcl_interfaces/cmake/export_rcl_interfaces__rosidl_generator_pyExport.cmake
[3.645s] -- Up-to-date: /home/abdelrhaman/microros_ws/install/rcl_interfaces/share/rcl_interfaces/cmake/export_rcl_interfaces__rosidl_generator_pyExport-noconfig.cmake
[3.645s] -- Up-to-date: /home/abdelrhaman/microros_ws/install/rcl_interfaces/share/rcl_interfaces/cmake/rosidl_cmake-extras.cmake
[3.645s] -- Up-to-date: /home/abdelrhaman/microros_ws/install/rcl_interfaces/share/rcl_interfaces/cmake/ament_cmake_export_dependencies-extras.cmake
[3.645s] -- Installing: /home/abdelrhaman/microros_ws/install/rcl_interfaces/share/rcl_interfaces/cmake/ament_cmake_export_include_directories-extras.cmake
[3.645s] -- Up-to-date: /home/abdelrhaman/microros_ws/install/rcl_interfaces/share/rcl_interfaces/cmake/ament_cmake_export_libraries-extras.cmake
[3.645s] -- Up-to-date: /home/abdelrhaman/microros_ws/install/rcl_interfaces/share/rcl_interfaces/cmake/ament_cmake_export_targets-extras.cmake
[3.645s] -- Up-to-date: /home/abdelrhaman/microros_ws/install/rcl_interfaces/share/rcl_interfaces/cmake/rosidl_cmake_export_typesupport_targets-extras.cmake
[3.645s] -- Installing: /home/abdelrhaman/microros_ws/install/rcl_interfaces/share/rcl_interfaces/cmake/rosidl_cmake_export_typesupport_libraries-extras.cmake
[3.645s] -- Up-to-date: /home/abdelrhaman/microros_ws/install/rcl_interfaces/share/rcl_interfaces/cmake/rcl_interfacesConfig.cmake
[3.645s] -- Up-to-date: /home/abdelrhaman/microros_ws/install/rcl_interfaces/share/rcl_interfaces/cmake/rcl_interfacesConfig-version.cmake
[3.645s] -- Up-to-date: /home/abdelrhaman/microros_ws/install/rcl_interfaces/share/rcl_interfaces/package.xml
[3.648s] Invoked command in '/home/abdelrhaman/microros_ws/build/rcl_interfaces' returned '0': AMENT_PREFIX_PATH=/home/abdelrhaman/microros_ws/install/builtin_interfaces:${AMENT_PREFIX_PATH} CMAKE_PREFIX_PATH=/home/abdelrhaman/microros_ws/install/builtin_interfaces:/home/abdelrhaman/ros/install/my_robot_controller:/opt/ros/humble LD_LIBRARY_PATH=/home/abdelrhaman/microros_ws/install/builtin_interfaces/lib:${LD_LIBRARY_PATH} PYTHONPATH=/home/abdelrhaman/microros_ws/install/builtin_interfaces/local/lib/python3.10/dist-packages:${PYTHONPATH} /usr/bin/cmake --install /home/abdelrhaman/microros_ws/build/rcl_interfaces
