[0.018s] Invoking command in '/home/abdelrhaman/microros_ws/build/micro_ros_msgs': CMAKE_PREFIX_PATH=/home/abdelrhaman/ros/install/my_robot_controller:/opt/ros/humble /usr/bin/cmake /home/abdelrhaman/microros_ws/src/uros/micro_ros_msgs -DCMAKE_INSTALL_PREFIX=/home/abdelrhaman/microros_ws/install/micro_ros_msgs
[0.028s] -- Found ament_cmake: 1.3.10 (/opt/ros/humble/share/ament_cmake/cmake)
[0.137s] -- Found rosidl_default_generators: 1.2.0 (/opt/ros/humble/share/rosidl_default_generators/cmake)
[0.140s] -- Using all available rosidl_typesupport_c: rosidl_typesupport_fastrtps_c;rosidl_typesupport_introspection_c
[0.143s] -- Found rosidl_adapter: 3.1.5 (/opt/ros/humble/share/rosidl_adapter/cmake)
[0.167s] -- Using all available rosidl_typesupport_cpp: rosidl_typesupport_fastrtps_cpp;rosidl_typesupport_introspection_cpp
[0.395s] -- Found ament_cmake_ros: 0.10.0 (/opt/ros/humble/share/ament_cmake_ros/cmake)
[0.534s] -- Using all available rosidl_typesupport_c: rosidl_typesupport_fastrtps_c;rosidl_typesupport_introspection_c
[0.754s] -- Using all available rosidl_typesupport_cpp: rosidl_typesupport_fastrtps_cpp;rosidl_typesupport_introspection_cpp
[0.770s] -- Found python_cmake_module: 0.10.0 (/opt/ros/humble/share/python_cmake_module/cmake)
[0.795s] -- Using PYTHON_EXECUTABLE: /usr/bin/python3
[0.795s] -- Using PYTHON_INCLUDE_DIRS: /usr/include/python3.10
[0.795s] -- Using PYTHON_LIBRARIES: /usr/lib/x86_64-linux-gnu/libpython3.10.so
[0.812s] -- Configuring done
[0.842s] -- Generating done
[0.844s] -- Build files have been written to: /home/abdelrhaman/microros_ws/build/micro_ros_msgs
[0.847s] Invoked command in '/home/abdelrhaman/microros_ws/build/micro_ros_msgs' returned '0': CMAKE_PREFIX_PATH=/home/abdelrhaman/ros/install/my_robot_controller:/opt/ros/humble /usr/bin/cmake /home/abdelrhaman/microros_ws/src/uros/micro_ros_msgs -DCMAKE_INSTALL_PREFIX=/home/abdelrhaman/microros_ws/install/micro_ros_msgs
[0.849s] Invoking command in '/home/abdelrhaman/microros_ws/build/micro_ros_msgs': CMAKE_PREFIX_PATH=/home/abdelrhaman/ros/install/my_robot_controller:/opt/ros/humble /usr/bin/cmake --build /home/abdelrhaman/microros_ws/build/micro_ros_msgs -- -j20 -l20
[0.884s] [35m[1mConsolidate compiler generated dependencies of target micro_ros_msgs__rosidl_generator_c[0m
[0.891s] [  2%] Built target micro_ros_msgs__cpp
[0.892s] [ 12%] Built target micro_ros_msgs__rosidl_generator_c
[0.902s] [ 14%] [34m[1mGenerating C++ type support dispatch for ROS interfaces[0m
[0.902s] [35m[1mConsolidate compiler generated dependencies of target micro_ros_msgs__rosidl_typesupport_fastrtps_cpp[0m
[0.902s] [ 14%] Built target ament_cmake_python_copy_micro_ros_msgs
[0.910s] [35m[1mConsolidate compiler generated dependencies of target micro_ros_msgs__rosidl_typesupport_introspection_cpp[0m
[0.913s] [ 17%] [34m[1mGenerating C type support dispatch for ROS interfaces[0m
[0.913s] [35m[1mConsolidate compiler generated dependencies of target micro_ros_msgs__rosidl_typesupport_fastrtps_c[0m
[0.914s] [35m[1mConsolidate compiler generated dependencies of target micro_ros_msgs__rosidl_typesupport_introspection_c[0m
[0.914s] [ 27%] Built target micro_ros_msgs__rosidl_typesupport_fastrtps_cpp
[0.925s] [ 38%] Built target micro_ros_msgs__rosidl_typesupport_introspection_cpp
[0.927s] [ 51%] Built target micro_ros_msgs__rosidl_typesupport_fastrtps_c
[0.927s] [ 59%] Built target micro_ros_msgs__rosidl_typesupport_introspection_c
[1.246s] [35m[1mConsolidate compiler generated dependencies of target micro_ros_msgs__rosidl_typesupport_cpp[0m
[1.260s] [ 61%] [32mBuilding CXX object CMakeFiles/micro_ros_msgs__rosidl_typesupport_cpp.dir/rosidl_typesupport_cpp/micro_ros_msgs/msg/node__type_support.cpp.o[0m
[1.260s] [35m[1mConsolidate compiler generated dependencies of target micro_ros_msgs__rosidl_typesupport_c[0m
[1.261s] [ 65%] [32mBuilding CXX object CMakeFiles/micro_ros_msgs__rosidl_typesupport_cpp.dir/rosidl_typesupport_cpp/micro_ros_msgs/msg/entity__type_support.cpp.o[0m
[1.266s] [ 63%] [32mBuilding CXX object CMakeFiles/micro_ros_msgs__rosidl_typesupport_cpp.dir/rosidl_typesupport_cpp/micro_ros_msgs/msg/graph__type_support.cpp.o[0m
[1.275s] [ 68%] [32mBuilding CXX object CMakeFiles/micro_ros_msgs__rosidl_typesupport_c.dir/rosidl_typesupport_c/micro_ros_msgs/msg/node__type_support.cpp.o[0m
[1.276s] [ 70%] [32mBuilding CXX object CMakeFiles/micro_ros_msgs__rosidl_typesupport_c.dir/rosidl_typesupport_c/micro_ros_msgs/msg/graph__type_support.cpp.o[0m
[1.276s] [ 72%] [32mBuilding CXX object CMakeFiles/micro_ros_msgs__rosidl_typesupport_c.dir/rosidl_typesupport_c/micro_ros_msgs/msg/entity__type_support.cpp.o[0m
[1.317s] [ 74%] [32m[1mLinking CXX shared library libmicro_ros_msgs__rosidl_typesupport_c.so[0m
[1.361s] [ 74%] Built target micro_ros_msgs__rosidl_typesupport_c
[1.598s] [ 76%] [32m[1mLinking CXX shared library libmicro_ros_msgs__rosidl_typesupport_cpp.so[0m
[1.600s] running egg_info
[1.631s] [ 76%] Built target micro_ros_msgs__rosidl_typesupport_cpp
[1.646s] [ 76%] Built target micro_ros_msgs
[1.662s] [ 78%] Built target micro_ros_msgs__py
[1.672s] [35m[1mConsolidate compiler generated dependencies of target micro_ros_msgs__rosidl_generator_py[0m
[1.681s] writing micro_ros_msgs.egg-info/PKG-INFO
[1.683s] [ 80%] [32m[1mLinking C shared library rosidl_generator_py/micro_ros_msgs/libmicro_ros_msgs__rosidl_generator_py.so[0m
[1.723s] [ 87%] Built target micro_ros_msgs__rosidl_generator_py
[1.734s] [35m[1mConsolidate compiler generated dependencies of target micro_ros_msgs__rosidl_typesupport_introspection_c__pyext[0m
[1.734s] [35m[1mConsolidate compiler generated dependencies of target micro_ros_msgs__rosidl_typesupport_c__pyext[0m
[1.734s] [35m[1mConsolidate compiler generated dependencies of target micro_ros_msgs__rosidl_typesupport_fastrtps_c__pyext[0m
[1.743s] writing dependency_links to micro_ros_msgs.egg-info/dependency_links.txt
[1.746s] [ 93%] [32m[1mLinking C shared library rosidl_generator_py/micro_ros_msgs/micro_ros_msgs_s__rosidl_typesupport_c.cpython-310-x86_64-linux-gnu.so[0m
[1.746s] [ 93%] [32m[1mLinking C shared library rosidl_generator_py/micro_ros_msgs/micro_ros_msgs_s__rosidl_typesupport_introspection_c.cpython-310-x86_64-linux-gnu.so[0m
[1.746s] [ 93%] [32m[1mLinking C shared library rosidl_generator_py/micro_ros_msgs/micro_ros_msgs_s__rosidl_typesupport_fastrtps_c.cpython-310-x86_64-linux-gnu.so[0m
[1.776s] [ 95%] Built target micro_ros_msgs__rosidl_typesupport_c__pyext
[1.777s] [ 97%] Built target micro_ros_msgs__rosidl_typesupport_fastrtps_c__pyext
[1.778s] [100%] Built target micro_ros_msgs__rosidl_typesupport_introspection_c__pyext
[2.083s] writing top-level names to micro_ros_msgs.egg-info/top_level.txt
[2.137s] reading manifest file 'micro_ros_msgs.egg-info/SOURCES.txt'
[2.138s] writing manifest file 'micro_ros_msgs.egg-info/SOURCES.txt'
[2.164s] [100%] Built target ament_cmake_python_build_micro_ros_msgs_egg
[2.175s] Invoked command in '/home/abdelrhaman/microros_ws/build/micro_ros_msgs' returned '0': CMAKE_PREFIX_PATH=/home/abdelrhaman/ros/install/my_robot_controller:/opt/ros/humble /usr/bin/cmake --build /home/abdelrhaman/microros_ws/build/micro_ros_msgs -- -j20 -l20
[2.254s] Invoking command in '/home/abdelrhaman/microros_ws/build/micro_ros_msgs': CMAKE_PREFIX_PATH=/home/abdelrhaman/ros/install/my_robot_controller:/opt/ros/humble /usr/bin/cmake --install /home/abdelrhaman/microros_ws/build/micro_ros_msgs
[2.260s] -- Install configuration: ""
[2.260s] -- Up-to-date: /home/abdelrhaman/microros_ws/install/micro_ros_msgs/share/ament_index/resource_index/rosidl_interfaces/micro_ros_msgs
[2.260s] -- Up-to-date: /home/abdelrhaman/microros_ws/install/micro_ros_msgs/include/micro_ros_msgs/micro_ros_msgs
[2.260s] -- Up-to-date: /home/abdelrhaman/microros_ws/install/micro_ros_msgs/include/micro_ros_msgs/micro_ros_msgs/msg
[2.260s] -- Up-to-date: /home/abdelrhaman/microros_ws/install/micro_ros_msgs/include/micro_ros_msgs/micro_ros_msgs/msg/rosidl_generator_c__visibility_control.h
[2.260s] -- Up-to-date: /home/abdelrhaman/microros_ws/install/micro_ros_msgs/include/micro_ros_msgs/micro_ros_msgs/msg/graph.h
[2.260s] -- Up-to-date: /home/abdelrhaman/microros_ws/install/micro_ros_msgs/include/micro_ros_msgs/micro_ros_msgs/msg/detail
[2.260s] -- Up-to-date: /home/abdelrhaman/microros_ws/install/micro_ros_msgs/include/micro_ros_msgs/micro_ros_msgs/msg/detail/node__functions.c
[2.261s] -- Up-to-date: /home/abdelrhaman/microros_ws/install/micro_ros_msgs/include/micro_ros_msgs/micro_ros_msgs/msg/detail/graph__struct.h
[2.261s] -- Up-to-date: /home/abdelrhaman/microros_ws/install/micro_ros_msgs/include/micro_ros_msgs/micro_ros_msgs/msg/detail/entity__functions.c
[2.261s] -- Up-to-date: /home/abdelrhaman/microros_ws/install/micro_ros_msgs/include/micro_ros_msgs/micro_ros_msgs/msg/detail/entity__struct.h
[2.261s] -- Up-to-date: /home/abdelrhaman/microros_ws/install/micro_ros_msgs/include/micro_ros_msgs/micro_ros_msgs/msg/detail/graph__functions.h
[2.261s] -- Up-to-date: /home/abdelrhaman/microros_ws/install/micro_ros_msgs/include/micro_ros_msgs/micro_ros_msgs/msg/detail/node__type_support.h
[2.261s] -- Up-to-date: /home/abdelrhaman/microros_ws/install/micro_ros_msgs/include/micro_ros_msgs/micro_ros_msgs/msg/detail/graph__type_support.h
[2.261s] -- Up-to-date: /home/abdelrhaman/microros_ws/install/micro_ros_msgs/include/micro_ros_msgs/micro_ros_msgs/msg/detail/entity__type_support.h
[2.261s] -- Up-to-date: /home/abdelrhaman/microros_ws/install/micro_ros_msgs/include/micro_ros_msgs/micro_ros_msgs/msg/detail/entity__functions.h
[2.261s] -- Up-to-date: /home/abdelrhaman/microros_ws/install/micro_ros_msgs/include/micro_ros_msgs/micro_ros_msgs/msg/detail/graph__functions.c
[2.261s] -- Up-to-date: /home/abdelrhaman/microros_ws/install/micro_ros_msgs/include/micro_ros_msgs/micro_ros_msgs/msg/detail/node__struct.h
[2.261s] -- Up-to-date: /home/abdelrhaman/microros_ws/install/micro_ros_msgs/include/micro_ros_msgs/micro_ros_msgs/msg/detail/node__functions.h
[2.261s] -- Up-to-date: /home/abdelrhaman/microros_ws/install/micro_ros_msgs/include/micro_ros_msgs/micro_ros_msgs/msg/node.h
[2.262s] -- Up-to-date: /home/abdelrhaman/microros_ws/install/micro_ros_msgs/include/micro_ros_msgs/micro_ros_msgs/msg/entity.h
[2.262s] -- Up-to-date: /home/abdelrhaman/microros_ws/install/micro_ros_msgs/share/micro_ros_msgs/environment/library_path.sh
[2.262s] -- Installing: /home/abdelrhaman/microros_ws/install/micro_ros_msgs/share/micro_ros_msgs/environment/library_path.dsv
[2.262s] -- Up-to-date: /home/abdelrhaman/microros_ws/install/micro_ros_msgs/lib/libmicro_ros_msgs__rosidl_generator_c.so
[2.262s] -- Up-to-date: /home/abdelrhaman/microros_ws/install/micro_ros_msgs/include/micro_ros_msgs/micro_ros_msgs
[2.262s] -- Up-to-date: /home/abdelrhaman/microros_ws/install/micro_ros_msgs/include/micro_ros_msgs/micro_ros_msgs/msg
[2.262s] -- Up-to-date: /home/abdelrhaman/microros_ws/install/micro_ros_msgs/include/micro_ros_msgs/micro_ros_msgs/msg/detail
[2.262s] -- Up-to-date: /home/abdelrhaman/microros_ws/install/micro_ros_msgs/include/micro_ros_msgs/micro_ros_msgs/msg/detail/entity__rosidl_typesupport_fastrtps_c.h
[2.262s] -- Up-to-date: /home/abdelrhaman/microros_ws/install/micro_ros_msgs/include/micro_ros_msgs/micro_ros_msgs/msg/detail/node__rosidl_typesupport_fastrtps_c.h
[2.262s] -- Up-to-date: /home/abdelrhaman/microros_ws/install/micro_ros_msgs/include/micro_ros_msgs/micro_ros_msgs/msg/detail/graph__rosidl_typesupport_fastrtps_c.h
[2.262s] -- Up-to-date: /home/abdelrhaman/microros_ws/install/micro_ros_msgs/include/micro_ros_msgs/micro_ros_msgs/msg/rosidl_typesupport_fastrtps_c__visibility_control.h
[2.263s] -- Up-to-date: /home/abdelrhaman/microros_ws/install/micro_ros_msgs/lib/libmicro_ros_msgs__rosidl_typesupport_fastrtps_c.so
[2.263s] -- Up-to-date: /home/abdelrhaman/microros_ws/install/micro_ros_msgs/include/micro_ros_msgs/micro_ros_msgs
[2.263s] -- Up-to-date: /home/abdelrhaman/microros_ws/install/micro_ros_msgs/include/micro_ros_msgs/micro_ros_msgs/msg
[2.263s] -- Up-to-date: /home/abdelrhaman/microros_ws/install/micro_ros_msgs/include/micro_ros_msgs/micro_ros_msgs/msg/rosidl_typesupport_introspection_c__visibility_control.h
[2.263s] -- Up-to-date: /home/abdelrhaman/microros_ws/install/micro_ros_msgs/include/micro_ros_msgs/micro_ros_msgs/msg/detail
[2.263s] -- Up-to-date: /home/abdelrhaman/microros_ws/install/micro_ros_msgs/include/micro_ros_msgs/micro_ros_msgs/msg/detail/node__rosidl_typesupport_introspection_c.h
[2.263s] -- Up-to-date: /home/abdelrhaman/microros_ws/install/micro_ros_msgs/include/micro_ros_msgs/micro_ros_msgs/msg/detail/node__type_support.c
[2.263s] -- Up-to-date: /home/abdelrhaman/microros_ws/install/micro_ros_msgs/include/micro_ros_msgs/micro_ros_msgs/msg/detail/entity__type_support.c
[2.263s] -- Up-to-date: /home/abdelrhaman/microros_ws/install/micro_ros_msgs/include/micro_ros_msgs/micro_ros_msgs/msg/detail/entity__rosidl_typesupport_introspection_c.h
[2.263s] -- Up-to-date: /home/abdelrhaman/microros_ws/install/micro_ros_msgs/include/micro_ros_msgs/micro_ros_msgs/msg/detail/graph__type_support.c
[2.263s] -- Up-to-date: /home/abdelrhaman/microros_ws/install/micro_ros_msgs/include/micro_ros_msgs/micro_ros_msgs/msg/detail/graph__rosidl_typesupport_introspection_c.h
[2.264s] -- Up-to-date: /home/abdelrhaman/microros_ws/install/micro_ros_msgs/lib/libmicro_ros_msgs__rosidl_typesupport_introspection_c.so
[2.264s] -- Installing: /home/abdelrhaman/microros_ws/install/micro_ros_msgs/lib/libmicro_ros_msgs__rosidl_typesupport_c.so
[2.264s] -- Set runtime path of "/home/abdelrhaman/microros_ws/install/micro_ros_msgs/lib/libmicro_ros_msgs__rosidl_typesupport_c.so" to ""
[2.264s] -- Up-to-date: /home/abdelrhaman/microros_ws/install/micro_ros_msgs/include/micro_ros_msgs/micro_ros_msgs
[2.264s] -- Up-to-date: /home/abdelrhaman/microros_ws/install/micro_ros_msgs/include/micro_ros_msgs/micro_ros_msgs/msg
[2.264s] -- Up-to-date: /home/abdelrhaman/microros_ws/install/micro_ros_msgs/include/micro_ros_msgs/micro_ros_msgs/msg/node.hpp
[2.264s] -- Up-to-date: /home/abdelrhaman/microros_ws/install/micro_ros_msgs/include/micro_ros_msgs/micro_ros_msgs/msg/detail
[2.264s] -- Up-to-date: /home/abdelrhaman/microros_ws/install/micro_ros_msgs/include/micro_ros_msgs/micro_ros_msgs/msg/detail/node__builder.hpp
[2.264s] -- Up-to-date: /home/abdelrhaman/microros_ws/install/micro_ros_msgs/include/micro_ros_msgs/micro_ros_msgs/msg/detail/node__traits.hpp
[2.264s] -- Up-to-date: /home/abdelrhaman/microros_ws/install/micro_ros_msgs/include/micro_ros_msgs/micro_ros_msgs/msg/detail/graph__builder.hpp
[2.264s] -- Up-to-date: /home/abdelrhaman/microros_ws/install/micro_ros_msgs/include/micro_ros_msgs/micro_ros_msgs/msg/detail/graph__traits.hpp
[2.264s] -- Up-to-date: /home/abdelrhaman/microros_ws/install/micro_ros_msgs/include/micro_ros_msgs/micro_ros_msgs/msg/detail/entity__traits.hpp
[2.264s] -- Up-to-date: /home/abdelrhaman/microros_ws/install/micro_ros_msgs/include/micro_ros_msgs/micro_ros_msgs/msg/detail/entity__builder.hpp
[2.264s] -- Up-to-date: /home/abdelrhaman/microros_ws/install/micro_ros_msgs/include/micro_ros_msgs/micro_ros_msgs/msg/detail/graph__struct.hpp
[2.264s] -- Up-to-date: /home/abdelrhaman/microros_ws/install/micro_ros_msgs/include/micro_ros_msgs/micro_ros_msgs/msg/detail/node__struct.hpp
[2.264s] -- Up-to-date: /home/abdelrhaman/microros_ws/install/micro_ros_msgs/include/micro_ros_msgs/micro_ros_msgs/msg/detail/entity__struct.hpp
[2.264s] -- Up-to-date: /home/abdelrhaman/microros_ws/install/micro_ros_msgs/include/micro_ros_msgs/micro_ros_msgs/msg/entity.hpp
[2.264s] -- Up-to-date: /home/abdelrhaman/microros_ws/install/micro_ros_msgs/include/micro_ros_msgs/micro_ros_msgs/msg/graph.hpp
[2.264s] -- Up-to-date: /home/abdelrhaman/microros_ws/install/micro_ros_msgs/include/micro_ros_msgs/micro_ros_msgs
[2.264s] -- Up-to-date: /home/abdelrhaman/microros_ws/install/micro_ros_msgs/include/micro_ros_msgs/micro_ros_msgs/msg
[2.264s] -- Up-to-date: /home/abdelrhaman/microros_ws/install/micro_ros_msgs/include/micro_ros_msgs/micro_ros_msgs/msg/detail
[2.264s] -- Up-to-date: /home/abdelrhaman/microros_ws/install/micro_ros_msgs/include/micro_ros_msgs/micro_ros_msgs/msg/detail/graph__rosidl_typesupport_fastrtps_cpp.hpp
[2.264s] -- Up-to-date: /home/abdelrhaman/microros_ws/install/micro_ros_msgs/include/micro_ros_msgs/micro_ros_msgs/msg/detail/node__rosidl_typesupport_fastrtps_cpp.hpp
[2.264s] -- Up-to-date: /home/abdelrhaman/microros_ws/install/micro_ros_msgs/include/micro_ros_msgs/micro_ros_msgs/msg/detail/dds_fastrtps
[2.264s] -- Up-to-date: /home/abdelrhaman/microros_ws/install/micro_ros_msgs/include/micro_ros_msgs/micro_ros_msgs/msg/detail/entity__rosidl_typesupport_fastrtps_cpp.hpp
[2.264s] -- Up-to-date: /home/abdelrhaman/microros_ws/install/micro_ros_msgs/include/micro_ros_msgs/micro_ros_msgs/msg/rosidl_typesupport_fastrtps_cpp__visibility_control.h
[2.264s] -- Up-to-date: /home/abdelrhaman/microros_ws/install/micro_ros_msgs/lib/libmicro_ros_msgs__rosidl_typesupport_fastrtps_cpp.so
[2.264s] -- Up-to-date: /home/abdelrhaman/microros_ws/install/micro_ros_msgs/include/micro_ros_msgs/micro_ros_msgs
[2.264s] -- Up-to-date: /home/abdelrhaman/microros_ws/install/micro_ros_msgs/include/micro_ros_msgs/micro_ros_msgs/msg
[2.265s] -- Up-to-date: /home/abdelrhaman/microros_ws/install/micro_ros_msgs/include/micro_ros_msgs/micro_ros_msgs/msg/detail
[2.265s] -- Up-to-date: /home/abdelrhaman/microros_ws/install/micro_ros_msgs/include/micro_ros_msgs/micro_ros_msgs/msg/detail/graph__type_support.cpp
[2.265s] -- Up-to-date: /home/abdelrhaman/microros_ws/install/micro_ros_msgs/include/micro_ros_msgs/micro_ros_msgs/msg/detail/node__rosidl_typesupport_introspection_cpp.hpp
[2.265s] -- Up-to-date: /home/abdelrhaman/microros_ws/install/micro_ros_msgs/include/micro_ros_msgs/micro_ros_msgs/msg/detail/entity__rosidl_typesupport_introspection_cpp.hpp
[2.265s] -- Up-to-date: /home/abdelrhaman/microros_ws/install/micro_ros_msgs/include/micro_ros_msgs/micro_ros_msgs/msg/detail/entity__type_support.cpp
[2.265s] -- Up-to-date: /home/abdelrhaman/microros_ws/install/micro_ros_msgs/include/micro_ros_msgs/micro_ros_msgs/msg/detail/graph__rosidl_typesupport_introspection_cpp.hpp
[2.265s] -- Up-to-date: /home/abdelrhaman/microros_ws/install/micro_ros_msgs/include/micro_ros_msgs/micro_ros_msgs/msg/detail/node__type_support.cpp
[2.265s] -- Up-to-date: /home/abdelrhaman/microros_ws/install/micro_ros_msgs/lib/libmicro_ros_msgs__rosidl_typesupport_introspection_cpp.so
[2.265s] -- Installing: /home/abdelrhaman/microros_ws/install/micro_ros_msgs/lib/libmicro_ros_msgs__rosidl_typesupport_cpp.so
[2.265s] -- Set runtime path of "/home/abdelrhaman/microros_ws/install/micro_ros_msgs/lib/libmicro_ros_msgs__rosidl_typesupport_cpp.so" to ""
[2.265s] -- Up-to-date: /home/abdelrhaman/microros_ws/install/micro_ros_msgs/share/micro_ros_msgs/environment/pythonpath.sh
[2.265s] -- Installing: /home/abdelrhaman/microros_ws/install/micro_ros_msgs/share/micro_ros_msgs/environment/pythonpath.dsv
[2.265s] -- Up-to-date: /home/abdelrhaman/microros_ws/install/micro_ros_msgs/local/lib/python3.10/dist-packages/micro_ros_msgs-3.0.1-py3.10.egg-info
[2.265s] -- Installing: /home/abdelrhaman/microros_ws/install/micro_ros_msgs/local/lib/python3.10/dist-packages/micro_ros_msgs-3.0.1-py3.10.egg-info/PKG-INFO
[2.266s] -- Installing: /home/abdelrhaman/microros_ws/install/micro_ros_msgs/local/lib/python3.10/dist-packages/micro_ros_msgs-3.0.1-py3.10.egg-info/SOURCES.txt
[2.266s] -- Installing: /home/abdelrhaman/microros_ws/install/micro_ros_msgs/local/lib/python3.10/dist-packages/micro_ros_msgs-3.0.1-py3.10.egg-info/top_level.txt
[2.266s] -- Installing: /home/abdelrhaman/microros_ws/install/micro_ros_msgs/local/lib/python3.10/dist-packages/micro_ros_msgs-3.0.1-py3.10.egg-info/dependency_links.txt
[2.266s] -- Up-to-date: /home/abdelrhaman/microros_ws/install/micro_ros_msgs/local/lib/python3.10/dist-packages/micro_ros_msgs
[2.266s] -- Installing: /home/abdelrhaman/microros_ws/install/micro_ros_msgs/local/lib/python3.10/dist-packages/micro_ros_msgs/libmicro_ros_msgs__rosidl_generator_py.so
[2.266s] -- Up-to-date: /home/abdelrhaman/microros_ws/install/micro_ros_msgs/local/lib/python3.10/dist-packages/micro_ros_msgs/_micro_ros_msgs_s.ep.rosidl_typesupport_microxrcedds_c.c
[2.266s] -- Up-to-date: /home/abdelrhaman/microros_ws/install/micro_ros_msgs/local/lib/python3.10/dist-packages/micro_ros_msgs/_micro_ros_msgs_s.ep.rosidl_typesupport_fastrtps_c.c
[2.266s] -- Up-to-date: /home/abdelrhaman/microros_ws/install/micro_ros_msgs/local/lib/python3.10/dist-packages/micro_ros_msgs/_micro_ros_msgs_s.ep.rosidl_typesupport_c.c
[2.266s] -- Up-to-date: /home/abdelrhaman/microros_ws/install/micro_ros_msgs/local/lib/python3.10/dist-packages/micro_ros_msgs/_micro_ros_msgs_s.ep.rosidl_typesupport_introspection_c.c
[2.267s] -- Up-to-date: /home/abdelrhaman/microros_ws/install/micro_ros_msgs/local/lib/python3.10/dist-packages/micro_ros_msgs/micro_ros_msgs_s__rosidl_typesupport_microxrcedds_c.cpython-310-x86_64-linux-gnu.so
[2.267s] -- Installing: /home/abdelrhaman/microros_ws/install/micro_ros_msgs/local/lib/python3.10/dist-packages/micro_ros_msgs/__init__.py
[2.267s] -- Installing: /home/abdelrhaman/microros_ws/install/micro_ros_msgs/local/lib/python3.10/dist-packages/micro_ros_msgs/micro_ros_msgs_s__rosidl_typesupport_fastrtps_c.cpython-310-x86_64-linux-gnu.so
[2.267s] -- Installing: /home/abdelrhaman/microros_ws/install/micro_ros_msgs/local/lib/python3.10/dist-packages/micro_ros_msgs/micro_ros_msgs_s__rosidl_typesupport_introspection_c.cpython-310-x86_64-linux-gnu.so
[2.267s] -- Up-to-date: /home/abdelrhaman/microros_ws/install/micro_ros_msgs/local/lib/python3.10/dist-packages/micro_ros_msgs/msg
[2.267s] -- Up-to-date: /home/abdelrhaman/microros_ws/install/micro_ros_msgs/local/lib/python3.10/dist-packages/micro_ros_msgs/msg/_graph_s.c
[2.267s] -- Up-to-date: /home/abdelrhaman/microros_ws/install/micro_ros_msgs/local/lib/python3.10/dist-packages/micro_ros_msgs/msg/_entity.py
[2.267s] -- Up-to-date: /home/abdelrhaman/microros_ws/install/micro_ros_msgs/local/lib/python3.10/dist-packages/micro_ros_msgs/msg/_node_s.c
[2.267s] -- Up-to-date: /home/abdelrhaman/microros_ws/install/micro_ros_msgs/local/lib/python3.10/dist-packages/micro_ros_msgs/msg/_graph.py
[2.267s] -- Up-to-date: /home/abdelrhaman/microros_ws/install/micro_ros_msgs/local/lib/python3.10/dist-packages/micro_ros_msgs/msg/__init__.py
[2.267s] -- Up-to-date: /home/abdelrhaman/microros_ws/install/micro_ros_msgs/local/lib/python3.10/dist-packages/micro_ros_msgs/msg/_entity_s.c
[2.267s] -- Up-to-date: /home/abdelrhaman/microros_ws/install/micro_ros_msgs/local/lib/python3.10/dist-packages/micro_ros_msgs/msg/_node.py
[2.267s] -- Installing: /home/abdelrhaman/microros_ws/install/micro_ros_msgs/local/lib/python3.10/dist-packages/micro_ros_msgs/micro_ros_msgs_s__rosidl_typesupport_c.cpython-310-x86_64-linux-gnu.so
[2.292s] Listing '/home/abdelrhaman/microros_ws/install/micro_ros_msgs/local/lib/python3.10/dist-packages/micro_ros_msgs'...
[2.292s] Compiling '/home/abdelrhaman/microros_ws/install/micro_ros_msgs/local/lib/python3.10/dist-packages/micro_ros_msgs/__init__.py'...
[2.292s] Listing '/home/abdelrhaman/microros_ws/install/micro_ros_msgs/local/lib/python3.10/dist-packages/micro_ros_msgs/msg'...
[2.295s] -- Installing: /home/abdelrhaman/microros_ws/install/micro_ros_msgs/local/lib/python3.10/dist-packages/micro_ros_msgs/micro_ros_msgs_s__rosidl_typesupport_fastrtps_c.cpython-310-x86_64-linux-gnu.so
[2.295s] -- Set runtime path of "/home/abdelrhaman/microros_ws/install/micro_ros_msgs/local/lib/python3.10/dist-packages/micro_ros_msgs/micro_ros_msgs_s__rosidl_typesupport_fastrtps_c.cpython-310-x86_64-linux-gnu.so" to ""
[2.295s] -- Installing: /home/abdelrhaman/microros_ws/install/micro_ros_msgs/local/lib/python3.10/dist-packages/micro_ros_msgs/micro_ros_msgs_s__rosidl_typesupport_introspection_c.cpython-310-x86_64-linux-gnu.so
[2.296s] -- Set runtime path of "/home/abdelrhaman/microros_ws/install/micro_ros_msgs/local/lib/python3.10/dist-packages/micro_ros_msgs/micro_ros_msgs_s__rosidl_typesupport_introspection_c.cpython-310-x86_64-linux-gnu.so" to ""
[2.296s] -- Installing: /home/abdelrhaman/microros_ws/install/micro_ros_msgs/local/lib/python3.10/dist-packages/micro_ros_msgs/micro_ros_msgs_s__rosidl_typesupport_c.cpython-310-x86_64-linux-gnu.so
[2.296s] -- Set runtime path of "/home/abdelrhaman/microros_ws/install/micro_ros_msgs/local/lib/python3.10/dist-packages/micro_ros_msgs/micro_ros_msgs_s__rosidl_typesupport_c.cpython-310-x86_64-linux-gnu.so" to ""
[2.297s] -- Installing: /home/abdelrhaman/microros_ws/install/micro_ros_msgs/lib/libmicro_ros_msgs__rosidl_generator_py.so
[2.297s] -- Set runtime path of "/home/abdelrhaman/microros_ws/install/micro_ros_msgs/lib/libmicro_ros_msgs__rosidl_generator_py.so" to ""
[2.297s] -- Up-to-date: /home/abdelrhaman/microros_ws/install/micro_ros_msgs/share/micro_ros_msgs/msg/Graph.idl
[2.297s] -- Up-to-date: /home/abdelrhaman/microros_ws/install/micro_ros_msgs/share/micro_ros_msgs/msg/Node.idl
[2.297s] -- Up-to-date: /home/abdelrhaman/microros_ws/install/micro_ros_msgs/share/micro_ros_msgs/msg/Entity.idl
[2.297s] -- Up-to-date: /home/abdelrhaman/microros_ws/install/micro_ros_msgs/share/micro_ros_msgs/msg/Graph.msg
[2.297s] -- Up-to-date: /home/abdelrhaman/microros_ws/install/micro_ros_msgs/share/micro_ros_msgs/msg/Node.msg
[2.297s] -- Up-to-date: /home/abdelrhaman/microros_ws/install/micro_ros_msgs/share/micro_ros_msgs/msg/Entity.msg
[2.298s] -- Up-to-date: /home/abdelrhaman/microros_ws/install/micro_ros_msgs/share/ament_index/resource_index/package_run_dependencies/micro_ros_msgs
[2.298s] -- Installing: /home/abdelrhaman/microros_ws/install/micro_ros_msgs/share/ament_index/resource_index/parent_prefix_path/micro_ros_msgs
[2.298s] -- Up-to-date: /home/abdelrhaman/microros_ws/install/micro_ros_msgs/share/micro_ros_msgs/environment/ament_prefix_path.sh
[2.298s] -- Installing: /home/abdelrhaman/microros_ws/install/micro_ros_msgs/share/micro_ros_msgs/environment/ament_prefix_path.dsv
[2.298s] -- Up-to-date: /home/abdelrhaman/microros_ws/install/micro_ros_msgs/share/micro_ros_msgs/environment/path.sh
[2.298s] -- Installing: /home/abdelrhaman/microros_ws/install/micro_ros_msgs/share/micro_ros_msgs/environment/path.dsv
[2.298s] -- Up-to-date: /home/abdelrhaman/microros_ws/install/micro_ros_msgs/share/micro_ros_msgs/local_setup.bash
[2.298s] -- Up-to-date: /home/abdelrhaman/microros_ws/install/micro_ros_msgs/share/micro_ros_msgs/local_setup.sh
[2.298s] -- Up-to-date: /home/abdelrhaman/microros_ws/install/micro_ros_msgs/share/micro_ros_msgs/local_setup.zsh
[2.298s] -- Installing: /home/abdelrhaman/microros_ws/install/micro_ros_msgs/share/micro_ros_msgs/local_setup.dsv
[2.299s] -- Installing: /home/abdelrhaman/microros_ws/install/micro_ros_msgs/share/micro_ros_msgs/package.dsv
[2.299s] -- Up-to-date: /home/abdelrhaman/microros_ws/install/micro_ros_msgs/share/ament_index/resource_index/packages/micro_ros_msgs
[2.299s] -- Up-to-date: /home/abdelrhaman/microros_ws/install/micro_ros_msgs/share/micro_ros_msgs/cmake/export_micro_ros_msgs__rosidl_generator_cExport.cmake
[2.299s] -- Up-to-date: /home/abdelrhaman/microros_ws/install/micro_ros_msgs/share/micro_ros_msgs/cmake/export_micro_ros_msgs__rosidl_generator_cExport-noconfig.cmake
[2.299s] -- Up-to-date: /home/abdelrhaman/microros_ws/install/micro_ros_msgs/share/micro_ros_msgs/cmake/export_micro_ros_msgs__rosidl_typesupport_fastrtps_cExport.cmake
[2.300s] -- Up-to-date: /home/abdelrhaman/microros_ws/install/micro_ros_msgs/share/micro_ros_msgs/cmake/export_micro_ros_msgs__rosidl_typesupport_fastrtps_cExport-noconfig.cmake
[2.300s] -- Up-to-date: /home/abdelrhaman/microros_ws/install/micro_ros_msgs/share/micro_ros_msgs/cmake/micro_ros_msgs__rosidl_typesupport_introspection_cExport.cmake
[2.300s] -- Up-to-date: /home/abdelrhaman/microros_ws/install/micro_ros_msgs/share/micro_ros_msgs/cmake/micro_ros_msgs__rosidl_typesupport_introspection_cExport-noconfig.cmake
[2.300s] -- Up-to-date: /home/abdelrhaman/microros_ws/install/micro_ros_msgs/share/micro_ros_msgs/cmake/micro_ros_msgs__rosidl_typesupport_cExport.cmake
[2.300s] -- Up-to-date: /home/abdelrhaman/microros_ws/install/micro_ros_msgs/share/micro_ros_msgs/cmake/micro_ros_msgs__rosidl_typesupport_cExport-noconfig.cmake
[2.300s] -- Up-to-date: /home/abdelrhaman/microros_ws/install/micro_ros_msgs/share/micro_ros_msgs/cmake/export_micro_ros_msgs__rosidl_generator_cppExport.cmake
[2.300s] -- Up-to-date: /home/abdelrhaman/microros_ws/install/micro_ros_msgs/share/micro_ros_msgs/cmake/export_micro_ros_msgs__rosidl_typesupport_fastrtps_cppExport.cmake
[2.300s] -- Up-to-date: /home/abdelrhaman/microros_ws/install/micro_ros_msgs/share/micro_ros_msgs/cmake/export_micro_ros_msgs__rosidl_typesupport_fastrtps_cppExport-noconfig.cmake
[2.300s] -- Up-to-date: /home/abdelrhaman/microros_ws/install/micro_ros_msgs/share/micro_ros_msgs/cmake/micro_ros_msgs__rosidl_typesupport_introspection_cppExport.cmake
[2.300s] -- Up-to-date: /home/abdelrhaman/microros_ws/install/micro_ros_msgs/share/micro_ros_msgs/cmake/micro_ros_msgs__rosidl_typesupport_introspection_cppExport-noconfig.cmake
[2.301s] -- Up-to-date: /home/abdelrhaman/microros_ws/install/micro_ros_msgs/share/micro_ros_msgs/cmake/micro_ros_msgs__rosidl_typesupport_cppExport.cmake
[2.301s] -- Up-to-date: /home/abdelrhaman/microros_ws/install/micro_ros_msgs/share/micro_ros_msgs/cmake/micro_ros_msgs__rosidl_typesupport_cppExport-noconfig.cmake
[2.301s] -- Up-to-date: /home/abdelrhaman/microros_ws/install/micro_ros_msgs/share/micro_ros_msgs/cmake/export_micro_ros_msgs__rosidl_generator_pyExport.cmake
[2.301s] -- Up-to-date: /home/abdelrhaman/microros_ws/install/micro_ros_msgs/share/micro_ros_msgs/cmake/export_micro_ros_msgs__rosidl_generator_pyExport-noconfig.cmake
[2.301s] -- Up-to-date: /home/abdelrhaman/microros_ws/install/micro_ros_msgs/share/micro_ros_msgs/cmake/rosidl_cmake-extras.cmake
[2.301s] -- Installing: /home/abdelrhaman/microros_ws/install/micro_ros_msgs/share/micro_ros_msgs/cmake/ament_cmake_export_include_directories-extras.cmake
[2.301s] -- Up-to-date: /home/abdelrhaman/microros_ws/install/micro_ros_msgs/share/micro_ros_msgs/cmake/ament_cmake_export_libraries-extras.cmake
[2.301s] -- Up-to-date: /home/abdelrhaman/microros_ws/install/micro_ros_msgs/share/micro_ros_msgs/cmake/ament_cmake_export_targets-extras.cmake
[2.301s] -- Up-to-date: /home/abdelrhaman/microros_ws/install/micro_ros_msgs/share/micro_ros_msgs/cmake/rosidl_cmake_export_typesupport_targets-extras.cmake
[2.301s] -- Up-to-date: /home/abdelrhaman/microros_ws/install/micro_ros_msgs/share/micro_ros_msgs/cmake/ament_cmake_export_dependencies-extras.cmake
[2.301s] -- Installing: /home/abdelrhaman/microros_ws/install/micro_ros_msgs/share/micro_ros_msgs/cmake/rosidl_cmake_export_typesupport_libraries-extras.cmake
[2.301s] -- Up-to-date: /home/abdelrhaman/microros_ws/install/micro_ros_msgs/share/micro_ros_msgs/cmake/micro_ros_msgsConfig.cmake
[2.302s] -- Up-to-date: /home/abdelrhaman/microros_ws/install/micro_ros_msgs/share/micro_ros_msgs/cmake/micro_ros_msgsConfig-version.cmake
[2.302s] -- Up-to-date: /home/abdelrhaman/microros_ws/install/micro_ros_msgs/share/micro_ros_msgs/package.xml
[2.303s] Invoked command in '/home/abdelrhaman/microros_ws/build/micro_ros_msgs' returned '0': CMAKE_PREFIX_PATH=/home/abdelrhaman/ros/install/my_robot_controller:/opt/ros/humble /usr/bin/cmake --install /home/abdelrhaman/microros_ws/build/micro_ros_msgs
