[0.022s] Invoking command in '/home/abdelrhaman/microros_ws/build/std_srvs': CMAKE_PREFIX_PATH=${CMAKE_PREFIX_PATH}:/home/abdelrhaman/ros/install/my_robot_controller:/opt/ros/humble /usr/bin/cmake /home/abdelrhaman/microros_ws/src/ros2/common_interfaces/std_srvs -DBUILD_TESTING=OFF -DBUILD_SHARED_LIBS=ON -DCMAKE_INSTALL_PREFIX=/home/abdelrhaman/microros_ws/install/std_srvs
[0.069s] -- The C compiler identification is GNU 11.4.0
[0.123s] -- The CXX compiler identification is GNU 11.4.0
[0.131s] -- Detecting C compiler ABI info
[0.186s] -- Detecting C compiler ABI info - done
[0.196s] -- Check for working C compiler: /usr/bin/cc - skipped
[0.197s] -- Detecting C compile features
[0.197s] -- Detecting C compile features - done
[0.201s] -- Detecting CXX compiler ABI info
[0.261s] -- Detecting CXX compiler ABI info - done
[0.266s] -- Check for working CXX compiler: /usr/bin/c++ - skipped
[0.267s] -- Detecting CXX compile features
[0.267s] -- Detecting CXX compile features - done
[0.268s] -- Found ament_cmake: 1.3.10 (/opt/ros/humble/share/ament_cmake/cmake)
[0.932s] -- Found Python3: /usr/bin/python3 (found version "3.10.12") found components: Interpreter 
[1.005s] -- Found rosidl_default_generators: 1.2.0 (/opt/ros/humble/share/rosidl_default_generators/cmake)
[1.007s] -- Using all available rosidl_typesupport_c: rosidl_typesupport_microxrcedds_c;rosidl_typesupport_fastrtps_c;rosidl_typesupport_introspection_c
[1.011s] -- Found rosidl_adapter: 3.1.5 (/opt/ros/humble/share/rosidl_adapter/cmake)
[1.046s] -- Using all available rosidl_typesupport_cpp: rosidl_typesupport_microxrcedds_cpp;rosidl_typesupport_fastrtps_cpp;rosidl_typesupport_introspection_cpp
[1.277s] -- Found ament_cmake_ros: 0.10.0 (/opt/ros/humble/share/ament_cmake_ros/cmake)
[1.478s] -- Using all available rosidl_typesupport_c: rosidl_typesupport_microxrcedds_c;rosidl_typesupport_fastrtps_c;rosidl_typesupport_introspection_c
[1.722s] -- Using all available rosidl_typesupport_cpp: rosidl_typesupport_microxrcedds_cpp;rosidl_typesupport_fastrtps_cpp;rosidl_typesupport_introspection_cpp
[1.740s] -- Found PythonInterp: /usr/bin/python3 (found suitable version "3.10.12", minimum required is "3.6") 
[1.741s] -- Found python_cmake_module: 0.10.0 (/opt/ros/humble/share/python_cmake_module/cmake)
[1.766s] -- Found PythonLibs: /usr/lib/x86_64-linux-gnu/libpython3.10.so (found suitable version "3.10.12", minimum required is "3.5") 
[1.766s] -- Using PYTHON_EXECUTABLE: /usr/bin/python3
[1.766s] -- Using PYTHON_INCLUDE_DIRS: /usr/include/python3.10
[1.766s] -- Using PYTHON_LIBRARIES: /usr/lib/x86_64-linux-gnu/libpython3.10.so
[1.789s] -- Found PythonExtra: .so  
[1.826s] -- Configuring done
[1.847s] -- Generating done
[1.849s] -- Build files have been written to: /home/abdelrhaman/microros_ws/build/std_srvs
[1.854s] Invoked command in '/home/abdelrhaman/microros_ws/build/std_srvs' returned '0': CMAKE_PREFIX_PATH=${CMAKE_PREFIX_PATH}:/home/abdelrhaman/ros/install/my_robot_controller:/opt/ros/humble /usr/bin/cmake /home/abdelrhaman/microros_ws/src/ros2/common_interfaces/std_srvs -DBUILD_TESTING=OFF -DBUILD_SHARED_LIBS=ON -DCMAKE_INSTALL_PREFIX=/home/abdelrhaman/microros_ws/install/std_srvs
[1.856s] Invoking command in '/home/abdelrhaman/microros_ws/build/std_srvs': CMAKE_PREFIX_PATH=${CMAKE_PREFIX_PATH}:/home/abdelrhaman/ros/install/my_robot_controller:/opt/ros/humble /usr/bin/cmake --build /home/abdelrhaman/microros_ws/build/std_srvs -- -j20 -l20
[1.890s] [  1%] [34m[1mGenerating C code for ROS interfaces[0m
[1.897s] [  3%] [34m[1mGenerating C++ code for ROS interfaces[0m
[1.908s] [  3%] Built target ament_cmake_python_copy_std_srvs
[2.515s] [  5%] [32mBuilding C object CMakeFiles/std_srvs__rosidl_generator_c.dir/rosidl_generator_c/std_srvs/srv/detail/empty__functions.c.o[0m
[2.527s] [  6%] [32mBuilding C object CMakeFiles/std_srvs__rosidl_generator_c.dir/rosidl_generator_c/std_srvs/srv/detail/set_bool__functions.c.o[0m
[2.536s] [  8%] [32mBuilding C object CMakeFiles/std_srvs__rosidl_generator_c.dir/rosidl_generator_c/std_srvs/srv/detail/trigger__functions.c.o[0m
[2.592s] [  8%] Built target std_srvs__cpp
[2.607s] [ 10%] [34m[1mGenerating C++ type support dispatch for ROS interfaces[0m
[2.618s] [ 11%] [34m[1mGenerating C++ type support for eProsima Micro XRCE-DDS[0m
[2.619s] [ 15%] [34m[1mGenerating C++ type support for eProsima Fast-RTPS[0m
[2.621s] [ 15%] [34m[1mGenerating C++ introspection for ROS interfaces[0m
[2.682s] [ 16%] [32m[1mLinking C shared library libstd_srvs__rosidl_generator_c.so[0m
[2.747s] running egg_info
[2.750s] creating std_srvs.egg-info
[2.775s] [ 16%] Built target std_srvs__rosidl_generator_c
[2.807s] [ 18%] [34m[1mGenerating C type support for eProsima Micro XRCE-DDS[0m
[2.807s] [ 20%] [34m[1mGenerating C type support for eProsima Fast-RTPS[0m
[2.811s] [ 22%] [34m[1mGenerating C introspection for ROS interfaces[0m
[2.813s] [ 23%] [34m[1mGenerating C type support dispatch for ROS interfaces[0m
[2.866s] writing std_srvs.egg-info/PKG-INFO
[2.946s] writing dependency_links to std_srvs.egg-info/dependency_links.txt
[3.452s] writing top-level names to std_srvs.egg-info/top_level.txt
[3.452s] writing manifest file 'std_srvs.egg-info/SOURCES.txt'
[3.488s] [ 25%] [32mBuilding CXX object CMakeFiles/std_srvs__rosidl_typesupport_fastrtps_cpp.dir/rosidl_typesupport_fastrtps_cpp/std_srvs/srv/detail/dds_fastrtps/empty__type_support.cpp.o[0m
[3.492s] [ 27%] [32mBuilding CXX object CMakeFiles/std_srvs__rosidl_typesupport_fastrtps_cpp.dir/rosidl_typesupport_fastrtps_cpp/std_srvs/srv/detail/dds_fastrtps/set_bool__type_support.cpp.o[0m
[3.494s] [ 28%] [32mBuilding CXX object CMakeFiles/std_srvs__rosidl_typesupport_fastrtps_cpp.dir/rosidl_typesupport_fastrtps_cpp/std_srvs/srv/detail/dds_fastrtps/trigger__type_support.cpp.o[0m
[3.639s] [ 30%] [32mBuilding CXX object CMakeFiles/std_srvs__rosidl_typesupport_cpp.dir/rosidl_typesupport_cpp/std_srvs/srv/empty__type_support.cpp.o[0m
[3.641s] [ 32%] [32mBuilding CXX object CMakeFiles/std_srvs__rosidl_typesupport_cpp.dir/rosidl_typesupport_cpp/std_srvs/srv/trigger__type_support.cpp.o[0m
[3.649s] reading manifest file 'std_srvs.egg-info/SOURCES.txt'
[3.650s] writing manifest file 'std_srvs.egg-info/SOURCES.txt'
[3.652s] [ 33%] [32mBuilding CXX object CMakeFiles/std_srvs__rosidl_typesupport_cpp.dir/rosidl_typesupport_cpp/std_srvs/srv/set_bool__type_support.cpp.o[0m
[3.811s] [ 33%] Built target ament_cmake_python_build_std_srvs_egg
[3.862s] [ 37%] [32mBuilding CXX object CMakeFiles/std_srvs__rosidl_typesupport_microxrcedds_cpp.dir/rosidl_typesupport_microxrcedds_cpp/std_srvs/srv/detail/microxrcedds/empty__type_support_cpp.cpp.o[0m
[3.865s] [ 37%] [32mBuilding CXX object CMakeFiles/std_srvs__rosidl_typesupport_microxrcedds_cpp.dir/rosidl_typesupport_microxrcedds_cpp/std_srvs/srv/detail/microxrcedds/set_bool__type_support_cpp.cpp.o[0m
[3.867s] [ 38%] [32mBuilding CXX object CMakeFiles/std_srvs__rosidl_typesupport_microxrcedds_cpp.dir/rosidl_typesupport_microxrcedds_cpp/std_srvs/srv/detail/microxrcedds/trigger__type_support_cpp.cpp.o[0m
[4.215s] [ 40%] [32mBuilding CXX object CMakeFiles/std_srvs__rosidl_typesupport_introspection_cpp.dir/rosidl_typesupport_introspection_cpp/std_srvs/srv/detail/set_bool__type_support.cpp.o[0m
[4.234s] [ 42%] [32mBuilding CXX object CMakeFiles/std_srvs__rosidl_typesupport_introspection_cpp.dir/rosidl_typesupport_introspection_cpp/std_srvs/srv/detail/trigger__type_support.cpp.o[0m
[4.235s] [ 44%] [32mBuilding CXX object CMakeFiles/std_srvs__rosidl_typesupport_introspection_cpp.dir/rosidl_typesupport_introspection_cpp/std_srvs/srv/detail/empty__type_support.cpp.o[0m
[4.474s] [ 45%] [32mBuilding CXX object CMakeFiles/std_srvs__rosidl_typesupport_c.dir/rosidl_typesupport_c/std_srvs/srv/empty__type_support.cpp.o[0m
[4.483s] [ 47%] [32mBuilding CXX object CMakeFiles/std_srvs__rosidl_typesupport_c.dir/rosidl_typesupport_c/std_srvs/srv/trigger__type_support.cpp.o[0m
[4.493s] [ 49%] [32mBuilding CXX object CMakeFiles/std_srvs__rosidl_typesupport_c.dir/rosidl_typesupport_c/std_srvs/srv/set_bool__type_support.cpp.o[0m
[4.523s] [ 50%] [32mBuilding C object CMakeFiles/std_srvs__rosidl_typesupport_microxrcedds_c.dir/rosidl_typesupport_microxrcedds_c/std_srvs/srv/detail/microxrcedds/empty__type_support_c.c.o[0m
[4.523s] [ 52%] [32mBuilding C object CMakeFiles/std_srvs__rosidl_typesupport_microxrcedds_c.dir/rosidl_typesupport_microxrcedds_c/std_srvs/srv/detail/microxrcedds/set_bool__type_support_c.c.o[0m
[4.540s] [ 54%] [32mBuilding C object CMakeFiles/std_srvs__rosidl_typesupport_microxrcedds_c.dir/rosidl_typesupport_microxrcedds_c/std_srvs/srv/detail/microxrcedds/trigger__type_support_c.c.o[0m
[4.584s] [ 55%] [32m[1mLinking CXX shared library libstd_srvs__rosidl_typesupport_c.so[0m
[4.603s] [ 57%] [32mBuilding CXX object CMakeFiles/std_srvs__rosidl_typesupport_fastrtps_c.dir/rosidl_typesupport_fastrtps_c/std_srvs/srv/detail/empty__type_support_c.cpp.o[0m
[4.603s] [ 61%] [32mBuilding CXX object CMakeFiles/std_srvs__rosidl_typesupport_fastrtps_c.dir/rosidl_typesupport_fastrtps_c/std_srvs/srv/detail/trigger__type_support_c.cpp.o[0m
[4.603s] [ 61%] [32mBuilding CXX object CMakeFiles/std_srvs__rosidl_typesupport_fastrtps_c.dir/rosidl_typesupport_fastrtps_c/std_srvs/srv/detail/set_bool__type_support_c.cpp.o[0m
[4.719s] [ 62%] [32m[1mLinking C shared library libstd_srvs__rosidl_typesupport_microxrcedds_c.so[0m
[4.755s] [ 64%] [32m[1mLinking CXX shared library libstd_srvs__rosidl_typesupport_cpp.so[0m
[4.790s] [ 64%] Built target std_srvs__rosidl_typesupport_c
[4.845s] [ 64%] Built target std_srvs__rosidl_typesupport_microxrcedds_c
[4.870s] [ 64%] Built target std_srvs__rosidl_typesupport_cpp
[4.900s] [ 66%] [32mBuilding C object CMakeFiles/std_srvs__rosidl_typesupport_introspection_c.dir/rosidl_typesupport_introspection_c/std_srvs/srv/detail/empty__type_support.c.o[0m
[4.913s] [ 67%] [32mBuilding C object CMakeFiles/std_srvs__rosidl_typesupport_introspection_c.dir/rosidl_typesupport_introspection_c/std_srvs/srv/detail/trigger__type_support.c.o[0m
[4.914s] [ 69%] [32mBuilding C object CMakeFiles/std_srvs__rosidl_typesupport_introspection_c.dir/rosidl_typesupport_introspection_c/std_srvs/srv/detail/set_bool__type_support.c.o[0m
[5.016s] [ 71%] [32m[1mLinking C shared library libstd_srvs__rosidl_typesupport_introspection_c.so[0m
[5.053s] [ 72%] [32m[1mLinking CXX shared library libstd_srvs__rosidl_typesupport_fastrtps_cpp.so[0m
[5.087s] [ 72%] Built target std_srvs__rosidl_typesupport_introspection_c
[5.234s] [ 74%] [32m[1mLinking CXX shared library libstd_srvs__rosidl_typesupport_microxrcedds_cpp.so[0m
[5.251s] [ 74%] Built target std_srvs__rosidl_typesupport_fastrtps_cpp
[5.254s] [ 76%] [32m[1mLinking CXX shared library libstd_srvs__rosidl_typesupport_introspection_cpp.so[0m
[5.322s] [ 76%] Built target std_srvs__rosidl_typesupport_microxrcedds_cpp
[5.338s] [ 76%] Built target std_srvs__rosidl_typesupport_introspection_cpp
[5.448s] [ 77%] [32m[1mLinking CXX shared library libstd_srvs__rosidl_typesupport_fastrtps_c.so[0m
[5.525s] [ 77%] Built target std_srvs__rosidl_typesupport_fastrtps_c
[5.546s] [ 77%] Built target std_srvs
[5.569s] [ 79%] [34m[1mGenerating Python code for ROS interfaces[0m
[6.635s] [ 79%] Built target std_srvs__py
[6.688s] [ 81%] [32mBuilding C object CMakeFiles/std_srvs__rosidl_generator_py.dir/rosidl_generator_py/std_srvs/srv/_empty_s.c.o[0m
[6.694s] [ 83%] [32mBuilding C object CMakeFiles/std_srvs__rosidl_generator_py.dir/rosidl_generator_py/std_srvs/srv/_trigger_s.c.o[0m
[6.697s] [ 84%] [32mBuilding C object CMakeFiles/std_srvs__rosidl_generator_py.dir/rosidl_generator_py/std_srvs/srv/_set_bool_s.c.o[0m
[6.890s] [ 86%] [32m[1mLinking C shared library rosidl_generator_py/std_srvs/libstd_srvs__rosidl_generator_py.so[0m
[6.961s] [ 86%] Built target std_srvs__rosidl_generator_py
[6.984s] [ 88%] [32mBuilding C object CMakeFiles/std_srvs__rosidl_typesupport_introspection_c__pyext.dir/rosidl_generator_py/std_srvs/_std_srvs_s.ep.rosidl_typesupport_introspection_c.c.o[0m
[6.997s] [ 89%] [32mBuilding C object CMakeFiles/std_srvs__rosidl_typesupport_fastrtps_c__pyext.dir/rosidl_generator_py/std_srvs/_std_srvs_s.ep.rosidl_typesupport_fastrtps_c.c.o[0m
[7.004s] [ 91%] [32mBuilding C object CMakeFiles/std_srvs__rosidl_typesupport_c__pyext.dir/rosidl_generator_py/std_srvs/_std_srvs_s.ep.rosidl_typesupport_c.c.o[0m
[7.008s] [ 93%] [32mBuilding C object CMakeFiles/std_srvs__rosidl_typesupport_microxrcedds_c__pyext.dir/rosidl_generator_py/std_srvs/_std_srvs_s.ep.rosidl_typesupport_microxrcedds_c.c.o[0m
[7.128s] [ 94%] [32m[1mLinking C shared library rosidl_generator_py/std_srvs/std_srvs_s__rosidl_typesupport_introspection_c.cpython-310-x86_64-linux-gnu.so[0m
[7.143s] [ 96%] [32m[1mLinking C shared library rosidl_generator_py/std_srvs/std_srvs_s__rosidl_typesupport_fastrtps_c.cpython-310-x86_64-linux-gnu.so[0m
[7.152s] [ 98%] [32m[1mLinking C shared library rosidl_generator_py/std_srvs/std_srvs_s__rosidl_typesupport_c.cpython-310-x86_64-linux-gnu.so[0m
[7.165s] [100%] [32m[1mLinking C shared library rosidl_generator_py/std_srvs/std_srvs_s__rosidl_typesupport_microxrcedds_c.cpython-310-x86_64-linux-gnu.so[0m
[7.174s] [100%] Built target std_srvs__rosidl_typesupport_introspection_c__pyext
[7.185s] [100%] Built target std_srvs__rosidl_typesupport_fastrtps_c__pyext
[7.192s] [100%] Built target std_srvs__rosidl_typesupport_c__pyext
[7.199s] [100%] Built target std_srvs__rosidl_typesupport_microxrcedds_c__pyext
[7.231s] Invoked command in '/home/abdelrhaman/microros_ws/build/std_srvs' returned '0': CMAKE_PREFIX_PATH=${CMAKE_PREFIX_PATH}:/home/abdelrhaman/ros/install/my_robot_controller:/opt/ros/humble /usr/bin/cmake --build /home/abdelrhaman/microros_ws/build/std_srvs -- -j20 -l20
[7.319s] Invoking command in '/home/abdelrhaman/microros_ws/build/std_srvs': CMAKE_PREFIX_PATH=${CMAKE_PREFIX_PATH}:/home/abdelrhaman/ros/install/my_robot_controller:/opt/ros/humble /usr/bin/cmake --install /home/abdelrhaman/microros_ws/build/std_srvs
[7.330s] -- Install configuration: ""
[7.330s] -- Installing: /home/abdelrhaman/microros_ws/install/std_srvs/share/ament_index/resource_index/rosidl_interfaces/std_srvs
[7.331s] -- Installing: /home/abdelrhaman/microros_ws/install/std_srvs/include/std_srvs/std_srvs
[7.331s] -- Installing: /home/abdelrhaman/microros_ws/install/std_srvs/include/std_srvs/std_srvs/srv
[7.331s] -- Installing: /home/abdelrhaman/microros_ws/install/std_srvs/include/std_srvs/std_srvs/srv/trigger.h
[7.331s] -- Installing: /home/abdelrhaman/microros_ws/install/std_srvs/include/std_srvs/std_srvs/srv/detail
[7.331s] -- Installing: /home/abdelrhaman/microros_ws/install/std_srvs/include/std_srvs/std_srvs/srv/detail/trigger__functions.c
[7.331s] -- Installing: /home/abdelrhaman/microros_ws/install/std_srvs/include/std_srvs/std_srvs/srv/detail/set_bool__type_support.h
[7.332s] -- Installing: /home/abdelrhaman/microros_ws/install/std_srvs/include/std_srvs/std_srvs/srv/detail/set_bool__functions.h
[7.332s] -- Installing: /home/abdelrhaman/microros_ws/install/std_srvs/include/std_srvs/std_srvs/srv/detail/set_bool__functions.c
[7.332s] -- Installing: /home/abdelrhaman/microros_ws/install/std_srvs/include/std_srvs/std_srvs/srv/detail/empty__functions.h
[7.332s] -- Installing: /home/abdelrhaman/microros_ws/install/std_srvs/include/std_srvs/std_srvs/srv/detail/set_bool__struct.h
[7.332s] -- Installing: /home/abdelrhaman/microros_ws/install/std_srvs/include/std_srvs/std_srvs/srv/detail/empty__struct.h
[7.332s] -- Installing: /home/abdelrhaman/microros_ws/install/std_srvs/include/std_srvs/std_srvs/srv/detail/empty__functions.c
[7.332s] -- Installing: /home/abdelrhaman/microros_ws/install/std_srvs/include/std_srvs/std_srvs/srv/detail/trigger__struct.h
[7.332s] -- Installing: /home/abdelrhaman/microros_ws/install/std_srvs/include/std_srvs/std_srvs/srv/detail/empty__type_support.h
[7.332s] -- Installing: /home/abdelrhaman/microros_ws/install/std_srvs/include/std_srvs/std_srvs/srv/detail/trigger__type_support.h
[7.332s] -- Installing: /home/abdelrhaman/microros_ws/install/std_srvs/include/std_srvs/std_srvs/srv/detail/trigger__functions.h
[7.333s] -- Installing: /home/abdelrhaman/microros_ws/install/std_srvs/include/std_srvs/std_srvs/srv/empty.h
[7.333s] -- Installing: /home/abdelrhaman/microros_ws/install/std_srvs/include/std_srvs/std_srvs/srv/set_bool.h
[7.333s] -- Installing: /home/abdelrhaman/microros_ws/install/std_srvs/include/std_srvs/std_srvs/msg
[7.333s] -- Installing: /home/abdelrhaman/microros_ws/install/std_srvs/include/std_srvs/std_srvs/msg/rosidl_generator_c__visibility_control.h
[7.333s] -- Installing: /home/abdelrhaman/microros_ws/install/std_srvs/share/std_srvs/environment/library_path.sh
[7.333s] -- Installing: /home/abdelrhaman/microros_ws/install/std_srvs/share/std_srvs/environment/library_path.dsv
[7.334s] -- Installing: /home/abdelrhaman/microros_ws/install/std_srvs/lib/libstd_srvs__rosidl_generator_c.so
[7.334s] -- Set runtime path of "/home/abdelrhaman/microros_ws/install/std_srvs/lib/libstd_srvs__rosidl_generator_c.so" to ""
[7.334s] -- Up-to-date: /home/abdelrhaman/microros_ws/install/std_srvs/include/std_srvs
[7.334s] -- Installing: /home/abdelrhaman/microros_ws/install/std_srvs/include/std_srvs/srv
[7.334s] -- Installing: /home/abdelrhaman/microros_ws/install/std_srvs/include/std_srvs/srv/detail
[7.334s] -- Installing: /home/abdelrhaman/microros_ws/install/std_srvs/include/std_srvs/srv/detail/set_bool__rosidl_typesupport_microxrcedds_c.h
[7.334s] -- Installing: /home/abdelrhaman/microros_ws/install/std_srvs/include/std_srvs/srv/detail/empty__rosidl_typesupport_microxrcedds_c.h
[7.334s] -- Installing: /home/abdelrhaman/microros_ws/install/std_srvs/include/std_srvs/srv/detail/trigger__rosidl_typesupport_microxrcedds_c.h
[7.334s] -- Installing: /home/abdelrhaman/microros_ws/install/std_srvs/include/std_srvs/srv/detail/microxrcedds
[7.335s] -- Installing: /home/abdelrhaman/microros_ws/install/std_srvs/include/std_srvs/msg
[7.335s] -- Installing: /home/abdelrhaman/microros_ws/install/std_srvs/include/std_srvs/msg/rosidl_typesupport_microxrcedds_c__visibility_control.h
[7.335s] -- Installing: /home/abdelrhaman/microros_ws/install/std_srvs/lib/libstd_srvs__rosidl_typesupport_microxrcedds_c.so
[7.335s] -- Set runtime path of "/home/abdelrhaman/microros_ws/install/std_srvs/lib/libstd_srvs__rosidl_typesupport_microxrcedds_c.so" to ""
[7.335s] -- Up-to-date: /home/abdelrhaman/microros_ws/install/std_srvs/include/std_srvs/std_srvs
[7.335s] -- Up-to-date: /home/abdelrhaman/microros_ws/install/std_srvs/include/std_srvs/std_srvs/srv
[7.335s] -- Up-to-date: /home/abdelrhaman/microros_ws/install/std_srvs/include/std_srvs/std_srvs/srv/detail
[7.335s] -- Installing: /home/abdelrhaman/microros_ws/install/std_srvs/include/std_srvs/std_srvs/srv/detail/set_bool__rosidl_typesupport_fastrtps_c.h
[7.336s] -- Installing: /home/abdelrhaman/microros_ws/install/std_srvs/include/std_srvs/std_srvs/srv/detail/empty__rosidl_typesupport_fastrtps_c.h
[7.336s] -- Installing: /home/abdelrhaman/microros_ws/install/std_srvs/include/std_srvs/std_srvs/srv/detail/trigger__rosidl_typesupport_fastrtps_c.h
[7.336s] -- Up-to-date: /home/abdelrhaman/microros_ws/install/std_srvs/include/std_srvs/std_srvs/msg
[7.336s] -- Installing: /home/abdelrhaman/microros_ws/install/std_srvs/include/std_srvs/std_srvs/msg/rosidl_typesupport_fastrtps_c__visibility_control.h
[7.336s] -- Installing: /home/abdelrhaman/microros_ws/install/std_srvs/lib/libstd_srvs__rosidl_typesupport_fastrtps_c.so
[7.336s] -- Set runtime path of "/home/abdelrhaman/microros_ws/install/std_srvs/lib/libstd_srvs__rosidl_typesupport_fastrtps_c.so" to ""
[7.336s] -- Up-to-date: /home/abdelrhaman/microros_ws/install/std_srvs/include/std_srvs/std_srvs
[7.336s] -- Up-to-date: /home/abdelrhaman/microros_ws/install/std_srvs/include/std_srvs/std_srvs/srv
[7.336s] -- Up-to-date: /home/abdelrhaman/microros_ws/install/std_srvs/include/std_srvs/std_srvs/srv/detail
[7.336s] -- Installing: /home/abdelrhaman/microros_ws/install/std_srvs/include/std_srvs/std_srvs/srv/detail/set_bool__rosidl_typesupport_introspection_c.h
[7.337s] -- Installing: /home/abdelrhaman/microros_ws/install/std_srvs/include/std_srvs/std_srvs/srv/detail/set_bool__type_support.c
[7.337s] -- Installing: /home/abdelrhaman/microros_ws/install/std_srvs/include/std_srvs/std_srvs/srv/detail/empty__rosidl_typesupport_introspection_c.h
[7.337s] -- Installing: /home/abdelrhaman/microros_ws/install/std_srvs/include/std_srvs/std_srvs/srv/detail/trigger__type_support.c
[7.337s] -- Installing: /home/abdelrhaman/microros_ws/install/std_srvs/include/std_srvs/std_srvs/srv/detail/trigger__rosidl_typesupport_introspection_c.h
[7.337s] -- Installing: /home/abdelrhaman/microros_ws/install/std_srvs/include/std_srvs/std_srvs/srv/detail/empty__type_support.c
[7.337s] -- Up-to-date: /home/abdelrhaman/microros_ws/install/std_srvs/include/std_srvs/std_srvs/msg
[7.337s] -- Installing: /home/abdelrhaman/microros_ws/install/std_srvs/include/std_srvs/std_srvs/msg/rosidl_typesupport_introspection_c__visibility_control.h
[7.337s] -- Installing: /home/abdelrhaman/microros_ws/install/std_srvs/lib/libstd_srvs__rosidl_typesupport_introspection_c.so
[7.337s] -- Set runtime path of "/home/abdelrhaman/microros_ws/install/std_srvs/lib/libstd_srvs__rosidl_typesupport_introspection_c.so" to ""
[7.338s] -- Installing: /home/abdelrhaman/microros_ws/install/std_srvs/lib/libstd_srvs__rosidl_typesupport_c.so
[7.338s] -- Set runtime path of "/home/abdelrhaman/microros_ws/install/std_srvs/lib/libstd_srvs__rosidl_typesupport_c.so" to ""
[7.338s] -- Up-to-date: /home/abdelrhaman/microros_ws/install/std_srvs/include/std_srvs/std_srvs
[7.338s] -- Up-to-date: /home/abdelrhaman/microros_ws/install/std_srvs/include/std_srvs/std_srvs/srv
[7.338s] -- Up-to-date: /home/abdelrhaman/microros_ws/install/std_srvs/include/std_srvs/std_srvs/srv/detail
[7.339s] -- Installing: /home/abdelrhaman/microros_ws/install/std_srvs/include/std_srvs/std_srvs/srv/detail/set_bool__struct.hpp
[7.339s] -- Installing: /home/abdelrhaman/microros_ws/install/std_srvs/include/std_srvs/std_srvs/srv/detail/empty__struct.hpp
[7.339s] -- Installing: /home/abdelrhaman/microros_ws/install/std_srvs/include/std_srvs/std_srvs/srv/detail/set_bool__builder.hpp
[7.339s] -- Installing: /home/abdelrhaman/microros_ws/install/std_srvs/include/std_srvs/std_srvs/srv/detail/empty__builder.hpp
[7.339s] -- Installing: /home/abdelrhaman/microros_ws/install/std_srvs/include/std_srvs/std_srvs/srv/detail/empty__traits.hpp
[7.339s] -- Installing: /home/abdelrhaman/microros_ws/install/std_srvs/include/std_srvs/std_srvs/srv/detail/trigger__struct.hpp
[7.339s] -- Installing: /home/abdelrhaman/microros_ws/install/std_srvs/include/std_srvs/std_srvs/srv/detail/trigger__builder.hpp
[7.339s] -- Installing: /home/abdelrhaman/microros_ws/install/std_srvs/include/std_srvs/std_srvs/srv/detail/set_bool__traits.hpp
[7.340s] -- Installing: /home/abdelrhaman/microros_ws/install/std_srvs/include/std_srvs/std_srvs/srv/detail/trigger__traits.hpp
[7.340s] -- Installing: /home/abdelrhaman/microros_ws/install/std_srvs/include/std_srvs/std_srvs/srv/trigger.hpp
[7.340s] -- Installing: /home/abdelrhaman/microros_ws/install/std_srvs/include/std_srvs/std_srvs/srv/empty.hpp
[7.340s] -- Installing: /home/abdelrhaman/microros_ws/install/std_srvs/include/std_srvs/std_srvs/srv/set_bool.hpp
[7.340s] -- Up-to-date: /home/abdelrhaman/microros_ws/install/std_srvs/include/std_srvs
[7.340s] -- Up-to-date: /home/abdelrhaman/microros_ws/install/std_srvs/include/std_srvs/srv
[7.340s] -- Up-to-date: /home/abdelrhaman/microros_ws/install/std_srvs/include/std_srvs/srv/detail
[7.340s] -- Installing: /home/abdelrhaman/microros_ws/install/std_srvs/include/std_srvs/srv/detail/trigger__rosidl_typesupport_microxrcedds_cpp.hpp
[7.340s] -- Installing: /home/abdelrhaman/microros_ws/install/std_srvs/include/std_srvs/srv/detail/empty__rosidl_typesupport_microxrcedds_cpp.hpp
[7.340s] -- Installing: /home/abdelrhaman/microros_ws/install/std_srvs/include/std_srvs/srv/detail/set_bool__rosidl_typesupport_microxrcedds_cpp.hpp
[7.341s] -- Up-to-date: /home/abdelrhaman/microros_ws/install/std_srvs/include/std_srvs/srv/detail/microxrcedds
[7.341s] -- Installing: /home/abdelrhaman/microros_ws/install/std_srvs/include/std_srvs/srv/detail/microxrcedds/trigger__type_support_cpp.cpp
[7.341s] -- Installing: /home/abdelrhaman/microros_ws/install/std_srvs/include/std_srvs/srv/detail/microxrcedds/empty__type_support_cpp.cpp
[7.341s] -- Installing: /home/abdelrhaman/microros_ws/install/std_srvs/include/std_srvs/srv/detail/microxrcedds/set_bool__type_support_cpp.cpp
[7.341s] -- Up-to-date: /home/abdelrhaman/microros_ws/install/std_srvs/include/std_srvs/msg
[7.341s] -- Installing: /home/abdelrhaman/microros_ws/install/std_srvs/include/std_srvs/msg/rosidl_typesupport_microxrcedds_cpp__visibility_control.h
[7.341s] -- Installing: /home/abdelrhaman/microros_ws/install/std_srvs/lib/libstd_srvs__rosidl_typesupport_microxrcedds_cpp.so
[7.341s] -- Set runtime path of "/home/abdelrhaman/microros_ws/install/std_srvs/lib/libstd_srvs__rosidl_typesupport_microxrcedds_cpp.so" to ""
[7.341s] -- Up-to-date: /home/abdelrhaman/microros_ws/install/std_srvs/include/std_srvs/std_srvs
[7.342s] -- Up-to-date: /home/abdelrhaman/microros_ws/install/std_srvs/include/std_srvs/std_srvs/srv
[7.342s] -- Up-to-date: /home/abdelrhaman/microros_ws/install/std_srvs/include/std_srvs/std_srvs/srv/detail
[7.342s] -- Installing: /home/abdelrhaman/microros_ws/install/std_srvs/include/std_srvs/std_srvs/srv/detail/set_bool__rosidl_typesupport_fastrtps_cpp.hpp
[7.342s] -- Installing: /home/abdelrhaman/microros_ws/install/std_srvs/include/std_srvs/std_srvs/srv/detail/empty__rosidl_typesupport_fastrtps_cpp.hpp
[7.342s] -- Installing: /home/abdelrhaman/microros_ws/install/std_srvs/include/std_srvs/std_srvs/srv/detail/dds_fastrtps
[7.342s] -- Installing: /home/abdelrhaman/microros_ws/install/std_srvs/include/std_srvs/std_srvs/srv/detail/trigger__rosidl_typesupport_fastrtps_cpp.hpp
[7.342s] -- Up-to-date: /home/abdelrhaman/microros_ws/install/std_srvs/include/std_srvs/std_srvs/msg
[7.342s] -- Installing: /home/abdelrhaman/microros_ws/install/std_srvs/include/std_srvs/std_srvs/msg/rosidl_typesupport_fastrtps_cpp__visibility_control.h
[7.342s] -- Installing: /home/abdelrhaman/microros_ws/install/std_srvs/lib/libstd_srvs__rosidl_typesupport_fastrtps_cpp.so
[7.342s] -- Set runtime path of "/home/abdelrhaman/microros_ws/install/std_srvs/lib/libstd_srvs__rosidl_typesupport_fastrtps_cpp.so" to ""
[7.343s] -- Up-to-date: /home/abdelrhaman/microros_ws/install/std_srvs/include/std_srvs/std_srvs
[7.343s] -- Up-to-date: /home/abdelrhaman/microros_ws/install/std_srvs/include/std_srvs/std_srvs/srv
[7.343s] -- Up-to-date: /home/abdelrhaman/microros_ws/install/std_srvs/include/std_srvs/std_srvs/srv/detail
[7.343s] -- Installing: /home/abdelrhaman/microros_ws/install/std_srvs/include/std_srvs/std_srvs/srv/detail/trigger__rosidl_typesupport_introspection_cpp.hpp
[7.343s] -- Installing: /home/abdelrhaman/microros_ws/install/std_srvs/include/std_srvs/std_srvs/srv/detail/set_bool__type_support.cpp
[7.343s] -- Installing: /home/abdelrhaman/microros_ws/install/std_srvs/include/std_srvs/std_srvs/srv/detail/empty__rosidl_typesupport_introspection_cpp.hpp
[7.343s] -- Installing: /home/abdelrhaman/microros_ws/install/std_srvs/include/std_srvs/std_srvs/srv/detail/trigger__type_support.cpp
[7.343s] -- Installing: /home/abdelrhaman/microros_ws/install/std_srvs/include/std_srvs/std_srvs/srv/detail/empty__type_support.cpp
[7.343s] -- Installing: /home/abdelrhaman/microros_ws/install/std_srvs/include/std_srvs/std_srvs/srv/detail/set_bool__rosidl_typesupport_introspection_cpp.hpp
[7.343s] -- Installing: /home/abdelrhaman/microros_ws/install/std_srvs/lib/libstd_srvs__rosidl_typesupport_introspection_cpp.so
[7.344s] -- Set runtime path of "/home/abdelrhaman/microros_ws/install/std_srvs/lib/libstd_srvs__rosidl_typesupport_introspection_cpp.so" to ""
[7.344s] -- Installing: /home/abdelrhaman/microros_ws/install/std_srvs/lib/libstd_srvs__rosidl_typesupport_cpp.so
[7.344s] -- Set runtime path of "/home/abdelrhaman/microros_ws/install/std_srvs/lib/libstd_srvs__rosidl_typesupport_cpp.so" to ""
[7.344s] -- Installing: /home/abdelrhaman/microros_ws/install/std_srvs/share/std_srvs/environment/pythonpath.sh
[7.344s] -- Installing: /home/abdelrhaman/microros_ws/install/std_srvs/share/std_srvs/environment/pythonpath.dsv
[7.344s] -- Installing: /home/abdelrhaman/microros_ws/install/std_srvs/local/lib/python3.10/dist-packages/std_srvs-4.2.4-py3.10.egg-info
[7.345s] -- Installing: /home/abdelrhaman/microros_ws/install/std_srvs/local/lib/python3.10/dist-packages/std_srvs-4.2.4-py3.10.egg-info/PKG-INFO
[7.345s] -- Installing: /home/abdelrhaman/microros_ws/install/std_srvs/local/lib/python3.10/dist-packages/std_srvs-4.2.4-py3.10.egg-info/SOURCES.txt
[7.345s] -- Installing: /home/abdelrhaman/microros_ws/install/std_srvs/local/lib/python3.10/dist-packages/std_srvs-4.2.4-py3.10.egg-info/top_level.txt
[7.345s] -- Installing: /home/abdelrhaman/microros_ws/install/std_srvs/local/lib/python3.10/dist-packages/std_srvs-4.2.4-py3.10.egg-info/dependency_links.txt
[7.345s] -- Installing: /home/abdelrhaman/microros_ws/install/std_srvs/local/lib/python3.10/dist-packages/std_srvs
[7.345s] -- Installing: /home/abdelrhaman/microros_ws/install/std_srvs/local/lib/python3.10/dist-packages/std_srvs/libstd_srvs__rosidl_generator_py.so
[7.345s] -- Installing: /home/abdelrhaman/microros_ws/install/std_srvs/local/lib/python3.10/dist-packages/std_srvs/srv
[7.346s] -- Installing: /home/abdelrhaman/microros_ws/install/std_srvs/local/lib/python3.10/dist-packages/std_srvs/srv/_set_bool_s.c
[7.346s] -- Installing: /home/abdelrhaman/microros_ws/install/std_srvs/local/lib/python3.10/dist-packages/std_srvs/srv/_trigger.py
[7.346s] -- Installing: /home/abdelrhaman/microros_ws/install/std_srvs/local/lib/python3.10/dist-packages/std_srvs/srv/_trigger_s.c
[7.346s] -- Installing: /home/abdelrhaman/microros_ws/install/std_srvs/local/lib/python3.10/dist-packages/std_srvs/srv/_set_bool.py
[7.346s] -- Installing: /home/abdelrhaman/microros_ws/install/std_srvs/local/lib/python3.10/dist-packages/std_srvs/srv/_empty_s.c
[7.346s] -- Installing: /home/abdelrhaman/microros_ws/install/std_srvs/local/lib/python3.10/dist-packages/std_srvs/srv/_empty.py
[7.346s] -- Installing: /home/abdelrhaman/microros_ws/install/std_srvs/local/lib/python3.10/dist-packages/std_srvs/srv/__init__.py
[7.346s] -- Installing: /home/abdelrhaman/microros_ws/install/std_srvs/local/lib/python3.10/dist-packages/std_srvs/std_srvs_s__rosidl_typesupport_fastrtps_c.cpython-310-x86_64-linux-gnu.so
[7.346s] -- Installing: /home/abdelrhaman/microros_ws/install/std_srvs/local/lib/python3.10/dist-packages/std_srvs/_std_srvs_s.ep.rosidl_typesupport_c.c
[7.346s] -- Installing: /home/abdelrhaman/microros_ws/install/std_srvs/local/lib/python3.10/dist-packages/std_srvs/std_srvs_s__rosidl_typesupport_microxrcedds_c.cpython-310-x86_64-linux-gnu.so
[7.347s] -- Installing: /home/abdelrhaman/microros_ws/install/std_srvs/local/lib/python3.10/dist-packages/std_srvs/_std_srvs_s.ep.rosidl_typesupport_introspection_c.c
[7.347s] -- Installing: /home/abdelrhaman/microros_ws/install/std_srvs/local/lib/python3.10/dist-packages/std_srvs/__init__.py
[7.347s] -- Installing: /home/abdelrhaman/microros_ws/install/std_srvs/local/lib/python3.10/dist-packages/std_srvs/_std_srvs_s.ep.rosidl_typesupport_microxrcedds_c.c
[7.347s] -- Installing: /home/abdelrhaman/microros_ws/install/std_srvs/local/lib/python3.10/dist-packages/std_srvs/_std_srvs_s.ep.rosidl_typesupport_fastrtps_c.c
[7.347s] -- Installing: /home/abdelrhaman/microros_ws/install/std_srvs/local/lib/python3.10/dist-packages/std_srvs/std_srvs_s__rosidl_typesupport_c.cpython-310-x86_64-linux-gnu.so
[7.347s] -- Installing: /home/abdelrhaman/microros_ws/install/std_srvs/local/lib/python3.10/dist-packages/std_srvs/std_srvs_s__rosidl_typesupport_introspection_c.cpython-310-x86_64-linux-gnu.so
[7.388s] Listing '/home/abdelrhaman/microros_ws/install/std_srvs/local/lib/python3.10/dist-packages/std_srvs'...
[7.388s] Compiling '/home/abdelrhaman/microros_ws/install/std_srvs/local/lib/python3.10/dist-packages/std_srvs/__init__.py'...
[7.388s] Listing '/home/abdelrhaman/microros_ws/install/std_srvs/local/lib/python3.10/dist-packages/std_srvs/srv'...
[7.388s] Compiling '/home/abdelrhaman/microros_ws/install/std_srvs/local/lib/python3.10/dist-packages/std_srvs/srv/__init__.py'...
[7.388s] Compiling '/home/abdelrhaman/microros_ws/install/std_srvs/local/lib/python3.10/dist-packages/std_srvs/srv/_empty.py'...
[7.388s] Compiling '/home/abdelrhaman/microros_ws/install/std_srvs/local/lib/python3.10/dist-packages/std_srvs/srv/_set_bool.py'...
[7.388s] Compiling '/home/abdelrhaman/microros_ws/install/std_srvs/local/lib/python3.10/dist-packages/std_srvs/srv/_trigger.py'...
[7.393s] -- Installing: /home/abdelrhaman/microros_ws/install/std_srvs/local/lib/python3.10/dist-packages/std_srvs/std_srvs_s__rosidl_typesupport_microxrcedds_c.cpython-310-x86_64-linux-gnu.so
[7.393s] -- Set runtime path of "/home/abdelrhaman/microros_ws/install/std_srvs/local/lib/python3.10/dist-packages/std_srvs/std_srvs_s__rosidl_typesupport_microxrcedds_c.cpython-310-x86_64-linux-gnu.so" to ""
[7.393s] -- Installing: /home/abdelrhaman/microros_ws/install/std_srvs/local/lib/python3.10/dist-packages/std_srvs/std_srvs_s__rosidl_typesupport_fastrtps_c.cpython-310-x86_64-linux-gnu.so
[7.394s] -- Set runtime path of "/home/abdelrhaman/microros_ws/install/std_srvs/local/lib/python3.10/dist-packages/std_srvs/std_srvs_s__rosidl_typesupport_fastrtps_c.cpython-310-x86_64-linux-gnu.so" to ""
[7.394s] -- Installing: /home/abdelrhaman/microros_ws/install/std_srvs/local/lib/python3.10/dist-packages/std_srvs/std_srvs_s__rosidl_typesupport_introspection_c.cpython-310-x86_64-linux-gnu.so
[7.394s] -- Set runtime path of "/home/abdelrhaman/microros_ws/install/std_srvs/local/lib/python3.10/dist-packages/std_srvs/std_srvs_s__rosidl_typesupport_introspection_c.cpython-310-x86_64-linux-gnu.so" to ""
[7.394s] -- Installing: /home/abdelrhaman/microros_ws/install/std_srvs/local/lib/python3.10/dist-packages/std_srvs/std_srvs_s__rosidl_typesupport_c.cpython-310-x86_64-linux-gnu.so
[7.395s] -- Set runtime path of "/home/abdelrhaman/microros_ws/install/std_srvs/local/lib/python3.10/dist-packages/std_srvs/std_srvs_s__rosidl_typesupport_c.cpython-310-x86_64-linux-gnu.so" to ""
[7.395s] -- Installing: /home/abdelrhaman/microros_ws/install/std_srvs/lib/libstd_srvs__rosidl_generator_py.so
[7.395s] -- Set runtime path of "/home/abdelrhaman/microros_ws/install/std_srvs/lib/libstd_srvs__rosidl_generator_py.so" to ""
[7.395s] -- Installing: /home/abdelrhaman/microros_ws/install/std_srvs/share/std_srvs/srv/Empty.idl
[7.395s] -- Installing: /home/abdelrhaman/microros_ws/install/std_srvs/share/std_srvs/srv/SetBool.idl
[7.396s] -- Installing: /home/abdelrhaman/microros_ws/install/std_srvs/share/std_srvs/srv/Trigger.idl
[7.396s] -- Installing: /home/abdelrhaman/microros_ws/install/std_srvs/share/std_srvs/srv/Empty.srv
[7.396s] -- Installing: /home/abdelrhaman/microros_ws/install/std_srvs/share/std_srvs/srv/Empty_Request.msg
[7.396s] -- Installing: /home/abdelrhaman/microros_ws/install/std_srvs/share/std_srvs/srv/Empty_Response.msg
[7.396s] -- Installing: /home/abdelrhaman/microros_ws/install/std_srvs/share/std_srvs/srv/SetBool.srv
[7.396s] -- Installing: /home/abdelrhaman/microros_ws/install/std_srvs/share/std_srvs/srv/SetBool_Request.msg
[7.396s] -- Installing: /home/abdelrhaman/microros_ws/install/std_srvs/share/std_srvs/srv/SetBool_Response.msg
[7.396s] -- Installing: /home/abdelrhaman/microros_ws/install/std_srvs/share/std_srvs/srv/Trigger.srv
[7.397s] -- Installing: /home/abdelrhaman/microros_ws/install/std_srvs/share/std_srvs/srv/Trigger_Request.msg
[7.397s] -- Installing: /home/abdelrhaman/microros_ws/install/std_srvs/share/std_srvs/srv/Trigger_Response.msg
[7.397s] -- Installing: /home/abdelrhaman/microros_ws/install/std_srvs/share/ament_index/resource_index/package_run_dependencies/std_srvs
[7.397s] -- Installing: /home/abdelrhaman/microros_ws/install/std_srvs/share/ament_index/resource_index/parent_prefix_path/std_srvs
[7.397s] -- Installing: /home/abdelrhaman/microros_ws/install/std_srvs/share/std_srvs/environment/ament_prefix_path.sh
[7.397s] -- Installing: /home/abdelrhaman/microros_ws/install/std_srvs/share/std_srvs/environment/ament_prefix_path.dsv
[7.398s] -- Installing: /home/abdelrhaman/microros_ws/install/std_srvs/share/std_srvs/environment/path.sh
[7.398s] -- Installing: /home/abdelrhaman/microros_ws/install/std_srvs/share/std_srvs/environment/path.dsv
[7.398s] -- Installing: /home/abdelrhaman/microros_ws/install/std_srvs/share/std_srvs/local_setup.bash
[7.398s] -- Installing: /home/abdelrhaman/microros_ws/install/std_srvs/share/std_srvs/local_setup.sh
[7.398s] -- Installing: /home/abdelrhaman/microros_ws/install/std_srvs/share/std_srvs/local_setup.zsh
[7.398s] -- Installing: /home/abdelrhaman/microros_ws/install/std_srvs/share/std_srvs/local_setup.dsv
[7.398s] -- Installing: /home/abdelrhaman/microros_ws/install/std_srvs/share/std_srvs/package.dsv
[7.399s] -- Installing: /home/abdelrhaman/microros_ws/install/std_srvs/share/ament_index/resource_index/packages/std_srvs
[7.399s] -- Installing: /home/abdelrhaman/microros_ws/install/std_srvs/share/std_srvs/cmake/export_std_srvs__rosidl_generator_cExport.cmake
[7.399s] -- Installing: /home/abdelrhaman/microros_ws/install/std_srvs/share/std_srvs/cmake/export_std_srvs__rosidl_generator_cExport-noconfig.cmake
[7.399s] -- Installing: /home/abdelrhaman/microros_ws/install/std_srvs/share/std_srvs/cmake/export_std_srvs__rosidl_typesupport_fastrtps_cExport.cmake
[7.399s] -- Installing: /home/abdelrhaman/microros_ws/install/std_srvs/share/std_srvs/cmake/export_std_srvs__rosidl_typesupport_fastrtps_cExport-noconfig.cmake
[7.399s] -- Installing: /home/abdelrhaman/microros_ws/install/std_srvs/share/std_srvs/cmake/std_srvs__rosidl_typesupport_introspection_cExport.cmake
[7.399s] -- Installing: /home/abdelrhaman/microros_ws/install/std_srvs/share/std_srvs/cmake/std_srvs__rosidl_typesupport_introspection_cExport-noconfig.cmake
[7.400s] -- Installing: /home/abdelrhaman/microros_ws/install/std_srvs/share/std_srvs/cmake/std_srvs__rosidl_typesupport_cExport.cmake
[7.400s] -- Installing: /home/abdelrhaman/microros_ws/install/std_srvs/share/std_srvs/cmake/std_srvs__rosidl_typesupport_cExport-noconfig.cmake
[7.400s] -- Installing: /home/abdelrhaman/microros_ws/install/std_srvs/share/std_srvs/cmake/export_std_srvs__rosidl_generator_cppExport.cmake
[7.400s] -- Installing: /home/abdelrhaman/microros_ws/install/std_srvs/share/std_srvs/cmake/export_std_srvs__rosidl_typesupport_fastrtps_cppExport.cmake
[7.400s] -- Installing: /home/abdelrhaman/microros_ws/install/std_srvs/share/std_srvs/cmake/export_std_srvs__rosidl_typesupport_fastrtps_cppExport-noconfig.cmake
[7.400s] -- Installing: /home/abdelrhaman/microros_ws/install/std_srvs/share/std_srvs/cmake/std_srvs__rosidl_typesupport_introspection_cppExport.cmake
[7.401s] -- Installing: /home/abdelrhaman/microros_ws/install/std_srvs/share/std_srvs/cmake/std_srvs__rosidl_typesupport_introspection_cppExport-noconfig.cmake
[7.401s] -- Installing: /home/abdelrhaman/microros_ws/install/std_srvs/share/std_srvs/cmake/std_srvs__rosidl_typesupport_cppExport.cmake
[7.401s] -- Installing: /home/abdelrhaman/microros_ws/install/std_srvs/share/std_srvs/cmake/std_srvs__rosidl_typesupport_cppExport-noconfig.cmake
[7.401s] -- Installing: /home/abdelrhaman/microros_ws/install/std_srvs/share/std_srvs/cmake/export_std_srvs__rosidl_generator_pyExport.cmake
[7.401s] -- Installing: /home/abdelrhaman/microros_ws/install/std_srvs/share/std_srvs/cmake/export_std_srvs__rosidl_generator_pyExport-noconfig.cmake
[7.401s] -- Installing: /home/abdelrhaman/microros_ws/install/std_srvs/share/std_srvs/cmake/rosidl_cmake-extras.cmake
[7.402s] -- Installing: /home/abdelrhaman/microros_ws/install/std_srvs/share/std_srvs/cmake/ament_cmake_export_include_directories-extras.cmake
[7.402s] -- Installing: /home/abdelrhaman/microros_ws/install/std_srvs/share/std_srvs/cmake/ament_cmake_export_libraries-extras.cmake
[7.402s] -- Installing: /home/abdelrhaman/microros_ws/install/std_srvs/share/std_srvs/cmake/ament_cmake_export_targets-extras.cmake
[7.402s] -- Installing: /home/abdelrhaman/microros_ws/install/std_srvs/share/std_srvs/cmake/rosidl_cmake_export_typesupport_targets-extras.cmake
[7.402s] -- Installing: /home/abdelrhaman/microros_ws/install/std_srvs/share/std_srvs/cmake/ament_cmake_export_dependencies-extras.cmake
[7.402s] -- Installing: /home/abdelrhaman/microros_ws/install/std_srvs/share/std_srvs/cmake/rosidl_cmake_export_typesupport_libraries-extras.cmake
[7.402s] -- Installing: /home/abdelrhaman/microros_ws/install/std_srvs/share/std_srvs/cmake/std_srvsConfig.cmake
[7.403s] -- Installing: /home/abdelrhaman/microros_ws/install/std_srvs/share/std_srvs/cmake/std_srvsConfig-version.cmake
[7.403s] -- Installing: /home/abdelrhaman/microros_ws/install/std_srvs/share/std_srvs/package.xml
[7.405s] Invoked command in '/home/abdelrhaman/microros_ws/build/std_srvs' returned '0': CMAKE_PREFIX_PATH=${CMAKE_PREFIX_PATH}:/home/abdelrhaman/ros/install/my_robot_controller:/opt/ros/humble /usr/bin/cmake --install /home/abdelrhaman/microros_ws/build/std_srvs
