[0.018s] Invoking command in '/home/abdelrhaman/microros_ws/build/unique_identifier_msgs': CMAKE_PREFIX_PATH=/home/abdelrhaman/ros/install/my_robot_controller:/opt/ros/humble /usr/bin/cmake /home/abdelrhaman/microros_ws/src/ros2/unique_identifier_msgs -DCMAKE_INSTALL_PREFIX=/home/abdelrhaman/microros_ws/install/unique_identifier_msgs
[0.027s] -- Found ament_cmake: 1.3.10 (/opt/ros/humble/share/ament_cmake/cmake)
[0.150s] -- Found rosidl_default_generators: 1.2.0 (/opt/ros/humble/share/rosidl_default_generators/cmake)
[0.152s] -- Using all available rosidl_typesupport_c: rosidl_typesupport_fastrtps_c;rosidl_typesupport_introspection_c
[0.154s] -- Found rosidl_adapter: 3.1.5 (/opt/ros/humble/share/rosidl_adapter/cmake)
[0.173s] -- Using all available rosidl_typesupport_cpp: rosidl_typesupport_fastrtps_cpp;rosidl_typesupport_introspection_cpp
[0.384s] -- Found ament_cmake_ros: 0.10.0 (/opt/ros/humble/share/ament_cmake_ros/cmake)
[0.526s] -- Using all available rosidl_typesupport_c: rosidl_typesupport_fastrtps_c;rosidl_typesupport_introspection_c
[0.717s] -- Using all available rosidl_typesupport_cpp: rosidl_typesupport_fastrtps_cpp;rosidl_typesupport_introspection_cpp
[0.740s] -- Found python_cmake_module: 0.10.0 (/opt/ros/humble/share/python_cmake_module/cmake)
[0.765s] -- Using PYTHON_EXECUTABLE: /usr/bin/python3
[0.765s] -- Using PYTHON_INCLUDE_DIRS: /usr/include/python3.10
[0.765s] -- Using PYTHON_LIBRARIES: /usr/lib/x86_64-linux-gnu/libpython3.10.so
[0.778s] -- Configuring done
[0.808s] -- Generating done
[0.809s] -- Build files have been written to: /home/abdelrhaman/microros_ws/build/unique_identifier_msgs
[0.813s] Invoked command in '/home/abdelrhaman/microros_ws/build/unique_identifier_msgs' returned '0': CMAKE_PREFIX_PATH=/home/abdelrhaman/ros/install/my_robot_controller:/opt/ros/humble /usr/bin/cmake /home/abdelrhaman/microros_ws/src/ros2/unique_identifier_msgs -DCMAKE_INSTALL_PREFIX=/home/abdelrhaman/microros_ws/install/unique_identifier_msgs
[0.813s] Invoking command in '/home/abdelrhaman/microros_ws/build/unique_identifier_msgs': CMAKE_PREFIX_PATH=/home/abdelrhaman/ros/install/my_robot_controller:/opt/ros/humble /usr/bin/cmake --build /home/abdelrhaman/microros_ws/build/unique_identifier_msgs -- -j20 -l20
[0.848s] [35m[1mConsolidate compiler generated dependencies of target unique_identifier_msgs__rosidl_generator_c[0m
[0.850s] [  3%] Built target unique_identifier_msgs__cpp
[0.856s] [  6%] [34m[1mGenerating C++ type support dispatch for ROS interfaces[0m
[0.857s] [35m[1mConsolidate compiler generated dependencies of target unique_identifier_msgs__rosidl_typesupport_fastrtps_cpp[0m
[0.858s] [ 16%] Built target unique_identifier_msgs__rosidl_generator_c
[0.861s] [35m[1mConsolidate compiler generated dependencies of target unique_identifier_msgs__rosidl_typesupport_introspection_cpp[0m
[0.863s] [ 16%] Built target ament_cmake_python_copy_unique_identifier_msgs
[0.866s] [35m[1mConsolidate compiler generated dependencies of target unique_identifier_msgs__rosidl_typesupport_fastrtps_c[0m
[0.866s] [ 19%] [34m[1mGenerating C type support dispatch for ROS interfaces[0m
[0.866s] [35m[1mConsolidate compiler generated dependencies of target unique_identifier_msgs__rosidl_typesupport_introspection_c[0m
[0.869s] [ 29%] Built target unique_identifier_msgs__rosidl_typesupport_fastrtps_cpp
[0.873s] [ 38%] Built target unique_identifier_msgs__rosidl_typesupport_introspection_cpp
[0.878s] [ 48%] Built target unique_identifier_msgs__rosidl_typesupport_fastrtps_c
[0.878s] [ 58%] Built target unique_identifier_msgs__rosidl_typesupport_introspection_c
[1.107s] [35m[1mConsolidate compiler generated dependencies of target unique_identifier_msgs__rosidl_typesupport_cpp[0m
[1.119s] [ 61%] [32mBuilding CXX object CMakeFiles/unique_identifier_msgs__rosidl_typesupport_cpp.dir/rosidl_typesupport_cpp/unique_identifier_msgs/msg/uuid__type_support.cpp.o[0m
[1.128s] [35m[1mConsolidate compiler generated dependencies of target unique_identifier_msgs__rosidl_typesupport_c[0m
[1.137s] [ 64%] [32mBuilding CXX object CMakeFiles/unique_identifier_msgs__rosidl_typesupport_c.dir/rosidl_typesupport_c/unique_identifier_msgs/msg/uuid__type_support.cpp.o[0m
[1.188s] [ 67%] [32m[1mLinking CXX shared library libunique_identifier_msgs__rosidl_typesupport_c.so[0m
[1.248s] [ 67%] Built target unique_identifier_msgs__rosidl_typesupport_c
[1.356s] running egg_info
[1.398s] writing unique_identifier_msgs.egg-info/PKG-INFO
[1.433s] writing dependency_links to unique_identifier_msgs.egg-info/dependency_links.txt
[1.469s] [ 70%] [32m[1mLinking CXX shared library libunique_identifier_msgs__rosidl_typesupport_cpp.so[0m
[1.501s] [ 70%] Built target unique_identifier_msgs__rosidl_typesupport_cpp
[1.514s] [ 70%] Built target unique_identifier_msgs
[1.527s] [ 74%] Built target unique_identifier_msgs__py
[1.536s] [35m[1mConsolidate compiler generated dependencies of target unique_identifier_msgs__rosidl_generator_py[0m
[1.543s] [ 77%] [32m[1mLinking C shared library rosidl_generator_py/unique_identifier_msgs/libunique_identifier_msgs__rosidl_generator_py.so[0m
[1.574s] [ 80%] Built target unique_identifier_msgs__rosidl_generator_py
[1.585s] [35m[1mConsolidate compiler generated dependencies of target unique_identifier_msgs__rosidl_typesupport_c__pyext[0m
[1.585s] [35m[1mConsolidate compiler generated dependencies of target unique_identifier_msgs__rosidl_typesupport_fastrtps_c__pyext[0m
[1.587s] [35m[1mConsolidate compiler generated dependencies of target unique_identifier_msgs__rosidl_typesupport_introspection_c__pyext[0m
[1.592s] [ 83%] [32m[1mLinking C shared library rosidl_generator_py/unique_identifier_msgs/unique_identifier_msgs_s__rosidl_typesupport_fastrtps_c.cpython-310-x86_64-linux-gnu.so[0m
[1.593s] [ 87%] [32m[1mLinking C shared library rosidl_generator_py/unique_identifier_msgs/unique_identifier_msgs_s__rosidl_typesupport_c.cpython-310-x86_64-linux-gnu.so[0m
[1.595s] [ 90%] [32m[1mLinking C shared library rosidl_generator_py/unique_identifier_msgs/unique_identifier_msgs_s__rosidl_typesupport_introspection_c.cpython-310-x86_64-linux-gnu.so[0m
[1.617s] [ 93%] Built target unique_identifier_msgs__rosidl_typesupport_c__pyext
[1.619s] [ 96%] Built target unique_identifier_msgs__rosidl_typesupport_fastrtps_c__pyext
[1.622s] [100%] Built target unique_identifier_msgs__rosidl_typesupport_introspection_c__pyext
[1.673s] writing top-level names to unique_identifier_msgs.egg-info/top_level.txt
[1.737s] reading manifest file 'unique_identifier_msgs.egg-info/SOURCES.txt'
[1.738s] writing manifest file 'unique_identifier_msgs.egg-info/SOURCES.txt'
[1.788s] [100%] Built target ament_cmake_python_build_unique_identifier_msgs_egg
[1.802s] Invoked command in '/home/abdelrhaman/microros_ws/build/unique_identifier_msgs' returned '0': CMAKE_PREFIX_PATH=/home/abdelrhaman/ros/install/my_robot_controller:/opt/ros/humble /usr/bin/cmake --build /home/abdelrhaman/microros_ws/build/unique_identifier_msgs -- -j20 -l20
[1.857s] Invoking command in '/home/abdelrhaman/microros_ws/build/unique_identifier_msgs': CMAKE_PREFIX_PATH=/home/abdelrhaman/ros/install/my_robot_controller:/opt/ros/humble /usr/bin/cmake --install /home/abdelrhaman/microros_ws/build/unique_identifier_msgs
[1.863s] -- Install configuration: ""
[1.863s] -- Up-to-date: /home/abdelrhaman/microros_ws/install/unique_identifier_msgs/share/ament_index/resource_index/rosidl_interfaces/unique_identifier_msgs
[1.863s] -- Up-to-date: /home/abdelrhaman/microros_ws/install/unique_identifier_msgs/include/unique_identifier_msgs/unique_identifier_msgs
[1.863s] -- Up-to-date: /home/abdelrhaman/microros_ws/install/unique_identifier_msgs/include/unique_identifier_msgs/unique_identifier_msgs/msg
[1.864s] -- Up-to-date: /home/abdelrhaman/microros_ws/install/unique_identifier_msgs/include/unique_identifier_msgs/unique_identifier_msgs/msg/rosidl_generator_c__visibility_control.h
[1.864s] -- Up-to-date: /home/abdelrhaman/microros_ws/install/unique_identifier_msgs/include/unique_identifier_msgs/unique_identifier_msgs/msg/detail
[1.864s] -- Up-to-date: /home/abdelrhaman/microros_ws/install/unique_identifier_msgs/include/unique_identifier_msgs/unique_identifier_msgs/msg/detail/uuid__functions.c
[1.864s] -- Up-to-date: /home/abdelrhaman/microros_ws/install/unique_identifier_msgs/include/unique_identifier_msgs/unique_identifier_msgs/msg/detail/uuid__functions.h
[1.864s] -- Up-to-date: /home/abdelrhaman/microros_ws/install/unique_identifier_msgs/include/unique_identifier_msgs/unique_identifier_msgs/msg/detail/uuid__type_support.h
[1.864s] -- Up-to-date: /home/abdelrhaman/microros_ws/install/unique_identifier_msgs/include/unique_identifier_msgs/unique_identifier_msgs/msg/detail/uuid__struct.h
[1.864s] -- Up-to-date: /home/abdelrhaman/microros_ws/install/unique_identifier_msgs/include/unique_identifier_msgs/unique_identifier_msgs/msg/uuid.h
[1.864s] -- Up-to-date: /home/abdelrhaman/microros_ws/install/unique_identifier_msgs/share/unique_identifier_msgs/environment/library_path.sh
[1.864s] -- Installing: /home/abdelrhaman/microros_ws/install/unique_identifier_msgs/share/unique_identifier_msgs/environment/library_path.dsv
[1.864s] -- Up-to-date: /home/abdelrhaman/microros_ws/install/unique_identifier_msgs/lib/libunique_identifier_msgs__rosidl_generator_c.so
[1.864s] -- Up-to-date: /home/abdelrhaman/microros_ws/install/unique_identifier_msgs/include/unique_identifier_msgs/unique_identifier_msgs
[1.864s] -- Up-to-date: /home/abdelrhaman/microros_ws/install/unique_identifier_msgs/include/unique_identifier_msgs/unique_identifier_msgs/msg
[1.865s] -- Up-to-date: /home/abdelrhaman/microros_ws/install/unique_identifier_msgs/include/unique_identifier_msgs/unique_identifier_msgs/msg/detail
[1.865s] -- Up-to-date: /home/abdelrhaman/microros_ws/install/unique_identifier_msgs/include/unique_identifier_msgs/unique_identifier_msgs/msg/detail/uuid__rosidl_typesupport_fastrtps_c.h
[1.865s] -- Up-to-date: /home/abdelrhaman/microros_ws/install/unique_identifier_msgs/include/unique_identifier_msgs/unique_identifier_msgs/msg/rosidl_typesupport_fastrtps_c__visibility_control.h
[1.865s] -- Up-to-date: /home/abdelrhaman/microros_ws/install/unique_identifier_msgs/lib/libunique_identifier_msgs__rosidl_typesupport_fastrtps_c.so
[1.865s] -- Up-to-date: /home/abdelrhaman/microros_ws/install/unique_identifier_msgs/include/unique_identifier_msgs/unique_identifier_msgs
[1.865s] -- Up-to-date: /home/abdelrhaman/microros_ws/install/unique_identifier_msgs/include/unique_identifier_msgs/unique_identifier_msgs/msg
[1.865s] -- Up-to-date: /home/abdelrhaman/microros_ws/install/unique_identifier_msgs/include/unique_identifier_msgs/unique_identifier_msgs/msg/rosidl_typesupport_introspection_c__visibility_control.h
[1.865s] -- Up-to-date: /home/abdelrhaman/microros_ws/install/unique_identifier_msgs/include/unique_identifier_msgs/unique_identifier_msgs/msg/detail
[1.865s] -- Up-to-date: /home/abdelrhaman/microros_ws/install/unique_identifier_msgs/include/unique_identifier_msgs/unique_identifier_msgs/msg/detail/uuid__type_support.c
[1.865s] -- Up-to-date: /home/abdelrhaman/microros_ws/install/unique_identifier_msgs/include/unique_identifier_msgs/unique_identifier_msgs/msg/detail/uuid__rosidl_typesupport_introspection_c.h
[1.865s] -- Up-to-date: /home/abdelrhaman/microros_ws/install/unique_identifier_msgs/lib/libunique_identifier_msgs__rosidl_typesupport_introspection_c.so
[1.865s] -- Installing: /home/abdelrhaman/microros_ws/install/unique_identifier_msgs/lib/libunique_identifier_msgs__rosidl_typesupport_c.so
[1.866s] -- Set runtime path of "/home/abdelrhaman/microros_ws/install/unique_identifier_msgs/lib/libunique_identifier_msgs__rosidl_typesupport_c.so" to ""
[1.866s] -- Up-to-date: /home/abdelrhaman/microros_ws/install/unique_identifier_msgs/include/unique_identifier_msgs/unique_identifier_msgs
[1.866s] -- Up-to-date: /home/abdelrhaman/microros_ws/install/unique_identifier_msgs/include/unique_identifier_msgs/unique_identifier_msgs/msg
[1.866s] -- Up-to-date: /home/abdelrhaman/microros_ws/install/unique_identifier_msgs/include/unique_identifier_msgs/unique_identifier_msgs/msg/detail
[1.866s] -- Up-to-date: /home/abdelrhaman/microros_ws/install/unique_identifier_msgs/include/unique_identifier_msgs/unique_identifier_msgs/msg/detail/uuid__struct.hpp
[1.866s] -- Up-to-date: /home/abdelrhaman/microros_ws/install/unique_identifier_msgs/include/unique_identifier_msgs/unique_identifier_msgs/msg/detail/uuid__traits.hpp
[1.866s] -- Up-to-date: /home/abdelrhaman/microros_ws/install/unique_identifier_msgs/include/unique_identifier_msgs/unique_identifier_msgs/msg/detail/uuid__builder.hpp
[1.866s] -- Up-to-date: /home/abdelrhaman/microros_ws/install/unique_identifier_msgs/include/unique_identifier_msgs/unique_identifier_msgs/msg/uuid.hpp
[1.866s] -- Up-to-date: /home/abdelrhaman/microros_ws/install/unique_identifier_msgs/include/unique_identifier_msgs/unique_identifier_msgs
[1.866s] -- Up-to-date: /home/abdelrhaman/microros_ws/install/unique_identifier_msgs/include/unique_identifier_msgs/unique_identifier_msgs/msg
[1.866s] -- Up-to-date: /home/abdelrhaman/microros_ws/install/unique_identifier_msgs/include/unique_identifier_msgs/unique_identifier_msgs/msg/detail
[1.866s] -- Up-to-date: /home/abdelrhaman/microros_ws/install/unique_identifier_msgs/include/unique_identifier_msgs/unique_identifier_msgs/msg/detail/dds_fastrtps
[1.866s] -- Up-to-date: /home/abdelrhaman/microros_ws/install/unique_identifier_msgs/include/unique_identifier_msgs/unique_identifier_msgs/msg/detail/uuid__rosidl_typesupport_fastrtps_cpp.hpp
[1.866s] -- Up-to-date: /home/abdelrhaman/microros_ws/install/unique_identifier_msgs/include/unique_identifier_msgs/unique_identifier_msgs/msg/rosidl_typesupport_fastrtps_cpp__visibility_control.h
[1.866s] -- Up-to-date: /home/abdelrhaman/microros_ws/install/unique_identifier_msgs/lib/libunique_identifier_msgs__rosidl_typesupport_fastrtps_cpp.so
[1.867s] -- Up-to-date: /home/abdelrhaman/microros_ws/install/unique_identifier_msgs/include/unique_identifier_msgs/unique_identifier_msgs
[1.867s] -- Up-to-date: /home/abdelrhaman/microros_ws/install/unique_identifier_msgs/include/unique_identifier_msgs/unique_identifier_msgs/msg
[1.867s] -- Up-to-date: /home/abdelrhaman/microros_ws/install/unique_identifier_msgs/include/unique_identifier_msgs/unique_identifier_msgs/msg/detail
[1.867s] -- Up-to-date: /home/abdelrhaman/microros_ws/install/unique_identifier_msgs/include/unique_identifier_msgs/unique_identifier_msgs/msg/detail/uuid__rosidl_typesupport_introspection_cpp.hpp
[1.867s] -- Up-to-date: /home/abdelrhaman/microros_ws/install/unique_identifier_msgs/include/unique_identifier_msgs/unique_identifier_msgs/msg/detail/uuid__type_support.cpp
[1.867s] -- Up-to-date: /home/abdelrhaman/microros_ws/install/unique_identifier_msgs/lib/libunique_identifier_msgs__rosidl_typesupport_introspection_cpp.so
[1.867s] -- Installing: /home/abdelrhaman/microros_ws/install/unique_identifier_msgs/lib/libunique_identifier_msgs__rosidl_typesupport_cpp.so
[1.867s] -- Set runtime path of "/home/abdelrhaman/microros_ws/install/unique_identifier_msgs/lib/libunique_identifier_msgs__rosidl_typesupport_cpp.so" to ""
[1.867s] -- Up-to-date: /home/abdelrhaman/microros_ws/install/unique_identifier_msgs/share/unique_identifier_msgs/environment/pythonpath.sh
[1.867s] -- Installing: /home/abdelrhaman/microros_ws/install/unique_identifier_msgs/share/unique_identifier_msgs/environment/pythonpath.dsv
[1.868s] -- Up-to-date: /home/abdelrhaman/microros_ws/install/unique_identifier_msgs/local/lib/python3.10/dist-packages/unique_identifier_msgs-2.2.1-py3.10.egg-info
[1.868s] -- Installing: /home/abdelrhaman/microros_ws/install/unique_identifier_msgs/local/lib/python3.10/dist-packages/unique_identifier_msgs-2.2.1-py3.10.egg-info/PKG-INFO
[1.868s] -- Installing: /home/abdelrhaman/microros_ws/install/unique_identifier_msgs/local/lib/python3.10/dist-packages/unique_identifier_msgs-2.2.1-py3.10.egg-info/SOURCES.txt
[1.868s] -- Installing: /home/abdelrhaman/microros_ws/install/unique_identifier_msgs/local/lib/python3.10/dist-packages/unique_identifier_msgs-2.2.1-py3.10.egg-info/top_level.txt
[1.868s] -- Installing: /home/abdelrhaman/microros_ws/install/unique_identifier_msgs/local/lib/python3.10/dist-packages/unique_identifier_msgs-2.2.1-py3.10.egg-info/dependency_links.txt
[1.868s] -- Up-to-date: /home/abdelrhaman/microros_ws/install/unique_identifier_msgs/local/lib/python3.10/dist-packages/unique_identifier_msgs
[1.869s] -- Up-to-date: /home/abdelrhaman/microros_ws/install/unique_identifier_msgs/local/lib/python3.10/dist-packages/unique_identifier_msgs/_unique_identifier_msgs_s.ep.rosidl_typesupport_fastrtps_c.c
[1.869s] -- Up-to-date: /home/abdelrhaman/microros_ws/install/unique_identifier_msgs/local/lib/python3.10/dist-packages/unique_identifier_msgs/_unique_identifier_msgs_s.ep.rosidl_typesupport_microxrcedds_c.c
[1.869s] -- Installing: /home/abdelrhaman/microros_ws/install/unique_identifier_msgs/local/lib/python3.10/dist-packages/unique_identifier_msgs/unique_identifier_msgs_s__rosidl_typesupport_introspection_c.cpython-310-x86_64-linux-gnu.so
[1.869s] -- Installing: /home/abdelrhaman/microros_ws/install/unique_identifier_msgs/local/lib/python3.10/dist-packages/unique_identifier_msgs/libunique_identifier_msgs__rosidl_generator_py.so
[1.869s] -- Up-to-date: /home/abdelrhaman/microros_ws/install/unique_identifier_msgs/local/lib/python3.10/dist-packages/unique_identifier_msgs/unique_identifier_msgs_s__rosidl_typesupport_microxrcedds_c.cpython-310-x86_64-linux-gnu.so
[1.869s] -- Installing: /home/abdelrhaman/microros_ws/install/unique_identifier_msgs/local/lib/python3.10/dist-packages/unique_identifier_msgs/__init__.py
[1.869s] -- Installing: /home/abdelrhaman/microros_ws/install/unique_identifier_msgs/local/lib/python3.10/dist-packages/unique_identifier_msgs/unique_identifier_msgs_s__rosidl_typesupport_fastrtps_c.cpython-310-x86_64-linux-gnu.so
[1.869s] -- Up-to-date: /home/abdelrhaman/microros_ws/install/unique_identifier_msgs/local/lib/python3.10/dist-packages/unique_identifier_msgs/msg
[1.869s] -- Up-to-date: /home/abdelrhaman/microros_ws/install/unique_identifier_msgs/local/lib/python3.10/dist-packages/unique_identifier_msgs/msg/_uuid.py
[1.869s] -- Up-to-date: /home/abdelrhaman/microros_ws/install/unique_identifier_msgs/local/lib/python3.10/dist-packages/unique_identifier_msgs/msg/_uuid_s.c
[1.869s] -- Up-to-date: /home/abdelrhaman/microros_ws/install/unique_identifier_msgs/local/lib/python3.10/dist-packages/unique_identifier_msgs/msg/__init__.py
[1.869s] -- Up-to-date: /home/abdelrhaman/microros_ws/install/unique_identifier_msgs/local/lib/python3.10/dist-packages/unique_identifier_msgs/_unique_identifier_msgs_s.ep.rosidl_typesupport_c.c
[1.869s] -- Up-to-date: /home/abdelrhaman/microros_ws/install/unique_identifier_msgs/local/lib/python3.10/dist-packages/unique_identifier_msgs/_unique_identifier_msgs_s.ep.rosidl_typesupport_introspection_c.c
[1.870s] -- Installing: /home/abdelrhaman/microros_ws/install/unique_identifier_msgs/local/lib/python3.10/dist-packages/unique_identifier_msgs/unique_identifier_msgs_s__rosidl_typesupport_c.cpython-310-x86_64-linux-gnu.so
[1.918s] Listing '/home/abdelrhaman/microros_ws/install/unique_identifier_msgs/local/lib/python3.10/dist-packages/unique_identifier_msgs'...
[1.918s] Compiling '/home/abdelrhaman/microros_ws/install/unique_identifier_msgs/local/lib/python3.10/dist-packages/unique_identifier_msgs/__init__.py'...
[1.918s] Listing '/home/abdelrhaman/microros_ws/install/unique_identifier_msgs/local/lib/python3.10/dist-packages/unique_identifier_msgs/msg'...
[1.926s] -- Installing: /home/abdelrhaman/microros_ws/install/unique_identifier_msgs/local/lib/python3.10/dist-packages/unique_identifier_msgs/unique_identifier_msgs_s__rosidl_typesupport_fastrtps_c.cpython-310-x86_64-linux-gnu.so
[1.927s] -- Set runtime path of "/home/abdelrhaman/microros_ws/install/unique_identifier_msgs/local/lib/python3.10/dist-packages/unique_identifier_msgs/unique_identifier_msgs_s__rosidl_typesupport_fastrtps_c.cpython-310-x86_64-linux-gnu.so" to ""
[1.927s] -- Installing: /home/abdelrhaman/microros_ws/install/unique_identifier_msgs/local/lib/python3.10/dist-packages/unique_identifier_msgs/unique_identifier_msgs_s__rosidl_typesupport_introspection_c.cpython-310-x86_64-linux-gnu.so
[1.927s] -- Set runtime path of "/home/abdelrhaman/microros_ws/install/unique_identifier_msgs/local/lib/python3.10/dist-packages/unique_identifier_msgs/unique_identifier_msgs_s__rosidl_typesupport_introspection_c.cpython-310-x86_64-linux-gnu.so" to ""
[1.928s] -- Installing: /home/abdelrhaman/microros_ws/install/unique_identifier_msgs/local/lib/python3.10/dist-packages/unique_identifier_msgs/unique_identifier_msgs_s__rosidl_typesupport_c.cpython-310-x86_64-linux-gnu.so
[1.928s] -- Set runtime path of "/home/abdelrhaman/microros_ws/install/unique_identifier_msgs/local/lib/python3.10/dist-packages/unique_identifier_msgs/unique_identifier_msgs_s__rosidl_typesupport_c.cpython-310-x86_64-linux-gnu.so" to ""
[1.929s] -- Installing: /home/abdelrhaman/microros_ws/install/unique_identifier_msgs/lib/libunique_identifier_msgs__rosidl_generator_py.so
[1.929s] -- Set runtime path of "/home/abdelrhaman/microros_ws/install/unique_identifier_msgs/lib/libunique_identifier_msgs__rosidl_generator_py.so" to ""
[1.929s] -- Up-to-date: /home/abdelrhaman/microros_ws/install/unique_identifier_msgs/share/unique_identifier_msgs/msg/UUID.idl
[1.929s] -- Up-to-date: /home/abdelrhaman/microros_ws/install/unique_identifier_msgs/share/unique_identifier_msgs/msg/UUID.msg
[1.929s] -- Up-to-date: /home/abdelrhaman/microros_ws/install/unique_identifier_msgs/share/ament_index/resource_index/package_run_dependencies/unique_identifier_msgs
[1.929s] -- Installing: /home/abdelrhaman/microros_ws/install/unique_identifier_msgs/share/ament_index/resource_index/parent_prefix_path/unique_identifier_msgs
[1.932s] -- Up-to-date: /home/abdelrhaman/microros_ws/install/unique_identifier_msgs/share/unique_identifier_msgs/environment/ament_prefix_path.sh
[1.932s] -- Installing: /home/abdelrhaman/microros_ws/install/unique_identifier_msgs/share/unique_identifier_msgs/environment/ament_prefix_path.dsv
[1.932s] -- Up-to-date: /home/abdelrhaman/microros_ws/install/unique_identifier_msgs/share/unique_identifier_msgs/environment/path.sh
[1.932s] -- Installing: /home/abdelrhaman/microros_ws/install/unique_identifier_msgs/share/unique_identifier_msgs/environment/path.dsv
[1.932s] -- Up-to-date: /home/abdelrhaman/microros_ws/install/unique_identifier_msgs/share/unique_identifier_msgs/local_setup.bash
[1.932s] -- Up-to-date: /home/abdelrhaman/microros_ws/install/unique_identifier_msgs/share/unique_identifier_msgs/local_setup.sh
[1.932s] -- Up-to-date: /home/abdelrhaman/microros_ws/install/unique_identifier_msgs/share/unique_identifier_msgs/local_setup.zsh
[1.932s] -- Installing: /home/abdelrhaman/microros_ws/install/unique_identifier_msgs/share/unique_identifier_msgs/local_setup.dsv
[1.932s] -- Installing: /home/abdelrhaman/microros_ws/install/unique_identifier_msgs/share/unique_identifier_msgs/package.dsv
[1.932s] -- Up-to-date: /home/abdelrhaman/microros_ws/install/unique_identifier_msgs/share/ament_index/resource_index/packages/unique_identifier_msgs
[1.933s] -- Up-to-date: /home/abdelrhaman/microros_ws/install/unique_identifier_msgs/share/unique_identifier_msgs/cmake/export_unique_identifier_msgs__rosidl_generator_cExport.cmake
[1.933s] -- Up-to-date: /home/abdelrhaman/microros_ws/install/unique_identifier_msgs/share/unique_identifier_msgs/cmake/export_unique_identifier_msgs__rosidl_generator_cExport-noconfig.cmake
[1.933s] -- Up-to-date: /home/abdelrhaman/microros_ws/install/unique_identifier_msgs/share/unique_identifier_msgs/cmake/export_unique_identifier_msgs__rosidl_typesupport_fastrtps_cExport.cmake
[1.933s] -- Up-to-date: /home/abdelrhaman/microros_ws/install/unique_identifier_msgs/share/unique_identifier_msgs/cmake/export_unique_identifier_msgs__rosidl_typesupport_fastrtps_cExport-noconfig.cmake
[1.933s] -- Up-to-date: /home/abdelrhaman/microros_ws/install/unique_identifier_msgs/share/unique_identifier_msgs/cmake/unique_identifier_msgs__rosidl_typesupport_introspection_cExport.cmake
[1.933s] -- Up-to-date: /home/abdelrhaman/microros_ws/install/unique_identifier_msgs/share/unique_identifier_msgs/cmake/unique_identifier_msgs__rosidl_typesupport_introspection_cExport-noconfig.cmake
[1.933s] -- Up-to-date: /home/abdelrhaman/microros_ws/install/unique_identifier_msgs/share/unique_identifier_msgs/cmake/unique_identifier_msgs__rosidl_typesupport_cExport.cmake
[1.933s] -- Up-to-date: /home/abdelrhaman/microros_ws/install/unique_identifier_msgs/share/unique_identifier_msgs/cmake/unique_identifier_msgs__rosidl_typesupport_cExport-noconfig.cmake
[1.933s] -- Up-to-date: /home/abdelrhaman/microros_ws/install/unique_identifier_msgs/share/unique_identifier_msgs/cmake/export_unique_identifier_msgs__rosidl_generator_cppExport.cmake
[1.933s] -- Up-to-date: /home/abdelrhaman/microros_ws/install/unique_identifier_msgs/share/unique_identifier_msgs/cmake/export_unique_identifier_msgs__rosidl_typesupport_fastrtps_cppExport.cmake
[1.933s] -- Up-to-date: /home/abdelrhaman/microros_ws/install/unique_identifier_msgs/share/unique_identifier_msgs/cmake/export_unique_identifier_msgs__rosidl_typesupport_fastrtps_cppExport-noconfig.cmake
[1.933s] -- Up-to-date: /home/abdelrhaman/microros_ws/install/unique_identifier_msgs/share/unique_identifier_msgs/cmake/unique_identifier_msgs__rosidl_typesupport_introspection_cppExport.cmake
[1.933s] -- Up-to-date: /home/abdelrhaman/microros_ws/install/unique_identifier_msgs/share/unique_identifier_msgs/cmake/unique_identifier_msgs__rosidl_typesupport_introspection_cppExport-noconfig.cmake
[1.933s] -- Up-to-date: /home/abdelrhaman/microros_ws/install/unique_identifier_msgs/share/unique_identifier_msgs/cmake/unique_identifier_msgs__rosidl_typesupport_cppExport.cmake
[1.934s] -- Up-to-date: /home/abdelrhaman/microros_ws/install/unique_identifier_msgs/share/unique_identifier_msgs/cmake/unique_identifier_msgs__rosidl_typesupport_cppExport-noconfig.cmake
[1.934s] -- Up-to-date: /home/abdelrhaman/microros_ws/install/unique_identifier_msgs/share/unique_identifier_msgs/cmake/export_unique_identifier_msgs__rosidl_generator_pyExport.cmake
[1.934s] -- Up-to-date: /home/abdelrhaman/microros_ws/install/unique_identifier_msgs/share/unique_identifier_msgs/cmake/export_unique_identifier_msgs__rosidl_generator_pyExport-noconfig.cmake
[1.934s] -- Up-to-date: /home/abdelrhaman/microros_ws/install/unique_identifier_msgs/share/unique_identifier_msgs/cmake/rosidl_cmake-extras.cmake
[1.934s] -- Installing: /home/abdelrhaman/microros_ws/install/unique_identifier_msgs/share/unique_identifier_msgs/cmake/ament_cmake_export_include_directories-extras.cmake
[1.934s] -- Up-to-date: /home/abdelrhaman/microros_ws/install/unique_identifier_msgs/share/unique_identifier_msgs/cmake/ament_cmake_export_libraries-extras.cmake
[1.934s] -- Up-to-date: /home/abdelrhaman/microros_ws/install/unique_identifier_msgs/share/unique_identifier_msgs/cmake/ament_cmake_export_targets-extras.cmake
[1.934s] -- Up-to-date: /home/abdelrhaman/microros_ws/install/unique_identifier_msgs/share/unique_identifier_msgs/cmake/rosidl_cmake_export_typesupport_targets-extras.cmake
[1.934s] -- Up-to-date: /home/abdelrhaman/microros_ws/install/unique_identifier_msgs/share/unique_identifier_msgs/cmake/ament_cmake_export_dependencies-extras.cmake
[1.934s] -- Installing: /home/abdelrhaman/microros_ws/install/unique_identifier_msgs/share/unique_identifier_msgs/cmake/rosidl_cmake_export_typesupport_libraries-extras.cmake
[1.934s] -- Up-to-date: /home/abdelrhaman/microros_ws/install/unique_identifier_msgs/share/unique_identifier_msgs/cmake/unique_identifier_msgsConfig.cmake
[1.934s] -- Up-to-date: /home/abdelrhaman/microros_ws/install/unique_identifier_msgs/share/unique_identifier_msgs/cmake/unique_identifier_msgsConfig-version.cmake
[1.934s] -- Up-to-date: /home/abdelrhaman/microros_ws/install/unique_identifier_msgs/share/unique_identifier_msgs/package.xml
[1.934s] -- Up-to-date: /home/abdelrhaman/microros_ws/install/unique_identifier_msgs/share/unique_identifier_msgs/mapping_rules.yaml
[1.937s] Invoked command in '/home/abdelrhaman/microros_ws/build/unique_identifier_msgs' returned '0': CMAKE_PREFIX_PATH=/home/abdelrhaman/ros/install/my_robot_controller:/opt/ros/humble /usr/bin/cmake --install /home/abdelrhaman/microros_ws/build/unique_identifier_msgs
