[0.021s] Invoking command in '/home/abdelrhaman/microros_ws/build/micro_ros_msgs': CMAKE_PREFIX_PATH=${CMAKE_PREFIX_PATH}:/home/abdelrhaman/ros/install/my_robot_controller:/opt/ros/humble /usr/bin/cmake /home/abdelrhaman/microros_ws/src/uros/micro_ros_msgs -DBUILD_TESTING=OFF -DBUILD_SHARED_LIBS=ON -DCMAKE_INSTALL_PREFIX=/home/abdelrhaman/microros_ws/install/micro_ros_msgs
[0.073s] -- The C compiler identification is GNU 11.4.0
[0.124s] -- The CXX compiler identification is GNU 11.4.0
[0.131s] -- Detecting C compiler ABI info
[0.196s] -- Detecting C compiler ABI info - done
[0.201s] -- Check for working C compiler: /usr/bin/cc - skipped
[0.201s] -- Detecting C compile features
[0.202s] -- Detecting C compile features - done
[0.204s] -- Detecting CXX compiler ABI info
[0.281s] -- Detecting CXX compiler ABI info - done
[0.286s] -- Check for working CXX compiler: /usr/bin/c++ - skipped
[0.287s] -- Detecting CXX compile features
[0.287s] -- Detecting CXX compile features - done
[0.288s] -- Found ament_cmake: 1.3.10 (/opt/ros/humble/share/ament_cmake/cmake)
[1.016s] -- Found Python3: /usr/bin/python3 (found version "3.10.12") found components: Interpreter 
[1.096s] -- Found rosidl_default_generators: 1.2.0 (/opt/ros/humble/share/rosidl_default_generators/cmake)
[1.101s] -- Using all available rosidl_typesupport_c: rosidl_typesupport_microxrcedds_c;rosidl_typesupport_fastrtps_c;rosidl_typesupport_introspection_c
[1.108s] -- Found rosidl_adapter: 3.1.5 (/opt/ros/humble/share/rosidl_adapter/cmake)
[1.153s] -- Using all available rosidl_typesupport_cpp: rosidl_typesupport_microxrcedds_cpp;rosidl_typesupport_fastrtps_cpp;rosidl_typesupport_introspection_cpp
[1.381s] -- Found ament_cmake_ros: 0.10.0 (/opt/ros/humble/share/ament_cmake_ros/cmake)
[1.590s] -- Using all available rosidl_typesupport_c: rosidl_typesupport_microxrcedds_c;rosidl_typesupport_fastrtps_c;rosidl_typesupport_introspection_c
[1.860s] -- Using all available rosidl_typesupport_cpp: rosidl_typesupport_microxrcedds_cpp;rosidl_typesupport_fastrtps_cpp;rosidl_typesupport_introspection_cpp
[1.881s] -- Found PythonInterp: /usr/bin/python3 (found suitable version "3.10.12", minimum required is "3.6") 
[1.883s] -- Found python_cmake_module: 0.10.0 (/opt/ros/humble/share/python_cmake_module/cmake)
[1.908s] -- Found PythonLibs: /usr/lib/x86_64-linux-gnu/libpython3.10.so (found suitable version "3.10.12", minimum required is "3.5") 
[1.909s] -- Using PYTHON_EXECUTABLE: /usr/bin/python3
[1.909s] -- Using PYTHON_INCLUDE_DIRS: /usr/include/python3.10
[1.909s] -- Using PYTHON_LIBRARIES: /usr/lib/x86_64-linux-gnu/libpython3.10.so
[1.927s] -- Found PythonExtra: .so  
[1.958s] -- Configuring done
[1.984s] -- Generating done
[1.986s] -- Build files have been written to: /home/abdelrhaman/microros_ws/build/micro_ros_msgs
[1.992s] Invoked command in '/home/abdelrhaman/microros_ws/build/micro_ros_msgs' returned '0': CMAKE_PREFIX_PATH=${CMAKE_PREFIX_PATH}:/home/abdelrhaman/ros/install/my_robot_controller:/opt/ros/humble /usr/bin/cmake /home/abdelrhaman/microros_ws/src/uros/micro_ros_msgs -DBUILD_TESTING=OFF -DBUILD_SHARED_LIBS=ON -DCMAKE_INSTALL_PREFIX=/home/abdelrhaman/microros_ws/install/micro_ros_msgs
[1.993s] Invoking command in '/home/abdelrhaman/microros_ws/build/micro_ros_msgs': CMAKE_PREFIX_PATH=${CMAKE_PREFIX_PATH}:/home/abdelrhaman/ros/install/my_robot_controller:/opt/ros/humble /usr/bin/cmake --build /home/abdelrhaman/microros_ws/build/micro_ros_msgs -- -j20 -l20
[2.026s] [  1%] [34m[1mGenerating C code for ROS interfaces[0m
[2.030s] [  3%] [34m[1mGenerating C++ code for ROS interfaces[0m
[2.046s] [  3%] Built target ament_cmake_python_copy_micro_ros_msgs
[2.420s] [  3%] Built target micro_ros_msgs__cpp
[2.441s] [  5%] [34m[1mGenerating C++ type support dispatch for ROS interfaces[0m
[2.445s] [  6%] [34m[1mGenerating C++ type support for eProsima Micro XRCE-DDS[0m
[2.449s] [  8%] [34m[1mGenerating C++ type support for eProsima Fast-RTPS[0m
[2.458s] [ 10%] [34m[1mGenerating C++ introspection for ROS interfaces[0m
[2.593s] [ 11%] [32mBuilding C object CMakeFiles/micro_ros_msgs__rosidl_generator_c.dir/rosidl_generator_c/micro_ros_msgs/msg/detail/node__functions.c.o[0m
[2.599s] [ 13%] [32mBuilding C object CMakeFiles/micro_ros_msgs__rosidl_generator_c.dir/rosidl_generator_c/micro_ros_msgs/msg/detail/graph__functions.c.o[0m
[2.616s] [ 15%] [32mBuilding C object CMakeFiles/micro_ros_msgs__rosidl_generator_c.dir/rosidl_generator_c/micro_ros_msgs/msg/detail/entity__functions.c.o[0m
[2.749s] [ 16%] [32m[1mLinking C shared library libmicro_ros_msgs__rosidl_generator_c.so[0m
[2.857s] [ 16%] Built target micro_ros_msgs__rosidl_generator_c
[2.891s] [ 18%] [34m[1mGenerating C type support for eProsima Fast-RTPS[0m
[2.893s] [ 20%] [34m[1mGenerating C type support for eProsima Micro XRCE-DDS[0m
[2.900s] [ 22%] [34m[1mGenerating C type support dispatch for ROS interfaces[0m
[2.912s] [ 23%] [34m[1mGenerating C introspection for ROS interfaces[0m
[3.094s] [ 25%] [32mBuilding CXX object CMakeFiles/micro_ros_msgs__rosidl_typesupport_fastrtps_cpp.dir/rosidl_typesupport_fastrtps_cpp/micro_ros_msgs/msg/detail/dds_fastrtps/entity__type_support.cpp.o[0m
[3.094s] [ 27%] [32mBuilding CXX object CMakeFiles/micro_ros_msgs__rosidl_typesupport_fastrtps_cpp.dir/rosidl_typesupport_fastrtps_cpp/micro_ros_msgs/msg/detail/dds_fastrtps/node__type_support.cpp.o[0m
[3.114s] [ 28%] [32mBuilding CXX object CMakeFiles/micro_ros_msgs__rosidl_typesupport_fastrtps_cpp.dir/rosidl_typesupport_fastrtps_cpp/micro_ros_msgs/msg/detail/dds_fastrtps/graph__type_support.cpp.o[0m
[3.241s] running egg_info
[3.256s] creating micro_ros_msgs.egg-info
[3.341s] writing micro_ros_msgs.egg-info/PKG-INFO
[3.364s] [ 30%] [32mBuilding CXX object CMakeFiles/micro_ros_msgs__rosidl_typesupport_c.dir/rosidl_typesupport_c/micro_ros_msgs/msg/graph__type_support.cpp.o[0m
[3.366s] [ 32%] [32mBuilding CXX object CMakeFiles/micro_ros_msgs__rosidl_typesupport_c.dir/rosidl_typesupport_c/micro_ros_msgs/msg/entity__type_support.cpp.o[0m
[3.376s] [ 33%] [32mBuilding CXX object CMakeFiles/micro_ros_msgs__rosidl_typesupport_c.dir/rosidl_typesupport_c/micro_ros_msgs/msg/node__type_support.cpp.o[0m
[3.434s] writing dependency_links to micro_ros_msgs.egg-info/dependency_links.txt
[3.470s] [ 35%] [32m[1mLinking CXX shared library libmicro_ros_msgs__rosidl_typesupport_c.so[0m
[3.491s] [ 37%] [32mBuilding CXX object CMakeFiles/micro_ros_msgs__rosidl_typesupport_microxrcedds_cpp.dir/rosidl_typesupport_microxrcedds_cpp/micro_ros_msgs/msg/detail/microxrcedds/entity__type_support_cpp.cpp.o[0m
[3.491s] [ 38%] [32mBuilding CXX object CMakeFiles/micro_ros_msgs__rosidl_typesupport_microxrcedds_cpp.dir/rosidl_typesupport_microxrcedds_cpp/micro_ros_msgs/msg/detail/microxrcedds/node__type_support_cpp.cpp.o[0m
[3.491s] [ 40%] [32mBuilding CXX object CMakeFiles/micro_ros_msgs__rosidl_typesupport_microxrcedds_cpp.dir/rosidl_typesupport_microxrcedds_cpp/micro_ros_msgs/msg/detail/microxrcedds/graph__type_support_cpp.cpp.o[0m
[3.551s] [ 42%] [32mBuilding CXX object CMakeFiles/micro_ros_msgs__rosidl_typesupport_introspection_cpp.dir/rosidl_typesupport_introspection_cpp/micro_ros_msgs/msg/detail/node__type_support.cpp.o[0m
[3.559s] [ 44%] [32mBuilding CXX object CMakeFiles/micro_ros_msgs__rosidl_typesupport_introspection_cpp.dir/rosidl_typesupport_introspection_cpp/micro_ros_msgs/msg/detail/graph__type_support.cpp.o[0m
[3.572s] [ 44%] Built target micro_ros_msgs__rosidl_typesupport_c
[3.572s] [ 45%] [32mBuilding CXX object CMakeFiles/micro_ros_msgs__rosidl_typesupport_introspection_cpp.dir/rosidl_typesupport_introspection_cpp/micro_ros_msgs/msg/detail/entity__type_support.cpp.o[0m
[3.613s] [ 47%] [32mBuilding CXX object CMakeFiles/micro_ros_msgs__rosidl_typesupport_cpp.dir/rosidl_typesupport_cpp/micro_ros_msgs/msg/graph__type_support.cpp.o[0m
[3.617s] [ 49%] [32mBuilding CXX object CMakeFiles/micro_ros_msgs__rosidl_typesupport_cpp.dir/rosidl_typesupport_cpp/micro_ros_msgs/msg/entity__type_support.cpp.o[0m
[3.625s] [ 50%] [32mBuilding CXX object CMakeFiles/micro_ros_msgs__rosidl_typesupport_cpp.dir/rosidl_typesupport_cpp/micro_ros_msgs/msg/node__type_support.cpp.o[0m
[3.665s] [ 52%] [32mBuilding C object CMakeFiles/micro_ros_msgs__rosidl_typesupport_microxrcedds_c.dir/rosidl_typesupport_microxrcedds_c/micro_ros_msgs/msg/detail/microxrcedds/graph__type_support_c.c.o[0m
[3.678s] [ 54%] [32mBuilding C object CMakeFiles/micro_ros_msgs__rosidl_typesupport_microxrcedds_c.dir/rosidl_typesupport_microxrcedds_c/micro_ros_msgs/msg/detail/microxrcedds/entity__type_support_c.c.o[0m
[3.678s] [ 55%] [32mBuilding C object CMakeFiles/micro_ros_msgs__rosidl_typesupport_microxrcedds_c.dir/rosidl_typesupport_microxrcedds_c/micro_ros_msgs/msg/detail/microxrcedds/node__type_support_c.c.o[0m
[3.706s] [ 57%] [32mBuilding CXX object CMakeFiles/micro_ros_msgs__rosidl_typesupport_fastrtps_c.dir/rosidl_typesupport_fastrtps_c/micro_ros_msgs/msg/detail/entity__type_support_c.cpp.o[0m
[3.708s] [ 59%] [32mBuilding CXX object CMakeFiles/micro_ros_msgs__rosidl_typesupport_fastrtps_c.dir/rosidl_typesupport_fastrtps_c/micro_ros_msgs/msg/detail/node__type_support_c.cpp.o[0m
[3.719s] [ 61%] [32mBuilding CXX object CMakeFiles/micro_ros_msgs__rosidl_typesupport_fastrtps_c.dir/rosidl_typesupport_fastrtps_c/micro_ros_msgs/msg/detail/graph__type_support_c.cpp.o[0m
[3.819s] [ 62%] [32m[1mLinking C shared library libmicro_ros_msgs__rosidl_typesupport_microxrcedds_c.so[0m
[3.925s] [ 62%] Built target micro_ros_msgs__rosidl_typesupport_microxrcedds_c
[4.399s] [ 64%] [32mBuilding C object CMakeFiles/micro_ros_msgs__rosidl_typesupport_introspection_c.dir/rosidl_typesupport_introspection_c/micro_ros_msgs/msg/detail/graph__type_support.c.o[0m
[4.413s] [ 66%] [32mBuilding C object CMakeFiles/micro_ros_msgs__rosidl_typesupport_introspection_c.dir/rosidl_typesupport_introspection_c/micro_ros_msgs/msg/detail/entity__type_support.c.o[0m
[4.432s] [ 67%] [32mBuilding C object CMakeFiles/micro_ros_msgs__rosidl_typesupport_introspection_c.dir/rosidl_typesupport_introspection_c/micro_ros_msgs/msg/detail/node__type_support.c.o[0m
[4.560s] [ 69%] [32m[1mLinking CXX shared library libmicro_ros_msgs__rosidl_typesupport_cpp.so[0m
[4.564s] [ 71%] [32m[1mLinking C shared library libmicro_ros_msgs__rosidl_typesupport_introspection_c.so[0m
[4.618s] writing top-level names to micro_ros_msgs.egg-info/top_level.txt
[4.619s] writing manifest file 'micro_ros_msgs.egg-info/SOURCES.txt'
[4.677s] [ 71%] Built target micro_ros_msgs__rosidl_typesupport_introspection_c
[4.688s] [ 72%] [32m[1mLinking CXX shared library libmicro_ros_msgs__rosidl_typesupport_fastrtps_cpp.so[0m
[4.751s] [ 72%] Built target micro_ros_msgs__rosidl_typesupport_cpp
[4.840s] reading manifest file 'micro_ros_msgs.egg-info/SOURCES.txt'
[4.846s] writing manifest file 'micro_ros_msgs.egg-info/SOURCES.txt'
[4.867s] [ 72%] Built target micro_ros_msgs__rosidl_typesupport_fastrtps_cpp
[5.009s] [ 72%] Built target ament_cmake_python_build_micro_ros_msgs_egg
[5.085s] [ 74%] [32m[1mLinking CXX shared library libmicro_ros_msgs__rosidl_typesupport_fastrtps_c.so[0m
[5.098s] [ 76%] [32m[1mLinking CXX shared library libmicro_ros_msgs__rosidl_typesupport_microxrcedds_cpp.so[0m
[5.271s] [ 76%] Built target micro_ros_msgs__rosidl_typesupport_microxrcedds_cpp
[5.271s] [ 76%] Built target micro_ros_msgs__rosidl_typesupport_fastrtps_c
[5.331s] [ 77%] [32m[1mLinking CXX shared library libmicro_ros_msgs__rosidl_typesupport_introspection_cpp.so[0m
[5.405s] [ 77%] Built target micro_ros_msgs__rosidl_typesupport_introspection_cpp
[5.418s] [ 77%] Built target micro_ros_msgs
[5.433s] [ 79%] [34m[1mGenerating Python code for ROS interfaces[0m
[5.973s] [ 79%] Built target micro_ros_msgs__py
[6.001s] [ 81%] [32mBuilding C object CMakeFiles/micro_ros_msgs__rosidl_generator_py.dir/rosidl_generator_py/micro_ros_msgs/msg/_node_s.c.o[0m
[6.002s] [ 83%] [32mBuilding C object CMakeFiles/micro_ros_msgs__rosidl_generator_py.dir/rosidl_generator_py/micro_ros_msgs/msg/_graph_s.c.o[0m
[6.015s] [ 84%] [32mBuilding C object CMakeFiles/micro_ros_msgs__rosidl_generator_py.dir/rosidl_generator_py/micro_ros_msgs/msg/_entity_s.c.o[0m
[6.214s] [ 86%] [32m[1mLinking C shared library rosidl_generator_py/micro_ros_msgs/libmicro_ros_msgs__rosidl_generator_py.so[0m
[6.331s] [ 86%] Built target micro_ros_msgs__rosidl_generator_py
[6.385s] [ 88%] [32mBuilding C object CMakeFiles/micro_ros_msgs__rosidl_typesupport_fastrtps_c__pyext.dir/rosidl_generator_py/micro_ros_msgs/_micro_ros_msgs_s.ep.rosidl_typesupport_fastrtps_c.c.o[0m
[6.395s] [ 89%] [32mBuilding C object CMakeFiles/micro_ros_msgs__rosidl_typesupport_microxrcedds_c__pyext.dir/rosidl_generator_py/micro_ros_msgs/_micro_ros_msgs_s.ep.rosidl_typesupport_microxrcedds_c.c.o[0m
[6.407s] [ 91%] [32mBuilding C object CMakeFiles/micro_ros_msgs__rosidl_typesupport_introspection_c__pyext.dir/rosidl_generator_py/micro_ros_msgs/_micro_ros_msgs_s.ep.rosidl_typesupport_introspection_c.c.o[0m
[6.411s] [ 93%] [32mBuilding C object CMakeFiles/micro_ros_msgs__rosidl_typesupport_c__pyext.dir/rosidl_generator_py/micro_ros_msgs/_micro_ros_msgs_s.ep.rosidl_typesupport_c.c.o[0m
[6.554s] [ 94%] [32m[1mLinking C shared library rosidl_generator_py/micro_ros_msgs/micro_ros_msgs_s__rosidl_typesupport_fastrtps_c.cpython-310-x86_64-linux-gnu.so[0m
[6.610s] [ 96%] [32m[1mLinking C shared library rosidl_generator_py/micro_ros_msgs/micro_ros_msgs_s__rosidl_typesupport_microxrcedds_c.cpython-310-x86_64-linux-gnu.so[0m
[6.624s] [ 98%] [32m[1mLinking C shared library rosidl_generator_py/micro_ros_msgs/micro_ros_msgs_s__rosidl_typesupport_c.cpython-310-x86_64-linux-gnu.so[0m
[6.631s] [100%] [32m[1mLinking C shared library rosidl_generator_py/micro_ros_msgs/micro_ros_msgs_s__rosidl_typesupport_introspection_c.cpython-310-x86_64-linux-gnu.so[0m
[6.653s] [100%] Built target micro_ros_msgs__rosidl_typesupport_fastrtps_c__pyext
[6.682s] [100%] Built target micro_ros_msgs__rosidl_typesupport_microxrcedds_c__pyext
[6.724s] [100%] Built target micro_ros_msgs__rosidl_typesupport_introspection_c__pyext
[6.732s] [100%] Built target micro_ros_msgs__rosidl_typesupport_c__pyext
[6.770s] Invoked command in '/home/abdelrhaman/microros_ws/build/micro_ros_msgs' returned '0': CMAKE_PREFIX_PATH=${CMAKE_PREFIX_PATH}:/home/abdelrhaman/ros/install/my_robot_controller:/opt/ros/humble /usr/bin/cmake --build /home/abdelrhaman/microros_ws/build/micro_ros_msgs -- -j20 -l20
[6.942s] Invoking command in '/home/abdelrhaman/microros_ws/build/micro_ros_msgs': CMAKE_PREFIX_PATH=${CMAKE_PREFIX_PATH}:/home/abdelrhaman/ros/install/my_robot_controller:/opt/ros/humble /usr/bin/cmake --install /home/abdelrhaman/microros_ws/build/micro_ros_msgs
[6.951s] -- Install configuration: ""
[6.951s] -- Installing: /home/abdelrhaman/microros_ws/install/micro_ros_msgs/share/ament_index/resource_index/rosidl_interfaces/micro_ros_msgs
[6.952s] -- Installing: /home/abdelrhaman/microros_ws/install/micro_ros_msgs/include/micro_ros_msgs/micro_ros_msgs
[6.952s] -- Installing: /home/abdelrhaman/microros_ws/install/micro_ros_msgs/include/micro_ros_msgs/micro_ros_msgs/msg
[6.952s] -- Installing: /home/abdelrhaman/microros_ws/install/micro_ros_msgs/include/micro_ros_msgs/micro_ros_msgs/msg/rosidl_generator_c__visibility_control.h
[6.952s] -- Installing: /home/abdelrhaman/microros_ws/install/micro_ros_msgs/include/micro_ros_msgs/micro_ros_msgs/msg/graph.h
[6.952s] -- Installing: /home/abdelrhaman/microros_ws/install/micro_ros_msgs/include/micro_ros_msgs/micro_ros_msgs/msg/detail
[6.952s] -- Installing: /home/abdelrhaman/microros_ws/install/micro_ros_msgs/include/micro_ros_msgs/micro_ros_msgs/msg/detail/node__functions.c
[6.952s] -- Installing: /home/abdelrhaman/microros_ws/install/micro_ros_msgs/include/micro_ros_msgs/micro_ros_msgs/msg/detail/graph__struct.h
[6.952s] -- Installing: /home/abdelrhaman/microros_ws/install/micro_ros_msgs/include/micro_ros_msgs/micro_ros_msgs/msg/detail/entity__functions.c
[6.953s] -- Installing: /home/abdelrhaman/microros_ws/install/micro_ros_msgs/include/micro_ros_msgs/micro_ros_msgs/msg/detail/entity__struct.h
[6.953s] -- Installing: /home/abdelrhaman/microros_ws/install/micro_ros_msgs/include/micro_ros_msgs/micro_ros_msgs/msg/detail/graph__functions.h
[6.953s] -- Installing: /home/abdelrhaman/microros_ws/install/micro_ros_msgs/include/micro_ros_msgs/micro_ros_msgs/msg/detail/node__type_support.h
[6.953s] -- Installing: /home/abdelrhaman/microros_ws/install/micro_ros_msgs/include/micro_ros_msgs/micro_ros_msgs/msg/detail/graph__type_support.h
[6.953s] -- Installing: /home/abdelrhaman/microros_ws/install/micro_ros_msgs/include/micro_ros_msgs/micro_ros_msgs/msg/detail/entity__type_support.h
[6.953s] -- Installing: /home/abdelrhaman/microros_ws/install/micro_ros_msgs/include/micro_ros_msgs/micro_ros_msgs/msg/detail/entity__functions.h
[6.953s] -- Installing: /home/abdelrhaman/microros_ws/install/micro_ros_msgs/include/micro_ros_msgs/micro_ros_msgs/msg/detail/graph__functions.c
[6.953s] -- Installing: /home/abdelrhaman/microros_ws/install/micro_ros_msgs/include/micro_ros_msgs/micro_ros_msgs/msg/detail/node__struct.h
[6.956s] -- Installing: /home/abdelrhaman/microros_ws/install/micro_ros_msgs/include/micro_ros_msgs/micro_ros_msgs/msg/detail/node__functions.h
[6.956s] -- Installing: /home/abdelrhaman/microros_ws/install/micro_ros_msgs/include/micro_ros_msgs/micro_ros_msgs/msg/node.h
[6.956s] -- Installing: /home/abdelrhaman/microros_ws/install/micro_ros_msgs/include/micro_ros_msgs/micro_ros_msgs/msg/entity.h
[6.956s] -- Installing: /home/abdelrhaman/microros_ws/install/micro_ros_msgs/share/micro_ros_msgs/environment/library_path.sh
[6.956s] -- Installing: /home/abdelrhaman/microros_ws/install/micro_ros_msgs/share/micro_ros_msgs/environment/library_path.dsv
[6.957s] -- Installing: /home/abdelrhaman/microros_ws/install/micro_ros_msgs/lib/libmicro_ros_msgs__rosidl_generator_c.so
[6.957s] -- Set runtime path of "/home/abdelrhaman/microros_ws/install/micro_ros_msgs/lib/libmicro_ros_msgs__rosidl_generator_c.so" to ""
[6.957s] -- Up-to-date: /home/abdelrhaman/microros_ws/install/micro_ros_msgs/include/micro_ros_msgs
[6.957s] -- Installing: /home/abdelrhaman/microros_ws/install/micro_ros_msgs/include/micro_ros_msgs/msg
[6.957s] -- Installing: /home/abdelrhaman/microros_ws/install/micro_ros_msgs/include/micro_ros_msgs/msg/detail
[6.957s] -- Installing: /home/abdelrhaman/microros_ws/install/micro_ros_msgs/include/micro_ros_msgs/msg/detail/entity__rosidl_typesupport_microxrcedds_c.h
[6.957s] -- Installing: /home/abdelrhaman/microros_ws/install/micro_ros_msgs/include/micro_ros_msgs/msg/detail/microxrcedds
[6.957s] -- Installing: /home/abdelrhaman/microros_ws/install/micro_ros_msgs/include/micro_ros_msgs/msg/detail/graph__rosidl_typesupport_microxrcedds_c.h
[6.957s] -- Installing: /home/abdelrhaman/microros_ws/install/micro_ros_msgs/include/micro_ros_msgs/msg/detail/node__rosidl_typesupport_microxrcedds_c.h
[6.957s] -- Installing: /home/abdelrhaman/microros_ws/install/micro_ros_msgs/include/micro_ros_msgs/msg/rosidl_typesupport_microxrcedds_c__visibility_control.h
[6.957s] -- Installing: /home/abdelrhaman/microros_ws/install/micro_ros_msgs/lib/libmicro_ros_msgs__rosidl_typesupport_microxrcedds_c.so
[6.957s] -- Set runtime path of "/home/abdelrhaman/microros_ws/install/micro_ros_msgs/lib/libmicro_ros_msgs__rosidl_typesupport_microxrcedds_c.so" to ""
[6.958s] -- Up-to-date: /home/abdelrhaman/microros_ws/install/micro_ros_msgs/include/micro_ros_msgs/micro_ros_msgs
[6.958s] -- Up-to-date: /home/abdelrhaman/microros_ws/install/micro_ros_msgs/include/micro_ros_msgs/micro_ros_msgs/msg
[6.958s] -- Up-to-date: /home/abdelrhaman/microros_ws/install/micro_ros_msgs/include/micro_ros_msgs/micro_ros_msgs/msg/detail
[6.958s] -- Installing: /home/abdelrhaman/microros_ws/install/micro_ros_msgs/include/micro_ros_msgs/micro_ros_msgs/msg/detail/entity__rosidl_typesupport_fastrtps_c.h
[6.958s] -- Installing: /home/abdelrhaman/microros_ws/install/micro_ros_msgs/include/micro_ros_msgs/micro_ros_msgs/msg/detail/node__rosidl_typesupport_fastrtps_c.h
[6.958s] -- Installing: /home/abdelrhaman/microros_ws/install/micro_ros_msgs/include/micro_ros_msgs/micro_ros_msgs/msg/detail/graph__rosidl_typesupport_fastrtps_c.h
[6.958s] -- Installing: /home/abdelrhaman/microros_ws/install/micro_ros_msgs/include/micro_ros_msgs/micro_ros_msgs/msg/rosidl_typesupport_fastrtps_c__visibility_control.h
[6.958s] -- Installing: /home/abdelrhaman/microros_ws/install/micro_ros_msgs/lib/libmicro_ros_msgs__rosidl_typesupport_fastrtps_c.so
[6.959s] -- Set runtime path of "/home/abdelrhaman/microros_ws/install/micro_ros_msgs/lib/libmicro_ros_msgs__rosidl_typesupport_fastrtps_c.so" to ""
[6.959s] -- Up-to-date: /home/abdelrhaman/microros_ws/install/micro_ros_msgs/include/micro_ros_msgs/micro_ros_msgs
[6.959s] -- Up-to-date: /home/abdelrhaman/microros_ws/install/micro_ros_msgs/include/micro_ros_msgs/micro_ros_msgs/msg
[6.959s] -- Installing: /home/abdelrhaman/microros_ws/install/micro_ros_msgs/include/micro_ros_msgs/micro_ros_msgs/msg/rosidl_typesupport_introspection_c__visibility_control.h
[6.959s] -- Up-to-date: /home/abdelrhaman/microros_ws/install/micro_ros_msgs/include/micro_ros_msgs/micro_ros_msgs/msg/detail
[6.959s] -- Installing: /home/abdelrhaman/microros_ws/install/micro_ros_msgs/include/micro_ros_msgs/micro_ros_msgs/msg/detail/node__rosidl_typesupport_introspection_c.h
[6.959s] -- Installing: /home/abdelrhaman/microros_ws/install/micro_ros_msgs/include/micro_ros_msgs/micro_ros_msgs/msg/detail/node__type_support.c
[6.959s] -- Installing: /home/abdelrhaman/microros_ws/install/micro_ros_msgs/include/micro_ros_msgs/micro_ros_msgs/msg/detail/entity__type_support.c
[6.959s] -- Installing: /home/abdelrhaman/microros_ws/install/micro_ros_msgs/include/micro_ros_msgs/micro_ros_msgs/msg/detail/entity__rosidl_typesupport_introspection_c.h
[6.960s] -- Installing: /home/abdelrhaman/microros_ws/install/micro_ros_msgs/include/micro_ros_msgs/micro_ros_msgs/msg/detail/graph__type_support.c
[6.960s] -- Installing: /home/abdelrhaman/microros_ws/install/micro_ros_msgs/include/micro_ros_msgs/micro_ros_msgs/msg/detail/graph__rosidl_typesupport_introspection_c.h
[6.960s] -- Installing: /home/abdelrhaman/microros_ws/install/micro_ros_msgs/lib/libmicro_ros_msgs__rosidl_typesupport_introspection_c.so
[6.965s] -- Set runtime path of "/home/abdelrhaman/microros_ws/install/micro_ros_msgs/lib/libmicro_ros_msgs__rosidl_typesupport_introspection_c.so" to ""
[6.966s] -- Installing: /home/abdelrhaman/microros_ws/install/micro_ros_msgs/lib/libmicro_ros_msgs__rosidl_typesupport_c.so
[6.966s] -- Set runtime path of "/home/abdelrhaman/microros_ws/install/micro_ros_msgs/lib/libmicro_ros_msgs__rosidl_typesupport_c.so" to ""
[6.967s] -- Up-to-date: /home/abdelrhaman/microros_ws/install/micro_ros_msgs/include/micro_ros_msgs/micro_ros_msgs
[6.967s] -- Up-to-date: /home/abdelrhaman/microros_ws/install/micro_ros_msgs/include/micro_ros_msgs/micro_ros_msgs/msg
[6.967s] -- Installing: /home/abdelrhaman/microros_ws/install/micro_ros_msgs/include/micro_ros_msgs/micro_ros_msgs/msg/node.hpp
[6.967s] -- Up-to-date: /home/abdelrhaman/microros_ws/install/micro_ros_msgs/include/micro_ros_msgs/micro_ros_msgs/msg/detail
[6.967s] -- Installing: /home/abdelrhaman/microros_ws/install/micro_ros_msgs/include/micro_ros_msgs/micro_ros_msgs/msg/detail/node__builder.hpp
[6.967s] -- Installing: /home/abdelrhaman/microros_ws/install/micro_ros_msgs/include/micro_ros_msgs/micro_ros_msgs/msg/detail/node__traits.hpp
[6.967s] -- Installing: /home/abdelrhaman/microros_ws/install/micro_ros_msgs/include/micro_ros_msgs/micro_ros_msgs/msg/detail/graph__builder.hpp
[6.967s] -- Installing: /home/abdelrhaman/microros_ws/install/micro_ros_msgs/include/micro_ros_msgs/micro_ros_msgs/msg/detail/graph__traits.hpp
[6.967s] -- Installing: /home/abdelrhaman/microros_ws/install/micro_ros_msgs/include/micro_ros_msgs/micro_ros_msgs/msg/detail/entity__traits.hpp
[6.967s] -- Installing: /home/abdelrhaman/microros_ws/install/micro_ros_msgs/include/micro_ros_msgs/micro_ros_msgs/msg/detail/entity__builder.hpp
[6.967s] -- Installing: /home/abdelrhaman/microros_ws/install/micro_ros_msgs/include/micro_ros_msgs/micro_ros_msgs/msg/detail/graph__struct.hpp
[6.967s] -- Installing: /home/abdelrhaman/microros_ws/install/micro_ros_msgs/include/micro_ros_msgs/micro_ros_msgs/msg/detail/node__struct.hpp
[6.967s] -- Installing: /home/abdelrhaman/microros_ws/install/micro_ros_msgs/include/micro_ros_msgs/micro_ros_msgs/msg/detail/entity__struct.hpp
[6.967s] -- Installing: /home/abdelrhaman/microros_ws/install/micro_ros_msgs/include/micro_ros_msgs/micro_ros_msgs/msg/entity.hpp
[6.968s] -- Installing: /home/abdelrhaman/microros_ws/install/micro_ros_msgs/include/micro_ros_msgs/micro_ros_msgs/msg/graph.hpp
[6.968s] -- Up-to-date: /home/abdelrhaman/microros_ws/install/micro_ros_msgs/include/micro_ros_msgs
[6.968s] -- Up-to-date: /home/abdelrhaman/microros_ws/install/micro_ros_msgs/include/micro_ros_msgs/msg
[6.968s] -- Up-to-date: /home/abdelrhaman/microros_ws/install/micro_ros_msgs/include/micro_ros_msgs/msg/detail
[6.968s] -- Installing: /home/abdelrhaman/microros_ws/install/micro_ros_msgs/include/micro_ros_msgs/msg/detail/entity__rosidl_typesupport_microxrcedds_cpp.hpp
[6.968s] -- Up-to-date: /home/abdelrhaman/microros_ws/install/micro_ros_msgs/include/micro_ros_msgs/msg/detail/microxrcedds
[6.968s] -- Installing: /home/abdelrhaman/microros_ws/install/micro_ros_msgs/include/micro_ros_msgs/msg/detail/microxrcedds/node__type_support_cpp.cpp
[6.968s] -- Installing: /home/abdelrhaman/microros_ws/install/micro_ros_msgs/include/micro_ros_msgs/msg/detail/microxrcedds/graph__type_support_cpp.cpp
[6.968s] -- Installing: /home/abdelrhaman/microros_ws/install/micro_ros_msgs/include/micro_ros_msgs/msg/detail/microxrcedds/entity__type_support_cpp.cpp
[6.968s] -- Installing: /home/abdelrhaman/microros_ws/install/micro_ros_msgs/include/micro_ros_msgs/msg/detail/node__rosidl_typesupport_microxrcedds_cpp.hpp
[6.969s] -- Installing: /home/abdelrhaman/microros_ws/install/micro_ros_msgs/include/micro_ros_msgs/msg/detail/graph__rosidl_typesupport_microxrcedds_cpp.hpp
[6.969s] -- Installing: /home/abdelrhaman/microros_ws/install/micro_ros_msgs/include/micro_ros_msgs/msg/rosidl_typesupport_microxrcedds_cpp__visibility_control.h
[6.969s] -- Installing: /home/abdelrhaman/microros_ws/install/micro_ros_msgs/lib/libmicro_ros_msgs__rosidl_typesupport_microxrcedds_cpp.so
[6.969s] -- Set runtime path of "/home/abdelrhaman/microros_ws/install/micro_ros_msgs/lib/libmicro_ros_msgs__rosidl_typesupport_microxrcedds_cpp.so" to ""
[6.969s] -- Up-to-date: /home/abdelrhaman/microros_ws/install/micro_ros_msgs/include/micro_ros_msgs/micro_ros_msgs
[6.969s] -- Up-to-date: /home/abdelrhaman/microros_ws/install/micro_ros_msgs/include/micro_ros_msgs/micro_ros_msgs/msg
[6.969s] -- Up-to-date: /home/abdelrhaman/microros_ws/install/micro_ros_msgs/include/micro_ros_msgs/micro_ros_msgs/msg/detail
[6.969s] -- Installing: /home/abdelrhaman/microros_ws/install/micro_ros_msgs/include/micro_ros_msgs/micro_ros_msgs/msg/detail/graph__rosidl_typesupport_fastrtps_cpp.hpp
[6.970s] -- Installing: /home/abdelrhaman/microros_ws/install/micro_ros_msgs/include/micro_ros_msgs/micro_ros_msgs/msg/detail/node__rosidl_typesupport_fastrtps_cpp.hpp
[6.970s] -- Installing: /home/abdelrhaman/microros_ws/install/micro_ros_msgs/include/micro_ros_msgs/micro_ros_msgs/msg/detail/dds_fastrtps
[6.970s] -- Installing: /home/abdelrhaman/microros_ws/install/micro_ros_msgs/include/micro_ros_msgs/micro_ros_msgs/msg/detail/entity__rosidl_typesupport_fastrtps_cpp.hpp
[6.970s] -- Installing: /home/abdelrhaman/microros_ws/install/micro_ros_msgs/include/micro_ros_msgs/micro_ros_msgs/msg/rosidl_typesupport_fastrtps_cpp__visibility_control.h
[6.970s] -- Installing: /home/abdelrhaman/microros_ws/install/micro_ros_msgs/lib/libmicro_ros_msgs__rosidl_typesupport_fastrtps_cpp.so
[6.970s] -- Set runtime path of "/home/abdelrhaman/microros_ws/install/micro_ros_msgs/lib/libmicro_ros_msgs__rosidl_typesupport_fastrtps_cpp.so" to ""
[6.970s] -- Up-to-date: /home/abdelrhaman/microros_ws/install/micro_ros_msgs/include/micro_ros_msgs/micro_ros_msgs
[6.970s] -- Up-to-date: /home/abdelrhaman/microros_ws/install/micro_ros_msgs/include/micro_ros_msgs/micro_ros_msgs/msg
[6.970s] -- Up-to-date: /home/abdelrhaman/microros_ws/install/micro_ros_msgs/include/micro_ros_msgs/micro_ros_msgs/msg/detail
[6.970s] -- Installing: /home/abdelrhaman/microros_ws/install/micro_ros_msgs/include/micro_ros_msgs/micro_ros_msgs/msg/detail/graph__type_support.cpp
[6.970s] -- Installing: /home/abdelrhaman/microros_ws/install/micro_ros_msgs/include/micro_ros_msgs/micro_ros_msgs/msg/detail/node__rosidl_typesupport_introspection_cpp.hpp
[6.970s] -- Installing: /home/abdelrhaman/microros_ws/install/micro_ros_msgs/include/micro_ros_msgs/micro_ros_msgs/msg/detail/entity__rosidl_typesupport_introspection_cpp.hpp
[6.970s] -- Installing: /home/abdelrhaman/microros_ws/install/micro_ros_msgs/include/micro_ros_msgs/micro_ros_msgs/msg/detail/entity__type_support.cpp
[6.970s] -- Installing: /home/abdelrhaman/microros_ws/install/micro_ros_msgs/include/micro_ros_msgs/micro_ros_msgs/msg/detail/graph__rosidl_typesupport_introspection_cpp.hpp
[6.970s] -- Installing: /home/abdelrhaman/microros_ws/install/micro_ros_msgs/include/micro_ros_msgs/micro_ros_msgs/msg/detail/node__type_support.cpp
[6.971s] -- Installing: /home/abdelrhaman/microros_ws/install/micro_ros_msgs/lib/libmicro_ros_msgs__rosidl_typesupport_introspection_cpp.so
[6.971s] -- Set runtime path of "/home/abdelrhaman/microros_ws/install/micro_ros_msgs/lib/libmicro_ros_msgs__rosidl_typesupport_introspection_cpp.so" to ""
[6.971s] -- Installing: /home/abdelrhaman/microros_ws/install/micro_ros_msgs/lib/libmicro_ros_msgs__rosidl_typesupport_cpp.so
[6.971s] -- Set runtime path of "/home/abdelrhaman/microros_ws/install/micro_ros_msgs/lib/libmicro_ros_msgs__rosidl_typesupport_cpp.so" to ""
[6.971s] -- Installing: /home/abdelrhaman/microros_ws/install/micro_ros_msgs/share/micro_ros_msgs/environment/pythonpath.sh
[6.971s] -- Installing: /home/abdelrhaman/microros_ws/install/micro_ros_msgs/share/micro_ros_msgs/environment/pythonpath.dsv
[6.971s] -- Installing: /home/abdelrhaman/microros_ws/install/micro_ros_msgs/local/lib/python3.10/dist-packages/micro_ros_msgs-3.0.1-py3.10.egg-info
[6.971s] -- Installing: /home/abdelrhaman/microros_ws/install/micro_ros_msgs/local/lib/python3.10/dist-packages/micro_ros_msgs-3.0.1-py3.10.egg-info/PKG-INFO
[6.971s] -- Installing: /home/abdelrhaman/microros_ws/install/micro_ros_msgs/local/lib/python3.10/dist-packages/micro_ros_msgs-3.0.1-py3.10.egg-info/SOURCES.txt
[6.971s] -- Installing: /home/abdelrhaman/microros_ws/install/micro_ros_msgs/local/lib/python3.10/dist-packages/micro_ros_msgs-3.0.1-py3.10.egg-info/top_level.txt
[6.971s] -- Installing: /home/abdelrhaman/microros_ws/install/micro_ros_msgs/local/lib/python3.10/dist-packages/micro_ros_msgs-3.0.1-py3.10.egg-info/dependency_links.txt
[6.971s] -- Installing: /home/abdelrhaman/microros_ws/install/micro_ros_msgs/local/lib/python3.10/dist-packages/micro_ros_msgs
[6.971s] -- Installing: /home/abdelrhaman/microros_ws/install/micro_ros_msgs/local/lib/python3.10/dist-packages/micro_ros_msgs/libmicro_ros_msgs__rosidl_generator_py.so
[6.971s] -- Installing: /home/abdelrhaman/microros_ws/install/micro_ros_msgs/local/lib/python3.10/dist-packages/micro_ros_msgs/_micro_ros_msgs_s.ep.rosidl_typesupport_microxrcedds_c.c
[6.971s] -- Installing: /home/abdelrhaman/microros_ws/install/micro_ros_msgs/local/lib/python3.10/dist-packages/micro_ros_msgs/_micro_ros_msgs_s.ep.rosidl_typesupport_fastrtps_c.c
[6.971s] -- Installing: /home/abdelrhaman/microros_ws/install/micro_ros_msgs/local/lib/python3.10/dist-packages/micro_ros_msgs/_micro_ros_msgs_s.ep.rosidl_typesupport_c.c
[6.971s] -- Installing: /home/abdelrhaman/microros_ws/install/micro_ros_msgs/local/lib/python3.10/dist-packages/micro_ros_msgs/_micro_ros_msgs_s.ep.rosidl_typesupport_introspection_c.c
[6.972s] -- Installing: /home/abdelrhaman/microros_ws/install/micro_ros_msgs/local/lib/python3.10/dist-packages/micro_ros_msgs/micro_ros_msgs_s__rosidl_typesupport_microxrcedds_c.cpython-310-x86_64-linux-gnu.so
[6.972s] -- Installing: /home/abdelrhaman/microros_ws/install/micro_ros_msgs/local/lib/python3.10/dist-packages/micro_ros_msgs/__init__.py
[6.972s] -- Installing: /home/abdelrhaman/microros_ws/install/micro_ros_msgs/local/lib/python3.10/dist-packages/micro_ros_msgs/micro_ros_msgs_s__rosidl_typesupport_fastrtps_c.cpython-310-x86_64-linux-gnu.so
[6.972s] -- Installing: /home/abdelrhaman/microros_ws/install/micro_ros_msgs/local/lib/python3.10/dist-packages/micro_ros_msgs/micro_ros_msgs_s__rosidl_typesupport_introspection_c.cpython-310-x86_64-linux-gnu.so
[6.972s] -- Installing: /home/abdelrhaman/microros_ws/install/micro_ros_msgs/local/lib/python3.10/dist-packages/micro_ros_msgs/msg
[6.972s] -- Installing: /home/abdelrhaman/microros_ws/install/micro_ros_msgs/local/lib/python3.10/dist-packages/micro_ros_msgs/msg/_graph_s.c
[6.972s] -- Installing: /home/abdelrhaman/microros_ws/install/micro_ros_msgs/local/lib/python3.10/dist-packages/micro_ros_msgs/msg/_entity.py
[6.972s] -- Installing: /home/abdelrhaman/microros_ws/install/micro_ros_msgs/local/lib/python3.10/dist-packages/micro_ros_msgs/msg/_node_s.c
[6.972s] -- Installing: /home/abdelrhaman/microros_ws/install/micro_ros_msgs/local/lib/python3.10/dist-packages/micro_ros_msgs/msg/_graph.py
[6.972s] -- Installing: /home/abdelrhaman/microros_ws/install/micro_ros_msgs/local/lib/python3.10/dist-packages/micro_ros_msgs/msg/__init__.py
[6.972s] -- Installing: /home/abdelrhaman/microros_ws/install/micro_ros_msgs/local/lib/python3.10/dist-packages/micro_ros_msgs/msg/_entity_s.c
[6.972s] -- Installing: /home/abdelrhaman/microros_ws/install/micro_ros_msgs/local/lib/python3.10/dist-packages/micro_ros_msgs/msg/_node.py
[6.972s] -- Installing: /home/abdelrhaman/microros_ws/install/micro_ros_msgs/local/lib/python3.10/dist-packages/micro_ros_msgs/micro_ros_msgs_s__rosidl_typesupport_c.cpython-310-x86_64-linux-gnu.so
[7.021s] Listing '/home/abdelrhaman/microros_ws/install/micro_ros_msgs/local/lib/python3.10/dist-packages/micro_ros_msgs'...
[7.021s] Compiling '/home/abdelrhaman/microros_ws/install/micro_ros_msgs/local/lib/python3.10/dist-packages/micro_ros_msgs/__init__.py'...
[7.021s] Listing '/home/abdelrhaman/microros_ws/install/micro_ros_msgs/local/lib/python3.10/dist-packages/micro_ros_msgs/msg'...
[7.022s] Compiling '/home/abdelrhaman/microros_ws/install/micro_ros_msgs/local/lib/python3.10/dist-packages/micro_ros_msgs/msg/__init__.py'...
[7.022s] Compiling '/home/abdelrhaman/microros_ws/install/micro_ros_msgs/local/lib/python3.10/dist-packages/micro_ros_msgs/msg/_entity.py'...
[7.022s] Compiling '/home/abdelrhaman/microros_ws/install/micro_ros_msgs/local/lib/python3.10/dist-packages/micro_ros_msgs/msg/_graph.py'...
[7.022s] Compiling '/home/abdelrhaman/microros_ws/install/micro_ros_msgs/local/lib/python3.10/dist-packages/micro_ros_msgs/msg/_node.py'...
[7.028s] -- Installing: /home/abdelrhaman/microros_ws/install/micro_ros_msgs/local/lib/python3.10/dist-packages/micro_ros_msgs/micro_ros_msgs_s__rosidl_typesupport_microxrcedds_c.cpython-310-x86_64-linux-gnu.so
[7.028s] -- Set runtime path of "/home/abdelrhaman/microros_ws/install/micro_ros_msgs/local/lib/python3.10/dist-packages/micro_ros_msgs/micro_ros_msgs_s__rosidl_typesupport_microxrcedds_c.cpython-310-x86_64-linux-gnu.so" to ""
[7.028s] -- Installing: /home/abdelrhaman/microros_ws/install/micro_ros_msgs/local/lib/python3.10/dist-packages/micro_ros_msgs/micro_ros_msgs_s__rosidl_typesupport_fastrtps_c.cpython-310-x86_64-linux-gnu.so
[7.028s] -- Set runtime path of "/home/abdelrhaman/microros_ws/install/micro_ros_msgs/local/lib/python3.10/dist-packages/micro_ros_msgs/micro_ros_msgs_s__rosidl_typesupport_fastrtps_c.cpython-310-x86_64-linux-gnu.so" to ""
[7.028s] -- Installing: /home/abdelrhaman/microros_ws/install/micro_ros_msgs/local/lib/python3.10/dist-packages/micro_ros_msgs/micro_ros_msgs_s__rosidl_typesupport_introspection_c.cpython-310-x86_64-linux-gnu.so
[7.035s] -- Set runtime path of "/home/abdelrhaman/microros_ws/install/micro_ros_msgs/local/lib/python3.10/dist-packages/micro_ros_msgs/micro_ros_msgs_s__rosidl_typesupport_introspection_c.cpython-310-x86_64-linux-gnu.so" to ""
[7.035s] -- Installing: /home/abdelrhaman/microros_ws/install/micro_ros_msgs/local/lib/python3.10/dist-packages/micro_ros_msgs/micro_ros_msgs_s__rosidl_typesupport_c.cpython-310-x86_64-linux-gnu.so
[7.035s] -- Set runtime path of "/home/abdelrhaman/microros_ws/install/micro_ros_msgs/local/lib/python3.10/dist-packages/micro_ros_msgs/micro_ros_msgs_s__rosidl_typesupport_c.cpython-310-x86_64-linux-gnu.so" to ""
[7.035s] -- Installing: /home/abdelrhaman/microros_ws/install/micro_ros_msgs/lib/libmicro_ros_msgs__rosidl_generator_py.so
[7.035s] -- Set runtime path of "/home/abdelrhaman/microros_ws/install/micro_ros_msgs/lib/libmicro_ros_msgs__rosidl_generator_py.so" to ""
[7.035s] -- Installing: /home/abdelrhaman/microros_ws/install/micro_ros_msgs/share/micro_ros_msgs/msg/Graph.idl
[7.035s] -- Installing: /home/abdelrhaman/microros_ws/install/micro_ros_msgs/share/micro_ros_msgs/msg/Node.idl
[7.036s] -- Installing: /home/abdelrhaman/microros_ws/install/micro_ros_msgs/share/micro_ros_msgs/msg/Entity.idl
[7.036s] -- Installing: /home/abdelrhaman/microros_ws/install/micro_ros_msgs/share/micro_ros_msgs/msg/Graph.msg
[7.036s] -- Installing: /home/abdelrhaman/microros_ws/install/micro_ros_msgs/share/micro_ros_msgs/msg/Node.msg
[7.036s] -- Installing: /home/abdelrhaman/microros_ws/install/micro_ros_msgs/share/micro_ros_msgs/msg/Entity.msg
[7.036s] -- Installing: /home/abdelrhaman/microros_ws/install/micro_ros_msgs/share/ament_index/resource_index/package_run_dependencies/micro_ros_msgs
[7.036s] -- Installing: /home/abdelrhaman/microros_ws/install/micro_ros_msgs/share/ament_index/resource_index/parent_prefix_path/micro_ros_msgs
[7.036s] -- Installing: /home/abdelrhaman/microros_ws/install/micro_ros_msgs/share/micro_ros_msgs/environment/ament_prefix_path.sh
[7.037s] -- Installing: /home/abdelrhaman/microros_ws/install/micro_ros_msgs/share/micro_ros_msgs/environment/ament_prefix_path.dsv
[7.037s] -- Installing: /home/abdelrhaman/microros_ws/install/micro_ros_msgs/share/micro_ros_msgs/environment/path.sh
[7.037s] -- Installing: /home/abdelrhaman/microros_ws/install/micro_ros_msgs/share/micro_ros_msgs/environment/path.dsv
[7.037s] -- Installing: /home/abdelrhaman/microros_ws/install/micro_ros_msgs/share/micro_ros_msgs/local_setup.bash
[7.037s] -- Installing: /home/abdelrhaman/microros_ws/install/micro_ros_msgs/share/micro_ros_msgs/local_setup.sh
[7.037s] -- Installing: /home/abdelrhaman/microros_ws/install/micro_ros_msgs/share/micro_ros_msgs/local_setup.zsh
[7.037s] -- Installing: /home/abdelrhaman/microros_ws/install/micro_ros_msgs/share/micro_ros_msgs/local_setup.dsv
[7.037s] -- Installing: /home/abdelrhaman/microros_ws/install/micro_ros_msgs/share/micro_ros_msgs/package.dsv
[7.037s] -- Installing: /home/abdelrhaman/microros_ws/install/micro_ros_msgs/share/ament_index/resource_index/packages/micro_ros_msgs
[7.037s] -- Installing: /home/abdelrhaman/microros_ws/install/micro_ros_msgs/share/micro_ros_msgs/cmake/export_micro_ros_msgs__rosidl_generator_cExport.cmake
[7.037s] -- Installing: /home/abdelrhaman/microros_ws/install/micro_ros_msgs/share/micro_ros_msgs/cmake/export_micro_ros_msgs__rosidl_generator_cExport-noconfig.cmake
[7.037s] -- Installing: /home/abdelrhaman/microros_ws/install/micro_ros_msgs/share/micro_ros_msgs/cmake/export_micro_ros_msgs__rosidl_typesupport_fastrtps_cExport.cmake
[7.037s] -- Installing: /home/abdelrhaman/microros_ws/install/micro_ros_msgs/share/micro_ros_msgs/cmake/export_micro_ros_msgs__rosidl_typesupport_fastrtps_cExport-noconfig.cmake
[7.040s] -- Installing: /home/abdelrhaman/microros_ws/install/micro_ros_msgs/share/micro_ros_msgs/cmake/micro_ros_msgs__rosidl_typesupport_introspection_cExport.cmake
[7.040s] -- Installing: /home/abdelrhaman/microros_ws/install/micro_ros_msgs/share/micro_ros_msgs/cmake/micro_ros_msgs__rosidl_typesupport_introspection_cExport-noconfig.cmake
[7.041s] -- Installing: /home/abdelrhaman/microros_ws/install/micro_ros_msgs/share/micro_ros_msgs/cmake/micro_ros_msgs__rosidl_typesupport_cExport.cmake
[7.041s] -- Installing: /home/abdelrhaman/microros_ws/install/micro_ros_msgs/share/micro_ros_msgs/cmake/micro_ros_msgs__rosidl_typesupport_cExport-noconfig.cmake
[7.041s] -- Installing: /home/abdelrhaman/microros_ws/install/micro_ros_msgs/share/micro_ros_msgs/cmake/export_micro_ros_msgs__rosidl_generator_cppExport.cmake
[7.041s] -- Installing: /home/abdelrhaman/microros_ws/install/micro_ros_msgs/share/micro_ros_msgs/cmake/export_micro_ros_msgs__rosidl_typesupport_fastrtps_cppExport.cmake
[7.045s] -- Installing: /home/abdelrhaman/microros_ws/install/micro_ros_msgs/share/micro_ros_msgs/cmake/export_micro_ros_msgs__rosidl_typesupport_fastrtps_cppExport-noconfig.cmake
[7.045s] -- Installing: /home/abdelrhaman/microros_ws/install/micro_ros_msgs/share/micro_ros_msgs/cmake/micro_ros_msgs__rosidl_typesupport_introspection_cppExport.cmake
[7.045s] -- Installing: /home/abdelrhaman/microros_ws/install/micro_ros_msgs/share/micro_ros_msgs/cmake/micro_ros_msgs__rosidl_typesupport_introspection_cppExport-noconfig.cmake
[7.045s] -- Installing: /home/abdelrhaman/microros_ws/install/micro_ros_msgs/share/micro_ros_msgs/cmake/micro_ros_msgs__rosidl_typesupport_cppExport.cmake
[7.045s] -- Installing: /home/abdelrhaman/microros_ws/install/micro_ros_msgs/share/micro_ros_msgs/cmake/micro_ros_msgs__rosidl_typesupport_cppExport-noconfig.cmake
[7.045s] -- Installing: /home/abdelrhaman/microros_ws/install/micro_ros_msgs/share/micro_ros_msgs/cmake/export_micro_ros_msgs__rosidl_generator_pyExport.cmake
[7.047s] -- Installing: /home/abdelrhaman/microros_ws/install/micro_ros_msgs/share/micro_ros_msgs/cmake/export_micro_ros_msgs__rosidl_generator_pyExport-noconfig.cmake
[7.047s] -- Installing: /home/abdelrhaman/microros_ws/install/micro_ros_msgs/share/micro_ros_msgs/cmake/rosidl_cmake-extras.cmake
[7.047s] -- Installing: /home/abdelrhaman/microros_ws/install/micro_ros_msgs/share/micro_ros_msgs/cmake/ament_cmake_export_include_directories-extras.cmake
[7.047s] -- Installing: /home/abdelrhaman/microros_ws/install/micro_ros_msgs/share/micro_ros_msgs/cmake/ament_cmake_export_libraries-extras.cmake
[7.047s] -- Installing: /home/abdelrhaman/microros_ws/install/micro_ros_msgs/share/micro_ros_msgs/cmake/ament_cmake_export_targets-extras.cmake
[7.047s] -- Installing: /home/abdelrhaman/microros_ws/install/micro_ros_msgs/share/micro_ros_msgs/cmake/rosidl_cmake_export_typesupport_targets-extras.cmake
[7.048s] -- Installing: /home/abdelrhaman/microros_ws/install/micro_ros_msgs/share/micro_ros_msgs/cmake/ament_cmake_export_dependencies-extras.cmake
[7.048s] -- Installing: /home/abdelrhaman/microros_ws/install/micro_ros_msgs/share/micro_ros_msgs/cmake/rosidl_cmake_export_typesupport_libraries-extras.cmake
[7.048s] -- Installing: /home/abdelrhaman/microros_ws/install/micro_ros_msgs/share/micro_ros_msgs/cmake/micro_ros_msgsConfig.cmake
[7.048s] -- Installing: /home/abdelrhaman/microros_ws/install/micro_ros_msgs/share/micro_ros_msgs/cmake/micro_ros_msgsConfig-version.cmake
[7.048s] -- Installing: /home/abdelrhaman/microros_ws/install/micro_ros_msgs/share/micro_ros_msgs/package.xml
[7.063s] Invoked command in '/home/abdelrhaman/microros_ws/build/micro_ros_msgs' returned '0': CMAKE_PREFIX_PATH=${CMAKE_PREFIX_PATH}:/home/abdelrhaman/ros/install/my_robot_controller:/opt/ros/humble /usr/bin/cmake --install /home/abdelrhaman/microros_ws/build/micro_ros_msgs
