[0.021s] Invoking command in '/home/abdelrhaman/microros_ws/build/std_srvs': CMAKE_PREFIX_PATH=${CMAKE_PREFIX_PATH}:/home/abdelrhaman/microros_ws/install/sensor_msgs_py:/home/abdelrhaman/ros/install/my_robot_controller:/opt/ros/humble /usr/bin/cmake /home/abdelrhaman/microros_ws/src/ros2/common_interfaces/std_srvs -DBUILD_TESTING=OFF -DBUILD_SHARED_LIBS=ON -DCMAKE_INSTALL_PREFIX=/home/abdelrhaman/microros_ws/install/std_srvs
[0.035s] -- Found ament_cmake: 1.3.10 (/opt/ros/humble/share/ament_cmake/cmake)
[0.156s] -- Found rosidl_default_generators: 1.2.0 (/opt/ros/humble/share/rosidl_default_generators/cmake)
[0.164s] -- Using all available rosidl_typesupport_c: rosidl_typesupport_microxrcedds_c;rosidl_typesupport_fastrtps_c;rosidl_typesupport_introspection_c
[0.167s] -- Found rosidl_adapter: 3.1.5 (/opt/ros/humble/share/rosidl_adapter/cmake)
[0.194s] -- Using all available rosidl_typesupport_cpp: rosidl_typesupport_microxrcedds_cpp;rosidl_typesupport_fastrtps_cpp;rosidl_typesupport_introspection_cpp
[0.480s] -- Found ament_cmake_ros: 0.10.0 (/opt/ros/humble/share/ament_cmake_ros/cmake)
[0.708s] -- Using all available rosidl_typesupport_c: rosidl_typesupport_microxrcedds_c;rosidl_typesupport_fastrtps_c;rosidl_typesupport_introspection_c
[1.028s] -- Using all available rosidl_typesupport_cpp: rosidl_typesupport_microxrcedds_cpp;rosidl_typesupport_fastrtps_cpp;rosidl_typesupport_introspection_cpp
[1.052s] -- Found python_cmake_module: 0.10.0 (/opt/ros/humble/share/python_cmake_module/cmake)
[1.074s] -- Using PYTHON_EXECUTABLE: /usr/bin/python3
[1.074s] -- Using PYTHON_INCLUDE_DIRS: /usr/include/python3.10
[1.074s] -- Using PYTHON_LIBRARIES: /usr/lib/x86_64-linux-gnu/libpython3.10.so
[1.097s] -- Configuring done
[1.121s] -- Generating done
[1.123s] -- Build files have been written to: /home/abdelrhaman/microros_ws/build/std_srvs
[1.130s] Invoked command in '/home/abdelrhaman/microros_ws/build/std_srvs' returned '0': CMAKE_PREFIX_PATH=${CMAKE_PREFIX_PATH}:/home/abdelrhaman/microros_ws/install/sensor_msgs_py:/home/abdelrhaman/ros/install/my_robot_controller:/opt/ros/humble /usr/bin/cmake /home/abdelrhaman/microros_ws/src/ros2/common_interfaces/std_srvs -DBUILD_TESTING=OFF -DBUILD_SHARED_LIBS=ON -DCMAKE_INSTALL_PREFIX=/home/abdelrhaman/microros_ws/install/std_srvs
[1.132s] Invoking command in '/home/abdelrhaman/microros_ws/build/std_srvs': CMAKE_PREFIX_PATH=${CMAKE_PREFIX_PATH}:/home/abdelrhaman/microros_ws/install/sensor_msgs_py:/home/abdelrhaman/ros/install/my_robot_controller:/opt/ros/humble /usr/bin/cmake --build /home/abdelrhaman/microros_ws/build/std_srvs -- -j20 -l20
[1.170s] [35m[1mConsolidate compiler generated dependencies of target std_srvs__rosidl_generator_c[0m
[1.181s] [  1%] Built target std_srvs__cpp
[1.188s] [ 10%] Built target std_srvs__rosidl_generator_c
[1.198s] [ 11%] [34m[1mGenerating C++ type support dispatch for ROS interfaces[0m
[1.198s] [35m[1mConsolidate compiler generated dependencies of target std_srvs__rosidl_typesupport_microxrcedds_cpp[0m
[1.208s] [35m[1mConsolidate compiler generated dependencies of target std_srvs__rosidl_typesupport_fastrtps_cpp[0m
[1.210s] [ 11%] Built target ament_cmake_python_copy_std_srvs
[1.223s] [ 20%] Built target std_srvs__rosidl_typesupport_microxrcedds_cpp
[1.223s] [35m[1mConsolidate compiler generated dependencies of target std_srvs__rosidl_typesupport_introspection_cpp[0m
[1.232s] [ 28%] Built target std_srvs__rosidl_typesupport_fastrtps_cpp
[1.236s] [35m[1mConsolidate compiler generated dependencies of target std_srvs__rosidl_typesupport_microxrcedds_c[0m
[1.236s] [ 30%] [34m[1mGenerating C type support dispatch for ROS interfaces[0m
[1.237s] [35m[1mConsolidate compiler generated dependencies of target std_srvs__rosidl_typesupport_introspection_c[0m
[1.238s] [35m[1mConsolidate compiler generated dependencies of target std_srvs__rosidl_typesupport_fastrtps_c[0m
[1.249s] [ 38%] Built target std_srvs__rosidl_typesupport_introspection_cpp
[1.255s] [ 47%] Built target std_srvs__rosidl_typesupport_microxrcedds_c
[1.255s] [ 55%] Built target std_srvs__rosidl_typesupport_introspection_c
[1.257s] [ 64%] Built target std_srvs__rosidl_typesupport_fastrtps_c
[1.622s] [35m[1mConsolidate compiler generated dependencies of target std_srvs__rosidl_typesupport_cpp[0m
[1.632s] [35m[1mConsolidate compiler generated dependencies of target std_srvs__rosidl_typesupport_c[0m
[1.643s] [ 66%] [32mBuilding CXX object CMakeFiles/std_srvs__rosidl_typesupport_cpp.dir/rosidl_typesupport_cpp/std_srvs/srv/set_bool__type_support.cpp.o[0m
[1.643s] [ 67%] [32mBuilding CXX object CMakeFiles/std_srvs__rosidl_typesupport_cpp.dir/rosidl_typesupport_cpp/std_srvs/srv/empty__type_support.cpp.o[0m
[1.643s] [ 69%] [32mBuilding CXX object CMakeFiles/std_srvs__rosidl_typesupport_cpp.dir/rosidl_typesupport_cpp/std_srvs/srv/trigger__type_support.cpp.o[0m
[1.651s] [ 71%] [32mBuilding CXX object CMakeFiles/std_srvs__rosidl_typesupport_c.dir/rosidl_typesupport_c/std_srvs/srv/set_bool__type_support.cpp.o[0m
[1.652s] [ 72%] [32mBuilding CXX object CMakeFiles/std_srvs__rosidl_typesupport_c.dir/rosidl_typesupport_c/std_srvs/srv/empty__type_support.cpp.o[0m
[1.652s] [ 74%] [32mBuilding CXX object CMakeFiles/std_srvs__rosidl_typesupport_c.dir/rosidl_typesupport_c/std_srvs/srv/trigger__type_support.cpp.o[0m
[1.702s] [ 76%] [32m[1mLinking CXX shared library libstd_srvs__rosidl_typesupport_c.so[0m
[1.758s] [ 76%] Built target std_srvs__rosidl_typesupport_c
[1.926s] [ 77%] [32m[1mLinking CXX shared library libstd_srvs__rosidl_typesupport_cpp.so[0m
[1.947s] running egg_info
[1.964s] [ 77%] Built target std_srvs__rosidl_typesupport_cpp
[1.992s] [ 77%] Built target std_srvs
[2.019s] [ 79%] Built target std_srvs__py
[2.028s] [35m[1mConsolidate compiler generated dependencies of target std_srvs__rosidl_generator_py[0m
[2.032s] writing std_srvs.egg-info/PKG-INFO
[2.045s] [ 81%] [32m[1mLinking C shared library rosidl_generator_py/std_srvs/libstd_srvs__rosidl_generator_py.so[0m
[2.084s] [ 86%] Built target std_srvs__rosidl_generator_py
[2.093s] [35m[1mConsolidate compiler generated dependencies of target std_srvs__rosidl_typesupport_fastrtps_c__pyext[0m
[2.096s] [35m[1mConsolidate compiler generated dependencies of target std_srvs__rosidl_typesupport_introspection_c__pyext[0m
[2.097s] writing dependency_links to std_srvs.egg-info/dependency_links.txt
[2.098s] [35m[1mConsolidate compiler generated dependencies of target std_srvs__rosidl_typesupport_microxrcedds_c__pyext[0m
[2.098s] [35m[1mConsolidate compiler generated dependencies of target std_srvs__rosidl_typesupport_c__pyext[0m
[2.107s] [ 88%] [32m[1mLinking C shared library rosidl_generator_py/std_srvs/std_srvs_s__rosidl_typesupport_introspection_c.cpython-310-x86_64-linux-gnu.so[0m
[2.108s] [ 89%] [32m[1mLinking C shared library rosidl_generator_py/std_srvs/std_srvs_s__rosidl_typesupport_microxrcedds_c.cpython-310-x86_64-linux-gnu.so[0m
[2.108s] [ 91%] [32m[1mLinking C shared library rosidl_generator_py/std_srvs/std_srvs_s__rosidl_typesupport_fastrtps_c.cpython-310-x86_64-linux-gnu.so[0m
[2.114s] [ 93%] [32m[1mLinking C shared library rosidl_generator_py/std_srvs/std_srvs_s__rosidl_typesupport_c.cpython-310-x86_64-linux-gnu.so[0m
[2.141s] [ 94%] Built target std_srvs__rosidl_typesupport_fastrtps_c__pyext
[2.148s] [ 96%] Built target std_srvs__rosidl_typesupport_introspection_c__pyext
[2.150s] [ 98%] Built target std_srvs__rosidl_typesupport_c__pyext
[2.151s] [100%] Built target std_srvs__rosidl_typesupport_microxrcedds_c__pyext
[2.407s] writing top-level names to std_srvs.egg-info/top_level.txt
[2.496s] reading manifest file 'std_srvs.egg-info/SOURCES.txt'
[2.497s] writing manifest file 'std_srvs.egg-info/SOURCES.txt'
[2.531s] [100%] Built target ament_cmake_python_build_std_srvs_egg
[2.542s] Invoked command in '/home/abdelrhaman/microros_ws/build/std_srvs' returned '0': CMAKE_PREFIX_PATH=${CMAKE_PREFIX_PATH}:/home/abdelrhaman/microros_ws/install/sensor_msgs_py:/home/abdelrhaman/ros/install/my_robot_controller:/opt/ros/humble /usr/bin/cmake --build /home/abdelrhaman/microros_ws/build/std_srvs -- -j20 -l20
[2.716s] Invoking command in '/home/abdelrhaman/microros_ws/build/std_srvs': CMAKE_PREFIX_PATH=${CMAKE_PREFIX_PATH}:/home/abdelrhaman/microros_ws/install/sensor_msgs_py:/home/abdelrhaman/ros/install/my_robot_controller:/opt/ros/humble /usr/bin/cmake --install /home/abdelrhaman/microros_ws/build/std_srvs
[2.724s] -- Install configuration: ""
[2.725s] -- Up-to-date: /home/abdelrhaman/microros_ws/install/std_srvs/share/ament_index/resource_index/rosidl_interfaces/std_srvs
[2.725s] -- Up-to-date: /home/abdelrhaman/microros_ws/install/std_srvs/include/std_srvs/std_srvs
[2.725s] -- Up-to-date: /home/abdelrhaman/microros_ws/install/std_srvs/include/std_srvs/std_srvs/srv
[2.725s] -- Up-to-date: /home/abdelrhaman/microros_ws/install/std_srvs/include/std_srvs/std_srvs/srv/trigger.h
[2.725s] -- Up-to-date: /home/abdelrhaman/microros_ws/install/std_srvs/include/std_srvs/std_srvs/srv/detail
[2.725s] -- Up-to-date: /home/abdelrhaman/microros_ws/install/std_srvs/include/std_srvs/std_srvs/srv/detail/trigger__functions.c
[2.725s] -- Up-to-date: /home/abdelrhaman/microros_ws/install/std_srvs/include/std_srvs/std_srvs/srv/detail/set_bool__type_support.h
[2.725s] -- Up-to-date: /home/abdelrhaman/microros_ws/install/std_srvs/include/std_srvs/std_srvs/srv/detail/set_bool__functions.h
[2.725s] -- Up-to-date: /home/abdelrhaman/microros_ws/install/std_srvs/include/std_srvs/std_srvs/srv/detail/set_bool__functions.c
[2.725s] -- Up-to-date: /home/abdelrhaman/microros_ws/install/std_srvs/include/std_srvs/std_srvs/srv/detail/empty__functions.h
[2.725s] -- Up-to-date: /home/abdelrhaman/microros_ws/install/std_srvs/include/std_srvs/std_srvs/srv/detail/set_bool__struct.h
[2.725s] -- Up-to-date: /home/abdelrhaman/microros_ws/install/std_srvs/include/std_srvs/std_srvs/srv/detail/empty__struct.h
[2.725s] -- Up-to-date: /home/abdelrhaman/microros_ws/install/std_srvs/include/std_srvs/std_srvs/srv/detail/empty__functions.c
[2.725s] -- Up-to-date: /home/abdelrhaman/microros_ws/install/std_srvs/include/std_srvs/std_srvs/srv/detail/trigger__struct.h
[2.725s] -- Up-to-date: /home/abdelrhaman/microros_ws/install/std_srvs/include/std_srvs/std_srvs/srv/detail/empty__type_support.h
[2.725s] -- Up-to-date: /home/abdelrhaman/microros_ws/install/std_srvs/include/std_srvs/std_srvs/srv/detail/trigger__type_support.h
[2.725s] -- Up-to-date: /home/abdelrhaman/microros_ws/install/std_srvs/include/std_srvs/std_srvs/srv/detail/trigger__functions.h
[2.725s] -- Up-to-date: /home/abdelrhaman/microros_ws/install/std_srvs/include/std_srvs/std_srvs/srv/empty.h
[2.726s] -- Up-to-date: /home/abdelrhaman/microros_ws/install/std_srvs/include/std_srvs/std_srvs/srv/set_bool.h
[2.726s] -- Up-to-date: /home/abdelrhaman/microros_ws/install/std_srvs/include/std_srvs/std_srvs/msg
[2.726s] -- Up-to-date: /home/abdelrhaman/microros_ws/install/std_srvs/include/std_srvs/std_srvs/msg/rosidl_generator_c__visibility_control.h
[2.726s] -- Up-to-date: /home/abdelrhaman/microros_ws/install/std_srvs/share/std_srvs/environment/library_path.sh
[2.726s] -- Installing: /home/abdelrhaman/microros_ws/install/std_srvs/share/std_srvs/environment/library_path.dsv
[2.726s] -- Up-to-date: /home/abdelrhaman/microros_ws/install/std_srvs/lib/libstd_srvs__rosidl_generator_c.so
[2.726s] -- Up-to-date: /home/abdelrhaman/microros_ws/install/std_srvs/include/std_srvs
[2.726s] -- Up-to-date: /home/abdelrhaman/microros_ws/install/std_srvs/include/std_srvs/srv
[2.726s] -- Up-to-date: /home/abdelrhaman/microros_ws/install/std_srvs/include/std_srvs/srv/detail
[2.726s] -- Up-to-date: /home/abdelrhaman/microros_ws/install/std_srvs/include/std_srvs/srv/detail/set_bool__rosidl_typesupport_microxrcedds_c.h
[2.726s] -- Up-to-date: /home/abdelrhaman/microros_ws/install/std_srvs/include/std_srvs/srv/detail/empty__rosidl_typesupport_microxrcedds_c.h
[2.726s] -- Up-to-date: /home/abdelrhaman/microros_ws/install/std_srvs/include/std_srvs/srv/detail/trigger__rosidl_typesupport_microxrcedds_c.h
[2.726s] -- Up-to-date: /home/abdelrhaman/microros_ws/install/std_srvs/include/std_srvs/srv/detail/microxrcedds
[2.726s] -- Up-to-date: /home/abdelrhaman/microros_ws/install/std_srvs/include/std_srvs/msg
[2.726s] -- Up-to-date: /home/abdelrhaman/microros_ws/install/std_srvs/include/std_srvs/msg/rosidl_typesupport_microxrcedds_c__visibility_control.h
[2.726s] -- Up-to-date: /home/abdelrhaman/microros_ws/install/std_srvs/lib/libstd_srvs__rosidl_typesupport_microxrcedds_c.so
[2.726s] -- Up-to-date: /home/abdelrhaman/microros_ws/install/std_srvs/include/std_srvs/std_srvs
[2.726s] -- Up-to-date: /home/abdelrhaman/microros_ws/install/std_srvs/include/std_srvs/std_srvs/srv
[2.726s] -- Up-to-date: /home/abdelrhaman/microros_ws/install/std_srvs/include/std_srvs/std_srvs/srv/detail
[2.726s] -- Up-to-date: /home/abdelrhaman/microros_ws/install/std_srvs/include/std_srvs/std_srvs/srv/detail/set_bool__rosidl_typesupport_fastrtps_c.h
[2.727s] -- Up-to-date: /home/abdelrhaman/microros_ws/install/std_srvs/include/std_srvs/std_srvs/srv/detail/empty__rosidl_typesupport_fastrtps_c.h
[2.727s] -- Up-to-date: /home/abdelrhaman/microros_ws/install/std_srvs/include/std_srvs/std_srvs/srv/detail/trigger__rosidl_typesupport_fastrtps_c.h
[2.727s] -- Up-to-date: /home/abdelrhaman/microros_ws/install/std_srvs/include/std_srvs/std_srvs/msg
[2.727s] -- Up-to-date: /home/abdelrhaman/microros_ws/install/std_srvs/include/std_srvs/std_srvs/msg/rosidl_typesupport_fastrtps_c__visibility_control.h
[2.727s] -- Up-to-date: /home/abdelrhaman/microros_ws/install/std_srvs/lib/libstd_srvs__rosidl_typesupport_fastrtps_c.so
[2.727s] -- Up-to-date: /home/abdelrhaman/microros_ws/install/std_srvs/include/std_srvs/std_srvs
[2.727s] -- Up-to-date: /home/abdelrhaman/microros_ws/install/std_srvs/include/std_srvs/std_srvs/srv
[2.727s] -- Up-to-date: /home/abdelrhaman/microros_ws/install/std_srvs/include/std_srvs/std_srvs/srv/detail
[2.727s] -- Up-to-date: /home/abdelrhaman/microros_ws/install/std_srvs/include/std_srvs/std_srvs/srv/detail/set_bool__rosidl_typesupport_introspection_c.h
[2.727s] -- Up-to-date: /home/abdelrhaman/microros_ws/install/std_srvs/include/std_srvs/std_srvs/srv/detail/set_bool__type_support.c
[2.727s] -- Up-to-date: /home/abdelrhaman/microros_ws/install/std_srvs/include/std_srvs/std_srvs/srv/detail/empty__rosidl_typesupport_introspection_c.h
[2.727s] -- Up-to-date: /home/abdelrhaman/microros_ws/install/std_srvs/include/std_srvs/std_srvs/srv/detail/trigger__type_support.c
[2.727s] -- Up-to-date: /home/abdelrhaman/microros_ws/install/std_srvs/include/std_srvs/std_srvs/srv/detail/trigger__rosidl_typesupport_introspection_c.h
[2.727s] -- Up-to-date: /home/abdelrhaman/microros_ws/install/std_srvs/include/std_srvs/std_srvs/srv/detail/empty__type_support.c
[2.727s] -- Up-to-date: /home/abdelrhaman/microros_ws/install/std_srvs/include/std_srvs/std_srvs/msg
[2.727s] -- Up-to-date: /home/abdelrhaman/microros_ws/install/std_srvs/include/std_srvs/std_srvs/msg/rosidl_typesupport_introspection_c__visibility_control.h
[2.727s] -- Up-to-date: /home/abdelrhaman/microros_ws/install/std_srvs/lib/libstd_srvs__rosidl_typesupport_introspection_c.so
[2.727s] -- Installing: /home/abdelrhaman/microros_ws/install/std_srvs/lib/libstd_srvs__rosidl_typesupport_c.so
[2.727s] -- Set runtime path of "/home/abdelrhaman/microros_ws/install/std_srvs/lib/libstd_srvs__rosidl_typesupport_c.so" to ""
[2.727s] -- Up-to-date: /home/abdelrhaman/microros_ws/install/std_srvs/include/std_srvs/std_srvs
[2.727s] -- Up-to-date: /home/abdelrhaman/microros_ws/install/std_srvs/include/std_srvs/std_srvs/srv
[2.727s] -- Up-to-date: /home/abdelrhaman/microros_ws/install/std_srvs/include/std_srvs/std_srvs/srv/detail
[2.727s] -- Up-to-date: /home/abdelrhaman/microros_ws/install/std_srvs/include/std_srvs/std_srvs/srv/detail/set_bool__struct.hpp
[2.727s] -- Up-to-date: /home/abdelrhaman/microros_ws/install/std_srvs/include/std_srvs/std_srvs/srv/detail/empty__struct.hpp
[2.727s] -- Up-to-date: /home/abdelrhaman/microros_ws/install/std_srvs/include/std_srvs/std_srvs/srv/detail/set_bool__builder.hpp
[2.727s] -- Up-to-date: /home/abdelrhaman/microros_ws/install/std_srvs/include/std_srvs/std_srvs/srv/detail/empty__builder.hpp
[2.727s] -- Up-to-date: /home/abdelrhaman/microros_ws/install/std_srvs/include/std_srvs/std_srvs/srv/detail/empty__traits.hpp
[2.727s] -- Up-to-date: /home/abdelrhaman/microros_ws/install/std_srvs/include/std_srvs/std_srvs/srv/detail/trigger__struct.hpp
[2.727s] -- Up-to-date: /home/abdelrhaman/microros_ws/install/std_srvs/include/std_srvs/std_srvs/srv/detail/trigger__builder.hpp
[2.727s] -- Up-to-date: /home/abdelrhaman/microros_ws/install/std_srvs/include/std_srvs/std_srvs/srv/detail/set_bool__traits.hpp
[2.728s] -- Up-to-date: /home/abdelrhaman/microros_ws/install/std_srvs/include/std_srvs/std_srvs/srv/detail/trigger__traits.hpp
[2.728s] -- Up-to-date: /home/abdelrhaman/microros_ws/install/std_srvs/include/std_srvs/std_srvs/srv/trigger.hpp
[2.728s] -- Up-to-date: /home/abdelrhaman/microros_ws/install/std_srvs/include/std_srvs/std_srvs/srv/empty.hpp
[2.728s] -- Up-to-date: /home/abdelrhaman/microros_ws/install/std_srvs/include/std_srvs/std_srvs/srv/set_bool.hpp
[2.728s] -- Up-to-date: /home/abdelrhaman/microros_ws/install/std_srvs/include/std_srvs
[2.728s] -- Up-to-date: /home/abdelrhaman/microros_ws/install/std_srvs/include/std_srvs/srv
[2.728s] -- Up-to-date: /home/abdelrhaman/microros_ws/install/std_srvs/include/std_srvs/srv/detail
[2.728s] -- Up-to-date: /home/abdelrhaman/microros_ws/install/std_srvs/include/std_srvs/srv/detail/trigger__rosidl_typesupport_microxrcedds_cpp.hpp
[2.728s] -- Up-to-date: /home/abdelrhaman/microros_ws/install/std_srvs/include/std_srvs/srv/detail/empty__rosidl_typesupport_microxrcedds_cpp.hpp
[2.728s] -- Up-to-date: /home/abdelrhaman/microros_ws/install/std_srvs/include/std_srvs/srv/detail/set_bool__rosidl_typesupport_microxrcedds_cpp.hpp
[2.728s] -- Up-to-date: /home/abdelrhaman/microros_ws/install/std_srvs/include/std_srvs/srv/detail/microxrcedds
[2.728s] -- Up-to-date: /home/abdelrhaman/microros_ws/install/std_srvs/include/std_srvs/srv/detail/microxrcedds/trigger__type_support_cpp.cpp
[2.728s] -- Up-to-date: /home/abdelrhaman/microros_ws/install/std_srvs/include/std_srvs/srv/detail/microxrcedds/empty__type_support_cpp.cpp
[2.728s] -- Up-to-date: /home/abdelrhaman/microros_ws/install/std_srvs/include/std_srvs/srv/detail/microxrcedds/set_bool__type_support_cpp.cpp
[2.728s] -- Up-to-date: /home/abdelrhaman/microros_ws/install/std_srvs/include/std_srvs/msg
[2.728s] -- Up-to-date: /home/abdelrhaman/microros_ws/install/std_srvs/include/std_srvs/msg/rosidl_typesupport_microxrcedds_cpp__visibility_control.h
[2.729s] -- Up-to-date: /home/abdelrhaman/microros_ws/install/std_srvs/lib/libstd_srvs__rosidl_typesupport_microxrcedds_cpp.so
[2.729s] -- Up-to-date: /home/abdelrhaman/microros_ws/install/std_srvs/include/std_srvs/std_srvs
[2.729s] -- Up-to-date: /home/abdelrhaman/microros_ws/install/std_srvs/include/std_srvs/std_srvs/srv
[2.730s] -- Up-to-date: /home/abdelrhaman/microros_ws/install/std_srvs/include/std_srvs/std_srvs/srv/detail
[2.730s] -- Up-to-date: /home/abdelrhaman/microros_ws/install/std_srvs/include/std_srvs/std_srvs/srv/detail/set_bool__rosidl_typesupport_fastrtps_cpp.hpp
[2.730s] -- Up-to-date: /home/abdelrhaman/microros_ws/install/std_srvs/include/std_srvs/std_srvs/srv/detail/empty__rosidl_typesupport_fastrtps_cpp.hpp
[2.730s] -- Up-to-date: /home/abdelrhaman/microros_ws/install/std_srvs/include/std_srvs/std_srvs/srv/detail/dds_fastrtps
[2.730s] -- Up-to-date: /home/abdelrhaman/microros_ws/install/std_srvs/include/std_srvs/std_srvs/srv/detail/trigger__rosidl_typesupport_fastrtps_cpp.hpp
[2.730s] -- Up-to-date: /home/abdelrhaman/microros_ws/install/std_srvs/include/std_srvs/std_srvs/msg
[2.730s] -- Up-to-date: /home/abdelrhaman/microros_ws/install/std_srvs/include/std_srvs/std_srvs/msg/rosidl_typesupport_fastrtps_cpp__visibility_control.h
[2.730s] -- Up-to-date: /home/abdelrhaman/microros_ws/install/std_srvs/lib/libstd_srvs__rosidl_typesupport_fastrtps_cpp.so
[2.731s] -- Up-to-date: /home/abdelrhaman/microros_ws/install/std_srvs/include/std_srvs/std_srvs
[2.731s] -- Up-to-date: /home/abdelrhaman/microros_ws/install/std_srvs/include/std_srvs/std_srvs/srv
[2.731s] -- Up-to-date: /home/abdelrhaman/microros_ws/install/std_srvs/include/std_srvs/std_srvs/srv/detail
[2.731s] -- Up-to-date: /home/abdelrhaman/microros_ws/install/std_srvs/include/std_srvs/std_srvs/srv/detail/trigger__rosidl_typesupport_introspection_cpp.hpp
[2.731s] -- Up-to-date: /home/abdelrhaman/microros_ws/install/std_srvs/include/std_srvs/std_srvs/srv/detail/set_bool__type_support.cpp
[2.731s] -- Up-to-date: /home/abdelrhaman/microros_ws/install/std_srvs/include/std_srvs/std_srvs/srv/detail/empty__rosidl_typesupport_introspection_cpp.hpp
[2.731s] -- Up-to-date: /home/abdelrhaman/microros_ws/install/std_srvs/include/std_srvs/std_srvs/srv/detail/trigger__type_support.cpp
[2.731s] -- Up-to-date: /home/abdelrhaman/microros_ws/install/std_srvs/include/std_srvs/std_srvs/srv/detail/empty__type_support.cpp
[2.731s] -- Up-to-date: /home/abdelrhaman/microros_ws/install/std_srvs/include/std_srvs/std_srvs/srv/detail/set_bool__rosidl_typesupport_introspection_cpp.hpp
[2.731s] -- Up-to-date: /home/abdelrhaman/microros_ws/install/std_srvs/lib/libstd_srvs__rosidl_typesupport_introspection_cpp.so
[2.732s] -- Installing: /home/abdelrhaman/microros_ws/install/std_srvs/lib/libstd_srvs__rosidl_typesupport_cpp.so
[2.732s] -- Set runtime path of "/home/abdelrhaman/microros_ws/install/std_srvs/lib/libstd_srvs__rosidl_typesupport_cpp.so" to ""
[2.732s] -- Up-to-date: /home/abdelrhaman/microros_ws/install/std_srvs/share/std_srvs/environment/pythonpath.sh
[2.732s] -- Installing: /home/abdelrhaman/microros_ws/install/std_srvs/share/std_srvs/environment/pythonpath.dsv
[2.732s] -- Up-to-date: /home/abdelrhaman/microros_ws/install/std_srvs/local/lib/python3.10/dist-packages/std_srvs-4.2.4-py3.10.egg-info
[2.732s] -- Installing: /home/abdelrhaman/microros_ws/install/std_srvs/local/lib/python3.10/dist-packages/std_srvs-4.2.4-py3.10.egg-info/PKG-INFO
[2.732s] -- Installing: /home/abdelrhaman/microros_ws/install/std_srvs/local/lib/python3.10/dist-packages/std_srvs-4.2.4-py3.10.egg-info/SOURCES.txt
[2.732s] -- Installing: /home/abdelrhaman/microros_ws/install/std_srvs/local/lib/python3.10/dist-packages/std_srvs-4.2.4-py3.10.egg-info/top_level.txt
[2.732s] -- Installing: /home/abdelrhaman/microros_ws/install/std_srvs/local/lib/python3.10/dist-packages/std_srvs-4.2.4-py3.10.egg-info/dependency_links.txt
[2.733s] -- Up-to-date: /home/abdelrhaman/microros_ws/install/std_srvs/local/lib/python3.10/dist-packages/std_srvs
[2.733s] -- Installing: /home/abdelrhaman/microros_ws/install/std_srvs/local/lib/python3.10/dist-packages/std_srvs/libstd_srvs__rosidl_generator_py.so
[2.733s] -- Up-to-date: /home/abdelrhaman/microros_ws/install/std_srvs/local/lib/python3.10/dist-packages/std_srvs/srv
[2.733s] -- Up-to-date: /home/abdelrhaman/microros_ws/install/std_srvs/local/lib/python3.10/dist-packages/std_srvs/srv/_set_bool_s.c
[2.733s] -- Up-to-date: /home/abdelrhaman/microros_ws/install/std_srvs/local/lib/python3.10/dist-packages/std_srvs/srv/_trigger.py
[2.734s] -- Up-to-date: /home/abdelrhaman/microros_ws/install/std_srvs/local/lib/python3.10/dist-packages/std_srvs/srv/_trigger_s.c
[2.734s] -- Up-to-date: /home/abdelrhaman/microros_ws/install/std_srvs/local/lib/python3.10/dist-packages/std_srvs/srv/_set_bool.py
[2.734s] -- Up-to-date: /home/abdelrhaman/microros_ws/install/std_srvs/local/lib/python3.10/dist-packages/std_srvs/srv/_empty_s.c
[2.734s] -- Up-to-date: /home/abdelrhaman/microros_ws/install/std_srvs/local/lib/python3.10/dist-packages/std_srvs/srv/_empty.py
[2.734s] -- Up-to-date: /home/abdelrhaman/microros_ws/install/std_srvs/local/lib/python3.10/dist-packages/std_srvs/srv/__init__.py
[2.734s] -- Installing: /home/abdelrhaman/microros_ws/install/std_srvs/local/lib/python3.10/dist-packages/std_srvs/std_srvs_s__rosidl_typesupport_fastrtps_c.cpython-310-x86_64-linux-gnu.so
[2.734s] -- Up-to-date: /home/abdelrhaman/microros_ws/install/std_srvs/local/lib/python3.10/dist-packages/std_srvs/_std_srvs_s.ep.rosidl_typesupport_c.c
[2.734s] -- Installing: /home/abdelrhaman/microros_ws/install/std_srvs/local/lib/python3.10/dist-packages/std_srvs/std_srvs_s__rosidl_typesupport_microxrcedds_c.cpython-310-x86_64-linux-gnu.so
[2.735s] -- Up-to-date: /home/abdelrhaman/microros_ws/install/std_srvs/local/lib/python3.10/dist-packages/std_srvs/_std_srvs_s.ep.rosidl_typesupport_introspection_c.c
[2.735s] -- Installing: /home/abdelrhaman/microros_ws/install/std_srvs/local/lib/python3.10/dist-packages/std_srvs/__init__.py
[2.735s] -- Up-to-date: /home/abdelrhaman/microros_ws/install/std_srvs/local/lib/python3.10/dist-packages/std_srvs/_std_srvs_s.ep.rosidl_typesupport_microxrcedds_c.c
[2.735s] -- Up-to-date: /home/abdelrhaman/microros_ws/install/std_srvs/local/lib/python3.10/dist-packages/std_srvs/_std_srvs_s.ep.rosidl_typesupport_fastrtps_c.c
[2.735s] -- Installing: /home/abdelrhaman/microros_ws/install/std_srvs/local/lib/python3.10/dist-packages/std_srvs/std_srvs_s__rosidl_typesupport_c.cpython-310-x86_64-linux-gnu.so
[2.735s] -- Installing: /home/abdelrhaman/microros_ws/install/std_srvs/local/lib/python3.10/dist-packages/std_srvs/std_srvs_s__rosidl_typesupport_introspection_c.cpython-310-x86_64-linux-gnu.so
[2.769s] Listing '/home/abdelrhaman/microros_ws/install/std_srvs/local/lib/python3.10/dist-packages/std_srvs'...
[2.769s] Compiling '/home/abdelrhaman/microros_ws/install/std_srvs/local/lib/python3.10/dist-packages/std_srvs/__init__.py'...
[2.769s] Listing '/home/abdelrhaman/microros_ws/install/std_srvs/local/lib/python3.10/dist-packages/std_srvs/srv'...
[2.773s] -- Installing: /home/abdelrhaman/microros_ws/install/std_srvs/local/lib/python3.10/dist-packages/std_srvs/std_srvs_s__rosidl_typesupport_microxrcedds_c.cpython-310-x86_64-linux-gnu.so
[2.774s] -- Set runtime path of "/home/abdelrhaman/microros_ws/install/std_srvs/local/lib/python3.10/dist-packages/std_srvs/std_srvs_s__rosidl_typesupport_microxrcedds_c.cpython-310-x86_64-linux-gnu.so" to ""
[2.774s] -- Installing: /home/abdelrhaman/microros_ws/install/std_srvs/local/lib/python3.10/dist-packages/std_srvs/std_srvs_s__rosidl_typesupport_fastrtps_c.cpython-310-x86_64-linux-gnu.so
[2.774s] -- Set runtime path of "/home/abdelrhaman/microros_ws/install/std_srvs/local/lib/python3.10/dist-packages/std_srvs/std_srvs_s__rosidl_typesupport_fastrtps_c.cpython-310-x86_64-linux-gnu.so" to ""
[2.774s] -- Installing: /home/abdelrhaman/microros_ws/install/std_srvs/local/lib/python3.10/dist-packages/std_srvs/std_srvs_s__rosidl_typesupport_introspection_c.cpython-310-x86_64-linux-gnu.so
[2.775s] -- Set runtime path of "/home/abdelrhaman/microros_ws/install/std_srvs/local/lib/python3.10/dist-packages/std_srvs/std_srvs_s__rosidl_typesupport_introspection_c.cpython-310-x86_64-linux-gnu.so" to ""
[2.775s] -- Installing: /home/abdelrhaman/microros_ws/install/std_srvs/local/lib/python3.10/dist-packages/std_srvs/std_srvs_s__rosidl_typesupport_c.cpython-310-x86_64-linux-gnu.so
[2.775s] -- Set runtime path of "/home/abdelrhaman/microros_ws/install/std_srvs/local/lib/python3.10/dist-packages/std_srvs/std_srvs_s__rosidl_typesupport_c.cpython-310-x86_64-linux-gnu.so" to ""
[2.776s] -- Installing: /home/abdelrhaman/microros_ws/install/std_srvs/lib/libstd_srvs__rosidl_generator_py.so
[2.776s] -- Set runtime path of "/home/abdelrhaman/microros_ws/install/std_srvs/lib/libstd_srvs__rosidl_generator_py.so" to ""
[2.776s] -- Up-to-date: /home/abdelrhaman/microros_ws/install/std_srvs/share/std_srvs/srv/Empty.idl
[2.776s] -- Up-to-date: /home/abdelrhaman/microros_ws/install/std_srvs/share/std_srvs/srv/SetBool.idl
[2.776s] -- Up-to-date: /home/abdelrhaman/microros_ws/install/std_srvs/share/std_srvs/srv/Trigger.idl
[2.777s] -- Up-to-date: /home/abdelrhaman/microros_ws/install/std_srvs/share/std_srvs/srv/Empty.srv
[2.777s] -- Up-to-date: /home/abdelrhaman/microros_ws/install/std_srvs/share/std_srvs/srv/Empty_Request.msg
[2.777s] -- Up-to-date: /home/abdelrhaman/microros_ws/install/std_srvs/share/std_srvs/srv/Empty_Response.msg
[2.777s] -- Up-to-date: /home/abdelrhaman/microros_ws/install/std_srvs/share/std_srvs/srv/SetBool.srv
[2.777s] -- Up-to-date: /home/abdelrhaman/microros_ws/install/std_srvs/share/std_srvs/srv/SetBool_Request.msg
[2.777s] -- Up-to-date: /home/abdelrhaman/microros_ws/install/std_srvs/share/std_srvs/srv/SetBool_Response.msg
[2.777s] -- Up-to-date: /home/abdelrhaman/microros_ws/install/std_srvs/share/std_srvs/srv/Trigger.srv
[2.777s] -- Up-to-date: /home/abdelrhaman/microros_ws/install/std_srvs/share/std_srvs/srv/Trigger_Request.msg
[2.777s] -- Up-to-date: /home/abdelrhaman/microros_ws/install/std_srvs/share/std_srvs/srv/Trigger_Response.msg
[2.777s] -- Up-to-date: /home/abdelrhaman/microros_ws/install/std_srvs/share/ament_index/resource_index/package_run_dependencies/std_srvs
[2.777s] -- Installing: /home/abdelrhaman/microros_ws/install/std_srvs/share/ament_index/resource_index/parent_prefix_path/std_srvs
[2.777s] -- Up-to-date: /home/abdelrhaman/microros_ws/install/std_srvs/share/std_srvs/environment/ament_prefix_path.sh
[2.777s] -- Installing: /home/abdelrhaman/microros_ws/install/std_srvs/share/std_srvs/environment/ament_prefix_path.dsv
[2.778s] -- Up-to-date: /home/abdelrhaman/microros_ws/install/std_srvs/share/std_srvs/environment/path.sh
[2.778s] -- Installing: /home/abdelrhaman/microros_ws/install/std_srvs/share/std_srvs/environment/path.dsv
[2.778s] -- Up-to-date: /home/abdelrhaman/microros_ws/install/std_srvs/share/std_srvs/local_setup.bash
[2.778s] -- Up-to-date: /home/abdelrhaman/microros_ws/install/std_srvs/share/std_srvs/local_setup.sh
[2.778s] -- Up-to-date: /home/abdelrhaman/microros_ws/install/std_srvs/share/std_srvs/local_setup.zsh
[2.778s] -- Installing: /home/abdelrhaman/microros_ws/install/std_srvs/share/std_srvs/local_setup.dsv
[2.778s] -- Installing: /home/abdelrhaman/microros_ws/install/std_srvs/share/std_srvs/package.dsv
[2.778s] -- Up-to-date: /home/abdelrhaman/microros_ws/install/std_srvs/share/ament_index/resource_index/packages/std_srvs
[2.778s] -- Up-to-date: /home/abdelrhaman/microros_ws/install/std_srvs/share/std_srvs/cmake/export_std_srvs__rosidl_generator_cExport.cmake
[2.779s] -- Up-to-date: /home/abdelrhaman/microros_ws/install/std_srvs/share/std_srvs/cmake/export_std_srvs__rosidl_generator_cExport-noconfig.cmake
[2.779s] -- Up-to-date: /home/abdelrhaman/microros_ws/install/std_srvs/share/std_srvs/cmake/export_std_srvs__rosidl_typesupport_fastrtps_cExport.cmake
[2.779s] -- Up-to-date: /home/abdelrhaman/microros_ws/install/std_srvs/share/std_srvs/cmake/export_std_srvs__rosidl_typesupport_fastrtps_cExport-noconfig.cmake
[2.779s] -- Up-to-date: /home/abdelrhaman/microros_ws/install/std_srvs/share/std_srvs/cmake/std_srvs__rosidl_typesupport_introspection_cExport.cmake
[2.779s] -- Up-to-date: /home/abdelrhaman/microros_ws/install/std_srvs/share/std_srvs/cmake/std_srvs__rosidl_typesupport_introspection_cExport-noconfig.cmake
[2.780s] -- Up-to-date: /home/abdelrhaman/microros_ws/install/std_srvs/share/std_srvs/cmake/std_srvs__rosidl_typesupport_cExport.cmake
[2.780s] -- Up-to-date: /home/abdelrhaman/microros_ws/install/std_srvs/share/std_srvs/cmake/std_srvs__rosidl_typesupport_cExport-noconfig.cmake
[2.780s] -- Up-to-date: /home/abdelrhaman/microros_ws/install/std_srvs/share/std_srvs/cmake/export_std_srvs__rosidl_generator_cppExport.cmake
[2.780s] -- Up-to-date: /home/abdelrhaman/microros_ws/install/std_srvs/share/std_srvs/cmake/export_std_srvs__rosidl_typesupport_fastrtps_cppExport.cmake
[2.780s] -- Up-to-date: /home/abdelrhaman/microros_ws/install/std_srvs/share/std_srvs/cmake/export_std_srvs__rosidl_typesupport_fastrtps_cppExport-noconfig.cmake
[2.780s] -- Up-to-date: /home/abdelrhaman/microros_ws/install/std_srvs/share/std_srvs/cmake/std_srvs__rosidl_typesupport_introspection_cppExport.cmake
[2.780s] -- Up-to-date: /home/abdelrhaman/microros_ws/install/std_srvs/share/std_srvs/cmake/std_srvs__rosidl_typesupport_introspection_cppExport-noconfig.cmake
[2.781s] -- Up-to-date: /home/abdelrhaman/microros_ws/install/std_srvs/share/std_srvs/cmake/std_srvs__rosidl_typesupport_cppExport.cmake
[2.781s] -- Up-to-date: /home/abdelrhaman/microros_ws/install/std_srvs/share/std_srvs/cmake/std_srvs__rosidl_typesupport_cppExport-noconfig.cmake
[2.781s] -- Up-to-date: /home/abdelrhaman/microros_ws/install/std_srvs/share/std_srvs/cmake/export_std_srvs__rosidl_generator_pyExport.cmake
[2.781s] -- Up-to-date: /home/abdelrhaman/microros_ws/install/std_srvs/share/std_srvs/cmake/export_std_srvs__rosidl_generator_pyExport-noconfig.cmake
[2.781s] -- Up-to-date: /home/abdelrhaman/microros_ws/install/std_srvs/share/std_srvs/cmake/rosidl_cmake-extras.cmake
[2.781s] -- Installing: /home/abdelrhaman/microros_ws/install/std_srvs/share/std_srvs/cmake/ament_cmake_export_include_directories-extras.cmake
[2.782s] -- Up-to-date: /home/abdelrhaman/microros_ws/install/std_srvs/share/std_srvs/cmake/ament_cmake_export_libraries-extras.cmake
[2.782s] -- Up-to-date: /home/abdelrhaman/microros_ws/install/std_srvs/share/std_srvs/cmake/ament_cmake_export_targets-extras.cmake
[2.782s] -- Up-to-date: /home/abdelrhaman/microros_ws/install/std_srvs/share/std_srvs/cmake/rosidl_cmake_export_typesupport_targets-extras.cmake
[2.782s] -- Up-to-date: /home/abdelrhaman/microros_ws/install/std_srvs/share/std_srvs/cmake/ament_cmake_export_dependencies-extras.cmake
[2.782s] -- Installing: /home/abdelrhaman/microros_ws/install/std_srvs/share/std_srvs/cmake/rosidl_cmake_export_typesupport_libraries-extras.cmake
[2.782s] -- Up-to-date: /home/abdelrhaman/microros_ws/install/std_srvs/share/std_srvs/cmake/std_srvsConfig.cmake
[2.782s] -- Up-to-date: /home/abdelrhaman/microros_ws/install/std_srvs/share/std_srvs/cmake/std_srvsConfig-version.cmake
[2.783s] -- Up-to-date: /home/abdelrhaman/microros_ws/install/std_srvs/share/std_srvs/package.xml
[2.786s] Invoked command in '/home/abdelrhaman/microros_ws/build/std_srvs' returned '0': CMAKE_PREFIX_PATH=${CMAKE_PREFIX_PATH}:/home/abdelrhaman/microros_ws/install/sensor_msgs_py:/home/abdelrhaman/ros/install/my_robot_controller:/opt/ros/humble /usr/bin/cmake --install /home/abdelrhaman/microros_ws/build/std_srvs
