[0.029s] Invoking command in '/home/abdelrhaman/microros_ws/build/shape_msgs': AMENT_PREFIX_PATH=/home/abdelrhaman/microros_ws/install/geometry_msgs:/home/abdelrhaman/microros_ws/install/std_msgs:/home/abdelrhaman/microros_ws/install/builtin_interfaces:${AMENT_PREFIX_PATH} CMAKE_PREFIX_PATH=/home/abdelrhaman/microros_ws/install/geometry_msgs:/home/abdelrhaman/microros_ws/install/std_msgs:/home/abdelrhaman/microros_ws/install/builtin_interfaces:/home/abdelrhaman/microros_ws/install/rosidl_typesupport_microxrcedds_cpp:/home/abdelrhaman/microros_ws/install/rosidl_typesupport_microxrcedds_c:/home/abdelrhaman/microros_ws/install/microcdr:/home/abdelrhaman/microros_ws/install/micro_ros_setup:/home/abdelrhaman/ros/install/my_robot_controller:/opt/ros/humble LD_LIBRARY_PATH=/home/abdelrhaman/microros_ws/install/geometry_msgs/lib:/home/abdelrhaman/microros_ws/install/std_msgs/lib:/home/abdelrhaman/microros_ws/install/builtin_interfaces/lib:${LD_LIBRARY_PATH} PYTHONPATH=/home/abdelrhaman/microros_ws/install/geometry_msgs/local/lib/python3.10/dist-packages:/home/abdelrhaman/microros_ws/install/std_msgs/local/lib/python3.10/dist-packages:/home/abdelrhaman/microros_ws/install/builtin_interfaces/local/lib/python3.10/dist-packages:${PYTHONPATH} /usr/bin/cmake /home/abdelrhaman/microros_ws/src/ros2/common_interfaces/shape_msgs -DBUILD_TESTING=OFF -DBUILD_SHARED_LIBS=ON -DCMAKE_INSTALL_PREFIX=/home/abdelrhaman/microros_ws/install/shape_msgs
[0.091s] -- The C compiler identification is GNU 11.4.0
[0.143s] -- The CXX compiler identification is GNU 11.4.0
[0.151s] -- Detecting C compiler ABI info
[0.210s] -- Detecting C compiler ABI info - done
[0.215s] -- Check for working C compiler: /usr/bin/cc - skipped
[0.215s] -- Detecting C compile features
[0.216s] -- Detecting C compile features - done
[0.218s] -- Detecting CXX compiler ABI info
[0.296s] -- Detecting CXX compiler ABI info - done
[0.305s] -- Check for working CXX compiler: /usr/bin/c++ - skipped
[0.305s] -- Detecting CXX compile features
[0.306s] -- Detecting CXX compile features - done
[0.311s] -- Found ament_cmake: 1.3.10 (/opt/ros/humble/share/ament_cmake/cmake)
[0.762s] -- Found Python3: /usr/bin/python3 (found version "3.10.12") found components: Interpreter 
[0.852s] -- Found geometry_msgs: 4.2.4 (/home/abdelrhaman/microros_ws/install/geometry_msgs/share/geometry_msgs/cmake)
[0.876s] -- Found rosidl_generator_c: 3.1.5 (/opt/ros/humble/share/rosidl_generator_c/cmake)
[0.880s] -- Found rosidl_adapter: 3.1.5 (/opt/ros/humble/share/rosidl_adapter/cmake)
[0.885s] -- Found rosidl_generator_cpp: 3.1.5 (/opt/ros/humble/share/rosidl_generator_cpp/cmake)
[0.893s] -- Using all available rosidl_typesupport_c: rosidl_typesupport_microxrcedds_c;rosidl_typesupport_fastrtps_c;rosidl_typesupport_introspection_c
[0.908s] -- Using all available rosidl_typesupport_cpp: rosidl_typesupport_microxrcedds_cpp;rosidl_typesupport_fastrtps_cpp;rosidl_typesupport_introspection_cpp
[0.939s] -- Found rosidl_default_generators: 1.2.0 (/opt/ros/humble/share/rosidl_default_generators/cmake)
[1.188s] -- Found ament_cmake_ros: 0.10.0 (/opt/ros/humble/share/ament_cmake_ros/cmake)
[1.624s] -- Using all available rosidl_typesupport_c: rosidl_typesupport_microxrcedds_c;rosidl_typesupport_fastrtps_c;rosidl_typesupport_introspection_c
[1.799s] -- Using all available rosidl_typesupport_cpp: rosidl_typesupport_microxrcedds_cpp;rosidl_typesupport_fastrtps_cpp;rosidl_typesupport_introspection_cpp
[1.818s] -- Found PythonInterp: /usr/bin/python3 (found suitable version "3.10.12", minimum required is "3.6") 
[1.819s] -- Found python_cmake_module: 0.10.0 (/opt/ros/humble/share/python_cmake_module/cmake)
[1.844s] -- Found PythonLibs: /usr/lib/x86_64-linux-gnu/libpython3.10.so (found suitable version "3.10.12", minimum required is "3.5") 
[1.844s] -- Using PYTHON_EXECUTABLE: /usr/bin/python3
[1.844s] -- Using PYTHON_INCLUDE_DIRS: /usr/include/python3.10
[1.844s] -- Using PYTHON_LIBRARIES: /usr/lib/x86_64-linux-gnu/libpython3.10.so
[1.861s] -- Found PythonExtra: .so  
[1.922s] -- Configuring done
[1.958s] -- Generating done
[1.959s] -- Build files have been written to: /home/abdelrhaman/microros_ws/build/shape_msgs
[1.967s] Invoked command in '/home/abdelrhaman/microros_ws/build/shape_msgs' returned '0': AMENT_PREFIX_PATH=/home/abdelrhaman/microros_ws/install/geometry_msgs:/home/abdelrhaman/microros_ws/install/std_msgs:/home/abdelrhaman/microros_ws/install/builtin_interfaces:${AMENT_PREFIX_PATH} CMAKE_PREFIX_PATH=/home/abdelrhaman/microros_ws/install/geometry_msgs:/home/abdelrhaman/microros_ws/install/std_msgs:/home/abdelrhaman/microros_ws/install/builtin_interfaces:/home/abdelrhaman/microros_ws/install/rosidl_typesupport_microxrcedds_cpp:/home/abdelrhaman/microros_ws/install/rosidl_typesupport_microxrcedds_c:/home/abdelrhaman/microros_ws/install/microcdr:/home/abdelrhaman/microros_ws/install/micro_ros_setup:/home/abdelrhaman/ros/install/my_robot_controller:/opt/ros/humble LD_LIBRARY_PATH=/home/abdelrhaman/microros_ws/install/geometry_msgs/lib:/home/abdelrhaman/microros_ws/install/std_msgs/lib:/home/abdelrhaman/microros_ws/install/builtin_interfaces/lib:${LD_LIBRARY_PATH} PYTHONPATH=/home/abdelrhaman/microros_ws/install/geometry_msgs/local/lib/python3.10/dist-packages:/home/abdelrhaman/microros_ws/install/std_msgs/local/lib/python3.10/dist-packages:/home/abdelrhaman/microros_ws/install/builtin_interfaces/local/lib/python3.10/dist-packages:${PYTHONPATH} /usr/bin/cmake /home/abdelrhaman/microros_ws/src/ros2/common_interfaces/shape_msgs -DBUILD_TESTING=OFF -DBUILD_SHARED_LIBS=ON -DCMAKE_INSTALL_PREFIX=/home/abdelrhaman/microros_ws/install/shape_msgs
[1.969s] Invoking command in '/home/abdelrhaman/microros_ws/build/shape_msgs': AMENT_PREFIX_PATH=/home/abdelrhaman/microros_ws/install/geometry_msgs:/home/abdelrhaman/microros_ws/install/std_msgs:/home/abdelrhaman/microros_ws/install/builtin_interfaces:${AMENT_PREFIX_PATH} CMAKE_PREFIX_PATH=/home/abdelrhaman/microros_ws/install/geometry_msgs:/home/abdelrhaman/microros_ws/install/std_msgs:/home/abdelrhaman/microros_ws/install/builtin_interfaces:/home/abdelrhaman/microros_ws/install/rosidl_typesupport_microxrcedds_cpp:/home/abdelrhaman/microros_ws/install/rosidl_typesupport_microxrcedds_c:/home/abdelrhaman/microros_ws/install/microcdr:/home/abdelrhaman/microros_ws/install/micro_ros_setup:/home/abdelrhaman/ros/install/my_robot_controller:/opt/ros/humble LD_LIBRARY_PATH=/home/abdelrhaman/microros_ws/install/geometry_msgs/lib:/home/abdelrhaman/microros_ws/install/std_msgs/lib:/home/abdelrhaman/microros_ws/install/builtin_interfaces/lib:${LD_LIBRARY_PATH} PYTHONPATH=/home/abdelrhaman/microros_ws/install/geometry_msgs/local/lib/python3.10/dist-packages:/home/abdelrhaman/microros_ws/install/std_msgs/local/lib/python3.10/dist-packages:/home/abdelrhaman/microros_ws/install/builtin_interfaces/local/lib/python3.10/dist-packages:${PYTHONPATH} /usr/bin/cmake --build /home/abdelrhaman/microros_ws/build/shape_msgs -- -j20 -l20
[2.010s] [  1%] [34m[1mGenerating C code for ROS interfaces[0m
[2.015s] [  2%] [34m[1mGenerating C++ code for ROS interfaces[0m
[2.023s] [  2%] Built target ament_cmake_python_copy_shape_msgs
[2.432s] [  2%] Built target shape_msgs__cpp
[2.442s] [  4%] [34m[1mGenerating C++ type support dispatch for ROS interfaces[0m
[2.447s] [  5%] [34m[1mGenerating C++ type support for eProsima Fast-RTPS[0m
[2.449s] [  7%] [34m[1mGenerating C++ type support for eProsima Micro XRCE-DDS[0m
[2.450s] [  8%] [34m[1mGenerating C++ introspection for ROS interfaces[0m
[2.770s] running egg_info
[2.770s] creating shape_msgs.egg-info
[2.846s] [ 10%] [32mBuilding C object CMakeFiles/shape_msgs__rosidl_generator_c.dir/rosidl_generator_c/shape_msgs/msg/detail/mesh__functions.c.o[0m
[2.848s] [ 11%] [32mBuilding C object CMakeFiles/shape_msgs__rosidl_generator_c.dir/rosidl_generator_c/shape_msgs/msg/detail/solid_primitive__functions.c.o[0m
[2.851s] [ 13%] [32mBuilding C object CMakeFiles/shape_msgs__rosidl_generator_c.dir/rosidl_generator_c/shape_msgs/msg/detail/mesh_triangle__functions.c.o[0m
[2.853s] [ 14%] [32mBuilding C object CMakeFiles/shape_msgs__rosidl_generator_c.dir/rosidl_generator_c/shape_msgs/msg/detail/plane__functions.c.o[0m
[2.860s] writing shape_msgs.egg-info/PKG-INFO
[2.924s] writing dependency_links to shape_msgs.egg-info/dependency_links.txt
[2.968s] [ 15%] [32m[1mLinking C shared library libshape_msgs__rosidl_generator_c.so[0m
[3.066s] [ 15%] Built target shape_msgs__rosidl_generator_c
[3.100s] [ 17%] [34m[1mGenerating C type support for eProsima Micro XRCE-DDS[0m
[3.102s] [ 18%] [34m[1mGenerating C type support for eProsima Fast-RTPS[0m
[3.107s] [ 20%] [34m[1mGenerating C introspection for ROS interfaces[0m
[3.110s] [ 21%] [34m[1mGenerating C type support dispatch for ROS interfaces[0m
[3.459s] [ 23%] [32mBuilding CXX object CMakeFiles/shape_msgs__rosidl_typesupport_cpp.dir/rosidl_typesupport_cpp/shape_msgs/msg/mesh__type_support.cpp.o[0m
[3.459s] [ 24%] [32mBuilding CXX object CMakeFiles/shape_msgs__rosidl_typesupport_cpp.dir/rosidl_typesupport_cpp/shape_msgs/msg/mesh_triangle__type_support.cpp.o[0m
[3.463s] [ 26%] [32mBuilding CXX object CMakeFiles/shape_msgs__rosidl_typesupport_cpp.dir/rosidl_typesupport_cpp/shape_msgs/msg/solid_primitive__type_support.cpp.o[0m
[3.464s] [ 27%] [32mBuilding CXX object CMakeFiles/shape_msgs__rosidl_typesupport_cpp.dir/rosidl_typesupport_cpp/shape_msgs/msg/plane__type_support.cpp.o[0m
[3.466s] [ 28%] [32mBuilding CXX object CMakeFiles/shape_msgs__rosidl_typesupport_fastrtps_cpp.dir/rosidl_typesupport_fastrtps_cpp/shape_msgs/msg/detail/dds_fastrtps/mesh__type_support.cpp.o[0m
[3.466s] [ 30%] [32mBuilding CXX object CMakeFiles/shape_msgs__rosidl_typesupport_fastrtps_cpp.dir/rosidl_typesupport_fastrtps_cpp/shape_msgs/msg/detail/dds_fastrtps/mesh_triangle__type_support.cpp.o[0m
[3.480s] [ 31%] [32mBuilding CXX object CMakeFiles/shape_msgs__rosidl_typesupport_fastrtps_cpp.dir/rosidl_typesupport_fastrtps_cpp/shape_msgs/msg/detail/dds_fastrtps/solid_primitive__type_support.cpp.o[0m
[3.486s] [ 33%] [32mBuilding CXX object CMakeFiles/shape_msgs__rosidl_typesupport_fastrtps_cpp.dir/rosidl_typesupport_fastrtps_cpp/shape_msgs/msg/detail/dds_fastrtps/plane__type_support.cpp.o[0m
[3.524s] writing top-level names to shape_msgs.egg-info/top_level.txt
[3.530s] writing manifest file 'shape_msgs.egg-info/SOURCES.txt'
[3.805s] reading manifest file 'shape_msgs.egg-info/SOURCES.txt'
[3.806s] writing manifest file 'shape_msgs.egg-info/SOURCES.txt'
[3.892s] [ 36%] [32mBuilding CXX object CMakeFiles/shape_msgs__rosidl_typesupport_microxrcedds_cpp.dir/rosidl_typesupport_microxrcedds_cpp/shape_msgs/msg/detail/microxrcedds/mesh__type_support_cpp.cpp.o[0m
[3.893s] [ 36%] [32mBuilding CXX object CMakeFiles/shape_msgs__rosidl_typesupport_microxrcedds_cpp.dir/rosidl_typesupport_microxrcedds_cpp/shape_msgs/msg/detail/microxrcedds/plane__type_support_cpp.cpp.o[0m
[3.910s] [ 37%] [32mBuilding CXX object CMakeFiles/shape_msgs__rosidl_typesupport_microxrcedds_cpp.dir/rosidl_typesupport_microxrcedds_cpp/shape_msgs/msg/detail/microxrcedds/mesh_triangle__type_support_cpp.cpp.o[0m
[3.927s] [ 39%] [32mBuilding CXX object CMakeFiles/shape_msgs__rosidl_typesupport_microxrcedds_cpp.dir/rosidl_typesupport_microxrcedds_cpp/shape_msgs/msg/detail/microxrcedds/solid_primitive__type_support_cpp.cpp.o[0m
[4.342s] [ 40%] [32mBuilding CXX object CMakeFiles/shape_msgs__rosidl_typesupport_introspection_cpp.dir/rosidl_typesupport_introspection_cpp/shape_msgs/msg/detail/mesh__type_support.cpp.o[0m
[4.342s] [ 42%] [32mBuilding CXX object CMakeFiles/shape_msgs__rosidl_typesupport_introspection_cpp.dir/rosidl_typesupport_introspection_cpp/shape_msgs/msg/detail/mesh_triangle__type_support.cpp.o[0m
[4.344s] [ 43%] [32mBuilding CXX object CMakeFiles/shape_msgs__rosidl_typesupport_introspection_cpp.dir/rosidl_typesupport_introspection_cpp/shape_msgs/msg/detail/plane__type_support.cpp.o[0m
[4.378s] [ 44%] [32mBuilding CXX object CMakeFiles/shape_msgs__rosidl_typesupport_introspection_cpp.dir/rosidl_typesupport_introspection_cpp/shape_msgs/msg/detail/solid_primitive__type_support.cpp.o[0m
[4.378s] [ 44%] Built target ament_cmake_python_build_shape_msgs_egg
[5.123s] [ 46%] [32m[1mLinking CXX shared library libshape_msgs__rosidl_typesupport_cpp.so[0m
[5.235s] [ 46%] Built target shape_msgs__rosidl_typesupport_cpp
[5.259s] [ 47%] [32mBuilding C object CMakeFiles/shape_msgs__rosidl_typesupport_microxrcedds_c.dir/rosidl_typesupport_microxrcedds_c/shape_msgs/msg/detail/microxrcedds/mesh__type_support_c.c.o[0m
[5.273s] [ 49%] [32mBuilding C object CMakeFiles/shape_msgs__rosidl_typesupport_microxrcedds_c.dir/rosidl_typesupport_microxrcedds_c/shape_msgs/msg/detail/microxrcedds/plane__type_support_c.c.o[0m
[5.283s] [ 50%] [32mBuilding C object CMakeFiles/shape_msgs__rosidl_typesupport_microxrcedds_c.dir/rosidl_typesupport_microxrcedds_c/shape_msgs/msg/detail/microxrcedds/mesh_triangle__type_support_c.c.o[0m
[5.284s] [ 52%] [32mBuilding C object CMakeFiles/shape_msgs__rosidl_typesupport_microxrcedds_c.dir/rosidl_typesupport_microxrcedds_c/shape_msgs/msg/detail/microxrcedds/solid_primitive__type_support_c.c.o[0m
[5.507s] [ 53%] [32m[1mLinking C shared library libshape_msgs__rosidl_typesupport_microxrcedds_c.so[0m
[5.661s] [ 53%] Built target shape_msgs__rosidl_typesupport_microxrcedds_c
[5.714s] [ 55%] [32m[1mLinking CXX shared library libshape_msgs__rosidl_typesupport_fastrtps_cpp.so[0m
[5.819s] [ 56%] [32mBuilding CXX object CMakeFiles/shape_msgs__rosidl_typesupport_c.dir/rosidl_typesupport_c/shape_msgs/msg/plane__type_support.cpp.o[0m
[5.819s] [ 57%] [32mBuilding CXX object CMakeFiles/shape_msgs__rosidl_typesupport_c.dir/rosidl_typesupport_c/shape_msgs/msg/mesh_triangle__type_support.cpp.o[0m
[5.826s] [ 59%] [32mBuilding CXX object CMakeFiles/shape_msgs__rosidl_typesupport_c.dir/rosidl_typesupport_c/shape_msgs/msg/mesh__type_support.cpp.o[0m
[5.830s] [ 60%] [32mBuilding CXX object CMakeFiles/shape_msgs__rosidl_typesupport_c.dir/rosidl_typesupport_c/shape_msgs/msg/solid_primitive__type_support.cpp.o[0m
[5.950s] [ 62%] [32m[1mLinking CXX shared library libshape_msgs__rosidl_typesupport_c.so[0m
[6.023s] [ 62%] Built target shape_msgs__rosidl_typesupport_fastrtps_cpp
[6.029s] [ 63%] [32mBuilding C object CMakeFiles/shape_msgs__rosidl_typesupport_introspection_c.dir/rosidl_typesupport_introspection_c/shape_msgs/msg/detail/mesh_triangle__type_support.c.o[0m
[6.033s] [ 65%] [32mBuilding C object CMakeFiles/shape_msgs__rosidl_typesupport_introspection_c.dir/rosidl_typesupport_introspection_c/shape_msgs/msg/detail/mesh__type_support.c.o[0m
[6.036s] [ 66%] [32mBuilding C object CMakeFiles/shape_msgs__rosidl_typesupport_introspection_c.dir/rosidl_typesupport_introspection_c/shape_msgs/msg/detail/plane__type_support.c.o[0m
[6.050s] [ 68%] [32mBuilding C object CMakeFiles/shape_msgs__rosidl_typesupport_introspection_c.dir/rosidl_typesupport_introspection_c/shape_msgs/msg/detail/solid_primitive__type_support.c.o[0m
[6.068s] [ 69%] [32m[1mLinking CXX shared library libshape_msgs__rosidl_typesupport_microxrcedds_cpp.so[0m
[6.099s] [ 69%] Built target shape_msgs__rosidl_typesupport_c
[6.182s] [ 71%] [32m[1mLinking C shared library libshape_msgs__rosidl_typesupport_introspection_c.so[0m
[6.277s] [ 71%] Built target shape_msgs__rosidl_typesupport_introspection_c
[6.302s] [ 71%] Built target shape_msgs__rosidl_typesupport_microxrcedds_cpp
[6.369s] [ 72%] [32mBuilding CXX object CMakeFiles/shape_msgs__rosidl_typesupport_fastrtps_c.dir/rosidl_typesupport_fastrtps_c/shape_msgs/msg/detail/mesh__type_support_c.cpp.o[0m
[6.377s] [ 73%] [32mBuilding CXX object CMakeFiles/shape_msgs__rosidl_typesupport_fastrtps_c.dir/rosidl_typesupport_fastrtps_c/shape_msgs/msg/detail/mesh_triangle__type_support_c.cpp.o[0m
[6.380s] [ 75%] [32mBuilding CXX object CMakeFiles/shape_msgs__rosidl_typesupport_fastrtps_c.dir/rosidl_typesupport_fastrtps_c/shape_msgs/msg/detail/plane__type_support_c.cpp.o[0m
[6.383s] [ 76%] [32mBuilding CXX object CMakeFiles/shape_msgs__rosidl_typesupport_fastrtps_c.dir/rosidl_typesupport_fastrtps_c/shape_msgs/msg/detail/solid_primitive__type_support_c.cpp.o[0m
[6.445s] [ 78%] [32m[1mLinking CXX shared library libshape_msgs__rosidl_typesupport_introspection_cpp.so[0m
[6.653s] [ 78%] Built target shape_msgs__rosidl_typesupport_introspection_cpp
[6.952s] [ 79%] [32m[1mLinking CXX shared library libshape_msgs__rosidl_typesupport_fastrtps_c.so[0m
[7.153s] [ 79%] Built target shape_msgs__rosidl_typesupport_fastrtps_c
[7.218s] [ 79%] Built target shape_msgs
[7.315s] [ 81%] [34m[1mGenerating Python code for ROS interfaces[0m
[8.513s] [ 81%] Built target shape_msgs__py
[8.531s] [ 82%] [32mBuilding C object CMakeFiles/shape_msgs__rosidl_generator_py.dir/rosidl_generator_py/shape_msgs/msg/_solid_primitive_s.c.o[0m
[8.532s] [ 84%] [32mBuilding C object CMakeFiles/shape_msgs__rosidl_generator_py.dir/rosidl_generator_py/shape_msgs/msg/_mesh_s.c.o[0m
[8.533s] [ 85%] [32mBuilding C object CMakeFiles/shape_msgs__rosidl_generator_py.dir/rosidl_generator_py/shape_msgs/msg/_mesh_triangle_s.c.o[0m
[8.534s] [ 86%] [32mBuilding C object CMakeFiles/shape_msgs__rosidl_generator_py.dir/rosidl_generator_py/shape_msgs/msg/_plane_s.c.o[0m
[8.669s] [ 88%] [32m[1mLinking C shared library rosidl_generator_py/shape_msgs/libshape_msgs__rosidl_generator_py.so[0m
[8.707s] [ 88%] Built target shape_msgs__rosidl_generator_py
[8.726s] [ 89%] [32mBuilding C object CMakeFiles/shape_msgs__rosidl_typesupport_microxrcedds_c__pyext.dir/rosidl_generator_py/shape_msgs/_shape_msgs_s.ep.rosidl_typesupport_microxrcedds_c.c.o[0m
[8.727s] [ 91%] [32mBuilding C object CMakeFiles/shape_msgs__rosidl_typesupport_c__pyext.dir/rosidl_generator_py/shape_msgs/_shape_msgs_s.ep.rosidl_typesupport_c.c.o[0m
[8.728s] [ 92%] [32mBuilding C object CMakeFiles/shape_msgs__rosidl_typesupport_fastrtps_c__pyext.dir/rosidl_generator_py/shape_msgs/_shape_msgs_s.ep.rosidl_typesupport_fastrtps_c.c.o[0m
[8.729s] [ 94%] [32mBuilding C object CMakeFiles/shape_msgs__rosidl_typesupport_introspection_c__pyext.dir/rosidl_generator_py/shape_msgs/_shape_msgs_s.ep.rosidl_typesupport_introspection_c.c.o[0m
[8.802s] [ 95%] [32m[1mLinking C shared library rosidl_generator_py/shape_msgs/shape_msgs_s__rosidl_typesupport_c.cpython-310-x86_64-linux-gnu.so[0m
[8.804s] [ 97%] [32m[1mLinking C shared library rosidl_generator_py/shape_msgs/shape_msgs_s__rosidl_typesupport_introspection_c.cpython-310-x86_64-linux-gnu.so[0m
[8.807s] [ 98%] [32m[1mLinking C shared library rosidl_generator_py/shape_msgs/shape_msgs_s__rosidl_typesupport_fastrtps_c.cpython-310-x86_64-linux-gnu.so[0m
[8.835s] [ 98%] Built target shape_msgs__rosidl_typesupport_c__pyext
[8.836s] [ 98%] Built target shape_msgs__rosidl_typesupport_introspection_c__pyext
[8.842s] [ 98%] Built target shape_msgs__rosidl_typesupport_fastrtps_c__pyext
[8.844s] [100%] [32m[1mLinking C shared library rosidl_generator_py/shape_msgs/shape_msgs_s__rosidl_typesupport_microxrcedds_c.cpython-310-x86_64-linux-gnu.so[0m
[8.880s] [100%] Built target shape_msgs__rosidl_typesupport_microxrcedds_c__pyext
[8.890s] Invoked command in '/home/abdelrhaman/microros_ws/build/shape_msgs' returned '0': AMENT_PREFIX_PATH=/home/abdelrhaman/microros_ws/install/geometry_msgs:/home/abdelrhaman/microros_ws/install/std_msgs:/home/abdelrhaman/microros_ws/install/builtin_interfaces:${AMENT_PREFIX_PATH} CMAKE_PREFIX_PATH=/home/abdelrhaman/microros_ws/install/geometry_msgs:/home/abdelrhaman/microros_ws/install/std_msgs:/home/abdelrhaman/microros_ws/install/builtin_interfaces:/home/abdelrhaman/microros_ws/install/rosidl_typesupport_microxrcedds_cpp:/home/abdelrhaman/microros_ws/install/rosidl_typesupport_microxrcedds_c:/home/abdelrhaman/microros_ws/install/microcdr:/home/abdelrhaman/microros_ws/install/micro_ros_setup:/home/abdelrhaman/ros/install/my_robot_controller:/opt/ros/humble LD_LIBRARY_PATH=/home/abdelrhaman/microros_ws/install/geometry_msgs/lib:/home/abdelrhaman/microros_ws/install/std_msgs/lib:/home/abdelrhaman/microros_ws/install/builtin_interfaces/lib:${LD_LIBRARY_PATH} PYTHONPATH=/home/abdelrhaman/microros_ws/install/geometry_msgs/local/lib/python3.10/dist-packages:/home/abdelrhaman/microros_ws/install/std_msgs/local/lib/python3.10/dist-packages:/home/abdelrhaman/microros_ws/install/builtin_interfaces/local/lib/python3.10/dist-packages:${PYTHONPATH} /usr/bin/cmake --build /home/abdelrhaman/microros_ws/build/shape_msgs -- -j20 -l20
[9.018s] Invoking command in '/home/abdelrhaman/microros_ws/build/shape_msgs': AMENT_PREFIX_PATH=/home/abdelrhaman/microros_ws/install/geometry_msgs:/home/abdelrhaman/microros_ws/install/std_msgs:/home/abdelrhaman/microros_ws/install/builtin_interfaces:${AMENT_PREFIX_PATH} CMAKE_PREFIX_PATH=/home/abdelrhaman/microros_ws/install/geometry_msgs:/home/abdelrhaman/microros_ws/install/std_msgs:/home/abdelrhaman/microros_ws/install/builtin_interfaces:/home/abdelrhaman/microros_ws/install/rosidl_typesupport_microxrcedds_cpp:/home/abdelrhaman/microros_ws/install/rosidl_typesupport_microxrcedds_c:/home/abdelrhaman/microros_ws/install/microcdr:/home/abdelrhaman/microros_ws/install/micro_ros_setup:/home/abdelrhaman/ros/install/my_robot_controller:/opt/ros/humble LD_LIBRARY_PATH=/home/abdelrhaman/microros_ws/install/geometry_msgs/lib:/home/abdelrhaman/microros_ws/install/std_msgs/lib:/home/abdelrhaman/microros_ws/install/builtin_interfaces/lib:${LD_LIBRARY_PATH} PYTHONPATH=/home/abdelrhaman/microros_ws/install/geometry_msgs/local/lib/python3.10/dist-packages:/home/abdelrhaman/microros_ws/install/std_msgs/local/lib/python3.10/dist-packages:/home/abdelrhaman/microros_ws/install/builtin_interfaces/local/lib/python3.10/dist-packages:${PYTHONPATH} /usr/bin/cmake --install /home/abdelrhaman/microros_ws/build/shape_msgs
[9.024s] -- Install configuration: ""
[9.025s] -- Installing: /home/abdelrhaman/microros_ws/install/shape_msgs/share/ament_index/resource_index/rosidl_interfaces/shape_msgs
[9.025s] -- Installing: /home/abdelrhaman/microros_ws/install/shape_msgs/include/shape_msgs/shape_msgs
[9.025s] -- Installing: /home/abdelrhaman/microros_ws/install/shape_msgs/include/shape_msgs/shape_msgs/msg
[9.025s] -- Installing: /home/abdelrhaman/microros_ws/install/shape_msgs/include/shape_msgs/shape_msgs/msg/mesh_triangle.h
[9.025s] -- Installing: /home/abdelrhaman/microros_ws/install/shape_msgs/include/shape_msgs/shape_msgs/msg/rosidl_generator_c__visibility_control.h
[9.025s] -- Installing: /home/abdelrhaman/microros_ws/install/shape_msgs/include/shape_msgs/shape_msgs/msg/solid_primitive.h
[9.025s] -- Installing: /home/abdelrhaman/microros_ws/install/shape_msgs/include/shape_msgs/shape_msgs/msg/detail
[9.025s] -- Installing: /home/abdelrhaman/microros_ws/install/shape_msgs/include/shape_msgs/shape_msgs/msg/detail/solid_primitive__functions.h
[9.025s] -- Installing: /home/abdelrhaman/microros_ws/install/shape_msgs/include/shape_msgs/shape_msgs/msg/detail/plane__functions.c
[9.025s] -- Installing: /home/abdelrhaman/microros_ws/install/shape_msgs/include/shape_msgs/shape_msgs/msg/detail/mesh__struct.h
[9.025s] -- Installing: /home/abdelrhaman/microros_ws/install/shape_msgs/include/shape_msgs/shape_msgs/msg/detail/solid_primitive__functions.c
[9.026s] -- Installing: /home/abdelrhaman/microros_ws/install/shape_msgs/include/shape_msgs/shape_msgs/msg/detail/mesh_triangle__type_support.h
[9.026s] -- Installing: /home/abdelrhaman/microros_ws/install/shape_msgs/include/shape_msgs/shape_msgs/msg/detail/mesh__type_support.h
[9.026s] -- Installing: /home/abdelrhaman/microros_ws/install/shape_msgs/include/shape_msgs/shape_msgs/msg/detail/solid_primitive__type_support.h
[9.026s] -- Installing: /home/abdelrhaman/microros_ws/install/shape_msgs/include/shape_msgs/shape_msgs/msg/detail/mesh_triangle__struct.h
[9.026s] -- Installing: /home/abdelrhaman/microros_ws/install/shape_msgs/include/shape_msgs/shape_msgs/msg/detail/plane__struct.h
[9.026s] -- Installing: /home/abdelrhaman/microros_ws/install/shape_msgs/include/shape_msgs/shape_msgs/msg/detail/mesh__functions.c
[9.027s] -- Installing: /home/abdelrhaman/microros_ws/install/shape_msgs/include/shape_msgs/shape_msgs/msg/detail/plane__functions.h
[9.027s] -- Installing: /home/abdelrhaman/microros_ws/install/shape_msgs/include/shape_msgs/shape_msgs/msg/detail/mesh__functions.h
[9.027s] -- Installing: /home/abdelrhaman/microros_ws/install/shape_msgs/include/shape_msgs/shape_msgs/msg/detail/mesh_triangle__functions.c
[9.027s] -- Installing: /home/abdelrhaman/microros_ws/install/shape_msgs/include/shape_msgs/shape_msgs/msg/detail/solid_primitive__struct.h
[9.027s] -- Installing: /home/abdelrhaman/microros_ws/install/shape_msgs/include/shape_msgs/shape_msgs/msg/detail/mesh_triangle__functions.h
[9.027s] -- Installing: /home/abdelrhaman/microros_ws/install/shape_msgs/include/shape_msgs/shape_msgs/msg/detail/plane__type_support.h
[9.027s] -- Installing: /home/abdelrhaman/microros_ws/install/shape_msgs/include/shape_msgs/shape_msgs/msg/plane.h
[9.028s] -- Installing: /home/abdelrhaman/microros_ws/install/shape_msgs/include/shape_msgs/shape_msgs/msg/mesh.h
[9.028s] -- Installing: /home/abdelrhaman/microros_ws/install/shape_msgs/share/shape_msgs/environment/library_path.sh
[9.028s] -- Installing: /home/abdelrhaman/microros_ws/install/shape_msgs/share/shape_msgs/environment/library_path.dsv
[9.028s] -- Installing: /home/abdelrhaman/microros_ws/install/shape_msgs/lib/libshape_msgs__rosidl_generator_c.so
[9.028s] -- Set runtime path of "/home/abdelrhaman/microros_ws/install/shape_msgs/lib/libshape_msgs__rosidl_generator_c.so" to ""
[9.028s] -- Up-to-date: /home/abdelrhaman/microros_ws/install/shape_msgs/include/shape_msgs/shape_msgs
[9.028s] -- Up-to-date: /home/abdelrhaman/microros_ws/install/shape_msgs/include/shape_msgs/shape_msgs/msg
[9.029s] -- Up-to-date: /home/abdelrhaman/microros_ws/install/shape_msgs/include/shape_msgs/shape_msgs/msg/detail
[9.029s] -- Installing: /home/abdelrhaman/microros_ws/install/shape_msgs/include/shape_msgs/shape_msgs/msg/detail/solid_primitive__rosidl_typesupport_fastrtps_c.h
[9.029s] -- Installing: /home/abdelrhaman/microros_ws/install/shape_msgs/include/shape_msgs/shape_msgs/msg/detail/mesh__rosidl_typesupport_fastrtps_c.h
[9.029s] -- Installing: /home/abdelrhaman/microros_ws/install/shape_msgs/include/shape_msgs/shape_msgs/msg/detail/plane__rosidl_typesupport_fastrtps_c.h
[9.029s] -- Installing: /home/abdelrhaman/microros_ws/install/shape_msgs/include/shape_msgs/shape_msgs/msg/detail/mesh_triangle__rosidl_typesupport_fastrtps_c.h
[9.029s] -- Installing: /home/abdelrhaman/microros_ws/install/shape_msgs/include/shape_msgs/shape_msgs/msg/rosidl_typesupport_fastrtps_c__visibility_control.h
[9.029s] -- Installing: /home/abdelrhaman/microros_ws/install/shape_msgs/lib/libshape_msgs__rosidl_typesupport_fastrtps_c.so
[9.029s] -- Set runtime path of "/home/abdelrhaman/microros_ws/install/shape_msgs/lib/libshape_msgs__rosidl_typesupport_fastrtps_c.so" to ""
[9.029s] -- Up-to-date: /home/abdelrhaman/microros_ws/install/shape_msgs/include/shape_msgs/shape_msgs
[9.029s] -- Up-to-date: /home/abdelrhaman/microros_ws/install/shape_msgs/include/shape_msgs/shape_msgs/msg
[9.030s] -- Installing: /home/abdelrhaman/microros_ws/install/shape_msgs/include/shape_msgs/shape_msgs/msg/solid_primitive.hpp
[9.030s] -- Up-to-date: /home/abdelrhaman/microros_ws/install/shape_msgs/include/shape_msgs/shape_msgs/msg/detail
[9.030s] -- Installing: /home/abdelrhaman/microros_ws/install/shape_msgs/include/shape_msgs/shape_msgs/msg/detail/mesh_triangle__traits.hpp
[9.030s] -- Installing: /home/abdelrhaman/microros_ws/install/shape_msgs/include/shape_msgs/shape_msgs/msg/detail/mesh_triangle__struct.hpp
[9.030s] -- Installing: /home/abdelrhaman/microros_ws/install/shape_msgs/include/shape_msgs/shape_msgs/msg/detail/plane__traits.hpp
[9.030s] -- Installing: /home/abdelrhaman/microros_ws/install/shape_msgs/include/shape_msgs/shape_msgs/msg/detail/mesh__traits.hpp
[9.030s] -- Installing: /home/abdelrhaman/microros_ws/install/shape_msgs/include/shape_msgs/shape_msgs/msg/detail/solid_primitive__traits.hpp
[9.030s] -- Installing: /home/abdelrhaman/microros_ws/install/shape_msgs/include/shape_msgs/shape_msgs/msg/detail/mesh_triangle__builder.hpp
[9.030s] -- Installing: /home/abdelrhaman/microros_ws/install/shape_msgs/include/shape_msgs/shape_msgs/msg/detail/solid_primitive__struct.hpp
[9.030s] -- Installing: /home/abdelrhaman/microros_ws/install/shape_msgs/include/shape_msgs/shape_msgs/msg/detail/plane__struct.hpp
[9.030s] -- Installing: /home/abdelrhaman/microros_ws/install/shape_msgs/include/shape_msgs/shape_msgs/msg/detail/mesh__builder.hpp
[9.031s] -- Installing: /home/abdelrhaman/microros_ws/install/shape_msgs/include/shape_msgs/shape_msgs/msg/detail/plane__builder.hpp
[9.031s] -- Installing: /home/abdelrhaman/microros_ws/install/shape_msgs/include/shape_msgs/shape_msgs/msg/detail/mesh__struct.hpp
[9.031s] -- Installing: /home/abdelrhaman/microros_ws/install/shape_msgs/include/shape_msgs/shape_msgs/msg/detail/solid_primitive__builder.hpp
[9.031s] -- Installing: /home/abdelrhaman/microros_ws/install/shape_msgs/include/shape_msgs/shape_msgs/msg/mesh.hpp
[9.031s] -- Installing: /home/abdelrhaman/microros_ws/install/shape_msgs/include/shape_msgs/shape_msgs/msg/plane.hpp
[9.031s] -- Installing: /home/abdelrhaman/microros_ws/install/shape_msgs/include/shape_msgs/shape_msgs/msg/mesh_triangle.hpp
[9.031s] -- Up-to-date: /home/abdelrhaman/microros_ws/install/shape_msgs/include/shape_msgs/shape_msgs
[9.031s] -- Up-to-date: /home/abdelrhaman/microros_ws/install/shape_msgs/include/shape_msgs/shape_msgs/msg
[9.031s] -- Up-to-date: /home/abdelrhaman/microros_ws/install/shape_msgs/include/shape_msgs/shape_msgs/msg/detail
[9.031s] -- Installing: /home/abdelrhaman/microros_ws/install/shape_msgs/include/shape_msgs/shape_msgs/msg/detail/plane__rosidl_typesupport_fastrtps_cpp.hpp
[9.032s] -- Installing: /home/abdelrhaman/microros_ws/install/shape_msgs/include/shape_msgs/shape_msgs/msg/detail/mesh_triangle__rosidl_typesupport_fastrtps_cpp.hpp
[9.032s] -- Installing: /home/abdelrhaman/microros_ws/install/shape_msgs/include/shape_msgs/shape_msgs/msg/detail/dds_fastrtps
[9.032s] -- Installing: /home/abdelrhaman/microros_ws/install/shape_msgs/include/shape_msgs/shape_msgs/msg/detail/solid_primitive__rosidl_typesupport_fastrtps_cpp.hpp
[9.032s] -- Installing: /home/abdelrhaman/microros_ws/install/shape_msgs/include/shape_msgs/shape_msgs/msg/detail/mesh__rosidl_typesupport_fastrtps_cpp.hpp
[9.032s] -- Installing: /home/abdelrhaman/microros_ws/install/shape_msgs/include/shape_msgs/shape_msgs/msg/rosidl_typesupport_fastrtps_cpp__visibility_control.h
[9.032s] -- Installing: /home/abdelrhaman/microros_ws/install/shape_msgs/lib/libshape_msgs__rosidl_typesupport_fastrtps_cpp.so
[9.032s] -- Set runtime path of "/home/abdelrhaman/microros_ws/install/shape_msgs/lib/libshape_msgs__rosidl_typesupport_fastrtps_cpp.so" to ""
[9.032s] -- Up-to-date: /home/abdelrhaman/microros_ws/install/shape_msgs/include/shape_msgs
[9.032s] -- Installing: /home/abdelrhaman/microros_ws/install/shape_msgs/include/shape_msgs/msg
[9.032s] -- Installing: /home/abdelrhaman/microros_ws/install/shape_msgs/include/shape_msgs/msg/detail
[9.032s] -- Installing: /home/abdelrhaman/microros_ws/install/shape_msgs/include/shape_msgs/msg/detail/mesh_triangle__rosidl_typesupport_microxrcedds_c.h
[9.032s] -- Installing: /home/abdelrhaman/microros_ws/install/shape_msgs/include/shape_msgs/msg/detail/plane__rosidl_typesupport_microxrcedds_c.h
[9.032s] -- Installing: /home/abdelrhaman/microros_ws/install/shape_msgs/include/shape_msgs/msg/detail/solid_primitive__rosidl_typesupport_microxrcedds_c.h
[9.032s] -- Installing: /home/abdelrhaman/microros_ws/install/shape_msgs/include/shape_msgs/msg/detail/mesh__rosidl_typesupport_microxrcedds_c.h
[9.032s] -- Installing: /home/abdelrhaman/microros_ws/install/shape_msgs/include/shape_msgs/msg/detail/microxrcedds
[9.032s] -- Installing: /home/abdelrhaman/microros_ws/install/shape_msgs/include/shape_msgs/msg/rosidl_typesupport_microxrcedds_c__visibility_control.h
[9.032s] -- Installing: /home/abdelrhaman/microros_ws/install/shape_msgs/lib/libshape_msgs__rosidl_typesupport_microxrcedds_c.so
[9.032s] -- Set runtime path of "/home/abdelrhaman/microros_ws/install/shape_msgs/lib/libshape_msgs__rosidl_typesupport_microxrcedds_c.so" to ""
[9.032s] -- Up-to-date: /home/abdelrhaman/microros_ws/install/shape_msgs/include/shape_msgs/shape_msgs
[9.032s] -- Up-to-date: /home/abdelrhaman/microros_ws/install/shape_msgs/include/shape_msgs/shape_msgs/msg
[9.032s] -- Installing: /home/abdelrhaman/microros_ws/install/shape_msgs/include/shape_msgs/shape_msgs/msg/rosidl_typesupport_introspection_c__visibility_control.h
[9.032s] -- Up-to-date: /home/abdelrhaman/microros_ws/install/shape_msgs/include/shape_msgs/shape_msgs/msg/detail
[9.032s] -- Installing: /home/abdelrhaman/microros_ws/install/shape_msgs/include/shape_msgs/shape_msgs/msg/detail/mesh_triangle__rosidl_typesupport_introspection_c.h
[9.032s] -- Installing: /home/abdelrhaman/microros_ws/install/shape_msgs/include/shape_msgs/shape_msgs/msg/detail/plane__type_support.c
[9.032s] -- Installing: /home/abdelrhaman/microros_ws/install/shape_msgs/include/shape_msgs/shape_msgs/msg/detail/mesh__type_support.c
[9.032s] -- Installing: /home/abdelrhaman/microros_ws/install/shape_msgs/include/shape_msgs/shape_msgs/msg/detail/solid_primitive__rosidl_typesupport_introspection_c.h
[9.032s] -- Installing: /home/abdelrhaman/microros_ws/install/shape_msgs/include/shape_msgs/shape_msgs/msg/detail/plane__rosidl_typesupport_introspection_c.h
[9.032s] -- Installing: /home/abdelrhaman/microros_ws/install/shape_msgs/include/shape_msgs/shape_msgs/msg/detail/solid_primitive__type_support.c
[9.033s] -- Installing: /home/abdelrhaman/microros_ws/install/shape_msgs/include/shape_msgs/shape_msgs/msg/detail/mesh__rosidl_typesupport_introspection_c.h
[9.033s] -- Installing: /home/abdelrhaman/microros_ws/install/shape_msgs/include/shape_msgs/shape_msgs/msg/detail/mesh_triangle__type_support.c
[9.033s] -- Installing: /home/abdelrhaman/microros_ws/install/shape_msgs/lib/libshape_msgs__rosidl_typesupport_introspection_c.so
[9.033s] -- Set runtime path of "/home/abdelrhaman/microros_ws/install/shape_msgs/lib/libshape_msgs__rosidl_typesupport_introspection_c.so" to ""
[9.033s] -- Installing: /home/abdelrhaman/microros_ws/install/shape_msgs/lib/libshape_msgs__rosidl_typesupport_c.so
[9.033s] -- Set runtime path of "/home/abdelrhaman/microros_ws/install/shape_msgs/lib/libshape_msgs__rosidl_typesupport_c.so" to ""
[9.033s] -- Up-to-date: /home/abdelrhaman/microros_ws/install/shape_msgs/include/shape_msgs
[9.033s] -- Up-to-date: /home/abdelrhaman/microros_ws/install/shape_msgs/include/shape_msgs/msg
[9.033s] -- Up-to-date: /home/abdelrhaman/microros_ws/install/shape_msgs/include/shape_msgs/msg/detail
[9.033s] -- Installing: /home/abdelrhaman/microros_ws/install/shape_msgs/include/shape_msgs/msg/detail/plane__rosidl_typesupport_microxrcedds_cpp.hpp
[9.033s] -- Installing: /home/abdelrhaman/microros_ws/install/shape_msgs/include/shape_msgs/msg/detail/mesh__rosidl_typesupport_microxrcedds_cpp.hpp
[9.033s] -- Installing: /home/abdelrhaman/microros_ws/install/shape_msgs/include/shape_msgs/msg/detail/solid_primitive__rosidl_typesupport_microxrcedds_cpp.hpp
[9.033s] -- Installing: /home/abdelrhaman/microros_ws/install/shape_msgs/include/shape_msgs/msg/detail/mesh_triangle__rosidl_typesupport_microxrcedds_cpp.hpp
[9.033s] -- Up-to-date: /home/abdelrhaman/microros_ws/install/shape_msgs/include/shape_msgs/msg/detail/microxrcedds
[9.033s] -- Installing: /home/abdelrhaman/microros_ws/install/shape_msgs/include/shape_msgs/msg/detail/microxrcedds/solid_primitive__type_support_cpp.cpp
[9.033s] -- Installing: /home/abdelrhaman/microros_ws/install/shape_msgs/include/shape_msgs/msg/detail/microxrcedds/plane__type_support_cpp.cpp
[9.033s] -- Installing: /home/abdelrhaman/microros_ws/install/shape_msgs/include/shape_msgs/msg/detail/microxrcedds/mesh_triangle__type_support_cpp.cpp
[9.033s] -- Installing: /home/abdelrhaman/microros_ws/install/shape_msgs/include/shape_msgs/msg/detail/microxrcedds/mesh__type_support_cpp.cpp
[9.033s] -- Installing: /home/abdelrhaman/microros_ws/install/shape_msgs/include/shape_msgs/msg/rosidl_typesupport_microxrcedds_cpp__visibility_control.h
[9.033s] -- Installing: /home/abdelrhaman/microros_ws/install/shape_msgs/lib/libshape_msgs__rosidl_typesupport_microxrcedds_cpp.so
[9.033s] -- Set runtime path of "/home/abdelrhaman/microros_ws/install/shape_msgs/lib/libshape_msgs__rosidl_typesupport_microxrcedds_cpp.so" to ""
[9.033s] -- Up-to-date: /home/abdelrhaman/microros_ws/install/shape_msgs/include/shape_msgs/shape_msgs
[9.033s] -- Up-to-date: /home/abdelrhaman/microros_ws/install/shape_msgs/include/shape_msgs/shape_msgs/msg
[9.033s] -- Up-to-date: /home/abdelrhaman/microros_ws/install/shape_msgs/include/shape_msgs/shape_msgs/msg/detail
[9.033s] -- Installing: /home/abdelrhaman/microros_ws/install/shape_msgs/include/shape_msgs/shape_msgs/msg/detail/solid_primitive__type_support.cpp
[9.033s] -- Installing: /home/abdelrhaman/microros_ws/install/shape_msgs/include/shape_msgs/shape_msgs/msg/detail/plane__rosidl_typesupport_introspection_cpp.hpp
[9.033s] -- Installing: /home/abdelrhaman/microros_ws/install/shape_msgs/include/shape_msgs/shape_msgs/msg/detail/mesh__rosidl_typesupport_introspection_cpp.hpp
[9.033s] -- Installing: /home/abdelrhaman/microros_ws/install/shape_msgs/include/shape_msgs/shape_msgs/msg/detail/mesh__type_support.cpp
[9.033s] -- Installing: /home/abdelrhaman/microros_ws/install/shape_msgs/include/shape_msgs/shape_msgs/msg/detail/plane__type_support.cpp
[9.033s] -- Installing: /home/abdelrhaman/microros_ws/install/shape_msgs/include/shape_msgs/shape_msgs/msg/detail/mesh_triangle__type_support.cpp
[9.033s] -- Installing: /home/abdelrhaman/microros_ws/install/shape_msgs/include/shape_msgs/shape_msgs/msg/detail/solid_primitive__rosidl_typesupport_introspection_cpp.hpp
[9.033s] -- Installing: /home/abdelrhaman/microros_ws/install/shape_msgs/include/shape_msgs/shape_msgs/msg/detail/mesh_triangle__rosidl_typesupport_introspection_cpp.hpp
[9.033s] -- Installing: /home/abdelrhaman/microros_ws/install/shape_msgs/lib/libshape_msgs__rosidl_typesupport_introspection_cpp.so
[9.034s] -- Set runtime path of "/home/abdelrhaman/microros_ws/install/shape_msgs/lib/libshape_msgs__rosidl_typesupport_introspection_cpp.so" to ""
[9.034s] -- Installing: /home/abdelrhaman/microros_ws/install/shape_msgs/lib/libshape_msgs__rosidl_typesupport_cpp.so
[9.034s] -- Set runtime path of "/home/abdelrhaman/microros_ws/install/shape_msgs/lib/libshape_msgs__rosidl_typesupport_cpp.so" to ""
[9.034s] -- Installing: /home/abdelrhaman/microros_ws/install/shape_msgs/share/shape_msgs/environment/pythonpath.sh
[9.034s] -- Installing: /home/abdelrhaman/microros_ws/install/shape_msgs/share/shape_msgs/environment/pythonpath.dsv
[9.034s] -- Installing: /home/abdelrhaman/microros_ws/install/shape_msgs/local/lib/python3.10/dist-packages/shape_msgs-4.2.4-py3.10.egg-info
[9.034s] -- Installing: /home/abdelrhaman/microros_ws/install/shape_msgs/local/lib/python3.10/dist-packages/shape_msgs-4.2.4-py3.10.egg-info/PKG-INFO
[9.034s] -- Installing: /home/abdelrhaman/microros_ws/install/shape_msgs/local/lib/python3.10/dist-packages/shape_msgs-4.2.4-py3.10.egg-info/SOURCES.txt
[9.034s] -- Installing: /home/abdelrhaman/microros_ws/install/shape_msgs/local/lib/python3.10/dist-packages/shape_msgs-4.2.4-py3.10.egg-info/top_level.txt
[9.034s] -- Installing: /home/abdelrhaman/microros_ws/install/shape_msgs/local/lib/python3.10/dist-packages/shape_msgs-4.2.4-py3.10.egg-info/dependency_links.txt
[9.034s] -- Installing: /home/abdelrhaman/microros_ws/install/shape_msgs/local/lib/python3.10/dist-packages/shape_msgs
[9.034s] -- Installing: /home/abdelrhaman/microros_ws/install/shape_msgs/local/lib/python3.10/dist-packages/shape_msgs/_shape_msgs_s.ep.rosidl_typesupport_fastrtps_c.c
[9.034s] -- Installing: /home/abdelrhaman/microros_ws/install/shape_msgs/local/lib/python3.10/dist-packages/shape_msgs/shape_msgs_s__rosidl_typesupport_introspection_c.cpython-310-x86_64-linux-gnu.so
[9.034s] -- Installing: /home/abdelrhaman/microros_ws/install/shape_msgs/local/lib/python3.10/dist-packages/shape_msgs/_shape_msgs_s.ep.rosidl_typesupport_c.c
[9.034s] -- Installing: /home/abdelrhaman/microros_ws/install/shape_msgs/local/lib/python3.10/dist-packages/shape_msgs/__init__.py
[9.034s] -- Installing: /home/abdelrhaman/microros_ws/install/shape_msgs/local/lib/python3.10/dist-packages/shape_msgs/libshape_msgs__rosidl_generator_py.so
[9.034s] -- Installing: /home/abdelrhaman/microros_ws/install/shape_msgs/local/lib/python3.10/dist-packages/shape_msgs/shape_msgs_s__rosidl_typesupport_fastrtps_c.cpython-310-x86_64-linux-gnu.so
[9.034s] -- Installing: /home/abdelrhaman/microros_ws/install/shape_msgs/local/lib/python3.10/dist-packages/shape_msgs/shape_msgs_s__rosidl_typesupport_c.cpython-310-x86_64-linux-gnu.so
[9.034s] -- Installing: /home/abdelrhaman/microros_ws/install/shape_msgs/local/lib/python3.10/dist-packages/shape_msgs/msg
[9.034s] -- Installing: /home/abdelrhaman/microros_ws/install/shape_msgs/local/lib/python3.10/dist-packages/shape_msgs/msg/_mesh_triangle_s.c
[9.034s] -- Installing: /home/abdelrhaman/microros_ws/install/shape_msgs/local/lib/python3.10/dist-packages/shape_msgs/msg/_mesh_s.c
[9.034s] -- Installing: /home/abdelrhaman/microros_ws/install/shape_msgs/local/lib/python3.10/dist-packages/shape_msgs/msg/_plane_s.c
[9.034s] -- Installing: /home/abdelrhaman/microros_ws/install/shape_msgs/local/lib/python3.10/dist-packages/shape_msgs/msg/_mesh.py
[9.034s] -- Installing: /home/abdelrhaman/microros_ws/install/shape_msgs/local/lib/python3.10/dist-packages/shape_msgs/msg/_plane.py
[9.034s] -- Installing: /home/abdelrhaman/microros_ws/install/shape_msgs/local/lib/python3.10/dist-packages/shape_msgs/msg/__init__.py
[9.034s] -- Installing: /home/abdelrhaman/microros_ws/install/shape_msgs/local/lib/python3.10/dist-packages/shape_msgs/msg/_mesh_triangle.py
[9.034s] -- Installing: /home/abdelrhaman/microros_ws/install/shape_msgs/local/lib/python3.10/dist-packages/shape_msgs/msg/_solid_primitive.py
[9.034s] -- Installing: /home/abdelrhaman/microros_ws/install/shape_msgs/local/lib/python3.10/dist-packages/shape_msgs/msg/_solid_primitive_s.c
[9.034s] -- Installing: /home/abdelrhaman/microros_ws/install/shape_msgs/local/lib/python3.10/dist-packages/shape_msgs/_shape_msgs_s.ep.rosidl_typesupport_introspection_c.c
[9.034s] -- Installing: /home/abdelrhaman/microros_ws/install/shape_msgs/local/lib/python3.10/dist-packages/shape_msgs/_shape_msgs_s.ep.rosidl_typesupport_microxrcedds_c.c
[9.034s] -- Installing: /home/abdelrhaman/microros_ws/install/shape_msgs/local/lib/python3.10/dist-packages/shape_msgs/shape_msgs_s__rosidl_typesupport_microxrcedds_c.cpython-310-x86_64-linux-gnu.so
[9.076s] Listing '/home/abdelrhaman/microros_ws/install/shape_msgs/local/lib/python3.10/dist-packages/shape_msgs'...
[9.076s] Compiling '/home/abdelrhaman/microros_ws/install/shape_msgs/local/lib/python3.10/dist-packages/shape_msgs/__init__.py'...
[9.076s] Listing '/home/abdelrhaman/microros_ws/install/shape_msgs/local/lib/python3.10/dist-packages/shape_msgs/msg'...
[9.077s] Compiling '/home/abdelrhaman/microros_ws/install/shape_msgs/local/lib/python3.10/dist-packages/shape_msgs/msg/__init__.py'...
[9.077s] Compiling '/home/abdelrhaman/microros_ws/install/shape_msgs/local/lib/python3.10/dist-packages/shape_msgs/msg/_mesh.py'...
[9.077s] Compiling '/home/abdelrhaman/microros_ws/install/shape_msgs/local/lib/python3.10/dist-packages/shape_msgs/msg/_mesh_triangle.py'...
[9.077s] Compiling '/home/abdelrhaman/microros_ws/install/shape_msgs/local/lib/python3.10/dist-packages/shape_msgs/msg/_plane.py'...
[9.077s] Compiling '/home/abdelrhaman/microros_ws/install/shape_msgs/local/lib/python3.10/dist-packages/shape_msgs/msg/_solid_primitive.py'...
[9.082s] -- Installing: /home/abdelrhaman/microros_ws/install/shape_msgs/local/lib/python3.10/dist-packages/shape_msgs/shape_msgs_s__rosidl_typesupport_microxrcedds_c.cpython-310-x86_64-linux-gnu.so
[9.082s] -- Set runtime path of "/home/abdelrhaman/microros_ws/install/shape_msgs/local/lib/python3.10/dist-packages/shape_msgs/shape_msgs_s__rosidl_typesupport_microxrcedds_c.cpython-310-x86_64-linux-gnu.so" to ""
[9.083s] -- Installing: /home/abdelrhaman/microros_ws/install/shape_msgs/local/lib/python3.10/dist-packages/shape_msgs/shape_msgs_s__rosidl_typesupport_fastrtps_c.cpython-310-x86_64-linux-gnu.so
[9.083s] -- Set runtime path of "/home/abdelrhaman/microros_ws/install/shape_msgs/local/lib/python3.10/dist-packages/shape_msgs/shape_msgs_s__rosidl_typesupport_fastrtps_c.cpython-310-x86_64-linux-gnu.so" to ""
[9.083s] -- Installing: /home/abdelrhaman/microros_ws/install/shape_msgs/local/lib/python3.10/dist-packages/shape_msgs/shape_msgs_s__rosidl_typesupport_introspection_c.cpython-310-x86_64-linux-gnu.so
[9.083s] -- Set runtime path of "/home/abdelrhaman/microros_ws/install/shape_msgs/local/lib/python3.10/dist-packages/shape_msgs/shape_msgs_s__rosidl_typesupport_introspection_c.cpython-310-x86_64-linux-gnu.so" to ""
[9.083s] -- Installing: /home/abdelrhaman/microros_ws/install/shape_msgs/local/lib/python3.10/dist-packages/shape_msgs/shape_msgs_s__rosidl_typesupport_c.cpython-310-x86_64-linux-gnu.so
[9.084s] -- Set runtime path of "/home/abdelrhaman/microros_ws/install/shape_msgs/local/lib/python3.10/dist-packages/shape_msgs/shape_msgs_s__rosidl_typesupport_c.cpython-310-x86_64-linux-gnu.so" to ""
[9.084s] -- Installing: /home/abdelrhaman/microros_ws/install/shape_msgs/lib/libshape_msgs__rosidl_generator_py.so
[9.084s] -- Set runtime path of "/home/abdelrhaman/microros_ws/install/shape_msgs/lib/libshape_msgs__rosidl_generator_py.so" to ""
[9.084s] -- Installing: /home/abdelrhaman/microros_ws/install/shape_msgs/share/shape_msgs/msg/Mesh.idl
[9.084s] -- Installing: /home/abdelrhaman/microros_ws/install/shape_msgs/share/shape_msgs/msg/MeshTriangle.idl
[9.085s] -- Installing: /home/abdelrhaman/microros_ws/install/shape_msgs/share/shape_msgs/msg/Plane.idl
[9.085s] -- Installing: /home/abdelrhaman/microros_ws/install/shape_msgs/share/shape_msgs/msg/SolidPrimitive.idl
[9.085s] -- Installing: /home/abdelrhaman/microros_ws/install/shape_msgs/share/shape_msgs/msg/Mesh.msg
[9.085s] -- Installing: /home/abdelrhaman/microros_ws/install/shape_msgs/share/shape_msgs/msg/MeshTriangle.msg
[9.085s] -- Installing: /home/abdelrhaman/microros_ws/install/shape_msgs/share/shape_msgs/msg/Plane.msg
[9.085s] -- Installing: /home/abdelrhaman/microros_ws/install/shape_msgs/share/shape_msgs/msg/SolidPrimitive.msg
[9.085s] -- Installing: /home/abdelrhaman/microros_ws/install/shape_msgs/share/ament_index/resource_index/package_run_dependencies/shape_msgs
[9.086s] -- Installing: /home/abdelrhaman/microros_ws/install/shape_msgs/share/ament_index/resource_index/parent_prefix_path/shape_msgs
[9.086s] -- Installing: /home/abdelrhaman/microros_ws/install/shape_msgs/share/shape_msgs/environment/ament_prefix_path.sh
[9.086s] -- Installing: /home/abdelrhaman/microros_ws/install/shape_msgs/share/shape_msgs/environment/ament_prefix_path.dsv
[9.086s] -- Installing: /home/abdelrhaman/microros_ws/install/shape_msgs/share/shape_msgs/environment/path.sh
[9.086s] -- Installing: /home/abdelrhaman/microros_ws/install/shape_msgs/share/shape_msgs/environment/path.dsv
[9.086s] -- Installing: /home/abdelrhaman/microros_ws/install/shape_msgs/share/shape_msgs/local_setup.bash
[9.086s] -- Installing: /home/abdelrhaman/microros_ws/install/shape_msgs/share/shape_msgs/local_setup.sh
[9.086s] -- Installing: /home/abdelrhaman/microros_ws/install/shape_msgs/share/shape_msgs/local_setup.zsh
[9.087s] -- Installing: /home/abdelrhaman/microros_ws/install/shape_msgs/share/shape_msgs/local_setup.dsv
[9.087s] -- Installing: /home/abdelrhaman/microros_ws/install/shape_msgs/share/shape_msgs/package.dsv
[9.087s] -- Installing: /home/abdelrhaman/microros_ws/install/shape_msgs/share/ament_index/resource_index/packages/shape_msgs
[9.087s] -- Installing: /home/abdelrhaman/microros_ws/install/shape_msgs/share/shape_msgs/cmake/export_shape_msgs__rosidl_generator_cExport.cmake
[9.087s] -- Installing: /home/abdelrhaman/microros_ws/install/shape_msgs/share/shape_msgs/cmake/export_shape_msgs__rosidl_generator_cExport-noconfig.cmake
[9.087s] -- Installing: /home/abdelrhaman/microros_ws/install/shape_msgs/share/shape_msgs/cmake/export_shape_msgs__rosidl_typesupport_fastrtps_cExport.cmake
[9.087s] -- Installing: /home/abdelrhaman/microros_ws/install/shape_msgs/share/shape_msgs/cmake/export_shape_msgs__rosidl_typesupport_fastrtps_cExport-noconfig.cmake
[9.088s] -- Installing: /home/abdelrhaman/microros_ws/install/shape_msgs/share/shape_msgs/cmake/export_shape_msgs__rosidl_generator_cppExport.cmake
[9.088s] -- Installing: /home/abdelrhaman/microros_ws/install/shape_msgs/share/shape_msgs/cmake/export_shape_msgs__rosidl_typesupport_fastrtps_cppExport.cmake
[9.088s] -- Installing: /home/abdelrhaman/microros_ws/install/shape_msgs/share/shape_msgs/cmake/export_shape_msgs__rosidl_typesupport_fastrtps_cppExport-noconfig.cmake
[9.088s] -- Installing: /home/abdelrhaman/microros_ws/install/shape_msgs/share/shape_msgs/cmake/shape_msgs__rosidl_typesupport_introspection_cExport.cmake
[9.088s] -- Installing: /home/abdelrhaman/microros_ws/install/shape_msgs/share/shape_msgs/cmake/shape_msgs__rosidl_typesupport_introspection_cExport-noconfig.cmake
[9.088s] -- Installing: /home/abdelrhaman/microros_ws/install/shape_msgs/share/shape_msgs/cmake/shape_msgs__rosidl_typesupport_cExport.cmake
[9.088s] -- Installing: /home/abdelrhaman/microros_ws/install/shape_msgs/share/shape_msgs/cmake/shape_msgs__rosidl_typesupport_cExport-noconfig.cmake
[9.089s] -- Installing: /home/abdelrhaman/microros_ws/install/shape_msgs/share/shape_msgs/cmake/shape_msgs__rosidl_typesupport_introspection_cppExport.cmake
[9.089s] -- Installing: /home/abdelrhaman/microros_ws/install/shape_msgs/share/shape_msgs/cmake/shape_msgs__rosidl_typesupport_introspection_cppExport-noconfig.cmake
[9.089s] -- Installing: /home/abdelrhaman/microros_ws/install/shape_msgs/share/shape_msgs/cmake/shape_msgs__rosidl_typesupport_cppExport.cmake
[9.089s] -- Installing: /home/abdelrhaman/microros_ws/install/shape_msgs/share/shape_msgs/cmake/shape_msgs__rosidl_typesupport_cppExport-noconfig.cmake
[9.089s] -- Installing: /home/abdelrhaman/microros_ws/install/shape_msgs/share/shape_msgs/cmake/export_shape_msgs__rosidl_generator_pyExport.cmake
[9.089s] -- Installing: /home/abdelrhaman/microros_ws/install/shape_msgs/share/shape_msgs/cmake/export_shape_msgs__rosidl_generator_pyExport-noconfig.cmake
[9.089s] -- Installing: /home/abdelrhaman/microros_ws/install/shape_msgs/share/shape_msgs/cmake/rosidl_cmake-extras.cmake
[9.090s] -- Installing: /home/abdelrhaman/microros_ws/install/shape_msgs/share/shape_msgs/cmake/ament_cmake_export_dependencies-extras.cmake
[9.090s] -- Installing: /home/abdelrhaman/microros_ws/install/shape_msgs/share/shape_msgs/cmake/ament_cmake_export_include_directories-extras.cmake
[9.090s] -- Installing: /home/abdelrhaman/microros_ws/install/shape_msgs/share/shape_msgs/cmake/ament_cmake_export_libraries-extras.cmake
[9.090s] -- Installing: /home/abdelrhaman/microros_ws/install/shape_msgs/share/shape_msgs/cmake/ament_cmake_export_targets-extras.cmake
[9.090s] -- Installing: /home/abdelrhaman/microros_ws/install/shape_msgs/share/shape_msgs/cmake/rosidl_cmake_export_typesupport_targets-extras.cmake
[9.090s] -- Installing: /home/abdelrhaman/microros_ws/install/shape_msgs/share/shape_msgs/cmake/rosidl_cmake_export_typesupport_libraries-extras.cmake
[9.090s] -- Installing: /home/abdelrhaman/microros_ws/install/shape_msgs/share/shape_msgs/cmake/shape_msgsConfig.cmake
[9.090s] -- Installing: /home/abdelrhaman/microros_ws/install/shape_msgs/share/shape_msgs/cmake/shape_msgsConfig-version.cmake
[9.091s] -- Installing: /home/abdelrhaman/microros_ws/install/shape_msgs/share/shape_msgs/package.xml
[9.093s] Invoked command in '/home/abdelrhaman/microros_ws/build/shape_msgs' returned '0': AMENT_PREFIX_PATH=/home/abdelrhaman/microros_ws/install/geometry_msgs:/home/abdelrhaman/microros_ws/install/std_msgs:/home/abdelrhaman/microros_ws/install/builtin_interfaces:${AMENT_PREFIX_PATH} CMAKE_PREFIX_PATH=/home/abdelrhaman/microros_ws/install/geometry_msgs:/home/abdelrhaman/microros_ws/install/std_msgs:/home/abdelrhaman/microros_ws/install/builtin_interfaces:/home/abdelrhaman/microros_ws/install/rosidl_typesupport_microxrcedds_cpp:/home/abdelrhaman/microros_ws/install/rosidl_typesupport_microxrcedds_c:/home/abdelrhaman/microros_ws/install/microcdr:/home/abdelrhaman/microros_ws/install/micro_ros_setup:/home/abdelrhaman/ros/install/my_robot_controller:/opt/ros/humble LD_LIBRARY_PATH=/home/abdelrhaman/microros_ws/install/geometry_msgs/lib:/home/abdelrhaman/microros_ws/install/std_msgs/lib:/home/abdelrhaman/microros_ws/install/builtin_interfaces/lib:${LD_LIBRARY_PATH} PYTHONPATH=/home/abdelrhaman/microros_ws/install/geometry_msgs/local/lib/python3.10/dist-packages:/home/abdelrhaman/microros_ws/install/std_msgs/local/lib/python3.10/dist-packages:/home/abdelrhaman/microros_ws/install/builtin_interfaces/local/lib/python3.10/dist-packages:${PYTHONPATH} /usr/bin/cmake --install /home/abdelrhaman/microros_ws/build/shape_msgs
