[0.038s] Invoking command in '/home/abdelrhaman/microros_ws/build/complex_msgs': AMENT_PREFIX_PATH=/home/abdelrhaman/microros_ws/install/builtin_interfaces:${AMENT_PREFIX_PATH} CMAKE_PREFIX_PATH=/home/abdelrhaman/microros_ws/install/builtin_interfaces:/home/abdelrhaman/microros_ws/install/rosidl_typesupport_microxrcedds_cpp:/home/abdelrhaman/microros_ws/install/rosidl_typesupport_microxrcedds_c:/home/abdelrhaman/microros_ws/install/microcdr:/home/abdelrhaman/microros_ws/install/micro_ros_setup:/home/abdelrhaman/ros/install/my_robot_controller:/opt/ros/humble LD_LIBRARY_PATH=/home/abdelrhaman/microros_ws/install/builtin_interfaces/lib:${LD_LIBRARY_PATH} PYTHONPATH=/home/abdelrhaman/microros_ws/install/builtin_interfaces/local/lib/python3.10/dist-packages:${PYTHONPATH} /usr/bin/cmake /home/abdelrhaman/microros_ws/src/uros/micro-ROS-demos/messages/complex_msg -DBUILD_TESTING=OFF -DBUILD_SHARED_LIBS=ON -DCMAKE_INSTALL_PREFIX=/home/abdelrhaman/microros_ws/install/complex_msgs
[0.078s] -- The C compiler identification is GNU 11.4.0
[0.129s] -- The CXX compiler identification is GNU 11.4.0
[0.136s] -- Detecting C compiler ABI info
[0.193s] -- Detecting C compiler ABI info - done
[0.198s] -- Check for working C compiler: /usr/bin/cc - skipped
[0.199s] -- Detecting C compile features
[0.199s] -- Detecting C compile features - done
[0.203s] -- Detecting CXX compiler ABI info
[0.257s] -- Detecting CXX compiler ABI info - done
[0.262s] -- Check for working CXX compiler: /usr/bin/c++ - skipped
[0.263s] -- Detecting CXX compile features
[0.263s] -- Detecting CXX compile features - done
[0.264s] -- Found ament_cmake: 1.3.10 (/opt/ros/humble/share/ament_cmake/cmake)
[0.873s] -- Found Python3: /usr/bin/python3 (found version "3.10.12") found components: Interpreter 
[1.014s] -- Found builtin_interfaces: 1.2.1 (/home/abdelrhaman/microros_ws/install/builtin_interfaces/share/builtin_interfaces/cmake)
[1.051s] -- Found rosidl_generator_c: 3.1.5 (/opt/ros/humble/share/rosidl_generator_c/cmake)
[1.063s] -- Found rosidl_adapter: 3.1.5 (/opt/ros/humble/share/rosidl_adapter/cmake)
[1.075s] -- Found rosidl_generator_cpp: 3.1.5 (/opt/ros/humble/share/rosidl_generator_cpp/cmake)
[1.086s] -- Using all available rosidl_typesupport_c: rosidl_typesupport_microxrcedds_c;rosidl_typesupport_fastrtps_c;rosidl_typesupport_introspection_c
[1.115s] -- Using all available rosidl_typesupport_cpp: rosidl_typesupport_microxrcedds_cpp;rosidl_typesupport_fastrtps_cpp;rosidl_typesupport_introspection_cpp
[1.140s] -- Found rosidl_default_generators: 1.2.0 (/opt/ros/humble/share/rosidl_default_generators/cmake)
[1.389s] -- Found ament_cmake_ros: 0.10.0 (/opt/ros/humble/share/ament_cmake_ros/cmake)
[1.756s] -- Using all available rosidl_typesupport_c: rosidl_typesupport_microxrcedds_c;rosidl_typesupport_fastrtps_c;rosidl_typesupport_introspection_c
[1.935s] -- Using all available rosidl_typesupport_cpp: rosidl_typesupport_microxrcedds_cpp;rosidl_typesupport_fastrtps_cpp;rosidl_typesupport_introspection_cpp
[1.965s] -- Found PythonInterp: /usr/bin/python3 (found suitable version "3.10.12", minimum required is "3.6") 
[1.966s] -- Found python_cmake_module: 0.10.0 (/opt/ros/humble/share/python_cmake_module/cmake)
[1.991s] -- Found PythonLibs: /usr/lib/x86_64-linux-gnu/libpython3.10.so (found suitable version "3.10.12", minimum required is "3.5") 
[1.992s] -- Using PYTHON_EXECUTABLE: /usr/bin/python3
[1.992s] -- Using PYTHON_INCLUDE_DIRS: /usr/include/python3.10
[1.992s] -- Using PYTHON_LIBRARIES: /usr/lib/x86_64-linux-gnu/libpython3.10.so
[2.013s] -- Found PythonExtra: .so  
[2.077s] -- Configuring done
[2.142s] -- Generating done
[2.147s] -- Build files have been written to: /home/abdelrhaman/microros_ws/build/complex_msgs
[2.169s] Invoked command in '/home/abdelrhaman/microros_ws/build/complex_msgs' returned '0': AMENT_PREFIX_PATH=/home/abdelrhaman/microros_ws/install/builtin_interfaces:${AMENT_PREFIX_PATH} CMAKE_PREFIX_PATH=/home/abdelrhaman/microros_ws/install/builtin_interfaces:/home/abdelrhaman/microros_ws/install/rosidl_typesupport_microxrcedds_cpp:/home/abdelrhaman/microros_ws/install/rosidl_typesupport_microxrcedds_c:/home/abdelrhaman/microros_ws/install/microcdr:/home/abdelrhaman/microros_ws/install/micro_ros_setup:/home/abdelrhaman/ros/install/my_robot_controller:/opt/ros/humble LD_LIBRARY_PATH=/home/abdelrhaman/microros_ws/install/builtin_interfaces/lib:${LD_LIBRARY_PATH} PYTHONPATH=/home/abdelrhaman/microros_ws/install/builtin_interfaces/local/lib/python3.10/dist-packages:${PYTHONPATH} /usr/bin/cmake /home/abdelrhaman/microros_ws/src/uros/micro-ROS-demos/messages/complex_msg -DBUILD_TESTING=OFF -DBUILD_SHARED_LIBS=ON -DCMAKE_INSTALL_PREFIX=/home/abdelrhaman/microros_ws/install/complex_msgs
[2.170s] Invoking command in '/home/abdelrhaman/microros_ws/build/complex_msgs': AMENT_PREFIX_PATH=/home/abdelrhaman/microros_ws/install/builtin_interfaces:${AMENT_PREFIX_PATH} CMAKE_PREFIX_PATH=/home/abdelrhaman/microros_ws/install/builtin_interfaces:/home/abdelrhaman/microros_ws/install/rosidl_typesupport_microxrcedds_cpp:/home/abdelrhaman/microros_ws/install/rosidl_typesupport_microxrcedds_c:/home/abdelrhaman/microros_ws/install/microcdr:/home/abdelrhaman/microros_ws/install/micro_ros_setup:/home/abdelrhaman/ros/install/my_robot_controller:/opt/ros/humble LD_LIBRARY_PATH=/home/abdelrhaman/microros_ws/install/builtin_interfaces/lib:${LD_LIBRARY_PATH} PYTHONPATH=/home/abdelrhaman/microros_ws/install/builtin_interfaces/local/lib/python3.10/dist-packages:${PYTHONPATH} /usr/bin/cmake --build /home/abdelrhaman/microros_ws/build/complex_msgs -- -j20 -l20
[2.231s] [  2%] [34m[1mGenerating C code for ROS interfaces[0m
[2.255s] [  4%] [34m[1mGenerating C++ code for ROS interfaces[0m
[2.271s] [  4%] Built target ament_cmake_python_copy_complex_msgs
[2.888s] [  4%] Built target complex_msgs__cpp
[2.905s] [  6%] [34m[1mGenerating C++ type support dispatch for ROS interfaces[0m
[2.915s] [  8%] [34m[1mGenerating C++ type support for eProsima Micro XRCE-DDS[0m
[2.918s] [ 10%] [34m[1mGenerating C++ type support for eProsima Fast-RTPS[0m
[2.919s] [ 12%] [34m[1mGenerating C++ introspection for ROS interfaces[0m
[3.026s] [ 14%] [32mBuilding C object CMakeFiles/complex_msgs__rosidl_generator_c.dir/rosidl_generator_c/complex_msgs/msg/detail/nested_msg_test__functions.c.o[0m
[3.092s] [ 16%] [32mBuilding C object CMakeFiles/complex_msgs__rosidl_generator_c.dir/rosidl_generator_c/complex_msgs/msg/detail/multi_string_test__functions.c.o[0m
[3.215s] running egg_info
[3.216s] creating complex_msgs.egg-info
[3.226s] [ 18%] [32m[1mLinking C shared library libcomplex_msgs__rosidl_generator_c.so[0m
[3.294s] writing complex_msgs.egg-info/PKG-INFO
[3.354s] [ 18%] Built target complex_msgs__rosidl_generator_c
[3.389s] writing dependency_links to complex_msgs.egg-info/dependency_links.txt
[3.392s] [ 22%] [34m[1mGenerating C introspection for ROS interfaces[0m
[3.392s] [ 22%] [34m[1mGenerating C type support dispatch for ROS interfaces[0m
[3.392s] [ 24%] [34m[1mGenerating C type support for eProsima Fast-RTPS[0m
[3.408s] [ 26%] [34m[1mGenerating C type support for eProsima Micro XRCE-DDS[0m
[3.708s] [ 28%] [32mBuilding CXX object CMakeFiles/complex_msgs__rosidl_typesupport_cpp.dir/rosidl_typesupport_cpp/complex_msgs/msg/nested_msg_test__type_support.cpp.o[0m
[3.746s] [ 30%] [32mBuilding CXX object CMakeFiles/complex_msgs__rosidl_typesupport_cpp.dir/rosidl_typesupport_cpp/complex_msgs/msg/multi_string_test__type_support.cpp.o[0m
[3.753s] [ 32%] [32mBuilding CXX object CMakeFiles/complex_msgs__rosidl_typesupport_fastrtps_cpp.dir/rosidl_typesupport_fastrtps_cpp/complex_msgs/msg/detail/dds_fastrtps/multi_string_test__type_support.cpp.o[0m
[3.772s] [ 34%] [32mBuilding CXX object CMakeFiles/complex_msgs__rosidl_typesupport_fastrtps_cpp.dir/rosidl_typesupport_fastrtps_cpp/complex_msgs/msg/detail/dds_fastrtps/nested_msg_test__type_support.cpp.o[0m
[4.051s] [ 36%] [32mBuilding CXX object CMakeFiles/complex_msgs__rosidl_typesupport_c.dir/rosidl_typesupport_c/complex_msgs/msg/nested_msg_test__type_support.cpp.o[0m
[4.089s] [ 38%] [32mBuilding CXX object CMakeFiles/complex_msgs__rosidl_typesupport_c.dir/rosidl_typesupport_c/complex_msgs/msg/multi_string_test__type_support.cpp.o[0m
[4.172s] [ 40%] [32mBuilding CXX object CMakeFiles/complex_msgs__rosidl_typesupport_introspection_cpp.dir/rosidl_typesupport_introspection_cpp/complex_msgs/msg/detail/multi_string_test__type_support.cpp.o[0m
[4.177s] [ 42%] [32mBuilding CXX object CMakeFiles/complex_msgs__rosidl_typesupport_microxrcedds_cpp.dir/rosidl_typesupport_microxrcedds_cpp/complex_msgs/msg/detail/microxrcedds/multi_string_test__type_support_cpp.cpp.o[0m
[4.183s] [ 44%] [32mBuilding CXX object CMakeFiles/complex_msgs__rosidl_typesupport_introspection_cpp.dir/rosidl_typesupport_introspection_cpp/complex_msgs/msg/detail/nested_msg_test__type_support.cpp.o[0m
[4.201s] [ 46%] [32m[1mLinking CXX shared library libcomplex_msgs__rosidl_typesupport_c.so[0m
[4.217s] [ 48%] [32mBuilding CXX object CMakeFiles/complex_msgs__rosidl_typesupport_microxrcedds_cpp.dir/rosidl_typesupport_microxrcedds_cpp/complex_msgs/msg/detail/microxrcedds/nested_msg_test__type_support_cpp.cpp.o[0m
[4.405s] [ 51%] [32mBuilding CXX object CMakeFiles/complex_msgs__rosidl_typesupport_fastrtps_c.dir/rosidl_typesupport_fastrtps_c/complex_msgs/msg/detail/nested_msg_test__type_support_c.cpp.o[0m
[4.410s] [ 51%] Built target complex_msgs__rosidl_typesupport_c
[4.418s] [ 53%] [32mBuilding CXX object CMakeFiles/complex_msgs__rosidl_typesupport_fastrtps_c.dir/rosidl_typesupport_fastrtps_c/complex_msgs/msg/detail/multi_string_test__type_support_c.cpp.o[0m
[4.517s] [ 55%] [32mBuilding C object CMakeFiles/complex_msgs__rosidl_typesupport_introspection_c.dir/rosidl_typesupport_introspection_c/complex_msgs/msg/detail/multi_string_test__type_support.c.o[0m
[4.536s] [ 57%] [32mBuilding C object CMakeFiles/complex_msgs__rosidl_typesupport_introspection_c.dir/rosidl_typesupport_introspection_c/complex_msgs/msg/detail/nested_msg_test__type_support.c.o[0m
[4.559s] [ 59%] [32mBuilding C object CMakeFiles/complex_msgs__rosidl_typesupport_microxrcedds_c.dir/rosidl_typesupport_microxrcedds_c/complex_msgs/msg/detail/microxrcedds/multi_string_test__type_support_c.c.o[0m
[4.608s] [ 61%] [32mBuilding C object CMakeFiles/complex_msgs__rosidl_typesupport_microxrcedds_c.dir/rosidl_typesupport_microxrcedds_c/complex_msgs/msg/detail/microxrcedds/nested_msg_test__type_support_c.c.o[0m
[4.639s] [ 63%] [32m[1mLinking C shared library libcomplex_msgs__rosidl_typesupport_introspection_c.so[0m
[4.722s] [ 63%] Built target complex_msgs__rosidl_typesupport_introspection_c
[4.863s] [ 65%] [32m[1mLinking C shared library libcomplex_msgs__rosidl_typesupport_microxrcedds_c.so[0m
[4.910s] writing top-level names to complex_msgs.egg-info/top_level.txt
[4.914s] writing manifest file 'complex_msgs.egg-info/SOURCES.txt'
[4.965s] [ 67%] [32m[1mLinking CXX shared library libcomplex_msgs__rosidl_typesupport_fastrtps_cpp.so[0m
[5.000s] [ 67%] Built target complex_msgs__rosidl_typesupport_microxrcedds_c
[5.148s] [ 69%] [32m[1mLinking CXX shared library libcomplex_msgs__rosidl_typesupport_cpp.so[0m
[5.154s] reading manifest file 'complex_msgs.egg-info/SOURCES.txt'
[5.154s] writing manifest file 'complex_msgs.egg-info/SOURCES.txt'
[5.213s] [ 69%] Built target complex_msgs__rosidl_typesupport_fastrtps_cpp
[5.272s] [ 69%] Built target complex_msgs__rosidl_typesupport_cpp
[5.311s] [ 69%] Built target ament_cmake_python_build_complex_msgs_egg
[5.684s] [ 71%] [32m[1mLinking CXX shared library libcomplex_msgs__rosidl_typesupport_microxrcedds_cpp.so[0m
[5.707s] [ 73%] [32m[1mLinking CXX shared library libcomplex_msgs__rosidl_typesupport_fastrtps_c.so[0m
[6.053s] [ 73%] Built target complex_msgs__rosidl_typesupport_fastrtps_c
[6.057s] [ 73%] Built target complex_msgs__rosidl_typesupport_microxrcedds_cpp
[6.214s] [ 75%] [32m[1mLinking CXX shared library libcomplex_msgs__rosidl_typesupport_introspection_cpp.so[0m
[6.580s] [ 75%] Built target complex_msgs__rosidl_typesupport_introspection_cpp
[6.624s] [ 75%] Built target complex_msgs
[6.674s] [ 77%] [34m[1mGenerating Python code for ROS interfaces[0m
[7.554s] [ 77%] Built target complex_msgs__py
[7.571s] [ 79%] [32mBuilding C object CMakeFiles/complex_msgs__rosidl_generator_py.dir/rosidl_generator_py/complex_msgs/msg/_multi_string_test_s.c.o[0m
[7.575s] [ 81%] [32mBuilding C object CMakeFiles/complex_msgs__rosidl_generator_py.dir/rosidl_generator_py/complex_msgs/msg/_nested_msg_test_s.c.o[0m
[7.708s] [ 83%] [32m[1mLinking C shared library rosidl_generator_py/complex_msgs/libcomplex_msgs__rosidl_generator_py.so[0m
[7.753s] [ 83%] Built target complex_msgs__rosidl_generator_py
[7.769s] [ 85%] [32mBuilding C object CMakeFiles/complex_msgs__rosidl_typesupport_microxrcedds_c__pyext.dir/rosidl_generator_py/complex_msgs/_complex_msgs_s.ep.rosidl_typesupport_microxrcedds_c.c.o[0m
[7.771s] [ 87%] [32mBuilding C object CMakeFiles/complex_msgs__rosidl_typesupport_introspection_c__pyext.dir/rosidl_generator_py/complex_msgs/_complex_msgs_s.ep.rosidl_typesupport_introspection_c.c.o[0m
[7.771s] [ 89%] [32mBuilding C object CMakeFiles/complex_msgs__rosidl_typesupport_fastrtps_c__pyext.dir/rosidl_generator_py/complex_msgs/_complex_msgs_s.ep.rosidl_typesupport_fastrtps_c.c.o[0m
[7.771s] [ 91%] [32mBuilding C object CMakeFiles/complex_msgs__rosidl_typesupport_c__pyext.dir/rosidl_generator_py/complex_msgs/_complex_msgs_s.ep.rosidl_typesupport_c.c.o[0m
[7.917s] [ 93%] [32m[1mLinking C shared library rosidl_generator_py/complex_msgs/complex_msgs_s__rosidl_typesupport_microxrcedds_c.cpython-310-x86_64-linux-gnu.so[0m
[7.921s] [ 95%] [32m[1mLinking C shared library rosidl_generator_py/complex_msgs/complex_msgs_s__rosidl_typesupport_introspection_c.cpython-310-x86_64-linux-gnu.so[0m
[7.933s] [ 97%] [32m[1mLinking C shared library rosidl_generator_py/complex_msgs/complex_msgs_s__rosidl_typesupport_fastrtps_c.cpython-310-x86_64-linux-gnu.so[0m
[7.950s] [100%] [32m[1mLinking C shared library rosidl_generator_py/complex_msgs/complex_msgs_s__rosidl_typesupport_c.cpython-310-x86_64-linux-gnu.so[0m
[7.974s] [100%] Built target complex_msgs__rosidl_typesupport_introspection_c__pyext
[7.985s] [100%] Built target complex_msgs__rosidl_typesupport_microxrcedds_c__pyext
[7.987s] [100%] Built target complex_msgs__rosidl_typesupport_fastrtps_c__pyext
[7.990s] [100%] Built target complex_msgs__rosidl_typesupport_c__pyext
[8.004s] Invoked command in '/home/abdelrhaman/microros_ws/build/complex_msgs' returned '0': AMENT_PREFIX_PATH=/home/abdelrhaman/microros_ws/install/builtin_interfaces:${AMENT_PREFIX_PATH} CMAKE_PREFIX_PATH=/home/abdelrhaman/microros_ws/install/builtin_interfaces:/home/abdelrhaman/microros_ws/install/rosidl_typesupport_microxrcedds_cpp:/home/abdelrhaman/microros_ws/install/rosidl_typesupport_microxrcedds_c:/home/abdelrhaman/microros_ws/install/microcdr:/home/abdelrhaman/microros_ws/install/micro_ros_setup:/home/abdelrhaman/ros/install/my_robot_controller:/opt/ros/humble LD_LIBRARY_PATH=/home/abdelrhaman/microros_ws/install/builtin_interfaces/lib:${LD_LIBRARY_PATH} PYTHONPATH=/home/abdelrhaman/microros_ws/install/builtin_interfaces/local/lib/python3.10/dist-packages:${PYTHONPATH} /usr/bin/cmake --build /home/abdelrhaman/microros_ws/build/complex_msgs -- -j20 -l20
[8.095s] Invoking command in '/home/abdelrhaman/microros_ws/build/complex_msgs': AMENT_PREFIX_PATH=/home/abdelrhaman/microros_ws/install/builtin_interfaces:${AMENT_PREFIX_PATH} CMAKE_PREFIX_PATH=/home/abdelrhaman/microros_ws/install/builtin_interfaces:/home/abdelrhaman/microros_ws/install/rosidl_typesupport_microxrcedds_cpp:/home/abdelrhaman/microros_ws/install/rosidl_typesupport_microxrcedds_c:/home/abdelrhaman/microros_ws/install/microcdr:/home/abdelrhaman/microros_ws/install/micro_ros_setup:/home/abdelrhaman/ros/install/my_robot_controller:/opt/ros/humble LD_LIBRARY_PATH=/home/abdelrhaman/microros_ws/install/builtin_interfaces/lib:${LD_LIBRARY_PATH} PYTHONPATH=/home/abdelrhaman/microros_ws/install/builtin_interfaces/local/lib/python3.10/dist-packages:${PYTHONPATH} /usr/bin/cmake --install /home/abdelrhaman/microros_ws/build/complex_msgs
[8.108s] -- Install configuration: ""
[8.108s] -- Installing: /home/abdelrhaman/microros_ws/install/complex_msgs/share/ament_index/resource_index/rosidl_interfaces/complex_msgs
[8.108s] -- Installing: /home/abdelrhaman/microros_ws/install/complex_msgs/include/complex_msgs/complex_msgs
[8.108s] -- Installing: /home/abdelrhaman/microros_ws/install/complex_msgs/include/complex_msgs/complex_msgs/msg
[8.108s] -- Installing: /home/abdelrhaman/microros_ws/install/complex_msgs/include/complex_msgs/complex_msgs/msg/rosidl_generator_c__visibility_control.h
[8.108s] -- Installing: /home/abdelrhaman/microros_ws/install/complex_msgs/include/complex_msgs/complex_msgs/msg/detail
[8.109s] -- Installing: /home/abdelrhaman/microros_ws/install/complex_msgs/include/complex_msgs/complex_msgs/msg/detail/multi_string_test__functions.h
[8.109s] -- Installing: /home/abdelrhaman/microros_ws/install/complex_msgs/include/complex_msgs/complex_msgs/msg/detail/multi_string_test__type_support.h
[8.109s] -- Installing: /home/abdelrhaman/microros_ws/install/complex_msgs/include/complex_msgs/complex_msgs/msg/detail/nested_msg_test__functions.c
[8.109s] -- Installing: /home/abdelrhaman/microros_ws/install/complex_msgs/include/complex_msgs/complex_msgs/msg/detail/nested_msg_test__functions.h
[8.109s] -- Installing: /home/abdelrhaman/microros_ws/install/complex_msgs/include/complex_msgs/complex_msgs/msg/detail/nested_msg_test__struct.h
[8.109s] -- Installing: /home/abdelrhaman/microros_ws/install/complex_msgs/include/complex_msgs/complex_msgs/msg/detail/multi_string_test__struct.h
[8.109s] -- Installing: /home/abdelrhaman/microros_ws/install/complex_msgs/include/complex_msgs/complex_msgs/msg/detail/multi_string_test__functions.c
[8.109s] -- Installing: /home/abdelrhaman/microros_ws/install/complex_msgs/include/complex_msgs/complex_msgs/msg/detail/nested_msg_test__type_support.h
[8.109s] -- Installing: /home/abdelrhaman/microros_ws/install/complex_msgs/include/complex_msgs/complex_msgs/msg/multi_string_test.h
[8.109s] -- Installing: /home/abdelrhaman/microros_ws/install/complex_msgs/include/complex_msgs/complex_msgs/msg/nested_msg_test.h
[8.109s] -- Installing: /home/abdelrhaman/microros_ws/install/complex_msgs/share/complex_msgs/environment/library_path.sh
[8.109s] -- Installing: /home/abdelrhaman/microros_ws/install/complex_msgs/share/complex_msgs/environment/library_path.dsv
[8.109s] -- Installing: /home/abdelrhaman/microros_ws/install/complex_msgs/lib/libcomplex_msgs__rosidl_generator_c.so
[8.109s] -- Set runtime path of "/home/abdelrhaman/microros_ws/install/complex_msgs/lib/libcomplex_msgs__rosidl_generator_c.so" to ""
[8.109s] -- Up-to-date: /home/abdelrhaman/microros_ws/install/complex_msgs/include/complex_msgs/complex_msgs
[8.110s] -- Up-to-date: /home/abdelrhaman/microros_ws/install/complex_msgs/include/complex_msgs/complex_msgs/msg
[8.110s] -- Up-to-date: /home/abdelrhaman/microros_ws/install/complex_msgs/include/complex_msgs/complex_msgs/msg/detail
[8.110s] -- Installing: /home/abdelrhaman/microros_ws/install/complex_msgs/include/complex_msgs/complex_msgs/msg/detail/multi_string_test__rosidl_typesupport_fastrtps_c.h
[8.110s] -- Installing: /home/abdelrhaman/microros_ws/install/complex_msgs/include/complex_msgs/complex_msgs/msg/detail/nested_msg_test__rosidl_typesupport_fastrtps_c.h
[8.110s] -- Installing: /home/abdelrhaman/microros_ws/install/complex_msgs/include/complex_msgs/complex_msgs/msg/rosidl_typesupport_fastrtps_c__visibility_control.h
[8.110s] -- Installing: /home/abdelrhaman/microros_ws/install/complex_msgs/lib/libcomplex_msgs__rosidl_typesupport_fastrtps_c.so
[8.110s] -- Set runtime path of "/home/abdelrhaman/microros_ws/install/complex_msgs/lib/libcomplex_msgs__rosidl_typesupport_fastrtps_c.so" to ""
[8.110s] -- Up-to-date: /home/abdelrhaman/microros_ws/install/complex_msgs/include/complex_msgs/complex_msgs
[8.110s] -- Up-to-date: /home/abdelrhaman/microros_ws/install/complex_msgs/include/complex_msgs/complex_msgs/msg
[8.110s] -- Up-to-date: /home/abdelrhaman/microros_ws/install/complex_msgs/include/complex_msgs/complex_msgs/msg/detail
[8.110s] -- Installing: /home/abdelrhaman/microros_ws/install/complex_msgs/include/complex_msgs/complex_msgs/msg/detail/nested_msg_test__traits.hpp
[8.110s] -- Installing: /home/abdelrhaman/microros_ws/install/complex_msgs/include/complex_msgs/complex_msgs/msg/detail/multi_string_test__struct.hpp
[8.110s] -- Installing: /home/abdelrhaman/microros_ws/install/complex_msgs/include/complex_msgs/complex_msgs/msg/detail/nested_msg_test__builder.hpp
[8.110s] -- Installing: /home/abdelrhaman/microros_ws/install/complex_msgs/include/complex_msgs/complex_msgs/msg/detail/multi_string_test__traits.hpp
[8.110s] -- Installing: /home/abdelrhaman/microros_ws/install/complex_msgs/include/complex_msgs/complex_msgs/msg/detail/nested_msg_test__struct.hpp
[8.110s] -- Installing: /home/abdelrhaman/microros_ws/install/complex_msgs/include/complex_msgs/complex_msgs/msg/detail/multi_string_test__builder.hpp
[8.111s] -- Installing: /home/abdelrhaman/microros_ws/install/complex_msgs/include/complex_msgs/complex_msgs/msg/multi_string_test.hpp
[8.111s] -- Installing: /home/abdelrhaman/microros_ws/install/complex_msgs/include/complex_msgs/complex_msgs/msg/nested_msg_test.hpp
[8.111s] -- Up-to-date: /home/abdelrhaman/microros_ws/install/complex_msgs/include/complex_msgs/complex_msgs
[8.111s] -- Up-to-date: /home/abdelrhaman/microros_ws/install/complex_msgs/include/complex_msgs/complex_msgs/msg
[8.111s] -- Up-to-date: /home/abdelrhaman/microros_ws/install/complex_msgs/include/complex_msgs/complex_msgs/msg/detail
[8.111s] -- Installing: /home/abdelrhaman/microros_ws/install/complex_msgs/include/complex_msgs/complex_msgs/msg/detail/nested_msg_test__rosidl_typesupport_fastrtps_cpp.hpp
[8.111s] -- Installing: /home/abdelrhaman/microros_ws/install/complex_msgs/include/complex_msgs/complex_msgs/msg/detail/multi_string_test__rosidl_typesupport_fastrtps_cpp.hpp
[8.113s] -- Installing: /home/abdelrhaman/microros_ws/install/complex_msgs/include/complex_msgs/complex_msgs/msg/detail/dds_fastrtps
[8.114s] -- Installing: /home/abdelrhaman/microros_ws/install/complex_msgs/include/complex_msgs/complex_msgs/msg/rosidl_typesupport_fastrtps_cpp__visibility_control.h
[8.114s] -- Installing: /home/abdelrhaman/microros_ws/install/complex_msgs/lib/libcomplex_msgs__rosidl_typesupport_fastrtps_cpp.so
[8.114s] -- Set runtime path of "/home/abdelrhaman/microros_ws/install/complex_msgs/lib/libcomplex_msgs__rosidl_typesupport_fastrtps_cpp.so" to ""
[8.114s] -- Up-to-date: /home/abdelrhaman/microros_ws/install/complex_msgs/include/complex_msgs
[8.114s] -- Installing: /home/abdelrhaman/microros_ws/install/complex_msgs/include/complex_msgs/msg
[8.114s] -- Installing: /home/abdelrhaman/microros_ws/install/complex_msgs/include/complex_msgs/msg/detail
[8.114s] -- Installing: /home/abdelrhaman/microros_ws/install/complex_msgs/include/complex_msgs/msg/detail/multi_string_test__rosidl_typesupport_microxrcedds_c.h
[8.114s] -- Installing: /home/abdelrhaman/microros_ws/install/complex_msgs/include/complex_msgs/msg/detail/nested_msg_test__rosidl_typesupport_microxrcedds_c.h
[8.114s] -- Installing: /home/abdelrhaman/microros_ws/install/complex_msgs/include/complex_msgs/msg/detail/microxrcedds
[8.114s] -- Installing: /home/abdelrhaman/microros_ws/install/complex_msgs/include/complex_msgs/msg/rosidl_typesupport_microxrcedds_c__visibility_control.h
[8.114s] -- Installing: /home/abdelrhaman/microros_ws/install/complex_msgs/lib/libcomplex_msgs__rosidl_typesupport_microxrcedds_c.so
[8.114s] -- Set runtime path of "/home/abdelrhaman/microros_ws/install/complex_msgs/lib/libcomplex_msgs__rosidl_typesupport_microxrcedds_c.so" to ""
[8.114s] -- Up-to-date: /home/abdelrhaman/microros_ws/install/complex_msgs/include/complex_msgs/complex_msgs
[8.114s] -- Up-to-date: /home/abdelrhaman/microros_ws/install/complex_msgs/include/complex_msgs/complex_msgs/msg
[8.114s] -- Installing: /home/abdelrhaman/microros_ws/install/complex_msgs/include/complex_msgs/complex_msgs/msg/rosidl_typesupport_introspection_c__visibility_control.h
[8.114s] -- Up-to-date: /home/abdelrhaman/microros_ws/install/complex_msgs/include/complex_msgs/complex_msgs/msg/detail
[8.114s] -- Installing: /home/abdelrhaman/microros_ws/install/complex_msgs/include/complex_msgs/complex_msgs/msg/detail/multi_string_test__rosidl_typesupport_introspection_c.h
[8.115s] -- Installing: /home/abdelrhaman/microros_ws/install/complex_msgs/include/complex_msgs/complex_msgs/msg/detail/multi_string_test__type_support.c
[8.115s] -- Installing: /home/abdelrhaman/microros_ws/install/complex_msgs/include/complex_msgs/complex_msgs/msg/detail/nested_msg_test__rosidl_typesupport_introspection_c.h
[8.115s] -- Installing: /home/abdelrhaman/microros_ws/install/complex_msgs/include/complex_msgs/complex_msgs/msg/detail/nested_msg_test__type_support.c
[8.115s] -- Installing: /home/abdelrhaman/microros_ws/install/complex_msgs/lib/libcomplex_msgs__rosidl_typesupport_introspection_c.so
[8.115s] -- Set runtime path of "/home/abdelrhaman/microros_ws/install/complex_msgs/lib/libcomplex_msgs__rosidl_typesupport_introspection_c.so" to ""
[8.115s] -- Installing: /home/abdelrhaman/microros_ws/install/complex_msgs/lib/libcomplex_msgs__rosidl_typesupport_c.so
[8.115s] -- Set runtime path of "/home/abdelrhaman/microros_ws/install/complex_msgs/lib/libcomplex_msgs__rosidl_typesupport_c.so" to ""
[8.115s] -- Up-to-date: /home/abdelrhaman/microros_ws/install/complex_msgs/include/complex_msgs
[8.115s] -- Up-to-date: /home/abdelrhaman/microros_ws/install/complex_msgs/include/complex_msgs/msg
[8.115s] -- Up-to-date: /home/abdelrhaman/microros_ws/install/complex_msgs/include/complex_msgs/msg/detail
[8.115s] -- Installing: /home/abdelrhaman/microros_ws/install/complex_msgs/include/complex_msgs/msg/detail/multi_string_test__rosidl_typesupport_microxrcedds_cpp.hpp
[8.115s] -- Installing: /home/abdelrhaman/microros_ws/install/complex_msgs/include/complex_msgs/msg/detail/nested_msg_test__rosidl_typesupport_microxrcedds_cpp.hpp
[8.115s] -- Up-to-date: /home/abdelrhaman/microros_ws/install/complex_msgs/include/complex_msgs/msg/detail/microxrcedds
[8.115s] -- Installing: /home/abdelrhaman/microros_ws/install/complex_msgs/include/complex_msgs/msg/detail/microxrcedds/multi_string_test__type_support_cpp.cpp
[8.115s] -- Installing: /home/abdelrhaman/microros_ws/install/complex_msgs/include/complex_msgs/msg/detail/microxrcedds/nested_msg_test__type_support_cpp.cpp
[8.115s] -- Installing: /home/abdelrhaman/microros_ws/install/complex_msgs/include/complex_msgs/msg/rosidl_typesupport_microxrcedds_cpp__visibility_control.h
[8.115s] -- Installing: /home/abdelrhaman/microros_ws/install/complex_msgs/lib/libcomplex_msgs__rosidl_typesupport_microxrcedds_cpp.so
[8.115s] -- Set runtime path of "/home/abdelrhaman/microros_ws/install/complex_msgs/lib/libcomplex_msgs__rosidl_typesupport_microxrcedds_cpp.so" to ""
[8.115s] -- Up-to-date: /home/abdelrhaman/microros_ws/install/complex_msgs/include/complex_msgs/complex_msgs
[8.116s] -- Up-to-date: /home/abdelrhaman/microros_ws/install/complex_msgs/include/complex_msgs/complex_msgs/msg
[8.116s] -- Up-to-date: /home/abdelrhaman/microros_ws/install/complex_msgs/include/complex_msgs/complex_msgs/msg/detail
[8.116s] -- Installing: /home/abdelrhaman/microros_ws/install/complex_msgs/include/complex_msgs/complex_msgs/msg/detail/nested_msg_test__rosidl_typesupport_introspection_cpp.hpp
[8.116s] -- Installing: /home/abdelrhaman/microros_ws/install/complex_msgs/include/complex_msgs/complex_msgs/msg/detail/multi_string_test__type_support.cpp
[8.116s] -- Installing: /home/abdelrhaman/microros_ws/install/complex_msgs/include/complex_msgs/complex_msgs/msg/detail/multi_string_test__rosidl_typesupport_introspection_cpp.hpp
[8.116s] -- Installing: /home/abdelrhaman/microros_ws/install/complex_msgs/include/complex_msgs/complex_msgs/msg/detail/nested_msg_test__type_support.cpp
[8.116s] -- Installing: /home/abdelrhaman/microros_ws/install/complex_msgs/lib/libcomplex_msgs__rosidl_typesupport_introspection_cpp.so
[8.116s] -- Set runtime path of "/home/abdelrhaman/microros_ws/install/complex_msgs/lib/libcomplex_msgs__rosidl_typesupport_introspection_cpp.so" to ""
[8.116s] -- Installing: /home/abdelrhaman/microros_ws/install/complex_msgs/lib/libcomplex_msgs__rosidl_typesupport_cpp.so
[8.116s] -- Set runtime path of "/home/abdelrhaman/microros_ws/install/complex_msgs/lib/libcomplex_msgs__rosidl_typesupport_cpp.so" to ""
[8.116s] -- Installing: /home/abdelrhaman/microros_ws/install/complex_msgs/share/complex_msgs/environment/pythonpath.sh
[8.116s] -- Installing: /home/abdelrhaman/microros_ws/install/complex_msgs/share/complex_msgs/environment/pythonpath.dsv
[8.116s] -- Installing: /home/abdelrhaman/microros_ws/install/complex_msgs/local/lib/python3.10/dist-packages/complex_msgs-3.0.2-py3.10.egg-info
[8.116s] -- Installing: /home/abdelrhaman/microros_ws/install/complex_msgs/local/lib/python3.10/dist-packages/complex_msgs-3.0.2-py3.10.egg-info/PKG-INFO
[8.116s] -- Installing: /home/abdelrhaman/microros_ws/install/complex_msgs/local/lib/python3.10/dist-packages/complex_msgs-3.0.2-py3.10.egg-info/SOURCES.txt
[8.116s] -- Installing: /home/abdelrhaman/microros_ws/install/complex_msgs/local/lib/python3.10/dist-packages/complex_msgs-3.0.2-py3.10.egg-info/top_level.txt
[8.116s] -- Installing: /home/abdelrhaman/microros_ws/install/complex_msgs/local/lib/python3.10/dist-packages/complex_msgs-3.0.2-py3.10.egg-info/dependency_links.txt
[8.117s] -- Installing: /home/abdelrhaman/microros_ws/install/complex_msgs/local/lib/python3.10/dist-packages/complex_msgs
[8.117s] -- Installing: /home/abdelrhaman/microros_ws/install/complex_msgs/local/lib/python3.10/dist-packages/complex_msgs/_complex_msgs_s.ep.rosidl_typesupport_microxrcedds_c.c
[8.117s] -- Installing: /home/abdelrhaman/microros_ws/install/complex_msgs/local/lib/python3.10/dist-packages/complex_msgs/_complex_msgs_s.ep.rosidl_typesupport_fastrtps_c.c
[8.117s] -- Installing: /home/abdelrhaman/microros_ws/install/complex_msgs/local/lib/python3.10/dist-packages/complex_msgs/_complex_msgs_s.ep.rosidl_typesupport_c.c
[8.117s] -- Installing: /home/abdelrhaman/microros_ws/install/complex_msgs/local/lib/python3.10/dist-packages/complex_msgs/complex_msgs_s__rosidl_typesupport_microxrcedds_c.cpython-310-x86_64-linux-gnu.so
[8.117s] -- Installing: /home/abdelrhaman/microros_ws/install/complex_msgs/local/lib/python3.10/dist-packages/complex_msgs/_complex_msgs_s.ep.rosidl_typesupport_introspection_c.c
[8.117s] -- Installing: /home/abdelrhaman/microros_ws/install/complex_msgs/local/lib/python3.10/dist-packages/complex_msgs/__init__.py
[8.117s] -- Installing: /home/abdelrhaman/microros_ws/install/complex_msgs/local/lib/python3.10/dist-packages/complex_msgs/libcomplex_msgs__rosidl_generator_py.so
[8.117s] -- Installing: /home/abdelrhaman/microros_ws/install/complex_msgs/local/lib/python3.10/dist-packages/complex_msgs/msg
[8.117s] -- Installing: /home/abdelrhaman/microros_ws/install/complex_msgs/local/lib/python3.10/dist-packages/complex_msgs/msg/_nested_msg_test.py
[8.117s] -- Installing: /home/abdelrhaman/microros_ws/install/complex_msgs/local/lib/python3.10/dist-packages/complex_msgs/msg/_multi_string_test.py
[8.117s] -- Installing: /home/abdelrhaman/microros_ws/install/complex_msgs/local/lib/python3.10/dist-packages/complex_msgs/msg/_nested_msg_test_s.c
[8.117s] -- Installing: /home/abdelrhaman/microros_ws/install/complex_msgs/local/lib/python3.10/dist-packages/complex_msgs/msg/__init__.py
[8.118s] -- Installing: /home/abdelrhaman/microros_ws/install/complex_msgs/local/lib/python3.10/dist-packages/complex_msgs/msg/_multi_string_test_s.c
[8.118s] -- Installing: /home/abdelrhaman/microros_ws/install/complex_msgs/local/lib/python3.10/dist-packages/complex_msgs/complex_msgs_s__rosidl_typesupport_introspection_c.cpython-310-x86_64-linux-gnu.so
[8.118s] -- Installing: /home/abdelrhaman/microros_ws/install/complex_msgs/local/lib/python3.10/dist-packages/complex_msgs/complex_msgs_s__rosidl_typesupport_fastrtps_c.cpython-310-x86_64-linux-gnu.so
[8.118s] -- Installing: /home/abdelrhaman/microros_ws/install/complex_msgs/local/lib/python3.10/dist-packages/complex_msgs/complex_msgs_s__rosidl_typesupport_c.cpython-310-x86_64-linux-gnu.so
[8.157s] Listing '/home/abdelrhaman/microros_ws/install/complex_msgs/local/lib/python3.10/dist-packages/complex_msgs'...
[8.157s] Compiling '/home/abdelrhaman/microros_ws/install/complex_msgs/local/lib/python3.10/dist-packages/complex_msgs/__init__.py'...
[8.157s] Listing '/home/abdelrhaman/microros_ws/install/complex_msgs/local/lib/python3.10/dist-packages/complex_msgs/msg'...
[8.157s] Compiling '/home/abdelrhaman/microros_ws/install/complex_msgs/local/lib/python3.10/dist-packages/complex_msgs/msg/__init__.py'...
[8.158s] Compiling '/home/abdelrhaman/microros_ws/install/complex_msgs/local/lib/python3.10/dist-packages/complex_msgs/msg/_multi_string_test.py'...
[8.158s] Compiling '/home/abdelrhaman/microros_ws/install/complex_msgs/local/lib/python3.10/dist-packages/complex_msgs/msg/_nested_msg_test.py'...
[8.163s] -- Installing: /home/abdelrhaman/microros_ws/install/complex_msgs/local/lib/python3.10/dist-packages/complex_msgs/complex_msgs_s__rosidl_typesupport_microxrcedds_c.cpython-310-x86_64-linux-gnu.so
[8.163s] -- Set runtime path of "/home/abdelrhaman/microros_ws/install/complex_msgs/local/lib/python3.10/dist-packages/complex_msgs/complex_msgs_s__rosidl_typesupport_microxrcedds_c.cpython-310-x86_64-linux-gnu.so" to ""
[8.163s] -- Installing: /home/abdelrhaman/microros_ws/install/complex_msgs/local/lib/python3.10/dist-packages/complex_msgs/complex_msgs_s__rosidl_typesupport_fastrtps_c.cpython-310-x86_64-linux-gnu.so
[8.163s] -- Set runtime path of "/home/abdelrhaman/microros_ws/install/complex_msgs/local/lib/python3.10/dist-packages/complex_msgs/complex_msgs_s__rosidl_typesupport_fastrtps_c.cpython-310-x86_64-linux-gnu.so" to ""
[8.163s] -- Installing: /home/abdelrhaman/microros_ws/install/complex_msgs/local/lib/python3.10/dist-packages/complex_msgs/complex_msgs_s__rosidl_typesupport_introspection_c.cpython-310-x86_64-linux-gnu.so
[8.164s] -- Set runtime path of "/home/abdelrhaman/microros_ws/install/complex_msgs/local/lib/python3.10/dist-packages/complex_msgs/complex_msgs_s__rosidl_typesupport_introspection_c.cpython-310-x86_64-linux-gnu.so" to ""
[8.164s] -- Installing: /home/abdelrhaman/microros_ws/install/complex_msgs/local/lib/python3.10/dist-packages/complex_msgs/complex_msgs_s__rosidl_typesupport_c.cpython-310-x86_64-linux-gnu.so
[8.164s] -- Set runtime path of "/home/abdelrhaman/microros_ws/install/complex_msgs/local/lib/python3.10/dist-packages/complex_msgs/complex_msgs_s__rosidl_typesupport_c.cpython-310-x86_64-linux-gnu.so" to ""
[8.164s] -- Installing: /home/abdelrhaman/microros_ws/install/complex_msgs/lib/libcomplex_msgs__rosidl_generator_py.so
[8.164s] -- Set runtime path of "/home/abdelrhaman/microros_ws/install/complex_msgs/lib/libcomplex_msgs__rosidl_generator_py.so" to ""
[8.164s] -- Installing: /home/abdelrhaman/microros_ws/install/complex_msgs/share/complex_msgs/msg/MultiStringTest.idl
[8.164s] -- Installing: /home/abdelrhaman/microros_ws/install/complex_msgs/share/complex_msgs/msg/NestedMsgTest.idl
[8.165s] -- Installing: /home/abdelrhaman/microros_ws/install/complex_msgs/share/complex_msgs/msg/MultiStringTest.msg
[8.165s] -- Installing: /home/abdelrhaman/microros_ws/install/complex_msgs/share/complex_msgs/msg/NestedMsgTest.msg
[8.165s] -- Installing: /home/abdelrhaman/microros_ws/install/complex_msgs/share/ament_index/resource_index/package_run_dependencies/complex_msgs
[8.165s] -- Installing: /home/abdelrhaman/microros_ws/install/complex_msgs/share/ament_index/resource_index/parent_prefix_path/complex_msgs
[8.165s] -- Installing: /home/abdelrhaman/microros_ws/install/complex_msgs/share/complex_msgs/environment/ament_prefix_path.sh
[8.165s] -- Installing: /home/abdelrhaman/microros_ws/install/complex_msgs/share/complex_msgs/environment/ament_prefix_path.dsv
[8.165s] -- Installing: /home/abdelrhaman/microros_ws/install/complex_msgs/share/complex_msgs/environment/path.sh
[8.165s] -- Installing: /home/abdelrhaman/microros_ws/install/complex_msgs/share/complex_msgs/environment/path.dsv
[8.165s] -- Installing: /home/abdelrhaman/microros_ws/install/complex_msgs/share/complex_msgs/local_setup.bash
[8.165s] -- Installing: /home/abdelrhaman/microros_ws/install/complex_msgs/share/complex_msgs/local_setup.sh
[8.166s] -- Installing: /home/abdelrhaman/microros_ws/install/complex_msgs/share/complex_msgs/local_setup.zsh
[8.166s] -- Installing: /home/abdelrhaman/microros_ws/install/complex_msgs/share/complex_msgs/local_setup.dsv
[8.166s] -- Installing: /home/abdelrhaman/microros_ws/install/complex_msgs/share/complex_msgs/package.dsv
[8.166s] -- Installing: /home/abdelrhaman/microros_ws/install/complex_msgs/share/ament_index/resource_index/packages/complex_msgs
[8.166s] -- Installing: /home/abdelrhaman/microros_ws/install/complex_msgs/share/complex_msgs/cmake/export_complex_msgs__rosidl_generator_cExport.cmake
[8.166s] -- Installing: /home/abdelrhaman/microros_ws/install/complex_msgs/share/complex_msgs/cmake/export_complex_msgs__rosidl_generator_cExport-noconfig.cmake
[8.166s] -- Installing: /home/abdelrhaman/microros_ws/install/complex_msgs/share/complex_msgs/cmake/export_complex_msgs__rosidl_typesupport_fastrtps_cExport.cmake
[8.166s] -- Installing: /home/abdelrhaman/microros_ws/install/complex_msgs/share/complex_msgs/cmake/export_complex_msgs__rosidl_typesupport_fastrtps_cExport-noconfig.cmake
[8.166s] -- Installing: /home/abdelrhaman/microros_ws/install/complex_msgs/share/complex_msgs/cmake/export_complex_msgs__rosidl_generator_cppExport.cmake
[8.166s] -- Installing: /home/abdelrhaman/microros_ws/install/complex_msgs/share/complex_msgs/cmake/export_complex_msgs__rosidl_typesupport_fastrtps_cppExport.cmake
[8.167s] -- Installing: /home/abdelrhaman/microros_ws/install/complex_msgs/share/complex_msgs/cmake/export_complex_msgs__rosidl_typesupport_fastrtps_cppExport-noconfig.cmake
[8.167s] -- Installing: /home/abdelrhaman/microros_ws/install/complex_msgs/share/complex_msgs/cmake/complex_msgs__rosidl_typesupport_introspection_cExport.cmake
[8.167s] -- Installing: /home/abdelrhaman/microros_ws/install/complex_msgs/share/complex_msgs/cmake/complex_msgs__rosidl_typesupport_introspection_cExport-noconfig.cmake
[8.167s] -- Installing: /home/abdelrhaman/microros_ws/install/complex_msgs/share/complex_msgs/cmake/complex_msgs__rosidl_typesupport_cExport.cmake
[8.167s] -- Installing: /home/abdelrhaman/microros_ws/install/complex_msgs/share/complex_msgs/cmake/complex_msgs__rosidl_typesupport_cExport-noconfig.cmake
[8.167s] -- Installing: /home/abdelrhaman/microros_ws/install/complex_msgs/share/complex_msgs/cmake/complex_msgs__rosidl_typesupport_introspection_cppExport.cmake
[8.167s] -- Installing: /home/abdelrhaman/microros_ws/install/complex_msgs/share/complex_msgs/cmake/complex_msgs__rosidl_typesupport_introspection_cppExport-noconfig.cmake
[8.167s] -- Installing: /home/abdelrhaman/microros_ws/install/complex_msgs/share/complex_msgs/cmake/complex_msgs__rosidl_typesupport_cppExport.cmake
[8.167s] -- Installing: /home/abdelrhaman/microros_ws/install/complex_msgs/share/complex_msgs/cmake/complex_msgs__rosidl_typesupport_cppExport-noconfig.cmake
[8.168s] -- Installing: /home/abdelrhaman/microros_ws/install/complex_msgs/share/complex_msgs/cmake/export_complex_msgs__rosidl_generator_pyExport.cmake
[8.168s] -- Installing: /home/abdelrhaman/microros_ws/install/complex_msgs/share/complex_msgs/cmake/export_complex_msgs__rosidl_generator_pyExport-noconfig.cmake
[8.168s] -- Installing: /home/abdelrhaman/microros_ws/install/complex_msgs/share/complex_msgs/cmake/rosidl_cmake-extras.cmake
[8.169s] -- Installing: /home/abdelrhaman/microros_ws/install/complex_msgs/share/complex_msgs/cmake/ament_cmake_export_dependencies-extras.cmake
[8.170s] -- Installing: /home/abdelrhaman/microros_ws/install/complex_msgs/share/complex_msgs/cmake/ament_cmake_export_include_directories-extras.cmake
[8.170s] -- Installing: /home/abdelrhaman/microros_ws/install/complex_msgs/share/complex_msgs/cmake/ament_cmake_export_libraries-extras.cmake
[8.170s] -- Installing: /home/abdelrhaman/microros_ws/install/complex_msgs/share/complex_msgs/cmake/ament_cmake_export_targets-extras.cmake
[8.170s] -- Installing: /home/abdelrhaman/microros_ws/install/complex_msgs/share/complex_msgs/cmake/rosidl_cmake_export_typesupport_targets-extras.cmake
[8.170s] -- Installing: /home/abdelrhaman/microros_ws/install/complex_msgs/share/complex_msgs/cmake/rosidl_cmake_export_typesupport_libraries-extras.cmake
[8.170s] -- Installing: /home/abdelrhaman/microros_ws/install/complex_msgs/share/complex_msgs/cmake/complex_msgsConfig.cmake
[8.170s] -- Installing: /home/abdelrhaman/microros_ws/install/complex_msgs/share/complex_msgs/cmake/complex_msgsConfig-version.cmake
[8.170s] -- Installing: /home/abdelrhaman/microros_ws/install/complex_msgs/share/complex_msgs/package.xml
[8.172s] Invoked command in '/home/abdelrhaman/microros_ws/build/complex_msgs' returned '0': AMENT_PREFIX_PATH=/home/abdelrhaman/microros_ws/install/builtin_interfaces:${AMENT_PREFIX_PATH} CMAKE_PREFIX_PATH=/home/abdelrhaman/microros_ws/install/builtin_interfaces:/home/abdelrhaman/microros_ws/install/rosidl_typesupport_microxrcedds_cpp:/home/abdelrhaman/microros_ws/install/rosidl_typesupport_microxrcedds_c:/home/abdelrhaman/microros_ws/install/microcdr:/home/abdelrhaman/microros_ws/install/micro_ros_setup:/home/abdelrhaman/ros/install/my_robot_controller:/opt/ros/humble LD_LIBRARY_PATH=/home/abdelrhaman/microros_ws/install/builtin_interfaces/lib:${LD_LIBRARY_PATH} PYTHONPATH=/home/abdelrhaman/microros_ws/install/builtin_interfaces/local/lib/python3.10/dist-packages:${PYTHONPATH} /usr/bin/cmake --install /home/abdelrhaman/microros_ws/build/complex_msgs
