[0.045s] Invoking command in '/home/abdelrhaman/microros_ws/build/action_msgs': AMENT_PREFIX_PATH=/home/abdelrhaman/microros_ws/install/unique_identifier_msgs:/home/abdelrhaman/microros_ws/install/builtin_interfaces:${AMENT_PREFIX_PATH} CMAKE_PREFIX_PATH=/home/abdelrhaman/microros_ws/install/unique_identifier_msgs:/home/abdelrhaman/microros_ws/install/builtin_interfaces:/home/abdelrhaman/microros_ws/install/rosidl_typesupport_microxrcedds_cpp:/home/abdelrhaman/microros_ws/install/rosidl_typesupport_microxrcedds_c:/home/abdelrhaman/microros_ws/install/microcdr:/home/abdelrhaman/microros_ws/install/micro_ros_setup:/home/abdelrhaman/ros/install/my_robot_controller:/opt/ros/humble LD_LIBRARY_PATH=/home/abdelrhaman/microros_ws/install/unique_identifier_msgs/lib:/home/abdelrhaman/microros_ws/install/builtin_interfaces/lib:${LD_LIBRARY_PATH} PYTHONPATH=/home/abdelrhaman/microros_ws/install/unique_identifier_msgs/local/lib/python3.10/dist-packages:/home/abdelrhaman/microros_ws/install/builtin_interfaces/local/lib/python3.10/dist-packages:${PYTHONPATH} /usr/bin/cmake /home/abdelrhaman/microros_ws/src/ros2/rcl_interfaces/action_msgs -DBUILD_TESTING=OFF -DBUILD_SHARED_LIBS=ON -DCMAKE_INSTALL_PREFIX=/home/abdelrhaman/microros_ws/install/action_msgs
[0.081s] -- The C compiler identification is GNU 11.4.0
[0.134s] -- The CXX compiler identification is GNU 11.4.0
[0.140s] -- Detecting C compiler ABI info
[0.193s] -- Detecting C compiler ABI info - done
[0.199s] -- Check for working C compiler: /usr/bin/cc - skipped
[0.199s] -- Detecting C compile features
[0.199s] -- Detecting C compile features - done
[0.201s] -- Detecting CXX compiler ABI info
[0.275s] -- Detecting CXX compiler ABI info - done
[0.285s] -- Check for working CXX compiler: /usr/bin/c++ - skipped
[0.285s] -- Detecting CXX compile features
[0.286s] -- Detecting CXX compile features - done
[0.287s] -- Found ament_cmake: 1.3.10 (/opt/ros/humble/share/ament_cmake/cmake)
[0.750s] -- Found Python3: /usr/bin/python3 (found version "3.10.12") found components: Interpreter 
[0.817s] -- Found builtin_interfaces: 1.2.1 (/home/abdelrhaman/microros_ws/install/builtin_interfaces/share/builtin_interfaces/cmake)
[0.838s] -- Found rosidl_generator_c: 3.1.5 (/opt/ros/humble/share/rosidl_generator_c/cmake)
[0.842s] -- Found rosidl_adapter: 3.1.5 (/opt/ros/humble/share/rosidl_adapter/cmake)
[0.847s] -- Found rosidl_generator_cpp: 3.1.5 (/opt/ros/humble/share/rosidl_generator_cpp/cmake)
[0.856s] -- Using all available rosidl_typesupport_c: rosidl_typesupport_microxrcedds_c;rosidl_typesupport_fastrtps_c;rosidl_typesupport_introspection_c
[0.875s] -- Using all available rosidl_typesupport_cpp: rosidl_typesupport_microxrcedds_cpp;rosidl_typesupport_fastrtps_cpp;rosidl_typesupport_introspection_cpp
[0.891s] -- Found rosidl_default_generators: 1.2.0 (/opt/ros/humble/share/rosidl_default_generators/cmake)
[0.899s] -- Found unique_identifier_msgs: 2.2.1 (/home/abdelrhaman/microros_ws/install/unique_identifier_msgs/share/unique_identifier_msgs/cmake)
[1.251s] -- Found ament_cmake_ros: 0.10.0 (/opt/ros/humble/share/ament_cmake_ros/cmake)
[1.639s] -- Using all available rosidl_typesupport_c: rosidl_typesupport_microxrcedds_c;rosidl_typesupport_fastrtps_c;rosidl_typesupport_introspection_c
[1.847s] -- Using all available rosidl_typesupport_cpp: rosidl_typesupport_microxrcedds_cpp;rosidl_typesupport_fastrtps_cpp;rosidl_typesupport_introspection_cpp
[1.871s] -- Found PythonInterp: /usr/bin/python3 (found suitable version "3.10.12", minimum required is "3.6") 
[1.872s] -- Found python_cmake_module: 0.10.0 (/opt/ros/humble/share/python_cmake_module/cmake)
[1.896s] -- Found PythonLibs: /usr/lib/x86_64-linux-gnu/libpython3.10.so (found suitable version "3.10.12", minimum required is "3.5") 
[1.896s] -- Using PYTHON_EXECUTABLE: /usr/bin/python3
[1.896s] -- Using PYTHON_INCLUDE_DIRS: /usr/include/python3.10
[1.896s] -- Using PYTHON_LIBRARIES: /usr/lib/x86_64-linux-gnu/libpython3.10.so
[1.913s] -- Found PythonExtra: .so  
[1.960s] -- Configuring done
[2.037s] -- Generating done
[2.044s] -- Build files have been written to: /home/abdelrhaman/microros_ws/build/action_msgs
[2.078s] Invoked command in '/home/abdelrhaman/microros_ws/build/action_msgs' returned '0': AMENT_PREFIX_PATH=/home/abdelrhaman/microros_ws/install/unique_identifier_msgs:/home/abdelrhaman/microros_ws/install/builtin_interfaces:${AMENT_PREFIX_PATH} CMAKE_PREFIX_PATH=/home/abdelrhaman/microros_ws/install/unique_identifier_msgs:/home/abdelrhaman/microros_ws/install/builtin_interfaces:/home/abdelrhaman/microros_ws/install/rosidl_typesupport_microxrcedds_cpp:/home/abdelrhaman/microros_ws/install/rosidl_typesupport_microxrcedds_c:/home/abdelrhaman/microros_ws/install/microcdr:/home/abdelrhaman/microros_ws/install/micro_ros_setup:/home/abdelrhaman/ros/install/my_robot_controller:/opt/ros/humble LD_LIBRARY_PATH=/home/abdelrhaman/microros_ws/install/unique_identifier_msgs/lib:/home/abdelrhaman/microros_ws/install/builtin_interfaces/lib:${LD_LIBRARY_PATH} PYTHONPATH=/home/abdelrhaman/microros_ws/install/unique_identifier_msgs/local/lib/python3.10/dist-packages:/home/abdelrhaman/microros_ws/install/builtin_interfaces/local/lib/python3.10/dist-packages:${PYTHONPATH} /usr/bin/cmake /home/abdelrhaman/microros_ws/src/ros2/rcl_interfaces/action_msgs -DBUILD_TESTING=OFF -DBUILD_SHARED_LIBS=ON -DCMAKE_INSTALL_PREFIX=/home/abdelrhaman/microros_ws/install/action_msgs
[2.078s] Invoking command in '/home/abdelrhaman/microros_ws/build/action_msgs': AMENT_PREFIX_PATH=/home/abdelrhaman/microros_ws/install/unique_identifier_msgs:/home/abdelrhaman/microros_ws/install/builtin_interfaces:${AMENT_PREFIX_PATH} CMAKE_PREFIX_PATH=/home/abdelrhaman/microros_ws/install/unique_identifier_msgs:/home/abdelrhaman/microros_ws/install/builtin_interfaces:/home/abdelrhaman/microros_ws/install/rosidl_typesupport_microxrcedds_cpp:/home/abdelrhaman/microros_ws/install/rosidl_typesupport_microxrcedds_c:/home/abdelrhaman/microros_ws/install/microcdr:/home/abdelrhaman/microros_ws/install/micro_ros_setup:/home/abdelrhaman/ros/install/my_robot_controller:/opt/ros/humble LD_LIBRARY_PATH=/home/abdelrhaman/microros_ws/install/unique_identifier_msgs/lib:/home/abdelrhaman/microros_ws/install/builtin_interfaces/lib:${LD_LIBRARY_PATH} PYTHONPATH=/home/abdelrhaman/microros_ws/install/unique_identifier_msgs/local/lib/python3.10/dist-packages:/home/abdelrhaman/microros_ws/install/builtin_interfaces/local/lib/python3.10/dist-packages:${PYTHONPATH} /usr/bin/cmake --build /home/abdelrhaman/microros_ws/build/action_msgs -- -j20 -l20
[2.134s] [  1%] [34m[1mGenerating C code for ROS interfaces[0m
[2.157s] [  2%] [34m[1mGenerating C++ code for ROS interfaces[0m
[2.173s] [  2%] Built target ament_cmake_python_copy_action_msgs
[3.368s] running egg_info
[3.371s] creating action_msgs.egg-info
[3.457s] [  2%] Built target action_msgs__cpp
[3.490s] [  4%] [34m[1mGenerating C++ type support for eProsima Fast-RTPS[0m
[3.490s] [  5%] [34m[1mGenerating C++ introspection for ROS interfaces[0m
[3.510s] [  7%] [34m[1mGenerating C++ type support dispatch for ROS interfaces[0m
[3.510s] [  8%] [34m[1mGenerating C++ type support for eProsima Micro XRCE-DDS[0m
[3.535s] writing action_msgs.egg-info/PKG-INFO
[3.604s] writing dependency_links to action_msgs.egg-info/dependency_links.txt
[3.845s] [ 10%] [32mBuilding C object CMakeFiles/action_msgs__rosidl_generator_c.dir/rosidl_generator_c/action_msgs/msg/detail/goal_status__functions.c.o[0m
[3.849s] [ 11%] [32mBuilding C object CMakeFiles/action_msgs__rosidl_generator_c.dir/rosidl_generator_c/action_msgs/msg/detail/goal_info__functions.c.o[0m
[3.860s] [ 13%] [32mBuilding C object CMakeFiles/action_msgs__rosidl_generator_c.dir/rosidl_generator_c/action_msgs/srv/detail/cancel_goal__functions.c.o[0m
[3.865s] [ 14%] [32mBuilding C object CMakeFiles/action_msgs__rosidl_generator_c.dir/rosidl_generator_c/action_msgs/msg/detail/goal_status_array__functions.c.o[0m
[4.131s] [ 15%] [32m[1mLinking C shared library libaction_msgs__rosidl_generator_c.so[0m
[4.251s] [ 15%] Built target action_msgs__rosidl_generator_c
[4.294s] [ 17%] [34m[1mGenerating C type support for eProsima Fast-RTPS[0m
[4.301s] [ 18%] [34m[1mGenerating C type support dispatch for ROS interfaces[0m
[4.302s] [ 20%] [34m[1mGenerating C type support for eProsima Micro XRCE-DDS[0m
[4.312s] [ 21%] [34m[1mGenerating C introspection for ROS interfaces[0m
[4.764s] writing top-level names to action_msgs.egg-info/top_level.txt
[4.764s] writing manifest file 'action_msgs.egg-info/SOURCES.txt'
[4.899s] reading manifest file 'action_msgs.egg-info/SOURCES.txt'
[4.901s] writing manifest file 'action_msgs.egg-info/SOURCES.txt'
[5.012s] [ 21%] Built target ament_cmake_python_build_action_msgs_egg
[5.258s] [ 23%] [32mBuilding CXX object CMakeFiles/action_msgs__rosidl_typesupport_introspection_cpp.dir/rosidl_typesupport_introspection_cpp/action_msgs/msg/detail/goal_info__type_support.cpp.o[0m
[5.270s] [ 24%] [32mBuilding CXX object CMakeFiles/action_msgs__rosidl_typesupport_introspection_cpp.dir/rosidl_typesupport_introspection_cpp/action_msgs/msg/detail/goal_status_array__type_support.cpp.o[0m
[5.272s] [ 26%] [32mBuilding CXX object CMakeFiles/action_msgs__rosidl_typesupport_introspection_cpp.dir/rosidl_typesupport_introspection_cpp/action_msgs/msg/detail/goal_status__type_support.cpp.o[0m
[5.291s] [ 27%] [32mBuilding CXX object CMakeFiles/action_msgs__rosidl_typesupport_introspection_cpp.dir/rosidl_typesupport_introspection_cpp/action_msgs/srv/detail/cancel_goal__type_support.cpp.o[0m
[6.018s] [ 28%] [32mBuilding CXX object CMakeFiles/action_msgs__rosidl_typesupport_microxrcedds_cpp.dir/rosidl_typesupport_microxrcedds_cpp/action_msgs/srv/detail/microxrcedds/cancel_goal__type_support_cpp.cpp.o[0m
[6.020s] [ 30%] [32mBuilding CXX object CMakeFiles/action_msgs__rosidl_typesupport_microxrcedds_cpp.dir/rosidl_typesupport_microxrcedds_cpp/action_msgs/msg/detail/microxrcedds/goal_status__type_support_cpp.cpp.o[0m
[6.022s] [ 31%] [32mBuilding CXX object CMakeFiles/action_msgs__rosidl_typesupport_microxrcedds_cpp.dir/rosidl_typesupport_microxrcedds_cpp/action_msgs/msg/detail/microxrcedds/goal_info__type_support_cpp.cpp.o[0m
[6.032s] [ 33%] [32mBuilding CXX object CMakeFiles/action_msgs__rosidl_typesupport_microxrcedds_cpp.dir/rosidl_typesupport_microxrcedds_cpp/action_msgs/msg/detail/microxrcedds/goal_status_array__type_support_cpp.cpp.o[0m
[6.246s] [ 34%] [32mBuilding CXX object CMakeFiles/action_msgs__rosidl_typesupport_c.dir/rosidl_typesupport_c/action_msgs/msg/goal_status__type_support.cpp.o[0m
[6.246s] [ 36%] [32mBuilding CXX object CMakeFiles/action_msgs__rosidl_typesupport_c.dir/rosidl_typesupport_c/action_msgs/msg/goal_info__type_support.cpp.o[0m
[6.248s] [ 37%] [32mBuilding CXX object CMakeFiles/action_msgs__rosidl_typesupport_c.dir/rosidl_typesupport_c/action_msgs/msg/goal_status_array__type_support.cpp.o[0m
[6.256s] [ 39%] [32mBuilding CXX object CMakeFiles/action_msgs__rosidl_typesupport_c.dir/rosidl_typesupport_c/action_msgs/srv/cancel_goal__type_support.cpp.o[0m
[6.387s] [ 40%] [32mBuilding CXX object CMakeFiles/action_msgs__rosidl_typesupport_fastrtps_c.dir/rosidl_typesupport_fastrtps_c/action_msgs/msg/detail/goal_info__type_support_c.cpp.o[0m
[6.393s] [ 42%] [32mBuilding CXX object CMakeFiles/action_msgs__rosidl_typesupport_fastrtps_c.dir/rosidl_typesupport_fastrtps_c/action_msgs/msg/detail/goal_status__type_support_c.cpp.o[0m
[6.406s] [ 43%] [32mBuilding CXX object CMakeFiles/action_msgs__rosidl_typesupport_fastrtps_c.dir/rosidl_typesupport_fastrtps_c/action_msgs/msg/detail/goal_status_array__type_support_c.cpp.o[0m
[6.427s] [ 44%] [32mBuilding CXX object CMakeFiles/action_msgs__rosidl_typesupport_fastrtps_c.dir/rosidl_typesupport_fastrtps_c/action_msgs/srv/detail/cancel_goal__type_support_c.cpp.o[0m
[6.482s] [ 46%] [32m[1mLinking CXX shared library libaction_msgs__rosidl_typesupport_c.so[0m
[6.622s] [ 47%] [32mBuilding CXX object CMakeFiles/action_msgs__rosidl_typesupport_fastrtps_cpp.dir/rosidl_typesupport_fastrtps_cpp/action_msgs/msg/detail/dds_fastrtps/goal_info__type_support.cpp.o[0m
[6.628s] [ 49%] [32mBuilding CXX object CMakeFiles/action_msgs__rosidl_typesupport_fastrtps_cpp.dir/rosidl_typesupport_fastrtps_cpp/action_msgs/msg/detail/dds_fastrtps/goal_status__type_support.cpp.o[0m
[6.631s] [ 50%] [32mBuilding CXX object CMakeFiles/action_msgs__rosidl_typesupport_fastrtps_cpp.dir/rosidl_typesupport_fastrtps_cpp/action_msgs/msg/detail/dds_fastrtps/goal_status_array__type_support.cpp.o[0m
[6.635s] [ 52%] [32mBuilding CXX object CMakeFiles/action_msgs__rosidl_typesupport_fastrtps_cpp.dir/rosidl_typesupport_fastrtps_cpp/action_msgs/srv/detail/dds_fastrtps/cancel_goal__type_support.cpp.o[0m
[6.700s] [ 52%] Built target action_msgs__rosidl_typesupport_c
[6.705s] [ 53%] [32mBuilding CXX object CMakeFiles/action_msgs__rosidl_typesupport_cpp.dir/rosidl_typesupport_cpp/action_msgs/msg/goal_info__type_support.cpp.o[0m
[6.707s] [ 55%] [32mBuilding CXX object CMakeFiles/action_msgs__rosidl_typesupport_cpp.dir/rosidl_typesupport_cpp/action_msgs/msg/goal_status__type_support.cpp.o[0m
[6.712s] [ 56%] [32mBuilding CXX object CMakeFiles/action_msgs__rosidl_typesupport_cpp.dir/rosidl_typesupport_cpp/action_msgs/msg/goal_status_array__type_support.cpp.o[0m
[6.719s] [ 57%] [32mBuilding CXX object CMakeFiles/action_msgs__rosidl_typesupport_cpp.dir/rosidl_typesupport_cpp/action_msgs/srv/cancel_goal__type_support.cpp.o[0m
[7.237s] [ 59%] [32m[1mLinking CXX shared library libaction_msgs__rosidl_typesupport_introspection_cpp.so[0m
[7.380s] [ 60%] [32m[1mLinking CXX shared library libaction_msgs__rosidl_typesupport_cpp.so[0m
[7.382s] [ 62%] [32m[1mLinking CXX shared library libaction_msgs__rosidl_typesupport_microxrcedds_cpp.so[0m
[7.382s] [ 63%] [32mBuilding C object CMakeFiles/action_msgs__rosidl_typesupport_microxrcedds_c.dir/rosidl_typesupport_microxrcedds_c/action_msgs/msg/detail/microxrcedds/goal_info__type_support_c.c.o[0m
[7.385s] [ 65%] [32mBuilding C object CMakeFiles/action_msgs__rosidl_typesupport_microxrcedds_c.dir/rosidl_typesupport_microxrcedds_c/action_msgs/msg/detail/microxrcedds/goal_status__type_support_c.c.o[0m
[7.391s] [ 66%] [32mBuilding C object CMakeFiles/action_msgs__rosidl_typesupport_microxrcedds_c.dir/rosidl_typesupport_microxrcedds_c/action_msgs/msg/detail/microxrcedds/goal_status_array__type_support_c.c.o[0m
[7.393s] [ 68%] [32mBuilding C object CMakeFiles/action_msgs__rosidl_typesupport_microxrcedds_c.dir/rosidl_typesupport_microxrcedds_c/action_msgs/srv/detail/microxrcedds/cancel_goal__type_support_c.c.o[0m
[7.407s] [ 69%] [32mBuilding C object CMakeFiles/action_msgs__rosidl_typesupport_introspection_c.dir/rosidl_typesupport_introspection_c/action_msgs/msg/detail/goal_status__type_support.c.o[0m
[7.410s] [ 71%] [32mBuilding C object CMakeFiles/action_msgs__rosidl_typesupport_introspection_c.dir/rosidl_typesupport_introspection_c/action_msgs/msg/detail/goal_info__type_support.c.o[0m
[7.414s] [ 72%] [32mBuilding C object CMakeFiles/action_msgs__rosidl_typesupport_introspection_c.dir/rosidl_typesupport_introspection_c/action_msgs/msg/detail/goal_status_array__type_support.c.o[0m
[7.416s] [ 73%] [32mBuilding C object CMakeFiles/action_msgs__rosidl_typesupport_introspection_c.dir/rosidl_typesupport_introspection_c/action_msgs/srv/detail/cancel_goal__type_support.c.o[0m
[7.432s] [ 73%] Built target action_msgs__rosidl_typesupport_introspection_cpp
[7.446s] [ 73%] Built target action_msgs__rosidl_typesupport_cpp
[7.468s] [ 75%] [32m[1mLinking CXX shared library libaction_msgs__rosidl_typesupport_fastrtps_c.so[0m
[7.473s] [ 76%] [32m[1mLinking CXX shared library libaction_msgs__rosidl_typesupport_fastrtps_cpp.so[0m
[7.488s] [ 78%] [32m[1mLinking C shared library libaction_msgs__rosidl_typesupport_microxrcedds_c.so[0m
[7.493s] [ 79%] [32m[1mLinking C shared library libaction_msgs__rosidl_typesupport_introspection_c.so[0m
[7.542s] [ 79%] Built target action_msgs__rosidl_typesupport_microxrcedds_c
[7.545s] [ 79%] Built target action_msgs__rosidl_typesupport_introspection_c
[7.546s] [ 79%] Built target action_msgs__rosidl_typesupport_microxrcedds_cpp
[7.582s] [ 79%] Built target action_msgs__rosidl_typesupport_fastrtps_c
[7.592s] [ 79%] Built target action_msgs__rosidl_typesupport_fastrtps_cpp
[7.618s] [ 79%] Built target action_msgs
[7.651s] [ 81%] [34m[1mGenerating Python code for ROS interfaces[0m
[9.151s] [ 81%] Built target action_msgs__py
[9.211s] [ 82%] [32mBuilding C object CMakeFiles/action_msgs__rosidl_generator_py.dir/rosidl_generator_py/action_msgs/msg/_goal_info_s.c.o[0m
[9.214s] [ 84%] [32mBuilding C object CMakeFiles/action_msgs__rosidl_generator_py.dir/rosidl_generator_py/action_msgs/msg/_goal_status_s.c.o[0m
[9.214s] [ 85%] [32mBuilding C object CMakeFiles/action_msgs__rosidl_generator_py.dir/rosidl_generator_py/action_msgs/msg/_goal_status_array_s.c.o[0m
[9.215s] [ 86%] [32mBuilding C object CMakeFiles/action_msgs__rosidl_generator_py.dir/rosidl_generator_py/action_msgs/srv/_cancel_goal_s.c.o[0m
[9.518s] [ 88%] [32m[1mLinking C shared library rosidl_generator_py/action_msgs/libaction_msgs__rosidl_generator_py.so[0m
[9.636s] [ 88%] Built target action_msgs__rosidl_generator_py
[9.691s] [ 89%] [32mBuilding C object CMakeFiles/action_msgs__rosidl_typesupport_microxrcedds_c__pyext.dir/rosidl_generator_py/action_msgs/_action_msgs_s.ep.rosidl_typesupport_microxrcedds_c.c.o[0m
[9.691s] [ 91%] [32mBuilding C object CMakeFiles/action_msgs__rosidl_typesupport_fastrtps_c__pyext.dir/rosidl_generator_py/action_msgs/_action_msgs_s.ep.rosidl_typesupport_fastrtps_c.c.o[0m
[9.698s] [ 92%] [32mBuilding C object CMakeFiles/action_msgs__rosidl_typesupport_introspection_c__pyext.dir/rosidl_generator_py/action_msgs/_action_msgs_s.ep.rosidl_typesupport_introspection_c.c.o[0m
[9.699s] [ 94%] [32mBuilding C object CMakeFiles/action_msgs__rosidl_typesupport_c__pyext.dir/rosidl_generator_py/action_msgs/_action_msgs_s.ep.rosidl_typesupport_c.c.o[0m
[9.878s] [ 95%] [32m[1mLinking C shared library rosidl_generator_py/action_msgs/action_msgs_s__rosidl_typesupport_fastrtps_c.cpython-310-x86_64-linux-gnu.so[0m
[9.982s] [ 97%] [32m[1mLinking C shared library rosidl_generator_py/action_msgs/action_msgs_s__rosidl_typesupport_microxrcedds_c.cpython-310-x86_64-linux-gnu.so[0m
[9.983s] [ 97%] Built target action_msgs__rosidl_typesupport_fastrtps_c__pyext
[10.014s] [ 98%] [32m[1mLinking C shared library rosidl_generator_py/action_msgs/action_msgs_s__rosidl_typesupport_introspection_c.cpython-310-x86_64-linux-gnu.so[0m
[10.040s] [100%] [32m[1mLinking C shared library rosidl_generator_py/action_msgs/action_msgs_s__rosidl_typesupport_c.cpython-310-x86_64-linux-gnu.so[0m
[10.105s] [100%] Built target action_msgs__rosidl_typesupport_microxrcedds_c__pyext
[10.163s] [100%] Built target action_msgs__rosidl_typesupport_introspection_c__pyext
[10.198s] [100%] Built target action_msgs__rosidl_typesupport_c__pyext
[10.241s] Invoked command in '/home/abdelrhaman/microros_ws/build/action_msgs' returned '0': AMENT_PREFIX_PATH=/home/abdelrhaman/microros_ws/install/unique_identifier_msgs:/home/abdelrhaman/microros_ws/install/builtin_interfaces:${AMENT_PREFIX_PATH} CMAKE_PREFIX_PATH=/home/abdelrhaman/microros_ws/install/unique_identifier_msgs:/home/abdelrhaman/microros_ws/install/builtin_interfaces:/home/abdelrhaman/microros_ws/install/rosidl_typesupport_microxrcedds_cpp:/home/abdelrhaman/microros_ws/install/rosidl_typesupport_microxrcedds_c:/home/abdelrhaman/microros_ws/install/microcdr:/home/abdelrhaman/microros_ws/install/micro_ros_setup:/home/abdelrhaman/ros/install/my_robot_controller:/opt/ros/humble LD_LIBRARY_PATH=/home/abdelrhaman/microros_ws/install/unique_identifier_msgs/lib:/home/abdelrhaman/microros_ws/install/builtin_interfaces/lib:${LD_LIBRARY_PATH} PYTHONPATH=/home/abdelrhaman/microros_ws/install/unique_identifier_msgs/local/lib/python3.10/dist-packages:/home/abdelrhaman/microros_ws/install/builtin_interfaces/local/lib/python3.10/dist-packages:${PYTHONPATH} /usr/bin/cmake --build /home/abdelrhaman/microros_ws/build/action_msgs -- -j20 -l20
[10.984s] Invoking command in '/home/abdelrhaman/microros_ws/build/action_msgs': AMENT_PREFIX_PATH=/home/abdelrhaman/microros_ws/install/unique_identifier_msgs:/home/abdelrhaman/microros_ws/install/builtin_interfaces:${AMENT_PREFIX_PATH} CMAKE_PREFIX_PATH=/home/abdelrhaman/microros_ws/install/unique_identifier_msgs:/home/abdelrhaman/microros_ws/install/builtin_interfaces:/home/abdelrhaman/microros_ws/install/rosidl_typesupport_microxrcedds_cpp:/home/abdelrhaman/microros_ws/install/rosidl_typesupport_microxrcedds_c:/home/abdelrhaman/microros_ws/install/microcdr:/home/abdelrhaman/microros_ws/install/micro_ros_setup:/home/abdelrhaman/ros/install/my_robot_controller:/opt/ros/humble LD_LIBRARY_PATH=/home/abdelrhaman/microros_ws/install/unique_identifier_msgs/lib:/home/abdelrhaman/microros_ws/install/builtin_interfaces/lib:${LD_LIBRARY_PATH} PYTHONPATH=/home/abdelrhaman/microros_ws/install/unique_identifier_msgs/local/lib/python3.10/dist-packages:/home/abdelrhaman/microros_ws/install/builtin_interfaces/local/lib/python3.10/dist-packages:${PYTHONPATH} /usr/bin/cmake --install /home/abdelrhaman/microros_ws/build/action_msgs
[11.025s] -- Install configuration: ""
[11.025s] -- Installing: /home/abdelrhaman/microros_ws/install/action_msgs/share/ament_index/resource_index/rosidl_interfaces/action_msgs
[11.025s] -- Installing: /home/abdelrhaman/microros_ws/install/action_msgs/include/action_msgs/action_msgs
[11.025s] -- Installing: /home/abdelrhaman/microros_ws/install/action_msgs/include/action_msgs/action_msgs/srv
[11.025s] -- Installing: /home/abdelrhaman/microros_ws/install/action_msgs/include/action_msgs/action_msgs/srv/detail
[11.026s] -- Installing: /home/abdelrhaman/microros_ws/install/action_msgs/include/action_msgs/action_msgs/srv/detail/cancel_goal__struct.h
[11.026s] -- Installing: /home/abdelrhaman/microros_ws/install/action_msgs/include/action_msgs/action_msgs/srv/detail/cancel_goal__functions.c
[11.026s] -- Installing: /home/abdelrhaman/microros_ws/install/action_msgs/include/action_msgs/action_msgs/srv/detail/cancel_goal__type_support.h
[11.026s] -- Installing: /home/abdelrhaman/microros_ws/install/action_msgs/include/action_msgs/action_msgs/srv/detail/cancel_goal__functions.h
[11.026s] -- Installing: /home/abdelrhaman/microros_ws/install/action_msgs/include/action_msgs/action_msgs/srv/cancel_goal.h
[11.026s] -- Installing: /home/abdelrhaman/microros_ws/install/action_msgs/include/action_msgs/action_msgs/msg
[11.026s] -- Installing: /home/abdelrhaman/microros_ws/install/action_msgs/include/action_msgs/action_msgs/msg/rosidl_generator_c__visibility_control.h
[11.026s] -- Installing: /home/abdelrhaman/microros_ws/install/action_msgs/include/action_msgs/action_msgs/msg/detail
[11.026s] -- Installing: /home/abdelrhaman/microros_ws/install/action_msgs/include/action_msgs/action_msgs/msg/detail/goal_info__functions.c
[11.026s] -- Installing: /home/abdelrhaman/microros_ws/install/action_msgs/include/action_msgs/action_msgs/msg/detail/goal_status_array__functions.c
[11.026s] -- Installing: /home/abdelrhaman/microros_ws/install/action_msgs/include/action_msgs/action_msgs/msg/detail/goal_info__type_support.h
[11.026s] -- Installing: /home/abdelrhaman/microros_ws/install/action_msgs/include/action_msgs/action_msgs/msg/detail/goal_status_array__type_support.h
[11.027s] -- Installing: /home/abdelrhaman/microros_ws/install/action_msgs/include/action_msgs/action_msgs/msg/detail/goal_info__functions.h
[11.027s] -- Installing: /home/abdelrhaman/microros_ws/install/action_msgs/include/action_msgs/action_msgs/msg/detail/goal_status__functions.c
[11.028s] -- Installing: /home/abdelrhaman/microros_ws/install/action_msgs/include/action_msgs/action_msgs/msg/detail/goal_status__struct.h
[11.030s] -- Installing: /home/abdelrhaman/microros_ws/install/action_msgs/include/action_msgs/action_msgs/msg/detail/goal_info__struct.h
[11.030s] -- Installing: /home/abdelrhaman/microros_ws/install/action_msgs/include/action_msgs/action_msgs/msg/detail/goal_status_array__struct.h
[11.031s] -- Installing: /home/abdelrhaman/microros_ws/install/action_msgs/include/action_msgs/action_msgs/msg/detail/goal_status__functions.h
[11.031s] -- Installing: /home/abdelrhaman/microros_ws/install/action_msgs/include/action_msgs/action_msgs/msg/detail/goal_status__type_support.h
[11.031s] -- Installing: /home/abdelrhaman/microros_ws/install/action_msgs/include/action_msgs/action_msgs/msg/detail/goal_status_array__functions.h
[11.031s] -- Installing: /home/abdelrhaman/microros_ws/install/action_msgs/include/action_msgs/action_msgs/msg/goal_status_array.h
[11.032s] -- Installing: /home/abdelrhaman/microros_ws/install/action_msgs/include/action_msgs/action_msgs/msg/goal_status.h
[11.032s] -- Installing: /home/abdelrhaman/microros_ws/install/action_msgs/include/action_msgs/action_msgs/msg/goal_info.h
[11.033s] -- Installing: /home/abdelrhaman/microros_ws/install/action_msgs/share/action_msgs/environment/library_path.sh
[11.034s] -- Installing: /home/abdelrhaman/microros_ws/install/action_msgs/share/action_msgs/environment/library_path.dsv
[11.034s] -- Installing: /home/abdelrhaman/microros_ws/install/action_msgs/lib/libaction_msgs__rosidl_generator_c.so
[11.035s] -- Set runtime path of "/home/abdelrhaman/microros_ws/install/action_msgs/lib/libaction_msgs__rosidl_generator_c.so" to ""
[11.035s] -- Up-to-date: /home/abdelrhaman/microros_ws/install/action_msgs/include/action_msgs/action_msgs
[11.035s] -- Up-to-date: /home/abdelrhaman/microros_ws/install/action_msgs/include/action_msgs/action_msgs/srv
[11.035s] -- Up-to-date: /home/abdelrhaman/microros_ws/install/action_msgs/include/action_msgs/action_msgs/srv/detail
[11.035s] -- Installing: /home/abdelrhaman/microros_ws/install/action_msgs/include/action_msgs/action_msgs/srv/detail/cancel_goal__rosidl_typesupport_fastrtps_c.h
[11.035s] -- Up-to-date: /home/abdelrhaman/microros_ws/install/action_msgs/include/action_msgs/action_msgs/msg
[11.036s] -- Up-to-date: /home/abdelrhaman/microros_ws/install/action_msgs/include/action_msgs/action_msgs/msg/detail
[11.036s] -- Installing: /home/abdelrhaman/microros_ws/install/action_msgs/include/action_msgs/action_msgs/msg/detail/goal_info__rosidl_typesupport_fastrtps_c.h
[11.036s] -- Installing: /home/abdelrhaman/microros_ws/install/action_msgs/include/action_msgs/action_msgs/msg/detail/goal_status_array__rosidl_typesupport_fastrtps_c.h
[11.036s] -- Installing: /home/abdelrhaman/microros_ws/install/action_msgs/include/action_msgs/action_msgs/msg/detail/goal_status__rosidl_typesupport_fastrtps_c.h
[11.036s] -- Installing: /home/abdelrhaman/microros_ws/install/action_msgs/include/action_msgs/action_msgs/msg/rosidl_typesupport_fastrtps_c__visibility_control.h
[11.037s] -- Installing: /home/abdelrhaman/microros_ws/install/action_msgs/lib/libaction_msgs__rosidl_typesupport_fastrtps_c.so
[11.039s] -- Set runtime path of "/home/abdelrhaman/microros_ws/install/action_msgs/lib/libaction_msgs__rosidl_typesupport_fastrtps_c.so" to ""
[11.039s] -- Up-to-date: /home/abdelrhaman/microros_ws/install/action_msgs/include/action_msgs/action_msgs
[11.039s] -- Up-to-date: /home/abdelrhaman/microros_ws/install/action_msgs/include/action_msgs/action_msgs/srv
[11.040s] -- Installing: /home/abdelrhaman/microros_ws/install/action_msgs/include/action_msgs/action_msgs/srv/cancel_goal.hpp
[11.040s] -- Up-to-date: /home/abdelrhaman/microros_ws/install/action_msgs/include/action_msgs/action_msgs/srv/detail
[11.040s] -- Installing: /home/abdelrhaman/microros_ws/install/action_msgs/include/action_msgs/action_msgs/srv/detail/cancel_goal__struct.hpp
[11.040s] -- Installing: /home/abdelrhaman/microros_ws/install/action_msgs/include/action_msgs/action_msgs/srv/detail/cancel_goal__traits.hpp
[11.040s] -- Installing: /home/abdelrhaman/microros_ws/install/action_msgs/include/action_msgs/action_msgs/srv/detail/cancel_goal__builder.hpp
[11.040s] -- Up-to-date: /home/abdelrhaman/microros_ws/install/action_msgs/include/action_msgs/action_msgs/msg
[11.040s] -- Installing: /home/abdelrhaman/microros_ws/install/action_msgs/include/action_msgs/action_msgs/msg/goal_status_array.hpp
[11.040s] -- Installing: /home/abdelrhaman/microros_ws/install/action_msgs/include/action_msgs/action_msgs/msg/goal_info.hpp
[11.040s] -- Up-to-date: /home/abdelrhaman/microros_ws/install/action_msgs/include/action_msgs/action_msgs/msg/detail
[11.040s] -- Installing: /home/abdelrhaman/microros_ws/install/action_msgs/include/action_msgs/action_msgs/msg/detail/goal_status_array__traits.hpp
[11.040s] -- Installing: /home/abdelrhaman/microros_ws/install/action_msgs/include/action_msgs/action_msgs/msg/detail/goal_info__builder.hpp
[11.040s] -- Installing: /home/abdelrhaman/microros_ws/install/action_msgs/include/action_msgs/action_msgs/msg/detail/goal_status__traits.hpp
[11.040s] -- Installing: /home/abdelrhaman/microros_ws/install/action_msgs/include/action_msgs/action_msgs/msg/detail/goal_status_array__struct.hpp
[11.040s] -- Installing: /home/abdelrhaman/microros_ws/install/action_msgs/include/action_msgs/action_msgs/msg/detail/goal_status__builder.hpp
[11.040s] -- Installing: /home/abdelrhaman/microros_ws/install/action_msgs/include/action_msgs/action_msgs/msg/detail/goal_info__struct.hpp
[11.040s] -- Installing: /home/abdelrhaman/microros_ws/install/action_msgs/include/action_msgs/action_msgs/msg/detail/goal_status_array__builder.hpp
[11.040s] -- Installing: /home/abdelrhaman/microros_ws/install/action_msgs/include/action_msgs/action_msgs/msg/detail/goal_info__traits.hpp
[11.040s] -- Installing: /home/abdelrhaman/microros_ws/install/action_msgs/include/action_msgs/action_msgs/msg/detail/goal_status__struct.hpp
[11.040s] -- Installing: /home/abdelrhaman/microros_ws/install/action_msgs/include/action_msgs/action_msgs/msg/goal_status.hpp
[11.040s] -- Up-to-date: /home/abdelrhaman/microros_ws/install/action_msgs/include/action_msgs/action_msgs
[11.040s] -- Up-to-date: /home/abdelrhaman/microros_ws/install/action_msgs/include/action_msgs/action_msgs/srv
[11.040s] -- Up-to-date: /home/abdelrhaman/microros_ws/install/action_msgs/include/action_msgs/action_msgs/srv/detail
[11.041s] -- Installing: /home/abdelrhaman/microros_ws/install/action_msgs/include/action_msgs/action_msgs/srv/detail/cancel_goal__rosidl_typesupport_fastrtps_cpp.hpp
[11.041s] -- Installing: /home/abdelrhaman/microros_ws/install/action_msgs/include/action_msgs/action_msgs/srv/detail/dds_fastrtps
[11.041s] -- Up-to-date: /home/abdelrhaman/microros_ws/install/action_msgs/include/action_msgs/action_msgs/msg
[11.041s] -- Up-to-date: /home/abdelrhaman/microros_ws/install/action_msgs/include/action_msgs/action_msgs/msg/detail
[11.041s] -- Installing: /home/abdelrhaman/microros_ws/install/action_msgs/include/action_msgs/action_msgs/msg/detail/goal_info__rosidl_typesupport_fastrtps_cpp.hpp
[11.041s] -- Installing: /home/abdelrhaman/microros_ws/install/action_msgs/include/action_msgs/action_msgs/msg/detail/goal_status_array__rosidl_typesupport_fastrtps_cpp.hpp
[11.042s] -- Installing: /home/abdelrhaman/microros_ws/install/action_msgs/include/action_msgs/action_msgs/msg/detail/dds_fastrtps
[11.042s] -- Installing: /home/abdelrhaman/microros_ws/install/action_msgs/include/action_msgs/action_msgs/msg/detail/goal_status__rosidl_typesupport_fastrtps_cpp.hpp
[11.042s] -- Installing: /home/abdelrhaman/microros_ws/install/action_msgs/include/action_msgs/action_msgs/msg/rosidl_typesupport_fastrtps_cpp__visibility_control.h
[11.049s] -- Installing: /home/abdelrhaman/microros_ws/install/action_msgs/lib/libaction_msgs__rosidl_typesupport_fastrtps_cpp.so
[11.049s] -- Set runtime path of "/home/abdelrhaman/microros_ws/install/action_msgs/lib/libaction_msgs__rosidl_typesupport_fastrtps_cpp.so" to ""
[11.049s] -- Up-to-date: /home/abdelrhaman/microros_ws/install/action_msgs/include/action_msgs
[11.049s] -- Installing: /home/abdelrhaman/microros_ws/install/action_msgs/include/action_msgs/srv
[11.049s] -- Installing: /home/abdelrhaman/microros_ws/install/action_msgs/include/action_msgs/srv/detail
[11.049s] -- Installing: /home/abdelrhaman/microros_ws/install/action_msgs/include/action_msgs/srv/detail/cancel_goal__rosidl_typesupport_microxrcedds_c.h
[11.049s] -- Installing: /home/abdelrhaman/microros_ws/install/action_msgs/include/action_msgs/srv/detail/microxrcedds
[11.049s] -- Installing: /home/abdelrhaman/microros_ws/install/action_msgs/include/action_msgs/msg
[11.049s] -- Installing: /home/abdelrhaman/microros_ws/install/action_msgs/include/action_msgs/msg/detail
[11.049s] -- Installing: /home/abdelrhaman/microros_ws/install/action_msgs/include/action_msgs/msg/detail/goal_status__rosidl_typesupport_microxrcedds_c.h
[11.049s] -- Installing: /home/abdelrhaman/microros_ws/install/action_msgs/include/action_msgs/msg/detail/goal_status_array__rosidl_typesupport_microxrcedds_c.h
[11.049s] -- Installing: /home/abdelrhaman/microros_ws/install/action_msgs/include/action_msgs/msg/detail/goal_info__rosidl_typesupport_microxrcedds_c.h
[11.050s] -- Installing: /home/abdelrhaman/microros_ws/install/action_msgs/include/action_msgs/msg/detail/microxrcedds
[11.050s] -- Installing: /home/abdelrhaman/microros_ws/install/action_msgs/include/action_msgs/msg/rosidl_typesupport_microxrcedds_c__visibility_control.h
[11.050s] -- Installing: /home/abdelrhaman/microros_ws/install/action_msgs/lib/libaction_msgs__rosidl_typesupport_microxrcedds_c.so
[11.050s] -- Set runtime path of "/home/abdelrhaman/microros_ws/install/action_msgs/lib/libaction_msgs__rosidl_typesupport_microxrcedds_c.so" to ""
[11.050s] -- Up-to-date: /home/abdelrhaman/microros_ws/install/action_msgs/include/action_msgs/action_msgs
[11.050s] -- Up-to-date: /home/abdelrhaman/microros_ws/install/action_msgs/include/action_msgs/action_msgs/srv
[11.050s] -- Up-to-date: /home/abdelrhaman/microros_ws/install/action_msgs/include/action_msgs/action_msgs/srv/detail
[11.050s] -- Installing: /home/abdelrhaman/microros_ws/install/action_msgs/include/action_msgs/action_msgs/srv/detail/cancel_goal__type_support.c
[11.051s] -- Installing: /home/abdelrhaman/microros_ws/install/action_msgs/include/action_msgs/action_msgs/srv/detail/cancel_goal__rosidl_typesupport_introspection_c.h
[11.051s] -- Up-to-date: /home/abdelrhaman/microros_ws/install/action_msgs/include/action_msgs/action_msgs/msg
[11.052s] -- Installing: /home/abdelrhaman/microros_ws/install/action_msgs/include/action_msgs/action_msgs/msg/rosidl_typesupport_introspection_c__visibility_control.h
[11.052s] -- Up-to-date: /home/abdelrhaman/microros_ws/install/action_msgs/include/action_msgs/action_msgs/msg/detail
[11.052s] -- Installing: /home/abdelrhaman/microros_ws/install/action_msgs/include/action_msgs/action_msgs/msg/detail/goal_info__type_support.c
[11.052s] -- Installing: /home/abdelrhaman/microros_ws/install/action_msgs/include/action_msgs/action_msgs/msg/detail/goal_status_array__rosidl_typesupport_introspection_c.h
[11.052s] -- Installing: /home/abdelrhaman/microros_ws/install/action_msgs/include/action_msgs/action_msgs/msg/detail/goal_status__rosidl_typesupport_introspection_c.h
[11.052s] -- Installing: /home/abdelrhaman/microros_ws/install/action_msgs/include/action_msgs/action_msgs/msg/detail/goal_status_array__type_support.c
[11.052s] -- Installing: /home/abdelrhaman/microros_ws/install/action_msgs/include/action_msgs/action_msgs/msg/detail/goal_info__rosidl_typesupport_introspection_c.h
[11.052s] -- Installing: /home/abdelrhaman/microros_ws/install/action_msgs/include/action_msgs/action_msgs/msg/detail/goal_status__type_support.c
[11.052s] -- Installing: /home/abdelrhaman/microros_ws/install/action_msgs/lib/libaction_msgs__rosidl_typesupport_introspection_c.so
[11.053s] -- Set runtime path of "/home/abdelrhaman/microros_ws/install/action_msgs/lib/libaction_msgs__rosidl_typesupport_introspection_c.so" to ""
[11.053s] -- Installing: /home/abdelrhaman/microros_ws/install/action_msgs/lib/libaction_msgs__rosidl_typesupport_c.so
[11.056s] -- Set runtime path of "/home/abdelrhaman/microros_ws/install/action_msgs/lib/libaction_msgs__rosidl_typesupport_c.so" to ""
[11.056s] -- Up-to-date: /home/abdelrhaman/microros_ws/install/action_msgs/include/action_msgs
[11.056s] -- Up-to-date: /home/abdelrhaman/microros_ws/install/action_msgs/include/action_msgs/srv
[11.056s] -- Up-to-date: /home/abdelrhaman/microros_ws/install/action_msgs/include/action_msgs/srv/detail
[11.056s] -- Up-to-date: /home/abdelrhaman/microros_ws/install/action_msgs/include/action_msgs/srv/detail/microxrcedds
[11.057s] -- Installing: /home/abdelrhaman/microros_ws/install/action_msgs/include/action_msgs/srv/detail/microxrcedds/cancel_goal__type_support_cpp.cpp
[11.057s] -- Installing: /home/abdelrhaman/microros_ws/install/action_msgs/include/action_msgs/srv/detail/cancel_goal__rosidl_typesupport_microxrcedds_cpp.hpp
[11.057s] -- Up-to-date: /home/abdelrhaman/microros_ws/install/action_msgs/include/action_msgs/msg
[11.057s] -- Up-to-date: /home/abdelrhaman/microros_ws/install/action_msgs/include/action_msgs/msg/detail
[11.057s] -- Installing: /home/abdelrhaman/microros_ws/install/action_msgs/include/action_msgs/msg/detail/goal_status__rosidl_typesupport_microxrcedds_cpp.hpp
[11.057s] -- Installing: /home/abdelrhaman/microros_ws/install/action_msgs/include/action_msgs/msg/detail/goal_status_array__rosidl_typesupport_microxrcedds_cpp.hpp
[11.057s] -- Up-to-date: /home/abdelrhaman/microros_ws/install/action_msgs/include/action_msgs/msg/detail/microxrcedds
[11.057s] -- Installing: /home/abdelrhaman/microros_ws/install/action_msgs/include/action_msgs/msg/detail/microxrcedds/goal_info__type_support_cpp.cpp
[11.058s] -- Installing: /home/abdelrhaman/microros_ws/install/action_msgs/include/action_msgs/msg/detail/microxrcedds/goal_status__type_support_cpp.cpp
[11.058s] -- Installing: /home/abdelrhaman/microros_ws/install/action_msgs/include/action_msgs/msg/detail/microxrcedds/goal_status_array__type_support_cpp.cpp
[11.058s] -- Installing: /home/abdelrhaman/microros_ws/install/action_msgs/include/action_msgs/msg/detail/goal_info__rosidl_typesupport_microxrcedds_cpp.hpp
[11.058s] -- Installing: /home/abdelrhaman/microros_ws/install/action_msgs/include/action_msgs/msg/rosidl_typesupport_microxrcedds_cpp__visibility_control.h
[11.069s] -- Installing: /home/abdelrhaman/microros_ws/install/action_msgs/lib/libaction_msgs__rosidl_typesupport_microxrcedds_cpp.so
[11.069s] -- Set runtime path of "/home/abdelrhaman/microros_ws/install/action_msgs/lib/libaction_msgs__rosidl_typesupport_microxrcedds_cpp.so" to ""
[11.069s] -- Up-to-date: /home/abdelrhaman/microros_ws/install/action_msgs/include/action_msgs/action_msgs
[11.069s] -- Up-to-date: /home/abdelrhaman/microros_ws/install/action_msgs/include/action_msgs/action_msgs/srv
[11.069s] -- Up-to-date: /home/abdelrhaman/microros_ws/install/action_msgs/include/action_msgs/action_msgs/srv/detail
[11.069s] -- Installing: /home/abdelrhaman/microros_ws/install/action_msgs/include/action_msgs/action_msgs/srv/detail/cancel_goal__type_support.cpp
[11.069s] -- Installing: /home/abdelrhaman/microros_ws/install/action_msgs/include/action_msgs/action_msgs/srv/detail/cancel_goal__rosidl_typesupport_introspection_cpp.hpp
[11.069s] -- Up-to-date: /home/abdelrhaman/microros_ws/install/action_msgs/include/action_msgs/action_msgs/msg
[11.069s] -- Up-to-date: /home/abdelrhaman/microros_ws/install/action_msgs/include/action_msgs/action_msgs/msg/detail
[11.069s] -- Installing: /home/abdelrhaman/microros_ws/install/action_msgs/include/action_msgs/action_msgs/msg/detail/goal_status_array__type_support.cpp
[11.070s] -- Installing: /home/abdelrhaman/microros_ws/install/action_msgs/include/action_msgs/action_msgs/msg/detail/goal_info__type_support.cpp
[11.070s] -- Installing: /home/abdelrhaman/microros_ws/install/action_msgs/include/action_msgs/action_msgs/msg/detail/goal_status_array__rosidl_typesupport_introspection_cpp.hpp
[11.070s] -- Installing: /home/abdelrhaman/microros_ws/install/action_msgs/include/action_msgs/action_msgs/msg/detail/goal_info__rosidl_typesupport_introspection_cpp.hpp
[11.070s] -- Installing: /home/abdelrhaman/microros_ws/install/action_msgs/include/action_msgs/action_msgs/msg/detail/goal_status__type_support.cpp
[11.070s] -- Installing: /home/abdelrhaman/microros_ws/install/action_msgs/include/action_msgs/action_msgs/msg/detail/goal_status__rosidl_typesupport_introspection_cpp.hpp
[11.070s] -- Installing: /home/abdelrhaman/microros_ws/install/action_msgs/lib/libaction_msgs__rosidl_typesupport_introspection_cpp.so
[11.070s] -- Set runtime path of "/home/abdelrhaman/microros_ws/install/action_msgs/lib/libaction_msgs__rosidl_typesupport_introspection_cpp.so" to ""
[11.070s] -- Installing: /home/abdelrhaman/microros_ws/install/action_msgs/lib/libaction_msgs__rosidl_typesupport_cpp.so
[11.070s] -- Set runtime path of "/home/abdelrhaman/microros_ws/install/action_msgs/lib/libaction_msgs__rosidl_typesupport_cpp.so" to ""
[11.070s] -- Installing: /home/abdelrhaman/microros_ws/install/action_msgs/share/action_msgs/environment/pythonpath.sh
[11.070s] -- Installing: /home/abdelrhaman/microros_ws/install/action_msgs/share/action_msgs/environment/pythonpath.dsv
[11.070s] -- Installing: /home/abdelrhaman/microros_ws/install/action_msgs/local/lib/python3.10/dist-packages/action_msgs-1.2.1-py3.10.egg-info
[11.070s] -- Installing: /home/abdelrhaman/microros_ws/install/action_msgs/local/lib/python3.10/dist-packages/action_msgs-1.2.1-py3.10.egg-info/PKG-INFO
[11.070s] -- Installing: /home/abdelrhaman/microros_ws/install/action_msgs/local/lib/python3.10/dist-packages/action_msgs-1.2.1-py3.10.egg-info/SOURCES.txt
[11.070s] -- Installing: /home/abdelrhaman/microros_ws/install/action_msgs/local/lib/python3.10/dist-packages/action_msgs-1.2.1-py3.10.egg-info/top_level.txt
[11.070s] -- Installing: /home/abdelrhaman/microros_ws/install/action_msgs/local/lib/python3.10/dist-packages/action_msgs-1.2.1-py3.10.egg-info/dependency_links.txt
[11.070s] -- Installing: /home/abdelrhaman/microros_ws/install/action_msgs/local/lib/python3.10/dist-packages/action_msgs
[11.070s] -- Installing: /home/abdelrhaman/microros_ws/install/action_msgs/local/lib/python3.10/dist-packages/action_msgs/_action_msgs_s.ep.rosidl_typesupport_fastrtps_c.c
[11.071s] -- Installing: /home/abdelrhaman/microros_ws/install/action_msgs/local/lib/python3.10/dist-packages/action_msgs/srv
[11.071s] -- Installing: /home/abdelrhaman/microros_ws/install/action_msgs/local/lib/python3.10/dist-packages/action_msgs/srv/_cancel_goal.py
[11.071s] -- Installing: /home/abdelrhaman/microros_ws/install/action_msgs/local/lib/python3.10/dist-packages/action_msgs/srv/__init__.py
[11.071s] -- Installing: /home/abdelrhaman/microros_ws/install/action_msgs/local/lib/python3.10/dist-packages/action_msgs/srv/_cancel_goal_s.c
[11.071s] -- Installing: /home/abdelrhaman/microros_ws/install/action_msgs/local/lib/python3.10/dist-packages/action_msgs/_action_msgs_s.ep.rosidl_typesupport_introspection_c.c
[11.071s] -- Installing: /home/abdelrhaman/microros_ws/install/action_msgs/local/lib/python3.10/dist-packages/action_msgs/__init__.py
[11.071s] -- Installing: /home/abdelrhaman/microros_ws/install/action_msgs/local/lib/python3.10/dist-packages/action_msgs/action_msgs_s__rosidl_typesupport_fastrtps_c.cpython-310-x86_64-linux-gnu.so
[11.071s] -- Installing: /home/abdelrhaman/microros_ws/install/action_msgs/local/lib/python3.10/dist-packages/action_msgs/action_msgs_s__rosidl_typesupport_microxrcedds_c.cpython-310-x86_64-linux-gnu.so
[11.071s] -- Installing: /home/abdelrhaman/microros_ws/install/action_msgs/local/lib/python3.10/dist-packages/action_msgs/msg
[11.071s] -- Installing: /home/abdelrhaman/microros_ws/install/action_msgs/local/lib/python3.10/dist-packages/action_msgs/msg/_goal_status_array.py
[11.071s] -- Installing: /home/abdelrhaman/microros_ws/install/action_msgs/local/lib/python3.10/dist-packages/action_msgs/msg/_goal_info_s.c
[11.071s] -- Installing: /home/abdelrhaman/microros_ws/install/action_msgs/local/lib/python3.10/dist-packages/action_msgs/msg/_goal_status_array_s.c
[11.071s] -- Installing: /home/abdelrhaman/microros_ws/install/action_msgs/local/lib/python3.10/dist-packages/action_msgs/msg/_goal_status_s.c
[11.071s] -- Installing: /home/abdelrhaman/microros_ws/install/action_msgs/local/lib/python3.10/dist-packages/action_msgs/msg/_goal_status.py
[11.071s] -- Installing: /home/abdelrhaman/microros_ws/install/action_msgs/local/lib/python3.10/dist-packages/action_msgs/msg/__init__.py
[11.071s] -- Installing: /home/abdelrhaman/microros_ws/install/action_msgs/local/lib/python3.10/dist-packages/action_msgs/msg/_goal_info.py
[11.071s] -- Installing: /home/abdelrhaman/microros_ws/install/action_msgs/local/lib/python3.10/dist-packages/action_msgs/action_msgs_s__rosidl_typesupport_introspection_c.cpython-310-x86_64-linux-gnu.so
[11.071s] -- Installing: /home/abdelrhaman/microros_ws/install/action_msgs/local/lib/python3.10/dist-packages/action_msgs/action_msgs_s__rosidl_typesupport_c.cpython-310-x86_64-linux-gnu.so
[11.071s] -- Installing: /home/abdelrhaman/microros_ws/install/action_msgs/local/lib/python3.10/dist-packages/action_msgs/_action_msgs_s.ep.rosidl_typesupport_microxrcedds_c.c
[11.071s] -- Installing: /home/abdelrhaman/microros_ws/install/action_msgs/local/lib/python3.10/dist-packages/action_msgs/_action_msgs_s.ep.rosidl_typesupport_c.c
[11.071s] -- Installing: /home/abdelrhaman/microros_ws/install/action_msgs/local/lib/python3.10/dist-packages/action_msgs/libaction_msgs__rosidl_generator_py.so
[11.337s] Listing '/home/abdelrhaman/microros_ws/install/action_msgs/local/lib/python3.10/dist-packages/action_msgs'...
[11.337s] Compiling '/home/abdelrhaman/microros_ws/install/action_msgs/local/lib/python3.10/dist-packages/action_msgs/__init__.py'...
[11.337s] Listing '/home/abdelrhaman/microros_ws/install/action_msgs/local/lib/python3.10/dist-packages/action_msgs/msg'...
[11.337s] Compiling '/home/abdelrhaman/microros_ws/install/action_msgs/local/lib/python3.10/dist-packages/action_msgs/msg/__init__.py'...
[11.338s] Compiling '/home/abdelrhaman/microros_ws/install/action_msgs/local/lib/python3.10/dist-packages/action_msgs/msg/_goal_info.py'...
[11.338s] Compiling '/home/abdelrhaman/microros_ws/install/action_msgs/local/lib/python3.10/dist-packages/action_msgs/msg/_goal_status.py'...
[11.338s] Compiling '/home/abdelrhaman/microros_ws/install/action_msgs/local/lib/python3.10/dist-packages/action_msgs/msg/_goal_status_array.py'...
[11.338s] Listing '/home/abdelrhaman/microros_ws/install/action_msgs/local/lib/python3.10/dist-packages/action_msgs/srv'...
[11.338s] Compiling '/home/abdelrhaman/microros_ws/install/action_msgs/local/lib/python3.10/dist-packages/action_msgs/srv/__init__.py'...
[11.338s] Compiling '/home/abdelrhaman/microros_ws/install/action_msgs/local/lib/python3.10/dist-packages/action_msgs/srv/_cancel_goal.py'...
[11.369s] -- Installing: /home/abdelrhaman/microros_ws/install/action_msgs/local/lib/python3.10/dist-packages/action_msgs/action_msgs_s__rosidl_typesupport_microxrcedds_c.cpython-310-x86_64-linux-gnu.so
[11.375s] -- Set runtime path of "/home/abdelrhaman/microros_ws/install/action_msgs/local/lib/python3.10/dist-packages/action_msgs/action_msgs_s__rosidl_typesupport_microxrcedds_c.cpython-310-x86_64-linux-gnu.so" to ""
[11.375s] -- Installing: /home/abdelrhaman/microros_ws/install/action_msgs/local/lib/python3.10/dist-packages/action_msgs/action_msgs_s__rosidl_typesupport_fastrtps_c.cpython-310-x86_64-linux-gnu.so
[11.375s] -- Set runtime path of "/home/abdelrhaman/microros_ws/install/action_msgs/local/lib/python3.10/dist-packages/action_msgs/action_msgs_s__rosidl_typesupport_fastrtps_c.cpython-310-x86_64-linux-gnu.so" to ""
[11.376s] -- Installing: /home/abdelrhaman/microros_ws/install/action_msgs/local/lib/python3.10/dist-packages/action_msgs/action_msgs_s__rosidl_typesupport_introspection_c.cpython-310-x86_64-linux-gnu.so
[11.384s] -- Set runtime path of "/home/abdelrhaman/microros_ws/install/action_msgs/local/lib/python3.10/dist-packages/action_msgs/action_msgs_s__rosidl_typesupport_introspection_c.cpython-310-x86_64-linux-gnu.so" to ""
[11.384s] -- Installing: /home/abdelrhaman/microros_ws/install/action_msgs/local/lib/python3.10/dist-packages/action_msgs/action_msgs_s__rosidl_typesupport_c.cpython-310-x86_64-linux-gnu.so
[11.385s] -- Set runtime path of "/home/abdelrhaman/microros_ws/install/action_msgs/local/lib/python3.10/dist-packages/action_msgs/action_msgs_s__rosidl_typesupport_c.cpython-310-x86_64-linux-gnu.so" to ""
[11.386s] -- Installing: /home/abdelrhaman/microros_ws/install/action_msgs/lib/libaction_msgs__rosidl_generator_py.so
[11.386s] -- Set runtime path of "/home/abdelrhaman/microros_ws/install/action_msgs/lib/libaction_msgs__rosidl_generator_py.so" to ""
[11.386s] -- Installing: /home/abdelrhaman/microros_ws/install/action_msgs/share/action_msgs/msg/GoalInfo.idl
[11.387s] -- Installing: /home/abdelrhaman/microros_ws/install/action_msgs/share/action_msgs/msg/GoalStatus.idl
[11.391s] -- Installing: /home/abdelrhaman/microros_ws/install/action_msgs/share/action_msgs/msg/GoalStatusArray.idl
[11.391s] -- Installing: /home/abdelrhaman/microros_ws/install/action_msgs/share/action_msgs/srv/CancelGoal.idl
[11.391s] -- Installing: /home/abdelrhaman/microros_ws/install/action_msgs/share/action_msgs/msg/GoalInfo.msg
[11.399s] -- Installing: /home/abdelrhaman/microros_ws/install/action_msgs/share/action_msgs/msg/GoalStatus.msg
[11.399s] -- Installing: /home/abdelrhaman/microros_ws/install/action_msgs/share/action_msgs/msg/GoalStatusArray.msg
[11.399s] -- Installing: /home/abdelrhaman/microros_ws/install/action_msgs/share/action_msgs/srv/CancelGoal.srv
[11.399s] -- Installing: /home/abdelrhaman/microros_ws/install/action_msgs/share/action_msgs/srv/CancelGoal_Request.msg
[11.400s] -- Installing: /home/abdelrhaman/microros_ws/install/action_msgs/share/action_msgs/srv/CancelGoal_Response.msg
[11.401s] -- Installing: /home/abdelrhaman/microros_ws/install/action_msgs/share/ament_index/resource_index/package_run_dependencies/action_msgs
[11.401s] -- Installing: /home/abdelrhaman/microros_ws/install/action_msgs/share/ament_index/resource_index/parent_prefix_path/action_msgs
[11.402s] -- Installing: /home/abdelrhaman/microros_ws/install/action_msgs/share/action_msgs/environment/ament_prefix_path.sh
[11.402s] -- Installing: /home/abdelrhaman/microros_ws/install/action_msgs/share/action_msgs/environment/ament_prefix_path.dsv
[11.402s] -- Installing: /home/abdelrhaman/microros_ws/install/action_msgs/share/action_msgs/environment/path.sh
[11.402s] -- Installing: /home/abdelrhaman/microros_ws/install/action_msgs/share/action_msgs/environment/path.dsv
[11.402s] -- Installing: /home/abdelrhaman/microros_ws/install/action_msgs/share/action_msgs/local_setup.bash
[11.406s] -- Installing: /home/abdelrhaman/microros_ws/install/action_msgs/share/action_msgs/local_setup.sh
[11.406s] -- Installing: /home/abdelrhaman/microros_ws/install/action_msgs/share/action_msgs/local_setup.zsh
[11.406s] -- Installing: /home/abdelrhaman/microros_ws/install/action_msgs/share/action_msgs/local_setup.dsv
[11.406s] -- Installing: /home/abdelrhaman/microros_ws/install/action_msgs/share/action_msgs/package.dsv
[11.406s] -- Installing: /home/abdelrhaman/microros_ws/install/action_msgs/share/ament_index/resource_index/packages/action_msgs
[11.407s] -- Installing: /home/abdelrhaman/microros_ws/install/action_msgs/share/action_msgs/cmake/export_action_msgs__rosidl_generator_cExport.cmake
[11.416s] -- Installing: /home/abdelrhaman/microros_ws/install/action_msgs/share/action_msgs/cmake/export_action_msgs__rosidl_generator_cExport-noconfig.cmake
[11.416s] -- Installing: /home/abdelrhaman/microros_ws/install/action_msgs/share/action_msgs/cmake/export_action_msgs__rosidl_typesupport_fastrtps_cExport.cmake
[11.417s] -- Installing: /home/abdelrhaman/microros_ws/install/action_msgs/share/action_msgs/cmake/export_action_msgs__rosidl_typesupport_fastrtps_cExport-noconfig.cmake
[11.417s] -- Installing: /home/abdelrhaman/microros_ws/install/action_msgs/share/action_msgs/cmake/export_action_msgs__rosidl_generator_cppExport.cmake
[11.418s] -- Installing: /home/abdelrhaman/microros_ws/install/action_msgs/share/action_msgs/cmake/export_action_msgs__rosidl_typesupport_fastrtps_cppExport.cmake
[11.419s] -- Installing: /home/abdelrhaman/microros_ws/install/action_msgs/share/action_msgs/cmake/export_action_msgs__rosidl_typesupport_fastrtps_cppExport-noconfig.cmake
[11.419s] -- Installing: /home/abdelrhaman/microros_ws/install/action_msgs/share/action_msgs/cmake/action_msgs__rosidl_typesupport_introspection_cExport.cmake
[11.419s] -- Installing: /home/abdelrhaman/microros_ws/install/action_msgs/share/action_msgs/cmake/action_msgs__rosidl_typesupport_introspection_cExport-noconfig.cmake
[11.419s] -- Installing: /home/abdelrhaman/microros_ws/install/action_msgs/share/action_msgs/cmake/action_msgs__rosidl_typesupport_cExport.cmake
[11.419s] -- Installing: /home/abdelrhaman/microros_ws/install/action_msgs/share/action_msgs/cmake/action_msgs__rosidl_typesupport_cExport-noconfig.cmake
[11.419s] -- Installing: /home/abdelrhaman/microros_ws/install/action_msgs/share/action_msgs/cmake/action_msgs__rosidl_typesupport_introspection_cppExport.cmake
[11.419s] -- Installing: /home/abdelrhaman/microros_ws/install/action_msgs/share/action_msgs/cmake/action_msgs__rosidl_typesupport_introspection_cppExport-noconfig.cmake
[11.424s] -- Installing: /home/abdelrhaman/microros_ws/install/action_msgs/share/action_msgs/cmake/action_msgs__rosidl_typesupport_cppExport.cmake
[11.427s] -- Installing: /home/abdelrhaman/microros_ws/install/action_msgs/share/action_msgs/cmake/action_msgs__rosidl_typesupport_cppExport-noconfig.cmake
[11.427s] -- Installing: /home/abdelrhaman/microros_ws/install/action_msgs/share/action_msgs/cmake/export_action_msgs__rosidl_generator_pyExport.cmake
[11.427s] -- Installing: /home/abdelrhaman/microros_ws/install/action_msgs/share/action_msgs/cmake/export_action_msgs__rosidl_generator_pyExport-noconfig.cmake
[11.433s] -- Installing: /home/abdelrhaman/microros_ws/install/action_msgs/share/action_msgs/cmake/rosidl_cmake-extras.cmake
[11.446s] -- Installing: /home/abdelrhaman/microros_ws/install/action_msgs/share/action_msgs/cmake/ament_cmake_export_dependencies-extras.cmake
[11.446s] -- Installing: /home/abdelrhaman/microros_ws/install/action_msgs/share/action_msgs/cmake/ament_cmake_export_include_directories-extras.cmake
[11.446s] -- Installing: /home/abdelrhaman/microros_ws/install/action_msgs/share/action_msgs/cmake/ament_cmake_export_libraries-extras.cmake
[11.446s] -- Installing: /home/abdelrhaman/microros_ws/install/action_msgs/share/action_msgs/cmake/ament_cmake_export_targets-extras.cmake
[11.446s] -- Installing: /home/abdelrhaman/microros_ws/install/action_msgs/share/action_msgs/cmake/rosidl_cmake_export_typesupport_targets-extras.cmake
[11.446s] -- Installing: /home/abdelrhaman/microros_ws/install/action_msgs/share/action_msgs/cmake/rosidl_cmake_export_typesupport_libraries-extras.cmake
[11.447s] -- Installing: /home/abdelrhaman/microros_ws/install/action_msgs/share/action_msgs/cmake/action_msgsConfig.cmake
[11.447s] -- Installing: /home/abdelrhaman/microros_ws/install/action_msgs/share/action_msgs/cmake/action_msgsConfig-version.cmake
[11.447s] -- Installing: /home/abdelrhaman/microros_ws/install/action_msgs/share/action_msgs/package.xml
[11.486s] Invoked command in '/home/abdelrhaman/microros_ws/build/action_msgs' returned '0': AMENT_PREFIX_PATH=/home/abdelrhaman/microros_ws/install/unique_identifier_msgs:/home/abdelrhaman/microros_ws/install/builtin_interfaces:${AMENT_PREFIX_PATH} CMAKE_PREFIX_PATH=/home/abdelrhaman/microros_ws/install/unique_identifier_msgs:/home/abdelrhaman/microros_ws/install/builtin_interfaces:/home/abdelrhaman/microros_ws/install/rosidl_typesupport_microxrcedds_cpp:/home/abdelrhaman/microros_ws/install/rosidl_typesupport_microxrcedds_c:/home/abdelrhaman/microros_ws/install/microcdr:/home/abdelrhaman/microros_ws/install/micro_ros_setup:/home/abdelrhaman/ros/install/my_robot_controller:/opt/ros/humble LD_LIBRARY_PATH=/home/abdelrhaman/microros_ws/install/unique_identifier_msgs/lib:/home/abdelrhaman/microros_ws/install/builtin_interfaces/lib:${LD_LIBRARY_PATH} PYTHONPATH=/home/abdelrhaman/microros_ws/install/unique_identifier_msgs/local/lib/python3.10/dist-packages:/home/abdelrhaman/microros_ws/install/builtin_interfaces/local/lib/python3.10/dist-packages:${PYTHONPATH} /usr/bin/cmake --install /home/abdelrhaman/microros_ws/build/action_msgs
