[0.025s] Invoking command in '/home/abdelrhaman/microros_ws/build/shape_msgs': AMENT_PREFIX_PATH=/home/abdelrhaman/microros_ws/install/geometry_msgs:/home/abdelrhaman/microros_ws/install/std_msgs:/home/abdelrhaman/microros_ws/install/builtin_interfaces:${AMENT_PREFIX_PATH} CMAKE_PREFIX_PATH=/home/abdelrhaman/microros_ws/install/geometry_msgs:/home/abdelrhaman/microros_ws/install/std_msgs:/home/abdelrhaman/microros_ws/install/builtin_interfaces:/home/abdelrhaman/ros/install/my_robot_controller:/opt/ros/humble LD_LIBRARY_PATH=/home/abdelrhaman/microros_ws/install/geometry_msgs/lib:/home/abdelrhaman/microros_ws/install/std_msgs/lib:/home/abdelrhaman/microros_ws/install/builtin_interfaces/lib:${LD_LIBRARY_PATH} PYTHONPATH=/home/abdelrhaman/microros_ws/install/geometry_msgs/local/lib/python3.10/dist-packages:/home/abdelrhaman/microros_ws/install/std_msgs/local/lib/python3.10/dist-packages:/home/abdelrhaman/microros_ws/install/builtin_interfaces/local/lib/python3.10/dist-packages:${PYTHONPATH} /usr/bin/cmake /home/abdelrhaman/microros_ws/src/ros2/common_interfaces/shape_msgs -DCMAKE_INSTALL_PREFIX=/home/abdelrhaman/microros_ws/install/shape_msgs
[0.036s] -- Found ament_cmake: 1.3.10 (/opt/ros/humble/share/ament_cmake/cmake)
[0.128s] -- Found geometry_msgs: 4.2.4 (/home/abdelrhaman/microros_ws/install/geometry_msgs/share/geometry_msgs/cmake)
[0.144s] -- Found rosidl_generator_c: 3.1.5 (/opt/ros/humble/share/rosidl_generator_c/cmake)
[0.145s] -- Found rosidl_adapter: 3.1.5 (/opt/ros/humble/share/rosidl_adapter/cmake)
[0.149s] -- Found rosidl_generator_cpp: 3.1.5 (/opt/ros/humble/share/rosidl_generator_cpp/cmake)
[0.156s] -- Using all available rosidl_typesupport_c: rosidl_typesupport_fastrtps_c;rosidl_typesupport_introspection_c
[0.164s] -- Using all available rosidl_typesupport_cpp: rosidl_typesupport_fastrtps_cpp;rosidl_typesupport_introspection_cpp
[0.188s] -- Found rosidl_default_generators: 1.2.0 (/opt/ros/humble/share/rosidl_default_generators/cmake)
[0.407s] -- Found ament_cmake_ros: 0.10.0 (/opt/ros/humble/share/ament_cmake_ros/cmake)
[0.706s] -- Using all available rosidl_typesupport_c: rosidl_typesupport_fastrtps_c;rosidl_typesupport_introspection_c
[0.845s] -- Using all available rosidl_typesupport_cpp: rosidl_typesupport_fastrtps_cpp;rosidl_typesupport_introspection_cpp
[0.862s] -- Found python_cmake_module: 0.10.0 (/opt/ros/humble/share/python_cmake_module/cmake)
[0.882s] -- Using PYTHON_EXECUTABLE: /usr/bin/python3
[0.882s] -- Using PYTHON_INCLUDE_DIRS: /usr/include/python3.10
[0.882s] -- Using PYTHON_LIBRARIES: /usr/lib/x86_64-linux-gnu/libpython3.10.so
[0.918s] -- Configuring done
[0.958s] -- Generating done
[0.961s] -- Build files have been written to: /home/abdelrhaman/microros_ws/build/shape_msgs
[0.969s] Invoked command in '/home/abdelrhaman/microros_ws/build/shape_msgs' returned '0': AMENT_PREFIX_PATH=/home/abdelrhaman/microros_ws/install/geometry_msgs:/home/abdelrhaman/microros_ws/install/std_msgs:/home/abdelrhaman/microros_ws/install/builtin_interfaces:${AMENT_PREFIX_PATH} CMAKE_PREFIX_PATH=/home/abdelrhaman/microros_ws/install/geometry_msgs:/home/abdelrhaman/microros_ws/install/std_msgs:/home/abdelrhaman/microros_ws/install/builtin_interfaces:/home/abdelrhaman/ros/install/my_robot_controller:/opt/ros/humble LD_LIBRARY_PATH=/home/abdelrhaman/microros_ws/install/geometry_msgs/lib:/home/abdelrhaman/microros_ws/install/std_msgs/lib:/home/abdelrhaman/microros_ws/install/builtin_interfaces/lib:${LD_LIBRARY_PATH} PYTHONPATH=/home/abdelrhaman/microros_ws/install/geometry_msgs/local/lib/python3.10/dist-packages:/home/abdelrhaman/microros_ws/install/std_msgs/local/lib/python3.10/dist-packages:/home/abdelrhaman/microros_ws/install/builtin_interfaces/local/lib/python3.10/dist-packages:${PYTHONPATH} /usr/bin/cmake /home/abdelrhaman/microros_ws/src/ros2/common_interfaces/shape_msgs -DCMAKE_INSTALL_PREFIX=/home/abdelrhaman/microros_ws/install/shape_msgs
[0.970s] Invoking command in '/home/abdelrhaman/microros_ws/build/shape_msgs': AMENT_PREFIX_PATH=/home/abdelrhaman/microros_ws/install/geometry_msgs:/home/abdelrhaman/microros_ws/install/std_msgs:/home/abdelrhaman/microros_ws/install/builtin_interfaces:${AMENT_PREFIX_PATH} CMAKE_PREFIX_PATH=/home/abdelrhaman/microros_ws/install/geometry_msgs:/home/abdelrhaman/microros_ws/install/std_msgs:/home/abdelrhaman/microros_ws/install/builtin_interfaces:/home/abdelrhaman/ros/install/my_robot_controller:/opt/ros/humble LD_LIBRARY_PATH=/home/abdelrhaman/microros_ws/install/geometry_msgs/lib:/home/abdelrhaman/microros_ws/install/std_msgs/lib:/home/abdelrhaman/microros_ws/install/builtin_interfaces/lib:${LD_LIBRARY_PATH} PYTHONPATH=/home/abdelrhaman/microros_ws/install/geometry_msgs/local/lib/python3.10/dist-packages:/home/abdelrhaman/microros_ws/install/std_msgs/local/lib/python3.10/dist-packages:/home/abdelrhaman/microros_ws/install/builtin_interfaces/local/lib/python3.10/dist-packages:${PYTHONPATH} /usr/bin/cmake --build /home/abdelrhaman/microros_ws/build/shape_msgs -- -j20 -l20
[1.004s] [35m[1mConsolidate compiler generated dependencies of target shape_msgs__rosidl_generator_c[0m
[1.011s] [ 10%] Built target shape_msgs__rosidl_generator_c
[1.013s] [ 12%] Built target shape_msgs__cpp
[1.020s] [35m[1mConsolidate compiler generated dependencies of target shape_msgs__rosidl_typesupport_introspection_c[0m
[1.021s] [35m[1mConsolidate compiler generated dependencies of target shape_msgs__rosidl_typesupport_introspection_cpp[0m
[1.022s] [ 14%] [34m[1mGenerating C type support dispatch for ROS interfaces[0m
[1.023s] [ 16%] [34m[1mGenerating C++ type support dispatch for ROS interfaces[0m
[1.024s] [35m[1mConsolidate compiler generated dependencies of target shape_msgs__rosidl_typesupport_fastrtps_c[0m
[1.025s] [ 16%] Built target ament_cmake_python_copy_shape_msgs
[1.025s] [35m[1mConsolidate compiler generated dependencies of target shape_msgs__rosidl_typesupport_fastrtps_cpp[0m
[1.028s] [ 27%] Built target shape_msgs__rosidl_typesupport_introspection_c
[1.029s] [ 38%] Built target shape_msgs__rosidl_typesupport_introspection_cpp
[1.035s] [ 49%] Built target shape_msgs__rosidl_typesupport_fastrtps_cpp
[1.035s] [ 60%] Built target shape_msgs__rosidl_typesupport_fastrtps_c
[1.335s] [35m[1mConsolidate compiler generated dependencies of target shape_msgs__rosidl_typesupport_c[0m
[1.345s] [ 61%] [32mBuilding CXX object CMakeFiles/shape_msgs__rosidl_typesupport_c.dir/rosidl_typesupport_c/shape_msgs/msg/mesh__type_support.cpp.o[0m
[1.345s] [ 65%] [32mBuilding CXX object CMakeFiles/shape_msgs__rosidl_typesupport_c.dir/rosidl_typesupport_c/shape_msgs/msg/plane__type_support.cpp.o[0m
[1.345s] [ 65%] [32mBuilding CXX object CMakeFiles/shape_msgs__rosidl_typesupport_c.dir/rosidl_typesupport_c/shape_msgs/msg/solid_primitive__type_support.cpp.o[0m
[1.347s] [ 67%] [32mBuilding CXX object CMakeFiles/shape_msgs__rosidl_typesupport_c.dir/rosidl_typesupport_c/shape_msgs/msg/mesh_triangle__type_support.cpp.o[0m
[1.375s] [ 69%] [32m[1mLinking CXX shared library libshape_msgs__rosidl_typesupport_c.so[0m
[1.415s] [ 69%] Built target shape_msgs__rosidl_typesupport_c
[1.443s] [35m[1mConsolidate compiler generated dependencies of target shape_msgs__rosidl_typesupport_cpp[0m
[1.457s] [ 70%] [32mBuilding CXX object CMakeFiles/shape_msgs__rosidl_typesupport_cpp.dir/rosidl_typesupport_cpp/shape_msgs/msg/mesh__type_support.cpp.o[0m
[1.460s] [ 72%] [32mBuilding CXX object CMakeFiles/shape_msgs__rosidl_typesupport_cpp.dir/rosidl_typesupport_cpp/shape_msgs/msg/mesh_triangle__type_support.cpp.o[0m
[1.461s] [ 74%] [32mBuilding CXX object CMakeFiles/shape_msgs__rosidl_typesupport_cpp.dir/rosidl_typesupport_cpp/shape_msgs/msg/plane__type_support.cpp.o[0m
[1.470s] [ 76%] [32mBuilding CXX object CMakeFiles/shape_msgs__rosidl_typesupport_cpp.dir/rosidl_typesupport_cpp/shape_msgs/msg/solid_primitive__type_support.cpp.o[0m
[1.683s] running egg_info
[1.767s] writing shape_msgs.egg-info/PKG-INFO
[1.827s] writing dependency_links to shape_msgs.egg-info/dependency_links.txt
[1.918s] [ 78%] [32m[1mLinking CXX shared library libshape_msgs__rosidl_typesupport_cpp.so[0m
[1.955s] [ 78%] Built target shape_msgs__rosidl_typesupport_cpp
[1.972s] [ 78%] Built target shape_msgs
[1.998s] [ 80%] Built target shape_msgs__py
[2.008s] [35m[1mConsolidate compiler generated dependencies of target shape_msgs__rosidl_generator_py[0m
[2.020s] [ 81%] [32mBuilding C object CMakeFiles/shape_msgs__rosidl_generator_py.dir/rosidl_generator_py/shape_msgs/msg/_mesh_s.c.o[0m
[2.165s] [ 83%] [32m[1mLinking C shared library rosidl_generator_py/shape_msgs/libshape_msgs__rosidl_generator_py.so[0m
[2.212s] writing top-level names to shape_msgs.egg-info/top_level.txt
[2.220s] [ 89%] Built target shape_msgs__rosidl_generator_py
[2.231s] [35m[1mConsolidate compiler generated dependencies of target shape_msgs__rosidl_typesupport_c__pyext[0m
[2.232s] [35m[1mConsolidate compiler generated dependencies of target shape_msgs__rosidl_typesupport_fastrtps_c__pyext[0m
[2.232s] [35m[1mConsolidate compiler generated dependencies of target shape_msgs__rosidl_typesupport_introspection_c__pyext[0m
[2.245s] [ 92%] [32m[1mLinking C shared library rosidl_generator_py/shape_msgs/shape_msgs_s__rosidl_typesupport_introspection_c.cpython-310-x86_64-linux-gnu.so[0m
[2.245s] [ 94%] [32m[1mLinking C shared library rosidl_generator_py/shape_msgs/shape_msgs_s__rosidl_typesupport_c.cpython-310-x86_64-linux-gnu.so[0m
[2.245s] [ 92%] [32m[1mLinking C shared library rosidl_generator_py/shape_msgs/shape_msgs_s__rosidl_typesupport_fastrtps_c.cpython-310-x86_64-linux-gnu.so[0m
[2.294s] [100%] Built target shape_msgs__rosidl_typesupport_fastrtps_c__pyext
[2.294s] [100%] Built target shape_msgs__rosidl_typesupport_introspection_c__pyext
[2.294s] [100%] Built target shape_msgs__rosidl_typesupport_c__pyext
[2.339s] reading manifest file 'shape_msgs.egg-info/SOURCES.txt'
[2.340s] writing manifest file 'shape_msgs.egg-info/SOURCES.txt'
[2.377s] [100%] Built target ament_cmake_python_build_shape_msgs_egg
[2.387s] Invoked command in '/home/abdelrhaman/microros_ws/build/shape_msgs' returned '0': AMENT_PREFIX_PATH=/home/abdelrhaman/microros_ws/install/geometry_msgs:/home/abdelrhaman/microros_ws/install/std_msgs:/home/abdelrhaman/microros_ws/install/builtin_interfaces:${AMENT_PREFIX_PATH} CMAKE_PREFIX_PATH=/home/abdelrhaman/microros_ws/install/geometry_msgs:/home/abdelrhaman/microros_ws/install/std_msgs:/home/abdelrhaman/microros_ws/install/builtin_interfaces:/home/abdelrhaman/ros/install/my_robot_controller:/opt/ros/humble LD_LIBRARY_PATH=/home/abdelrhaman/microros_ws/install/geometry_msgs/lib:/home/abdelrhaman/microros_ws/install/std_msgs/lib:/home/abdelrhaman/microros_ws/install/builtin_interfaces/lib:${LD_LIBRARY_PATH} PYTHONPATH=/home/abdelrhaman/microros_ws/install/geometry_msgs/local/lib/python3.10/dist-packages:/home/abdelrhaman/microros_ws/install/std_msgs/local/lib/python3.10/dist-packages:/home/abdelrhaman/microros_ws/install/builtin_interfaces/local/lib/python3.10/dist-packages:${PYTHONPATH} /usr/bin/cmake --build /home/abdelrhaman/microros_ws/build/shape_msgs -- -j20 -l20
[2.481s] Invoking command in '/home/abdelrhaman/microros_ws/build/shape_msgs': AMENT_PREFIX_PATH=/home/abdelrhaman/microros_ws/install/geometry_msgs:/home/abdelrhaman/microros_ws/install/std_msgs:/home/abdelrhaman/microros_ws/install/builtin_interfaces:${AMENT_PREFIX_PATH} CMAKE_PREFIX_PATH=/home/abdelrhaman/microros_ws/install/geometry_msgs:/home/abdelrhaman/microros_ws/install/std_msgs:/home/abdelrhaman/microros_ws/install/builtin_interfaces:/home/abdelrhaman/ros/install/my_robot_controller:/opt/ros/humble LD_LIBRARY_PATH=/home/abdelrhaman/microros_ws/install/geometry_msgs/lib:/home/abdelrhaman/microros_ws/install/std_msgs/lib:/home/abdelrhaman/microros_ws/install/builtin_interfaces/lib:${LD_LIBRARY_PATH} PYTHONPATH=/home/abdelrhaman/microros_ws/install/geometry_msgs/local/lib/python3.10/dist-packages:/home/abdelrhaman/microros_ws/install/std_msgs/local/lib/python3.10/dist-packages:/home/abdelrhaman/microros_ws/install/builtin_interfaces/local/lib/python3.10/dist-packages:${PYTHONPATH} /usr/bin/cmake --install /home/abdelrhaman/microros_ws/build/shape_msgs
[2.489s] -- Install configuration: ""
[2.489s] -- Up-to-date: /home/abdelrhaman/microros_ws/install/shape_msgs/share/ament_index/resource_index/rosidl_interfaces/shape_msgs
[2.489s] -- Up-to-date: /home/abdelrhaman/microros_ws/install/shape_msgs/include/shape_msgs/shape_msgs
[2.489s] -- Up-to-date: /home/abdelrhaman/microros_ws/install/shape_msgs/include/shape_msgs/shape_msgs/msg
[2.490s] -- Up-to-date: /home/abdelrhaman/microros_ws/install/shape_msgs/include/shape_msgs/shape_msgs/msg/mesh_triangle.h
[2.490s] -- Up-to-date: /home/abdelrhaman/microros_ws/install/shape_msgs/include/shape_msgs/shape_msgs/msg/rosidl_generator_c__visibility_control.h
[2.490s] -- Up-to-date: /home/abdelrhaman/microros_ws/install/shape_msgs/include/shape_msgs/shape_msgs/msg/solid_primitive.h
[2.490s] -- Up-to-date: /home/abdelrhaman/microros_ws/install/shape_msgs/include/shape_msgs/shape_msgs/msg/detail
[2.490s] -- Up-to-date: /home/abdelrhaman/microros_ws/install/shape_msgs/include/shape_msgs/shape_msgs/msg/detail/solid_primitive__functions.h
[2.490s] -- Up-to-date: /home/abdelrhaman/microros_ws/install/shape_msgs/include/shape_msgs/shape_msgs/msg/detail/plane__functions.c
[2.490s] -- Up-to-date: /home/abdelrhaman/microros_ws/install/shape_msgs/include/shape_msgs/shape_msgs/msg/detail/mesh__struct.h
[2.490s] -- Up-to-date: /home/abdelrhaman/microros_ws/install/shape_msgs/include/shape_msgs/shape_msgs/msg/detail/solid_primitive__functions.c
[2.490s] -- Up-to-date: /home/abdelrhaman/microros_ws/install/shape_msgs/include/shape_msgs/shape_msgs/msg/detail/mesh_triangle__type_support.h
[2.490s] -- Up-to-date: /home/abdelrhaman/microros_ws/install/shape_msgs/include/shape_msgs/shape_msgs/msg/detail/mesh__type_support.h
[2.491s] -- Up-to-date: /home/abdelrhaman/microros_ws/install/shape_msgs/include/shape_msgs/shape_msgs/msg/detail/solid_primitive__type_support.h
[2.491s] -- Up-to-date: /home/abdelrhaman/microros_ws/install/shape_msgs/include/shape_msgs/shape_msgs/msg/detail/mesh_triangle__struct.h
[2.491s] -- Up-to-date: /home/abdelrhaman/microros_ws/install/shape_msgs/include/shape_msgs/shape_msgs/msg/detail/plane__struct.h
[2.491s] -- Up-to-date: /home/abdelrhaman/microros_ws/install/shape_msgs/include/shape_msgs/shape_msgs/msg/detail/mesh__functions.c
[2.491s] -- Up-to-date: /home/abdelrhaman/microros_ws/install/shape_msgs/include/shape_msgs/shape_msgs/msg/detail/plane__functions.h
[2.491s] -- Up-to-date: /home/abdelrhaman/microros_ws/install/shape_msgs/include/shape_msgs/shape_msgs/msg/detail/mesh__functions.h
[2.491s] -- Up-to-date: /home/abdelrhaman/microros_ws/install/shape_msgs/include/shape_msgs/shape_msgs/msg/detail/mesh_triangle__functions.c
[2.491s] -- Up-to-date: /home/abdelrhaman/microros_ws/install/shape_msgs/include/shape_msgs/shape_msgs/msg/detail/solid_primitive__struct.h
[2.491s] -- Up-to-date: /home/abdelrhaman/microros_ws/install/shape_msgs/include/shape_msgs/shape_msgs/msg/detail/mesh_triangle__functions.h
[2.491s] -- Up-to-date: /home/abdelrhaman/microros_ws/install/shape_msgs/include/shape_msgs/shape_msgs/msg/detail/plane__type_support.h
[2.491s] -- Up-to-date: /home/abdelrhaman/microros_ws/install/shape_msgs/include/shape_msgs/shape_msgs/msg/plane.h
[2.492s] -- Up-to-date: /home/abdelrhaman/microros_ws/install/shape_msgs/include/shape_msgs/shape_msgs/msg/mesh.h
[2.492s] -- Up-to-date: /home/abdelrhaman/microros_ws/install/shape_msgs/share/shape_msgs/environment/library_path.sh
[2.492s] -- Installing: /home/abdelrhaman/microros_ws/install/shape_msgs/share/shape_msgs/environment/library_path.dsv
[2.492s] -- Up-to-date: /home/abdelrhaman/microros_ws/install/shape_msgs/lib/libshape_msgs__rosidl_generator_c.so
[2.492s] -- Up-to-date: /home/abdelrhaman/microros_ws/install/shape_msgs/include/shape_msgs/shape_msgs
[2.492s] -- Up-to-date: /home/abdelrhaman/microros_ws/install/shape_msgs/include/shape_msgs/shape_msgs/msg
[2.492s] -- Up-to-date: /home/abdelrhaman/microros_ws/install/shape_msgs/include/shape_msgs/shape_msgs/msg/detail
[2.492s] -- Up-to-date: /home/abdelrhaman/microros_ws/install/shape_msgs/include/shape_msgs/shape_msgs/msg/detail/solid_primitive__rosidl_typesupport_fastrtps_c.h
[2.492s] -- Up-to-date: /home/abdelrhaman/microros_ws/install/shape_msgs/include/shape_msgs/shape_msgs/msg/detail/mesh__rosidl_typesupport_fastrtps_c.h
[2.492s] -- Up-to-date: /home/abdelrhaman/microros_ws/install/shape_msgs/include/shape_msgs/shape_msgs/msg/detail/plane__rosidl_typesupport_fastrtps_c.h
[2.493s] -- Up-to-date: /home/abdelrhaman/microros_ws/install/shape_msgs/include/shape_msgs/shape_msgs/msg/detail/mesh_triangle__rosidl_typesupport_fastrtps_c.h
[2.493s] -- Up-to-date: /home/abdelrhaman/microros_ws/install/shape_msgs/include/shape_msgs/shape_msgs/msg/rosidl_typesupport_fastrtps_c__visibility_control.h
[2.493s] -- Up-to-date: /home/abdelrhaman/microros_ws/install/shape_msgs/lib/libshape_msgs__rosidl_typesupport_fastrtps_c.so
[2.493s] -- Up-to-date: /home/abdelrhaman/microros_ws/install/shape_msgs/include/shape_msgs/shape_msgs
[2.493s] -- Up-to-date: /home/abdelrhaman/microros_ws/install/shape_msgs/include/shape_msgs/shape_msgs/msg
[2.493s] -- Up-to-date: /home/abdelrhaman/microros_ws/install/shape_msgs/include/shape_msgs/shape_msgs/msg/solid_primitive.hpp
[2.493s] -- Up-to-date: /home/abdelrhaman/microros_ws/install/shape_msgs/include/shape_msgs/shape_msgs/msg/detail
[2.493s] -- Up-to-date: /home/abdelrhaman/microros_ws/install/shape_msgs/include/shape_msgs/shape_msgs/msg/detail/mesh_triangle__traits.hpp
[2.493s] -- Up-to-date: /home/abdelrhaman/microros_ws/install/shape_msgs/include/shape_msgs/shape_msgs/msg/detail/mesh_triangle__struct.hpp
[2.493s] -- Up-to-date: /home/abdelrhaman/microros_ws/install/shape_msgs/include/shape_msgs/shape_msgs/msg/detail/plane__traits.hpp
[2.493s] -- Up-to-date: /home/abdelrhaman/microros_ws/install/shape_msgs/include/shape_msgs/shape_msgs/msg/detail/mesh__traits.hpp
[2.493s] -- Up-to-date: /home/abdelrhaman/microros_ws/install/shape_msgs/include/shape_msgs/shape_msgs/msg/detail/solid_primitive__traits.hpp
[2.494s] -- Up-to-date: /home/abdelrhaman/microros_ws/install/shape_msgs/include/shape_msgs/shape_msgs/msg/detail/mesh_triangle__builder.hpp
[2.494s] -- Up-to-date: /home/abdelrhaman/microros_ws/install/shape_msgs/include/shape_msgs/shape_msgs/msg/detail/solid_primitive__struct.hpp
[2.494s] -- Up-to-date: /home/abdelrhaman/microros_ws/install/shape_msgs/include/shape_msgs/shape_msgs/msg/detail/plane__struct.hpp
[2.494s] -- Up-to-date: /home/abdelrhaman/microros_ws/install/shape_msgs/include/shape_msgs/shape_msgs/msg/detail/mesh__builder.hpp
[2.494s] -- Up-to-date: /home/abdelrhaman/microros_ws/install/shape_msgs/include/shape_msgs/shape_msgs/msg/detail/plane__builder.hpp
[2.494s] -- Up-to-date: /home/abdelrhaman/microros_ws/install/shape_msgs/include/shape_msgs/shape_msgs/msg/detail/mesh__struct.hpp
[2.494s] -- Up-to-date: /home/abdelrhaman/microros_ws/install/shape_msgs/include/shape_msgs/shape_msgs/msg/detail/solid_primitive__builder.hpp
[2.494s] -- Up-to-date: /home/abdelrhaman/microros_ws/install/shape_msgs/include/shape_msgs/shape_msgs/msg/mesh.hpp
[2.494s] -- Up-to-date: /home/abdelrhaman/microros_ws/install/shape_msgs/include/shape_msgs/shape_msgs/msg/plane.hpp
[2.494s] -- Up-to-date: /home/abdelrhaman/microros_ws/install/shape_msgs/include/shape_msgs/shape_msgs/msg/mesh_triangle.hpp
[2.494s] -- Up-to-date: /home/abdelrhaman/microros_ws/install/shape_msgs/include/shape_msgs/shape_msgs
[2.494s] -- Up-to-date: /home/abdelrhaman/microros_ws/install/shape_msgs/include/shape_msgs/shape_msgs/msg
[2.495s] -- Up-to-date: /home/abdelrhaman/microros_ws/install/shape_msgs/include/shape_msgs/shape_msgs/msg/detail
[2.495s] -- Up-to-date: /home/abdelrhaman/microros_ws/install/shape_msgs/include/shape_msgs/shape_msgs/msg/detail/plane__rosidl_typesupport_fastrtps_cpp.hpp
[2.495s] -- Up-to-date: /home/abdelrhaman/microros_ws/install/shape_msgs/include/shape_msgs/shape_msgs/msg/detail/mesh_triangle__rosidl_typesupport_fastrtps_cpp.hpp
[2.495s] -- Up-to-date: /home/abdelrhaman/microros_ws/install/shape_msgs/include/shape_msgs/shape_msgs/msg/detail/dds_fastrtps
[2.495s] -- Up-to-date: /home/abdelrhaman/microros_ws/install/shape_msgs/include/shape_msgs/shape_msgs/msg/detail/solid_primitive__rosidl_typesupport_fastrtps_cpp.hpp
[2.495s] -- Up-to-date: /home/abdelrhaman/microros_ws/install/shape_msgs/include/shape_msgs/shape_msgs/msg/detail/mesh__rosidl_typesupport_fastrtps_cpp.hpp
[2.495s] -- Up-to-date: /home/abdelrhaman/microros_ws/install/shape_msgs/include/shape_msgs/shape_msgs/msg/rosidl_typesupport_fastrtps_cpp__visibility_control.h
[2.495s] -- Up-to-date: /home/abdelrhaman/microros_ws/install/shape_msgs/lib/libshape_msgs__rosidl_typesupport_fastrtps_cpp.so
[2.495s] -- Up-to-date: /home/abdelrhaman/microros_ws/install/shape_msgs/include/shape_msgs/shape_msgs
[2.495s] -- Up-to-date: /home/abdelrhaman/microros_ws/install/shape_msgs/include/shape_msgs/shape_msgs/msg
[2.495s] -- Up-to-date: /home/abdelrhaman/microros_ws/install/shape_msgs/include/shape_msgs/shape_msgs/msg/rosidl_typesupport_introspection_c__visibility_control.h
[2.495s] -- Up-to-date: /home/abdelrhaman/microros_ws/install/shape_msgs/include/shape_msgs/shape_msgs/msg/detail
[2.495s] -- Up-to-date: /home/abdelrhaman/microros_ws/install/shape_msgs/include/shape_msgs/shape_msgs/msg/detail/mesh_triangle__rosidl_typesupport_introspection_c.h
[2.496s] -- Up-to-date: /home/abdelrhaman/microros_ws/install/shape_msgs/include/shape_msgs/shape_msgs/msg/detail/plane__type_support.c
[2.496s] -- Up-to-date: /home/abdelrhaman/microros_ws/install/shape_msgs/include/shape_msgs/shape_msgs/msg/detail/mesh__type_support.c
[2.496s] -- Up-to-date: /home/abdelrhaman/microros_ws/install/shape_msgs/include/shape_msgs/shape_msgs/msg/detail/solid_primitive__rosidl_typesupport_introspection_c.h
[2.496s] -- Up-to-date: /home/abdelrhaman/microros_ws/install/shape_msgs/include/shape_msgs/shape_msgs/msg/detail/plane__rosidl_typesupport_introspection_c.h
[2.496s] -- Up-to-date: /home/abdelrhaman/microros_ws/install/shape_msgs/include/shape_msgs/shape_msgs/msg/detail/solid_primitive__type_support.c
[2.496s] -- Up-to-date: /home/abdelrhaman/microros_ws/install/shape_msgs/include/shape_msgs/shape_msgs/msg/detail/mesh__rosidl_typesupport_introspection_c.h
[2.496s] -- Up-to-date: /home/abdelrhaman/microros_ws/install/shape_msgs/include/shape_msgs/shape_msgs/msg/detail/mesh_triangle__type_support.c
[2.496s] -- Up-to-date: /home/abdelrhaman/microros_ws/install/shape_msgs/lib/libshape_msgs__rosidl_typesupport_introspection_c.so
[2.496s] -- Installing: /home/abdelrhaman/microros_ws/install/shape_msgs/lib/libshape_msgs__rosidl_typesupport_c.so
[2.496s] -- Set runtime path of "/home/abdelrhaman/microros_ws/install/shape_msgs/lib/libshape_msgs__rosidl_typesupport_c.so" to ""
[2.496s] -- Up-to-date: /home/abdelrhaman/microros_ws/install/shape_msgs/include/shape_msgs/shape_msgs
[2.496s] -- Up-to-date: /home/abdelrhaman/microros_ws/install/shape_msgs/include/shape_msgs/shape_msgs/msg
[2.497s] -- Up-to-date: /home/abdelrhaman/microros_ws/install/shape_msgs/include/shape_msgs/shape_msgs/msg/detail
[2.497s] -- Up-to-date: /home/abdelrhaman/microros_ws/install/shape_msgs/include/shape_msgs/shape_msgs/msg/detail/solid_primitive__type_support.cpp
[2.497s] -- Up-to-date: /home/abdelrhaman/microros_ws/install/shape_msgs/include/shape_msgs/shape_msgs/msg/detail/plane__rosidl_typesupport_introspection_cpp.hpp
[2.497s] -- Up-to-date: /home/abdelrhaman/microros_ws/install/shape_msgs/include/shape_msgs/shape_msgs/msg/detail/mesh__rosidl_typesupport_introspection_cpp.hpp
[2.497s] -- Up-to-date: /home/abdelrhaman/microros_ws/install/shape_msgs/include/shape_msgs/shape_msgs/msg/detail/mesh__type_support.cpp
[2.497s] -- Up-to-date: /home/abdelrhaman/microros_ws/install/shape_msgs/include/shape_msgs/shape_msgs/msg/detail/plane__type_support.cpp
[2.497s] -- Up-to-date: /home/abdelrhaman/microros_ws/install/shape_msgs/include/shape_msgs/shape_msgs/msg/detail/mesh_triangle__type_support.cpp
[2.497s] -- Up-to-date: /home/abdelrhaman/microros_ws/install/shape_msgs/include/shape_msgs/shape_msgs/msg/detail/solid_primitive__rosidl_typesupport_introspection_cpp.hpp
[2.497s] -- Up-to-date: /home/abdelrhaman/microros_ws/install/shape_msgs/include/shape_msgs/shape_msgs/msg/detail/mesh_triangle__rosidl_typesupport_introspection_cpp.hpp
[2.497s] -- Up-to-date: /home/abdelrhaman/microros_ws/install/shape_msgs/lib/libshape_msgs__rosidl_typesupport_introspection_cpp.so
[2.497s] -- Installing: /home/abdelrhaman/microros_ws/install/shape_msgs/lib/libshape_msgs__rosidl_typesupport_cpp.so
[2.497s] -- Set runtime path of "/home/abdelrhaman/microros_ws/install/shape_msgs/lib/libshape_msgs__rosidl_typesupport_cpp.so" to ""
[2.497s] -- Up-to-date: /home/abdelrhaman/microros_ws/install/shape_msgs/share/shape_msgs/environment/pythonpath.sh
[2.498s] -- Installing: /home/abdelrhaman/microros_ws/install/shape_msgs/share/shape_msgs/environment/pythonpath.dsv
[2.498s] -- Up-to-date: /home/abdelrhaman/microros_ws/install/shape_msgs/local/lib/python3.10/dist-packages/shape_msgs-4.2.4-py3.10.egg-info
[2.498s] -- Installing: /home/abdelrhaman/microros_ws/install/shape_msgs/local/lib/python3.10/dist-packages/shape_msgs-4.2.4-py3.10.egg-info/PKG-INFO
[2.498s] -- Installing: /home/abdelrhaman/microros_ws/install/shape_msgs/local/lib/python3.10/dist-packages/shape_msgs-4.2.4-py3.10.egg-info/SOURCES.txt
[2.498s] -- Installing: /home/abdelrhaman/microros_ws/install/shape_msgs/local/lib/python3.10/dist-packages/shape_msgs-4.2.4-py3.10.egg-info/top_level.txt
[2.498s] -- Installing: /home/abdelrhaman/microros_ws/install/shape_msgs/local/lib/python3.10/dist-packages/shape_msgs-4.2.4-py3.10.egg-info/dependency_links.txt
[2.498s] -- Up-to-date: /home/abdelrhaman/microros_ws/install/shape_msgs/local/lib/python3.10/dist-packages/shape_msgs
[2.498s] -- Up-to-date: /home/abdelrhaman/microros_ws/install/shape_msgs/local/lib/python3.10/dist-packages/shape_msgs/_shape_msgs_s.ep.rosidl_typesupport_fastrtps_c.c
[2.498s] -- Installing: /home/abdelrhaman/microros_ws/install/shape_msgs/local/lib/python3.10/dist-packages/shape_msgs/shape_msgs_s__rosidl_typesupport_introspection_c.cpython-310-x86_64-linux-gnu.so
[2.499s] -- Up-to-date: /home/abdelrhaman/microros_ws/install/shape_msgs/local/lib/python3.10/dist-packages/shape_msgs/_shape_msgs_s.ep.rosidl_typesupport_c.c
[2.499s] -- Installing: /home/abdelrhaman/microros_ws/install/shape_msgs/local/lib/python3.10/dist-packages/shape_msgs/__init__.py
[2.499s] -- Installing: /home/abdelrhaman/microros_ws/install/shape_msgs/local/lib/python3.10/dist-packages/shape_msgs/libshape_msgs__rosidl_generator_py.so
[2.499s] -- Installing: /home/abdelrhaman/microros_ws/install/shape_msgs/local/lib/python3.10/dist-packages/shape_msgs/shape_msgs_s__rosidl_typesupport_fastrtps_c.cpython-310-x86_64-linux-gnu.so
[2.499s] -- Installing: /home/abdelrhaman/microros_ws/install/shape_msgs/local/lib/python3.10/dist-packages/shape_msgs/shape_msgs_s__rosidl_typesupport_c.cpython-310-x86_64-linux-gnu.so
[2.499s] -- Up-to-date: /home/abdelrhaman/microros_ws/install/shape_msgs/local/lib/python3.10/dist-packages/shape_msgs/msg
[2.499s] -- Up-to-date: /home/abdelrhaman/microros_ws/install/shape_msgs/local/lib/python3.10/dist-packages/shape_msgs/msg/_mesh_triangle_s.c
[2.499s] -- Installing: /home/abdelrhaman/microros_ws/install/shape_msgs/local/lib/python3.10/dist-packages/shape_msgs/msg/_mesh_s.c
[2.499s] -- Up-to-date: /home/abdelrhaman/microros_ws/install/shape_msgs/local/lib/python3.10/dist-packages/shape_msgs/msg/_plane_s.c
[2.500s] -- Up-to-date: /home/abdelrhaman/microros_ws/install/shape_msgs/local/lib/python3.10/dist-packages/shape_msgs/msg/_mesh.py
[2.500s] -- Installing: /home/abdelrhaman/microros_ws/install/shape_msgs/local/lib/python3.10/dist-packages/shape_msgs/msg/_plane.py
[2.500s] -- Up-to-date: /home/abdelrhaman/microros_ws/install/shape_msgs/local/lib/python3.10/dist-packages/shape_msgs/msg/__init__.py
[2.500s] -- Up-to-date: /home/abdelrhaman/microros_ws/install/shape_msgs/local/lib/python3.10/dist-packages/shape_msgs/msg/_mesh_triangle.py
[2.500s] -- Up-to-date: /home/abdelrhaman/microros_ws/install/shape_msgs/local/lib/python3.10/dist-packages/shape_msgs/msg/_solid_primitive.py
[2.500s] -- Up-to-date: /home/abdelrhaman/microros_ws/install/shape_msgs/local/lib/python3.10/dist-packages/shape_msgs/msg/_solid_primitive_s.c
[2.500s] -- Up-to-date: /home/abdelrhaman/microros_ws/install/shape_msgs/local/lib/python3.10/dist-packages/shape_msgs/_shape_msgs_s.ep.rosidl_typesupport_introspection_c.c
[2.500s] -- Up-to-date: /home/abdelrhaman/microros_ws/install/shape_msgs/local/lib/python3.10/dist-packages/shape_msgs/_shape_msgs_s.ep.rosidl_typesupport_microxrcedds_c.c
[2.500s] -- Up-to-date: /home/abdelrhaman/microros_ws/install/shape_msgs/local/lib/python3.10/dist-packages/shape_msgs/shape_msgs_s__rosidl_typesupport_microxrcedds_c.cpython-310-x86_64-linux-gnu.so
[2.525s] Listing '/home/abdelrhaman/microros_ws/install/shape_msgs/local/lib/python3.10/dist-packages/shape_msgs'...
[2.525s] Compiling '/home/abdelrhaman/microros_ws/install/shape_msgs/local/lib/python3.10/dist-packages/shape_msgs/__init__.py'...
[2.525s] Listing '/home/abdelrhaman/microros_ws/install/shape_msgs/local/lib/python3.10/dist-packages/shape_msgs/msg'...
[2.525s] Compiling '/home/abdelrhaman/microros_ws/install/shape_msgs/local/lib/python3.10/dist-packages/shape_msgs/msg/_plane.py'...
[2.529s] -- Installing: /home/abdelrhaman/microros_ws/install/shape_msgs/local/lib/python3.10/dist-packages/shape_msgs/shape_msgs_s__rosidl_typesupport_fastrtps_c.cpython-310-x86_64-linux-gnu.so
[2.529s] -- Set runtime path of "/home/abdelrhaman/microros_ws/install/shape_msgs/local/lib/python3.10/dist-packages/shape_msgs/shape_msgs_s__rosidl_typesupport_fastrtps_c.cpython-310-x86_64-linux-gnu.so" to ""
[2.529s] -- Installing: /home/abdelrhaman/microros_ws/install/shape_msgs/local/lib/python3.10/dist-packages/shape_msgs/shape_msgs_s__rosidl_typesupport_introspection_c.cpython-310-x86_64-linux-gnu.so
[2.530s] -- Set runtime path of "/home/abdelrhaman/microros_ws/install/shape_msgs/local/lib/python3.10/dist-packages/shape_msgs/shape_msgs_s__rosidl_typesupport_introspection_c.cpython-310-x86_64-linux-gnu.so" to ""
[2.530s] -- Installing: /home/abdelrhaman/microros_ws/install/shape_msgs/local/lib/python3.10/dist-packages/shape_msgs/shape_msgs_s__rosidl_typesupport_c.cpython-310-x86_64-linux-gnu.so
[2.530s] -- Set runtime path of "/home/abdelrhaman/microros_ws/install/shape_msgs/local/lib/python3.10/dist-packages/shape_msgs/shape_msgs_s__rosidl_typesupport_c.cpython-310-x86_64-linux-gnu.so" to ""
[2.531s] -- Installing: /home/abdelrhaman/microros_ws/install/shape_msgs/lib/libshape_msgs__rosidl_generator_py.so
[2.532s] -- Set runtime path of "/home/abdelrhaman/microros_ws/install/shape_msgs/lib/libshape_msgs__rosidl_generator_py.so" to ""
[2.533s] -- Up-to-date: /home/abdelrhaman/microros_ws/install/shape_msgs/share/shape_msgs/msg/Mesh.idl
[2.533s] -- Up-to-date: /home/abdelrhaman/microros_ws/install/shape_msgs/share/shape_msgs/msg/MeshTriangle.idl
[2.533s] -- Up-to-date: /home/abdelrhaman/microros_ws/install/shape_msgs/share/shape_msgs/msg/Plane.idl
[2.533s] -- Up-to-date: /home/abdelrhaman/microros_ws/install/shape_msgs/share/shape_msgs/msg/SolidPrimitive.idl
[2.533s] -- Up-to-date: /home/abdelrhaman/microros_ws/install/shape_msgs/share/shape_msgs/msg/Mesh.msg
[2.533s] -- Up-to-date: /home/abdelrhaman/microros_ws/install/shape_msgs/share/shape_msgs/msg/MeshTriangle.msg
[2.533s] -- Up-to-date: /home/abdelrhaman/microros_ws/install/shape_msgs/share/shape_msgs/msg/Plane.msg
[2.533s] -- Up-to-date: /home/abdelrhaman/microros_ws/install/shape_msgs/share/shape_msgs/msg/SolidPrimitive.msg
[2.533s] -- Up-to-date: /home/abdelrhaman/microros_ws/install/shape_msgs/share/ament_index/resource_index/package_run_dependencies/shape_msgs
[2.533s] -- Installing: /home/abdelrhaman/microros_ws/install/shape_msgs/share/ament_index/resource_index/parent_prefix_path/shape_msgs
[2.533s] -- Up-to-date: /home/abdelrhaman/microros_ws/install/shape_msgs/share/shape_msgs/environment/ament_prefix_path.sh
[2.533s] -- Installing: /home/abdelrhaman/microros_ws/install/shape_msgs/share/shape_msgs/environment/ament_prefix_path.dsv
[2.533s] -- Up-to-date: /home/abdelrhaman/microros_ws/install/shape_msgs/share/shape_msgs/environment/path.sh
[2.533s] -- Installing: /home/abdelrhaman/microros_ws/install/shape_msgs/share/shape_msgs/environment/path.dsv
[2.533s] -- Up-to-date: /home/abdelrhaman/microros_ws/install/shape_msgs/share/shape_msgs/local_setup.bash
[2.533s] -- Up-to-date: /home/abdelrhaman/microros_ws/install/shape_msgs/share/shape_msgs/local_setup.sh
[2.533s] -- Up-to-date: /home/abdelrhaman/microros_ws/install/shape_msgs/share/shape_msgs/local_setup.zsh
[2.533s] -- Installing: /home/abdelrhaman/microros_ws/install/shape_msgs/share/shape_msgs/local_setup.dsv
[2.533s] -- Installing: /home/abdelrhaman/microros_ws/install/shape_msgs/share/shape_msgs/package.dsv
[2.534s] -- Up-to-date: /home/abdelrhaman/microros_ws/install/shape_msgs/share/ament_index/resource_index/packages/shape_msgs
[2.534s] -- Up-to-date: /home/abdelrhaman/microros_ws/install/shape_msgs/share/shape_msgs/cmake/export_shape_msgs__rosidl_generator_cExport.cmake
[2.534s] -- Up-to-date: /home/abdelrhaman/microros_ws/install/shape_msgs/share/shape_msgs/cmake/export_shape_msgs__rosidl_generator_cExport-noconfig.cmake
[2.534s] -- Up-to-date: /home/abdelrhaman/microros_ws/install/shape_msgs/share/shape_msgs/cmake/export_shape_msgs__rosidl_typesupport_fastrtps_cExport.cmake
[2.534s] -- Up-to-date: /home/abdelrhaman/microros_ws/install/shape_msgs/share/shape_msgs/cmake/export_shape_msgs__rosidl_typesupport_fastrtps_cExport-noconfig.cmake
[2.534s] -- Up-to-date: /home/abdelrhaman/microros_ws/install/shape_msgs/share/shape_msgs/cmake/export_shape_msgs__rosidl_generator_cppExport.cmake
[2.534s] -- Up-to-date: /home/abdelrhaman/microros_ws/install/shape_msgs/share/shape_msgs/cmake/export_shape_msgs__rosidl_typesupport_fastrtps_cppExport.cmake
[2.534s] -- Up-to-date: /home/abdelrhaman/microros_ws/install/shape_msgs/share/shape_msgs/cmake/export_shape_msgs__rosidl_typesupport_fastrtps_cppExport-noconfig.cmake
[2.535s] -- Up-to-date: /home/abdelrhaman/microros_ws/install/shape_msgs/share/shape_msgs/cmake/shape_msgs__rosidl_typesupport_introspection_cExport.cmake
[2.535s] -- Up-to-date: /home/abdelrhaman/microros_ws/install/shape_msgs/share/shape_msgs/cmake/shape_msgs__rosidl_typesupport_introspection_cExport-noconfig.cmake
[2.535s] -- Up-to-date: /home/abdelrhaman/microros_ws/install/shape_msgs/share/shape_msgs/cmake/shape_msgs__rosidl_typesupport_cExport.cmake
[2.535s] -- Up-to-date: /home/abdelrhaman/microros_ws/install/shape_msgs/share/shape_msgs/cmake/shape_msgs__rosidl_typesupport_cExport-noconfig.cmake
[2.535s] -- Up-to-date: /home/abdelrhaman/microros_ws/install/shape_msgs/share/shape_msgs/cmake/shape_msgs__rosidl_typesupport_introspection_cppExport.cmake
[2.535s] -- Up-to-date: /home/abdelrhaman/microros_ws/install/shape_msgs/share/shape_msgs/cmake/shape_msgs__rosidl_typesupport_introspection_cppExport-noconfig.cmake
[2.536s] -- Up-to-date: /home/abdelrhaman/microros_ws/install/shape_msgs/share/shape_msgs/cmake/shape_msgs__rosidl_typesupport_cppExport.cmake
[2.536s] -- Up-to-date: /home/abdelrhaman/microros_ws/install/shape_msgs/share/shape_msgs/cmake/shape_msgs__rosidl_typesupport_cppExport-noconfig.cmake
[2.536s] -- Up-to-date: /home/abdelrhaman/microros_ws/install/shape_msgs/share/shape_msgs/cmake/export_shape_msgs__rosidl_generator_pyExport.cmake
[2.536s] -- Up-to-date: /home/abdelrhaman/microros_ws/install/shape_msgs/share/shape_msgs/cmake/export_shape_msgs__rosidl_generator_pyExport-noconfig.cmake
[2.536s] -- Up-to-date: /home/abdelrhaman/microros_ws/install/shape_msgs/share/shape_msgs/cmake/rosidl_cmake-extras.cmake
[2.536s] -- Up-to-date: /home/abdelrhaman/microros_ws/install/shape_msgs/share/shape_msgs/cmake/ament_cmake_export_dependencies-extras.cmake
[2.536s] -- Installing: /home/abdelrhaman/microros_ws/install/shape_msgs/share/shape_msgs/cmake/ament_cmake_export_include_directories-extras.cmake
[2.536s] -- Up-to-date: /home/abdelrhaman/microros_ws/install/shape_msgs/share/shape_msgs/cmake/ament_cmake_export_libraries-extras.cmake
[2.536s] -- Up-to-date: /home/abdelrhaman/microros_ws/install/shape_msgs/share/shape_msgs/cmake/ament_cmake_export_targets-extras.cmake
[2.536s] -- Up-to-date: /home/abdelrhaman/microros_ws/install/shape_msgs/share/shape_msgs/cmake/rosidl_cmake_export_typesupport_targets-extras.cmake
[2.536s] -- Installing: /home/abdelrhaman/microros_ws/install/shape_msgs/share/shape_msgs/cmake/rosidl_cmake_export_typesupport_libraries-extras.cmake
[2.537s] -- Up-to-date: /home/abdelrhaman/microros_ws/install/shape_msgs/share/shape_msgs/cmake/shape_msgsConfig.cmake
[2.537s] -- Up-to-date: /home/abdelrhaman/microros_ws/install/shape_msgs/share/shape_msgs/cmake/shape_msgsConfig-version.cmake
[2.537s] -- Up-to-date: /home/abdelrhaman/microros_ws/install/shape_msgs/share/shape_msgs/package.xml
[2.542s] Invoked command in '/home/abdelrhaman/microros_ws/build/shape_msgs' returned '0': AMENT_PREFIX_PATH=/home/abdelrhaman/microros_ws/install/geometry_msgs:/home/abdelrhaman/microros_ws/install/std_msgs:/home/abdelrhaman/microros_ws/install/builtin_interfaces:${AMENT_PREFIX_PATH} CMAKE_PREFIX_PATH=/home/abdelrhaman/microros_ws/install/geometry_msgs:/home/abdelrhaman/microros_ws/install/std_msgs:/home/abdelrhaman/microros_ws/install/builtin_interfaces:/home/abdelrhaman/ros/install/my_robot_controller:/opt/ros/humble LD_LIBRARY_PATH=/home/abdelrhaman/microros_ws/install/geometry_msgs/lib:/home/abdelrhaman/microros_ws/install/std_msgs/lib:/home/abdelrhaman/microros_ws/install/builtin_interfaces/lib:${LD_LIBRARY_PATH} PYTHONPATH=/home/abdelrhaman/microros_ws/install/geometry_msgs/local/lib/python3.10/dist-packages:/home/abdelrhaman/microros_ws/install/std_msgs/local/lib/python3.10/dist-packages:/home/abdelrhaman/microros_ws/install/builtin_interfaces/local/lib/python3.10/dist-packages:${PYTHONPATH} /usr/bin/cmake --install /home/abdelrhaman/microros_ws/build/shape_msgs
